2022-11-07 10:11:50.604  INFO 19096 --- [main] com.example.demo.DemoApplication         : Starting DemoApplication using Java 1.8.0_333 on DESKTOP-H8CKLR2 with PID 19096 (D:\myjava\hesuanadmin\target\classes started by Administrator in D:\myjava\hesuanadmin)
2022-11-07 10:11:50.609  INFO 19096 --- [main] com.example.demo.DemoApplication         : The following 1 profile is active: "dev"
2022-11-07 10:11:54.165  INFO 19096 --- [main] com.example.demo.DemoApplication         : Started DemoApplication in 3.931 seconds (JVM running for 5.523)
2022-11-07 10:12:41.812  INFO 19096 --- [http-nio-8002-exec-2] c.e.d.controller.system.UsersController  : dddddddddddddddddddddddd
2022-11-07 13:28:57.799  INFO 21604 --- [main] com.example.demo.DemoApplication         : Starting DemoApplication using Java 1.8.0_333 on DESKTOP-H8CKLR2 with PID 21604 (D:\myjava\hesuanadmin\target\classes started by Administrator in D:\myjava\hesuanadmin)
2022-11-07 13:28:57.802  INFO 21604 --- [main] com.example.demo.DemoApplication         : The following 1 profile is active: "dev"
2022-11-07 13:29:01.708  INFO 21604 --- [main] com.example.demo.DemoApplication         : Started DemoApplication in 4.754 seconds (JVM running for 5.993)
2022-11-07 13:30:04.307  INFO 21604 --- [http-nio-8002-exec-1] c.e.demo.interceptor.TokenInterceptor    : sssssssssssssss null
2022-11-07 13:30:07.368  INFO 21604 --- [http-nio-8002-exec-2] c.e.demo.interceptor.TokenInterceptor    : sssssssssssssss null
2022-11-07 13:30:07.413  INFO 21604 --- [http-nio-8002-exec-3] c.e.demo.interceptor.TokenInterceptor    : sssssssssssssss null
2022-11-07 13:30:07.734  INFO 21604 --- [http-nio-8002-exec-4] c.e.demo.interceptor.TokenInterceptor    : sssssssssssssss null
2022-11-07 13:33:07.580  INFO 21604 --- [http-nio-8002-exec-6] c.e.demo.interceptor.TokenInterceptor    : sssssssssssssss null
2022-11-07 13:33:08.669  INFO 21604 --- [http-nio-8002-exec-7] c.e.demo.interceptor.TokenInterceptor    : sssssssssssssss null
2022-11-07 13:33:08.694  INFO 21604 --- [http-nio-8002-exec-8] c.e.demo.interceptor.TokenInterceptor    : sssssssssssssss null
2022-11-07 13:33:08.948  INFO 21604 --- [http-nio-8002-exec-9] c.e.demo.interceptor.TokenInterceptor    : sssssssssssssss null
2022-11-07 13:49:38.649  INFO 17792 --- [main] com.example.demo.DemoApplication         : Starting DemoApplication using Java 1.8.0_333 on DESKTOP-H8CKLR2 with PID 17792 (D:\myjava\hesuanadmin\target\classes started by Administrator in D:\myjava\hesuanadmin)
2022-11-07 13:49:38.652  INFO 17792 --- [main] com.example.demo.DemoApplication         : The following 1 profile is active: "dev"
2022-11-07 13:49:41.951  INFO 17792 --- [main] com.example.demo.DemoApplication         : Started DemoApplication in 3.641 seconds (JVM running for 4.686)
2022-11-07 16:18:18.051  INFO 10060 --- [main] com.example.demo.DemoApplication         : Starting DemoApplication using Java 1.8.0_333 on DESKTOP-H8CKLR2 with PID 10060 (D:\myjava\hesuanadmin\target\classes started by Administrator in D:\myjava\hesuanadmin)
2022-11-07 16:18:18.054  INFO 10060 --- [main] com.example.demo.DemoApplication         : The following 1 profile is active: "dev"
2022-11-07 16:18:21.571  INFO 10060 --- [main] com.example.demo.DemoApplication         : Started DemoApplication in 3.887 seconds (JVM running for 5.045)
2022-11-07 16:27:28.103  INFO 3316 --- [main] com.example.demo.DemoApplication         : Starting DemoApplication using Java 1.8.0_333 on DESKTOP-H8CKLR2 with PID 3316 (D:\myjava\hesuanadmin\target\classes started by Administrator in D:\myjava\hesuanadmin)
2022-11-07 16:27:28.105  INFO 3316 --- [main] com.example.demo.DemoApplication         : The following 1 profile is active: "dev"
2022-11-07 16:27:31.448  INFO 3316 --- [main] com.example.demo.DemoApplication         : Started DemoApplication in 3.759 seconds (JVM running for 5.134)
2022-11-07 16:28:52.151  INFO 22932 --- [main] com.example.demo.DemoApplication         : Starting DemoApplication using Java 1.8.0_333 on DESKTOP-H8CKLR2 with PID 22932 (D:\myjava\hesuanadmin\target\classes started by Administrator in D:\myjava\hesuanadmin)
2022-11-07 16:28:52.154  INFO 22932 --- [main] com.example.demo.DemoApplication         : The following 1 profile is active: "dev"
2022-11-07 16:28:55.481  INFO 22932 --- [main] com.example.demo.DemoApplication         : Started DemoApplication in 3.713 seconds (JVM running for 4.705)
2022-11-07 16:29:58.952  INFO 15592 --- [main] com.example.demo.DemoApplication         : Starting DemoApplication using Java 1.8.0_333 on DESKTOP-H8CKLR2 with PID 15592 (D:\myjava\hesuanadmin\target\classes started by Administrator in D:\myjava\hesuanadmin)
2022-11-07 16:29:58.954  INFO 15592 --- [main] com.example.demo.DemoApplication         : The following 1 profile is active: "dev"
2022-11-07 16:30:02.251  INFO 15592 --- [main] com.example.demo.DemoApplication         : Started DemoApplication in 3.646 seconds (JVM running for 4.906)
2022-11-07 16:34:19.713  INFO 14188 --- [main] com.example.demo.DemoApplication         : Starting DemoApplication using Java 1.8.0_333 on DESKTOP-H8CKLR2 with PID 14188 (D:\myjava\hesuanadmin\target\classes started by Administrator in D:\myjava\hesuanadmin)
2022-11-07 16:34:19.715  INFO 14188 --- [main] com.example.demo.DemoApplication         : The following 1 profile is active: "dev"
2022-11-07 16:34:22.984  INFO 14188 --- [main] com.example.demo.DemoApplication         : Started DemoApplication in 3.66 seconds (JVM running for 4.768)
2022-11-07 16:35:20.716  INFO 15012 --- [main] com.example.demo.DemoApplication         : Starting DemoApplication using Java 1.8.0_333 on DESKTOP-H8CKLR2 with PID 15012 (D:\myjava\hesuanadmin\target\classes started by Administrator in D:\myjava\hesuanadmin)
2022-11-07 16:35:20.718  INFO 15012 --- [main] com.example.demo.DemoApplication         : The following 1 profile is active: "dev"
2022-11-07 16:35:23.978  INFO 15012 --- [main] com.example.demo.DemoApplication         : Started DemoApplication in 3.607 seconds (JVM running for 4.739)
2022-11-07 19:05:27.725  INFO 17532 --- [main] com.example.demo.DemoApplication         : Starting DemoApplication using Java 1.8.0_333 on DESKTOP-H8CKLR2 with PID 17532 (D:\myjava\hesuanadmin\target\classes started by Administrator in D:\myjava\hesuanadmin)
2022-11-07 19:05:27.728  INFO 17532 --- [main] com.example.demo.DemoApplication         : The following 1 profile is active: "dev"
2022-11-07 19:05:31.975  INFO 17532 --- [main] com.example.demo.DemoApplication         : Started DemoApplication in 4.712 seconds (JVM running for 6.251)
2022-11-07 19:30:46.358  INFO 10396 --- [main] com.example.demo.DemoApplication         : Starting DemoApplication using Java 1.8.0_333 on DESKTOP-H8CKLR2 with PID 10396 (D:\myjava\hesuanadmin\target\classes started by Administrator in D:\myjava\hesuanadmin)
2022-11-07 19:30:46.360  INFO 10396 --- [main] com.example.demo.DemoApplication         : The following 1 profile is active: "dev"
2022-11-07 19:30:49.548  INFO 10396 --- [main] com.example.demo.DemoApplication         : Started DemoApplication in 3.527 seconds (JVM running for 4.631)
2022-11-07 19:36:25.864  INFO 11912 --- [main] com.example.demo.DemoApplication         : Starting DemoApplication using Java 1.8.0_333 on DESKTOP-H8CKLR2 with PID 11912 (D:\myjava\hesuanadmin\target\classes started by Administrator in D:\myjava\hesuanadmin)
2022-11-07 19:36:25.866  INFO 11912 --- [main] com.example.demo.DemoApplication         : The following 1 profile is active: "dev"
2022-11-07 19:36:29.111  INFO 11912 --- [main] com.example.demo.DemoApplication         : Started DemoApplication in 3.568 seconds (JVM running for 4.631)
2022-11-07 19:41:00.262  INFO 4332 --- [main] com.example.demo.DemoApplication         : Starting DemoApplication using Java 1.8.0_333 on DESKTOP-H8CKLR2 with PID 4332 (D:\myjava\hesuanadmin\target\classes started by Administrator in D:\myjava\hesuanadmin)
2022-11-07 19:41:00.266  INFO 4332 --- [main] com.example.demo.DemoApplication         : The following 1 profile is active: "dev"
2022-11-07 19:41:05.876  INFO 4332 --- [main] com.example.demo.DemoApplication         : Started DemoApplication in 6.183 seconds (JVM running for 7.429)
2022-11-07 19:55:54.474  INFO 26604 --- [main] com.example.demo.DemoApplication         : Starting DemoApplication using Java 1.8.0_333 on DESKTOP-H8CKLR2 with PID 26604 (D:\myjava\hesuanadmin\target\classes started by Administrator in D:\myjava\hesuanadmin)
2022-11-07 19:55:54.477  INFO 26604 --- [main] com.example.demo.DemoApplication         : The following 1 profile is active: "dev"
2022-11-07 19:55:58.091  INFO 26604 --- [main] com.example.demo.DemoApplication         : Started DemoApplication in 4.018 seconds (JVM running for 6.012)
2022-11-07 20:08:39.293  INFO 13680 --- [main] com.example.demo.DemoApplication         : Starting DemoApplication using Java 1.8.0_333 on DESKTOP-H8CKLR2 with PID 13680 (D:\myjava\hesuanadmin\target\classes started by Administrator in D:\myjava\hesuanadmin)
2022-11-07 20:08:39.295  INFO 13680 --- [main] com.example.demo.DemoApplication         : The following 1 profile is active: "dev"
2022-11-07 20:08:42.536  INFO 13680 --- [main] com.example.demo.DemoApplication         : Started DemoApplication in 3.591 seconds (JVM running for 4.455)
2022-11-07 20:08:59.159  INFO 4812 --- [main] com.example.demo.DemoApplication         : Starting DemoApplication using Java 1.8.0_333 on DESKTOP-H8CKLR2 with PID 4812 (D:\myjava\hesuanadmin\target\classes started by Administrator in D:\myjava\hesuanadmin)
2022-11-07 20:08:59.161  INFO 4812 --- [main] com.example.demo.DemoApplication         : The following 1 profile is active: "dev"
2022-11-07 20:09:02.367  INFO 4812 --- [main] com.example.demo.DemoApplication         : Started DemoApplication in 3.537 seconds (JVM running for 4.66)
2022-11-07 20:12:13.894  INFO 1688 --- [main] com.example.demo.DemoApplication         : Starting DemoApplication using Java 1.8.0_333 on DESKTOP-H8CKLR2 with PID 1688 (D:\myjava\hesuanadmin\target\classes started by Administrator in D:\myjava\hesuanadmin)
2022-11-07 20:12:13.899  INFO 1688 --- [main] com.example.demo.DemoApplication         : The following 1 profile is active: "dev"
2022-11-07 20:12:19.206  INFO 1688 --- [main] com.example.demo.DemoApplication         : Started DemoApplication in 5.904 seconds (JVM running for 8.06)
