[06/Sep/2022:09:30:25 +0800] 0:0:0:0:0:0:0:1 "GET /budget/import HTTP/1.1" 500 (120 ms)
[06/Sep/2022:09:30:25 +0800] 0:0:0:0:0:0:0:1 "GET /favicon.ico HTTP/1.1" 404 (104 ms)
[06/Sep/2022:09:34:51 +0800] 0:0:0:0:0:0:0:1 "GET /budget/import HTTP/1.1" 500 (104 ms)
[06/Sep/2022:09:36:17 +0800] 0:0:0:0:0:0:0:1 "GET /budget/import HTTP/1.1" 500 (123 ms)
[06/Sep/2022:09:38:38 +0800] 0:0:0:0:0:0:0:1 "GET /budget/import HTTP/1.1" 500 (563 ms)
[06/Sep/2022:09:43:59 +0800] 0:0:0:0:0:0:0:1 "GET /budget/import HTTP/1.1" 500 (465 ms)
[06/Sep/2022:09:53:30 +0800] 0:0:0:0:0:0:0:1 "GET /budget/import HTTP/1.1" 500 (468 ms)
[06/Sep/2022:09:57:45 +0800] 0:0:0:0:0:0:0:1 "GET /budget/import HTTP/1.1" 500 (531 ms)
[06/Sep/2022:10:01:39 +0800] 0:0:0:0:0:0:0:1 "GET /budget/import HTTP/1.1" 200 (652 ms)
[06/Sep/2022:10:03:01 +0800] 0:0:0:0:0:0:0:1 "GET /budget/import HTTP/1.1" 200 (18947 ms)
[06/Sep/2022:10:04:16 +0800] 0:0:0:0:0:0:0:1 "GET /budget/import HTTP/1.1" 200 (578 ms)
[06/Sep/2022:10:07:25 +0800] 0:0:0:0:0:0:0:1 "GET /budget/import HTTP/1.1" 200 (582 ms)
[06/Sep/2022:10:10:52 +0800] 0:0:0:0:0:0:0:1 "GET /budget/import HTTP/1.1" 200 (126825 ms)
[06/Sep/2022:10:12:35 +0800] 0:0:0:0:0:0:0:1 "GET /budget/import HTTP/1.1" 200 (577 ms)
[06/Sep/2022:10:15:03 +0800] 0:0:0:0:0:0:0:1 "GET /budget/import HTTP/1.1" 200 (580 ms)
[06/Sep/2022:11:17:54 +0800] 0:0:0:0:0:0:0:1 "GET /budget/import HTTP/1.1" 500 (565 ms)
[06/Sep/2022:11:19:08 +0800] 0:0:0:0:0:0:0:1 "GET /budget/import HTTP/1.1" 500 (540 ms)
[06/Sep/2022:11:20:03 +0800] 0:0:0:0:0:0:0:1 "GET /budget/import HTTP/1.1" 500 (562 ms)
[06/Sep/2022:11:21:03 +0800] 0:0:0:0:0:0:0:1 "GET /budget/import HTTP/1.1" 200 (629 ms)
[06/Sep/2022:11:22:09 +0800] 0:0:0:0:0:0:0:1 "GET /budget/import HTTP/1.1" 200 (615 ms)
[06/Sep/2022:11:23:16 +0800] 0:0:0:0:0:0:0:1 "GET /budget/import HTTP/1.1" 200 (573 ms)
[06/Sep/2022:11:42:06 +0800] 0:0:0:0:0:0:0:1 "GET /budget/import HTTP/1.1" 200 (581 ms)
[06/Sep/2022:11:47:56 +0800] 0:0:0:0:0:0:0:1 "GET /budget/import HTTP/1.1" 200 (599 ms)
[06/Sep/2022:11:50:27 +0800] 0:0:0:0:0:0:0:1 "GET /budget/import HTTP/1.1" 200 (601 ms)
[06/Sep/2022:11:54:26 +0800] 0:0:0:0:0:0:0:1 "GET /budget/import HTTP/1.1" 200 (585 ms)
[06/Sep/2022:11:56:26 +0800] 0:0:0:0:0:0:0:1 "GET /budget/import HTTP/1.1" 200 (625 ms)
[06/Sep/2022:12:46:27 +0800] 0:0:0:0:0:0:0:1 "GET /budget/import HTTP/1.1" 500 (117 ms)
[06/Sep/2022:12:47:17 +0800] 127.0.0.1 "GET /budget/import HTTP/1.1" 200 (624 ms)
[06/Sep/2022:13:14:08 +0800] 0:0:0:0:0:0:0:1 "GET /budget/import HTTP/1.1" 200 (586 ms)
[06/Sep/2022:13:16:15 +0800] 0:0:0:0:0:0:0:1 "GET /budget/import HTTP/1.1" 200 (685 ms)
[06/Sep/2022:13:18:31 +0800] 0:0:0:0:0:0:0:1 "GET /budget/import HTTP/1.1" 200 (725 ms)
[06/Sep/2022:14:54:09 +0800] 0:0:0:0:0:0:0:1 "POST /system/token HTTP/1.1" 200 (123 ms)
[06/Sep/2022:14:54:09 +0800] 0:0:0:0:0:0:0:1 "GET /system/menu HTTP/1.1" 200 (70 ms)
[06/Sep/2022:14:54:10 +0800] 0:0:0:0:0:0:0:1 "GET /project/fetch HTTP/1.1" 200 (1139 ms)
[06/Sep/2022:14:54:15 +0800] 0:0:0:0:0:0:0:1 "GET /construction/fetch HTTP/1.1" 200 (125 ms)
[06/Sep/2022:15:02:43 +0800] 0:0:0:0:0:0:0:1 "GET /construction/fetch HTTP/1.1" 200 (29 ms)
[06/Sep/2022:15:02:52 +0800] 0:0:0:0:0:0:0:1 "GET /project/fetch HTTP/1.1" 200 (22 ms)
[06/Sep/2022:15:02:59 +0800] 0:0:0:0:0:0:0:1 "GET /construction/fetch HTTP/1.1" 200 (11 ms)
[06/Sep/2022:15:05:16 +0800] 0:0:0:0:0:0:0:1 "GET /construction/fetch HTTP/1.1" 200 (20 ms)
[06/Sep/2022:15:05:16 +0800] 0:0:0:0:0:0:0:1 "GET /construction/fetch HTTP/1.1" 200 (12 ms)
[06/Sep/2022:15:05:32 +0800] 0:0:0:0:0:0:0:1 "GET /construction/fetch HTTP/1.1" 200 (21 ms)
[06/Sep/2022:15:05:32 +0800] 0:0:0:0:0:0:0:1 "GET /construction/fetch HTTP/1.1" 200 (15 ms)
[06/Sep/2022:15:09:10 +0800] 0:0:0:0:0:0:0:1 "GET /construction/fetch HTTP/1.1" 200 (20 ms)
[06/Sep/2022:15:09:10 +0800] 0:0:0:0:0:0:0:1 "GET /construction/fetch HTTP/1.1" 200 (11 ms)
[06/Sep/2022:15:09:19 +0800] 0:0:0:0:0:0:0:1 "GET /construction/fetch HTTP/1.1" 200 (17 ms)
[06/Sep/2022:15:09:19 +0800] 0:0:0:0:0:0:0:1 "GET /construction/fetch HTTP/1.1" 200 (12 ms)
[06/Sep/2022:15:11:07 +0800] 0:0:0:0:0:0:0:1 "GET /construction/fetch HTTP/1.1" 200 (18 ms)
[06/Sep/2022:15:11:07 +0800] 0:0:0:0:0:0:0:1 "GET /construction/fetch HTTP/1.1" 200 (11 ms)
[06/Sep/2022:15:11:25 +0800] 0:0:0:0:0:0:0:1 "GET /construction/fetch HTTP/1.1" 200 (20 ms)
[06/Sep/2022:15:11:25 +0800] 0:0:0:0:0:0:0:1 "GET /construction/fetch HTTP/1.1" 200 (14 ms)
[06/Sep/2022:15:11:41 +0800] 0:0:0:0:0:0:0:1 "GET /construction/fetch HTTP/1.1" 200 (16 ms)
[06/Sep/2022:15:11:42 +0800] 0:0:0:0:0:0:0:1 "GET /construction/fetch HTTP/1.1" 200 (10 ms)
[06/Sep/2022:15:21:33 +0800] 0:0:0:0:0:0:0:1 "GET /construction/fetch HTTP/1.1" 200 (1156 ms)
[06/Sep/2022:15:22:01 +0800] 0:0:0:0:0:0:0:1 "GET /project/fetch HTTP/1.1" 200 (44 ms)
[06/Sep/2022:15:22:08 +0800] 0:0:0:0:0:0:0:1 "GET /construction/fetch HTTP/1.1" 200 (12 ms)
[06/Sep/2022:15:22:10 +0800] 0:0:0:0:0:0:0:1 "GET /construction/fetch HTTP/1.1" 200 (14 ms)
[06/Sep/2022:15:22:45 +0800] 0:0:0:0:0:0:0:1 "OPTIONS /construction/push HTTP/1.1" 200 (6 ms)
[06/Sep/2022:15:22:46 +0800] 0:0:0:0:0:0:0:1 "POST /construction/push HTTP/1.1" 200 (400 ms)
[06/Sep/2022:15:22:46 +0800] 0:0:0:0:0:0:0:1 "GET /construction/fetch HTTP/1.1" 200 (12 ms)
[06/Sep/2022:15:23:01 +0800] 0:0:0:0:0:0:0:1 "POST /construction/push HTTP/1.1" 200 (301 ms)
[06/Sep/2022:15:23:01 +0800] 0:0:0:0:0:0:0:1 "GET /construction/fetch HTTP/1.1" 200 (13 ms)
[06/Sep/2022:15:23:06 +0800] 0:0:0:0:0:0:0:1 "GET /construction/fetch HTTP/1.1" 200 (15 ms)
[06/Sep/2022:15:23:09 +0800] 0:0:0:0:0:0:0:1 "GET /construction/fetch?page=2 HTTP/1.1" 200 (14 ms)
[06/Sep/2022:15:23:17 +0800] 0:0:0:0:0:0:0:1 "GET /construction/fetch?page=1 HTTP/1.1" 200 (9 ms)
[06/Sep/2022:15:23:37 +0800] 0:0:0:0:0:0:0:1 "POST /construction/push HTTP/1.1" 200 (349 ms)
[06/Sep/2022:15:23:37 +0800] 0:0:0:0:0:0:0:1 "GET /construction/fetch?page=1 HTTP/1.1" 200 (16 ms)
[06/Sep/2022:15:24:51 +0800] 0:0:0:0:0:0:0:1 "GET /construction/fetch HTTP/1.1" 200 (1009 ms)
[06/Sep/2022:15:26:04 +0800] 0:0:0:0:0:0:0:1 "GET /construction/fetch HTTP/1.1" 200 (1119 ms)
[06/Sep/2022:15:26:19 +0800] 0:0:0:0:0:0:0:1 "POST /construction/push HTTP/1.1" 200 (174 ms)
[06/Sep/2022:15:26:19 +0800] 0:0:0:0:0:0:0:1 "GET /construction/fetch HTTP/1.1" 200 (13 ms)
[06/Sep/2022:15:32:50 +0800] 0:0:0:0:0:0:0:1 "GET /construction/fetch HTTP/1.1" 200 (37 ms)
[06/Sep/2022:15:32:50 +0800] 0:0:0:0:0:0:0:1 "GET /construction/fetch HTTP/1.1" 200 (24 ms)
[06/Sep/2022:15:32:50 +0800] 0:0:0:0:0:0:0:1 "GET /construction/fetch HTTP/1.1" 200 (16 ms)
[06/Sep/2022:15:33:13 +0800] 0:0:0:0:0:0:0:1 "GET /construction/fetch HTTP/1.1" 200 (18 ms)
[06/Sep/2022:15:33:13 +0800] 0:0:0:0:0:0:0:1 "GET /construction/fetch HTTP/1.1" 200 (16 ms)
[06/Sep/2022:15:33:13 +0800] 0:0:0:0:0:0:0:1 "GET /construction/fetch HTTP/1.1" 200 (24 ms)
[06/Sep/2022:15:34:20 +0800] 0:0:0:0:0:0:0:1 "GET /construction/fetch HTTP/1.1" 200 (31 ms)
[06/Sep/2022:15:34:20 +0800] 0:0:0:0:0:0:0:1 "GET /construction/fetch HTTP/1.1" 200 (23 ms)
[06/Sep/2022:15:34:20 +0800] 0:0:0:0:0:0:0:1 "GET /construction/fetch HTTP/1.1" 200 (17 ms)
[06/Sep/2022:15:37:06 +0800] 0:0:0:0:0:0:0:1 "GET /construction/fetch HTTP/1.1" 200 (35 ms)
[06/Sep/2022:15:37:06 +0800] 0:0:0:0:0:0:0:1 "GET /construction/fetch HTTP/1.1" 200 (15 ms)
[06/Sep/2022:15:37:06 +0800] 0:0:0:0:0:0:0:1 "GET /construction/fetch HTTP/1.1" 200 (17 ms)
[06/Sep/2022:15:37:45 +0800] 0:0:0:0:0:0:0:1 "GET /construction/fetch HTTP/1.1" 200 (17 ms)
[06/Sep/2022:15:37:45 +0800] 0:0:0:0:0:0:0:1 "GET /construction/fetch HTTP/1.1" 200 (24 ms)
[06/Sep/2022:15:37:45 +0800] 0:0:0:0:0:0:0:1 "GET /construction/fetch HTTP/1.1" 200 (14 ms)
[06/Sep/2022:15:38:49 +0800] 0:0:0:0:0:0:0:1 "GET /construction/fetch HTTP/1.1" 200 (22 ms)
[06/Sep/2022:15:38:49 +0800] 0:0:0:0:0:0:0:1 "GET /construction/fetch HTTP/1.1" 200 (12 ms)
[06/Sep/2022:15:38:49 +0800] 0:0:0:0:0:0:0:1 "GET /construction/fetch HTTP/1.1" 200 (17 ms)
[06/Sep/2022:15:41:42 +0800] 0:0:0:0:0:0:0:1 "GET /construction/fetch HTTP/1.1" 200 (31 ms)
[06/Sep/2022:15:41:42 +0800] 0:0:0:0:0:0:0:1 "GET /construction/fetch HTTP/1.1" 200 (14 ms)
[06/Sep/2022:15:41:42 +0800] 0:0:0:0:0:0:0:1 "GET /construction/fetch HTTP/1.1" 200 (9 ms)
[06/Sep/2022:19:52:04 +0800] 0:0:0:0:0:0:0:1 "POST /system/token HTTP/1.1" 200 (127 ms)
[06/Sep/2022:19:52:04 +0800] 0:0:0:0:0:0:0:1 "GET /system/menu HTTP/1.1" 200 (76 ms)
[06/Sep/2022:19:52:06 +0800] 0:0:0:0:0:0:0:1 "GET /project/fetch HTTP/1.1" 200 (1142 ms)
[06/Sep/2022:19:52:09 +0800] 0:0:0:0:0:0:0:1 "GET /construction/fetch HTTP/1.1" 200 (118 ms)
[06/Sep/2022:19:52:59 +0800] 0:0:0:0:0:0:0:1 "GET /construction/fetch HTTP/1.1" 200 (17 ms)
[06/Sep/2022:19:54:37 +0800] 0:0:0:0:0:0:0:1 "GET /project/fetch HTTP/1.1" 200 (32 ms)
[06/Sep/2022:19:54:39 +0800] 0:0:0:0:0:0:0:1 "GET /construction/fetch HTTP/1.1" 200 (16 ms)
[06/Sep/2022:20:01:06 +0800] 0:0:0:0:0:0:0:1 "GET /construction/fetch HTTP/1.1" 200 (27 ms)
[06/Sep/2022:20:01:06 +0800] 0:0:0:0:0:0:0:1 "GET /construction/fetch HTTP/1.1" 200 (17 ms)
[06/Sep/2022:20:01:37 +0800] 0:0:0:0:0:0:0:1 "GET /construction/fetch HTTP/1.1" 200 (27 ms)
[06/Sep/2022:20:01:37 +0800] 0:0:0:0:0:0:0:1 "GET /construction/fetch HTTP/1.1" 200 (17 ms)
[06/Sep/2022:20:01:47 +0800] 0:0:0:0:0:0:0:1 "GET /construction/fetch HTTP/1.1" 200 (18 ms)
[06/Sep/2022:20:02:00 +0800] 0:0:0:0:0:0:0:1 "GET /project/fetch HTTP/1.1" 200 (26 ms)
[06/Sep/2022:20:02:13 +0800] 0:0:0:0:0:0:0:1 "GET /construction/fetch HTTP/1.1" 200 (18 ms)
[06/Sep/2022:20:11:32 +0800] 0:0:0:0:0:0:0:1 "GET /construction/fetch HTTP/1.1" 200 (19 ms)
[06/Sep/2022:20:12:11 +0800] 0:0:0:0:0:0:0:1 "GET /construction/fetch HTTP/1.1" 200 (13 ms)
[06/Sep/2022:20:26:07 +0800] 0:0:0:0:0:0:0:1 "GET /construction/fetch HTTP/1.1" 200 (1092 ms)
[06/Sep/2022:20:26:07 +0800] 0:0:0:0:0:0:0:1 "GET /construction/fetch HTTP/1.1" 200 (12 ms)
[06/Sep/2022:20:26:07 +0800] 0:0:0:0:0:0:0:1 "GET /construction/fetch HTTP/1.1" 200 (15 ms)
[06/Sep/2022:20:26:07 +0800] 0:0:0:0:0:0:0:1 "GET /construction/fetch HTTP/1.1" 200 (19 ms)
[06/Sep/2022:20:26:07 +0800] 0:0:0:0:0:0:0:1 "GET /construction/fetch HTTP/1.1" 200 (14 ms)
[06/Sep/2022:20:26:07 +0800] 0:0:0:0:0:0:0:1 "GET /construction/fetch HTTP/1.1" 200 (18 ms)
[06/Sep/2022:20:26:07 +0800] 0:0:0:0:0:0:0:1 "GET /construction/fetch HTTP/1.1" 200 (15 ms)
[06/Sep/2022:20:26:07 +0800] 0:0:0:0:0:0:0:1 "GET /construction/fetch HTTP/1.1" 200 (21 ms)
[06/Sep/2022:20:26:07 +0800] 0:0:0:0:0:0:0:1 "GET /construction/fetch HTTP/1.1" 200 (23 ms)
[06/Sep/2022:20:26:07 +0800] 0:0:0:0:0:0:0:1 "GET /construction/fetch HTTP/1.1" 200 (24 ms)
[06/Sep/2022:20:26:07 +0800] 0:0:0:0:0:0:0:1 "GET /construction/fetch HTTP/1.1" 200 (20 ms)
[06/Sep/2022:20:26:07 +0800] 0:0:0:0:0:0:0:1 "GET /construction/fetch HTTP/1.1" 200 (15 ms)
[06/Sep/2022:20:26:18 +0800] 0:0:0:0:0:0:0:1 "GET /construction/fetch HTTP/1.1" 200 (18 ms)
[06/Sep/2022:20:28:25 +0800] 0:0:0:0:0:0:0:1 "GET /construction/fetch HTTP/1.1" 200 (28 ms)
[06/Sep/2022:20:28:25 +0800] 0:0:0:0:0:0:0:1 "GET /construction/fetch HTTP/1.1" 200 (16 ms)
[06/Sep/2022:20:28:40 +0800] 0:0:0:0:0:0:0:1 "GET /construction/fetch HTTP/1.1" 200 (34 ms)
[06/Sep/2022:20:28:45 +0800] 0:0:0:0:0:0:0:1 "OPTIONS /construction/push HTTP/1.1" 200 (3 ms)
[06/Sep/2022:20:28:45 +0800] 0:0:0:0:0:0:0:1 "POST /construction/push HTTP/1.1" 500 (78 ms)
[06/Sep/2022:20:29:11 +0800] 0:0:0:0:0:0:0:1 "GET /construction/fetch HTTP/1.1" 200 (1103 ms)
[06/Sep/2022:20:30:30 +0800] 0:0:0:0:0:0:0:1 "GET /construction/fetch HTTP/1.1" 200 (29 ms)
[06/Sep/2022:20:31:10 +0800] 0:0:0:0:0:0:0:1 "GET /construction/fetch HTTP/1.1" 200 (16 ms)
[06/Sep/2022:20:33:39 +0800] 0:0:0:0:0:0:0:1 "GET /construction/fetch HTTP/1.1" 200 (21 ms)
[06/Sep/2022:20:33:50 +0800] 0:0:0:0:0:0:0:1 "GET /construction/fetch HTTP/1.1" 200 (15 ms)
[06/Sep/2022:20:33:57 +0800] 0:0:0:0:0:0:0:1 "POST /construction/push HTTP/1.1" 500 (75 ms)
[06/Sep/2022:20:35:51 +0800] 0:0:0:0:0:0:0:1 "GET /construction/fetch HTTP/1.1" 200 (28 ms)
[06/Sep/2022:20:35:54 +0800] 0:0:0:0:0:0:0:1 "GET /construction/fetch HTTP/1.1" 200 (21 ms)
[06/Sep/2022:20:36:09 +0800] 0:0:0:0:0:0:0:1 "POST /construction/push HTTP/1.1" 500 (6 ms)
[06/Sep/2022:20:38:41 +0800] 0:0:0:0:0:0:0:1 "POST /construction/push HTTP/1.1" 500 (35023 ms)
[06/Sep/2022:20:48:49 +0800] 0:0:0:0:0:0:0:1 "POST /construction/push HTTP/1.1" 500 (45438 ms)
[06/Sep/2022:20:54:02 +0800] 0:0:0:0:0:0:0:1 "GET /construction/fetch HTTP/1.1" 200 (1588 ms)
[06/Sep/2022:20:54:07 +0800] 0:0:0:0:0:0:0:1 "GET /construction/fetch HTTP/1.1" 200 (20 ms)
[06/Sep/2022:20:54:10 +0800] 0:0:0:0:0:0:0:1 "POST /construction/push HTTP/1.1" 200 (211 ms)
[06/Sep/2022:20:54:11 +0800] 0:0:0:0:0:0:0:1 "GET /construction/fetch HTTP/1.1" 200 (19 ms)
[06/Sep/2022:20:54:32 +0800] 0:0:0:0:0:0:0:1 "GET /construction/fetch HTTP/1.1" 200 (23 ms)
[06/Sep/2022:20:54:36 +0800] 0:0:0:0:0:0:0:1 "POST /construction/push HTTP/1.1" 200 (326 ms)
[06/Sep/2022:20:54:36 +0800] 0:0:0:0:0:0:0:1 "GET /construction/fetch HTTP/1.1" 200 (15 ms)
[06/Sep/2022:21:00:11 +0800] 0:0:0:0:0:0:0:1 "GET /construction/fetch HTTP/1.1" 200 (23 ms)
[06/Sep/2022:21:02:08 +0800] 0:0:0:0:0:0:0:1 "GET /construction/fetch HTTP/1.1" 200 (29 ms)
[06/Sep/2022:21:02:15 +0800] 0:0:0:0:0:0:0:1 "GET /construction/fetch HTTP/1.1" 200 (17 ms)
[06/Sep/2022:21:02:25 +0800] 0:0:0:0:0:0:0:1 "GET /construction/fetch HTTP/1.1" 200 (17 ms)
[06/Sep/2022:21:02:55 +0800] 0:0:0:0:0:0:0:1 "GET /project/fetch HTTP/1.1" 200 (42 ms)
[06/Sep/2022:21:03:00 +0800] 0:0:0:0:0:0:0:1 "GET /construction/fetch HTTP/1.1" 200 (12 ms)
[06/Sep/2022:21:03:04 +0800] 0:0:0:0:0:0:0:1 "OPTIONS /construction/push HTTP/1.1" 200 (5 ms)
[06/Sep/2022:21:03:05 +0800] 0:0:0:0:0:0:0:1 "POST /construction/push HTTP/1.1" 200 (409 ms)
[06/Sep/2022:21:03:05 +0800] 0:0:0:0:0:0:0:1 "GET /construction/fetch HTTP/1.1" 200 (11 ms)
[06/Sep/2022:21:03:38 +0800] 0:0:0:0:0:0:0:1 "POST /construction/push HTTP/1.1" 200 (352 ms)
[06/Sep/2022:21:03:38 +0800] 0:0:0:0:0:0:0:1 "GET /construction/fetch HTTP/1.1" 200 (15 ms)
[06/Sep/2022:21:11:59 +0800] 0:0:0:0:0:0:0:1 "GET /construction/fetch HTTP/1.1" 200 (26 ms)
[06/Sep/2022:21:11:59 +0800] 0:0:0:0:0:0:0:1 "GET /construction/fetch HTTP/1.1" 200 (15 ms)
[06/Sep/2022:21:12:18 +0800] 0:0:0:0:0:0:0:1 "GET /construction/fetch HTTP/1.1" 200 (22 ms)
[06/Sep/2022:21:12:19 +0800] 0:0:0:0:0:0:0:1 "GET /construction/fetch HTTP/1.1" 200 (21 ms)
[06/Sep/2022:21:27:36 +0800] 0:0:0:0:0:0:0:1 "GET /construction/fetch HTTP/1.1" 200 (17 ms)
[06/Sep/2022:21:27:36 +0800] 0:0:0:0:0:0:0:1 "GET /construction/fetch HTTP/1.1" 200 (10 ms)
