[11/Sep/2022:10:11:50 +0800] 0:0:0:0:0:0:0:1 "POST /system/token HTTP/1.1" 200 (150 ms)
[11/Sep/2022:10:11:50 +0800] 0:0:0:0:0:0:0:1 "GET /system/menu HTTP/1.1" 200 (75 ms)
[11/Sep/2022:10:13:57 +0800] 0:0:0:0:0:0:0:1 "GET /project/fetch HTTP/1.1" 200 (1450 ms)
[11/Sep/2022:10:39:31 +0800] 0:0:0:0:0:0:0:1 "GET /project/fetch?rootid=0 HTTP/1.1" 200 (57 ms)
[11/Sep/2022:10:39:31 +0800] 0:0:0:0:0:0:0:1 "GET /projectindex/tree?rootid=3&projectId=3 HTTP/1.1" 200 (37 ms)
[11/Sep/2022:10:39:45 +0800] 0:0:0:0:0:0:0:1 "GET /project/fetch HTTP/1.1" 200 (26 ms)
[11/Sep/2022:10:39:52 +0800] 0:0:0:0:0:0:0:1 "GET /construction/fetch HTTP/1.1" 200 (25 ms)
[11/Sep/2022:10:39:53 +0800] 0:0:0:0:0:0:0:1 "GET /project/fetch?rootid=0 HTTP/1.1" 200 (48 ms)
[11/Sep/2022:10:39:53 +0800] 0:0:0:0:0:0:0:1 "GET /projectindex/tree?rootid=3&projectId=3 HTTP/1.1" 200 (21 ms)
[11/Sep/2022:10:40:08 +0800] 0:0:0:0:0:0:0:1 "GET /project/fetch HTTP/1.1" 200 (29 ms)
[11/Sep/2022:10:40:13 +0800] 0:0:0:0:0:0:0:1 "GET /project/fetch?rootid=0 HTTP/1.1" 200 (24 ms)
[11/Sep/2022:10:40:13 +0800] 0:0:0:0:0:0:0:1 "GET /projectindex/tree?rootid=3&projectId=3 HTTP/1.1" 200 (19 ms)
[11/Sep/2022:10:40:21 +0800] 0:0:0:0:0:0:0:1 "GET /projectindex/tree?rootid=2&projectId=2 HTTP/1.1" 200 (21 ms)
[11/Sep/2022:10:40:28 +0800] 0:0:0:0:0:0:0:1 "GET /project/tree?rootid=0 HTTP/1.1" 200 (37 ms)
[11/Sep/2022:10:40:28 +0800] 0:0:0:0:0:0:0:1 "GET /projectindex/tree?rootid=0&projectId=3 HTTP/1.1" 200 (24 ms)
[11/Sep/2022:10:41:32 +0800] 0:0:0:0:0:0:0:1 "GET /project/tree?rootid=0 HTTP/1.1" 200 (40 ms)
[11/Sep/2022:10:41:32 +0800] 0:0:0:0:0:0:0:1 "GET /projectindex/tree?rootid=0&projectId=3 HTTP/1.1" 200 (46 ms)
[11/Sep/2022:10:43:40 +0800] 0:0:0:0:0:0:0:1 "GET /project/fetch?rootid=0 HTTP/1.1" 200 (45 ms)
[11/Sep/2022:10:43:40 +0800] 0:0:0:0:0:0:0:1 "GET /projectindex/tree?rootid=3&projectId=3 HTTP/1.1" 200 (18 ms)
[11/Sep/2022:10:44:09 +0800] 0:0:0:0:0:0:0:1 "GET /project/fetch HTTP/1.1" 200 (26 ms)
[11/Sep/2022:10:46:53 +0800] 0:0:0:0:0:0:0:1 "GET /project/fetch HTTP/1.1" 200 (1007 ms)
[11/Sep/2022:10:47:36 +0800] 0:0:0:0:0:0:0:1 "GET /project/fetch?rootid=0 HTTP/1.1" 200 (26 ms)
[11/Sep/2022:10:47:36 +0800] 0:0:0:0:0:0:0:1 "GET /projectindex/tree?rootid=3&projectId=3 HTTP/1.1" 200 (25 ms)
[11/Sep/2022:10:48:39 +0800] 0:0:0:0:0:0:0:1 "GET /projectindex/tree?rootid=4&projectId=4 HTTP/1.1" 200 (25 ms)
[11/Sep/2022:10:48:40 +0800] 0:0:0:0:0:0:0:1 "GET /projectindex/tree?rootid=5&projectId=5 HTTP/1.1" 200 (15 ms)
[11/Sep/2022:10:48:41 +0800] 0:0:0:0:0:0:0:1 "GET /projectindex/tree?rootid=2&projectId=2 HTTP/1.1" 200 (21 ms)
[11/Sep/2022:10:52:22 +0800] 0:0:0:0:0:0:0:1 "GET /project/fetch?rootid=0 HTTP/1.1" 200 (54 ms)
[11/Sep/2022:10:52:22 +0800] 0:0:0:0:0:0:0:1 "GET /projectindex/tree?rootid=3&projectId=3 HTTP/1.1" 200 (26 ms)
[11/Sep/2022:10:53:17 +0800] 0:0:0:0:0:0:0:1 "GET /project/fetch?rootid=0 HTTP/1.1" 200 (23 ms)
[11/Sep/2022:10:53:17 +0800] 0:0:0:0:0:0:0:1 "GET /project/fetch?rootid=3&projectId=3 HTTP/1.1" 200 (23 ms)
[11/Sep/2022:10:53:49 +0800] 0:0:0:0:0:0:0:1 "GET /project/fetch?rootid=0 HTTP/1.1" 200 (44 ms)
[11/Sep/2022:10:53:50 +0800] 0:0:0:0:0:0:0:1 "GET /project/fetch?rootid=0 HTTP/1.1" 200 (28 ms)
[11/Sep/2022:10:53:50 +0800] 0:0:0:0:0:0:0:1 "GET /project/fetch?rootid=3&projectId=3 HTTP/1.1" 200 (32 ms)
[11/Sep/2022:10:53:56 +0800] 0:0:0:0:0:0:0:1 "GET /project/fetch?rootid=0 HTTP/1.1" 200 (30 ms)
[11/Sep/2022:10:53:57 +0800] 0:0:0:0:0:0:0:1 "GET /project/fetch?rootid=3&projectId=3 HTTP/1.1" 200 (28 ms)
[11/Sep/2022:10:54:04 +0800] 0:0:0:0:0:0:0:1 "GET /project/fetch?rootid=0 HTTP/1.1" 200 (27 ms)
[11/Sep/2022:10:54:04 +0800] 0:0:0:0:0:0:0:1 "GET /project/fetch?rootid=3&projectId=3 HTTP/1.1" 200 (24 ms)
[11/Sep/2022:10:54:06 +0800] 0:0:0:0:0:0:0:1 "GET /project/fetch HTTP/1.1" 200 (23 ms)
[11/Sep/2022:10:54:10 +0800] 0:0:0:0:0:0:0:1 "GET /project/fetch?rootid=0 HTTP/1.1" 200 (23 ms)
[11/Sep/2022:10:54:10 +0800] 0:0:0:0:0:0:0:1 "GET /project/fetch?rootid=3&projectId=3 HTTP/1.1" 200 (20 ms)
[11/Sep/2022:10:54:23 +0800] 0:0:0:0:0:0:0:1 "GET /project/tree?rootid=0 HTTP/1.1" 200 (22 ms)
[11/Sep/2022:10:54:23 +0800] 0:0:0:0:0:0:0:1 "GET /projectindex/tree?rootid=0&projectId=3 HTTP/1.1" 200 (26 ms)
[11/Sep/2022:10:55:51 +0800] 0:0:0:0:0:0:0:1 "GET /project/fetch?rootid=0 HTTP/1.1" 200 (997 ms)
[11/Sep/2022:10:55:52 +0800] 0:0:0:0:0:0:0:1 "GET /project/fetch?rootid=3&projectId=3 HTTP/1.1" 200 (38 ms)
[11/Sep/2022:10:55:59 +0800] 0:0:0:0:0:0:0:1 "GET /project/fetch?rootid=2&projectId=2 HTTP/1.1" 200 (25 ms)
[11/Sep/2022:10:56:01 +0800] 0:0:0:0:0:0:0:1 "GET /project/fetch?rootid=2&projectId=2 HTTP/1.1" 200 (28 ms)
[11/Sep/2022:10:56:02 +0800] 0:0:0:0:0:0:0:1 "GET /project/fetch?rootid=3&projectId=3 HTTP/1.1" 200 (20 ms)
[11/Sep/2022:10:56:06 +0800] 0:0:0:0:0:0:0:1 "GET /project/fetch HTTP/1.1" 200 (22 ms)
[11/Sep/2022:10:56:19 +0800] 0:0:0:0:0:0:0:1 "GET /construction/fetch HTTP/1.1" 200 (29 ms)
[11/Sep/2022:10:56:21 +0800] 0:0:0:0:0:0:0:1 "GET /project/fetch HTTP/1.1" 200 (38 ms)
[11/Sep/2022:10:56:32 +0800] 0:0:0:0:0:0:0:1 "GET /project/fetch?rootid=0 HTTP/1.1" 200 (31 ms)
[11/Sep/2022:10:56:32 +0800] 0:0:0:0:0:0:0:1 "GET /project/fetch?rootid=3&projectId=3 HTTP/1.1" 200 (32 ms)
[11/Sep/2022:10:56:34 +0800] 0:0:0:0:0:0:0:1 "GET /project/fetch HTTP/1.1" 200 (28 ms)
[11/Sep/2022:10:58:53 +0800] 0:0:0:0:0:0:0:1 "GET /project/fetch?rootid=0 HTTP/1.1" 200 (46 ms)
[11/Sep/2022:10:58:53 +0800] 0:0:0:0:0:0:0:1 "GET /project/fetch?rootid=3&projectId=3 HTTP/1.1" 200 (25 ms)
[11/Sep/2022:11:00:47 +0800] 0:0:0:0:0:0:0:1 "GET /project/fetch?rootid=0 HTTP/1.1" 200 (37 ms)
[11/Sep/2022:11:01:04 +0800] 0:0:0:0:0:0:0:1 "GET /project/fetch?rootid=0 HTTP/1.1" 200 (34 ms)
[11/Sep/2022:11:01:55 +0800] 0:0:0:0:0:0:0:1 "GET /project/fetch?rootid=0 HTTP/1.1" 200 (37 ms)
[11/Sep/2022:11:01:55 +0800] 0:0:0:0:0:0:0:1 "GET /project/tree?rootid=3&projectId=3 HTTP/1.1" 200 (26 ms)
[11/Sep/2022:11:02:09 +0800] 0:0:0:0:0:0:0:1 "GET /project/fetch?rootid=0 HTTP/1.1" 200 (31 ms)
[11/Sep/2022:11:02:09 +0800] 0:0:0:0:0:0:0:1 "GET /project/tree?rootid=3&projectId=3 HTTP/1.1" 200 (34 ms)
[11/Sep/2022:11:02:11 +0800] 0:0:0:0:0:0:0:1 "GET /project/tree?rootid=4&projectId=4 HTTP/1.1" 200 (21 ms)
[11/Sep/2022:11:02:12 +0800] 0:0:0:0:0:0:0:1 "GET /project/tree?rootid=5&projectId=5 HTTP/1.1" 200 (21 ms)
[11/Sep/2022:11:02:13 +0800] 0:0:0:0:0:0:0:1 "GET /project/tree?rootid=6&projectId=6 HTTP/1.1" 200 (21 ms)
[11/Sep/2022:11:02:14 +0800] 0:0:0:0:0:0:0:1 "GET /project/tree?rootid=2&projectId=2 HTTP/1.1" 200 (19 ms)
[11/Sep/2022:11:03:45 +0800] 0:0:0:0:0:0:0:1 "GET /project/tree?rootid=2&projectId=2 HTTP/1.1" 200 (35 ms)
[11/Sep/2022:11:03:45 +0800] 0:0:0:0:0:0:0:1 "GET /favicon.ico HTTP/1.1" 404 (37 ms)
[11/Sep/2022:11:05:01 +0800] 0:0:0:0:0:0:0:1 "GET /project/fetch?rootid=0 HTTP/1.1" 200 (43 ms)
[11/Sep/2022:11:05:01 +0800] 0:0:0:0:0:0:0:1 "GET /project/tree?rootid=0&parentId=3&rootId=3 HTTP/1.1" 200 (30 ms)
[11/Sep/2022:11:05:22 +0800] 0:0:0:0:0:0:0:1 "GET /project/tree?rootId=2&projectId=2 HTTP/1.1" 200 (21 ms)
[11/Sep/2022:11:05:27 +0800] 0:0:0:0:0:0:0:1 "GET /project/fetch?rootid=0 HTTP/1.1" 200 (31 ms)
[11/Sep/2022:11:05:27 +0800] 0:0:0:0:0:0:0:1 "GET /project/tree?rootid=0&parentId=3&rootId=3 HTTP/1.1" 200 (29 ms)
[11/Sep/2022:11:05:32 +0800] 0:0:0:0:0:0:0:1 "GET /project/tree?rootid=0&parentId=4&rootId=4 HTTP/1.1" 200 (17 ms)
[11/Sep/2022:11:05:33 +0800] 0:0:0:0:0:0:0:1 "GET /project/tree?rootid=0&parentId=2&rootId=2 HTTP/1.1" 200 (20 ms)
[11/Sep/2022:11:06:32 +0800] 0:0:0:0:0:0:0:1 "GET /project/fetch?rootid=0 HTTP/1.1" 200 (27 ms)
[11/Sep/2022:11:06:32 +0800] 0:0:0:0:0:0:0:1 "GET /project/tree?rootid=0&ownId=3&rootId=3 HTTP/1.1" 200 (43 ms)
[11/Sep/2022:11:06:35 +0800] 0:0:0:0:0:0:0:1 "GET /project/tree?rootid=0&ownId=2&rootId=2 HTTP/1.1" 200 (22 ms)
[11/Sep/2022:11:09:11 +0800] 0:0:0:0:0:0:0:1 "GET /project/fetch?rootid=0 HTTP/1.1" 200 (1240 ms)
[11/Sep/2022:11:09:11 +0800] 0:0:0:0:0:0:0:1 "GET /project/tree?rootid=0&ownId=3&rootId=3 HTTP/1.1" 200 (24 ms)
[11/Sep/2022:11:09:12 +0800] 0:0:0:0:0:0:0:1 "GET /project/tree?rootid=0&ownId=2&rootId=2 HTTP/1.1" 200 (28 ms)
[11/Sep/2022:11:09:23 +0800] 0:0:0:0:0:0:0:1 "GET /project/tree?rootid=0&ownId=2&rootId=2 HTTP/1.1" 200 (27 ms)
[11/Sep/2022:11:10:05 +0800] 0:0:0:0:0:0:0:1 "GET /project/fetch?rootid=0 HTTP/1.1" 200 (52 ms)
[11/Sep/2022:11:10:05 +0800] 0:0:0:0:0:0:0:1 "GET /project/tree?rootid=0&ownId=3&rootId=3 HTTP/1.1" 200 (24 ms)
[11/Sep/2022:11:10:42 +0800] 0:0:0:0:0:0:0:1 "GET /project/fetch?rootid=0 HTTP/1.1" 200 (54 ms)
[11/Sep/2022:11:10:42 +0800] 0:0:0:0:0:0:0:1 "GET /project/tree?rootid=0&ownId=3&rootId=3 HTTP/1.1" 200 (50 ms)
[11/Sep/2022:11:10:44 +0800] 0:0:0:0:0:0:0:1 "GET /project/tree?rootid=0&ownId=2&rootId=2 HTTP/1.1" 200 (30 ms)
[11/Sep/2022:11:11:25 +0800] 0:0:0:0:0:0:0:1 "GET /project/fetch?rootId=0 HTTP/1.1" 200 (39 ms)
[11/Sep/2022:11:11:25 +0800] 0:0:0:0:0:0:0:1 "GET /project/tree?rootId=3&ownId=3 HTTP/1.1" 200 (26 ms)
[11/Sep/2022:11:11:43 +0800] 0:0:0:0:0:0:0:1 "GET /project/fetch?rootId=0 HTTP/1.1" 200 (54 ms)
[11/Sep/2022:11:11:44 +0800] 0:0:0:0:0:0:0:1 "GET /project/tree?rootId=3&ownId=3 HTTP/1.1" 200 (49 ms)
[11/Sep/2022:11:11:46 +0800] 0:0:0:0:0:0:0:1 "GET /project/tree?rootId=2&ownId=2 HTTP/1.1" 200 (39 ms)
[11/Sep/2022:11:11:56 +0800] 0:0:0:0:0:0:0:1 "GET /project/tree?rootId=2&ownId=2 HTTP/1.1" 200 (38 ms)
[11/Sep/2022:11:12:47 +0800] 0:0:0:0:0:0:0:1 "GET /project/tree?rootId=2&ownId=2 HTTP/1.1" 200 (28 ms)
[11/Sep/2022:11:16:03 +0800] 0:0:0:0:0:0:0:1 "GET /project/tree?rootId=2&ownId=2 HTTP/1.1" 200 (900 ms)
[11/Sep/2022:11:16:16 +0800] 0:0:0:0:0:0:0:1 "GET /project/fetch?rootId=0 HTTP/1.1" 200 (51 ms)
[11/Sep/2022:11:16:16 +0800] 0:0:0:0:0:0:0:1 "GET /project/tree?rootId=3&ownId=3 HTTP/1.1" 200 (44 ms)
[11/Sep/2022:11:16:18 +0800] 0:0:0:0:0:0:0:1 "GET /project/tree?rootId=2&ownId=2 HTTP/1.1" 200 (28 ms)
[11/Sep/2022:11:18:05 +0800] 0:0:0:0:0:0:0:1 "OPTIONS /project/push HTTP/1.1" 200 (7 ms)
[11/Sep/2022:11:18:05 +0800] 0:0:0:0:0:0:0:1 "POST /project/push HTTP/1.1" 200 (426 ms)
[11/Sep/2022:11:18:05 +0800] 0:0:0:0:0:0:0:1 "GET /project/tree?rootId=2&ownId=2 HTTP/1.1" 200 (45 ms)
[11/Sep/2022:11:18:36 +0800] 0:0:0:0:0:0:0:1 "GET /project/tree?rootId=2&ownId=2 HTTP/1.1" 200 (24 ms)
[11/Sep/2022:11:23:13 +0800] 0:0:0:0:0:0:0:1 "GET /project/fetch?rootId=0 HTTP/1.1" 200 (1202 ms)
[11/Sep/2022:11:23:13 +0800] 0:0:0:0:0:0:0:1 "GET /project/tree?rootId=3&ownId=3 HTTP/1.1" 200 (23 ms)
[11/Sep/2022:11:23:15 +0800] 0:0:0:0:0:0:0:1 "GET /project/tree?rootId=2&ownId=2 HTTP/1.1" 200 (28 ms)
[11/Sep/2022:11:24:11 +0800] 0:0:0:0:0:0:0:1 "GET /project/fetch HTTP/1.1" 200 (31 ms)
[11/Sep/2022:11:26:20 +0800] 0:0:0:0:0:0:0:1 "GET /project/tree?rootid=0 HTTP/1.1" 200 (44 ms)
[11/Sep/2022:11:26:33 +0800] 0:0:0:0:0:0:0:1 "GET /project/tree?rootid=0 HTTP/1.1" 200 (31 ms)
[11/Sep/2022:11:28:35 +0800] 0:0:0:0:0:0:0:1 "GET /project/tree?rootId=0 HTTP/1.1" 200 (45 ms)
[11/Sep/2022:11:29:06 +0800] 0:0:0:0:0:0:0:1 "GET /project/tree?rootId=0 HTTP/1.1" 200 (44 ms)
[11/Sep/2022:11:29:06 +0800] 0:0:0:0:0:0:0:1 "GET /projectindex/tree?rootId=0&projectId=3 HTTP/1.1" 200 (49 ms)
[11/Sep/2022:11:29:44 +0800] 0:0:0:0:0:0:0:1 "GET /project/tree?rootId=0 HTTP/1.1" 200 (25 ms)
[11/Sep/2022:11:29:45 +0800] 0:0:0:0:0:0:0:1 "GET /project/tree?rootId=0 HTTP/1.1" 200 (28 ms)
[11/Sep/2022:11:29:49 +0800] 0:0:0:0:0:0:0:1 "GET /project/tree?rootId=0 HTTP/1.1" 200 (33 ms)
[11/Sep/2022:11:29:49 +0800] 0:0:0:0:0:0:0:1 "GET /projectindex/tree?rootId=0&projectId=3 HTTP/1.1" 200 (36 ms)
[11/Sep/2022:11:34:08 +0800] 0:0:0:0:0:0:0:1 "GET /project/tree?rootId=0 HTTP/1.1" 200 (32 ms)
[11/Sep/2022:11:36:06 +0800] 0:0:0:0:0:0:0:1 "GET /project/tree?rootId=0 HTTP/1.1" 200 (5850 ms)
[11/Sep/2022:11:36:09 +0800] 0:0:0:0:0:0:0:1 "GET /project/tree?rootId=0 HTTP/1.1" 200 (33 ms)
[11/Sep/2022:11:36:14 +0800] 0:0:0:0:0:0:0:1 "GET /project/tree?rootId=0 HTTP/1.1" 200 (51 ms)
[11/Sep/2022:11:36:14 +0800] 0:0:0:0:0:0:0:1 "GET /projectindex/tree?rootId=0&projectId=3 HTTP/1.1" 200 (57 ms)
[11/Sep/2022:11:36:28 +0800] 0:0:0:0:0:0:0:1 "GET /project/fetch HTTP/1.1" 200 (32 ms)
[11/Sep/2022:11:42:42 +0800] 0:0:0:0:0:0:0:1 "GET /project/fetch HTTP/1.1" 200 (44 ms)
[11/Sep/2022:11:42:48 +0800] 0:0:0:0:0:0:0:1 "GET /project/fetch HTTP/1.1" 200 (34 ms)
[11/Sep/2022:11:44:53 +0800] 0:0:0:0:0:0:0:1 "GET /project/fetch HTTP/1.1" 200 (36 ms)
[11/Sep/2022:11:44:54 +0800] 0:0:0:0:0:0:0:1 "GET /project/tree?ownId=3&rootId=3 HTTP/1.1" 200 (27 ms)
[11/Sep/2022:11:45:05 +0800] 0:0:0:0:0:0:0:1 "GET /project/fetch HTTP/1.1" 200 (20 ms)
[11/Sep/2022:11:45:05 +0800] 0:0:0:0:0:0:0:1 "GET /project/tree?ownId=3&rootId=3 HTTP/1.1" 200 (16 ms)
[11/Sep/2022:11:45:10 +0800] 0:0:0:0:0:0:0:1 "GET /project/fetch?ownId=0 HTTP/1.1" 200 (45 ms)
[11/Sep/2022:11:45:10 +0800] 0:0:0:0:0:0:0:1 "GET /project/tree?ownId=3&rootId=3 HTTP/1.1" 200 (28 ms)
[11/Sep/2022:11:45:14 +0800] 0:0:0:0:0:0:0:1 "GET /project/tree?ownId=2&rootId=2 HTTP/1.1" 200 (22 ms)
[11/Sep/2022:11:45:54 +0800] 0:0:0:0:0:0:0:1 "GET /project/fetch?ownId=0 HTTP/1.1" 200 (42 ms)
[11/Sep/2022:11:46:53 +0800] 0:0:0:0:0:0:0:1 "GET /project/fetch?ownId=0 HTTP/1.1" 200 (35 ms)
[11/Sep/2022:11:46:57 +0800] 0:0:0:0:0:0:0:1 "GET /project/fetch?ownId=0 HTTP/1.1" 200 (30 ms)
[11/Sep/2022:11:46:57 +0800] 0:0:0:0:0:0:0:1 "GET /project/tree?ownId=3&rootId=3 HTTP/1.1" 200 (21 ms)
[11/Sep/2022:11:47:02 +0800] 0:0:0:0:0:0:0:1 "GET /project/tree?ownId=2&rootId=2 HTTP/1.1" 200 (21 ms)
[11/Sep/2022:11:47:22 +0800] 0:0:0:0:0:0:0:1 "GET /project/fetch?ownId=0 HTTP/1.1" 200 (31 ms)
[11/Sep/2022:11:47:22 +0800] 0:0:0:0:0:0:0:1 "GET /project/tree?ownId=3&rootId=3 HTTP/1.1" 200 (42 ms)
[11/Sep/2022:11:47:24 +0800] 0:0:0:0:0:0:0:1 "GET /project/tree?ownId=2&rootId=2 HTTP/1.1" 200 (20 ms)
[11/Sep/2022:11:47:39 +0800] 0:0:0:0:0:0:0:1 "GET /project/tree?rootId=0 HTTP/1.1" 200 (32 ms)
[11/Sep/2022:11:47:39 +0800] 0:0:0:0:0:0:0:1 "GET /projectindex/tree?rootId=0&projectId=3 HTTP/1.1" 200 (32 ms)
[11/Sep/2022:11:54:54 +0800] 0:0:0:0:0:0:0:1 "GET /projectindex/tree?rootId=0&projectId=2 HTTP/1.1" 200 (25 ms)
[11/Sep/2022:11:54:56 +0800] 0:0:0:0:0:0:0:1 "GET /projectindex/tree?rootId=0&projectId=9 HTTP/1.1" 200 (17 ms)
[11/Sep/2022:11:54:57 +0800] 0:0:0:0:0:0:0:1 "GET /projectindex/tree?rootId=0&projectId=11 HTTP/1.1" 200 (17 ms)
[11/Sep/2022:11:54:58 +0800] 0:0:0:0:0:0:0:1 "GET /projectindex/tree?rootId=0&projectId=7 HTTP/1.1" 200 (15 ms)
[11/Sep/2022:11:54:59 +0800] 0:0:0:0:0:0:0:1 "GET /projectindex/tree?rootId=0&projectId=8 HTTP/1.1" 200 (14 ms)
[11/Sep/2022:11:56:21 +0800] 0:0:0:0:0:0:0:1 "GET /projectindex/tree?rootId=0&projectId=11 HTTP/1.1" 200 (22 ms)
[11/Sep/2022:11:56:21 +0800] 0:0:0:0:0:0:0:1 "GET /projectindex/tree?rootId=0&projectId=11 HTTP/1.1" 200 (15 ms)
[11/Sep/2022:11:56:35 +0800] 0:0:0:0:0:0:0:1 "GET /projectindex/tree?rootId=0&projectId=9 HTTP/1.1" 200 (17 ms)
[11/Sep/2022:11:57:11 +0800] 0:0:0:0:0:0:0:1 "GET /project/fetch?ownId=0 HTTP/1.1" 200 (26 ms)
[11/Sep/2022:11:57:11 +0800] 0:0:0:0:0:0:0:1 "GET /project/tree?ownId=3&rootId=3 HTTP/1.1" 200 (19 ms)
[11/Sep/2022:11:57:14 +0800] 0:0:0:0:0:0:0:1 "GET /project/tree?ownId=2&rootId=2 HTTP/1.1" 200 (21 ms)
[11/Sep/2022:11:57:35 +0800] 0:0:0:0:0:0:0:1 "GET /project/fetch?ownId=0 HTTP/1.1" 200 (27 ms)
[11/Sep/2022:11:57:35 +0800] 0:0:0:0:0:0:0:1 "GET /project/tree?ownId=3&rootId=3 HTTP/1.1" 200 (23 ms)
[11/Sep/2022:11:57:38 +0800] 0:0:0:0:0:0:0:1 "GET /project/tree?ownId=2&rootId=2 HTTP/1.1" 200 (17 ms)
[11/Sep/2022:11:58:56 +0800] 0:0:0:0:0:0:0:1 "GET /project/fetch?ownId=0 HTTP/1.1" 200 (26 ms)
[11/Sep/2022:11:58:56 +0800] 0:0:0:0:0:0:0:1 "GET /project/tree?ownId=3&rootId=3 HTTP/1.1" 200 (22 ms)
[11/Sep/2022:11:58:57 +0800] 0:0:0:0:0:0:0:1 "GET /project/tree?ownId=2&rootId=2 HTTP/1.1" 200 (16 ms)
[11/Sep/2022:11:59:14 +0800] 0:0:0:0:0:0:0:1 "OPTIONS /project/push HTTP/1.1" 200 (5 ms)
[11/Sep/2022:11:59:15 +0800] 0:0:0:0:0:0:0:1 "POST /project/push HTTP/1.1" 200 (407 ms)
[11/Sep/2022:11:59:15 +0800] 0:0:0:0:0:0:0:1 "GET /project/tree?ownId=2&rootId=2 HTTP/1.1" 200 (19 ms)
[11/Sep/2022:11:59:19 +0800] 0:0:0:0:0:0:0:1 "GET /project/tree?rootId=0 HTTP/1.1" 200 (20 ms)
[11/Sep/2022:11:59:19 +0800] 0:0:0:0:0:0:0:1 "GET /projectindex/tree?rootId=0&projectId=3 HTTP/1.1" 200 (19 ms)
[11/Sep/2022:11:59:31 +0800] 0:0:0:0:0:0:0:1 "GET /project/fetch?ownId=0 HTTP/1.1" 200 (21 ms)
[11/Sep/2022:11:59:31 +0800] 0:0:0:0:0:0:0:1 "GET /project/tree?ownId=3&rootId=3 HTTP/1.1" 200 (17 ms)
[11/Sep/2022:11:59:33 +0800] 0:0:0:0:0:0:0:1 "GET /project/tree?ownId=2&rootId=2 HTTP/1.1" 200 (17 ms)
[11/Sep/2022:11:59:35 +0800] 0:0:0:0:0:0:0:1 "GET /project/tree?rootId=0 HTTP/1.1" 200 (22 ms)
[11/Sep/2022:11:59:35 +0800] 0:0:0:0:0:0:0:1 "GET /projectindex/tree?rootId=0&projectId=3 HTTP/1.1" 200 (17 ms)
[11/Sep/2022:11:59:43 +0800] 0:0:0:0:0:0:0:1 "GET /projectindex/tree?rootId=0&projectId=7 HTTP/1.1" 200 (15 ms)
[11/Sep/2022:12:00:48 +0800] 0:0:0:0:0:0:0:1 "GET /project/tree?rootId=0 HTTP/1.1" 200 (40 ms)
[11/Sep/2022:12:00:48 +0800] 0:0:0:0:0:0:0:1 "GET /projectindex/tree?rootId=0&projectId=3 HTTP/1.1" 200 (26 ms)
[11/Sep/2022:12:01:17 +0800] 0:0:0:0:0:0:0:1 "GET /project/tree?rootId=0 HTTP/1.1" 200 (23 ms)
[11/Sep/2022:12:01:17 +0800] 0:0:0:0:0:0:0:1 "GET /projectindex/tree?rootId=0&projectId=3 HTTP/1.1" 200 (25 ms)
[11/Sep/2022:12:01:20 +0800] 0:0:0:0:0:0:0:1 "GET /project/fetch?ownId=0 HTTP/1.1" 200 (24 ms)
[11/Sep/2022:12:01:21 +0800] 0:0:0:0:0:0:0:1 "GET /project/tree?ownId=3&rootId=3 HTTP/1.1" 200 (22 ms)
[11/Sep/2022:12:01:35 +0800] 0:0:0:0:0:0:0:1 "GET /project/fetch?ownId=0 HTTP/1.1" 200 (22 ms)
[11/Sep/2022:12:01:36 +0800] 0:0:0:0:0:0:0:1 "GET /project/tree?ownId=3&rootId=3 HTTP/1.1" 200 (39 ms)
[11/Sep/2022:12:02:47 +0800] 0:0:0:0:0:0:0:1 "GET /project/fetch?ownId=0 HTTP/1.1" 200 (38 ms)
[11/Sep/2022:12:02:47 +0800] 0:0:0:0:0:0:0:1 "GET /project/tree?ownId=3&rootId=3 HTTP/1.1" 200 (29 ms)
[11/Sep/2022:12:03:57 +0800] 0:0:0:0:0:0:0:1 "GET /project/fetch?ownId=0 HTTP/1.1" 200 (36 ms)
[11/Sep/2022:12:03:57 +0800] 0:0:0:0:0:0:0:1 "GET /project/tree?ownId=3&rootId=3 HTTP/1.1" 200 (29 ms)
[11/Sep/2022:12:04:05 +0800] 0:0:0:0:0:0:0:1 "GET /project/fetch?ownId=0 HTTP/1.1" 200 (21 ms)
[11/Sep/2022:12:04:05 +0800] 0:0:0:0:0:0:0:1 "GET /project/tree?ownId=3&rootId=3 HTTP/1.1" 200 (19 ms)
[11/Sep/2022:12:04:06 +0800] 0:0:0:0:0:0:0:1 "GET /project/tree?ownId=2&rootId=2 HTTP/1.1" 200 (17 ms)
[11/Sep/2022:12:04:12 +0800] 0:0:0:0:0:0:0:1 "GET /project/fetch?ownId=0 HTTP/1.1" 200 (19 ms)
[11/Sep/2022:12:04:21 +0800] 0:0:0:0:0:0:0:1 "GET /project/fetch?ownId=0 HTTP/1.1" 200 (25 ms)
[11/Sep/2022:12:04:27 +0800] 0:0:0:0:0:0:0:1 "GET /project/fetch?ownId=0 HTTP/1.1" 200 (22 ms)
[11/Sep/2022:12:04:32 +0800] 0:0:0:0:0:0:0:1 "GET /project/tree?rootId=0 HTTP/1.1" 200 (24 ms)
[11/Sep/2022:12:04:32 +0800] 0:0:0:0:0:0:0:1 "GET /projectindex/tree?rootId=0&projectId=3 HTTP/1.1" 200 (21 ms)
[11/Sep/2022:12:06:24 +0800] 0:0:0:0:0:0:0:1 "GET /project/tree?rootId=0 HTTP/1.1" 200 (42 ms)
[11/Sep/2022:12:06:24 +0800] 0:0:0:0:0:0:0:1 "GET /projectindex/tree?rootId=0&projectId=3 HTTP/1.1" 200 (39 ms)
[11/Sep/2022:12:06:31 +0800] 0:0:0:0:0:0:0:1 "GET /projectindex/tree?rootId=0&projectId=7 HTTP/1.1" 200 (14 ms)
[11/Sep/2022:12:29:54 +0800] 0:0:0:0:0:0:0:1 "GET /project/tree?rootId=0 HTTP/1.1" 200 (28 ms)
[11/Sep/2022:12:30:48 +0800] 0:0:0:0:0:0:0:1 "GET /project/tree?rootId=0 HTTP/1.1" 200 (24 ms)
[11/Sep/2022:12:31:06 +0800] 0:0:0:0:0:0:0:1 "GET /project/tree?rootId=0 HTTP/1.1" 200 (25 ms)
[11/Sep/2022:12:31:16 +0800] 0:0:0:0:0:0:0:1 "GET /project/tree?rootId=0 HTTP/1.1" 200 (33 ms)
[11/Sep/2022:12:31:16 +0800] 0:0:0:0:0:0:0:1 "GET /budget/division/fetch?rootId=0&projectId=3 HTTP/1.1" 404 (55 ms)
[11/Sep/2022:12:38:22 +0800] 0:0:0:0:0:0:0:1 "GET /project/tree?rootId=0 HTTP/1.1" 200 (32 ms)
[11/Sep/2022:12:38:22 +0800] 0:0:0:0:0:0:0:1 "GET /budget/division/fetch?rootId=0&projectId=3 HTTP/1.1" 404 (11 ms)
[11/Sep/2022:12:38:36 +0800] 0:0:0:0:0:0:0:1 "GET /budget/division/fetch?rootId=0&projectId=11 HTTP/1.1" 404 (3 ms)
[11/Sep/2022:12:38:37 +0800] 0:0:0:0:0:0:0:1 "GET /budget/division/fetch?rootId=0&projectId=7 HTTP/1.1" 404 (4 ms)
[11/Sep/2022:12:43:51 +0800] 0:0:0:0:0:0:0:1 "GET /project/tree?rootId=0 HTTP/1.1" 200 (1096 ms)
[11/Sep/2022:12:43:52 +0800] 0:0:0:0:0:0:0:1 "GET /budget/division/fetch?rootId=0&projectId=3 HTTP/1.1" 500 (131 ms)
[11/Sep/2022:12:44:00 +0800] 0:0:0:0:0:0:0:1 "GET /budget/division/fetch?rootId=0&projectId=7 HTTP/1.1" 500 (20 ms)
[11/Sep/2022:12:46:54 +0800] 0:0:0:0:0:0:0:1 "GET /project/tree?rootId=0 HTTP/1.1" 200 (57 ms)
[11/Sep/2022:12:46:54 +0800] 0:0:0:0:0:0:0:1 "GET /budget/division/fetch?rootId=0&projectId=3 HTTP/1.1" 200 (28 ms)
[11/Sep/2022:12:47:24 +0800] 0:0:0:0:0:0:0:1 "GET /budget/division/fetch?rootId=0&projectId=4 HTTP/1.1" 200 (25 ms)
[11/Sep/2022:12:47:25 +0800] 0:0:0:0:0:0:0:1 "GET /budget/division/fetch?rootId=0&projectId=5 HTTP/1.1" 200 (20 ms)
[11/Sep/2022:12:47:30 +0800] 0:0:0:0:0:0:0:1 "GET /budget/division/fetch?rootId=0&projectId=7 HTTP/1.1" 200 (21 ms)
[11/Sep/2022:12:47:44 +0800] 0:0:0:0:0:0:0:1 "GET /budget/division/fetch?rootId=0&projectId=3 HTTP/1.1" 200 (24 ms)
[11/Sep/2022:12:48:52 +0800] 0:0:0:0:0:0:0:1 "GET /project/tree HTTP/1.1" 200 (44 ms)
[11/Sep/2022:12:49:00 +0800] 0:0:0:0:0:0:0:1 "GET /project/tree HTTP/1.1" 200 (32 ms)
[11/Sep/2022:12:49:17 +0800] 0:0:0:0:0:0:0:1 "GET /project/tree?rootId=0 HTTP/1.1" 200 (34 ms)
[11/Sep/2022:12:49:17 +0800] 0:0:0:0:0:0:0:1 "GET /budget/division/fetch?rootId=0&projectId=3 HTTP/1.1" 200 (34 ms)
[11/Sep/2022:12:51:51 +0800] 0:0:0:0:0:0:0:1 "GET /project/tree?rootId=0 HTTP/1.1" 200 (45 ms)
[11/Sep/2022:12:51:51 +0800] 0:0:0:0:0:0:0:1 "GET /budget/division/fetch?projectId=3 HTTP/1.1" 200 (20 ms)
[11/Sep/2022:12:52:24 +0800] 0:0:0:0:0:0:0:1 "GET /project/tree?rootId=0 HTTP/1.1" 200 (46 ms)
[11/Sep/2022:12:52:24 +0800] 0:0:0:0:0:0:0:1 "GET /budget/division/fetch?projectId=3 HTTP/1.1" 200 (29 ms)
[11/Sep/2022:12:52:28 +0800] 0:0:0:0:0:0:0:1 "GET /budget/division/fetch?projectId=4 HTTP/1.1" 200 (19 ms)
[11/Sep/2022:12:53:26 +0800] 0:0:0:0:0:0:0:1 "GET /project/tree?rootId=0 HTTP/1.1" 200 (26 ms)
[11/Sep/2022:12:53:26 +0800] 0:0:0:0:0:0:0:1 "GET /budget/division/fetch?projectId=3 HTTP/1.1" 200 (20 ms)
[11/Sep/2022:12:53:31 +0800] 0:0:0:0:0:0:0:1 "GET /budget/division/fetch?projectId=4 HTTP/1.1" 200 (18 ms)
[11/Sep/2022:12:53:33 +0800] 0:0:0:0:0:0:0:1 "GET /budget/division/fetch?projectId=5 HTTP/1.1" 200 (15 ms)
[11/Sep/2022:12:53:36 +0800] 0:0:0:0:0:0:0:1 "GET /budget/division/fetch?projectId=4 HTTP/1.1" 200 (22 ms)
[11/Sep/2022:12:54:25 +0800] 0:0:0:0:0:0:0:1 "GET /budget/division/fetch?projectId=5 HTTP/1.1" 200 (17 ms)
[11/Sep/2022:12:57:56 +0800] 0:0:0:0:0:0:0:1 "GET /budget/division/fetch?projectId=5 HTTP/1.1" 200 (37 ms)
[11/Sep/2022:12:59:57 +0800] 0:0:0:0:0:0:0:1 "GET /project/tree?rootId=0 HTTP/1.1" 200 (1327 ms)
[11/Sep/2022:12:59:57 +0800] 0:0:0:0:0:0:0:1 "GET /budget/division/fetch?projectId=3 HTTP/1.1" 200 (29 ms)
[11/Sep/2022:12:59:59 +0800] 0:0:0:0:0:0:0:1 "GET /budget/division/fetch?projectId=4 HTTP/1.1" 200 (15 ms)
[11/Sep/2022:12:59:59 +0800] 0:0:0:0:0:0:0:1 "GET /budget/division/fetch?projectId=5 HTTP/1.1" 200 (16 ms)
[11/Sep/2022:13:00:00 +0800] 0:0:0:0:0:0:0:1 "GET /budget/division/fetch?projectId=2 HTTP/1.1" 200 (14 ms)
[11/Sep/2022:13:00:03 +0800] 0:0:0:0:0:0:0:1 "GET /budget/division/fetch?projectId=7 HTTP/1.1" 200 (27 ms)
[11/Sep/2022:13:00:09 +0800] 0:0:0:0:0:0:0:1 "GET /project/tree?rootId=0 HTTP/1.1" 200 (40 ms)
[11/Sep/2022:13:00:09 +0800] 0:0:0:0:0:0:0:1 "GET /budget/division/fetch?projectId=3 HTTP/1.1" 200 (20 ms)
[11/Sep/2022:13:00:14 +0800] 0:0:0:0:0:0:0:1 "GET /budget/division/fetch?projectId=7 HTTP/1.1" 200 (24 ms)
[11/Sep/2022:13:00:17 +0800] 0:0:0:0:0:0:0:1 "GET /budget/division/fetch?projectId=8 HTTP/1.1" 200 (19 ms)
[11/Sep/2022:13:00:18 +0800] 0:0:0:0:0:0:0:1 "GET /budget/division/fetch?projectId=7 HTTP/1.1" 200 (21 ms)
[11/Sep/2022:13:13:10 +0800] 0:0:0:0:0:0:0:1 "GET /project/tree?rootId=0 HTTP/1.1" 200 (44 ms)
[11/Sep/2022:13:13:10 +0800] 0:0:0:0:0:0:0:1 "GET /budget/division/fetch?projectId=3 HTTP/1.1" 200 (18 ms)
[11/Sep/2022:13:13:12 +0800] 0:0:0:0:0:0:0:1 "GET /budget/division/fetch?projectId=2 HTTP/1.1" 200 (14 ms)
[11/Sep/2022:13:13:15 +0800] 0:0:0:0:0:0:0:1 "GET /budget/division/fetch?projectId=7 HTTP/1.1" 200 (20 ms)
[11/Sep/2022:13:38:08 +0800] 0:0:0:0:0:0:0:1 "GET /project/tree?rootId=0 HTTP/1.1" 200 (989 ms)
[11/Sep/2022:13:38:08 +0800] 0:0:0:0:0:0:0:1 "GET /budget/division/fetch?projectId=3 HTTP/1.1" 200 (31 ms)
[11/Sep/2022:13:38:10 +0800] 0:0:0:0:0:0:0:1 "GET /budget/division/fetch?projectId=9 HTTP/1.1" 200 (16 ms)
[11/Sep/2022:13:38:11 +0800] 0:0:0:0:0:0:0:1 "GET /budget/division/fetch?projectId=7 HTTP/1.1" 200 (15 ms)
[11/Sep/2022:13:38:13 +0800] 0:0:0:0:0:0:0:1 "GET /budget/division/fetch?projectId=7 HTTP/1.1" 200 (15 ms)
[11/Sep/2022:13:38:17 +0800] 0:0:0:0:0:0:0:1 "OPTIONS /budget/import/ HTTP/1.1" 200 (5 ms)
[11/Sep/2022:13:38:18 +0800] 0:0:0:0:0:0:0:1 "POST /budget/import/ HTTP/1.1" 500 (840 ms)
[11/Sep/2022:13:43:05 +0800] 0:0:0:0:0:0:0:1 "GET /project/tree?rootId=0 HTTP/1.1" 200 (1007 ms)
[11/Sep/2022:13:43:05 +0800] 0:0:0:0:0:0:0:1 "GET /budget/division/fetch?projectId=3 HTTP/1.1" 200 (31 ms)
[11/Sep/2022:13:43:12 +0800] 0:0:0:0:0:0:0:1 "POST /budget/import/ HTTP/1.1" 200 (718 ms)
[11/Sep/2022:13:43:17 +0800] 0:0:0:0:0:0:0:1 "GET /budget/division/fetch?projectId=2 HTTP/1.1" 200 (16 ms)
[11/Sep/2022:13:43:18 +0800] 0:0:0:0:0:0:0:1 "GET /budget/division/fetch?projectId=9 HTTP/1.1" 200 (15 ms)
[11/Sep/2022:13:43:19 +0800] 0:0:0:0:0:0:0:1 "GET /budget/division/fetch?projectId=11 HTTP/1.1" 200 (16 ms)
[11/Sep/2022:13:43:19 +0800] 0:0:0:0:0:0:0:1 "GET /budget/division/fetch?projectId=7 HTTP/1.1" 200 (14 ms)
[11/Sep/2022:13:43:21 +0800] 0:0:0:0:0:0:0:1 "GET /budget/division/fetch?projectId=7 HTTP/1.1" 200 (14 ms)
[11/Sep/2022:13:44:40 +0800] 0:0:0:0:0:0:0:1 "GET /budget/division/fetch?projectId=3 HTTP/1.1" 200 (35 ms)
[11/Sep/2022:13:51:14 +0800] 0:0:0:0:0:0:0:1 "GET /project/tree?rootId=0 HTTP/1.1" 200 (1325 ms)
[11/Sep/2022:13:51:14 +0800] 0:0:0:0:0:0:0:1 "GET /budget/division/fetch?projectId=3 HTTP/1.1" 200 (62 ms)
[11/Sep/2022:16:04:44 +0800] 0:0:0:0:0:0:0:1 "GET /budget/division/fetch?projectId=4 HTTP/1.1" 200 (68 ms)
[11/Sep/2022:16:04:45 +0800] 0:0:0:0:0:0:0:1 "GET /budget/division/fetch?projectId=3 HTTP/1.1" 200 (28 ms)
[11/Sep/2022:16:04:48 +0800] 0:0:0:0:0:0:0:1 "GET /budget/division/fetch?projectId=13 HTTP/1.1" 200 (15 ms)
[11/Sep/2022:16:04:49 +0800] 0:0:0:0:0:0:0:1 "GET /budget/division/fetch?projectId=3 HTTP/1.1" 200 (21 ms)
[11/Sep/2022:16:14:54 +0800] 0:0:0:0:0:0:0:1 "GET /project/tree?rootId=0 HTTP/1.1" 200 (49 ms)
[11/Sep/2022:16:14:54 +0800] 0:0:0:0:0:0:0:1 "GET /budget/division/fetch?projectId=3 HTTP/1.1" 200 (31 ms)
[11/Sep/2022:16:15:56 +0800] 0:0:0:0:0:0:0:1 "GET /project/tree?rootId=0 HTTP/1.1" 200 (35 ms)
[11/Sep/2022:16:15:56 +0800] 0:0:0:0:0:0:0:1 "GET /budget/division/fetch?projectId=3 HTTP/1.1" 200 (23 ms)
[11/Sep/2022:16:23:45 +0800] 0:0:0:0:0:0:0:1 "GET /project/tree?rootId=0 HTTP/1.1" 200 (40 ms)
[11/Sep/2022:16:23:45 +0800] 0:0:0:0:0:0:0:1 "GET /budget/division/fetch?projectId=3 HTTP/1.1" 200 (47 ms)
[11/Sep/2022:16:38:37 +0800] 0:0:0:0:0:0:0:1 "GET /project/tree?rootId=0 HTTP/1.1" 200 (42 ms)
[11/Sep/2022:16:38:37 +0800] 0:0:0:0:0:0:0:1 "GET /budget/division/fetch?projectId=3 HTTP/1.1" 200 (28 ms)
[11/Sep/2022:16:43:45 +0800] 0:0:0:0:0:0:0:1 "GET /project/tree?rootId=0 HTTP/1.1" 200 (46 ms)
[11/Sep/2022:16:43:45 +0800] 0:0:0:0:0:0:0:1 "GET /budget/division/fetch?projectId=3 HTTP/1.1" 200 (38 ms)
[11/Sep/2022:16:45:06 +0800] 0:0:0:0:0:0:0:1 "GET /project/tree?rootId=0 HTTP/1.1" 200 (37 ms)
[11/Sep/2022:16:45:06 +0800] 0:0:0:0:0:0:0:1 "GET /budget/division/fetch?projectId=3 HTTP/1.1" 200 (33 ms)
[11/Sep/2022:16:45:31 +0800] 0:0:0:0:0:0:0:1 "GET /project/tree?rootId=0 HTTP/1.1" 200 (33 ms)
[11/Sep/2022:16:45:31 +0800] 0:0:0:0:0:0:0:1 "GET /budget/division/fetch?projectId=3 HTTP/1.1" 200 (30 ms)
[11/Sep/2022:18:06:59 +0800] 0:0:0:0:0:0:0:1 "GET /project/fetch?ownId=0 HTTP/1.1" 200 (1232 ms)
[11/Sep/2022:18:07:05 +0800] 0:0:0:0:0:0:0:1 "GET /project/tree?rootId=0 HTTP/1.1" 200 (34 ms)
[11/Sep/2022:18:07:05 +0800] 0:0:0:0:0:0:0:1 "GET /budget/division/fetch?projectId=3 HTTP/1.1" 500 (158 ms)
[11/Sep/2022:18:32:10 +0800] 0:0:0:0:0:0:0:1 "GET /project/tree?rootId=0 HTTP/1.1" 200 (1033 ms)
[11/Sep/2022:18:32:11 +0800] 0:0:0:0:0:0:0:1 "GET /budget/division/fetch?projectId=3 HTTP/1.1" 200 (31 ms)
[11/Sep/2022:18:32:16 +0800] 0:0:0:0:0:0:0:1 "GET /budget/division/fetch?projectId=3 HTTP/1.1" 200 (17 ms)
[11/Sep/2022:18:32:17 +0800] 0:0:0:0:0:0:0:1 "GET /budget/division/fetch?projectId=13 HTTP/1.1" 200 (17 ms)
[11/Sep/2022:20:03:24 +0800] 0:0:0:0:0:0:0:1 "GET /project/tree?rootId=0 HTTP/1.1" 200 (124 ms)
[11/Sep/2022:20:03:24 +0800] 0:0:0:0:0:0:0:1 "GET /budget/division/fetch?projectId=3 HTTP/1.1" 200 (27 ms)
[11/Sep/2022:20:03:29 +0800] 0:0:0:0:0:0:0:1 "GET /project/tree?rootId=0 HTTP/1.1" 200 (40 ms)
[11/Sep/2022:20:03:39 +0800] 0:0:0:0:0:0:0:1 "GET /project/tree?rootId=0 HTTP/1.1" 200 (37 ms)
[11/Sep/2022:20:03:39 +0800] 0:0:0:0:0:0:0:1 "GET /budget/division/free?projectId=3 HTTP/1.1" 404 (45 ms)
[11/Sep/2022:20:04:49 +0800] 0:0:0:0:0:0:0:1 "OPTIONS /budget/import/ HTTP/1.1" 200 (82 ms)
[11/Sep/2022:20:04:51 +0800] 0:0:0:0:0:0:0:1 "POST /budget/import/ HTTP/1.1" 200 (1893 ms)
[11/Sep/2022:20:04:55 +0800] 0:0:0:0:0:0:0:1 "GET /budget/division/free?projectId=3 HTTP/1.1" 404 (29 ms)
[11/Sep/2022:20:04:56 +0800] 0:0:0:0:0:0:0:1 "GET /budget/division/free?projectId=13 HTTP/1.1" 404 (6 ms)
[11/Sep/2022:20:04:57 +0800] 0:0:0:0:0:0:0:1 "GET /budget/division/free?projectId=3 HTTP/1.1" 404 (5 ms)
[11/Sep/2022:20:05:59 +0800] 0:0:0:0:0:0:0:1 "GET /budget/division/free?projectId=3 HTTP/1.1" 404 (7 ms)
[11/Sep/2022:20:06:20 +0800] 0:0:0:0:0:0:0:1 "GET /project/tree?rootId=0 HTTP/1.1" 200 (246 ms)
[11/Sep/2022:20:06:23 +0800] 0:0:0:0:0:0:0:1 "GET /project/tree?rootId=0 HTTP/1.1" 200 (54 ms)
[11/Sep/2022:20:06:28 +0800] 0:0:0:0:0:0:0:1 "GET /project/tree?rootId=0 HTTP/1.1" 200 (31 ms)
[11/Sep/2022:20:06:28 +0800] 0:0:0:0:0:0:0:1 "GET /budget/division/tree?projectId=3 HTTP/1.1" 200 (46 ms)
[11/Sep/2022:20:06:34 +0800] 0:0:0:0:0:0:0:1 "GET /budget/division/tree?projectId=4 HTTP/1.1" 200 (19 ms)
[11/Sep/2022:20:06:35 +0800] 0:0:0:0:0:0:0:1 "GET /budget/division/tree?projectId=3 HTTP/1.1" 200 (24 ms)
[11/Sep/2022:20:06:39 +0800] 0:0:0:0:0:0:0:1 "GET /project/tree?rootId=0 HTTP/1.1" 200 (34 ms)
[11/Sep/2022:20:06:39 +0800] 0:0:0:0:0:0:0:1 "GET /budget/division/tree?projectId=3 HTTP/1.1" 200 (34 ms)
[11/Sep/2022:20:06:42 +0800] 0:0:0:0:0:0:0:1 "GET /budget/division/tree?projectId=3 HTTP/1.1" 200 (26 ms)
[11/Sep/2022:20:06:43 +0800] 0:0:0:0:0:0:0:1 "GET /budget/division/tree?projectId=13 HTTP/1.1" 200 (18 ms)
[11/Sep/2022:20:06:44 +0800] 0:0:0:0:0:0:0:1 "GET /budget/division/tree?projectId=4 HTTP/1.1" 200 (14 ms)
[11/Sep/2022:20:06:45 +0800] 0:0:0:0:0:0:0:1 "GET /budget/division/tree?projectId=2 HTTP/1.1" 200 (26 ms)
[11/Sep/2022:20:07:01 +0800] 0:0:0:0:0:0:0:1 "GET /budget/division/tree?projectId=2 HTTP/1.1" 200 (26 ms)
[11/Sep/2022:20:08:05 +0800] 0:0:0:0:0:0:0:1 "GET /budget/division/tree?projectId=3 HTTP/1.1" 200 (25 ms)
[11/Sep/2022:20:08:08 +0800] 0:0:0:0:0:0:0:1 "GET /budget/division/tree?projectId=3 HTTP/1.1" 200 (19 ms)
[11/Sep/2022:20:11:34 +0800] 0:0:0:0:0:0:0:1 "GET /project/tree?rootId=0 HTTP/1.1" 200 (42 ms)
[11/Sep/2022:20:11:34 +0800] 0:0:0:0:0:0:0:1 "GET /budget/division/tree?rootId=&projectId=3 HTTP/1.1" 200 (27 ms)
[11/Sep/2022:20:11:41 +0800] 0:0:0:0:0:0:0:1 "GET /project/tree?rootId=0 HTTP/1.1" 200 (29 ms)
[11/Sep/2022:20:11:41 +0800] 0:0:0:0:0:0:0:1 "GET /budget/division/tree?rootId=&projectId=3 HTTP/1.1" 200 (26 ms)
[11/Sep/2022:20:11:53 +0800] 0:0:0:0:0:0:0:1 "GET /project/tree?rootId=0 HTTP/1.1" 200 (27 ms)
[11/Sep/2022:20:11:53 +0800] 0:0:0:0:0:0:0:1 "GET /budget/division/tree?rootId=&projectId=3 HTTP/1.1" 200 (24 ms)
[11/Sep/2022:20:12:13 +0800] 0:0:0:0:0:0:0:1 "GET /project/tree?rootId=0 HTTP/1.1" 200 (40 ms)
[11/Sep/2022:20:12:13 +0800] 0:0:0:0:0:0:0:1 "GET /budget/division/tree?rootId=&projectId=3 HTTP/1.1" 200 (31 ms)
[11/Sep/2022:20:12:24 +0800] 0:0:0:0:0:0:0:1 "GET /budget/division/tree?rootId=&projectId=3 HTTP/1.1" 200 (23 ms)
[11/Sep/2022:20:17:04 +0800] 0:0:0:0:0:0:0:1 "GET /project/tree?rootId=0 HTTP/1.1" 200 (1047 ms)
[11/Sep/2022:20:17:04 +0800] 0:0:0:0:0:0:0:1 "GET /budget/division/tree?rootId=&projectId=3 HTTP/1.1" 200 (42 ms)
[11/Sep/2022:20:25:26 +0800] 0:0:0:0:0:0:0:1 "GET /project/tree?rootId=0 HTTP/1.1" 200 (40 ms)
[11/Sep/2022:20:25:26 +0800] 0:0:0:0:0:0:0:1 "GET /budget/division/tree?rootId=&projectId=3 HTTP/1.1" 200 (27 ms)
[11/Sep/2022:20:25:56 +0800] 0:0:0:0:0:0:0:1 "GET /project/tree?rootId=0 HTTP/1.1" 200 (44 ms)
[11/Sep/2022:20:25:56 +0800] 0:0:0:0:0:0:0:1 "GET /budget/division/tree?rootId=&projectId=3 HTTP/1.1" 200 (38 ms)
[11/Sep/2022:20:28:12 +0800] 0:0:0:0:0:0:0:1 "GET /project/tree?rootId=0 HTTP/1.1" 200 (54 ms)
[11/Sep/2022:20:28:12 +0800] 0:0:0:0:0:0:0:1 "GET /budget/division/tree?rootId=&projectId=3 HTTP/1.1" 200 (50 ms)
