[16/Sep/2022:08:36:34 +0800] 0:0:0:0:0:0:0:1 "POST /system/token HTTP/1.1" 200 (148 ms)
[16/Sep/2022:08:36:34 +0800] 0:0:0:0:0:0:0:1 "GET /system/menu HTTP/1.1" 200 (73 ms)
[16/Sep/2022:08:36:36 +0800] 0:0:0:0:0:0:0:1 "GET /project/fetch?ownId=0 HTTP/1.1" 200 (1416 ms)
[16/Sep/2022:08:36:41 +0800] 0:0:0:0:0:0:0:1 "GET /project/tree?rootId=0 HTTP/1.1" 200 (32 ms)
[16/Sep/2022:08:36:41 +0800] 0:0:0:0:0:0:0:1 "GET /budget/division/tree?rootId=&projectId=3 HTTP/1.1" 200 (144 ms)
[16/Sep/2022:08:36:52 +0800] 0:0:0:0:0:0:0:1 "OPTIONS /budget/division/push HTTP/1.1" 200 (6 ms)
[16/Sep/2022:08:36:52 +0800] 0:0:0:0:0:0:0:1 "POST /budget/division/push HTTP/1.1" 200 (64 ms)
[16/Sep/2022:08:37:57 +0800] 0:0:0:0:0:0:0:1 "POST /budget/division/push HTTP/1.1" 200 (40 ms)
[16/Sep/2022:08:39:02 +0800] 0:0:0:0:0:0:0:1 "GET /project/tree?rootId=0 HTTP/1.1" 200 (37 ms)
[16/Sep/2022:08:39:02 +0800] 0:0:0:0:0:0:0:1 "GET /budget/division/tree?rootId=&projectId=3 HTTP/1.1" 200 (24 ms)
[16/Sep/2022:08:39:08 +0800] 0:0:0:0:0:0:0:1 "GET /project/tree?rootId=0 HTTP/1.1" 200 (42 ms)
[16/Sep/2022:08:39:09 +0800] 0:0:0:0:0:0:0:1 "GET /budget/division/tree?rootId=&projectId=3 HTTP/1.1" 200 (65 ms)
[16/Sep/2022:08:39:24 +0800] 0:0:0:0:0:0:0:1 "POST /budget/division/push HTTP/1.1" 200 (105 ms)
[16/Sep/2022:08:42:20 +0800] 0:0:0:0:0:0:0:1 "GET /project/tree?rootId=0 HTTP/1.1" 200 (45 ms)
[16/Sep/2022:08:42:20 +0800] 0:0:0:0:0:0:0:1 "GET /budget/division/tree?rootId=&projectId=3 HTTP/1.1" 200 (34 ms)
[16/Sep/2022:08:42:25 +0800] 0:0:0:0:0:0:0:1 "GET /project/tree?rootId=0 HTTP/1.1" 200 (37 ms)
[16/Sep/2022:08:42:25 +0800] 0:0:0:0:0:0:0:1 "GET /budget/division/tree?rootId=&projectId=3 HTTP/1.1" 200 (58 ms)
[16/Sep/2022:08:42:30 +0800] 0:0:0:0:0:0:0:1 "POST /budget/division/push HTTP/1.1" 200 (8 ms)
[16/Sep/2022:09:37:28 +0800] 0:0:0:0:0:0:0:1 "OPTIONS /budget/division/push HTTP/1.1" 200 (5 ms)
[16/Sep/2022:09:37:28 +0800] 0:0:0:0:0:0:0:1 "POST /budget/division/push HTTP/1.1" 200 (392 ms)
[16/Sep/2022:09:37:41 +0800] 0:0:0:0:0:0:0:1 "POST /budget/division/push HTTP/1.1" 200 (309 ms)
[16/Sep/2022:09:37:48 +0800] 0:0:0:0:0:0:0:1 "POST /budget/division/push HTTP/1.1" 200 (123 ms)
[16/Sep/2022:09:48:11 +0800] 0:0:0:0:0:0:0:1 "GET /project/tree?rootId=0 HTTP/1.1" 200 (52 ms)
[16/Sep/2022:09:48:11 +0800] 0:0:0:0:0:0:0:1 "GET /budget/division/tree?rootId=&projectId=3 HTTP/1.1" 200 (20 ms)
[16/Sep/2022:09:48:17 +0800] 0:0:0:0:0:0:0:1 "GET /project/tree?rootId=0 HTTP/1.1" 200 (32 ms)
[16/Sep/2022:09:48:17 +0800] 0:0:0:0:0:0:0:1 "GET /budget/division/tree?rootId=&projectId=3 HTTP/1.1" 200 (34 ms)
[16/Sep/2022:09:48:22 +0800] 0:0:0:0:0:0:0:1 "POST /budget/division/push HTTP/1.1" 200 (413 ms)
[16/Sep/2022:09:48:26 +0800] 0:0:0:0:0:0:0:1 "GET /project/tree?rootId=0 HTTP/1.1" 200 (39 ms)
[16/Sep/2022:09:48:26 +0800] 0:0:0:0:0:0:0:1 "GET /budget/division/tree?rootId=&projectId=3 HTTP/1.1" 200 (42 ms)
[16/Sep/2022:09:50:14 +0800] 0:0:0:0:0:0:0:1 "GET /project/tree?rootId=0 HTTP/1.1" 200 (35 ms)
[16/Sep/2022:09:50:14 +0800] 0:0:0:0:0:0:0:1 "GET /budget/division/tree?rootId=&projectId=3 HTTP/1.1" 200 (20 ms)
[16/Sep/2022:09:50:20 +0800] 0:0:0:0:0:0:0:1 "GET /project/tree?rootId=0 HTTP/1.1" 200 (30 ms)
[16/Sep/2022:09:50:20 +0800] 0:0:0:0:0:0:0:1 "GET /budget/division/tree?rootId=&projectId=3 HTTP/1.1" 200 (30 ms)
[16/Sep/2022:09:50:23 +0800] 0:0:0:0:0:0:0:1 "POST /budget/division/push HTTP/1.1" 200 (85 ms)
[16/Sep/2022:09:50:40 +0800] 0:0:0:0:0:0:0:1 "GET /project/tree?rootId=0 HTTP/1.1" 200 (32 ms)
[16/Sep/2022:09:50:40 +0800] 0:0:0:0:0:0:0:1 "GET /budget/division/tree?rootId=&projectId=3 HTTP/1.1" 200 (19 ms)
[16/Sep/2022:09:52:33 +0800] 0:0:0:0:0:0:0:1 "GET /project/tree?rootId=0 HTTP/1.1" 200 (61 ms)
[16/Sep/2022:09:52:33 +0800] 0:0:0:0:0:0:0:1 "GET /budget/division/tree?rootId=&projectId=3 HTTP/1.1" 200 (37 ms)
[16/Sep/2022:09:52:57 +0800] 0:0:0:0:0:0:0:1 "GET /project/tree?rootId=0 HTTP/1.1" 200 (31 ms)
[16/Sep/2022:09:52:57 +0800] 0:0:0:0:0:0:0:1 "GET /budget/division/tree?rootId=&projectId=3 HTTP/1.1" 200 (34 ms)
[16/Sep/2022:09:53:10 +0800] 0:0:0:0:0:0:0:1 "POST /budget/division/push HTTP/1.1" 200 (343 ms)
[16/Sep/2022:09:54:24 +0800] 0:0:0:0:0:0:0:1 "GET /project/tree?rootId=0 HTTP/1.1" 200 (40 ms)
[16/Sep/2022:09:54:26 +0800] 0:0:0:0:0:0:0:1 "GET /project/tree?rootId=0 HTTP/1.1" 200 (29 ms)
[16/Sep/2022:09:54:29 +0800] 0:0:0:0:0:0:0:1 "GET /project/tree?rootId=0 HTTP/1.1" 200 (29 ms)
[16/Sep/2022:09:54:29 +0800] 0:0:0:0:0:0:0:1 "GET /budget/division/tree?rootId=&projectId=3 HTTP/1.1" 200 (36 ms)
[16/Sep/2022:09:54:41 +0800] 0:0:0:0:0:0:0:1 "POST /budget/division/push HTTP/1.1" 200 (425 ms)
[16/Sep/2022:09:55:10 +0800] 0:0:0:0:0:0:0:1 "GET /project/tree?rootId=0 HTTP/1.1" 200 (32 ms)
[16/Sep/2022:09:55:10 +0800] 0:0:0:0:0:0:0:1 "GET /budget/division/tree?rootId=&projectId=3 HTTP/1.1" 200 (30 ms)
[16/Sep/2022:09:55:15 +0800] 0:0:0:0:0:0:0:1 "GET /project/tree?rootId=0 HTTP/1.1" 200 (29 ms)
[16/Sep/2022:09:55:15 +0800] 0:0:0:0:0:0:0:1 "GET /budget/division/tree?rootId=&projectId=3 HTTP/1.1" 200 (36 ms)
[16/Sep/2022:09:55:27 +0800] 0:0:0:0:0:0:0:1 "POST /budget/division/push HTTP/1.1" 200 (19 ms)
[16/Sep/2022:09:57:00 +0800] 0:0:0:0:0:0:0:1 "GET /project/tree?rootId=0 HTTP/1.1" 200 (49 ms)
[16/Sep/2022:09:57:06 +0800] 0:0:0:0:0:0:0:1 "GET /project/tree?rootId=0 HTTP/1.1" 200 (30 ms)
[16/Sep/2022:09:57:06 +0800] 0:0:0:0:0:0:0:1 "GET /budget/division/tree?rootId=&projectId=3 HTTP/1.1" 200 (30 ms)
[16/Sep/2022:09:59:29 +0800] 0:0:0:0:0:0:0:1 "GET /project/tree?rootId=0 HTTP/1.1" 200 (37 ms)
[16/Sep/2022:09:59:29 +0800] 0:0:0:0:0:0:0:1 "GET /budget/division/tree?rootId=&projectId=3 HTTP/1.1" 200 (16 ms)
[16/Sep/2022:10:00:08 +0800] 0:0:0:0:0:0:0:1 "GET /project/tree?rootId=0 HTTP/1.1" 200 (26 ms)
[16/Sep/2022:10:00:08 +0800] 0:0:0:0:0:0:0:1 "GET /budget/division/tree?rootId=&projectId=3 HTTP/1.1" 200 (23 ms)
[16/Sep/2022:10:01:34 +0800] 0:0:0:0:0:0:0:1 "GET /project/tree?rootId=0 HTTP/1.1" 200 (31 ms)
[16/Sep/2022:10:01:34 +0800] 0:0:0:0:0:0:0:1 "GET /budget/division/tree?rootId=&projectId=3 HTTP/1.1" 200 (33 ms)
[16/Sep/2022:10:01:46 +0800] 0:0:0:0:0:0:0:1 "GET /project/tree?rootId=0 HTTP/1.1" 200 (27 ms)
[16/Sep/2022:10:01:46 +0800] 0:0:0:0:0:0:0:1 "GET /budget/division/tree?rootId=&projectId=3 HTTP/1.1" 200 (33 ms)
[16/Sep/2022:10:02:14 +0800] 0:0:0:0:0:0:0:1 "GET /project/tree?rootId=0 HTTP/1.1" 200 (19 ms)
[16/Sep/2022:10:02:14 +0800] 0:0:0:0:0:0:0:1 "GET /budget/division/tree?rootId=&projectId=3 HTTP/1.1" 200 (18 ms)
[16/Sep/2022:10:02:32 +0800] 0:0:0:0:0:0:0:1 "GET /project/tree?rootId=0 HTTP/1.1" 200 (27 ms)
[16/Sep/2022:10:02:32 +0800] 0:0:0:0:0:0:0:1 "GET /budget/division/tree?rootId=&projectId=3 HTTP/1.1" 200 (35 ms)
[16/Sep/2022:10:05:36 +0800] 0:0:0:0:0:0:0:1 "GET /project/tree?rootId=0 HTTP/1.1" 200 (37 ms)
[16/Sep/2022:10:05:36 +0800] 0:0:0:0:0:0:0:1 "GET /budget/division/tree?rootId=&projectId=3 HTTP/1.1" 200 (29 ms)
[16/Sep/2022:10:05:40 +0800] 0:0:0:0:0:0:0:1 "GET /project/tree?rootId=0 HTTP/1.1" 200 (28 ms)
[16/Sep/2022:10:05:40 +0800] 0:0:0:0:0:0:0:1 "GET /budget/division/tree?rootId=&projectId=3 HTTP/1.1" 200 (22 ms)
[16/Sep/2022:10:10:36 +0800] 0:0:0:0:0:0:0:1 "GET /project/tree?rootId=0 HTTP/1.1" 200 (55 ms)
[16/Sep/2022:10:10:39 +0800] 0:0:0:0:0:0:0:1 "GET /project/tree?rootId=0 HTTP/1.1" 200 (38 ms)
[16/Sep/2022:10:10:43 +0800] 0:0:0:0:0:0:0:1 "GET /project/tree?rootId=0 HTTP/1.1" 200 (29 ms)
[16/Sep/2022:10:10:43 +0800] 0:0:0:0:0:0:0:1 "GET /budget/division/tree?rootId=&projectId=3 HTTP/1.1" 200 (29 ms)
[16/Sep/2022:10:19:16 +0800] 0:0:0:0:0:0:0:1 "GET /project/tree?rootId=0 HTTP/1.1" 200 (25 ms)
[16/Sep/2022:10:19:16 +0800] 0:0:0:0:0:0:0:1 "GET /budget/division/tree?rootId=&projectId=3 HTTP/1.1" 200 (18 ms)
[16/Sep/2022:10:20:34 +0800] 0:0:0:0:0:0:0:1 "GET /project/tree?rootId=0 HTTP/1.1" 200 (22 ms)
[16/Sep/2022:10:20:34 +0800] 0:0:0:0:0:0:0:1 "GET /budget/division/tree?rootId=&projectId=3 HTTP/1.1" 200 (17 ms)
[16/Sep/2022:10:23:31 +0800] 0:0:0:0:0:0:0:1 "GET /project/tree?rootId=0 HTTP/1.1" 200 (23 ms)
[16/Sep/2022:10:23:31 +0800] 0:0:0:0:0:0:0:1 "GET /budget/division/tree?rootId=&projectId=3 HTTP/1.1" 200 (18 ms)
[16/Sep/2022:10:25:24 +0800] 0:0:0:0:0:0:0:1 "GET /project/tree?rootId=0 HTTP/1.1" 200 (90 ms)
[16/Sep/2022:10:25:24 +0800] 0:0:0:0:0:0:0:1 "GET /budget/division/tree?rootId=&projectId=3 HTTP/1.1" 200 (16 ms)
[16/Sep/2022:10:25:37 +0800] 0:0:0:0:0:0:0:1 "GET /project/tree?rootId=0 HTTP/1.1" 200 (17 ms)
[16/Sep/2022:10:25:37 +0800] 0:0:0:0:0:0:0:1 "GET /budget/division/tree?rootId=&projectId=3 HTTP/1.1" 200 (17 ms)
[16/Sep/2022:10:26:25 +0800] 0:0:0:0:0:0:0:1 "GET /project/tree?rootId=0 HTTP/1.1" 200 (30 ms)
[16/Sep/2022:10:26:25 +0800] 0:0:0:0:0:0:0:1 "GET /budget/division/tree?rootId=&projectId=3 HTTP/1.1" 200 (35 ms)
[16/Sep/2022:10:27:45 +0800] 0:0:0:0:0:0:0:1 "GET /project/tree?rootId=0 HTTP/1.1" 200 (26 ms)
[16/Sep/2022:10:27:45 +0800] 0:0:0:0:0:0:0:1 "GET /budget/division/tree?rootId=&projectId=3 HTTP/1.1" 200 (18 ms)
[16/Sep/2022:10:27:50 +0800] 0:0:0:0:0:0:0:1 "GET /project/tree?rootId=0 HTTP/1.1" 200 (28 ms)
[16/Sep/2022:10:27:50 +0800] 0:0:0:0:0:0:0:1 "GET /budget/division/tree?rootId=&projectId=3 HTTP/1.1" 200 (26 ms)
[16/Sep/2022:10:29:22 +0800] 0:0:0:0:0:0:0:1 "GET /project/tree?rootId=0 HTTP/1.1" 200 (24 ms)
[16/Sep/2022:10:29:22 +0800] 0:0:0:0:0:0:0:1 "GET /budget/division/tree?rootId=&projectId=3 HTTP/1.1" 200 (23 ms)
[16/Sep/2022:10:29:27 +0800] 0:0:0:0:0:0:0:1 "GET /project/tree?rootId=0 HTTP/1.1" 200 (26 ms)
[16/Sep/2022:10:29:27 +0800] 0:0:0:0:0:0:0:1 "GET /budget/division/tree?rootId=&projectId=3 HTTP/1.1" 200 (37 ms)
[16/Sep/2022:10:30:15 +0800] 0:0:0:0:0:0:0:1 "GET /project/tree?rootId=0 HTTP/1.1" 200 (25 ms)
[16/Sep/2022:10:30:15 +0800] 0:0:0:0:0:0:0:1 "GET /budget/division/tree?rootId=&projectId=3 HTTP/1.1" 200 (21 ms)
[16/Sep/2022:10:30:20 +0800] 0:0:0:0:0:0:0:1 "GET /project/tree?rootId=0 HTTP/1.1" 200 (29 ms)
[16/Sep/2022:10:30:20 +0800] 0:0:0:0:0:0:0:1 "GET /budget/division/tree?rootId=&projectId=3 HTTP/1.1" 200 (31 ms)
[16/Sep/2022:10:36:16 +0800] 0:0:0:0:0:0:0:1 "GET /project/tree?rootId=0 HTTP/1.1" 200 (28 ms)
[16/Sep/2022:10:36:26 +0800] 0:0:0:0:0:0:0:1 "GET /project/tree?rootId=0 HTTP/1.1" 200 (27 ms)
[16/Sep/2022:10:39:08 +0800] 0:0:0:0:0:0:0:1 "GET /project/tree?rootId=0 HTTP/1.1" 200 (52 ms)
[16/Sep/2022:10:39:08 +0800] 0:0:0:0:0:0:0:1 "GET /budget/division/tree?rootId=&projectId=3 HTTP/1.1" 200 (28 ms)
[16/Sep/2022:10:39:16 +0800] 0:0:0:0:0:0:0:1 "GET /project/tree?rootId=0 HTTP/1.1" 200 (35 ms)
[16/Sep/2022:10:39:16 +0800] 0:0:0:0:0:0:0:1 "GET /budget/division/tree?rootId=&projectId=3 HTTP/1.1" 200 (36 ms)
[16/Sep/2022:10:39:45 +0800] 0:0:0:0:0:0:0:1 "GET /project/tree?rootId=0 HTTP/1.1" 200 (23 ms)
[16/Sep/2022:10:39:45 +0800] 0:0:0:0:0:0:0:1 "GET /budget/division/tree?rootId=&projectId=3 HTTP/1.1" 200 (17 ms)
[16/Sep/2022:10:39:53 +0800] 0:0:0:0:0:0:0:1 "GET /project/tree?rootId=0 HTTP/1.1" 200 (44 ms)
[16/Sep/2022:10:39:54 +0800] 0:0:0:0:0:0:0:1 "GET /budget/division/tree?rootId=&projectId=3 HTTP/1.1" 200 (40 ms)
[16/Sep/2022:10:39:57 +0800] 0:0:0:0:0:0:0:1 "GET /project/tree?rootId=0 HTTP/1.1" 200 (32 ms)
[16/Sep/2022:10:39:57 +0800] 0:0:0:0:0:0:0:1 "GET /budget/division/tree?rootId=&projectId=3 HTTP/1.1" 200 (33 ms)
[16/Sep/2022:10:42:00 +0800] 0:0:0:0:0:0:0:1 "GET /project/tree?rootId=0 HTTP/1.1" 200 (49 ms)
[16/Sep/2022:10:42:00 +0800] 0:0:0:0:0:0:0:1 "GET /budget/division/tree?rootId=&projectId=3 HTTP/1.1" 200 (32 ms)
[16/Sep/2022:10:42:59 +0800] 0:0:0:0:0:0:0:1 "OPTIONS /budget/division/push HTTP/1.1" 200 (2 ms)
[16/Sep/2022:10:42:59 +0800] 0:0:0:0:0:0:0:1 "POST /budget/division/push HTTP/1.1" 200 (10 ms)
[16/Sep/2022:10:50:50 +0800] 0:0:0:0:0:0:0:1 "GET /project/tree?rootId=0 HTTP/1.1" 200 (27 ms)
[16/Sep/2022:10:50:50 +0800] 0:0:0:0:0:0:0:1 "GET /budget/division/tree?rootId=&projectId=3 HTTP/1.1" 200 (28 ms)
[16/Sep/2022:10:51:43 +0800] 0:0:0:0:0:0:0:1 "GET /project/tree?rootId=0 HTTP/1.1" 200 (25 ms)
[16/Sep/2022:10:51:43 +0800] 0:0:0:0:0:0:0:1 "GET /budget/division/tree?rootId=&projectId=3 HTTP/1.1" 200 (20 ms)
[16/Sep/2022:10:56:30 +0800] 0:0:0:0:0:0:0:1 "GET /project/tree?rootId=0 HTTP/1.1" 200 (57 ms)
[16/Sep/2022:10:56:30 +0800] 0:0:0:0:0:0:0:1 "GET /budget/division/tree?rootId=&projectId=3 HTTP/1.1" 200 (33 ms)
[16/Sep/2022:10:56:40 +0800] 0:0:0:0:0:0:0:1 "GET /project/tree?rootId=0 HTTP/1.1" 200 (32 ms)
[16/Sep/2022:10:56:40 +0800] 0:0:0:0:0:0:0:1 "GET /budget/division/tree?rootId=&projectId=3 HTTP/1.1" 200 (33 ms)
[16/Sep/2022:10:57:47 +0800] 0:0:0:0:0:0:0:1 "GET /project/tree?rootId=0 HTTP/1.1" 200 (50 ms)
[16/Sep/2022:10:57:47 +0800] 0:0:0:0:0:0:0:1 "GET /budget/division/tree?rootId=&projectId=3 HTTP/1.1" 200 (25 ms)
[16/Sep/2022:11:01:13 +0800] 0:0:0:0:0:0:0:1 "GET /project/tree?rootId=0 HTTP/1.1" 200 (66 ms)
[16/Sep/2022:11:01:25 +0800] 0:0:0:0:0:0:0:1 "GET /project/tree?rootId=0 HTTP/1.1" 200 (37 ms)
[16/Sep/2022:11:05:18 +0800] 0:0:0:0:0:0:0:1 "GET /project/tree?rootId=0 HTTP/1.1" 200 (54 ms)
[16/Sep/2022:11:05:18 +0800] 0:0:0:0:0:0:0:1 "GET /budget/division/tree?rootId=&projectId=3 HTTP/1.1" 200 (28 ms)
[16/Sep/2022:11:05:30 +0800] 0:0:0:0:0:0:0:1 "GET /project/tree?rootId=0 HTTP/1.1" 200 (34 ms)
[16/Sep/2022:11:05:30 +0800] 0:0:0:0:0:0:0:1 "GET /budget/division/tree?rootId=&projectId=3 HTTP/1.1" 200 (31 ms)
[16/Sep/2022:11:05:33 +0800] 0:0:0:0:0:0:0:1 "GET /project/tree?rootId=0 HTTP/1.1" 200 (35 ms)
[16/Sep/2022:11:05:33 +0800] 0:0:0:0:0:0:0:1 "GET /budget/division/tree?rootId=&projectId=3 HTTP/1.1" 200 (33 ms)
[16/Sep/2022:11:05:52 +0800] 0:0:0:0:0:0:0:1 "GET /project/tree?rootId=0 HTTP/1.1" 200 (26 ms)
[16/Sep/2022:11:05:52 +0800] 0:0:0:0:0:0:0:1 "GET /budget/division/tree?rootId=&projectId=3 HTTP/1.1" 200 (17 ms)
[16/Sep/2022:11:05:57 +0800] 0:0:0:0:0:0:0:1 "GET /project/tree?rootId=0 HTTP/1.1" 200 (31 ms)
[16/Sep/2022:11:05:57 +0800] 0:0:0:0:0:0:0:1 "GET /budget/division/tree?rootId=&projectId=3 HTTP/1.1" 200 (27 ms)
[16/Sep/2022:11:06:24 +0800] 0:0:0:0:0:0:0:1 "POST /budget/division/push HTTP/1.1" 200 (426 ms)
[16/Sep/2022:11:06:27 +0800] 0:0:0:0:0:0:0:1 "POST /budget/division/push HTTP/1.1" 200 (112 ms)
[16/Sep/2022:11:06:59 +0800] 0:0:0:0:0:0:0:1 "GET /project/tree?rootId=0 HTTP/1.1" 200 (25 ms)
[16/Sep/2022:11:06:59 +0800] 0:0:0:0:0:0:0:1 "GET /budget/division/tree?rootId=&projectId=3 HTTP/1.1" 200 (20 ms)
[16/Sep/2022:11:21:06 +0800] 0:0:0:0:0:0:0:1 "GET /project/tree?rootId=0 HTTP/1.1" 200 (30 ms)
[16/Sep/2022:11:25:18 +0800] 0:0:0:0:0:0:0:1 "GET /project/tree?rootId=0 HTTP/1.1" 200 (42 ms)
[16/Sep/2022:11:25:18 +0800] 0:0:0:0:0:0:0:1 "GET /budget/division/tree?rootId=&projectId=3 HTTP/1.1" 200 (40 ms)
[16/Sep/2022:11:27:45 +0800] 0:0:0:0:0:0:0:1 "GET /project/tree?rootId=0 HTTP/1.1" 200 (29 ms)
[16/Sep/2022:11:29:37 +0800] 0:0:0:0:0:0:0:1 "GET /project/tree?rootId=0 HTTP/1.1" 200 (34 ms)
[16/Sep/2022:11:29:46 +0800] 0:0:0:0:0:0:0:1 "GET /project/tree?rootId=0 HTTP/1.1" 200 (31 ms)
[16/Sep/2022:11:31:01 +0800] 0:0:0:0:0:0:0:1 "GET /project/tree?rootId=0 HTTP/1.1" 200 (48 ms)
[16/Sep/2022:11:31:20 +0800] 0:0:0:0:0:0:0:1 "GET /project/tree?rootId=0 HTTP/1.1" 200 (48 ms)
[16/Sep/2022:11:31:20 +0800] 0:0:0:0:0:0:0:1 "GET /budget/division/tree?rootId=&projectId=3 HTTP/1.1" 200 (28 ms)
[16/Sep/2022:11:31:32 +0800] 0:0:0:0:0:0:0:1 "GET /project/tree?rootId=0 HTTP/1.1" 200 (25 ms)
[16/Sep/2022:11:31:36 +0800] 0:0:0:0:0:0:0:1 "GET /project/tree?rootId=0 HTTP/1.1" 200 (32 ms)
[16/Sep/2022:11:33:09 +0800] 0:0:0:0:0:0:0:1 "GET /project/tree?rootId=0 HTTP/1.1" 200 (45 ms)
[16/Sep/2022:11:33:09 +0800] 0:0:0:0:0:0:0:1 "GET /budget/division/tree?rootId=&projectId=3 HTTP/1.1" 200 (30 ms)
[16/Sep/2022:11:35:43 +0800] 0:0:0:0:0:0:0:1 "GET /project/tree?rootId=0 HTTP/1.1" 200 (40 ms)
[16/Sep/2022:11:35:43 +0800] 0:0:0:0:0:0:0:1 "GET /budget/division/tree?rootId=&projectId=3 HTTP/1.1" 200 (28 ms)
[16/Sep/2022:11:35:45 +0800] 0:0:0:0:0:0:0:1 "GET /project/tree?rootId=0 HTTP/1.1" 200 (39 ms)
[16/Sep/2022:11:35:45 +0800] 0:0:0:0:0:0:0:1 "GET /budget/division/tree?rootId=&projectId=3 HTTP/1.1" 200 (25 ms)
[16/Sep/2022:11:35:52 +0800] 0:0:0:0:0:0:0:1 "OPTIONS /budget/division/push HTTP/1.1" 200 (1 ms)
[16/Sep/2022:11:35:52 +0800] 0:0:0:0:0:0:0:1 "POST /budget/division/push HTTP/1.1" 200 (63 ms)
[16/Sep/2022:11:36:23 +0800] 0:0:0:0:0:0:0:1 "POST /budget/division/push HTTP/1.1" 200 (103 ms)
[16/Sep/2022:11:39:57 +0800] 0:0:0:0:0:0:0:1 "GET /project/tree?rootId=0 HTTP/1.1" 200 (29 ms)
[16/Sep/2022:11:39:57 +0800] 0:0:0:0:0:0:0:1 "GET /budget/division/tree?rootId=&projectId=3 HTTP/1.1" 200 (20 ms)
[16/Sep/2022:11:40:31 +0800] 0:0:0:0:0:0:0:1 "GET /project/tree?rootId=0 HTTP/1.1" 200 (25 ms)
[16/Sep/2022:11:40:31 +0800] 0:0:0:0:0:0:0:1 "GET /budget/division/tree?rootId=&projectId=3 HTTP/1.1" 200 (19 ms)
[16/Sep/2022:11:41:46 +0800] 0:0:0:0:0:0:0:1 "POST /budget/division/push HTTP/1.1" 200 (135 ms)
[16/Sep/2022:11:41:56 +0800] 0:0:0:0:0:0:0:1 "POST /budget/division/push HTTP/1.1" 200 (5 ms)
[16/Sep/2022:11:42:51 +0800] 0:0:0:0:0:0:0:1 "GET /project/tree?rootId=0 HTTP/1.1" 200 (34 ms)
[16/Sep/2022:11:42:51 +0800] 0:0:0:0:0:0:0:1 "GET /budget/division/tree?rootId=&projectId=3 HTTP/1.1" 200 (23 ms)
[16/Sep/2022:11:42:54 +0800] 0:0:0:0:0:0:0:1 "GET /project/tree?rootId=0 HTTP/1.1" 200 (32 ms)
[16/Sep/2022:11:42:54 +0800] 0:0:0:0:0:0:0:1 "GET /budget/division/tree?rootId=&projectId=3 HTTP/1.1" 200 (28 ms)
[16/Sep/2022:11:43:01 +0800] 0:0:0:0:0:0:0:1 "POST /budget/division/push HTTP/1.1" 200 (6 ms)
[16/Sep/2022:11:46:32 +0800] 0:0:0:0:0:0:0:1 "GET /project/tree?rootId=0 HTTP/1.1" 200 (56 ms)
[16/Sep/2022:11:46:32 +0800] 0:0:0:0:0:0:0:1 "GET /budget/division/tree?rootId=&projectId=3 HTTP/1.1" 200 (27 ms)
[16/Sep/2022:11:50:13 +0800] 0:0:0:0:0:0:0:1 "GET /project/tree?rootId=0 HTTP/1.1" 200 (26 ms)
[16/Sep/2022:11:50:13 +0800] 0:0:0:0:0:0:0:1 "GET /budget/division/tree?rootId=&projectId=3 HTTP/1.1" 200 (17 ms)
[16/Sep/2022:11:50:31 +0800] 0:0:0:0:0:0:0:1 "GET /project/tree?rootId=0 HTTP/1.1" 200 (31 ms)
[16/Sep/2022:11:50:31 +0800] 0:0:0:0:0:0:0:1 "GET /budget/division/tree?rootId=&projectId=3 HTTP/1.1" 200 (30 ms)
[16/Sep/2022:11:51:02 +0800] 0:0:0:0:0:0:0:1 "GET /project/tree?rootId=0 HTTP/1.1" 200 (24 ms)
[16/Sep/2022:11:51:02 +0800] 0:0:0:0:0:0:0:1 "GET /budget/division/tree?rootId=&projectId=3 HTTP/1.1" 200 (20 ms)
[16/Sep/2022:11:51:12 +0800] 0:0:0:0:0:0:0:1 "GET /project/tree?rootId=0 HTTP/1.1" 200 (40 ms)
[16/Sep/2022:11:51:12 +0800] 0:0:0:0:0:0:0:1 "GET /budget/division/tree?rootId=&projectId=3 HTTP/1.1" 200 (27 ms)
[16/Sep/2022:11:51:36 +0800] 0:0:0:0:0:0:0:1 "GET /project/tree?rootId=0 HTTP/1.1" 200 (32 ms)
[16/Sep/2022:11:51:36 +0800] 0:0:0:0:0:0:0:1 "GET /budget/division/tree?rootId=&projectId=3 HTTP/1.1" 200 (24 ms)
[16/Sep/2022:11:51:46 +0800] 0:0:0:0:0:0:0:1 "GET /project/tree?rootId=0 HTTP/1.1" 200 (29 ms)
[16/Sep/2022:11:51:46 +0800] 0:0:0:0:0:0:0:1 "GET /budget/division/tree?rootId=&projectId=3 HTTP/1.1" 200 (28 ms)
[16/Sep/2022:11:53:43 +0800] 0:0:0:0:0:0:0:1 "GET /project/tree?rootId=0 HTTP/1.1" 200 (38 ms)
[16/Sep/2022:11:53:46 +0800] 0:0:0:0:0:0:0:1 "GET /project/tree?rootId=0 HTTP/1.1" 200 (31 ms)
[16/Sep/2022:11:53:46 +0800] 0:0:0:0:0:0:0:1 "GET /budget/division/tree?rootId=&projectId=3 HTTP/1.1" 200 (33 ms)
[16/Sep/2022:11:54:08 +0800] 0:0:0:0:0:0:0:1 "GET /project/tree?rootId=0 HTTP/1.1" 200 (18 ms)
[16/Sep/2022:11:54:17 +0800] 0:0:0:0:0:0:0:1 "GET /project/tree?rootId=0 HTTP/1.1" 200 (32 ms)
[16/Sep/2022:11:54:45 +0800] 0:0:0:0:0:0:0:1 "GET /project/tree?rootId=0 HTTP/1.1" 200 (46 ms)
[16/Sep/2022:11:54:45 +0800] 0:0:0:0:0:0:0:1 "GET /budget/division/tree?rootId=&projectId=3 HTTP/1.1" 200 (36 ms)
[16/Sep/2022:11:57:06 +0800] 0:0:0:0:0:0:0:1 "GET /project/tree?rootId=0 HTTP/1.1" 200 (35 ms)
[16/Sep/2022:11:57:06 +0800] 0:0:0:0:0:0:0:1 "GET /budget/division/tree?rootId=&projectId=3 HTTP/1.1" 200 (19 ms)
[16/Sep/2022:11:57:13 +0800] 0:0:0:0:0:0:0:1 "GET /project/tree?rootId=0 HTTP/1.1" 200 (31 ms)
[16/Sep/2022:11:57:13 +0800] 0:0:0:0:0:0:0:1 "GET /budget/division/tree?rootId=&projectId=3 HTTP/1.1" 200 (27 ms)
[16/Sep/2022:11:57:45 +0800] 0:0:0:0:0:0:0:1 "POST /budget/division/push HTTP/1.1" 200 (403 ms)
[16/Sep/2022:11:58:53 +0800] 0:0:0:0:0:0:0:1 "GET /project/tree?rootId=0 HTTP/1.1" 200 (31 ms)
[16/Sep/2022:11:58:53 +0800] 0:0:0:0:0:0:0:1 "GET /budget/division/tree?rootId=&projectId=3 HTTP/1.1" 200 (16 ms)
[16/Sep/2022:11:58:58 +0800] 0:0:0:0:0:0:0:1 "GET /project/tree?rootId=0 HTTP/1.1" 200 (31 ms)
[16/Sep/2022:11:58:58 +0800] 0:0:0:0:0:0:0:1 "GET /budget/division/tree?rootId=&projectId=3 HTTP/1.1" 200 (30 ms)
[16/Sep/2022:11:59:35 +0800] 0:0:0:0:0:0:0:1 "GET /project/tree?rootId=0 HTTP/1.1" 200 (34 ms)
[16/Sep/2022:11:59:35 +0800] 0:0:0:0:0:0:0:1 "GET /budget/division/tree?rootId=&projectId=3 HTTP/1.1" 200 (31 ms)
[16/Sep/2022:12:00:30 +0800] 0:0:0:0:0:0:0:1 "GET /project/tree?rootId=0 HTTP/1.1" 200 (23 ms)
[16/Sep/2022:12:00:30 +0800] 0:0:0:0:0:0:0:1 "GET /budget/division/tree?rootId=&projectId=3 HTTP/1.1" 200 (19 ms)
[16/Sep/2022:12:00:33 +0800] 0:0:0:0:0:0:0:1 "GET /project/tree?rootId=0 HTTP/1.1" 200 (35 ms)
[16/Sep/2022:12:00:33 +0800] 0:0:0:0:0:0:0:1 "GET /budget/division/tree?rootId=&projectId=3 HTTP/1.1" 200 (38 ms)
[16/Sep/2022:12:01:23 +0800] 0:0:0:0:0:0:0:1 "GET /project/tree?rootId=0 HTTP/1.1" 200 (18 ms)
[16/Sep/2022:12:01:23 +0800] 0:0:0:0:0:0:0:1 "GET /budget/division/tree?rootId=&projectId=3 HTTP/1.1" 200 (16 ms)
[16/Sep/2022:12:01:27 +0800] 0:0:0:0:0:0:0:1 "GET /project/tree?rootId=0 HTTP/1.1" 200 (30 ms)
[16/Sep/2022:12:01:27 +0800] 0:0:0:0:0:0:0:1 "GET /budget/division/tree?rootId=&projectId=3 HTTP/1.1" 200 (37 ms)
[16/Sep/2022:12:02:59 +0800] 0:0:0:0:0:0:0:1 "GET /project/tree?rootId=0 HTTP/1.1" 200 (30 ms)
[16/Sep/2022:12:02:59 +0800] 0:0:0:0:0:0:0:1 "GET /budget/division/tree?rootId=&projectId=3 HTTP/1.1" 200 (17 ms)
[16/Sep/2022:12:03:04 +0800] 0:0:0:0:0:0:0:1 "GET /project/tree?rootId=0 HTTP/1.1" 200 (37 ms)
[16/Sep/2022:12:03:04 +0800] 0:0:0:0:0:0:0:1 "GET /budget/division/tree?rootId=&projectId=3 HTTP/1.1" 200 (32 ms)
[16/Sep/2022:12:03:41 +0800] 0:0:0:0:0:0:0:1 "POST /budget/division/push HTTP/1.1" 200 (20 ms)
[16/Sep/2022:12:04:13 +0800] 0:0:0:0:0:0:0:1 "GET /project/tree?rootId=0 HTTP/1.1" 200 (29 ms)
[16/Sep/2022:12:04:13 +0800] 0:0:0:0:0:0:0:1 "GET /budget/division/tree?rootId=&projectId=3 HTTP/1.1" 200 (18 ms)
[16/Sep/2022:12:04:21 +0800] 0:0:0:0:0:0:0:1 "GET /project/tree?rootId=0 HTTP/1.1" 200 (31 ms)
[16/Sep/2022:12:04:21 +0800] 0:0:0:0:0:0:0:1 "GET /budget/division/tree?rootId=&projectId=3 HTTP/1.1" 200 (34 ms)
[16/Sep/2022:12:04:35 +0800] 0:0:0:0:0:0:0:1 "GET /project/tree?rootId=0 HTTP/1.1" 200 (19 ms)
[16/Sep/2022:12:04:35 +0800] 0:0:0:0:0:0:0:1 "GET /budget/division/tree?rootId=&projectId=3 HTTP/1.1" 200 (17 ms)
[16/Sep/2022:12:05:21 +0800] 0:0:0:0:0:0:0:1 "GET /project/tree?rootId=0 HTTP/1.1" 200 (22 ms)
[16/Sep/2022:12:05:21 +0800] 0:0:0:0:0:0:0:1 "GET /budget/division/tree?rootId=&projectId=3 HTTP/1.1" 200 (15 ms)
[16/Sep/2022:12:05:26 +0800] 0:0:0:0:0:0:0:1 "GET /project/tree?rootId=0 HTTP/1.1" 200 (17 ms)
[16/Sep/2022:12:05:26 +0800] 0:0:0:0:0:0:0:1 "GET /budget/division/tree?rootId=&projectId=3 HTTP/1.1" 200 (17 ms)
[16/Sep/2022:12:05:34 +0800] 0:0:0:0:0:0:0:1 "GET /project/tree?rootId=0 HTTP/1.1" 200 (25 ms)
[16/Sep/2022:12:05:34 +0800] 0:0:0:0:0:0:0:1 "GET /budget/division/tree?rootId=&projectId=3 HTTP/1.1" 200 (18 ms)
[16/Sep/2022:12:05:36 +0800] 0:0:0:0:0:0:0:1 "GET /project/tree?rootId=0 HTTP/1.1" 200 (33 ms)
[16/Sep/2022:12:05:36 +0800] 0:0:0:0:0:0:0:1 "GET /budget/division/tree?rootId=&projectId=3 HTTP/1.1" 200 (28 ms)
[16/Sep/2022:12:06:58 +0800] 0:0:0:0:0:0:0:1 "GET /project/tree?rootId=0 HTTP/1.1" 200 (41 ms)
[16/Sep/2022:12:06:58 +0800] 0:0:0:0:0:0:0:1 "GET /budget/division/tree?rootId=&projectId=3 HTTP/1.1" 200 (23 ms)
[16/Sep/2022:12:08:16 +0800] 0:0:0:0:0:0:0:1 "GET /project/tree?rootId=0 HTTP/1.1" 200 (31 ms)
[16/Sep/2022:12:08:16 +0800] 0:0:0:0:0:0:0:1 "GET /budget/division/tree?rootId=&projectId=3 HTTP/1.1" 200 (15 ms)
[16/Sep/2022:12:09:02 +0800] 0:0:0:0:0:0:0:1 "GET /project/tree?rootId=0 HTTP/1.1" 200 (18 ms)
[16/Sep/2022:12:09:02 +0800] 0:0:0:0:0:0:0:1 "GET /budget/division/tree?rootId=&projectId=3 HTTP/1.1" 200 (17 ms)
[16/Sep/2022:12:10:09 +0800] 0:0:0:0:0:0:0:1 "GET /project/tree?rootId=0 HTTP/1.1" 200 (37 ms)
[16/Sep/2022:12:10:10 +0800] 0:0:0:0:0:0:0:1 "GET /budget/division/tree?rootId=&projectId=3 HTTP/1.1" 200 (33 ms)
[16/Sep/2022:12:11:53 +0800] 0:0:0:0:0:0:0:1 "GET /project/tree?rootId=0 HTTP/1.1" 200 (22 ms)
[16/Sep/2022:12:11:53 +0800] 0:0:0:0:0:0:0:1 "GET /budget/division/tree?rootId=&projectId=3 HTTP/1.1" 200 (16 ms)
[16/Sep/2022:12:13:31 +0800] 0:0:0:0:0:0:0:1 "GET /project/tree?rootId=0 HTTP/1.1" 200 (22 ms)
[16/Sep/2022:12:13:31 +0800] 0:0:0:0:0:0:0:1 "GET /budget/division/tree?rootId=&projectId=3 HTTP/1.1" 200 (16 ms)
[16/Sep/2022:12:13:49 +0800] 0:0:0:0:0:0:0:1 "GET /project/tree?rootId=0 HTTP/1.1" 200 (23 ms)
[16/Sep/2022:12:13:49 +0800] 0:0:0:0:0:0:0:1 "GET /budget/division/tree?rootId=&projectId=3 HTTP/1.1" 200 (18 ms)
[16/Sep/2022:12:13:54 +0800] 0:0:0:0:0:0:0:1 "GET /project/tree?rootId=0 HTTP/1.1" 200 (20 ms)
[16/Sep/2022:12:13:54 +0800] 0:0:0:0:0:0:0:1 "GET /budget/division/tree?rootId=&projectId=3 HTTP/1.1" 200 (23 ms)
[16/Sep/2022:12:14:17 +0800] 0:0:0:0:0:0:0:1 "GET /project/tree?rootId=0 HTTP/1.1" 200 (24 ms)
[16/Sep/2022:12:14:17 +0800] 0:0:0:0:0:0:0:1 "GET /budget/division/tree?rootId=&projectId=3 HTTP/1.1" 200 (14 ms)
[16/Sep/2022:12:15:45 +0800] 0:0:0:0:0:0:0:1 "GET /project/tree?rootId=0 HTTP/1.1" 200 (22 ms)
[16/Sep/2022:12:15:45 +0800] 0:0:0:0:0:0:0:1 "GET /budget/division/tree?rootId=&projectId=3 HTTP/1.1" 200 (16 ms)
[16/Sep/2022:12:16:00 +0800] 0:0:0:0:0:0:0:1 "GET /project/tree?rootId=0 HTTP/1.1" 200 (16 ms)
[16/Sep/2022:12:16:00 +0800] 0:0:0:0:0:0:0:1 "GET /budget/division/tree?rootId=&projectId=3 HTTP/1.1" 200 (15 ms)
[16/Sep/2022:12:16:46 +0800] 0:0:0:0:0:0:0:1 "GET /project/tree?rootId=0 HTTP/1.1" 200 (22 ms)
[16/Sep/2022:12:16:46 +0800] 0:0:0:0:0:0:0:1 "GET /budget/division/tree?rootId=&projectId=3 HTTP/1.1" 200 (26 ms)
[16/Sep/2022:12:18:14 +0800] 0:0:0:0:0:0:0:1 "GET /project/tree?rootId=0 HTTP/1.1" 200 (20 ms)
[16/Sep/2022:12:18:14 +0800] 0:0:0:0:0:0:0:1 "GET /budget/division/tree?rootId=&projectId=3 HTTP/1.1" 200 (36 ms)
[16/Sep/2022:12:18:50 +0800] 0:0:0:0:0:0:0:1 "GET /project/tree?rootId=0 HTTP/1.1" 200 (35 ms)
[16/Sep/2022:12:18:50 +0800] 0:0:0:0:0:0:0:1 "GET /budget/division/tree?rootId=&projectId=3 HTTP/1.1" 200 (22 ms)
[16/Sep/2022:12:19:03 +0800] 0:0:0:0:0:0:0:1 "OPTIONS /budget/division/push HTTP/1.1" 200 (1 ms)
[16/Sep/2022:12:19:03 +0800] 0:0:0:0:0:0:0:1 "POST /budget/division/push HTTP/1.1" 200 (361 ms)
[16/Sep/2022:12:19:18 +0800] 0:0:0:0:0:0:0:1 "GET /project/tree?rootId=0 HTTP/1.1" 200 (34 ms)
[16/Sep/2022:12:19:18 +0800] 0:0:0:0:0:0:0:1 "GET /budget/division/tree?rootId=&projectId=3 HTTP/1.1" 200 (27 ms)
[16/Sep/2022:12:19:49 +0800] 0:0:0:0:0:0:0:1 "GET /project/tree?rootId=0 HTTP/1.1" 200 (26 ms)
[16/Sep/2022:12:19:49 +0800] 0:0:0:0:0:0:0:1 "GET /budget/division/tree?rootId=&projectId=3 HTTP/1.1" 200 (20 ms)
[16/Sep/2022:12:20:13 +0800] 0:0:0:0:0:0:0:1 "GET /project/tree?rootId=0 HTTP/1.1" 200 (36 ms)
[16/Sep/2022:12:20:13 +0800] 0:0:0:0:0:0:0:1 "GET /budget/division/tree?rootId=&projectId=3 HTTP/1.1" 200 (36 ms)
[16/Sep/2022:12:20:23 +0800] 0:0:0:0:0:0:0:1 "POST /budget/division/push HTTP/1.1" 200 (347 ms)
[16/Sep/2022:12:21:24 +0800] 0:0:0:0:0:0:0:1 "GET /project/tree?rootId=0 HTTP/1.1" 200 (25 ms)
[16/Sep/2022:12:21:24 +0800] 0:0:0:0:0:0:0:1 "GET /budget/division/tree?rootId=&projectId=3 HTTP/1.1" 200 (22 ms)
[16/Sep/2022:12:22:05 +0800] 0:0:0:0:0:0:0:1 "GET /project/tree?rootId=0 HTTP/1.1" 200 (51 ms)
[16/Sep/2022:12:22:05 +0800] 0:0:0:0:0:0:0:1 "GET /budget/division/tree?rootId=&projectId=3 HTTP/1.1" 200 (29 ms)
[16/Sep/2022:12:22:11 +0800] 0:0:0:0:0:0:0:1 "POST /budget/division/push HTTP/1.1" 200 (5 ms)
[16/Sep/2022:12:22:35 +0800] 0:0:0:0:0:0:0:1 "GET /project/fetch?ownId=0 HTTP/1.1" 200 (23 ms)
[16/Sep/2022:12:22:50 +0800] 0:0:0:0:0:0:0:1 "GET /project/fetch?ownId=0 HTTP/1.1" 200 (23 ms)
[16/Sep/2022:12:23:00 +0800] 0:0:0:0:0:0:0:1 "GET /project/fetch?ownId=0 HTTP/1.1" 200 (23 ms)
[16/Sep/2022:12:23:03 +0800] 0:0:0:0:0:0:0:1 "GET /project/tree?rootId=0 HTTP/1.1" 200 (26 ms)
[16/Sep/2022:12:23:03 +0800] 0:0:0:0:0:0:0:1 "GET /budget/division/tree?rootId=&projectId=3 HTTP/1.1" 200 (19 ms)
[16/Sep/2022:12:23:11 +0800] 0:0:0:0:0:0:0:1 "POST /budget/division/push HTTP/1.1" 200 (6 ms)
[16/Sep/2022:12:23:16 +0800] 0:0:0:0:0:0:0:1 "POST /budget/division/push HTTP/1.1" 200 (4 ms)
[16/Sep/2022:12:23:27 +0800] 0:0:0:0:0:0:0:1 "GET /project/tree?rootId=0 HTTP/1.1" 200 (30 ms)
[16/Sep/2022:12:23:28 +0800] 0:0:0:0:0:0:0:1 "GET /budget/division/tree?rootId=&projectId=3 HTTP/1.1" 200 (28 ms)
[16/Sep/2022:12:23:32 +0800] 0:0:0:0:0:0:0:1 "POST /budget/division/push HTTP/1.1" 200 (4 ms)
[16/Sep/2022:12:24:56 +0800] 0:0:0:0:0:0:0:1 "GET /project/tree?rootId=0 HTTP/1.1" 200 (27 ms)
[16/Sep/2022:12:24:56 +0800] 0:0:0:0:0:0:0:1 "GET /budget/division/tree?rootId=&projectId=3 HTTP/1.1" 200 (16 ms)
[16/Sep/2022:12:25:00 +0800] 0:0:0:0:0:0:0:1 "GET /project/tree?rootId=0 HTTP/1.1" 200 (29 ms)
[16/Sep/2022:12:25:01 +0800] 0:0:0:0:0:0:0:1 "GET /budget/division/tree?rootId=&projectId=3 HTTP/1.1" 200 (26 ms)
[16/Sep/2022:12:25:04 +0800] 0:0:0:0:0:0:0:1 "POST /budget/division/push HTTP/1.1" 200 (6 ms)
[16/Sep/2022:12:31:40 +0800] 0:0:0:0:0:0:0:1 "GET /project/tree?rootId=0 HTTP/1.1" 200 (26 ms)
[16/Sep/2022:12:31:40 +0800] 0:0:0:0:0:0:0:1 "GET /budget/division/tree?rootId=&projectId=3 HTTP/1.1" 200 (17 ms)
[16/Sep/2022:12:31:53 +0800] 0:0:0:0:0:0:0:1 "GET /project/tree?rootId=0 HTTP/1.1" 200 (25 ms)
[16/Sep/2022:12:31:53 +0800] 0:0:0:0:0:0:0:1 "GET /budget/division/tree?rootId=&projectId=3 HTTP/1.1" 200 (24 ms)
[16/Sep/2022:12:32:02 +0800] 0:0:0:0:0:0:0:1 "GET /project/tree?rootId=0 HTTP/1.1" 200 (33 ms)
[16/Sep/2022:12:32:02 +0800] 0:0:0:0:0:0:0:1 "GET /budget/division/tree?rootId=&projectId=3 HTTP/1.1" 200 (26 ms)
[16/Sep/2022:12:32:22 +0800] 0:0:0:0:0:0:0:1 "GET /project/tree?rootId=0 HTTP/1.1" 200 (33 ms)
[16/Sep/2022:12:32:23 +0800] 0:0:0:0:0:0:0:1 "GET /budget/division/tree?rootId=&projectId=3 HTTP/1.1" 200 (29 ms)
[16/Sep/2022:12:32:28 +0800] 0:0:0:0:0:0:0:1 "POST /budget/division/push HTTP/1.1" 200 (306 ms)
[16/Sep/2022:12:34:01 +0800] 0:0:0:0:0:0:0:1 "GET /project/tree?rootId=0 HTTP/1.1" 200 (23 ms)
[16/Sep/2022:12:34:01 +0800] 0:0:0:0:0:0:0:1 "GET /budget/division/tree?rootId=&projectId=3 HTTP/1.1" 200 (16 ms)
[16/Sep/2022:12:34:54 +0800] 0:0:0:0:0:0:0:1 "GET /project/tree?rootId=0 HTTP/1.1" 200 (17 ms)
[16/Sep/2022:12:34:54 +0800] 0:0:0:0:0:0:0:1 "GET /budget/division/tree?rootId=&projectId=3 HTTP/1.1" 200 (16 ms)
[16/Sep/2022:12:35:00 +0800] 0:0:0:0:0:0:0:1 "GET /project/tree?rootId=0 HTTP/1.1" 200 (24 ms)
[16/Sep/2022:12:35:00 +0800] 0:0:0:0:0:0:0:1 "GET /budget/division/tree?rootId=&projectId=3 HTTP/1.1" 200 (15 ms)
[16/Sep/2022:12:35:12 +0800] 0:0:0:0:0:0:0:1 "GET /project/tree?rootId=0 HTTP/1.1" 200 (23 ms)
[16/Sep/2022:12:35:12 +0800] 0:0:0:0:0:0:0:1 "GET /budget/division/tree?rootId=&projectId=3 HTTP/1.1" 200 (24 ms)
[16/Sep/2022:12:35:16 +0800] 0:0:0:0:0:0:0:1 "POST /budget/division/push HTTP/1.1" 200 (425 ms)
[16/Sep/2022:12:37:18 +0800] 0:0:0:0:0:0:0:1 "GET /project/tree?rootId=0 HTTP/1.1" 200 (39 ms)
[16/Sep/2022:12:37:18 +0800] 0:0:0:0:0:0:0:1 "GET /budget/division/tree?rootId=&projectId=3 HTTP/1.1" 200 (32 ms)
[16/Sep/2022:12:37:23 +0800] 0:0:0:0:0:0:0:1 "GET /project/tree?rootId=0 HTTP/1.1" 200 (23 ms)
[16/Sep/2022:12:37:23 +0800] 0:0:0:0:0:0:0:1 "GET /budget/division/tree?rootId=&projectId=3 HTTP/1.1" 200 (20 ms)
[16/Sep/2022:12:37:28 +0800] 0:0:0:0:0:0:0:1 "POST /budget/division/push HTTP/1.1" 200 (11 ms)
[16/Sep/2022:12:37:35 +0800] 0:0:0:0:0:0:0:1 "GET /project/tree?rootId=0 HTTP/1.1" 200 (26 ms)
[16/Sep/2022:12:37:35 +0800] 0:0:0:0:0:0:0:1 "GET /budget/division/tree?rootId=&projectId=3 HTTP/1.1" 200 (25 ms)
[16/Sep/2022:12:37:42 +0800] 0:0:0:0:0:0:0:1 "POST /budget/division/push HTTP/1.1" 200 (312 ms)
[16/Sep/2022:12:37:57 +0800] 0:0:0:0:0:0:0:1 "GET /project/tree?rootId=0 HTTP/1.1" 200 (26 ms)
[16/Sep/2022:12:37:57 +0800] 0:0:0:0:0:0:0:1 "GET /budget/division/tree?rootId=&projectId=3 HTTP/1.1" 200 (30 ms)
[16/Sep/2022:12:38:57 +0800] 0:0:0:0:0:0:0:1 "GET /project/tree?rootId=0 HTTP/1.1" 200 (30 ms)
[16/Sep/2022:12:38:57 +0800] 0:0:0:0:0:0:0:1 "GET /budget/division/tree?rootId=&projectId=3 HTTP/1.1" 200 (24 ms)
[16/Sep/2022:12:39:32 +0800] 0:0:0:0:0:0:0:1 "GET /project/tree?rootId=0 HTTP/1.1" 200 (26 ms)
[16/Sep/2022:12:39:32 +0800] 0:0:0:0:0:0:0:1 "GET /budget/division/tree?rootId=&projectId=3 HTTP/1.1" 200 (16 ms)
[16/Sep/2022:12:40:10 +0800] 0:0:0:0:0:0:0:1 "GET /project/tree?rootId=0 HTTP/1.1" 200 (19 ms)
[16/Sep/2022:12:40:10 +0800] 0:0:0:0:0:0:0:1 "GET /budget/division/tree?rootId=&projectId=3 HTTP/1.1" 200 (16 ms)
[16/Sep/2022:12:41:18 +0800] 0:0:0:0:0:0:0:1 "GET /project/tree?rootId=0 HTTP/1.1" 200 (36 ms)
[16/Sep/2022:12:41:18 +0800] 0:0:0:0:0:0:0:1 "GET /budget/division/tree?rootId=&projectId=3 HTTP/1.1" 200 (17 ms)
[16/Sep/2022:12:41:29 +0800] 0:0:0:0:0:0:0:1 "GET /project/tree?rootId=0 HTTP/1.1" 200 (22 ms)
[16/Sep/2022:12:41:29 +0800] 0:0:0:0:0:0:0:1 "GET /budget/division/tree?rootId=&projectId=3 HTTP/1.1" 200 (17 ms)
[16/Sep/2022:12:41:49 +0800] 0:0:0:0:0:0:0:1 "GET /project/tree?rootId=0 HTTP/1.1" 200 (18 ms)
[16/Sep/2022:12:41:49 +0800] 0:0:0:0:0:0:0:1 "GET /budget/division/tree?rootId=&projectId=3 HTTP/1.1" 200 (17 ms)
[16/Sep/2022:12:42:24 +0800] 0:0:0:0:0:0:0:1 "GET /project/tree?rootId=0 HTTP/1.1" 200 (23 ms)
[16/Sep/2022:12:42:24 +0800] 0:0:0:0:0:0:0:1 "GET /budget/division/tree?rootId=&projectId=3 HTTP/1.1" 200 (17 ms)
[16/Sep/2022:12:42:34 +0800] 0:0:0:0:0:0:0:1 "GET /project/tree?rootId=0 HTTP/1.1" 200 (24 ms)
[16/Sep/2022:12:42:34 +0800] 0:0:0:0:0:0:0:1 "GET /budget/division/tree?rootId=&projectId=3 HTTP/1.1" 200 (18 ms)
[16/Sep/2022:12:42:40 +0800] 0:0:0:0:0:0:0:1 "GET /project/tree?rootId=0 HTTP/1.1" 200 (24 ms)
[16/Sep/2022:12:42:40 +0800] 0:0:0:0:0:0:0:1 "GET /budget/division/tree?rootId=&projectId=3 HTTP/1.1" 200 (29 ms)
[16/Sep/2022:12:42:46 +0800] 0:0:0:0:0:0:0:1 "POST /budget/division/push HTTP/1.1" 200 (83 ms)
[16/Sep/2022:12:44:53 +0800] 0:0:0:0:0:0:0:1 "GET /project/tree?rootId=0 HTTP/1.1" 200 (37 ms)
[16/Sep/2022:12:44:53 +0800] 0:0:0:0:0:0:0:1 "GET /budget/division/tree?rootId=&projectId=3 HTTP/1.1" 200 (20 ms)
[16/Sep/2022:12:44:58 +0800] 0:0:0:0:0:0:0:1 "GET /project/tree?rootId=0 HTTP/1.1" 200 (25 ms)
[16/Sep/2022:12:44:58 +0800] 0:0:0:0:0:0:0:1 "GET /budget/division/tree?rootId=&projectId=3 HTTP/1.1" 200 (23 ms)
[16/Sep/2022:12:45:01 +0800] 0:0:0:0:0:0:0:1 "POST /budget/division/push HTTP/1.1" 200 (115 ms)
[16/Sep/2022:12:45:17 +0800] 0:0:0:0:0:0:0:1 "GET /project/tree?rootId=0 HTTP/1.1" 200 (22 ms)
[16/Sep/2022:12:45:17 +0800] 0:0:0:0:0:0:0:1 "GET /budget/division/tree?rootId=&projectId=3 HTTP/1.1" 200 (16 ms)
[16/Sep/2022:12:45:44 +0800] 0:0:0:0:0:0:0:1 "GET /project/tree?rootId=0 HTTP/1.1" 200 (29 ms)
[16/Sep/2022:12:45:44 +0800] 0:0:0:0:0:0:0:1 "GET /budget/division/tree?rootId=&projectId=3 HTTP/1.1" 200 (22 ms)
[16/Sep/2022:12:45:58 +0800] 0:0:0:0:0:0:0:1 "POST /budget/division/push HTTP/1.1" 200 (526 ms)
[16/Sep/2022:12:46:52 +0800] 0:0:0:0:0:0:0:1 "GET /project/tree?rootId=0 HTTP/1.1" 200 (28 ms)
[16/Sep/2022:12:46:52 +0800] 0:0:0:0:0:0:0:1 "GET /budget/division/tree?rootId=&projectId=3 HTTP/1.1" 200 (22 ms)
[16/Sep/2022:12:46:56 +0800] 0:0:0:0:0:0:0:1 "GET /project/tree?rootId=0 HTTP/1.1" 200 (31 ms)
[16/Sep/2022:12:46:56 +0800] 0:0:0:0:0:0:0:1 "GET /budget/division/tree?rootId=&projectId=3 HTTP/1.1" 200 (30 ms)
[16/Sep/2022:12:47:01 +0800] 0:0:0:0:0:0:0:1 "POST /budget/division/push HTTP/1.1" 200 (98 ms)
[16/Sep/2022:12:47:27 +0800] 0:0:0:0:0:0:0:1 "GET /project/tree?rootId=0 HTTP/1.1" 200 (22 ms)
[16/Sep/2022:12:47:27 +0800] 0:0:0:0:0:0:0:1 "GET /budget/division/tree?rootId=&projectId=3 HTTP/1.1" 200 (39 ms)
[16/Sep/2022:12:48:33 +0800] 0:0:0:0:0:0:0:1 "POST /budget/division/push HTTP/1.1" 200 (131 ms)
[16/Sep/2022:12:48:45 +0800] 0:0:0:0:0:0:0:1 "POST /budget/division/push HTTP/1.1" 200 (404 ms)
[16/Sep/2022:12:48:52 +0800] 0:0:0:0:0:0:0:1 "GET /project/tree?rootId=0 HTTP/1.1" 200 (21 ms)
[16/Sep/2022:12:48:52 +0800] 0:0:0:0:0:0:0:1 "GET /budget/division/tree?rootId=&projectId=3 HTTP/1.1" 200 (24 ms)
[16/Sep/2022:12:48:55 +0800] 0:0:0:0:0:0:0:1 "POST /budget/division/push HTTP/1.1" 200 (9 ms)
[16/Sep/2022:12:48:56 +0800] 0:0:0:0:0:0:0:1 "POST /budget/division/push HTTP/1.1" 200 (9 ms)
[16/Sep/2022:12:49:02 +0800] 0:0:0:0:0:0:0:1 "POST /budget/division/push HTTP/1.1" 200 (15 ms)
[16/Sep/2022:12:51:30 +0800] 0:0:0:0:0:0:0:1 "GET /project/tree?rootId=0 HTTP/1.1" 200 (25 ms)
[16/Sep/2022:12:51:30 +0800] 0:0:0:0:0:0:0:1 "GET /budget/division/tree?rootId=&projectId=3 HTTP/1.1" 200 (17 ms)
[16/Sep/2022:12:51:48 +0800] 0:0:0:0:0:0:0:1 "GET /project/tree?rootId=0 HTTP/1.1" 200 (18 ms)
[16/Sep/2022:12:51:48 +0800] 0:0:0:0:0:0:0:1 "GET /budget/division/tree?rootId=&projectId=3 HTTP/1.1" 200 (17 ms)
[16/Sep/2022:12:52:30 +0800] 0:0:0:0:0:0:0:1 "GET /project/tree?rootId=0 HTTP/1.1" 200 (23 ms)
[16/Sep/2022:12:52:30 +0800] 0:0:0:0:0:0:0:1 "GET /budget/division/tree?rootId=&projectId=3 HTTP/1.1" 200 (18 ms)
[16/Sep/2022:12:52:31 +0800] 0:0:0:0:0:0:0:1 "GET /project/tree?rootId=0 HTTP/1.1" 200 (21 ms)
[16/Sep/2022:12:52:31 +0800] 0:0:0:0:0:0:0:1 "GET /budget/division/tree?rootId=&projectId=3 HTTP/1.1" 200 (36 ms)
[16/Sep/2022:12:52:46 +0800] 0:0:0:0:0:0:0:1 "OPTIONS /budget/division/push HTTP/1.1" 200 (2 ms)
[16/Sep/2022:12:52:46 +0800] 0:0:0:0:0:0:0:1 "POST /budget/division/push HTTP/1.1" 200 (474 ms)
[16/Sep/2022:12:53:42 +0800] 0:0:0:0:0:0:0:1 "GET /project/tree?rootId=0 HTTP/1.1" 200 (18 ms)
[16/Sep/2022:12:53:42 +0800] 0:0:0:0:0:0:0:1 "GET /budget/division/tree?rootId=&projectId=3 HTTP/1.1" 200 (16 ms)
[16/Sep/2022:12:53:51 +0800] 0:0:0:0:0:0:0:1 "POST /budget/division/push HTTP/1.1" 200 (321 ms)
[16/Sep/2022:12:54:58 +0800] 0:0:0:0:0:0:0:1 "GET /project/tree?rootId=0 HTTP/1.1" 200 (24 ms)
[16/Sep/2022:12:54:58 +0800] 0:0:0:0:0:0:0:1 "GET /budget/division/tree?rootId=&projectId=3 HTTP/1.1" 200 (28 ms)
[16/Sep/2022:12:55:01 +0800] 0:0:0:0:0:0:0:1 "GET /project/tree?rootId=0 HTTP/1.1" 200 (26 ms)
[16/Sep/2022:12:55:01 +0800] 0:0:0:0:0:0:0:1 "GET /budget/division/tree?rootId=&projectId=3 HTTP/1.1" 200 (23 ms)
[16/Sep/2022:12:55:13 +0800] 0:0:0:0:0:0:0:1 "POST /budget/division/push HTTP/1.1" 200 (349 ms)
[16/Sep/2022:12:55:17 +0800] 0:0:0:0:0:0:0:1 "POST /budget/division/push HTTP/1.1" 200 (121 ms)
[16/Sep/2022:12:55:19 +0800] 0:0:0:0:0:0:0:1 "POST /budget/division/push HTTP/1.1" 200 (118 ms)
[16/Sep/2022:12:55:21 +0800] 0:0:0:0:0:0:0:1 "POST /budget/division/push HTTP/1.1" 200 (132 ms)
[16/Sep/2022:12:55:22 +0800] 0:0:0:0:0:0:0:1 "GET /budget/division/tree?rootId=&projectId=2 HTTP/1.1" 200 (16 ms)
[16/Sep/2022:12:55:25 +0800] 0:0:0:0:0:0:0:1 "GET /project/tree?rootId=0 HTTP/1.1" 200 (20 ms)
[16/Sep/2022:12:55:25 +0800] 0:0:0:0:0:0:0:1 "GET /budget/division/tree?rootId=&projectId=3 HTTP/1.1" 200 (22 ms)
[16/Sep/2022:12:55:39 +0800] 0:0:0:0:0:0:0:1 "GET /budget/division/tree?rootId=&projectId=2 HTTP/1.1" 200 (15 ms)
[16/Sep/2022:12:55:42 +0800] 0:0:0:0:0:0:0:1 "GET /budget/division/tree?rootId=&projectId=5 HTTP/1.1" 200 (16 ms)
[16/Sep/2022:12:55:46 +0800] 0:0:0:0:0:0:0:1 "GET /project/tree?rootId=0 HTTP/1.1" 200 (21 ms)
[16/Sep/2022:12:55:46 +0800] 0:0:0:0:0:0:0:1 "GET /budget/division/tree?rootId=&projectId=3 HTTP/1.1" 200 (20 ms)
[16/Sep/2022:12:56:06 +0800] 0:0:0:0:0:0:0:1 "GET /project/tree?rootId=0 HTTP/1.1" 200 (18 ms)
[16/Sep/2022:12:56:06 +0800] 0:0:0:0:0:0:0:1 "GET /budget/division/tree?rootId=&projectId=3 HTTP/1.1" 200 (20 ms)
[16/Sep/2022:12:56:20 +0800] 0:0:0:0:0:0:0:1 "POST /budget/division/push HTTP/1.1" 200 (117 ms)
[16/Sep/2022:12:56:49 +0800] 0:0:0:0:0:0:0:1 "GET /project/tree?rootId=0 HTTP/1.1" 200 (26 ms)
[16/Sep/2022:12:56:49 +0800] 0:0:0:0:0:0:0:1 "GET /budget/division/tree?rootId=&projectId=3 HTTP/1.1" 200 (27 ms)
[16/Sep/2022:12:57:05 +0800] 0:0:0:0:0:0:0:1 "POST /budget/division/push HTTP/1.1" 200 (121 ms)
[16/Sep/2022:12:57:44 +0800] 0:0:0:0:0:0:0:1 "GET /project/tree?rootId=0 HTTP/1.1" 200 (19 ms)
[16/Sep/2022:12:57:44 +0800] 0:0:0:0:0:0:0:1 "GET /budget/division/tree?rootId=&projectId=3 HTTP/1.1" 200 (15 ms)
[16/Sep/2022:12:57:50 +0800] 0:0:0:0:0:0:0:1 "GET /project/tree?rootId=0 HTTP/1.1" 200 (29 ms)
[16/Sep/2022:12:57:50 +0800] 0:0:0:0:0:0:0:1 "GET /budget/division/tree?rootId=&projectId=3 HTTP/1.1" 200 (24 ms)
[16/Sep/2022:12:58:00 +0800] 0:0:0:0:0:0:0:1 "GET /project/tree?rootId=0 HTTP/1.1" 200 (26 ms)
[16/Sep/2022:12:58:00 +0800] 0:0:0:0:0:0:0:1 "GET /budget/division/tree?rootId=&projectId=3 HTTP/1.1" 200 (31 ms)
[16/Sep/2022:12:58:05 +0800] 0:0:0:0:0:0:0:1 "POST /budget/division/push HTTP/1.1" 200 (364 ms)
[16/Sep/2022:12:59:08 +0800] 0:0:0:0:0:0:0:1 "GET /project/tree?rootId=0 HTTP/1.1" 200 (29 ms)
[16/Sep/2022:12:59:08 +0800] 0:0:0:0:0:0:0:1 "GET /budget/division/tree?rootId=&projectId=3 HTTP/1.1" 200 (16 ms)
[16/Sep/2022:12:59:13 +0800] 0:0:0:0:0:0:0:1 "GET /project/tree?rootId=0 HTTP/1.1" 200 (26 ms)
[16/Sep/2022:12:59:13 +0800] 0:0:0:0:0:0:0:1 "GET /budget/division/tree?rootId=&projectId=3 HTTP/1.1" 200 (28 ms)
[16/Sep/2022:12:59:17 +0800] 0:0:0:0:0:0:0:1 "POST /budget/division/push HTTP/1.1" 200 (325 ms)
[16/Sep/2022:12:59:27 +0800] 0:0:0:0:0:0:0:1 "GET /project/tree?rootId=0 HTTP/1.1" 200 (29 ms)
[16/Sep/2022:12:59:27 +0800] 0:0:0:0:0:0:0:1 "GET /budget/division/tree?rootId=&projectId=3 HTTP/1.1" 200 (27 ms)
[16/Sep/2022:12:59:33 +0800] 0:0:0:0:0:0:0:1 "POST /budget/division/push HTTP/1.1" 200 (332 ms)
[16/Sep/2022:12:59:37 +0800] 0:0:0:0:0:0:0:1 "GET /project/tree?rootId=0 HTTP/1.1" 200 (30 ms)
[16/Sep/2022:12:59:37 +0800] 0:0:0:0:0:0:0:1 "GET /budget/division/tree?rootId=&projectId=3 HTTP/1.1" 200 (30 ms)
[16/Sep/2022:12:59:42 +0800] 0:0:0:0:0:0:0:1 "POST /budget/division/push HTTP/1.1" 200 (146 ms)
[16/Sep/2022:13:00:09 +0800] 0:0:0:0:0:0:0:1 "GET /project/tree?rootId=0 HTTP/1.1" 200 (39 ms)
[16/Sep/2022:13:00:09 +0800] 0:0:0:0:0:0:0:1 "GET /budget/division/tree?rootId=&projectId=3 HTTP/1.1" 200 (32 ms)
[16/Sep/2022:13:00:10 +0800] 0:0:0:0:0:0:0:1 "GET /project/tree?rootId=0 HTTP/1.1" 200 (28 ms)
[16/Sep/2022:13:00:10 +0800] 0:0:0:0:0:0:0:1 "GET /budget/division/tree?rootId=&projectId=3 HTTP/1.1" 200 (15 ms)
[16/Sep/2022:13:00:24 +0800] 0:0:0:0:0:0:0:1 "GET /project/tree?rootId=0 HTTP/1.1" 200 (18 ms)
[16/Sep/2022:13:00:24 +0800] 0:0:0:0:0:0:0:1 "GET /budget/division/tree?rootId=&projectId=3 HTTP/1.1" 200 (17 ms)
[16/Sep/2022:13:00:38 +0800] 0:0:0:0:0:0:0:1 "GET /project/tree?rootId=0 HTTP/1.1" 200 (27 ms)
[16/Sep/2022:13:00:38 +0800] 0:0:0:0:0:0:0:1 "GET /budget/division/tree?rootId=&projectId=3 HTTP/1.1" 200 (27 ms)
[16/Sep/2022:13:00:52 +0800] 0:0:0:0:0:0:0:1 "GET /project/tree?rootId=0 HTTP/1.1" 200 (28 ms)
[16/Sep/2022:13:00:52 +0800] 0:0:0:0:0:0:0:1 "GET /project/tree?rootId=0 HTTP/1.1" 200 (16 ms)
[16/Sep/2022:13:00:52 +0800] 0:0:0:0:0:0:0:1 "GET /budget/division/tree?rootId=&projectId=3 HTTP/1.1" 200 (16 ms)
[16/Sep/2022:13:00:58 +0800] 0:0:0:0:0:0:0:1 "GET /project/tree?rootId=0 HTTP/1.1" 200 (35 ms)
[16/Sep/2022:13:00:58 +0800] 0:0:0:0:0:0:0:1 "GET /budget/division/tree?rootId=&projectId=3 HTTP/1.1" 200 (34 ms)
[16/Sep/2022:13:01:02 +0800] 0:0:0:0:0:0:0:1 "POST /budget/division/push HTTP/1.1" 200 (366 ms)
[16/Sep/2022:13:01:19 +0800] 0:0:0:0:0:0:0:1 "GET /project/tree?rootId=0 HTTP/1.1" 200 (31 ms)
[16/Sep/2022:13:01:20 +0800] 0:0:0:0:0:0:0:1 "GET /budget/division/tree?rootId=&projectId=3 HTTP/1.1" 200 (21 ms)
[16/Sep/2022:13:01:29 +0800] 0:0:0:0:0:0:0:1 "GET /project/tree?rootId=0 HTTP/1.1" 200 (27 ms)
[16/Sep/2022:13:01:29 +0800] 0:0:0:0:0:0:0:1 "GET /budget/division/tree?rootId=&projectId=3 HTTP/1.1" 200 (31 ms)
[16/Sep/2022:13:01:48 +0800] 0:0:0:0:0:0:0:1 "GET /project/tree?rootId=0 HTTP/1.1" 200 (22 ms)
[16/Sep/2022:13:01:49 +0800] 0:0:0:0:0:0:0:1 "GET /budget/division/tree?rootId=&projectId=3 HTTP/1.1" 200 (18 ms)
[16/Sep/2022:13:01:54 +0800] 0:0:0:0:0:0:0:1 "GET /project/tree?rootId=0 HTTP/1.1" 200 (23 ms)
[16/Sep/2022:13:01:54 +0800] 0:0:0:0:0:0:0:1 "GET /budget/division/tree?rootId=&projectId=3 HTTP/1.1" 200 (24 ms)
[16/Sep/2022:13:02:03 +0800] 0:0:0:0:0:0:0:1 "POST /budget/division/push HTTP/1.1" 200 (348 ms)
[16/Sep/2022:13:02:07 +0800] 0:0:0:0:0:0:0:1 "POST /budget/division/push HTTP/1.1" 200 (16 ms)
[16/Sep/2022:13:02:18 +0800] 0:0:0:0:0:0:0:1 "POST /budget/division/push HTTP/1.1" 200 (381 ms)
[16/Sep/2022:13:04:43 +0800] 0:0:0:0:0:0:0:1 "GET /budget/division/tree?rootId=&projectId=13 HTTP/1.1" 200 (27 ms)
[16/Sep/2022:13:04:44 +0800] 0:0:0:0:0:0:0:1 "GET /budget/division/tree?rootId=&projectId=3 HTTP/1.1" 200 (16 ms)
[16/Sep/2022:13:05:00 +0800] 0:0:0:0:0:0:0:1 "GET /budget/division/tree?rootId=&projectId=3 HTTP/1.1" 200 (17 ms)
[16/Sep/2022:13:05:04 +0800] 0:0:0:0:0:0:0:1 "GET /budget/division/tree?rootId=&projectId=3 HTTP/1.1" 200 (20 ms)
[16/Sep/2022:13:05:10 +0800] 0:0:0:0:0:0:0:1 "GET /budget/division/tree?rootId=&projectId=3 HTTP/1.1" 200 (17 ms)
[16/Sep/2022:13:05:12 +0800] 0:0:0:0:0:0:0:1 "GET /budget/division/tree?rootId=&projectId=4 HTTP/1.1" 200 (14 ms)
[16/Sep/2022:13:05:13 +0800] 0:0:0:0:0:0:0:1 "GET /budget/division/tree?rootId=&projectId=5 HTTP/1.1" 200 (13 ms)
[16/Sep/2022:13:05:14 +0800] 0:0:0:0:0:0:0:1 "GET /budget/division/tree?rootId=&projectId=4 HTTP/1.1" 200 (14 ms)
[16/Sep/2022:13:05:14 +0800] 0:0:0:0:0:0:0:1 "GET /budget/division/tree?rootId=&projectId=3 HTTP/1.1" 200 (19 ms)
[16/Sep/2022:13:05:25 +0800] 0:0:0:0:0:0:0:1 "GET /project/tree?rootId=0 HTTP/1.1" 200 (19 ms)
[16/Sep/2022:13:05:25 +0800] 0:0:0:0:0:0:0:1 "GET /budget/division/tree?rootId=&projectId=3 HTTP/1.1" 200 (22 ms)
[16/Sep/2022:13:39:00 +0800] 0:0:0:0:0:0:0:1 "GET /project/tree?rootId=0 HTTP/1.1" 200 (58 ms)
[16/Sep/2022:13:39:01 +0800] 0:0:0:0:0:0:0:1 "GET /budget/division/tree?rootId=&projectId=3 HTTP/1.1" 200 (16 ms)
[16/Sep/2022:13:40:51 +0800] 0:0:0:0:0:0:0:1 "GET /project/tree?rootId=0 HTTP/1.1" 200 (27 ms)
[16/Sep/2022:13:40:51 +0800] 0:0:0:0:0:0:0:1 "GET /budget/division/tree?rootId=&projectId=3 HTTP/1.1" 200 (17 ms)
[16/Sep/2022:13:42:33 +0800] 0:0:0:0:0:0:0:1 "GET /project/tree?rootId=0 HTTP/1.1" 200 (34 ms)
[16/Sep/2022:13:42:33 +0800] 0:0:0:0:0:0:0:1 "GET /budget/division/tree?rootId=&projectId=3 HTTP/1.1" 200 (17 ms)
[16/Sep/2022:13:42:48 +0800] 0:0:0:0:0:0:0:1 "GET /project/tree?rootId=0 HTTP/1.1" 200 (22 ms)
[16/Sep/2022:13:42:48 +0800] 0:0:0:0:0:0:0:1 "GET /budget/division/tree?rootId=&projectId=3 HTTP/1.1" 200 (18 ms)
[16/Sep/2022:13:43:46 +0800] 0:0:0:0:0:0:0:1 "GET /project/tree?rootId=0 HTTP/1.1" 200 (25 ms)
[16/Sep/2022:13:43:46 +0800] 0:0:0:0:0:0:0:1 "GET /budget/division/tree?rootId=&projectId=3 HTTP/1.1" 200 (25 ms)
[16/Sep/2022:13:44:47 +0800] 0:0:0:0:0:0:0:1 "GET /project/tree?rootId=0 HTTP/1.1" 200 (33 ms)
[16/Sep/2022:13:44:47 +0800] 0:0:0:0:0:0:0:1 "GET /budget/division/tree?rootId=&projectId=3 HTTP/1.1" 200 (16 ms)
[16/Sep/2022:14:01:23 +0800] 0:0:0:0:0:0:0:1 "GET /project/tree?rootId=0 HTTP/1.1" 200 (29 ms)
[16/Sep/2022:14:01:23 +0800] 0:0:0:0:0:0:0:1 "GET /budget/division/tree?rootId=&projectId=3 HTTP/1.1" 200 (16 ms)
[16/Sep/2022:14:02:09 +0800] 0:0:0:0:0:0:0:1 "GET /project/tree?rootId=0 HTTP/1.1" 200 (27 ms)
[16/Sep/2022:14:02:09 +0800] 0:0:0:0:0:0:0:1 "GET /budget/division/tree?rootId=&projectId=3 HTTP/1.1" 200 (18 ms)
[16/Sep/2022:14:02:38 +0800] 0:0:0:0:0:0:0:1 "GET /project/tree?rootId=0 HTTP/1.1" 200 (16 ms)
[16/Sep/2022:14:02:38 +0800] 0:0:0:0:0:0:0:1 "GET /budget/division/tree?rootId=&projectId=3 HTTP/1.1" 200 (16 ms)
[16/Sep/2022:14:02:45 +0800] 0:0:0:0:0:0:0:1 "GET /project/tree?rootId=0 HTTP/1.1" 200 (17 ms)
[16/Sep/2022:14:02:45 +0800] 0:0:0:0:0:0:0:1 "GET /budget/division/tree?rootId=&projectId=3 HTTP/1.1" 200 (14 ms)
[16/Sep/2022:14:03:20 +0800] 0:0:0:0:0:0:0:1 "GET /project/tree?rootId=0 HTTP/1.1" 200 (16 ms)
[16/Sep/2022:14:03:20 +0800] 0:0:0:0:0:0:0:1 "GET /budget/division/tree?rootId=&projectId=3 HTTP/1.1" 200 (35 ms)
[16/Sep/2022:14:07:14 +0800] 0:0:0:0:0:0:0:1 "GET /project/tree?rootId=0 HTTP/1.1" 200 (25 ms)
[16/Sep/2022:14:07:14 +0800] 0:0:0:0:0:0:0:1 "GET /budget/division/tree?rootId=&projectId=3 HTTP/1.1" 200 (15 ms)
[16/Sep/2022:14:07:51 +0800] 0:0:0:0:0:0:0:1 "GET /project/tree?rootId=0 HTTP/1.1" 200 (16 ms)
[16/Sep/2022:14:07:51 +0800] 0:0:0:0:0:0:0:1 "GET /budget/division/tree?rootId=&projectId=3 HTTP/1.1" 200 (17 ms)
[16/Sep/2022:14:12:47 +0800] 0:0:0:0:0:0:0:1 "GET /project/tree?rootId=0 HTTP/1.1" 200 (37 ms)
[16/Sep/2022:14:12:47 +0800] 0:0:0:0:0:0:0:1 "GET /budget/division/tree?rootId=&projectId=3 HTTP/1.1" 200 (26 ms)
[16/Sep/2022:14:12:52 +0800] 0:0:0:0:0:0:0:1 "GET /project/tree?rootId=0 HTTP/1.1" 200 (17 ms)
[16/Sep/2022:14:12:52 +0800] 0:0:0:0:0:0:0:1 "GET /budget/division/tree?rootId=&projectId=3 HTTP/1.1" 200 (21 ms)
[16/Sep/2022:14:14:27 +0800] 0:0:0:0:0:0:0:1 "GET /project/tree?rootId=0 HTTP/1.1" 200 (34 ms)
[16/Sep/2022:14:14:27 +0800] 0:0:0:0:0:0:0:1 "GET /budget/division/tree?rootId=&projectId=3 HTTP/1.1" 200 (21 ms)
[16/Sep/2022:14:14:51 +0800] 0:0:0:0:0:0:0:1 "GET /project/tree?rootId=0 HTTP/1.1" 200 (17 ms)
[16/Sep/2022:14:14:51 +0800] 0:0:0:0:0:0:0:1 "GET /budget/division/tree?rootId=&projectId=3 HTTP/1.1" 200 (15 ms)
[16/Sep/2022:14:15:31 +0800] 0:0:0:0:0:0:0:1 "GET /project/tree?rootId=0 HTTP/1.1" 200 (17 ms)
[16/Sep/2022:14:15:31 +0800] 0:0:0:0:0:0:0:1 "GET /budget/division/tree?rootId=&projectId=3 HTTP/1.1" 200 (17 ms)
[16/Sep/2022:14:16:06 +0800] 0:0:0:0:0:0:0:1 "GET /project/fetch?ownId=0 HTTP/1.1" 200 (22 ms)
[16/Sep/2022:14:16:09 +0800] 0:0:0:0:0:0:0:1 "GET /project/tree?rootId=0 HTTP/1.1" 200 (24 ms)
[16/Sep/2022:14:16:09 +0800] 0:0:0:0:0:0:0:1 "GET /budget/division/tree?rootId=&projectId=3 HTTP/1.1" 200 (27 ms)
[16/Sep/2022:14:20:11 +0800] 0:0:0:0:0:0:0:1 "GET /project/tree?rootId=0 HTTP/1.1" 200 (33 ms)
[16/Sep/2022:14:20:12 +0800] 0:0:0:0:0:0:0:1 "GET /budget/division/tree?rootId=&projectId=3 HTTP/1.1" 200 (26 ms)
[16/Sep/2022:14:20:19 +0800] 0:0:0:0:0:0:0:1 "GET /project/tree?rootId=0 HTTP/1.1" 200 (28 ms)
[16/Sep/2022:14:20:19 +0800] 0:0:0:0:0:0:0:1 "GET /budget/division/tree?rootId=&projectId=3 HTTP/1.1" 200 (26 ms)
[16/Sep/2022:14:56:53 +0800] 0:0:0:0:0:0:0:1 "GET /project/tree?rootId=0 HTTP/1.1" 200 (69 ms)
[16/Sep/2022:14:56:53 +0800] 0:0:0:0:0:0:0:1 "GET /budget/division/tree?rootId=&projectId=3 HTTP/1.1" 200 (16 ms)
[16/Sep/2022:14:57:31 +0800] 0:0:0:0:0:0:0:1 "GET /project/tree?rootId=0 HTTP/1.1" 200 (17 ms)
[16/Sep/2022:14:57:31 +0800] 0:0:0:0:0:0:0:1 "GET /budget/division/tree?rootId=&projectId=3 HTTP/1.1" 200 (15 ms)
[16/Sep/2022:14:57:55 +0800] 0:0:0:0:0:0:0:1 "GET /project/tree?rootId=0 HTTP/1.1" 200 (22 ms)
[16/Sep/2022:14:57:55 +0800] 0:0:0:0:0:0:0:1 "GET /budget/division/tree?rootId=&projectId=3 HTTP/1.1" 200 (20 ms)
[16/Sep/2022:14:58:09 +0800] 0:0:0:0:0:0:0:1 "GET /project/tree?rootId=0 HTTP/1.1" 200 (30 ms)
[16/Sep/2022:14:58:09 +0800] 0:0:0:0:0:0:0:1 "GET /budget/division/tree?rootId=&projectId=3 HTTP/1.1" 200 (31 ms)
[16/Sep/2022:14:58:12 +0800] 0:0:0:0:0:0:0:1 "GET /project/tree?rootId=0 HTTP/1.1" 200 (24 ms)
[16/Sep/2022:14:58:12 +0800] 0:0:0:0:0:0:0:1 "GET /budget/division/tree?rootId=&projectId=3 HTTP/1.1" 200 (21 ms)
[16/Sep/2022:14:58:33 +0800] 0:0:0:0:0:0:0:1 "GET /project/tree?rootId=0 HTTP/1.1" 200 (18 ms)
[16/Sep/2022:14:58:34 +0800] 0:0:0:0:0:0:0:1 "GET /budget/division/tree?rootId=&projectId=3 HTTP/1.1" 200 (17 ms)
[16/Sep/2022:15:04:17 +0800] 0:0:0:0:0:0:0:1 "GET /project/tree?rootId=0 HTTP/1.1" 200 (35 ms)
[16/Sep/2022:15:04:17 +0800] 0:0:0:0:0:0:0:1 "GET /budget/division/tree?rootId=&projectId=3 HTTP/1.1" 200 (18 ms)
[16/Sep/2022:15:37:31 +0800] 0:0:0:0:0:0:0:1 "GET /project/tree?rootId=0 HTTP/1.1" 200 (140 ms)
[16/Sep/2022:15:37:31 +0800] 0:0:0:0:0:0:0:1 "GET /budget/division/tree?rootId=&projectId=3 HTTP/1.1" 200 (24 ms)
[16/Sep/2022:15:37:38 +0800] 0:0:0:0:0:0:0:1 "GET /project/tree?rootId=0 HTTP/1.1" 200 (31 ms)
[16/Sep/2022:15:37:38 +0800] 0:0:0:0:0:0:0:1 "GET /budget/division/tree?rootId=&projectId=3 HTTP/1.1" 200 (30 ms)
[16/Sep/2022:15:40:54 +0800] 0:0:0:0:0:0:0:1 "GET /project/tree?rootId=0 HTTP/1.1" 200 (36 ms)
[16/Sep/2022:15:40:54 +0800] 0:0:0:0:0:0:0:1 "GET /budget/division/tree?rootId=&projectId=3 HTTP/1.1" 200 (16 ms)
[16/Sep/2022:15:41:07 +0800] 0:0:0:0:0:0:0:1 "GET /project/tree?rootId=0 HTTP/1.1" 200 (18 ms)
[16/Sep/2022:15:41:07 +0800] 0:0:0:0:0:0:0:1 "GET /budget/division/tree?rootId=&projectId=3 HTTP/1.1" 200 (27 ms)
[16/Sep/2022:15:41:43 +0800] 0:0:0:0:0:0:0:1 "GET /project/tree?rootId=0 HTTP/1.1" 200 (32 ms)
[16/Sep/2022:15:41:43 +0800] 0:0:0:0:0:0:0:1 "GET /budget/division/tree?rootId=&projectId=3 HTTP/1.1" 200 (16 ms)
[16/Sep/2022:15:41:50 +0800] 0:0:0:0:0:0:0:1 "GET /project/tree?rootId=0 HTTP/1.1" 200 (22 ms)
[16/Sep/2022:15:41:50 +0800] 0:0:0:0:0:0:0:1 "GET /budget/division/tree?rootId=&projectId=3 HTTP/1.1" 200 (15 ms)
[16/Sep/2022:15:41:56 +0800] 0:0:0:0:0:0:0:1 "GET /project/tree?rootId=0 HTTP/1.1" 200 (27 ms)
[16/Sep/2022:15:41:56 +0800] 0:0:0:0:0:0:0:1 "GET /budget/division/tree?rootId=&projectId=3 HTTP/1.1" 200 (48 ms)
[16/Sep/2022:15:45:02 +0800] 0:0:0:0:0:0:0:1 "GET /project/tree?rootId=0 HTTP/1.1" 200 (25 ms)
[16/Sep/2022:15:45:02 +0800] 0:0:0:0:0:0:0:1 "GET /budget/division/tree?rootId=&projectId=3 HTTP/1.1" 200 (15 ms)
[16/Sep/2022:15:46:49 +0800] 0:0:0:0:0:0:0:1 "GET /project/tree?rootId=0 HTTP/1.1" 200 (22 ms)
[16/Sep/2022:15:46:49 +0800] 0:0:0:0:0:0:0:1 "GET /budget/division/tree?rootId=&projectId=3 HTTP/1.1" 200 (17 ms)
[16/Sep/2022:15:47:49 +0800] 0:0:0:0:0:0:0:1 "GET /project/tree?rootId=0 HTTP/1.1" 200 (42 ms)
[16/Sep/2022:15:47:49 +0800] 0:0:0:0:0:0:0:1 "GET /budget/division/tree?rootId=&projectId=3 HTTP/1.1" 200 (42 ms)
[16/Sep/2022:15:51:08 +0800] 0:0:0:0:0:0:0:1 "GET /project/tree?rootId=0 HTTP/1.1" 200 (34 ms)
[16/Sep/2022:15:51:08 +0800] 0:0:0:0:0:0:0:1 "GET /budget/division/tree?rootId=&projectId=3 HTTP/1.1" 200 (17 ms)
[16/Sep/2022:15:52:01 +0800] 0:0:0:0:0:0:0:1 "GET /project/tree?rootId=0 HTTP/1.1" 200 (37 ms)
[16/Sep/2022:15:52:01 +0800] 0:0:0:0:0:0:0:1 "GET /budget/division/tree?rootId=&projectId=3 HTTP/1.1" 200 (36 ms)
[16/Sep/2022:15:52:31 +0800] 0:0:0:0:0:0:0:1 "GET /project/tree?rootId=0 HTTP/1.1" 200 (16 ms)
[16/Sep/2022:15:52:31 +0800] 0:0:0:0:0:0:0:1 "GET /budget/division/tree?rootId=&projectId=3 HTTP/1.1" 200 (16 ms)
[16/Sep/2022:15:52:55 +0800] 0:0:0:0:0:0:0:1 "GET /project/tree?rootId=0 HTTP/1.1" 200 (41 ms)
[16/Sep/2022:15:52:55 +0800] 0:0:0:0:0:0:0:1 "GET /budget/division/tree?rootId=&projectId=3 HTTP/1.1" 200 (25 ms)
[16/Sep/2022:15:53:37 +0800] 0:0:0:0:0:0:0:1 "GET /project/tree?rootId=0 HTTP/1.1" 200 (18 ms)
[16/Sep/2022:15:53:37 +0800] 0:0:0:0:0:0:0:1 "GET /budget/division/tree?rootId=&projectId=3 HTTP/1.1" 200 (15 ms)
[16/Sep/2022:15:55:46 +0800] 0:0:0:0:0:0:0:1 "GET /project/tree?rootId=0 HTTP/1.1" 200 (25 ms)
[16/Sep/2022:15:55:46 +0800] 0:0:0:0:0:0:0:1 "GET /budget/division/tree?rootId=&projectId=3 HTTP/1.1" 200 (16 ms)
[16/Sep/2022:15:56:03 +0800] 0:0:0:0:0:0:0:1 "GET /project/tree?rootId=0 HTTP/1.1" 200 (18 ms)
[16/Sep/2022:15:56:03 +0800] 0:0:0:0:0:0:0:1 "GET /budget/division/tree?rootId=&projectId=3 HTTP/1.1" 200 (16 ms)
[16/Sep/2022:15:56:11 +0800] 0:0:0:0:0:0:0:1 "OPTIONS /budget/division/push HTTP/1.1" 200 (1 ms)
[16/Sep/2022:15:56:11 +0800] 0:0:0:0:0:0:0:1 "POST /budget/division/push HTTP/1.1" 500 (239 ms)
[16/Sep/2022:15:57:52 +0800] 0:0:0:0:0:0:0:1 "GET /project/tree?rootId=0 HTTP/1.1" 200 (31 ms)
[16/Sep/2022:15:57:52 +0800] 0:0:0:0:0:0:0:1 "GET /budget/division/tree?rootId=&projectId=3 HTTP/1.1" 200 (16 ms)
[16/Sep/2022:15:57:57 +0800] 0:0:0:0:0:0:0:1 "GET /project/tree?rootId=0 HTTP/1.1" 200 (31 ms)
[16/Sep/2022:15:57:57 +0800] 0:0:0:0:0:0:0:1 "GET /budget/division/tree?rootId=&projectId=3 HTTP/1.1" 200 (43 ms)
[16/Sep/2022:15:58:04 +0800] 0:0:0:0:0:0:0:1 "POST /budget/division/push HTTP/1.1" 500 (20 ms)
[16/Sep/2022:15:59:14 +0800] 0:0:0:0:0:0:0:1 "GET /project/tree?rootId=0 HTTP/1.1" 200 (41 ms)
[16/Sep/2022:15:59:15 +0800] 0:0:0:0:0:0:0:1 "GET /budget/division/tree?rootId=&projectId=3 HTTP/1.1" 200 (48 ms)
[16/Sep/2022:15:59:18 +0800] 0:0:0:0:0:0:0:1 "POST /budget/division/push HTTP/1.1" 200 (301 ms)
[16/Sep/2022:15:59:34 +0800] 0:0:0:0:0:0:0:1 "POST /budget/division/push HTTP/1.1" 500 (23 ms)
[16/Sep/2022:18:44:53 +0800] 0:0:0:0:0:0:0:1 "POST /system/token HTTP/1.1" 200 (173 ms)
[16/Sep/2022:18:44:53 +0800] 0:0:0:0:0:0:0:1 "GET /system/menu HTTP/1.1" 200 (93 ms)
[16/Sep/2022:18:44:55 +0800] 0:0:0:0:0:0:0:1 "GET /project/fetch?ownId=0 HTTP/1.1" 200 (1180 ms)
[16/Sep/2022:18:44:58 +0800] 0:0:0:0:0:0:0:1 "GET /project/tree?rootId=0 HTTP/1.1" 200 (41 ms)
[16/Sep/2022:18:44:58 +0800] 0:0:0:0:0:0:0:1 "GET /budget/division/tree?rootId=&projectId=3 HTTP/1.1" 200 (41 ms)
[16/Sep/2022:18:45:15 +0800] 0:0:0:0:0:0:0:1 "OPTIONS /budget/division/push HTTP/1.1" 200 (6 ms)
[16/Sep/2022:18:45:15 +0800] 0:0:0:0:0:0:0:1 "POST /budget/division/push HTTP/1.1" 200 (189 ms)
[16/Sep/2022:18:47:40 +0800] 0:0:0:0:0:0:0:1 "GET /project/tree?rootId=0 HTTP/1.1" 200 (1034 ms)
[16/Sep/2022:18:47:40 +0800] 0:0:0:0:0:0:0:1 "GET /budget/division/tree?rootId=&projectId=3 HTTP/1.1" 200 (43 ms)
[16/Sep/2022:18:47:45 +0800] 0:0:0:0:0:0:0:1 "POST /budget/division/push HTTP/1.1" 200 (66 ms)
[16/Sep/2022:18:49:21 +0800] 0:0:0:0:0:0:0:1 "GET /project/tree?rootId=0 HTTP/1.1" 200 (82 ms)
[16/Sep/2022:18:49:22 +0800] 0:0:0:0:0:0:0:1 "GET /budget/division/tree?rootId=&projectId=3 HTTP/1.1" 200 (46 ms)
[16/Sep/2022:18:50:03 +0800] 0:0:0:0:0:0:0:1 "GET /project/tree?rootId=0 HTTP/1.1" 200 (26 ms)
[16/Sep/2022:18:50:04 +0800] 0:0:0:0:0:0:0:1 "GET /budget/division/tree?rootId=&projectId=3 HTTP/1.1" 200 (26 ms)
[16/Sep/2022:18:50:07 +0800] 0:0:0:0:0:0:0:1 "GET /project/tree?rootId=0 HTTP/1.1" 200 (27 ms)
[16/Sep/2022:18:50:07 +0800] 0:0:0:0:0:0:0:1 "GET /budget/division/tree?rootId=&projectId=3 HTTP/1.1" 200 (36 ms)
[16/Sep/2022:18:50:11 +0800] 0:0:0:0:0:0:0:1 "POST /budget/division/push HTTP/1.1" 200 (12 ms)
[16/Sep/2022:18:50:21 +0800] 0:0:0:0:0:0:0:1 "POST /budget/division/push HTTP/1.1" 500 (100 ms)
[16/Sep/2022:18:51:37 +0800] 0:0:0:0:0:0:0:1 "POST /budget/division/push HTTP/1.1" 200 (14 ms)
[16/Sep/2022:18:51:50 +0800] 0:0:0:0:0:0:0:1 "GET /project/tree?rootId=0 HTTP/1.1" 200 (27 ms)
[16/Sep/2022:18:51:50 +0800] 0:0:0:0:0:0:0:1 "GET /budget/division/tree?rootId=&projectId=3 HTTP/1.1" 200 (28 ms)
[16/Sep/2022:18:53:00 +0800] 0:0:0:0:0:0:0:1 "GET /project/tree?rootId=0 HTTP/1.1" 200 (33 ms)
[16/Sep/2022:18:53:00 +0800] 0:0:0:0:0:0:0:1 "GET /budget/division/tree?rootId=&projectId=3 HTTP/1.1" 200 (25 ms)
[16/Sep/2022:18:53:04 +0800] 0:0:0:0:0:0:0:1 "GET /project/tree?rootId=0 HTTP/1.1" 200 (27 ms)
[16/Sep/2022:18:53:04 +0800] 0:0:0:0:0:0:0:1 "GET /budget/division/tree?rootId=&projectId=3 HTTP/1.1" 200 (22 ms)
[16/Sep/2022:18:53:10 +0800] 0:0:0:0:0:0:0:1 "POST /budget/division/push HTTP/1.1" 200 (101 ms)
[16/Sep/2022:18:55:03 +0800] 0:0:0:0:0:0:0:1 "GET /project/tree?rootId=0 HTTP/1.1" 200 (36 ms)
[16/Sep/2022:18:55:03 +0800] 0:0:0:0:0:0:0:1 "GET /budget/division/tree?rootId=&projectId=3 HTTP/1.1" 200 (20 ms)
[16/Sep/2022:18:56:23 +0800] 0:0:0:0:0:0:0:1 "GET /project/tree?rootId=0 HTTP/1.1" 200 (24 ms)
[16/Sep/2022:18:56:23 +0800] 0:0:0:0:0:0:0:1 "GET /budget/division/tree?rootId=&projectId=3 HTTP/1.1" 200 (18 ms)
[16/Sep/2022:18:56:51 +0800] 0:0:0:0:0:0:0:1 "GET /project/tree?rootId=0 HTTP/1.1" 200 (34 ms)
[16/Sep/2022:18:56:51 +0800] 0:0:0:0:0:0:0:1 "GET /budget/division/tree?rootId=&projectId=3 HTTP/1.1" 200 (48 ms)
[16/Sep/2022:18:56:54 +0800] 0:0:0:0:0:0:0:1 "POST /budget/division/push HTTP/1.1" 200 (408 ms)
[16/Sep/2022:18:56:58 +0800] 0:0:0:0:0:0:0:1 "POST /budget/division/push HTTP/1.1" 200 (10 ms)
[16/Sep/2022:18:57:17 +0800] 0:0:0:0:0:0:0:1 "GET /project/tree?rootId=0 HTTP/1.1" 200 (32 ms)
[16/Sep/2022:18:57:17 +0800] 0:0:0:0:0:0:0:1 "GET /budget/division/tree?rootId=&projectId=3 HTTP/1.1" 200 (59 ms)
[16/Sep/2022:18:58:40 +0800] 0:0:0:0:0:0:0:1 "POST /budget/division/push HTTP/1.1" 200 (335 ms)
[16/Sep/2022:18:59:53 +0800] 0:0:0:0:0:0:0:1 "GET /project/tree?rootId=0 HTTP/1.1" 200 (23 ms)
[16/Sep/2022:18:59:53 +0800] 0:0:0:0:0:0:0:1 "GET /budget/division/tree?rootId=&projectId=3 HTTP/1.1" 200 (24 ms)
[16/Sep/2022:19:00:15 +0800] 0:0:0:0:0:0:0:1 "GET /project/tree?rootId=0 HTTP/1.1" 200 (32 ms)
[16/Sep/2022:19:00:15 +0800] 0:0:0:0:0:0:0:1 "GET /budget/division/tree?rootId=&projectId=3 HTTP/1.1" 200 (33 ms)
[16/Sep/2022:19:00:46 +0800] 0:0:0:0:0:0:0:1 "POST /budget/division/push HTTP/1.1" 200 (343 ms)
[16/Sep/2022:19:01:01 +0800] 0:0:0:0:0:0:0:1 "GET /project/tree?rootId=0 HTTP/1.1" 200 (30 ms)
[16/Sep/2022:19:01:01 +0800] 0:0:0:0:0:0:0:1 "GET /budget/division/tree?rootId=&projectId=3 HTTP/1.1" 200 (34 ms)
[16/Sep/2022:19:01:05 +0800] 0:0:0:0:0:0:0:1 "POST /budget/division/push HTTP/1.1" 200 (320 ms)
[16/Sep/2022:19:09:14 +0800] 0:0:0:0:0:0:0:1 "GET /project/tree?rootId=0 HTTP/1.1" 200 (33 ms)
[16/Sep/2022:19:09:14 +0800] 0:0:0:0:0:0:0:1 "GET /budget/division/tree?rootId=&projectId=3 HTTP/1.1" 200 (19 ms)
[16/Sep/2022:19:11:14 +0800] 0:0:0:0:0:0:0:1 "GET /project/tree?rootId=0 HTTP/1.1" 200 (23 ms)
[16/Sep/2022:19:11:14 +0800] 0:0:0:0:0:0:0:1 "GET /budget/division/tree?rootId=&projectId=3 HTTP/1.1" 200 (18 ms)
[16/Sep/2022:19:11:24 +0800] 0:0:0:0:0:0:0:1 "GET /project/tree?rootId=0 HTTP/1.1" 200 (17 ms)
[16/Sep/2022:19:11:24 +0800] 0:0:0:0:0:0:0:1 "GET /budget/division/tree?rootId=&projectId=3 HTTP/1.1" 200 (18 ms)
[16/Sep/2022:19:11:42 +0800] 0:0:0:0:0:0:0:1 "GET /project/tree?rootId=0 HTTP/1.1" 200 (22 ms)
[16/Sep/2022:19:11:42 +0800] 0:0:0:0:0:0:0:1 "GET /budget/division/tree?rootId=&projectId=3 HTTP/1.1" 200 (16 ms)
[16/Sep/2022:19:12:53 +0800] 0:0:0:0:0:0:0:1 "GET /project/tree?rootId=0 HTTP/1.1" 200 (27 ms)
[16/Sep/2022:19:12:53 +0800] 0:0:0:0:0:0:0:1 "GET /budget/division/tree?rootId=&projectId=3 HTTP/1.1" 200 (16 ms)
[16/Sep/2022:19:13:53 +0800] 0:0:0:0:0:0:0:1 "GET /project/tree?rootId=0 HTTP/1.1" 200 (21 ms)
[16/Sep/2022:19:13:53 +0800] 0:0:0:0:0:0:0:1 "GET /budget/division/tree?rootId=&projectId=3 HTTP/1.1" 200 (17 ms)
[16/Sep/2022:19:14:01 +0800] 0:0:0:0:0:0:0:1 "GET /project/tree?rootId=0 HTTP/1.1" 200 (25 ms)
[16/Sep/2022:19:14:01 +0800] 0:0:0:0:0:0:0:1 "GET /budget/division/tree?rootId=&projectId=3 HTTP/1.1" 200 (16 ms)
[16/Sep/2022:19:14:21 +0800] 0:0:0:0:0:0:0:1 "GET /project/tree?rootId=0 HTTP/1.1" 200 (26 ms)
[16/Sep/2022:19:14:21 +0800] 0:0:0:0:0:0:0:1 "GET /budget/division/tree?rootId=&projectId=3 HTTP/1.1" 200 (32 ms)
[16/Sep/2022:19:14:27 +0800] 0:0:0:0:0:0:0:1 "POST /budget/division/push HTTP/1.1" 200 (307 ms)
[16/Sep/2022:19:15:04 +0800] 0:0:0:0:0:0:0:1 "GET /project/tree?rootId=0 HTTP/1.1" 200 (30 ms)
[16/Sep/2022:19:15:04 +0800] 0:0:0:0:0:0:0:1 "GET /budget/division/tree?rootId=&projectId=3 HTTP/1.1" 200 (32 ms)
[16/Sep/2022:19:16:25 +0800] 0:0:0:0:0:0:0:1 "GET /project/tree?rootId=0 HTTP/1.1" 200 (39 ms)
[16/Sep/2022:19:16:25 +0800] 0:0:0:0:0:0:0:1 "GET /budget/division/tree?rootId=&projectId=3 HTTP/1.1" 200 (33 ms)
[16/Sep/2022:19:19:28 +0800] 0:0:0:0:0:0:0:1 "GET /project/tree?rootId=0 HTTP/1.1" 200 (32 ms)
[16/Sep/2022:19:19:28 +0800] 0:0:0:0:0:0:0:1 "GET /budget/division/tree?rootId=&projectId=3 HTTP/1.1" 200 (27 ms)
[16/Sep/2022:19:19:36 +0800] 0:0:0:0:0:0:0:1 "OPTIONS /budget/division/push HTTP/1.1" 200 (6 ms)
[16/Sep/2022:19:19:36 +0800] 0:0:0:0:0:0:0:1 "POST /budget/division/push HTTP/1.1" 200 (14 ms)
[16/Sep/2022:19:22:24 +0800] 0:0:0:0:0:0:0:1 "GET /project/tree?rootId=0 HTTP/1.1" 200 (24 ms)
[16/Sep/2022:19:22:24 +0800] 0:0:0:0:0:0:0:1 "GET /budget/division/tree?rootId=&projectId=3 HTTP/1.1" 200 (18 ms)
[16/Sep/2022:19:22:29 +0800] 0:0:0:0:0:0:0:1 "GET /project/tree?rootId=0 HTTP/1.1" 200 (25 ms)
[16/Sep/2022:19:22:29 +0800] 0:0:0:0:0:0:0:1 "GET /budget/division/tree?rootId=&projectId=3 HTTP/1.1" 200 (26 ms)
[16/Sep/2022:19:22:56 +0800] 0:0:0:0:0:0:0:1 "GET /project/tree?rootId=0 HTTP/1.1" 200 (25 ms)
[16/Sep/2022:19:22:56 +0800] 0:0:0:0:0:0:0:1 "GET /budget/division/tree?rootId=&projectId=3 HTTP/1.1" 200 (29 ms)
[16/Sep/2022:19:23:06 +0800] 0:0:0:0:0:0:0:1 "POST /budget/division/push HTTP/1.1" 200 (12 ms)
[16/Sep/2022:19:26:35 +0800] 0:0:0:0:0:0:0:1 "GET /project/tree?rootId=0 HTTP/1.1" 200 (28 ms)
[16/Sep/2022:19:26:36 +0800] 0:0:0:0:0:0:0:1 "GET /budget/division/tree?rootId=&projectId=3 HTTP/1.1" 200 (17 ms)
[16/Sep/2022:19:27:45 +0800] 0:0:0:0:0:0:0:1 "GET /project/tree?rootId=0 HTTP/1.1" 200 (44 ms)
[16/Sep/2022:19:27:45 +0800] 0:0:0:0:0:0:0:1 "GET /budget/division/tree?rootId=&projectId=3 HTTP/1.1" 200 (30 ms)
[16/Sep/2022:19:28:13 +0800] 0:0:0:0:0:0:0:1 "GET /project/tree?rootId=0 HTTP/1.1" 200 (26 ms)
[16/Sep/2022:19:28:13 +0800] 0:0:0:0:0:0:0:1 "GET /budget/division/tree?rootId=&projectId=3 HTTP/1.1" 200 (26 ms)
[16/Sep/2022:19:28:16 +0800] 0:0:0:0:0:0:0:1 "POST /budget/division/push HTTP/1.1" 200 (317 ms)
[16/Sep/2022:20:00:29 +0800] 0:0:0:0:0:0:0:1 "POST /system/token HTTP/1.1" 200 (223 ms)
[16/Sep/2022:20:00:30 +0800] 0:0:0:0:0:0:0:1 "GET /system/menu HTTP/1.1" 200 (128 ms)
[16/Sep/2022:20:00:32 +0800] 0:0:0:0:0:0:0:1 "GET /project/fetch?ownId=0 HTTP/1.1" 200 (1673 ms)
[16/Sep/2022:20:00:35 +0800] 0:0:0:0:0:0:0:1 "GET /project/tree?rootId=0 HTTP/1.1" 200 (37 ms)
[16/Sep/2022:20:00:35 +0800] 0:0:0:0:0:0:0:1 "GET /budget/division/tree?rootId=&projectId=3 HTTP/1.1" 200 (136 ms)
[16/Sep/2022:20:01:30 +0800] 0:0:0:0:0:0:0:1 "OPTIONS /budget/division/push HTTP/1.1" 200 (4 ms)
[16/Sep/2022:20:01:30 +0800] 0:0:0:0:0:0:0:1 "POST /budget/division/push HTTP/1.1" 200 (103 ms)
[16/Sep/2022:20:04:01 +0800] 0:0:0:0:0:0:0:1 "GET /project/tree?rootId=0 HTTP/1.1" 200 (44 ms)
[16/Sep/2022:20:04:01 +0800] 0:0:0:0:0:0:0:1 "GET /budget/division/tree?rootId=&projectId=3 HTTP/1.1" 200 (33 ms)
[16/Sep/2022:20:04:14 +0800] 0:0:0:0:0:0:0:1 "GET /project/tree?rootId=0 HTTP/1.1" 200 (36 ms)
[16/Sep/2022:20:04:14 +0800] 0:0:0:0:0:0:0:1 "GET /budget/division/tree?rootId=&projectId=3 HTTP/1.1" 200 (60 ms)
[16/Sep/2022:20:04:20 +0800] 0:0:0:0:0:0:0:1 "POST /budget/division/push HTTP/1.1" 200 (14 ms)
[16/Sep/2022:20:06:45 +0800] 0:0:0:0:0:0:0:1 "GET /project/tree?rootId=0 HTTP/1.1" 200 (28 ms)
[16/Sep/2022:20:06:45 +0800] 0:0:0:0:0:0:0:1 "GET /budget/division/tree?rootId=&projectId=3 HTTP/1.1" 200 (20 ms)
[16/Sep/2022:20:06:50 +0800] 0:0:0:0:0:0:0:1 "POST /budget/division/push HTTP/1.1" 200 (12 ms)
[16/Sep/2022:20:07:23 +0800] 0:0:0:0:0:0:0:1 "GET /project/tree?rootId=0 HTTP/1.1" 200 (21 ms)
[16/Sep/2022:20:07:23 +0800] 0:0:0:0:0:0:0:1 "GET /budget/division/tree?rootId=&projectId=3 HTTP/1.1" 200 (21 ms)
[16/Sep/2022:20:07:29 +0800] 0:0:0:0:0:0:0:1 "POST /budget/division/push HTTP/1.1" 200 (101 ms)
[16/Sep/2022:20:07:37 +0800] 0:0:0:0:0:0:0:1 "GET /project/tree?rootId=0 HTTP/1.1" 200 (53 ms)
[16/Sep/2022:20:07:37 +0800] 0:0:0:0:0:0:0:1 "GET /budget/division/tree?rootId=&projectId=3 HTTP/1.1" 200 (54 ms)
[16/Sep/2022:20:07:40 +0800] 0:0:0:0:0:0:0:1 "POST /budget/division/push HTTP/1.1" 200 (16 ms)
[16/Sep/2022:20:07:53 +0800] 0:0:0:0:0:0:0:1 "GET /project/tree?rootId=0 HTTP/1.1" 200 (32 ms)
[16/Sep/2022:20:07:53 +0800] 0:0:0:0:0:0:0:1 "GET /budget/division/tree?rootId=&projectId=3 HTTP/1.1" 200 (47 ms)
[16/Sep/2022:20:08:34 +0800] 0:0:0:0:0:0:0:1 "GET /project/tree?rootId=0 HTTP/1.1" 200 (23 ms)
[16/Sep/2022:20:08:34 +0800] 0:0:0:0:0:0:0:1 "GET /budget/division/tree?rootId=&projectId=3 HTTP/1.1" 200 (25 ms)
[16/Sep/2022:20:08:35 +0800] 0:0:0:0:0:0:0:1 "GET /project/tree?rootId=0 HTTP/1.1" 200 (28 ms)
[16/Sep/2022:20:08:35 +0800] 0:0:0:0:0:0:0:1 "GET /budget/division/tree?rootId=&projectId=3 HTTP/1.1" 200 (24 ms)
[16/Sep/2022:20:09:05 +0800] 0:0:0:0:0:0:0:1 "GET /project/tree?rootId=0 HTTP/1.1" 200 (19 ms)
[16/Sep/2022:20:09:05 +0800] 0:0:0:0:0:0:0:1 "GET /budget/division/tree?rootId=&projectId=3 HTTP/1.1" 200 (18 ms)
[16/Sep/2022:20:09:14 +0800] 0:0:0:0:0:0:0:1 "GET /project/tree?rootId=0 HTTP/1.1" 200 (33 ms)
[16/Sep/2022:20:09:14 +0800] 0:0:0:0:0:0:0:1 "GET /budget/division/tree?rootId=&projectId=3 HTTP/1.1" 200 (28 ms)
[16/Sep/2022:20:10:30 +0800] 0:0:0:0:0:0:0:1 "GET /project/tree?rootId=0 HTTP/1.1" 200 (45 ms)
[16/Sep/2022:20:10:30 +0800] 0:0:0:0:0:0:0:1 "GET /budget/division/tree?rootId=&projectId=3 HTTP/1.1" 200 (44 ms)
[16/Sep/2022:20:10:36 +0800] 0:0:0:0:0:0:0:1 "POST /budget/division/push HTTP/1.1" 200 (15 ms)
[16/Sep/2022:20:11:04 +0800] 0:0:0:0:0:0:0:1 "GET /project/tree?rootId=0 HTTP/1.1" 200 (25 ms)
[16/Sep/2022:20:11:05 +0800] 0:0:0:0:0:0:0:1 "GET /budget/division/tree?rootId=&projectId=3 HTTP/1.1" 200 (21 ms)
[16/Sep/2022:20:11:09 +0800] 0:0:0:0:0:0:0:1 "GET /project/tree?rootId=0 HTTP/1.1" 200 (33 ms)
[16/Sep/2022:20:11:09 +0800] 0:0:0:0:0:0:0:1 "GET /budget/division/tree?rootId=&projectId=3 HTTP/1.1" 200 (43 ms)
[16/Sep/2022:20:11:13 +0800] 0:0:0:0:0:0:0:1 "POST /budget/division/push HTTP/1.1" 200 (121 ms)
[16/Sep/2022:20:12:08 +0800] 0:0:0:0:0:0:0:1 "GET /project/tree?rootId=0 HTTP/1.1" 200 (21 ms)
[16/Sep/2022:20:12:09 +0800] 0:0:0:0:0:0:0:1 "GET /budget/division/tree?rootId=&projectId=3 HTTP/1.1" 200 (19 ms)
[16/Sep/2022:20:12:13 +0800] 0:0:0:0:0:0:0:1 "GET /project/tree?rootId=0 HTTP/1.1" 200 (36 ms)
[16/Sep/2022:20:12:13 +0800] 0:0:0:0:0:0:0:1 "GET /budget/division/tree?rootId=&projectId=3 HTTP/1.1" 200 (46 ms)
[16/Sep/2022:20:12:17 +0800] 0:0:0:0:0:0:0:1 "POST /budget/division/push HTTP/1.1" 200 (32 ms)
[16/Sep/2022:20:12:51 +0800] 0:0:0:0:0:0:0:1 "GET /project/tree?rootId=0 HTTP/1.1" 200 (25 ms)
[16/Sep/2022:20:12:51 +0800] 0:0:0:0:0:0:0:1 "GET /budget/division/tree?rootId=&projectId=3 HTTP/1.1" 200 (25 ms)
[16/Sep/2022:20:12:55 +0800] 0:0:0:0:0:0:0:1 "GET /project/tree?rootId=0 HTTP/1.1" 200 (29 ms)
[16/Sep/2022:20:12:56 +0800] 0:0:0:0:0:0:0:1 "GET /budget/division/tree?rootId=&projectId=3 HTTP/1.1" 200 (30 ms)
[16/Sep/2022:20:12:59 +0800] 0:0:0:0:0:0:0:1 "POST /budget/division/push HTTP/1.1" 200 (133 ms)
[16/Sep/2022:20:14:19 +0800] 0:0:0:0:0:0:0:1 "GET /project/tree?rootId=0 HTTP/1.1" 200 (42 ms)
[16/Sep/2022:20:14:19 +0800] 0:0:0:0:0:0:0:1 "GET /budget/division/tree?rootId=&projectId=3 HTTP/1.1" 200 (50 ms)
[16/Sep/2022:20:14:21 +0800] 0:0:0:0:0:0:0:1 "GET /project/tree?rootId=0 HTTP/1.1" 200 (27 ms)
[16/Sep/2022:20:14:21 +0800] 0:0:0:0:0:0:0:1 "GET /budget/division/tree?rootId=&projectId=3 HTTP/1.1" 200 (34 ms)
[16/Sep/2022:20:14:27 +0800] 0:0:0:0:0:0:0:1 "POST /budget/division/push HTTP/1.1" 200 (103 ms)
[16/Sep/2022:20:15:06 +0800] 0:0:0:0:0:0:0:1 "GET /project/tree?rootId=0 HTTP/1.1" 200 (33 ms)
[16/Sep/2022:20:15:06 +0800] 0:0:0:0:0:0:0:1 "GET /budget/division/tree?rootId=&projectId=3 HTTP/1.1" 200 (44 ms)
[16/Sep/2022:20:15:09 +0800] 0:0:0:0:0:0:0:1 "POST /budget/division/push HTTP/1.1" 200 (106 ms)
[16/Sep/2022:20:16:15 +0800] 0:0:0:0:0:0:0:1 "POST /budget/division/push HTTP/1.1" 200 (118 ms)
[16/Sep/2022:20:19:59 +0800] 0:0:0:0:0:0:0:1 "GET /project/tree?rootId=0 HTTP/1.1" 200 (28 ms)
[16/Sep/2022:20:19:59 +0800] 0:0:0:0:0:0:0:1 "GET /budget/division/tree?rootId=&projectId=3 HTTP/1.1" 200 (19 ms)
[16/Sep/2022:20:20:18 +0800] 0:0:0:0:0:0:0:1 "POST /budget/division/push HTTP/1.1" 200 (124 ms)
[16/Sep/2022:20:20:57 +0800] 0:0:0:0:0:0:0:1 "GET /project/tree?rootId=0 HTTP/1.1" 200 (22 ms)
[16/Sep/2022:20:20:57 +0800] 0:0:0:0:0:0:0:1 "GET /budget/division/tree?rootId=&projectId=3 HTTP/1.1" 200 (21 ms)
[16/Sep/2022:20:21:28 +0800] 0:0:0:0:0:0:0:1 "POST /budget/division/push HTTP/1.1" 200 (31 ms)
[16/Sep/2022:20:21:34 +0800] 0:0:0:0:0:0:0:1 "POST /budget/division/push HTTP/1.1" 200 (102 ms)
[16/Sep/2022:20:21:44 +0800] 0:0:0:0:0:0:0:1 "GET /project/tree?rootId=0 HTTP/1.1" 200 (25 ms)
[16/Sep/2022:20:21:44 +0800] 0:0:0:0:0:0:0:1 "GET /budget/division/tree?rootId=&projectId=3 HTTP/1.1" 200 (31 ms)
[16/Sep/2022:20:21:58 +0800] 0:0:0:0:0:0:0:1 "POST /budget/division/push HTTP/1.1" 200 (119 ms)
[16/Sep/2022:20:22:03 +0800] 0:0:0:0:0:0:0:1 "GET /project/tree?rootId=0 HTTP/1.1" 200 (21 ms)
[16/Sep/2022:20:22:04 +0800] 0:0:0:0:0:0:0:1 "GET /budget/division/tree?rootId=&projectId=3 HTTP/1.1" 200 (393 ms)
[16/Sep/2022:20:22:11 +0800] 0:0:0:0:0:0:0:1 "GET /budget/division/tree?rootId=&projectId=2 HTTP/1.1" 200 (14 ms)
[16/Sep/2022:20:22:12 +0800] 0:0:0:0:0:0:0:1 "GET /budget/division/tree?rootId=&projectId=2 HTTP/1.1" 200 (15 ms)
[16/Sep/2022:20:22:13 +0800] 0:0:0:0:0:0:0:1 "GET /budget/division/tree?rootId=&projectId=3 HTTP/1.1" 200 (20 ms)
[16/Sep/2022:20:22:15 +0800] 0:0:0:0:0:0:0:1 "GET /budget/division/tree?rootId=&projectId=13 HTTP/1.1" 200 (14 ms)
[16/Sep/2022:20:22:16 +0800] 0:0:0:0:0:0:0:1 "GET /budget/division/tree?rootId=&projectId=3 HTTP/1.1" 200 (18 ms)
[16/Sep/2022:20:22:17 +0800] 0:0:0:0:0:0:0:1 "GET /budget/division/tree?rootId=&projectId=4 HTTP/1.1" 200 (14 ms)
[16/Sep/2022:20:22:18 +0800] 0:0:0:0:0:0:0:1 "GET /budget/division/tree?rootId=&projectId=2 HTTP/1.1" 200 (14 ms)
[16/Sep/2022:20:22:18 +0800] 0:0:0:0:0:0:0:1 "GET /budget/division/tree?rootId=&projectId=6 HTTP/1.1" 200 (16 ms)
[16/Sep/2022:20:22:19 +0800] 0:0:0:0:0:0:0:1 "GET /budget/division/tree?rootId=&projectId=5 HTTP/1.1" 200 (496 ms)
[16/Sep/2022:20:22:19 +0800] 0:0:0:0:0:0:0:1 "GET /budget/division/tree?rootId=&projectId=4 HTTP/1.1" 200 (97 ms)
[16/Sep/2022:20:22:20 +0800] 0:0:0:0:0:0:0:1 "GET /budget/division/tree?rootId=&projectId=3 HTTP/1.1" 200 (21 ms)
[16/Sep/2022:20:22:24 +0800] 0:0:0:0:0:0:0:1 "GET /project/tree?rootId=0 HTTP/1.1" 200 (34 ms)
[16/Sep/2022:20:22:24 +0800] 0:0:0:0:0:0:0:1 "GET /budget/division/tree?rootId=&projectId=3 HTTP/1.1" 200 (37 ms)
[16/Sep/2022:20:22:48 +0800] 0:0:0:0:0:0:0:1 "GET /project/tree?rootId=0 HTTP/1.1" 200 (19 ms)
[16/Sep/2022:20:22:48 +0800] 0:0:0:0:0:0:0:1 "GET /budget/division/tree?rootId=&projectId=3 HTTP/1.1" 200 (18 ms)
[16/Sep/2022:20:23:33 +0800] 0:0:0:0:0:0:0:1 "POST /budget/division/push HTTP/1.1" 200 (11 ms)
[16/Sep/2022:20:28:42 +0800] 0:0:0:0:0:0:0:1 "GET /project/tree?rootId=0 HTTP/1.1" 200 (51 ms)
[16/Sep/2022:20:28:45 +0800] 0:0:0:0:0:0:0:1 "GET /project/tree?rootId=0 HTTP/1.1" 200 (31 ms)
[16/Sep/2022:20:28:53 +0800] 0:0:0:0:0:0:0:1 "GET /project/tree?rootId=0 HTTP/1.1" 200 (33 ms)
[16/Sep/2022:20:29:35 +0800] 0:0:0:0:0:0:0:1 "GET /project/tree?rootId=0 HTTP/1.1" 200 (29 ms)
[16/Sep/2022:20:29:35 +0800] 0:0:0:0:0:0:0:1 "GET /budget/division/tree?rootId=&projectId=3 HTTP/1.1" 200 (35 ms)
[16/Sep/2022:20:29:51 +0800] 0:0:0:0:0:0:0:1 "POST /budget/division/push HTTP/1.1" 200 (104 ms)
[16/Sep/2022:20:31:14 +0800] 0:0:0:0:0:0:0:1 "GET /project/tree?rootId=0 HTTP/1.1" 200 (24 ms)
[16/Sep/2022:20:31:15 +0800] 0:0:0:0:0:0:0:1 "GET /budget/division/tree?rootId=&projectId=3 HTTP/1.1" 200 (19 ms)
[16/Sep/2022:20:31:57 +0800] 0:0:0:0:0:0:0:1 "GET /project/tree?rootId=0 HTTP/1.1" 200 (17 ms)
[16/Sep/2022:20:31:57 +0800] 0:0:0:0:0:0:0:1 "GET /budget/division/tree?rootId=&projectId=3 HTTP/1.1" 200 (17 ms)
[16/Sep/2022:20:32:02 +0800] 0:0:0:0:0:0:0:1 "GET /project/tree?rootId=0 HTTP/1.1" 200 (23 ms)
[16/Sep/2022:20:32:02 +0800] 0:0:0:0:0:0:0:1 "GET /budget/division/tree?rootId=&projectId=3 HTTP/1.1" 200 (19 ms)
[16/Sep/2022:20:32:08 +0800] 0:0:0:0:0:0:0:1 "GET /project/tree?rootId=0 HTTP/1.1" 200 (30 ms)
[16/Sep/2022:20:32:08 +0800] 0:0:0:0:0:0:0:1 "GET /budget/division/tree?rootId=&projectId=3 HTTP/1.1" 200 (51 ms)
[16/Sep/2022:20:32:31 +0800] 0:0:0:0:0:0:0:1 "GET /project/tree?rootId=0 HTTP/1.1" 200 (23 ms)
[16/Sep/2022:20:32:31 +0800] 0:0:0:0:0:0:0:1 "GET /budget/division/tree?rootId=&projectId=3 HTTP/1.1" 200 (22 ms)
[16/Sep/2022:20:32:39 +0800] 0:0:0:0:0:0:0:1 "GET /project/tree?rootId=0 HTTP/1.1" 200 (26 ms)
[16/Sep/2022:20:32:39 +0800] 0:0:0:0:0:0:0:1 "GET /budget/division/tree?rootId=&projectId=3 HTTP/1.1" 200 (31 ms)
[16/Sep/2022:20:33:41 +0800] 0:0:0:0:0:0:0:1 "GET /project/tree?rootId=0 HTTP/1.1" 200 (22 ms)
[16/Sep/2022:20:33:41 +0800] 0:0:0:0:0:0:0:1 "GET /budget/division/tree?rootId=&projectId=3 HTTP/1.1" 200 (18 ms)
[16/Sep/2022:20:34:35 +0800] 0:0:0:0:0:0:0:1 "GET /project/tree?rootId=0 HTTP/1.1" 200 (15 ms)
[16/Sep/2022:20:34:35 +0800] 0:0:0:0:0:0:0:1 "GET /budget/division/tree?rootId=&projectId=3 HTTP/1.1" 200 (17 ms)
[16/Sep/2022:20:35:01 +0800] 0:0:0:0:0:0:0:1 "GET /project/tree?rootId=0 HTTP/1.1" 200 (25 ms)
[16/Sep/2022:20:35:01 +0800] 0:0:0:0:0:0:0:1 "GET /budget/division/tree?rootId=&projectId=3 HTTP/1.1" 200 (32 ms)
[16/Sep/2022:20:36:53 +0800] 0:0:0:0:0:0:0:1 "GET /project/tree?rootId=0 HTTP/1.1" 200 (28 ms)
[16/Sep/2022:20:36:53 +0800] 0:0:0:0:0:0:0:1 "GET /budget/division/tree?rootId=&projectId=3 HTTP/1.1" 200 (22 ms)
[16/Sep/2022:20:42:45 +0800] 0:0:0:0:0:0:0:1 "GET /project/tree?rootId=0 HTTP/1.1" 200 (23 ms)
[16/Sep/2022:20:42:45 +0800] 0:0:0:0:0:0:0:1 "GET /budget/division/tree?rootId=&projectId=3 HTTP/1.1" 200 (17 ms)
[16/Sep/2022:20:43:01 +0800] 0:0:0:0:0:0:0:1 "GET /project/tree?rootId=0 HTTP/1.1" 200 (27 ms)
[16/Sep/2022:20:43:01 +0800] 0:0:0:0:0:0:0:1 "GET /budget/division/tree?rootId=&projectId=3 HTTP/1.1" 200 (28 ms)
[16/Sep/2022:20:46:46 +0800] 0:0:0:0:0:0:0:1 "GET /project/tree?rootId=0 HTTP/1.1" 200 (27 ms)
[16/Sep/2022:20:46:46 +0800] 0:0:0:0:0:0:0:1 "GET /budget/division/tree?rootId=&projectId=3 HTTP/1.1" 200 (23 ms)
[16/Sep/2022:20:47:41 +0800] 0:0:0:0:0:0:0:1 "GET /project/tree?rootId=0 HTTP/1.1" 200 (21 ms)
[16/Sep/2022:20:47:41 +0800] 0:0:0:0:0:0:0:1 "GET /budget/division/tree?rootId=&projectId=3 HTTP/1.1" 200 (26 ms)
[16/Sep/2022:20:47:57 +0800] 0:0:0:0:0:0:0:1 "GET /project/tree?rootId=0 HTTP/1.1" 200 (18 ms)
[16/Sep/2022:20:47:57 +0800] 0:0:0:0:0:0:0:1 "GET /budget/division/tree?rootId=&projectId=3 HTTP/1.1" 200 (18 ms)
[16/Sep/2022:20:49:05 +0800] 0:0:0:0:0:0:0:1 "GET /project/tree?rootId=0 HTTP/1.1" 200 (26 ms)
[16/Sep/2022:20:49:05 +0800] 0:0:0:0:0:0:0:1 "GET /budget/division/tree?rootId=&projectId=3 HTTP/1.1" 200 (17 ms)
[16/Sep/2022:20:49:43 +0800] 0:0:0:0:0:0:0:1 "GET /project/tree?rootId=0 HTTP/1.1" 200 (24 ms)
[16/Sep/2022:20:49:43 +0800] 0:0:0:0:0:0:0:1 "GET /budget/division/tree?rootId=&projectId=3 HTTP/1.1" 200 (22 ms)
[16/Sep/2022:20:49:50 +0800] 0:0:0:0:0:0:0:1 "GET /project/tree?rootId=0 HTTP/1.1" 200 (34 ms)
[16/Sep/2022:20:49:50 +0800] 0:0:0:0:0:0:0:1 "GET /budget/division/tree?rootId=&projectId=3 HTTP/1.1" 200 (39 ms)
[16/Sep/2022:20:50:15 +0800] 0:0:0:0:0:0:0:1 "GET /project/tree?rootId=0 HTTP/1.1" 200 (35 ms)
[16/Sep/2022:20:50:15 +0800] 0:0:0:0:0:0:0:1 "GET /budget/division/tree?rootId=&projectId=3 HTTP/1.1" 200 (22 ms)
[16/Sep/2022:20:50:18 +0800] 0:0:0:0:0:0:0:1 "GET /project/tree?rootId=0 HTTP/1.1" 200 (26 ms)
[16/Sep/2022:20:50:18 +0800] 0:0:0:0:0:0:0:1 "GET /budget/division/tree?rootId=&projectId=3 HTTP/1.1" 200 (37 ms)
[16/Sep/2022:20:53:36 +0800] 0:0:0:0:0:0:0:1 "GET /project/tree?rootId=0 HTTP/1.1" 200 (28 ms)
[16/Sep/2022:20:53:36 +0800] 0:0:0:0:0:0:0:1 "GET /budget/division/tree?rootId=&projectId=3 HTTP/1.1" 200 (19 ms)
[16/Sep/2022:20:53:42 +0800] 0:0:0:0:0:0:0:1 "OPTIONS /budget/division/push HTTP/1.1" 200 (2 ms)
[16/Sep/2022:20:53:43 +0800] 0:0:0:0:0:0:0:1 "POST /budget/division/push HTTP/1.1" 500 (57 ms)
[16/Sep/2022:20:53:53 +0800] 0:0:0:0:0:0:0:1 "POST /budget/division/push HTTP/1.1" 500 (11 ms)
[16/Sep/2022:20:54:14 +0800] 0:0:0:0:0:0:0:1 "POST /budget/division/push HTTP/1.1" 500 (7 ms)
[16/Sep/2022:20:55:08 +0800] 0:0:0:0:0:0:0:1 "GET /project/tree?rootId=0 HTTP/1.1" 200 (30 ms)
[16/Sep/2022:20:55:08 +0800] 0:0:0:0:0:0:0:1 "GET /budget/division/tree?rootId=&projectId=3 HTTP/1.1" 200 (30 ms)
[16/Sep/2022:20:55:13 +0800] 0:0:0:0:0:0:0:1 "POST /budget/division/push HTTP/1.1" 200 (305 ms)
[16/Sep/2022:20:55:13 +0800] 0:0:0:0:0:0:0:1 "GET /budget/division/tree?rootId=&projectId=3 HTTP/1.1" 200 (19 ms)
[16/Sep/2022:20:55:16 +0800] 0:0:0:0:0:0:0:1 "POST /budget/division/push HTTP/1.1" 200 (10 ms)
[16/Sep/2022:20:55:16 +0800] 0:0:0:0:0:0:0:1 "GET /budget/division/tree?rootId=&projectId=3 HTTP/1.1" 200 (20 ms)
[16/Sep/2022:20:55:21 +0800] 0:0:0:0:0:0:0:1 "GET /project/tree?rootId=0 HTTP/1.1" 200 (26 ms)
[16/Sep/2022:20:55:21 +0800] 0:0:0:0:0:0:0:1 "GET /budget/division/tree?rootId=&projectId=3 HTTP/1.1" 200 (37 ms)
[16/Sep/2022:20:55:41 +0800] 0:0:0:0:0:0:0:1 "POST /budget/division/push HTTP/1.1" 200 (5 ms)
[16/Sep/2022:20:55:41 +0800] 0:0:0:0:0:0:0:1 "GET /budget/division/tree?rootId=&projectId=3 HTTP/1.1" 200 (32 ms)
[16/Sep/2022:20:56:46 +0800] 0:0:0:0:0:0:0:1 "GET /project/tree?rootId=0 HTTP/1.1" 200 (57 ms)
[16/Sep/2022:20:56:46 +0800] 0:0:0:0:0:0:0:1 "GET /budget/division/tree?rootId=&projectId=3 HTTP/1.1" 200 (35 ms)
[16/Sep/2022:20:57:04 +0800] 0:0:0:0:0:0:0:1 "POST /budget/division/push HTTP/1.1" 200 (7 ms)
[16/Sep/2022:20:57:04 +0800] 0:0:0:0:0:0:0:1 "GET /budget/division/tree?rootId=&projectId=3 HTTP/1.1" 200 (21 ms)
[16/Sep/2022:20:57:06 +0800] 0:0:0:0:0:0:0:1 "POST /budget/division/push HTTP/1.1" 200 (5 ms)
[16/Sep/2022:20:57:06 +0800] 0:0:0:0:0:0:0:1 "GET /budget/division/tree?rootId=&projectId=3 HTTP/1.1" 200 (21 ms)
[16/Sep/2022:20:57:49 +0800] 0:0:0:0:0:0:0:1 "GET /project/tree?rootId=0 HTTP/1.1" 200 (34 ms)
[16/Sep/2022:20:57:52 +0800] 0:0:0:0:0:0:0:1 "GET /project/tree?rootId=0 HTTP/1.1" 200 (25 ms)
[16/Sep/2022:20:57:52 +0800] 0:0:0:0:0:0:0:1 "GET /budget/division/tree?rootId=&projectId=3 HTTP/1.1" 200 (33 ms)
[16/Sep/2022:20:58:07 +0800] 0:0:0:0:0:0:0:1 "POST /budget/division/push HTTP/1.1" 200 (356 ms)
[16/Sep/2022:20:58:07 +0800] 0:0:0:0:0:0:0:1 "GET /budget/division/tree?rootId=&projectId=3 HTTP/1.1" 200 (32 ms)
[16/Sep/2022:21:00:08 +0800] 0:0:0:0:0:0:0:1 "GET /project/tree?rootId=0 HTTP/1.1" 200 (35 ms)
[16/Sep/2022:21:00:08 +0800] 0:0:0:0:0:0:0:1 "GET /budget/division/tree?rootId=&projectId=3 HTTP/1.1" 200 (31 ms)
[16/Sep/2022:21:00:13 +0800] 0:0:0:0:0:0:0:1 "GET /project/tree?rootId=0 HTTP/1.1" 200 (18 ms)
[16/Sep/2022:21:00:13 +0800] 0:0:0:0:0:0:0:1 "GET /budget/division/tree?rootId=&projectId=3 HTTP/1.1" 200 (19 ms)
[16/Sep/2022:21:00:18 +0800] 0:0:0:0:0:0:0:1 "GET /project/tree?rootId=0 HTTP/1.1" 200 (35 ms)
[16/Sep/2022:21:00:18 +0800] 0:0:0:0:0:0:0:1 "GET /budget/division/tree?rootId=&projectId=3 HTTP/1.1" 200 (43 ms)
[16/Sep/2022:21:00:25 +0800] 0:0:0:0:0:0:0:1 "POST /budget/division/push HTTP/1.1" 200 (402 ms)
[16/Sep/2022:21:01:08 +0800] 0:0:0:0:0:0:0:1 "GET /project/tree?rootId=0 HTTP/1.1" 200 (26 ms)
[16/Sep/2022:21:01:08 +0800] 0:0:0:0:0:0:0:1 "GET /budget/division/tree?rootId=&projectId=3 HTTP/1.1" 200 (33 ms)
[16/Sep/2022:21:01:19 +0800] 0:0:0:0:0:0:0:1 "POST /budget/division/push HTTP/1.1" 200 (398 ms)
[16/Sep/2022:21:01:28 +0800] 0:0:0:0:0:0:0:1 "POST /budget/division/push HTTP/1.1" 200 (104 ms)
[16/Sep/2022:21:02:24 +0800] 0:0:0:0:0:0:0:1 "GET /project/tree?rootId=0 HTTP/1.1" 200 (31 ms)
[16/Sep/2022:21:02:24 +0800] 0:0:0:0:0:0:0:1 "GET /budget/division/tree?rootId=&projectId=3 HTTP/1.1" 200 (22 ms)
[16/Sep/2022:21:04:49 +0800] 0:0:0:0:0:0:0:1 "GET /project/tree?rootId=0 HTTP/1.1" 200 (28 ms)
[16/Sep/2022:21:04:49 +0800] 0:0:0:0:0:0:0:1 "GET /budget/division/tree?rootId=&projectId=3 HTTP/1.1" 200 (18 ms)
[16/Sep/2022:21:05:02 +0800] 0:0:0:0:0:0:0:1 "GET /project/tree?rootId=0 HTTP/1.1" 200 (22 ms)
[16/Sep/2022:21:05:02 +0800] 0:0:0:0:0:0:0:1 "GET /budget/division/tree?rootId=&projectId=3 HTTP/1.1" 200 (26 ms)
[16/Sep/2022:21:05:10 +0800] 0:0:0:0:0:0:0:1 "POST /budget/division/push HTTP/1.1" 200 (10 ms)
[16/Sep/2022:21:05:28 +0800] 0:0:0:0:0:0:0:1 "GET /project/tree?rootId=0 HTTP/1.1" 200 (22 ms)
[16/Sep/2022:21:05:28 +0800] 0:0:0:0:0:0:0:1 "GET /budget/division/tree?rootId=&projectId=3 HTTP/1.1" 200 (22 ms)
[16/Sep/2022:21:05:32 +0800] 0:0:0:0:0:0:0:1 "GET /project/tree?rootId=0 HTTP/1.1" 200 (24 ms)
[16/Sep/2022:21:05:32 +0800] 0:0:0:0:0:0:0:1 "GET /budget/division/tree?rootId=&projectId=3 HTTP/1.1" 200 (47 ms)
[16/Sep/2022:21:05:48 +0800] 0:0:0:0:0:0:0:1 "POST /budget/division/push HTTP/1.1" 200 (9 ms)
[16/Sep/2022:21:06:02 +0800] 0:0:0:0:0:0:0:1 "GET /project/tree?rootId=0 HTTP/1.1" 200 (20 ms)
[16/Sep/2022:21:06:02 +0800] 0:0:0:0:0:0:0:1 "GET /budget/division/tree?rootId=&projectId=3 HTTP/1.1" 200 (29 ms)
[16/Sep/2022:21:06:08 +0800] 0:0:0:0:0:0:0:1 "GET /project/tree?rootId=0 HTTP/1.1" 200 (25 ms)
[16/Sep/2022:21:06:08 +0800] 0:0:0:0:0:0:0:1 "GET /budget/division/tree?rootId=&projectId=3 HTTP/1.1" 200 (24 ms)
[16/Sep/2022:21:06:16 +0800] 0:0:0:0:0:0:0:1 "POST /budget/division/push HTTP/1.1" 200 (118 ms)
[16/Sep/2022:21:06:32 +0800] 0:0:0:0:0:0:0:1 "GET /project/tree?rootId=0 HTTP/1.1" 200 (18 ms)
[16/Sep/2022:21:06:32 +0800] 0:0:0:0:0:0:0:1 "GET /budget/division/tree?rootId=&projectId=3 HTTP/1.1" 200 (20 ms)
[16/Sep/2022:21:06:48 +0800] 0:0:0:0:0:0:0:1 "GET /project/tree?rootId=0 HTTP/1.1" 200 (49 ms)
[16/Sep/2022:21:06:48 +0800] 0:0:0:0:0:0:0:1 "GET /budget/division/tree?rootId=&projectId=3 HTTP/1.1" 200 (24 ms)
[16/Sep/2022:21:06:54 +0800] 0:0:0:0:0:0:0:1 "POST /budget/division/push HTTP/1.1" 200 (350 ms)
[16/Sep/2022:21:07:01 +0800] 0:0:0:0:0:0:0:1 "POST /budget/division/push HTTP/1.1" 200 (10 ms)
[16/Sep/2022:21:07:31 +0800] 0:0:0:0:0:0:0:1 "GET /project/tree?rootId=0 HTTP/1.1" 200 (29 ms)
[16/Sep/2022:21:07:32 +0800] 0:0:0:0:0:0:0:1 "GET /budget/division/tree?rootId=&projectId=3 HTTP/1.1" 200 (23 ms)
[16/Sep/2022:21:07:36 +0800] 0:0:0:0:0:0:0:1 "POST /budget/division/push HTTP/1.1" 200 (341 ms)
[16/Sep/2022:21:08:13 +0800] 0:0:0:0:0:0:0:1 "GET /project/tree?rootId=0 HTTP/1.1" 200 (26 ms)
[16/Sep/2022:21:08:13 +0800] 0:0:0:0:0:0:0:1 "GET /budget/division/tree?rootId=&projectId=3 HTTP/1.1" 200 (27 ms)
[16/Sep/2022:21:08:17 +0800] 0:0:0:0:0:0:0:1 "GET /project/tree?rootId=0 HTTP/1.1" 200 (27 ms)
[16/Sep/2022:21:08:17 +0800] 0:0:0:0:0:0:0:1 "GET /budget/division/tree?rootId=&projectId=3 HTTP/1.1" 200 (29 ms)
[16/Sep/2022:21:08:29 +0800] 0:0:0:0:0:0:0:1 "POST /budget/division/push HTTP/1.1" 200 (342 ms)
[16/Sep/2022:21:12:17 +0800] 0:0:0:0:0:0:0:1 "GET /project/tree?rootId=0 HTTP/1.1" 200 (35 ms)
[16/Sep/2022:21:12:17 +0800] 0:0:0:0:0:0:0:1 "GET /budget/division/tree?rootId=&projectId=3 HTTP/1.1" 200 (20 ms)
[16/Sep/2022:21:12:22 +0800] 0:0:0:0:0:0:0:1 "POST /budget/division/push HTTP/1.1" 200 (307 ms)
[16/Sep/2022:21:12:32 +0800] 0:0:0:0:0:0:0:1 "POST /budget/division/push HTTP/1.1" 200 (304 ms)
[16/Sep/2022:21:12:36 +0800] 0:0:0:0:0:0:0:1 "GET /project/tree?rootId=0 HTTP/1.1" 200 (20 ms)
[16/Sep/2022:21:12:36 +0800] 0:0:0:0:0:0:0:1 "GET /budget/division/tree?rootId=&projectId=3 HTTP/1.1" 200 (26 ms)
[16/Sep/2022:21:12:40 +0800] 0:0:0:0:0:0:0:1 "POST /budget/division/push HTTP/1.1" 200 (6 ms)
[16/Sep/2022:21:13:54 +0800] 0:0:0:0:0:0:0:1 "GET /project/tree?rootId=0 HTTP/1.1" 200 (28 ms)
[16/Sep/2022:21:13:54 +0800] 0:0:0:0:0:0:0:1 "GET /budget/division/tree?rootId=&projectId=3 HTTP/1.1" 200 (24 ms)
[16/Sep/2022:21:14:18 +0800] 0:0:0:0:0:0:0:1 "GET /project/tree?rootId=0 HTTP/1.1" 200 (24 ms)
[16/Sep/2022:21:14:18 +0800] 0:0:0:0:0:0:0:1 "GET /budget/division/tree?rootId=&projectId=3 HTTP/1.1" 200 (28 ms)
[16/Sep/2022:21:14:30 +0800] 0:0:0:0:0:0:0:1 "POST /budget/division/push HTTP/1.1" 200 (619 ms)
[16/Sep/2022:21:16:01 +0800] 0:0:0:0:0:0:0:1 "GET /project/tree?rootId=0 HTTP/1.1" 200 (32 ms)
[16/Sep/2022:21:16:01 +0800] 0:0:0:0:0:0:0:1 "GET /budget/division/tree?rootId=&projectId=3 HTTP/1.1" 200 (20 ms)
[16/Sep/2022:21:16:12 +0800] 0:0:0:0:0:0:0:1 "GET /project/tree?rootId=0 HTTP/1.1" 200 (25 ms)
[16/Sep/2022:21:16:12 +0800] 0:0:0:0:0:0:0:1 "GET /budget/division/tree?rootId=&projectId=3 HTTP/1.1" 200 (30 ms)
[16/Sep/2022:21:16:55 +0800] 0:0:0:0:0:0:0:1 "GET /project/tree?rootId=0 HTTP/1.1" 200 (30 ms)
[16/Sep/2022:21:16:55 +0800] 0:0:0:0:0:0:0:1 "GET /budget/division/tree?rootId=&projectId=3 HTTP/1.1" 200 (46 ms)
[16/Sep/2022:21:17:29 +0800] 0:0:0:0:0:0:0:1 "GET /project/tree?rootId=0 HTTP/1.1" 200 (28 ms)
[16/Sep/2022:21:17:29 +0800] 0:0:0:0:0:0:0:1 "GET /budget/division/tree?rootId=&projectId=3 HTTP/1.1" 200 (52 ms)
[16/Sep/2022:21:17:36 +0800] 0:0:0:0:0:0:0:1 "POST /budget/division/push HTTP/1.1" 200 (334 ms)
[16/Sep/2022:21:18:10 +0800] 0:0:0:0:0:0:0:1 "POST /budget/division/push HTTP/1.1" 200 (342 ms)
[16/Sep/2022:21:20:01 +0800] 0:0:0:0:0:0:0:1 "GET /project/tree?rootId=0 HTTP/1.1" 200 (26 ms)
[16/Sep/2022:21:20:01 +0800] 0:0:0:0:0:0:0:1 "GET /budget/division/tree?rootId=&projectId=3 HTTP/1.1" 200 (23 ms)
[16/Sep/2022:21:20:13 +0800] 0:0:0:0:0:0:0:1 "GET /project/tree?rootId=0 HTTP/1.1" 200 (21 ms)
[16/Sep/2022:21:20:13 +0800] 0:0:0:0:0:0:0:1 "GET /budget/division/tree?rootId=&projectId=3 HTTP/1.1" 200 (21 ms)
[16/Sep/2022:21:20:16 +0800] 0:0:0:0:0:0:0:1 "POST /budget/division/push HTTP/1.1" 200 (313 ms)
[16/Sep/2022:21:20:20 +0800] 0:0:0:0:0:0:0:1 "POST /budget/division/push HTTP/1.1" 200 (9 ms)
[16/Sep/2022:21:20:35 +0800] 0:0:0:0:0:0:0:1 "POST /budget/division/push HTTP/1.1" 200 (320 ms)
[16/Sep/2022:21:20:36 +0800] 0:0:0:0:0:0:0:1 "POST /budget/division/push HTTP/1.1" 200 (9 ms)
[16/Sep/2022:21:20:38 +0800] 0:0:0:0:0:0:0:1 "POST /budget/division/push HTTP/1.1" 200 (7 ms)
[16/Sep/2022:21:20:46 +0800] 0:0:0:0:0:0:0:1 "POST /budget/division/push HTTP/1.1" 200 (9 ms)
[16/Sep/2022:21:20:56 +0800] 0:0:0:0:0:0:0:1 "GET /project/tree?rootId=0 HTTP/1.1" 200 (20 ms)
[16/Sep/2022:21:20:56 +0800] 0:0:0:0:0:0:0:1 "GET /budget/division/tree?rootId=&projectId=3 HTTP/1.1" 200 (27 ms)
[16/Sep/2022:21:22:22 +0800] 0:0:0:0:0:0:0:1 "GET /budget/division/tree?rootId=&projectId=3 HTTP/1.1" 200 (23 ms)
[16/Sep/2022:21:30:08 +0800] 0:0:0:0:0:0:0:1 "GET /project/tree?rootId=0 HTTP/1.1" 200 (32 ms)
[16/Sep/2022:21:30:08 +0800] 0:0:0:0:0:0:0:1 "GET /budget/division/tree?rootId=&projectId=3 HTTP/1.1" 200 (40 ms)
[16/Sep/2022:21:30:10 +0800] 0:0:0:0:0:0:0:1 "GET /budget/division/tree?rootId=&projectId=4 HTTP/1.1" 200 (13 ms)
[16/Sep/2022:21:30:11 +0800] 0:0:0:0:0:0:0:1 "GET /budget/division/tree?rootId=&projectId=3 HTTP/1.1" 200 (18 ms)
[16/Sep/2022:21:30:12 +0800] 0:0:0:0:0:0:0:1 "GET /budget/division/tree?rootId=&projectId=13 HTTP/1.1" 200 (14 ms)
[16/Sep/2022:21:30:13 +0800] 0:0:0:0:0:0:0:1 "GET /budget/division/tree?rootId=&projectId=3 HTTP/1.1" 200 (18 ms)
[16/Sep/2022:21:30:16 +0800] 0:0:0:0:0:0:0:1 "GET /project/tree?rootId=0 HTTP/1.1" 200 (22 ms)
[16/Sep/2022:21:30:16 +0800] 0:0:0:0:0:0:0:1 "GET /budget/division/tree?rootId=&projectId=3 HTTP/1.1" 200 (51 ms)
[16/Sep/2022:21:30:32 +0800] 0:0:0:0:0:0:0:1 "OPTIONS /budget/division/push HTTP/1.1" 200 (1 ms)
[16/Sep/2022:21:30:32 +0800] 0:0:0:0:0:0:0:1 "POST /budget/division/push HTTP/1.1" 200 (306 ms)
[16/Sep/2022:21:30:46 +0800] 0:0:0:0:0:0:0:1 "POST /budget/division/push HTTP/1.1" 200 (357 ms)
[16/Sep/2022:21:30:47 +0800] 0:0:0:0:0:0:0:1 "POST /budget/division/push HTTP/1.1" 200 (4 ms)
[16/Sep/2022:21:30:52 +0800] 0:0:0:0:0:0:0:1 "POST /budget/division/push HTTP/1.1" 200 (8 ms)
[16/Sep/2022:21:34:28 +0800] 0:0:0:0:0:0:0:1 "GET /project/fetch?ownId=0 HTTP/1.1" 200 (31 ms)
[16/Sep/2022:21:36:36 +0800] 0:0:0:0:0:0:0:1 "GET /project/tree?rootId=0 HTTP/1.1" 200 (34 ms)
[16/Sep/2022:21:36:36 +0800] 0:0:0:0:0:0:0:1 "GET /budget/division/tree?rootId=&projectId=3 HTTP/1.1" 200 (19 ms)
[16/Sep/2022:21:44:18 +0800] 0:0:0:0:0:0:0:1 "POST /system/token HTTP/1.1" 200 (4 ms)
[16/Sep/2022:21:44:18 +0800] 0:0:0:0:0:0:0:1 "GET /system/menu HTTP/1.1" 200 (8 ms)
[16/Sep/2022:21:44:18 +0800] 0:0:0:0:0:0:0:1 "GET /project/fetch?ownId=0 HTTP/1.1" 200 (53 ms)
