[08/Sep/2022:06:38:45 +0800] 0:0:0:0:0:0:0:1 "POST /system/token HTTP/1.1" 200 (125 ms)
[08/Sep/2022:06:38:45 +0800] 0:0:0:0:0:0:0:1 "GET /system/menu HTTP/1.1" 200 (77 ms)
[08/Sep/2022:06:38:47 +0800] 0:0:0:0:0:0:0:1 "GET /project/fetch HTTP/1.1" 200 (1171 ms)
[08/Sep/2022:06:38:57 +0800] 0:0:0:0:0:0:0:1 "GET /sys/user/f?page=1&id= HTTP/1.1" 404 (29 ms)
[08/Sep/2022:06:38:57 +0800] 0:0:0:0:0:0:0:1 "GET /sys/organize/f?page=1&id= HTTP/1.1" 404 (31 ms)
[08/Sep/2022:06:38:59 +0800] 0:0:0:0:0:0:0:1 "GET /construction/fetch HTTP/1.1" 200 (56 ms)
[08/Sep/2022:06:41:41 +0800] 0:0:0:0:0:0:0:1 "GET /sys/organize/f?page=1&id= HTTP/1.1" 404 (8 ms)
[08/Sep/2022:06:41:41 +0800] 0:0:0:0:0:0:0:1 "GET /sys/user/f?page=1&id= HTTP/1.1" 404 (8 ms)
[08/Sep/2022:06:42:59 +0800] 0:0:0:0:0:0:0:1 "GET /project/fetch HTTP/1.1" 200 (32 ms)
[08/Sep/2022:06:43:06 +0800] 0:0:0:0:0:0:0:1 "GET /construction/fetch HTTP/1.1" 200 (22 ms)
[08/Sep/2022:06:43:26 +0800] 0:0:0:0:0:0:0:1 "GET /sys/organize/f?page=1&id= HTTP/1.1" 404 (3 ms)
[08/Sep/2022:06:43:26 +0800] 0:0:0:0:0:0:0:1 "GET /sys/user/f?page=1&id= HTTP/1.1" 404 (4 ms)
[08/Sep/2022:06:43:59 +0800] 0:0:0:0:0:0:0:1 "GET /construction/fetch HTTP/1.1" 200 (15 ms)
[08/Sep/2022:06:44:44 +0800] 0:0:0:0:0:0:0:1 "GET /project/fetch HTTP/1.1" 200 (21 ms)
[08/Sep/2022:06:44:55 +0800] 0:0:0:0:0:0:0:1 "GET /sys/organize/f?page=1&id= HTTP/1.1" 404 (5 ms)
[08/Sep/2022:06:44:55 +0800] 0:0:0:0:0:0:0:1 "GET /sys/user/f?page=1&id= HTTP/1.1" 404 (5 ms)
[08/Sep/2022:06:46:09 +0800] 0:0:0:0:0:0:0:1 "GET /construction/fetch HTTP/1.1" 200 (25 ms)
[08/Sep/2022:08:10:09 +0800] 0:0:0:0:0:0:0:1 "POST /system/token HTTP/1.1" 200 (18 ms)
[08/Sep/2022:08:10:09 +0800] 0:0:0:0:0:0:0:1 "GET /system/menu HTTP/1.1" 200 (7 ms)
[08/Sep/2022:08:10:09 +0800] 0:0:0:0:0:0:0:1 "GET /project/fetch HTTP/1.1" 200 (149 ms)
[08/Sep/2022:08:18:57 +0800] 0:0:0:0:0:0:0:1 "GET /project/fetch HTTP/1.1" 200 (1063 ms)
[08/Sep/2022:08:19:26 +0800] 0:0:0:0:0:0:0:1 "POST /system/token HTTP/1.1" 200 (10 ms)
[08/Sep/2022:08:19:26 +0800] 0:0:0:0:0:0:0:1 "GET /system/menu HTTP/1.1" 200 (65 ms)
[08/Sep/2022:08:19:26 +0800] 0:0:0:0:0:0:0:1 "GET /project/fetch HTTP/1.1" 200 (26 ms)
[08/Sep/2022:08:19:29 +0800] 0:0:0:0:0:0:0:1 "GET /sys/business/f HTTP/1.1" 404 (25 ms)
[08/Sep/2022:08:21:30 +0800] 0:0:0:0:0:0:0:1 "GET /construction/fetch HTTP/1.1" 200 (60 ms)
[08/Sep/2022:08:22:52 +0800] 0:0:0:0:0:0:0:1 "GET /project/fetch HTTP/1.1" 200 (39 ms)
[08/Sep/2022:08:22:53 +0800] 0:0:0:0:0:0:0:1 "GET /construction/fetch HTTP/1.1" 200 (44 ms)
[08/Sep/2022:08:22:56 +0800] 0:0:0:0:0:0:0:1 "GET /project/fetch HTTP/1.1" 200 (28 ms)
[08/Sep/2022:08:22:57 +0800] 0:0:0:0:0:0:0:1 "GET /construction/fetch HTTP/1.1" 200 (45 ms)
[08/Sep/2022:08:23:27 +0800] 0:0:0:0:0:0:0:1 "GET /sys/business/f HTTP/1.1" 404 (7 ms)
[08/Sep/2022:08:29:25 +0800] 0:0:0:0:0:0:0:1 "GET /sys/organize/f?page=1&id= HTTP/1.1" 404 (6 ms)
[08/Sep/2022:08:29:25 +0800] 0:0:0:0:0:0:0:1 "GET /sys/user/f?page=1&id= HTTP/1.1" 404 (5 ms)
[08/Sep/2022:08:29:40 +0800] 0:0:0:0:0:0:0:1 "GET /sys/business/f HTTP/1.1" 404 (5 ms)
[08/Sep/2022:08:30:12 +0800] 0:0:0:0:0:0:0:1 "GET /project/fetch HTTP/1.1" 200 (31 ms)
[08/Sep/2022:08:30:13 +0800] 0:0:0:0:0:0:0:1 "GET /sys/business/f HTTP/1.1" 404 (5 ms)
[08/Sep/2022:08:30:14 +0800] 0:0:0:0:0:0:0:1 "GET /sys/organize/f?page=1&id= HTTP/1.1" 404 (5 ms)
[08/Sep/2022:08:30:14 +0800] 0:0:0:0:0:0:0:1 "GET /sys/user/f?page=1&id= HTTP/1.1" 404 (5 ms)
[08/Sep/2022:08:30:16 +0800] 0:0:0:0:0:0:0:1 "GET /sys/business/f HTTP/1.1" 404 (3 ms)
[08/Sep/2022:08:34:18 +0800] 0:0:0:0:0:0:0:1 "GET /construction/fetch HTTP/1.1" 200 (33 ms)
[08/Sep/2022:08:34:38 +0800] 0:0:0:0:0:0:0:1 "GET /construction/fetch HTTP/1.1" 200 (16 ms)
[08/Sep/2022:08:34:41 +0800] 0:0:0:0:0:0:0:1 "GET /construction/fetch HTTP/1.1" 200 (15 ms)
[08/Sep/2022:08:34:42 +0800] 0:0:0:0:0:0:0:1 "GET /construction/fetch HTTP/1.1" 200 (12 ms)
[08/Sep/2022:11:04:27 +0800] 0:0:0:0:0:0:0:1 "GET /projectindex/tree HTTP/1.1" 200 (847 ms)
[08/Sep/2022:11:04:27 +0800] 0:0:0:0:0:0:0:1 "GET /favicon.ico HTTP/1.1" 404 (43 ms)
[08/Sep/2022:11:05:36 +0800] 0:0:0:0:0:0:0:1 "GET /projectindex/tree HTTP/1.1" 200 (846 ms)
[08/Sep/2022:11:16:12 +0800] 0:0:0:0:0:0:0:1 "GET /project/fetch HTTP/1.1" 200 (54 ms)
[08/Sep/2022:11:20:49 +0800] 0:0:0:0:0:0:0:1 "POST /system/token HTTP/1.1" 200 (129 ms)
[08/Sep/2022:11:20:49 +0800] 0:0:0:0:0:0:0:1 "GET /system/menu HTTP/1.1" 200 (53 ms)
[08/Sep/2022:11:21:07 +0800] 0:0:0:0:0:0:0:1 "POST /system/token HTTP/1.1" 200 (145 ms)
[08/Sep/2022:11:21:07 +0800] 0:0:0:0:0:0:0:1 "GET /system/menu HTTP/1.1" 200 (52 ms)
[08/Sep/2022:11:21:21 +0800] 0:0:0:0:0:0:0:1 "POST /system/token HTTP/1.1" 200 (3 ms)
[08/Sep/2022:11:21:21 +0800] 0:0:0:0:0:0:0:1 "GET /system/menu HTTP/1.1" 200 (3 ms)
[08/Sep/2022:11:23:28 +0800] 0:0:0:0:0:0:0:1 "GET /system/menu HTTP/1.1" 200 (6 ms)
[08/Sep/2022:11:24:23 +0800] 0:0:0:0:0:0:0:1 "GET /system/menu HTTP/1.1" 200 (179 ms)
[08/Sep/2022:11:24:31 +0800] 0:0:0:0:0:0:0:1 "POST /system/token HTTP/1.1" 200 (21 ms)
[08/Sep/2022:11:24:31 +0800] 0:0:0:0:0:0:0:1 "GET /system/menu HTTP/1.1" 200 (9 ms)
[08/Sep/2022:11:24:32 +0800] 0:0:0:0:0:0:0:1 "GET /project/fetch HTTP/1.1" 200 (804 ms)
[08/Sep/2022:11:24:41 +0800] 0:0:0:0:0:0:0:1 "GET /construction/fetch HTTP/1.1" 200 (51 ms)
[08/Sep/2022:11:24:59 +0800] 0:0:0:0:0:0:0:1 "GET /construction/fetch HTTP/1.1" 200 (27 ms)
[08/Sep/2022:11:25:33 +0800] 0:0:0:0:0:0:0:1 "GET /projectindex/tree HTTP/1.1" 200 (41 ms)
[08/Sep/2022:11:25:41 +0800] 0:0:0:0:0:0:0:1 "GET /projectindex/tree HTTP/1.1" 200 (27 ms)
[08/Sep/2022:11:26:13 +0800] 0:0:0:0:0:0:0:1 "GET /projectindex/tree HTTP/1.1" 200 (23 ms)
[08/Sep/2022:11:28:11 +0800] 0:0:0:0:0:0:0:1 "GET /projectindex/tree HTTP/1.1" 200 (35 ms)
[08/Sep/2022:11:31:23 +0800] 0:0:0:0:0:0:0:1 "GET /project/fetch HTTP/1.1" 200 (34 ms)
[08/Sep/2022:11:31:43 +0800] 0:0:0:0:0:0:0:1 "GET /projectindex/tree HTTP/1.1" 200 (16 ms)
[08/Sep/2022:11:35:12 +0800] 0:0:0:0:0:0:0:1 "GET /projectindex/tree HTTP/1.1" 200 (26 ms)
[08/Sep/2022:11:35:40 +0800] 0:0:0:0:0:0:0:1 "GET /construction/fetch HTTP/1.1" 200 (15 ms)
[08/Sep/2022:11:35:55 +0800] 0:0:0:0:0:0:0:1 "GET /projectindex/tree HTTP/1.1" 200 (17 ms)
[08/Sep/2022:11:36:43 +0800] 0:0:0:0:0:0:0:1 "GET /projectindex/tree HTTP/1.1" 200 (15 ms)
[08/Sep/2022:11:37:38 +0800] 0:0:0:0:0:0:0:1 "GET /projectindex/tree HTTP/1.1" 200 (12 ms)
[08/Sep/2022:11:45:31 +0800] 0:0:0:0:0:0:0:1 "GET /projectindex/tree HTTP/1.1" 200 (21 ms)
[08/Sep/2022:11:45:51 +0800] 0:0:0:0:0:0:0:1 "GET /projectindex/tree HTTP/1.1" 200 (20 ms)
[08/Sep/2022:11:48:28 +0800] 0:0:0:0:0:0:0:1 "GET /projectindex/tree HTTP/1.1" 200 (37 ms)
[08/Sep/2022:11:49:00 +0800] 0:0:0:0:0:0:0:1 "GET /projectindex/tree HTTP/1.1" 200 (17 ms)
[08/Sep/2022:11:49:49 +0800] 0:0:0:0:0:0:0:1 "GET /projectindex/tree HTTP/1.1" 200 (13 ms)
[08/Sep/2022:11:50:06 +0800] 0:0:0:0:0:0:0:1 "GET /projectindex/tree HTTP/1.1" 200 (13 ms)
[08/Sep/2022:11:50:49 +0800] 0:0:0:0:0:0:0:1 "GET /projectindex/tree HTTP/1.1" 200 (13 ms)
[08/Sep/2022:11:51:06 +0800] 0:0:0:0:0:0:0:1 "OPTIONS /projectindex/push HTTP/1.1" 200 (5 ms)
[08/Sep/2022:11:51:06 +0800] 0:0:0:0:0:0:0:1 "POST /projectindex/push HTTP/1.1" 500 (80 ms)
[08/Sep/2022:11:56:56 +0800] 0:0:0:0:0:0:0:1 "GET /projectindex/tree HTTP/1.1" 200 (19 ms)
[08/Sep/2022:11:56:59 +0800] 0:0:0:0:0:0:0:1 "GET /projectindex/tree HTTP/1.1" 200 (12 ms)
[08/Sep/2022:11:57:03 +0800] 0:0:0:0:0:0:0:1 "POST /projectindex/push HTTP/1.1" 200 (414 ms)
[08/Sep/2022:11:57:03 +0800] 0:0:0:0:0:0:0:1 "GET /projectindex/tree HTTP/1.1" 200 (13 ms)
[08/Sep/2022:11:58:02 +0800] 0:0:0:0:0:0:0:1 "GET /projectindex/tree HTTP/1.1" 200 (13 ms)
[08/Sep/2022:11:58:43 +0800] 0:0:0:0:0:0:0:1 "POST /projectindex/push HTTP/1.1" 200 (343 ms)
[08/Sep/2022:11:58:43 +0800] 0:0:0:0:0:0:0:1 "GET /projectindex/tree HTTP/1.1" 200 (18 ms)
[08/Sep/2022:11:58:50 +0800] 0:0:0:0:0:0:0:1 "POST /projectindex/push HTTP/1.1" 200 (118 ms)
[08/Sep/2022:11:58:50 +0800] 0:0:0:0:0:0:0:1 "GET /projectindex/tree HTTP/1.1" 200 (13 ms)
[08/Sep/2022:12:01:16 +0800] 0:0:0:0:0:0:0:1 "GET /projectindex/tree HTTP/1.1" 200 (42 ms)
[08/Sep/2022:12:02:13 +0800] 0:0:0:0:0:0:0:1 "POST /projectindex/push HTTP/1.1" 500 (6 ms)
[08/Sep/2022:12:02:17 +0800] 0:0:0:0:0:0:0:1 "GET /projectindex/tree HTTP/1.1" 200 (22 ms)
[08/Sep/2022:12:04:53 +0800] 0:0:0:0:0:0:0:1 "GET /projectindex/tree HTTP/1.1" 200 (34 ms)
[08/Sep/2022:12:05:02 +0800] 0:0:0:0:0:0:0:1 "GET /projectindex/tree HTTP/1.1" 200 (13 ms)
[08/Sep/2022:12:05:07 +0800] 0:0:0:0:0:0:0:1 "POST /projectindex/push HTTP/1.1" 200 (346 ms)
[08/Sep/2022:12:05:07 +0800] 0:0:0:0:0:0:0:1 "GET /projectindex/tree HTTP/1.1" 200 (20 ms)
[08/Sep/2022:13:05:47 +0800] 0:0:0:0:0:0:0:1 "GET /projectindex/tree HTTP/1.1" 200 (1075 ms)
[08/Sep/2022:13:08:27 +0800] 0:0:0:0:0:0:0:1 "GET /projectindex/tree HTTP/1.1" 200 (1006 ms)
[08/Sep/2022:13:08:30 +0800] 0:0:0:0:0:0:0:1 "OPTIONS /projectindex/push HTTP/1.1" 200 (5 ms)
[08/Sep/2022:13:08:30 +0800] 0:0:0:0:0:0:0:1 "POST /projectindex/push HTTP/1.1" 200 (48 ms)
[08/Sep/2022:13:08:30 +0800] 0:0:0:0:0:0:0:1 "GET /projectindex/tree HTTP/1.1" 200 (15 ms)
[08/Sep/2022:13:46:09 +0800] 0:0:0:0:0:0:0:1 "GET /project/fetch HTTP/1.1" 200 (1017 ms)
[08/Sep/2022:13:46:12 +0800] 0:0:0:0:0:0:0:1 "GET /projectindex/tree HTTP/1.1" 200 (63 ms)
[08/Sep/2022:13:46:17 +0800] 0:0:0:0:0:0:0:1 "OPTIONS /projectindex/push HTTP/1.1" 200 (7 ms)
[08/Sep/2022:13:46:17 +0800] 0:0:0:0:0:0:0:1 "POST /projectindex/push HTTP/1.1" 500 (173 ms)
[08/Sep/2022:13:47:27 +0800] 0:0:0:0:0:0:0:1 "POST /projectindex/push HTTP/1.1" 200 (903 ms)
[08/Sep/2022:13:47:27 +0800] 0:0:0:0:0:0:0:1 "GET /projectindex/tree HTTP/1.1" 200 (92 ms)
[08/Sep/2022:13:47:52 +0800] 0:0:0:0:0:0:0:1 "POST /projectindex/push HTTP/1.1" 500 (42 ms)
[08/Sep/2022:13:48:43 +0800] 0:0:0:0:0:0:0:1 "GET /projectindex/tree HTTP/1.1" 200 (24 ms)
[08/Sep/2022:13:49:11 +0800] 0:0:0:0:0:0:0:1 "POST /projectindex/push HTTP/1.1" 200 (12 ms)
[08/Sep/2022:13:49:11 +0800] 0:0:0:0:0:0:0:1 "GET /projectindex/tree HTTP/1.1" 200 (17 ms)
[08/Sep/2022:13:50:28 +0800] 0:0:0:0:0:0:0:1 "GET /projectindex/tree HTTP/1.1" 200 (36 ms)
[08/Sep/2022:13:51:10 +0800] 0:0:0:0:0:0:0:1 "POST /projectindex/push HTTP/1.1" 200 (10 ms)
[08/Sep/2022:13:51:10 +0800] 0:0:0:0:0:0:0:1 "GET /projectindex/tree HTTP/1.1" 200 (13 ms)
[08/Sep/2022:13:51:21 +0800] 0:0:0:0:0:0:0:1 "POST /projectindex/push HTTP/1.1" 200 (7 ms)
[08/Sep/2022:13:51:21 +0800] 0:0:0:0:0:0:0:1 "GET /projectindex/tree HTTP/1.1" 200 (21 ms)
[08/Sep/2022:13:52:57 +0800] 0:0:0:0:0:0:0:1 "POST /projectindex/push HTTP/1.1" 200 (874 ms)
[08/Sep/2022:13:52:57 +0800] 0:0:0:0:0:0:0:1 "GET /projectindex/tree HTTP/1.1" 200 (102 ms)
[08/Sep/2022:13:58:13 +0800] 0:0:0:0:0:0:0:1 "POST /projectindex/push HTTP/1.1" 200 (875 ms)
[08/Sep/2022:13:58:13 +0800] 0:0:0:0:0:0:0:1 "GET /projectindex/tree HTTP/1.1" 200 (90 ms)
[08/Sep/2022:14:06:48 +0800] 0:0:0:0:0:0:0:1 "POST /projectindex/push HTTP/1.1" 200 (869 ms)
[08/Sep/2022:14:06:48 +0800] 0:0:0:0:0:0:0:1 "GET /projectindex/tree HTTP/1.1" 200 (71 ms)
[08/Sep/2022:14:07:48 +0800] 0:0:0:0:0:0:0:1 "GET /projectindex/tree HTTP/1.1" 200 (15 ms)
[08/Sep/2022:14:50:59 +0800] 0:0:0:0:0:0:0:1 "GET /projectindex/tree HTTP/1.1" 200 (65 ms)
[08/Sep/2022:14:55:07 +0800] 0:0:0:0:0:0:0:1 "GET /projectindex/tree HTTP/1.1" 200 (28 ms)
[08/Sep/2022:14:56:18 +0800] 0:0:0:0:0:0:0:1 "GET /projectindex/tree HTTP/1.1" 200 (17 ms)
[08/Sep/2022:14:56:22 +0800] 0:0:0:0:0:0:0:1 "GET /projectindex/tree HTTP/1.1" 200 (17 ms)
[08/Sep/2022:14:56:38 +0800] 0:0:0:0:0:0:0:1 "GET /projectindex/tree HTTP/1.1" 200 (25 ms)
[08/Sep/2022:15:02:57 +0800] 0:0:0:0:0:0:0:1 "GET /project/fetch HTTP/1.1" 200 (62 ms)
[08/Sep/2022:15:03:16 +0800] 0:0:0:0:0:0:0:1 "GET /project/fetch HTTP/1.1" 200 (39 ms)
[08/Sep/2022:15:04:46 +0800] 0:0:0:0:0:0:0:1 "GET /project/fetch HTTP/1.1" 200 (22 ms)
[08/Sep/2022:15:04:59 +0800] 0:0:0:0:0:0:0:1 "GET /project/fetch HTTP/1.1" 200 (33 ms)
[08/Sep/2022:15:05:06 +0800] 0:0:0:0:0:0:0:1 "GET /project/fetch HTTP/1.1" 200 (28 ms)
[08/Sep/2022:15:10:53 +0800] 0:0:0:0:0:0:0:1 "GET /project/fetch HTTP/1.1" 200 (33 ms)
[08/Sep/2022:15:11:12 +0800] 0:0:0:0:0:0:0:1 "GET /project/fetch HTTP/1.1" 200 (25 ms)
[08/Sep/2022:15:12:53 +0800] 0:0:0:0:0:0:0:1 "POST /system/token HTTP/1.1" 200 (30 ms)
[08/Sep/2022:15:12:53 +0800] 0:0:0:0:0:0:0:1 "GET /system/menu HTTP/1.1" 200 (128 ms)
[08/Sep/2022:15:12:54 +0800] 0:0:0:0:0:0:0:1 "GET /project/fetch HTTP/1.1" 200 (34 ms)
[08/Sep/2022:15:12:56 +0800] 0:0:0:0:0:0:0:1 "GET /project/fetch HTTP/1.1" 200 (26 ms)
[08/Sep/2022:15:13:05 +0800] 0:0:0:0:0:0:0:1 "GET /project/fetch HTTP/1.1" 200 (33 ms)
[08/Sep/2022:15:15:48 +0800] 0:0:0:0:0:0:0:1 "GET /project/fetch HTTP/1.1" 200 (46 ms)
[08/Sep/2022:15:15:50 +0800] 0:0:0:0:0:0:0:1 "GET /project/fetch HTTP/1.1" 200 (50 ms)
[08/Sep/2022:15:15:56 +0800] 0:0:0:0:0:0:0:1 "GET /project/fetch HTTP/1.1" 200 (37 ms)
[08/Sep/2022:15:16:27 +0800] 0:0:0:0:0:0:0:1 "GET /project/fetch HTTP/1.1" 200 (47 ms)
[08/Sep/2022:15:16:28 +0800] 0:0:0:0:0:0:0:1 "GET /project/fetch HTTP/1.1" 200 (37 ms)
[08/Sep/2022:15:16:38 +0800] 0:0:0:0:0:0:0:1 "GET /project/fetch HTTP/1.1" 200 (37 ms)
[08/Sep/2022:15:16:38 +0800] 0:0:0:0:0:0:0:1 "GET /project/fetch HTTP/1.1" 200 (30 ms)
[08/Sep/2022:15:17:16 +0800] 0:0:0:0:0:0:0:1 "GET /project/fetch HTTP/1.1" 200 (24 ms)
[08/Sep/2022:15:17:24 +0800] 0:0:0:0:0:0:0:1 "GET /project/fetch HTTP/1.1" 200 (23 ms)
[08/Sep/2022:15:18:03 +0800] 0:0:0:0:0:0:0:1 "GET /project/fetch HTTP/1.1" 200 (28 ms)
[08/Sep/2022:15:19:08 +0800] 0:0:0:0:0:0:0:1 "GET /project/fetch HTTP/1.1" 200 (45 ms)
[08/Sep/2022:15:19:09 +0800] 0:0:0:0:0:0:0:1 "GET /project/fetch HTTP/1.1" 200 (24 ms)
[08/Sep/2022:15:19:22 +0800] 0:0:0:0:0:0:0:1 "GET /project/fetch HTTP/1.1" 200 (40 ms)
[08/Sep/2022:15:19:22 +0800] 0:0:0:0:0:0:0:1 "GET /project/fetch HTTP/1.1" 200 (27 ms)
[08/Sep/2022:15:19:27 +0800] 0:0:0:0:0:0:0:1 "GET /project/fetch HTTP/1.1" 200 (26 ms)
[08/Sep/2022:15:21:46 +0800] 0:0:0:0:0:0:0:1 "GET /project/fetch HTTP/1.1" 200 (51 ms)
[08/Sep/2022:15:21:46 +0800] 0:0:0:0:0:0:0:1 "GET /project/fetch HTTP/1.1" 200 (26 ms)
[08/Sep/2022:15:21:46 +0800] 0:0:0:0:0:0:0:1 "GET /project/fetch HTTP/1.1" 200 (25 ms)
[08/Sep/2022:15:21:46 +0800] 0:0:0:0:0:0:0:1 "GET /project/fetch HTTP/1.1" 200 (25 ms)
[08/Sep/2022:15:22:26 +0800] 0:0:0:0:0:0:0:1 "GET /project/fetch HTTP/1.1" 200 (26 ms)
[08/Sep/2022:15:22:26 +0800] 0:0:0:0:0:0:0:1 "GET /project/fetch HTTP/1.1" 200 (28 ms)
[08/Sep/2022:15:22:42 +0800] 0:0:0:0:0:0:0:1 "GET /project/fetch HTTP/1.1" 200 (29 ms)
[08/Sep/2022:15:23:02 +0800] 0:0:0:0:0:0:0:1 "GET /project/fetch HTTP/1.1" 200 (33 ms)
[08/Sep/2022:15:23:03 +0800] 0:0:0:0:0:0:0:1 "GET /project/fetch HTTP/1.1" 200 (16 ms)
[08/Sep/2022:15:24:41 +0800] 0:0:0:0:0:0:0:1 "GET /project/fetch HTTP/1.1" 200 (52 ms)
[08/Sep/2022:15:24:48 +0800] 0:0:0:0:0:0:0:1 "GET /project/fetch HTTP/1.1" 200 (28 ms)
[08/Sep/2022:15:26:42 +0800] 0:0:0:0:0:0:0:1 "GET /project/fetch HTTP/1.1" 200 (44 ms)
[08/Sep/2022:15:26:42 +0800] 0:0:0:0:0:0:0:1 "GET /project/fetch HTTP/1.1" 200 (18 ms)
[08/Sep/2022:15:26:58 +0800] 0:0:0:0:0:0:0:1 "GET /project/fetch HTTP/1.1" 200 (31 ms)
[08/Sep/2022:15:26:58 +0800] 0:0:0:0:0:0:0:1 "GET /project/fetch HTTP/1.1" 200 (25 ms)
[08/Sep/2022:15:29:42 +0800] 0:0:0:0:0:0:0:1 "GET /project/fetch HTTP/1.1" 200 (55 ms)
[08/Sep/2022:15:29:43 +0800] 0:0:0:0:0:0:0:1 "GET /project/fetch HTTP/1.1" 200 (31 ms)
[08/Sep/2022:15:31:10 +0800] 0:0:0:0:0:0:0:1 "GET /project/fetch HTTP/1.1" 200 (41 ms)
[08/Sep/2022:15:31:10 +0800] 0:0:0:0:0:0:0:1 "GET /project/fetch HTTP/1.1" 200 (17 ms)
[08/Sep/2022:15:31:33 +0800] 0:0:0:0:0:0:0:1 "GET /project/fetch HTTP/1.1" 200 (22 ms)
[08/Sep/2022:15:31:33 +0800] 0:0:0:0:0:0:0:1 "GET /project/fetch HTTP/1.1" 200 (28 ms)
[08/Sep/2022:15:31:37 +0800] 0:0:0:0:0:0:0:1 "GET /project/fetch HTTP/1.1" 200 (26 ms)
[08/Sep/2022:15:35:37 +0800] 0:0:0:0:0:0:0:1 "GET /project/fetch HTTP/1.1" 200 (54 ms)
[08/Sep/2022:15:35:59 +0800] 0:0:0:0:0:0:0:1 "GET /project/fetch HTTP/1.1" 200 (25 ms)
[08/Sep/2022:15:36:14 +0800] 0:0:0:0:0:0:0:1 "GET /project/fetch HTTP/1.1" 200 (31 ms)
[08/Sep/2022:15:37:40 +0800] 0:0:0:0:0:0:0:1 "GET /project/fetch HTTP/1.1" 200 (37 ms)
[08/Sep/2022:15:37:40 +0800] 0:0:0:0:0:0:0:1 "GET /project/fetch HTTP/1.1" 200 (18 ms)
[08/Sep/2022:15:38:09 +0800] 0:0:0:0:0:0:0:1 "GET /project/fetch HTTP/1.1" 200 (25 ms)
[08/Sep/2022:15:38:09 +0800] 0:0:0:0:0:0:0:1 "GET /project/fetch HTTP/1.1" 200 (16 ms)
[08/Sep/2022:15:38:18 +0800] 0:0:0:0:0:0:0:1 "GET /project/fetch HTTP/1.1" 200 (37 ms)
[08/Sep/2022:15:38:20 +0800] 0:0:0:0:0:0:0:1 "GET /project/fetch HTTP/1.1" 200 (27 ms)
[08/Sep/2022:15:38:22 +0800] 0:0:0:0:0:0:0:1 "GET /project/fetch HTTP/1.1" 200 (28 ms)
[08/Sep/2022:15:38:22 +0800] 0:0:0:0:0:0:0:1 "GET /project/fetch HTTP/1.1" 200 (19 ms)
