[23/Sep/2022:09:04:36 +0800] 0:0:0:0:0:0:0:1 "POST /system/token HTTP/1.1" 200 (132 ms)
[23/Sep/2022:09:04:36 +0800] 0:0:0:0:0:0:0:1 "GET /system/menu HTTP/1.1" 200 (75 ms)
[23/Sep/2022:09:04:38 +0800] 0:0:0:0:0:0:0:1 "GET /project/fetch?ownId=0 HTTP/1.1" 200 (1394 ms)
[23/Sep/2022:09:04:42 +0800] 0:0:0:0:0:0:0:1 "GET /project/tree?rootId=0 HTTP/1.1" 200 (33 ms)
[23/Sep/2022:09:04:42 +0800] 0:0:0:0:0:0:0:1 "GET /report/project/tree3?ownId=0&selectId=2543997172191232 HTTP/1.1" 200 (143 ms)
[23/Sep/2022:09:04:44 +0800] 0:0:0:0:0:0:0:1 "GET /report/project/tree3?ownId=0&selectId=2 HTTP/1.1" 200 (53 ms)
[23/Sep/2022:09:10:19 +0800] 0:0:0:0:0:0:0:1 "GET /project/tree?rootId=0 HTTP/1.1" 200 (946 ms)
[23/Sep/2022:09:10:19 +0800] 0:0:0:0:0:0:0:1 "GET /budget/division/tree2?ownId=0&selectId=2543997172191232 HTTP/1.1" 200 (51 ms)
[23/Sep/2022:09:10:19 +0800] 0:0:0:0:0:0:0:1 "GET /budget/division/machine/tree?ownId=2543997172191232&selectId=2543997172191232&rootId=2543997172191232 HTTP/1.1" 200 (369 ms)
[23/Sep/2022:09:10:21 +0800] 0:0:0:0:0:0:0:1 "GET /budget/division/tree2?ownId=0&selectId=2 HTTP/1.1" 200 (51 ms)
[23/Sep/2022:09:10:21 +0800] 0:0:0:0:0:0:0:1 "GET /budget/division/machine/tree?ownId=2&selectId=2&rootId=2 HTTP/1.1" 200 (22 ms)
[23/Sep/2022:09:10:45 +0800] 0:0:0:0:0:0:0:1 "GET /budget/division/machine/tree?ownId=3156659174248448&selectId=3156659174248448&rootId=3156659174248448 HTTP/1.1" 200 (19 ms)
[23/Sep/2022:09:11:04 +0800] 0:0:0:0:0:0:0:1 "GET /project/tree?rootId=0 HTTP/1.1" 200 (47 ms)
[23/Sep/2022:09:11:04 +0800] 0:0:0:0:0:0:0:1 "GET /budget/measure/tree2?ownId=0&selectId=2543997172191232 HTTP/1.1" 200 (407 ms)
[23/Sep/2022:09:11:04 +0800] 0:0:0:0:0:0:0:1 "GET /budget/measure/machine/tree?ownId=2543997172191232&selectId=2543997172191232&rootId=2543997172191232 HTTP/1.1" 200 (35 ms)
[23/Sep/2022:09:11:05 +0800] 0:0:0:0:0:0:0:1 "GET /budget/measure/tree2?ownId=0&selectId=2 HTTP/1.1" 200 (37 ms)
[23/Sep/2022:09:11:05 +0800] 0:0:0:0:0:0:0:1 "GET /budget/measure/machine/tree?ownId=2&selectId=2&rootId=2 HTTP/1.1" 200 (25 ms)
[23/Sep/2022:09:11:07 +0800] 0:0:0:0:0:0:0:1 "GET /budget/measure/tree2?ownId=2&selectId=9 HTTP/1.1" 200 (37 ms)
[23/Sep/2022:09:11:07 +0800] 0:0:0:0:0:0:0:1 "GET /budget/measure/machine/tree?ownId=9&selectId=9&rootId=9 HTTP/1.1" 200 (19 ms)
[23/Sep/2022:09:11:08 +0800] 0:0:0:0:0:0:0:1 "GET /budget/measure/tree2?ownId=0&selectId=2 HTTP/1.1" 200 (37 ms)
[23/Sep/2022:09:11:09 +0800] 0:0:0:0:0:0:0:1 "GET /budget/measure/machine/tree?ownId=2&selectId=2&rootId=2 HTTP/1.1" 200 (18 ms)
[23/Sep/2022:09:11:20 +0800] 0:0:0:0:0:0:0:1 "GET /project/tree?rootId=0 HTTP/1.1" 200 (29 ms)
[23/Sep/2022:09:11:20 +0800] 0:0:0:0:0:0:0:1 "GET /budget/division/tree2?ownId=0&selectId=2543997172191232 HTTP/1.1" 200 (36 ms)
[23/Sep/2022:09:11:20 +0800] 0:0:0:0:0:0:0:1 "GET /budget/division/machine/tree?ownId=2543997172191232&selectId=2543997172191232&rootId=2543997172191232 HTTP/1.1" 200 (24 ms)
[23/Sep/2022:09:11:21 +0800] 0:0:0:0:0:0:0:1 "GET /budget/division/tree2?ownId=0&selectId=2 HTTP/1.1" 200 (44 ms)
[23/Sep/2022:09:11:22 +0800] 0:0:0:0:0:0:0:1 "GET /budget/division/machine/tree?ownId=2&selectId=2&rootId=2 HTTP/1.1" 200 (21 ms)
[23/Sep/2022:09:11:25 +0800] 0:0:0:0:0:0:0:1 "GET /project/tree?rootId=0 HTTP/1.1" 200 (23 ms)
[23/Sep/2022:09:11:25 +0800] 0:0:0:0:0:0:0:1 "GET /budget/measure/tree2?ownId=0&selectId=2543997172191232 HTTP/1.1" 200 (32 ms)
[23/Sep/2022:09:11:25 +0800] 0:0:0:0:0:0:0:1 "GET /budget/measure/machine/tree?ownId=2543997172191232&selectId=2543997172191232&rootId=2543997172191232 HTTP/1.1" 200 (17 ms)
[23/Sep/2022:09:11:41 +0800] 0:0:0:0:0:0:0:1 "GET /project/tree?rootId=0 HTTP/1.1" 200 (26 ms)
[23/Sep/2022:09:11:41 +0800] 0:0:0:0:0:0:0:1 "GET /budget/division/tree2?ownId=0&selectId=2543997172191232 HTTP/1.1" 200 (42 ms)
[23/Sep/2022:09:11:41 +0800] 0:0:0:0:0:0:0:1 "GET /budget/division/machine/tree?ownId=2543997172191232&selectId=2543997172191232&rootId=2543997172191232 HTTP/1.1" 200 (28 ms)
[23/Sep/2022:09:11:42 +0800] 0:0:0:0:0:0:0:1 "GET /project/tree?rootId=0 HTTP/1.1" 200 (34 ms)
[23/Sep/2022:09:11:42 +0800] 0:0:0:0:0:0:0:1 "GET /budget/measure/tree2?ownId=0&selectId=2543997172191232 HTTP/1.1" 200 (47 ms)
[23/Sep/2022:09:11:43 +0800] 0:0:0:0:0:0:0:1 "GET /budget/measure/machine/tree?ownId=2543997172191232&selectId=2543997172191232&rootId=2543997172191232 HTTP/1.1" 200 (28 ms)
[23/Sep/2022:09:41:17 +0800] 0:0:0:0:0:0:0:1 "GET /project/fetch?ownId=0 HTTP/1.1" 200 (1010 ms)
[23/Sep/2022:09:41:21 +0800] 0:0:0:0:0:0:0:1 "GET /project/tree?rootId=0 HTTP/1.1" 200 (37 ms)
[23/Sep/2022:09:41:21 +0800] 0:0:0:0:0:0:0:1 "GET /budget/division/tree2?ownId=0&selectId=2543997172191232 HTTP/1.1" 200 (51 ms)
[23/Sep/2022:09:41:21 +0800] 0:0:0:0:0:0:0:1 "GET /budget/division/machine/tree?ownId=2543997172191232&selectId=2543997172191232&rootId=2543997172191232 HTTP/1.1" 200 (35 ms)
[23/Sep/2022:09:41:22 +0800] 0:0:0:0:0:0:0:1 "GET /budget/division/tree2?ownId=0&selectId=2 HTTP/1.1" 200 (53 ms)
[23/Sep/2022:09:41:22 +0800] 0:0:0:0:0:0:0:1 "GET /budget/division/machine/tree?ownId=2&selectId=2&rootId=2 HTTP/1.1" 200 (27 ms)
[23/Sep/2022:09:42:17 +0800] 0:0:0:0:0:0:0:1 "GET /project/tree?rootId=0 HTTP/1.1" 200 (33 ms)
[23/Sep/2022:09:42:17 +0800] 0:0:0:0:0:0:0:1 "GET /budget/measure/tree2?ownId=0&selectId=2543997172191232 HTTP/1.1" 200 (39 ms)
[23/Sep/2022:09:42:17 +0800] 0:0:0:0:0:0:0:1 "GET /budget/measure/machine/tree?ownId=2543997172191232&selectId=2543997172191232&rootId=2543997172191232 HTTP/1.1" 200 (32 ms)
[23/Sep/2022:09:42:29 +0800] 0:0:0:0:0:0:0:1 "GET /project/tree?rootId=0 HTTP/1.1" 200 (37 ms)
[23/Sep/2022:09:42:29 +0800] 0:0:0:0:0:0:0:1 "GET /budget/division/tree2?ownId=0&selectId=2543997172191232 HTTP/1.1" 200 (37 ms)
[23/Sep/2022:09:42:29 +0800] 0:0:0:0:0:0:0:1 "GET /budget/division/machine/tree?ownId=2543997172191232&selectId=2543997172191232&rootId=2543997172191232 HTTP/1.1" 200 (36 ms)
[23/Sep/2022:09:42:31 +0800] 0:0:0:0:0:0:0:1 "GET /project/tree?rootId=0 HTTP/1.1" 200 (31 ms)
[23/Sep/2022:09:42:31 +0800] 0:0:0:0:0:0:0:1 "GET /budget/measure/tree2?ownId=0&selectId=2543997172191232 HTTP/1.1" 200 (43 ms)
[23/Sep/2022:09:42:31 +0800] 0:0:0:0:0:0:0:1 "GET /budget/measure/machine/tree?ownId=2543997172191232&selectId=2543997172191232&rootId=2543997172191232 HTTP/1.1" 200 (24 ms)
[23/Sep/2022:09:48:28 +0800] 0:0:0:0:0:0:0:1 "GET /project/tree?rootId=0 HTTP/1.1" 200 (924 ms)
[23/Sep/2022:09:48:28 +0800] 0:0:0:0:0:0:0:1 "GET /budget/division/tree2?ownId=0&selectId=2543997172191232 HTTP/1.1" 200 (53 ms)
[23/Sep/2022:09:48:28 +0800] 0:0:0:0:0:0:0:1 "GET /budget/division/machine/tree?ownId=2543997172191232&selectId=2543997172191232&rootId=2543997172191232 HTTP/1.1" 200 (38 ms)
[23/Sep/2022:09:48:29 +0800] 0:0:0:0:0:0:0:1 "GET /project/tree?rootId=0 HTTP/1.1" 200 (61 ms)
[23/Sep/2022:09:48:29 +0800] 0:0:0:0:0:0:0:1 "GET /budget/measure/tree2?ownId=0&selectId=2543997172191232 HTTP/1.1" 200 (49 ms)
[23/Sep/2022:09:48:29 +0800] 0:0:0:0:0:0:0:1 "GET /budget/measure/machine/tree?ownId=2543997172191232&selectId=2543997172191232&rootId=2543997172191232 HTTP/1.1" 200 (37 ms)
[23/Sep/2022:09:48:59 +0800] 0:0:0:0:0:0:0:1 "GET /project/tree?rootId=0 HTTP/1.1" 200 (44 ms)
[23/Sep/2022:09:48:59 +0800] 0:0:0:0:0:0:0:1 "GET /plan/division/tree2?ownId=0&selectId=2543997172191232 HTTP/1.1" 200 (409 ms)
[23/Sep/2022:09:48:59 +0800] 0:0:0:0:0:0:0:1 "GET /plan/division/machine/tree?ownId=2543997172191232&selectId=2543997172191232&rootId=2543997172191232 HTTP/1.1" 200 (42 ms)
[23/Sep/2022:09:54:54 +0800] 0:0:0:0:0:0:0:1 "GET /project/tree?rootId=0 HTTP/1.1" 200 (45 ms)
[23/Sep/2022:09:54:55 +0800] 0:0:0:0:0:0:0:1 "GET /plan/measure/tree2?ownId=0&selectId=2543997172191232 HTTP/1.1" 200 (356 ms)
[23/Sep/2022:09:54:55 +0800] 0:0:0:0:0:0:0:1 "GET /plan/measure/machine/tree?ownId=2543997172191232&selectId=2543997172191232&rootId=2543997172191232 HTTP/1.1" 200 (78 ms)
[23/Sep/2022:09:54:55 +0800] 0:0:0:0:0:0:0:1 "GET /project/tree?rootId=0 HTTP/1.1" 200 (27 ms)
[23/Sep/2022:09:54:55 +0800] 0:0:0:0:0:0:0:1 "GET /plan/division/tree2?ownId=0&selectId=2543997172191232 HTTP/1.1" 200 (38 ms)
[23/Sep/2022:09:54:55 +0800] 0:0:0:0:0:0:0:1 "GET /plan/division/machine/tree?ownId=2543997172191232&selectId=2543997172191232&rootId=2543997172191232 HTTP/1.1" 200 (24 ms)
[23/Sep/2022:09:55:09 +0800] 0:0:0:0:0:0:0:1 "GET /plan/division/tree2?ownId=0&selectId=3 HTTP/1.1" 200 (39 ms)
[23/Sep/2022:09:55:09 +0800] 0:0:0:0:0:0:0:1 "GET /plan/division/machine/tree?ownId=3&selectId=3&rootId=3 HTTP/1.1" 200 (23 ms)
[23/Sep/2022:09:55:10 +0800] 0:0:0:0:0:0:0:1 "GET /plan/division/tree2?ownId=0&selectId=2 HTTP/1.1" 200 (40 ms)
[23/Sep/2022:09:55:11 +0800] 0:0:0:0:0:0:0:1 "GET /plan/division/machine/tree?ownId=2&selectId=2&rootId=2 HTTP/1.1" 200 (22 ms)
[23/Sep/2022:09:55:32 +0800] 0:0:0:0:0:0:0:1 "GET /plan/division/tree2?ownId=2&selectId=11 HTTP/1.1" 200 (37 ms)
[23/Sep/2022:09:55:32 +0800] 0:0:0:0:0:0:0:1 "GET /plan/division/machine/tree?ownId=11&selectId=11&rootId=11 HTTP/1.1" 200 (19 ms)
[23/Sep/2022:09:55:32 +0800] 0:0:0:0:0:0:0:1 "GET /plan/division/tree2?ownId=2&selectId=11 HTTP/1.1" 200 (35 ms)
[23/Sep/2022:09:55:32 +0800] 0:0:0:0:0:0:0:1 "GET /plan/division/machine/tree?ownId=11&selectId=11&rootId=11 HTTP/1.1" 200 (22 ms)
[23/Sep/2022:10:00:03 +0800] 0:0:0:0:0:0:0:1 "OPTIONS /plan/division/push HTTP/1.1" 200 (5 ms)
[23/Sep/2022:10:00:03 +0800] 0:0:0:0:0:0:0:1 "POST /plan/division/push HTTP/1.1" 200 (433 ms)
[23/Sep/2022:10:00:11 +0800] 0:0:0:0:0:0:0:1 "GET /plan/division/machine/tree?ownId=4242066922147840&selectId=4242066922147840&rootId=4242066922147840 HTTP/1.1" 200 (19 ms)
[23/Sep/2022:10:00:12 +0800] 0:0:0:0:0:0:0:1 "GET /plan/division/machine/tree?ownId=4242066922147840&selectId=4242066922147840&rootId=4242066922147840 HTTP/1.1" 200 (20 ms)
[23/Sep/2022:10:00:15 +0800] 0:0:0:0:0:0:0:1 "POST /plan/division/push HTTP/1.1" 200 (340 ms)
[23/Sep/2022:10:00:17 +0800] 0:0:0:0:0:0:0:1 "GET /plan/division/tree2?ownId=2&selectId=9 HTTP/1.1" 200 (41 ms)
[23/Sep/2022:10:00:17 +0800] 0:0:0:0:0:0:0:1 "GET /plan/division/machine/tree?ownId=9&selectId=9&rootId=9 HTTP/1.1" 200 (21 ms)
[23/Sep/2022:10:01:37 +0800] 0:0:0:0:0:0:0:1 "GET /plan/division/tree2?ownId=2&selectId=8 HTTP/1.1" 200 (863 ms)
[23/Sep/2022:10:01:37 +0800] 0:0:0:0:0:0:0:1 "GET /plan/division/machine/tree?ownId=8&selectId=8&rootId=8 HTTP/1.1" 200 (26 ms)
[23/Sep/2022:10:01:37 +0800] 0:0:0:0:0:0:0:1 "GET /plan/division/tree2?ownId=2&selectId=9 HTTP/1.1" 200 (58 ms)
[23/Sep/2022:10:01:37 +0800] 0:0:0:0:0:0:0:1 "GET /plan/division/machine/tree?ownId=9&selectId=9&rootId=9 HTTP/1.1" 200 (25 ms)
[23/Sep/2022:10:01:51 +0800] 0:0:0:0:0:0:0:1 "GET /project/tree?rootId=0 HTTP/1.1" 200 (38 ms)
[23/Sep/2022:10:01:51 +0800] 0:0:0:0:0:0:0:1 "GET /plan/measure/tree2?ownId=0&selectId=2543997172191232 HTTP/1.1" 200 (59 ms)
[23/Sep/2022:10:01:51 +0800] 0:0:0:0:0:0:0:1 "GET /plan/measure/machine/tree?ownId=2543997172191232&selectId=2543997172191232&rootId=2543997172191232 HTTP/1.1" 200 (36 ms)
[23/Sep/2022:10:01:53 +0800] 0:0:0:0:0:0:0:1 "GET /project/tree?rootId=0 HTTP/1.1" 200 (44 ms)
[23/Sep/2022:10:01:53 +0800] 0:0:0:0:0:0:0:1 "GET /plan/division/tree2?ownId=0&selectId=2543997172191232 HTTP/1.1" 200 (59 ms)
[23/Sep/2022:10:01:53 +0800] 0:0:0:0:0:0:0:1 "GET /plan/division/machine/tree?ownId=2543997172191232&selectId=2543997172191232&rootId=2543997172191232 HTTP/1.1" 200 (24 ms)
[23/Sep/2022:10:01:54 +0800] 0:0:0:0:0:0:0:1 "GET /plan/division/tree2?ownId=0&selectId=2 HTTP/1.1" 200 (49 ms)
[23/Sep/2022:10:01:54 +0800] 0:0:0:0:0:0:0:1 "GET /plan/division/machine/tree?ownId=2&selectId=2&rootId=2 HTTP/1.1" 200 (21 ms)
[23/Sep/2022:10:02:34 +0800] 0:0:0:0:0:0:0:1 "GET /project/tree?rootId=0 HTTP/1.1" 200 (46 ms)
[23/Sep/2022:10:02:34 +0800] 0:0:0:0:0:0:0:1 "GET /budget/measure/tree2?ownId=0&selectId=2543997172191232 HTTP/1.1" 200 (50 ms)
[23/Sep/2022:10:02:34 +0800] 0:0:0:0:0:0:0:1 "GET /budget/measure/machine/tree?ownId=2543997172191232&selectId=2543997172191232&rootId=2543997172191232 HTTP/1.1" 200 (30 ms)
[23/Sep/2022:10:02:35 +0800] 0:0:0:0:0:0:0:1 "GET /budget/measure/tree2?ownId=0&selectId=2 HTTP/1.1" 200 (46 ms)
[23/Sep/2022:10:02:35 +0800] 0:0:0:0:0:0:0:1 "GET /budget/measure/machine/tree?ownId=2&selectId=2&rootId=2 HTTP/1.1" 200 (24 ms)
[23/Sep/2022:10:02:43 +0800] 0:0:0:0:0:0:0:1 "GET /project/tree?rootId=0 HTTP/1.1" 200 (23 ms)
[23/Sep/2022:10:02:43 +0800] 0:0:0:0:0:0:0:1 "GET /plan/division/tree2?ownId=0&selectId=2543997172191232 HTTP/1.1" 200 (36 ms)
[23/Sep/2022:10:02:43 +0800] 0:0:0:0:0:0:0:1 "GET /plan/division/machine/tree?ownId=2543997172191232&selectId=2543997172191232&rootId=2543997172191232 HTTP/1.1" 200 (26 ms)
[23/Sep/2022:10:02:48 +0800] 0:0:0:0:0:0:0:1 "GET /plan/division/tree2?ownId=0&selectId=2 HTTP/1.1" 200 (45 ms)
[23/Sep/2022:10:02:49 +0800] 0:0:0:0:0:0:0:1 "GET /plan/division/machine/tree?ownId=2&selectId=2&rootId=2 HTTP/1.1" 200 (18 ms)
[23/Sep/2022:10:13:41 +0800] 0:0:0:0:0:0:0:1 "GET /project/tree?rootId=0 HTTP/1.1" 200 (1221 ms)
[23/Sep/2022:10:13:41 +0800] 0:0:0:0:0:0:0:1 "GET /plan/division/tree2?ownId=0&selectId=2543997172191232 HTTP/1.1" 200 (67 ms)
[23/Sep/2022:10:13:41 +0800] 0:0:0:0:0:0:0:1 "GET /plan/division/machine/tree?ownId=2543997172191232&selectId=2543997172191232&rootId=2543997172191232 HTTP/1.1" 200 (28 ms)
[23/Sep/2022:10:13:52 +0800] 0:0:0:0:0:0:0:1 "GET /plan/division/tree2?ownId=0&selectId=2 HTTP/1.1" 200 (50 ms)
[23/Sep/2022:10:13:53 +0800] 0:0:0:0:0:0:0:1 "GET /plan/division/machine/tree?ownId=2&selectId=2&rootId=2 HTTP/1.1" 200 (23 ms)
[23/Sep/2022:10:14:02 +0800] 0:0:0:0:0:0:0:1 "GET /project/tree?rootId=0 HTTP/1.1" 200 (42 ms)
[23/Sep/2022:10:14:02 +0800] 0:0:0:0:0:0:0:1 "GET /plan/measure/tree2?ownId=0&selectId=2543997172191232 HTTP/1.1" 200 (51 ms)
[23/Sep/2022:10:14:02 +0800] 0:0:0:0:0:0:0:1 "GET /plan/measure/machine/tree?ownId=2543997172191232&selectId=2543997172191232&rootId=2543997172191232 HTTP/1.1" 200 (36 ms)
[23/Sep/2022:10:14:17 +0800] 0:0:0:0:0:0:0:1 "GET /project/tree?rootId=0 HTTP/1.1" 200 (68 ms)
[23/Sep/2022:10:14:17 +0800] 0:0:0:0:0:0:0:1 "GET /plan/other/fetch?ownId=2543997172191232&selectId=2543997172191232 HTTP/1.1" 200 (126 ms)
[23/Sep/2022:10:14:19 +0800] 0:0:0:0:0:0:0:1 "GET /project/tree?rootId=0 HTTP/1.1" 200 (29 ms)
[23/Sep/2022:10:14:19 +0800] 0:0:0:0:0:0:0:1 "GET /plan/measure/tree2?ownId=0&selectId=2543997172191232 HTTP/1.1" 200 (41 ms)
[23/Sep/2022:10:14:19 +0800] 0:0:0:0:0:0:0:1 "GET /plan/measure/machine/tree?ownId=2543997172191232&selectId=2543997172191232&rootId=2543997172191232 HTTP/1.1" 200 (29 ms)
[23/Sep/2022:10:19:07 +0800] 0:0:0:0:0:0:0:1 "GET /project/tree?rootId=0 HTTP/1.1" 200 (1247 ms)
[23/Sep/2022:10:19:07 +0800] 0:0:0:0:0:0:0:1 "GET /plan/measure/tree2?ownId=0&selectId=2543997172191232 HTTP/1.1" 200 (65 ms)
[23/Sep/2022:10:19:08 +0800] 0:0:0:0:0:0:0:1 "GET /plan/measure/machine/tree?ownId=2543997172191232&selectId=2543997172191232&rootId=2543997172191232 HTTP/1.1" 200 (23 ms)
[23/Sep/2022:10:19:10 +0800] 0:0:0:0:0:0:0:1 "GET /plan/measure/tree2?ownId=0&selectId=2 HTTP/1.1" 200 (45 ms)
[23/Sep/2022:10:19:10 +0800] 0:0:0:0:0:0:0:1 "GET /plan/measure/machine/tree?ownId=2&selectId=2&rootId=2 HTTP/1.1" 200 (23 ms)
[23/Sep/2022:10:21:47 +0800] 0:0:0:0:0:0:0:1 "GET /project/tree?rootId=0 HTTP/1.1" 200 (46 ms)
[23/Sep/2022:10:21:47 +0800] 0:0:0:0:0:0:0:1 "GET /project/tree?rootId=0 HTTP/1.1" 200 (70 ms)
[23/Sep/2022:10:21:47 +0800] 0:0:0:0:0:0:0:1 "GET /actual/division/tree2?ownId=0&selectId=2543997172191232 HTTP/1.1" 200 (450 ms)
[23/Sep/2022:10:21:47 +0800] 0:0:0:0:0:0:0:1 "GET /actual/measure/tree2?ownId=0&selectId=2543997172191232 HTTP/1.1" 200 (116 ms)
[23/Sep/2022:10:21:47 +0800] 0:0:0:0:0:0:0:1 "GET /actual/measure/machine/tree?ownId=2543997172191232&selectId=2543997172191232&rootId=2543997172191232 HTTP/1.1" 200 (51 ms)
[23/Sep/2022:10:21:48 +0800] 0:0:0:0:0:0:0:1 "GET /project/tree?rootId=0 HTTP/1.1" 200 (23 ms)
[23/Sep/2022:10:21:48 +0800] 0:0:0:0:0:0:0:1 "GET /actual/division/tree2?ownId=0&selectId=2543997172191232 HTTP/1.1" 200 (36 ms)
[23/Sep/2022:10:21:48 +0800] 0:0:0:0:0:0:0:1 "GET /actual/division/machine/tree?ownId=2543997172191232&selectId=2543997172191232&rootId=2543997172191232 HTTP/1.1" 200 (26 ms)
[23/Sep/2022:10:21:50 +0800] 0:0:0:0:0:0:0:1 "GET /actual/division/tree2?ownId=0&selectId=2 HTTP/1.1" 200 (37 ms)
[23/Sep/2022:10:21:50 +0800] 0:0:0:0:0:0:0:1 "GET /actual/division/machine/tree?ownId=2&selectId=2&rootId=2 HTTP/1.1" 200 (19 ms)
[23/Sep/2022:10:22:45 +0800] 0:0:0:0:0:0:0:1 "GET /actual/division/tree2?ownId=0&selectId=3 HTTP/1.1" 200 (887 ms)
[23/Sep/2022:10:22:45 +0800] 0:0:0:0:0:0:0:1 "GET /actual/division/machine/tree?ownId=3&selectId=3&rootId=3 HTTP/1.1" 200 (26 ms)
[23/Sep/2022:10:22:46 +0800] 0:0:0:0:0:0:0:1 "GET /actual/division/tree2?ownId=0&selectId=2543997172191232 HTTP/1.1" 200 (31 ms)
[23/Sep/2022:10:22:46 +0800] 0:0:0:0:0:0:0:1 "GET /actual/division/machine/tree?ownId=2543997172191232&selectId=2543997172191232&rootId=2543997172191232 HTTP/1.1" 200 (19 ms)
[23/Sep/2022:10:22:47 +0800] 0:0:0:0:0:0:0:1 "GET /actual/division/tree2?ownId=0&selectId=2 HTTP/1.1" 200 (40 ms)
[23/Sep/2022:10:22:47 +0800] 0:0:0:0:0:0:0:1 "GET /actual/division/machine/tree?ownId=2&selectId=2&rootId=2 HTTP/1.1" 200 (35 ms)
[23/Sep/2022:10:22:58 +0800] 0:0:0:0:0:0:0:1 "GET /project/tree?rootId=0 HTTP/1.1" 200 (37 ms)
[23/Sep/2022:10:22:58 +0800] 0:0:0:0:0:0:0:1 "GET /actual/measure/tree2?ownId=0&selectId=2543997172191232 HTTP/1.1" 200 (68 ms)
[23/Sep/2022:10:22:58 +0800] 0:0:0:0:0:0:0:1 "GET /actual/measure/machine/tree?ownId=2543997172191232&selectId=2543997172191232&rootId=2543997172191232 HTTP/1.1" 200 (60 ms)
[23/Sep/2022:10:27:03 +0800] 0:0:0:0:0:0:0:1 "GET /project/tree?rootId=0 HTTP/1.1" 200 (915 ms)
[23/Sep/2022:10:27:03 +0800] 0:0:0:0:0:0:0:1 "GET /actual/division/tree2?ownId=0&selectId=2543997172191232 HTTP/1.1" 200 (50 ms)
[23/Sep/2022:10:27:03 +0800] 0:0:0:0:0:0:0:1 "GET /actual/division/machine/tree?ownId=2543997172191232&selectId=2543997172191232&rootId=2543997172191232 HTTP/1.1" 200 (30 ms)
[23/Sep/2022:10:27:04 +0800] 0:0:0:0:0:0:0:1 "GET /project/tree?rootId=0 HTTP/1.1" 200 (39 ms)
[23/Sep/2022:10:27:04 +0800] 0:0:0:0:0:0:0:1 "GET /actual/other/fetch?ownId=2543997172191232&selectId=2543997172191232 HTTP/1.1" 200 (125 ms)
[23/Sep/2022:10:27:05 +0800] 0:0:0:0:0:0:0:1 "GET /project/tree?rootId=0 HTTP/1.1" 200 (33 ms)
[23/Sep/2022:10:27:05 +0800] 0:0:0:0:0:0:0:1 "GET /actual/measure/tree2?ownId=0&selectId=2543997172191232 HTTP/1.1" 200 (49 ms)
[23/Sep/2022:10:27:05 +0800] 0:0:0:0:0:0:0:1 "GET /actual/measure/machine/tree?ownId=2543997172191232&selectId=2543997172191232&rootId=2543997172191232 HTTP/1.1" 200 (31 ms)
[23/Sep/2022:10:27:15 +0800] 0:0:0:0:0:0:0:1 "GET /project/tree?rootId=0 HTTP/1.1" 200 (26 ms)
[23/Sep/2022:10:27:15 +0800] 0:0:0:0:0:0:0:1 "GET /report/project/tree3?ownId=0&selectId=2543997172191232 HTTP/1.1" 200 (63 ms)
[23/Sep/2022:14:37:35 +0800] 0:0:0:0:0:0:0:1 "GET /project/fetch?ownId=0 HTTP/1.1" 200 (1095 ms)
[23/Sep/2022:14:37:42 +0800] 0:0:0:0:0:0:0:1 "GET /project/tree?rootId=0 HTTP/1.1" 200 (39 ms)
[23/Sep/2022:14:37:42 +0800] 0:0:0:0:0:0:0:1 "GET /report/project/tree2?ownId=0&selectId=2543997172191232 HTTP/1.1" 200 (94 ms)
[23/Sep/2022:14:37:45 +0800] 0:0:0:0:0:0:0:1 "GET /report/project/tree2?ownId=0&selectId=2 HTTP/1.1" 200 (89 ms)
[23/Sep/2022:14:37:46 +0800] 0:0:0:0:0:0:0:1 "GET /report/project/tree2?ownId=2&selectId=9 HTTP/1.1" 200 (82 ms)
[23/Sep/2022:14:37:56 +0800] 0:0:0:0:0:0:0:1 "GET /report/project/tree2?ownId=2&selectId=11 HTTP/1.1" 200 (90 ms)
[23/Sep/2022:14:37:57 +0800] 0:0:0:0:0:0:0:1 "GET /report/project/tree2?ownId=2&selectId=9 HTTP/1.1" 200 (74 ms)
[23/Sep/2022:14:38:08 +0800] 0:0:0:0:0:0:0:1 "GET /report/project/tree2?ownId=2&selectId=9 HTTP/1.1" 200 (92 ms)
[23/Sep/2022:14:38:08 +0800] 0:0:0:0:0:0:0:1 "GET /favicon.ico HTTP/1.1" 404 (37 ms)
[23/Sep/2022:14:39:50 +0800] 0:0:0:0:0:0:0:1 "GET /report/project/tree2?ownId=2&selectId=9 HTTP/1.1" 500 (967 ms)
[23/Sep/2022:14:41:31 +0800] 0:0:0:0:0:0:0:1 "GET /report/project/tree2?ownId=2&selectId=9 HTTP/1.1" 500 (25776 ms)
[23/Sep/2022:14:42:16 +0800] 0:0:0:0:0:0:0:1 "GET /report/project/tree2?ownId=2&selectId=9 HTTP/1.1" 500 (962 ms)
[23/Sep/2022:14:50:23 +0800] 0:0:0:0:0:0:0:1 "GET /project/tree?rootId=0 HTTP/1.1" 200 (864 ms)
[23/Sep/2022:14:50:23 +0800] 0:0:0:0:0:0:0:1 "GET /report/project/tree2?ownId=2&selectId=9 HTTP/1.1" 200 (1214 ms)
[23/Sep/2022:14:50:23 +0800] 0:0:0:0:0:0:0:1 "GET /report/project/tree2?ownId=0&selectId=2543997172191232 HTTP/1.1" 500 (129 ms)
[23/Sep/2022:14:51:20 +0800] 0:0:0:0:0:0:0:1 "GET /report/project/tree2?ownId=2&selectId=9 HTTP/1.1" 200 (931 ms)
[23/Sep/2022:14:52:00 +0800] 0:0:0:0:0:0:0:1 "GET /report/project/tree2?ownId=0&selectId=2 HTTP/1.1" 200 (104 ms)
[23/Sep/2022:14:52:06 +0800] 0:0:0:0:0:0:0:1 "GET /report/project/tree2?ownId=2&selectId=9 HTTP/1.1" 200 (78 ms)
[23/Sep/2022:14:52:08 +0800] 0:0:0:0:0:0:0:1 "GET /report/project/tree2?ownId=0&selectId=2 HTTP/1.1" 200 (82 ms)
[23/Sep/2022:14:52:14 +0800] 0:0:0:0:0:0:0:1 "GET /report/project/tree2?ownId=0&selectId=2 HTTP/1.1" 200 (93 ms)
[23/Sep/2022:14:52:22 +0800] 0:0:0:0:0:0:0:1 "GET /report/project/tree2?ownId=0&selectId=2 HTTP/1.1" 200 (80 ms)
[23/Sep/2022:14:57:04 +0800] 0:0:0:0:0:0:0:1 "GET /report/project/tree2?ownId=0&selectId=2 HTTP/1.1" 200 (1012 ms)
[23/Sep/2022:14:57:09 +0800] 0:0:0:0:0:0:0:1 "GET /report/project/tree2?ownId=0&selectId=2 HTTP/1.1" 200 (96 ms)
[23/Sep/2022:14:59:19 +0800] 0:0:0:0:0:0:0:1 "GET /project/tree?rootId=0 HTTP/1.1" 200 (55 ms)
[23/Sep/2022:14:59:19 +0800] 0:0:0:0:0:0:0:1 "GET /report/project/tree2?ownId=0&selectId=2543997172191232 HTTP/1.1" 500 (130 ms)
[23/Sep/2022:14:59:24 +0800] 0:0:0:0:0:0:0:1 "GET /report/project/tree2?ownId=0&selectId=2 HTTP/1.1" 200 (77 ms)
[23/Sep/2022:14:59:41 +0800] 0:0:0:0:0:0:0:1 "GET /project/tree?rootId=0 HTTP/1.1" 200 (31 ms)
[23/Sep/2022:14:59:41 +0800] 0:0:0:0:0:0:0:1 "GET /actual/division/tree2?ownId=0&selectId=2543997172191232 HTTP/1.1" 200 (40 ms)
[23/Sep/2022:14:59:41 +0800] 0:0:0:0:0:0:0:1 "GET /actual/division/machine/tree?ownId=2543997172191232&selectId=2543997172191232&rootId=2543997172191232 HTTP/1.1" 200 (27 ms)
[23/Sep/2022:14:59:43 +0800] 0:0:0:0:0:0:0:1 "GET /actual/division/tree2?ownId=0&selectId=2 HTTP/1.1" 200 (41 ms)
[23/Sep/2022:14:59:43 +0800] 0:0:0:0:0:0:0:1 "GET /actual/division/machine/tree?ownId=2&selectId=2&rootId=2 HTTP/1.1" 200 (19 ms)
[23/Sep/2022:14:59:54 +0800] 0:0:0:0:0:0:0:1 "GET /project/tree?rootId=0 HTTP/1.1" 200 (28 ms)
[23/Sep/2022:14:59:54 +0800] 0:0:0:0:0:0:0:1 "GET /plan/division/tree2?ownId=0&selectId=2543997172191232 HTTP/1.1" 200 (47 ms)
[23/Sep/2022:14:59:54 +0800] 0:0:0:0:0:0:0:1 "GET /plan/division/machine/tree?ownId=2543997172191232&selectId=2543997172191232&rootId=2543997172191232 HTTP/1.1" 200 (55 ms)
[23/Sep/2022:14:59:57 +0800] 0:0:0:0:0:0:0:1 "GET /plan/division/tree2?ownId=0&selectId=2 HTTP/1.1" 200 (38 ms)
[23/Sep/2022:14:59:57 +0800] 0:0:0:0:0:0:0:1 "GET /plan/division/machine/tree?ownId=2&selectId=2&rootId=2 HTTP/1.1" 200 (19 ms)
[23/Sep/2022:15:00:08 +0800] 0:0:0:0:0:0:0:1 "GET /project/tree?rootId=0 HTTP/1.1" 200 (42 ms)
[23/Sep/2022:15:00:08 +0800] 0:0:0:0:0:0:0:1 "GET /actual/division/tree2?ownId=0&selectId=2543997172191232 HTTP/1.1" 200 (44 ms)
[23/Sep/2022:15:00:08 +0800] 0:0:0:0:0:0:0:1 "GET /actual/division/machine/tree?ownId=2543997172191232&selectId=2543997172191232&rootId=2543997172191232 HTTP/1.1" 200 (22 ms)
[23/Sep/2022:15:00:09 +0800] 0:0:0:0:0:0:0:1 "GET /project/tree?rootId=0 HTTP/1.1" 200 (23 ms)
[23/Sep/2022:15:00:09 +0800] 0:0:0:0:0:0:0:1 "GET /report/project/tree2?ownId=0&selectId=2543997172191232 HTTP/1.1" 500 (54 ms)
[23/Sep/2022:15:00:11 +0800] 0:0:0:0:0:0:0:1 "GET /report/project/tree2?ownId=0&selectId=2 HTTP/1.1" 200 (68 ms)
[23/Sep/2022:15:01:34 +0800] 0:0:0:0:0:0:0:1 "GET /report/project/tree2?ownId=0&selectId=2543997172191232 HTTP/1.1" 500 (52 ms)
[23/Sep/2022:15:04:09 +0800] 0:0:0:0:0:0:0:1 "GET /project/tree?rootId=0 HTTP/1.1" 200 (1113 ms)
[23/Sep/2022:15:04:09 +0800] 0:0:0:0:0:0:0:1 "GET /report/project/tree2?ownId=0&selectId=2543997172191232 HTTP/1.1" 500 (101 ms)
[23/Sep/2022:15:08:01 +0800] 0:0:0:0:0:0:0:1 "GET /project/tree?rootId=0 HTTP/1.1" 200 (1002 ms)
[23/Sep/2022:15:08:01 +0800] 0:0:0:0:0:0:0:1 "GET /report/project/tree2?ownId=0&selectId=2543997172191232 HTTP/1.1" 500 (102 ms)
[23/Sep/2022:15:08:45 +0800] 0:0:0:0:0:0:0:1 "GET /project/tree?rootId=0 HTTP/1.1" 200 (1003 ms)
[23/Sep/2022:15:08:45 +0800] 0:0:0:0:0:0:0:1 "GET /report/project/tree2?ownId=0&selectId=2543997172191232 HTTP/1.1" 500 (111 ms)
[23/Sep/2022:15:24:28 +0800] 0:0:0:0:0:0:0:1 "GET /project/tree?rootId=0 HTTP/1.1" 200 (994 ms)
[23/Sep/2022:15:24:28 +0800] 0:0:0:0:0:0:0:1 "GET /report/project/tree2?ownId=0&selectId=2543997172191232 HTTP/1.1" 200 (98 ms)
[23/Sep/2022:15:24:40 +0800] 0:0:0:0:0:0:0:1 "GET /report/project/tree2?ownId=0&selectId=2 HTTP/1.1" 200 (81 ms)
[23/Sep/2022:15:27:32 +0800] 0:0:0:0:0:0:0:1 "GET /project/tree?rootId=0 HTTP/1.1" 200 (1006 ms)
[23/Sep/2022:15:27:32 +0800] 0:0:0:0:0:0:0:1 "GET /report/project/tree2?ownId=0&selectId=2543997172191232 HTTP/1.1" 500 (77 ms)
[23/Sep/2022:15:28:20 +0800] 0:0:0:0:0:0:0:1 "GET /project/tree?rootId=0 HTTP/1.1" 200 (1049 ms)
[23/Sep/2022:15:28:20 +0800] 0:0:0:0:0:0:0:1 "GET /report/project/tree2?ownId=0&selectId=2543997172191232 HTTP/1.1" 200 (92 ms)
[23/Sep/2022:15:28:22 +0800] 0:0:0:0:0:0:0:1 "GET /report/project/tree2?ownId=0&selectId=2 HTTP/1.1" 500 (76 ms)
[23/Sep/2022:15:30:58 +0800] 0:0:0:0:0:0:0:1 "GET /report/project/tree2?ownId=0&selectId=2 HTTP/1.1" 200 (972 ms)
[23/Sep/2022:18:15:46 +0800] 0:0:0:0:0:0:0:1 "GET /project/tree?rootId=0 HTTP/1.1" 200 (1016 ms)
[23/Sep/2022:18:15:47 +0800] 0:0:0:0:0:0:0:1 "GET /report/project/tree2?ownId=0&selectId=2543997172191232 HTTP/1.1" 200 (104 ms)
[23/Sep/2022:18:15:49 +0800] 0:0:0:0:0:0:0:1 "GET /report/project/tree2?ownId=0&selectId=2 HTTP/1.1" 200 (82 ms)
[23/Sep/2022:18:16:19 +0800] 0:0:0:0:0:0:0:1 "GET /project/tree?rootId=0 HTTP/1.1" 200 (36 ms)
[23/Sep/2022:18:16:19 +0800] 0:0:0:0:0:0:0:1 "GET /budget/division/tree2?ownId=0&selectId=2543997172191232 HTTP/1.1" 200 (43 ms)
[23/Sep/2022:18:16:19 +0800] 0:0:0:0:0:0:0:1 "GET /budget/division/machine/tree?ownId=2543997172191232&selectId=2543997172191232&rootId=2543997172191232 HTTP/1.1" 200 (41 ms)
[23/Sep/2022:18:16:20 +0800] 0:0:0:0:0:0:0:1 "GET /budget/division/tree2?ownId=0&selectId=2 HTTP/1.1" 200 (48 ms)
[23/Sep/2022:18:16:21 +0800] 0:0:0:0:0:0:0:1 "GET /budget/division/machine/tree?ownId=2&selectId=2&rootId=2 HTTP/1.1" 200 (24 ms)
[23/Sep/2022:18:16:33 +0800] 0:0:0:0:0:0:0:1 "GET /project/tree?rootId=0 HTTP/1.1" 200 (53 ms)
[23/Sep/2022:18:16:33 +0800] 0:0:0:0:0:0:0:1 "GET /plan/measure/tree2?ownId=0&selectId=2543997172191232 HTTP/1.1" 200 (50 ms)
[23/Sep/2022:18:16:33 +0800] 0:0:0:0:0:0:0:1 "GET /plan/measure/machine/tree?ownId=2543997172191232&selectId=2543997172191232&rootId=2543997172191232 HTTP/1.1" 200 (29 ms)
[23/Sep/2022:18:16:33 +0800] 0:0:0:0:0:0:0:1 "GET /project/tree?rootId=0 HTTP/1.1" 200 (24 ms)
[23/Sep/2022:18:16:33 +0800] 0:0:0:0:0:0:0:1 "GET /plan/division/tree2?ownId=0&selectId=2543997172191232 HTTP/1.1" 200 (45 ms)
[23/Sep/2022:18:16:34 +0800] 0:0:0:0:0:0:0:1 "GET /plan/division/machine/tree?ownId=2543997172191232&selectId=2543997172191232&rootId=2543997172191232 HTTP/1.1" 200 (40 ms)
[23/Sep/2022:18:16:35 +0800] 0:0:0:0:0:0:0:1 "GET /plan/division/tree2?ownId=0&selectId=2 HTTP/1.1" 200 (39 ms)
[23/Sep/2022:18:16:35 +0800] 0:0:0:0:0:0:0:1 "GET /plan/division/machine/tree?ownId=2&selectId=2&rootId=2 HTTP/1.1" 200 (19 ms)
[23/Sep/2022:18:16:38 +0800] 0:0:0:0:0:0:0:1 "GET /project/tree?rootId=0 HTTP/1.1" 200 (22 ms)
[23/Sep/2022:18:16:38 +0800] 0:0:0:0:0:0:0:1 "GET /report/project/tree2?ownId=0&selectId=2543997172191232 HTTP/1.1" 200 (64 ms)
[23/Sep/2022:18:16:39 +0800] 0:0:0:0:0:0:0:1 "GET /report/project/tree2?ownId=0&selectId=2 HTTP/1.1" 200 (70 ms)
[23/Sep/2022:18:18:30 +0800] 0:0:0:0:0:0:0:1 "GET /project/tree?rootId=0 HTTP/1.1" 200 (33 ms)
[23/Sep/2022:18:18:30 +0800] 0:0:0:0:0:0:0:1 "GET /report/project/tree2?ownId=0&selectId=2543997172191232 HTTP/1.1" 200 (99 ms)
[23/Sep/2022:18:18:36 +0800] 0:0:0:0:0:0:0:1 "GET /report/project/tree2?ownId=0&selectId=2 HTTP/1.1" 200 (71 ms)
[23/Sep/2022:18:23:59 +0800] 0:0:0:0:0:0:0:1 "GET /project/tree?rootId=0 HTTP/1.1" 200 (999 ms)
[23/Sep/2022:18:23:59 +0800] 0:0:0:0:0:0:0:1 "GET /report/project/tree2?ownId=0&selectId=2543997172191232 HTTP/1.1" 200 (91 ms)
[23/Sep/2022:18:24:01 +0800] 0:0:0:0:0:0:0:1 "GET /report/project/tree2?ownId=0&selectId=2 HTTP/1.1" 200 (83 ms)
[23/Sep/2022:18:26:44 +0800] 0:0:0:0:0:0:0:1 "GET /project/tree?rootId=0 HTTP/1.1" 200 (1046 ms)
[23/Sep/2022:18:26:44 +0800] 0:0:0:0:0:0:0:1 "GET /report/project/tree2?ownId=0&selectId=2543997172191232 HTTP/1.1" 200 (103 ms)
[23/Sep/2022:18:26:46 +0800] 0:0:0:0:0:0:0:1 "GET /report/project/tree2?ownId=0&selectId=2 HTTP/1.1" 200 (80 ms)
[23/Sep/2022:18:28:46 +0800] 0:0:0:0:0:0:0:1 "GET /project/tree?rootId=0 HTTP/1.1" 200 (1043 ms)
[23/Sep/2022:18:28:46 +0800] 0:0:0:0:0:0:0:1 "GET /report/project/tree2?ownId=0&selectId=2543997172191232 HTTP/1.1" 200 (93 ms)
[23/Sep/2022:18:28:47 +0800] 0:0:0:0:0:0:0:1 "GET /report/project/tree2?ownId=0&selectId=2 HTTP/1.1" 200 (82 ms)
[23/Sep/2022:18:35:50 +0800] 0:0:0:0:0:0:0:1 "GET /report/project/tree2?ownId=0&selectId=2 HTTP/1.1" 200 (977 ms)
[23/Sep/2022:18:35:50 +0800] 0:0:0:0:0:0:0:1 "GET /report/project/tree2?ownId=0&selectId=2 HTTP/1.1" 200 (82 ms)
[23/Sep/2022:18:36:38 +0800] 0:0:0:0:0:0:0:1 "GET /report/project/tree2?ownId=0&selectId=2 HTTP/1.1" 200 (969 ms)
[23/Sep/2022:18:42:21 +0800] 0:0:0:0:0:0:0:1 "GET /project/tree?rootId=0 HTTP/1.1" 200 (1026 ms)
[23/Sep/2022:18:42:21 +0800] 0:0:0:0:0:0:0:1 "GET /report/project/tree2?ownId=0&selectId=2543997172191232 HTTP/1.1" 200 (103 ms)
[23/Sep/2022:18:42:23 +0800] 0:0:0:0:0:0:0:1 "GET /report/project/tree2?ownId=0&selectId=2 HTTP/1.1" 200 (83 ms)
[23/Sep/2022:18:43:47 +0800] 0:0:0:0:0:0:0:1 "GET /report/project/tree2?ownId=0&selectId=2 HTTP/1.1" 200 (951 ms)
[23/Sep/2022:18:46:50 +0800] 0:0:0:0:0:0:0:1 "GET /report/project/tree2?ownId=0&selectId=2 HTTP/1.1" 200 (941 ms)
[23/Sep/2022:19:22:05 +0800] 0:0:0:0:0:0:0:1 "GET /project/tree?rootId=0 HTTP/1.1" 200 (79 ms)
[23/Sep/2022:19:22:05 +0800] 0:0:0:0:0:0:0:1 "GET /budget/division/tree2?ownId=0&selectId=2543997172191232 HTTP/1.1" 200 (41 ms)
[23/Sep/2022:19:22:06 +0800] 0:0:0:0:0:0:0:1 "GET /budget/division/machine/tree?ownId=2543997172191232&selectId=2543997172191232&rootId=2543997172191232 HTTP/1.1" 200 (38 ms)
[23/Sep/2022:19:22:07 +0800] 0:0:0:0:0:0:0:1 "GET /project/tree?rootId=0 HTTP/1.1" 200 (31 ms)
[23/Sep/2022:19:22:07 +0800] 0:0:0:0:0:0:0:1 "GET /budget/other/fetch?ownId=2543997172191232&selectId=2543997172191232 HTTP/1.1" 200 (418 ms)
[23/Sep/2022:19:22:09 +0800] 0:0:0:0:0:0:0:1 "GET /budget/other/fetch?ownId=2&selectId=2 HTTP/1.1" 200 (11 ms)
[23/Sep/2022:19:22:10 +0800] 0:0:0:0:0:0:0:1 "GET /project/tree?rootId=0 HTTP/1.1" 200 (48 ms)
[23/Sep/2022:19:22:10 +0800] 0:0:0:0:0:0:0:1 "GET /budget/division/tree2?ownId=0&selectId=2543997172191232 HTTP/1.1" 200 (38 ms)
[23/Sep/2022:19:22:10 +0800] 0:0:0:0:0:0:0:1 "GET /budget/division/machine/tree?ownId=2543997172191232&selectId=2543997172191232&rootId=2543997172191232 HTTP/1.1" 200 (46 ms)
[23/Sep/2022:19:22:11 +0800] 0:0:0:0:0:0:0:1 "GET /budget/division/tree2?ownId=0&selectId=2 HTTP/1.1" 200 (50 ms)
[23/Sep/2022:19:22:11 +0800] 0:0:0:0:0:0:0:1 "GET /budget/division/machine/tree?ownId=2&selectId=2&rootId=2 HTTP/1.1" 200 (20 ms)
[23/Sep/2022:19:22:17 +0800] 0:0:0:0:0:0:0:1 "GET /budget/division/tree2?ownId=0&selectId=2 HTTP/1.1" 200 (47 ms)
[23/Sep/2022:19:22:17 +0800] 0:0:0:0:0:0:0:1 "GET /budget/division/machine/tree?ownId=2&selectId=2&rootId=2 HTTP/1.1" 200 (32 ms)
[23/Sep/2022:19:22:26 +0800] 0:0:0:0:0:0:0:1 "GET /budget/division/tree2?ownId=0&selectId=2 HTTP/1.1" 200 (60 ms)
[23/Sep/2022:19:27:21 +0800] 0:0:0:0:0:0:0:1 "GET /budget/division/tree2?ownId=0&selectId=2 HTTP/1.1" 200 (958 ms)
[23/Sep/2022:19:30:05 +0800] 0:0:0:0:0:0:0:1 "GET /budget/division/tree2?ownId=0&selectId=2 HTTP/1.1" 200 (944 ms)
[23/Sep/2022:19:31:35 +0800] 0:0:0:0:0:0:0:1 "GET /budget/division/tree2?ownId=0&selectId=2 HTTP/1.1" 200 (1005 ms)
[23/Sep/2022:19:33:11 +0800] 0:0:0:0:0:0:0:1 "GET /budget/division/tree2?ownId=0&selectId=2 HTTP/1.1" 200 (935 ms)
[23/Sep/2022:19:39:01 +0800] 0:0:0:0:0:0:0:1 "GET /budget/division/tree2?ownId=0&selectId=2 HTTP/1.1" 200 (990 ms)
[23/Sep/2022:19:41:41 +0800] 0:0:0:0:0:0:0:1 "GET /budget/division/tree2?ownId=0&selectId=2 HTTP/1.1" 200 (1063 ms)
[23/Sep/2022:19:46:20 +0800] 0:0:0:0:0:0:0:1 "GET /budget/division/tree2?ownId=0&selectId=2 HTTP/1.1" 200 (953 ms)
[23/Sep/2022:19:46:28 +0800] 0:0:0:0:0:0:0:1 "GET /project/tree?rootId=0 HTTP/1.1" 200 (55 ms)
[23/Sep/2022:19:46:28 +0800] 0:0:0:0:0:0:0:1 "GET /report/project/tree2?ownId=0&selectId=2543997172191232 HTTP/1.1" 200 (76 ms)
[23/Sep/2022:19:46:29 +0800] 0:0:0:0:0:0:0:1 "GET /report/project/tree2?ownId=0&selectId=2 HTTP/1.1" 200 (99 ms)
[23/Sep/2022:19:49:02 +0800] 0:0:0:0:0:0:0:1 "GET /report/project/tree2?ownId=0&selectId=2 HTTP/1.1" 500 (920 ms)
[23/Sep/2022:19:50:28 +0800] 0:0:0:0:0:0:0:1 "GET /report/project/tree2?ownId=0&selectId=2 HTTP/1.1" 200 (965 ms)
[23/Sep/2022:20:23:52 +0800] 0:0:0:0:0:0:0:1 "GET /project/tree?rootId=0 HTTP/1.1" 200 (1233 ms)
[23/Sep/2022:20:23:52 +0800] 0:0:0:0:0:0:0:1 "GET /report/project/tree2?ownId=0&selectId=2543997172191232 HTTP/1.1" 200 (98 ms)
[23/Sep/2022:20:23:53 +0800] 0:0:0:0:0:0:0:1 "GET /report/project/tree2?ownId=0&selectId=2 HTTP/1.1" 200 (86 ms)
