[13/Sep/2022:09:00:24 +0800] 0:0:0:0:0:0:0:1 "POST /system/token HTTP/1.1" 200 (170 ms)
[13/Sep/2022:09:00:24 +0800] 0:0:0:0:0:0:0:1 "GET /system/menu HTTP/1.1" 200 (87 ms)
[13/Sep/2022:09:00:26 +0800] 0:0:0:0:0:0:0:1 "GET /project/fetch?ownId=0 HTTP/1.1" 200 (1167 ms)
[13/Sep/2022:09:00:30 +0800] 0:0:0:0:0:0:0:1 "GET /project/tree?rootId=0 HTTP/1.1" 200 (41 ms)
[13/Sep/2022:09:00:30 +0800] 0:0:0:0:0:0:0:1 "GET /budget/division/fetch?rootId=&projectId=3 HTTP/1.1" 200 (44 ms)
[13/Sep/2022:09:04:53 +0800] 0:0:0:0:0:0:0:1 "GET /project/tree?rootId=0 HTTP/1.1" 200 (54 ms)
[13/Sep/2022:09:04:53 +0800] 0:0:0:0:0:0:0:1 "GET /budget/division/fetch?rootId=&projectId=3 HTTP/1.1" 200 (44 ms)
[13/Sep/2022:11:01:38 +0800] 0:0:0:0:0:0:0:1 "POST /system/token HTTP/1.1" 200 (21 ms)
[13/Sep/2022:11:01:38 +0800] 0:0:0:0:0:0:0:1 "GET /system/menu HTTP/1.1" 200 (6 ms)
[13/Sep/2022:11:01:38 +0800] 0:0:0:0:0:0:0:1 "GET /project/fetch?ownId=0 HTTP/1.1" 200 (190 ms)
[13/Sep/2022:11:01:41 +0800] 0:0:0:0:0:0:0:1 "GET /project/tree?rootId=0 HTTP/1.1" 200 (55 ms)
[13/Sep/2022:11:01:41 +0800] 0:0:0:0:0:0:0:1 "GET /budget/division/fetch?rootId=&projectId=3 HTTP/1.1" 200 (51 ms)
[13/Sep/2022:11:03:52 +0800] 0:0:0:0:0:0:0:1 "GET /project/fetch?ownId=0 HTTP/1.1" 200 (47 ms)
[13/Sep/2022:11:03:52 +0800] 0:0:0:0:0:0:0:1 "GET /project/tree?ownId=3&rootId=3 HTTP/1.1" 200 (46 ms)
[13/Sep/2022:11:06:44 +0800] 0:0:0:0:0:0:0:1 "GET /project/tree?rootId=0 HTTP/1.1" 200 (82 ms)
[13/Sep/2022:11:06:44 +0800] 0:0:0:0:0:0:0:1 "GET /budget/division/fetch?rootId=&projectId=3 HTTP/1.1" 200 (130 ms)
[13/Sep/2022:11:08:05 +0800] 0:0:0:0:0:0:0:1 "GET /project/fetch?ownId=0 HTTP/1.1" 200 (41 ms)
[13/Sep/2022:11:08:05 +0800] 0:0:0:0:0:0:0:1 "GET /project/tree?ownId=3&rootId=3 HTTP/1.1" 200 (36 ms)
[13/Sep/2022:11:08:07 +0800] 0:0:0:0:0:0:0:1 "GET /project/fetch?ownId=0 HTTP/1.1" 200 (31 ms)
[13/Sep/2022:11:08:15 +0800] 0:0:0:0:0:0:0:1 "OPTIONS /project/push HTTP/1.1" 200 (14 ms)
[13/Sep/2022:11:08:16 +0800] 0:0:0:0:0:0:0:1 "POST /project/push HTTP/1.1" 200 (192 ms)
[13/Sep/2022:11:08:16 +0800] 0:0:0:0:0:0:0:1 "GET /project/fetch?ownId=0 HTTP/1.1" 200 (63 ms)
[13/Sep/2022:11:08:20 +0800] 0:0:0:0:0:0:0:1 "GET /project/fetch?ownId=0 HTTP/1.1" 200 (33 ms)
[13/Sep/2022:11:08:20 +0800] 0:0:0:0:0:0:0:1 "GET /project/tree?ownId=3&rootId=3 HTTP/1.1" 200 (24 ms)
[13/Sep/2022:11:08:23 +0800] 0:0:0:0:0:0:0:1 "GET /project/fetch?ownId=0 HTTP/1.1" 200 (34 ms)
[13/Sep/2022:11:09:16 +0800] 0:0:0:0:0:0:0:1 "GET /project/tree?rootId=0 HTTP/1.1" 200 (39 ms)
[13/Sep/2022:11:09:17 +0800] 0:0:0:0:0:0:0:1 "GET /budget/division/fetch?rootId=&projectId=3 HTTP/1.1" 200 (48 ms)
[13/Sep/2022:14:45:12 +0800] 0:0:0:0:0:0:0:1 "GET /project/fetch?ownId=0 HTTP/1.1" 200 (304 ms)
[13/Sep/2022:14:45:36 +0800] 0:0:0:0:0:0:0:1 "GET /project/fetch?ownId=0 HTTP/1.1" 200 (945 ms)
[13/Sep/2022:14:45:42 +0800] 0:0:0:0:0:0:0:1 "GET /project/fetch?ownId=0 HTTP/1.1" 200 (62 ms)
[13/Sep/2022:14:45:46 +0800] 0:0:0:0:0:0:0:1 "GET /project/fetch?ownId=0 HTTP/1.1" 200 (48 ms)
[13/Sep/2022:14:46:37 +0800] 0:0:0:0:0:0:0:1 "GET /project/fetch?ownId=0 HTTP/1.1" 200 (45 ms)
[13/Sep/2022:14:46:40 +0800] 0:0:0:0:0:0:0:1 "GET /project/fetch?ownId=0 HTTP/1.1" 200 (33 ms)
[13/Sep/2022:14:46:48 +0800] 0:0:0:0:0:0:0:1 "GET /project/fetch?ownId=0 HTTP/1.1" 200 (37 ms)
[13/Sep/2022:14:49:27 +0800] 0:0:0:0:0:0:0:1 "GET /project/tree?rootId=0 HTTP/1.1" 200 (62 ms)
[13/Sep/2022:14:49:27 +0800] 0:0:0:0:0:0:0:1 "GET /budget/division/fetch?rootId=&projectId=3 HTTP/1.1" 200 (51 ms)
[13/Sep/2022:14:49:36 +0800] 0:0:0:0:0:0:0:1 "GET /project/tree?rootId=0 HTTP/1.1" 200 (31 ms)
[13/Sep/2022:14:49:36 +0800] 0:0:0:0:0:0:0:1 "GET /budget/division/fetch?rootId=&projectId=3 HTTP/1.1" 200 (66 ms)
[13/Sep/2022:14:49:57 +0800] 0:0:0:0:0:0:0:1 "GET /budget/division/fetch?rootId=&projectId=3 HTTP/1.1" 200 (20 ms)
[13/Sep/2022:14:49:59 +0800] 0:0:0:0:0:0:0:1 "GET /budget/division/fetch?rootId=&projectId=2 HTTP/1.1" 200 (24 ms)
[13/Sep/2022:14:50:00 +0800] 0:0:0:0:0:0:0:1 "GET /budget/division/fetch?rootId=&projectId=4 HTTP/1.1" 200 (14 ms)
[13/Sep/2022:14:50:09 +0800] 0:0:0:0:0:0:0:1 "GET /project/tree?rootId=0 HTTP/1.1" 200 (39 ms)
[13/Sep/2022:14:50:09 +0800] 0:0:0:0:0:0:0:1 "GET /budget/division/fetch?rootId=&projectId=3 HTTP/1.1" 200 (48 ms)
[13/Sep/2022:14:52:01 +0800] 0:0:0:0:0:0:0:1 "GET /project/tree?rootId=0 HTTP/1.1" 200 (52 ms)
[13/Sep/2022:14:52:01 +0800] 0:0:0:0:0:0:0:1 "GET /budget/division/fetch?rootId=&projectId=3 HTTP/1.1" 200 (43 ms)
[13/Sep/2022:14:52:50 +0800] 0:0:0:0:0:0:0:1 "GET /project/tree?rootId=0 HTTP/1.1" 200 (42 ms)
[13/Sep/2022:14:52:50 +0800] 0:0:0:0:0:0:0:1 "GET /budget/division/fetch?rootId=&projectId=3 HTTP/1.1" 200 (31 ms)
[13/Sep/2022:14:56:37 +0800] 0:0:0:0:0:0:0:1 "GET /project/tree?rootId=0 HTTP/1.1" 200 (31 ms)
[13/Sep/2022:14:56:37 +0800] 0:0:0:0:0:0:0:1 "GET /budget/division/fetch?rootId=&projectId=3 HTTP/1.1" 200 (18 ms)
[13/Sep/2022:14:56:45 +0800] 0:0:0:0:0:0:0:1 "GET /project/tree?rootId=0 HTTP/1.1" 200 (38 ms)
[13/Sep/2022:14:56:45 +0800] 0:0:0:0:0:0:0:1 "GET /budget/division/fetch?rootId=&projectId=3 HTTP/1.1" 200 (45 ms)
[13/Sep/2022:15:01:08 +0800] 0:0:0:0:0:0:0:1 "GET /project/tree?rootId=0 HTTP/1.1" 200 (46 ms)
[13/Sep/2022:15:01:08 +0800] 0:0:0:0:0:0:0:1 "GET /budget/division/fetch?rootId=&projectId=3 HTTP/1.1" 200 (30 ms)
[13/Sep/2022:15:01:39 +0800] 0:0:0:0:0:0:0:1 "GET /project/tree?rootId=0 HTTP/1.1" 200 (31 ms)
[13/Sep/2022:15:01:39 +0800] 0:0:0:0:0:0:0:1 "GET /budget/division/fetch?rootId=&projectId=3 HTTP/1.1" 200 (22 ms)
[13/Sep/2022:15:01:53 +0800] 0:0:0:0:0:0:0:1 "GET /project/tree?rootId=0 HTTP/1.1" 200 (37 ms)
[13/Sep/2022:15:01:53 +0800] 0:0:0:0:0:0:0:1 "GET /budget/division/fetch?rootId=&projectId=3 HTTP/1.1" 200 (36 ms)
[13/Sep/2022:15:02:04 +0800] 0:0:0:0:0:0:0:1 "GET /project/tree?rootId=0 HTTP/1.1" 200 (31 ms)
[13/Sep/2022:15:02:04 +0800] 0:0:0:0:0:0:0:1 "GET /budget/division/fetch?rootId=&projectId=3 HTTP/1.1" 200 (32 ms)
[13/Sep/2022:15:02:19 +0800] 0:0:0:0:0:0:0:1 "GET /project/tree?rootId=0 HTTP/1.1" 200 (23 ms)
[13/Sep/2022:15:02:19 +0800] 0:0:0:0:0:0:0:1 "GET /budget/division/fetch?rootId=&projectId=3 HTTP/1.1" 200 (20 ms)
[13/Sep/2022:15:03:18 +0800] 0:0:0:0:0:0:0:1 "GET /project/tree?rootId=0 HTTP/1.1" 200 (27 ms)
[13/Sep/2022:15:03:18 +0800] 0:0:0:0:0:0:0:1 "GET /budget/division/fetch?rootId=&projectId=3 HTTP/1.1" 200 (27 ms)
[13/Sep/2022:15:03:48 +0800] 0:0:0:0:0:0:0:1 "GET /project/tree?rootId=0 HTTP/1.1" 200 (38 ms)
[13/Sep/2022:15:03:48 +0800] 0:0:0:0:0:0:0:1 "GET /budget/division/fetch?rootId=&projectId=3 HTTP/1.1" 200 (25 ms)
[13/Sep/2022:15:04:04 +0800] 0:0:0:0:0:0:0:1 "GET /project/tree?rootId=0 HTTP/1.1" 200 (36 ms)
[13/Sep/2022:15:04:04 +0800] 0:0:0:0:0:0:0:1 "GET /budget/division/fetch?rootId=&projectId=3 HTTP/1.1" 200 (37 ms)
[13/Sep/2022:15:06:56 +0800] 0:0:0:0:0:0:0:1 "GET /project/tree?rootId=0 HTTP/1.1" 200 (42 ms)
[13/Sep/2022:15:06:57 +0800] 0:0:0:0:0:0:0:1 "GET /budget/division/fetch?rootId=&projectId=3 HTTP/1.1" 200 (34 ms)
[13/Sep/2022:15:15:02 +0800] 0:0:0:0:0:0:0:1 "GET /project/tree?rootId=0 HTTP/1.1" 200 (24 ms)
[13/Sep/2022:15:15:02 +0800] 0:0:0:0:0:0:0:1 "GET /budget/division/fetch?rootId=&projectId=3 HTTP/1.1" 200 (18 ms)
[13/Sep/2022:15:15:12 +0800] 0:0:0:0:0:0:0:1 "GET /project/tree?rootId=0 HTTP/1.1" 200 (23 ms)
[13/Sep/2022:15:15:12 +0800] 0:0:0:0:0:0:0:1 "GET /budget/division/fetch?rootId=&projectId=3 HTTP/1.1" 200 (25 ms)
[13/Sep/2022:15:15:56 +0800] 0:0:0:0:0:0:0:1 "GET /project/tree?rootId=0 HTTP/1.1" 200 (38 ms)
[13/Sep/2022:15:15:56 +0800] 0:0:0:0:0:0:0:1 "GET /project/tree?rootId=0 HTTP/1.1" 200 (29 ms)
[13/Sep/2022:15:15:56 +0800] 0:0:0:0:0:0:0:1 "GET /budget/division/fetch?rootId=&projectId=3 HTTP/1.1" 200 (35 ms)
[13/Sep/2022:15:16:08 +0800] 0:0:0:0:0:0:0:1 "GET /project/tree?rootId=0 HTTP/1.1" 200 (30 ms)
[13/Sep/2022:15:16:08 +0800] 0:0:0:0:0:0:0:1 "GET /budget/division/fetch?rootId=&projectId=3 HTTP/1.1" 200 (25 ms)
[13/Sep/2022:15:16:16 +0800] 0:0:0:0:0:0:0:1 "GET /project/tree?rootId=0 HTTP/1.1" 200 (26 ms)
[13/Sep/2022:15:16:16 +0800] 0:0:0:0:0:0:0:1 "GET /budget/division/fetch?rootId=&projectId=3 HTTP/1.1" 200 (34 ms)
[13/Sep/2022:15:16:32 +0800] 0:0:0:0:0:0:0:1 "GET /project/tree?rootId=0 HTTP/1.1" 200 (38 ms)
[13/Sep/2022:15:16:33 +0800] 0:0:0:0:0:0:0:1 "GET /budget/division/fetch?rootId=&projectId=3 HTTP/1.1" 200 (35 ms)
[13/Sep/2022:15:18:14 +0800] 0:0:0:0:0:0:0:1 "GET /project/tree?rootId=0 HTTP/1.1" 200 (28 ms)
[13/Sep/2022:15:18:14 +0800] 0:0:0:0:0:0:0:1 "GET /budget/division/fetch?rootId=&projectId=3 HTTP/1.1" 200 (18 ms)
[13/Sep/2022:15:18:37 +0800] 0:0:0:0:0:0:0:1 "GET /project/tree?rootId=0 HTTP/1.1" 200 (58 ms)
[13/Sep/2022:15:18:37 +0800] 0:0:0:0:0:0:0:1 "GET /budget/division/fetch?rootId=&projectId=3 HTTP/1.1" 200 (45 ms)
[13/Sep/2022:15:18:56 +0800] 0:0:0:0:0:0:0:1 "GET /project/tree?rootId=0 HTTP/1.1" 200 (28 ms)
[13/Sep/2022:15:18:57 +0800] 0:0:0:0:0:0:0:1 "GET /budget/division/fetch?rootId=&projectId=3 HTTP/1.1" 200 (26 ms)
[13/Sep/2022:15:19:00 +0800] 0:0:0:0:0:0:0:1 "GET /project/tree?rootId=0 HTTP/1.1" 200 (28 ms)
[13/Sep/2022:15:19:00 +0800] 0:0:0:0:0:0:0:1 "GET /budget/division/fetch?rootId=&projectId=3 HTTP/1.1" 200 (21 ms)
[13/Sep/2022:15:19:40 +0800] 0:0:0:0:0:0:0:1 "GET /project/tree?rootId=0 HTTP/1.1" 200 (18 ms)
[13/Sep/2022:15:19:40 +0800] 0:0:0:0:0:0:0:1 "GET /budget/division/fetch?rootId=&projectId=3 HTTP/1.1" 200 (19 ms)
[13/Sep/2022:15:19:50 +0800] 0:0:0:0:0:0:0:1 "GET /project/tree?rootId=0 HTTP/1.1" 200 (29 ms)
[13/Sep/2022:15:19:50 +0800] 0:0:0:0:0:0:0:1 "GET /budget/division/fetch?rootId=&projectId=3 HTTP/1.1" 200 (28 ms)
[13/Sep/2022:15:20:37 +0800] 0:0:0:0:0:0:0:1 "GET /project/tree?rootId=0 HTTP/1.1" 200 (27 ms)
[13/Sep/2022:15:20:37 +0800] 0:0:0:0:0:0:0:1 "GET /budget/division/fetch?rootId=&projectId=3 HTTP/1.1" 200 (23 ms)
[13/Sep/2022:15:20:45 +0800] 0:0:0:0:0:0:0:1 "GET /project/tree?rootId=0 HTTP/1.1" 200 (25 ms)
[13/Sep/2022:15:20:45 +0800] 0:0:0:0:0:0:0:1 "GET /budget/division/fetch?rootId=&projectId=3 HTTP/1.1" 200 (43 ms)
[13/Sep/2022:15:24:01 +0800] 0:0:0:0:0:0:0:1 "GET /project/tree?rootId=0 HTTP/1.1" 200 (23 ms)
[13/Sep/2022:15:24:01 +0800] 0:0:0:0:0:0:0:1 "GET /budget/division/fetch?rootId=&projectId=3 HTTP/1.1" 200 (16 ms)
[13/Sep/2022:15:24:06 +0800] 0:0:0:0:0:0:0:1 "GET /project/tree?rootId=0 HTTP/1.1" 200 (26 ms)
[13/Sep/2022:15:24:06 +0800] 0:0:0:0:0:0:0:1 "GET /budget/division/fetch?rootId=&projectId=3 HTTP/1.1" 200 (24 ms)
[13/Sep/2022:15:24:11 +0800] 0:0:0:0:0:0:0:1 "GET /project/tree?rootId=0 HTTP/1.1" 200 (28 ms)
[13/Sep/2022:15:24:11 +0800] 0:0:0:0:0:0:0:1 "GET /budget/division/fetch?rootId=&projectId=3 HTTP/1.1" 200 (21 ms)
[13/Sep/2022:15:24:17 +0800] 0:0:0:0:0:0:0:1 "GET /project/tree?rootId=0 HTTP/1.1" 200 (28 ms)
[13/Sep/2022:15:24:17 +0800] 0:0:0:0:0:0:0:1 "GET /budget/division/fetch?rootId=&projectId=3 HTTP/1.1" 200 (44 ms)
[13/Sep/2022:15:25:00 +0800] 0:0:0:0:0:0:0:1 "GET /project/tree?rootId=0 HTTP/1.1" 200 (37 ms)
[13/Sep/2022:15:25:00 +0800] 0:0:0:0:0:0:0:1 "GET /budget/division/fetch?rootId=&projectId=3 HTTP/1.1" 200 (25 ms)
[13/Sep/2022:15:25:03 +0800] 0:0:0:0:0:0:0:1 "GET /project/tree?rootId=0 HTTP/1.1" 200 (28 ms)
[13/Sep/2022:15:25:03 +0800] 0:0:0:0:0:0:0:1 "GET /budget/division/fetch?rootId=&projectId=3 HTTP/1.1" 200 (28 ms)
[13/Sep/2022:15:25:22 +0800] 0:0:0:0:0:0:0:1 "GET /project/tree?rootId=0 HTTP/1.1" 200 (25 ms)
[13/Sep/2022:15:25:22 +0800] 0:0:0:0:0:0:0:1 "GET /budget/division/fetch?rootId=&projectId=3 HTTP/1.1" 200 (24 ms)
[13/Sep/2022:15:25:23 +0800] 0:0:0:0:0:0:0:1 "GET /project/tree?rootId=0 HTTP/1.1" 200 (27 ms)
[13/Sep/2022:15:25:23 +0800] 0:0:0:0:0:0:0:1 "GET /budget/division/fetch?rootId=&projectId=3 HTTP/1.1" 200 (29 ms)
[13/Sep/2022:15:26:00 +0800] 0:0:0:0:0:0:0:1 "GET /project/tree?rootId=0 HTTP/1.1" 200 (23 ms)
[13/Sep/2022:15:26:00 +0800] 0:0:0:0:0:0:0:1 "GET /budget/division/fetch?rootId=&projectId=3 HTTP/1.1" 200 (26 ms)
[13/Sep/2022:15:26:35 +0800] 0:0:0:0:0:0:0:1 "GET /project/tree?rootId=0 HTTP/1.1" 200 (22 ms)
[13/Sep/2022:15:26:35 +0800] 0:0:0:0:0:0:0:1 "GET /budget/division/fetch?rootId=&projectId=3 HTTP/1.1" 200 (20 ms)
[13/Sep/2022:15:32:52 +0800] 0:0:0:0:0:0:0:1 "GET /project/tree?rootId=0 HTTP/1.1" 200 (41 ms)
[13/Sep/2022:15:33:30 +0800] 0:0:0:0:0:0:0:1 "GET /project/tree?rootId=0 HTTP/1.1" 200 (27 ms)
[13/Sep/2022:15:33:59 +0800] 0:0:0:0:0:0:0:1 "GET /project/tree?rootId=0 HTTP/1.1" 200 (25 ms)
[13/Sep/2022:15:34:01 +0800] 0:0:0:0:0:0:0:1 "GET /project/tree?rootId=0 HTTP/1.1" 200 (25 ms)
[13/Sep/2022:15:34:45 +0800] 0:0:0:0:0:0:0:1 "GET /project/tree?rootId=0 HTTP/1.1" 200 (22 ms)
[13/Sep/2022:15:34:45 +0800] 0:0:0:0:0:0:0:1 "GET /budget/division/fetch?rootId=&projectId=3 HTTP/1.1" 200 (23 ms)
[13/Sep/2022:17:49:58 +0800] 0:0:0:0:0:0:0:1 "GET /project/fetch?ownId=0 HTTP/1.1" 200 (108 ms)
[13/Sep/2022:17:50:26 +0800] 0:0:0:0:0:0:0:1 "GET /project/fetch?ownId=0 HTTP/1.1" 200 (978 ms)
[13/Sep/2022:17:50:37 +0800] 0:0:0:0:0:0:0:1 "GET /project/tree?rootId=0 HTTP/1.1" 200 (40 ms)
[13/Sep/2022:17:50:37 +0800] 0:0:0:0:0:0:0:1 "GET /budget/division/fetch?rootId=&projectId=3 HTTP/1.1" 200 (76 ms)
[13/Sep/2022:18:12:31 +0800] 0:0:0:0:0:0:0:1 "GET /project/tree?rootId=0 HTTP/1.1" 200 (40 ms)
[13/Sep/2022:18:12:31 +0800] 0:0:0:0:0:0:0:1 "GET /budget/division/fetch?rootId=&projectId=3 HTTP/1.1" 200 (29 ms)
[13/Sep/2022:18:13:09 +0800] 0:0:0:0:0:0:0:1 "GET /project/tree?rootId=0 HTTP/1.1" 200 (30 ms)
[13/Sep/2022:18:13:09 +0800] 0:0:0:0:0:0:0:1 "GET /budget/division/fetch?rootId=&projectId=3 HTTP/1.1" 200 (19 ms)
[13/Sep/2022:18:14:03 +0800] 0:0:0:0:0:0:0:1 "GET /project/tree?rootId=0 HTTP/1.1" 200 (24 ms)
[13/Sep/2022:18:14:03 +0800] 0:0:0:0:0:0:0:1 "GET /budget/division/fetch?rootId=&projectId=3 HTTP/1.1" 200 (18 ms)
[13/Sep/2022:18:19:07 +0800] 0:0:0:0:0:0:0:1 "GET /project/tree?rootId=0 HTTP/1.1" 200 (32 ms)
[13/Sep/2022:18:19:07 +0800] 0:0:0:0:0:0:0:1 "GET /budget/division/fetch?rootId=&projectId=3 HTTP/1.1" 200 (24 ms)
[13/Sep/2022:18:19:35 +0800] 0:0:0:0:0:0:0:1 "GET /project/tree?rootId=0 HTTP/1.1" 200 (30 ms)
[13/Sep/2022:18:19:35 +0800] 0:0:0:0:0:0:0:1 "GET /budget/division/fetch?rootId=&projectId=3 HTTP/1.1" 200 (19 ms)
[13/Sep/2022:18:27:46 +0800] 0:0:0:0:0:0:0:1 "GET /project/tree?rootId=0 HTTP/1.1" 200 (39 ms)
[13/Sep/2022:18:27:46 +0800] 0:0:0:0:0:0:0:1 "GET /budget/division/fetch?rootId=&projectId=3 HTTP/1.1" 200 (18 ms)
[13/Sep/2022:18:27:53 +0800] 0:0:0:0:0:0:0:1 "GET /project/tree?rootId=0 HTTP/1.1" 200 (34 ms)
[13/Sep/2022:18:27:53 +0800] 0:0:0:0:0:0:0:1 "GET /budget/division/fetch?rootId=&projectId=3 HTTP/1.1" 200 (29 ms)
[13/Sep/2022:18:30:19 +0800] 0:0:0:0:0:0:0:1 "GET /project/tree?rootId=0 HTTP/1.1" 200 (55 ms)
[13/Sep/2022:18:30:19 +0800] 0:0:0:0:0:0:0:1 "GET /budget/division/fetch?rootId=&projectId=3 HTTP/1.1" 200 (32 ms)
[13/Sep/2022:18:31:11 +0800] 0:0:0:0:0:0:0:1 "GET /project/tree?rootId=0 HTTP/1.1" 200 (34 ms)
[13/Sep/2022:18:31:11 +0800] 0:0:0:0:0:0:0:1 "GET /budget/division/fetch?rootId=&projectId=3 HTTP/1.1" 200 (37 ms)
[13/Sep/2022:18:44:23 +0800] 0:0:0:0:0:0:0:1 "GET /project/tree?rootId=0 HTTP/1.1" 200 (29 ms)
[13/Sep/2022:18:44:23 +0800] 0:0:0:0:0:0:0:1 "GET /budget/division/fetch?rootId=&projectId=3 HTTP/1.1" 200 (20 ms)
[13/Sep/2022:18:45:49 +0800] 0:0:0:0:0:0:0:1 "GET /project/tree?rootId=0 HTTP/1.1" 200 (41 ms)
[13/Sep/2022:18:45:49 +0800] 0:0:0:0:0:0:0:1 "GET /budget/division/fetch?rootId=&projectId=3 HTTP/1.1" 200 (23 ms)
[13/Sep/2022:18:47:19 +0800] 0:0:0:0:0:0:0:1 "GET /project/tree?rootId=0 HTTP/1.1" 200 (38 ms)
[13/Sep/2022:18:47:19 +0800] 0:0:0:0:0:0:0:1 "GET /budget/division/fetch?rootId=&projectId=3 HTTP/1.1" 200 (19 ms)
[13/Sep/2022:18:47:29 +0800] 0:0:0:0:0:0:0:1 "GET /project/tree?rootId=0 HTTP/1.1" 200 (35 ms)
[13/Sep/2022:18:47:29 +0800] 0:0:0:0:0:0:0:1 "GET /budget/division/fetch?rootId=&projectId=3 HTTP/1.1" 200 (30 ms)
[13/Sep/2022:18:47:48 +0800] 0:0:0:0:0:0:0:1 "GET /project/tree?rootId=0 HTTP/1.1" 200 (38 ms)
[13/Sep/2022:18:47:48 +0800] 0:0:0:0:0:0:0:1 "GET /budget/division/fetch?rootId=&projectId=3 HTTP/1.1" 200 (58 ms)
[13/Sep/2022:18:51:58 +0800] 0:0:0:0:0:0:0:1 "GET /project/tree?rootId=0 HTTP/1.1" 200 (31 ms)
[13/Sep/2022:18:51:58 +0800] 0:0:0:0:0:0:0:1 "GET /budget/division/fetch?rootId=&projectId=3 HTTP/1.1" 200 (27 ms)
[13/Sep/2022:18:53:52 +0800] 0:0:0:0:0:0:0:1 "GET /project/tree?rootId=0 HTTP/1.1" 200 (44 ms)
[13/Sep/2022:18:53:52 +0800] 0:0:0:0:0:0:0:1 "GET /project/tree?rootId=0 HTTP/1.1" 200 (21 ms)
[13/Sep/2022:18:53:52 +0800] 0:0:0:0:0:0:0:1 "GET /project/tree?rootId=0 HTTP/1.1" 200 (27 ms)
[13/Sep/2022:18:53:52 +0800] 0:0:0:0:0:0:0:1 "GET /project/tree?rootId=0 HTTP/1.1" 200 (18 ms)
[13/Sep/2022:18:53:52 +0800] 0:0:0:0:0:0:0:1 "GET /budget/division/fetch?rootId=&projectId=3 HTTP/1.1" 200 (17 ms)
[13/Sep/2022:18:54:33 +0800] 0:0:0:0:0:0:0:1 "GET /project/tree?rootId=0 HTTP/1.1" 200 (20 ms)
[13/Sep/2022:18:54:33 +0800] 0:0:0:0:0:0:0:1 "GET /budget/division/fetch?rootId=&projectId=3 HTTP/1.1" 200 (19 ms)
[13/Sep/2022:18:54:40 +0800] 0:0:0:0:0:0:0:1 "GET /project/tree?rootId=0 HTTP/1.1" 200 (27 ms)
[13/Sep/2022:18:54:40 +0800] 0:0:0:0:0:0:0:1 "GET /budget/division/fetch?rootId=&projectId=3 HTTP/1.1" 200 (41 ms)
[13/Sep/2022:18:55:29 +0800] 0:0:0:0:0:0:0:1 "GET /project/tree?rootId=0 HTTP/1.1" 200 (25 ms)
[13/Sep/2022:18:55:29 +0800] 0:0:0:0:0:0:0:1 "GET /budget/division/fetch?rootId=&projectId=3 HTTP/1.1" 200 (19 ms)
[13/Sep/2022:18:55:38 +0800] 0:0:0:0:0:0:0:1 "GET /project/tree?rootId=0 HTTP/1.1" 200 (26 ms)
[13/Sep/2022:18:55:38 +0800] 0:0:0:0:0:0:0:1 "GET /budget/division/fetch?rootId=&projectId=3 HTTP/1.1" 200 (28 ms)
[13/Sep/2022:18:56:25 +0800] 0:0:0:0:0:0:0:1 "GET /project/tree?rootId=0 HTTP/1.1" 200 (27 ms)
[13/Sep/2022:18:56:25 +0800] 0:0:0:0:0:0:0:1 "GET /budget/division/fetch?rootId=&projectId=3 HTTP/1.1" 200 (29 ms)
[13/Sep/2022:18:58:34 +0800] 0:0:0:0:0:0:0:1 "GET /project/tree?rootId=0 HTTP/1.1" 200 (39 ms)
[13/Sep/2022:18:58:34 +0800] 0:0:0:0:0:0:0:1 "GET /budget/division/fetch?rootId=&projectId=3 HTTP/1.1" 200 (19 ms)
[13/Sep/2022:18:59:05 +0800] 0:0:0:0:0:0:0:1 "GET /project/tree?rootId=0 HTTP/1.1" 200 (25 ms)
[13/Sep/2022:18:59:06 +0800] 0:0:0:0:0:0:0:1 "GET /budget/division/fetch?rootId=&projectId=3 HTTP/1.1" 200 (29 ms)
[13/Sep/2022:19:01:21 +0800] 0:0:0:0:0:0:0:1 "GET /project/tree?rootId=0 HTTP/1.1" 200 (29 ms)
[13/Sep/2022:19:01:21 +0800] 0:0:0:0:0:0:0:1 "GET /budget/division/fetch?rootId=&projectId=3 HTTP/1.1" 200 (22 ms)
[13/Sep/2022:19:01:52 +0800] 0:0:0:0:0:0:0:1 "GET /project/tree?rootId=0 HTTP/1.1" 200 (22 ms)
[13/Sep/2022:19:01:52 +0800] 0:0:0:0:0:0:0:1 "GET /budget/division/fetch?rootId=&projectId=3 HTTP/1.1" 200 (19 ms)
[13/Sep/2022:19:02:25 +0800] 0:0:0:0:0:0:0:1 "GET /project/tree?rootId=0 HTTP/1.1" 200 (18 ms)
[13/Sep/2022:19:02:25 +0800] 0:0:0:0:0:0:0:1 "GET /budget/division/fetch?rootId=&projectId=3 HTTP/1.1" 200 (19 ms)
[13/Sep/2022:19:02:52 +0800] 0:0:0:0:0:0:0:1 "GET /project/tree?rootId=0 HTTP/1.1" 200 (22 ms)
[13/Sep/2022:19:02:52 +0800] 0:0:0:0:0:0:0:1 "GET /budget/division/fetch?rootId=&projectId=3 HTTP/1.1" 200 (19 ms)
[13/Sep/2022:19:03:08 +0800] 0:0:0:0:0:0:0:1 "GET /project/tree?rootId=0 HTTP/1.1" 200 (19 ms)
[13/Sep/2022:19:03:08 +0800] 0:0:0:0:0:0:0:1 "GET /budget/division/fetch?rootId=&projectId=3 HTTP/1.1" 200 (18 ms)
[13/Sep/2022:19:06:40 +0800] 0:0:0:0:0:0:0:1 "GET /project/tree?rootId=0 HTTP/1.1" 200 (26 ms)
[13/Sep/2022:19:06:40 +0800] 0:0:0:0:0:0:0:1 "GET /budget/division/fetch?rootId=&projectId=3 HTTP/1.1" 200 (17 ms)
[13/Sep/2022:19:06:56 +0800] 0:0:0:0:0:0:0:1 "GET /project/tree?rootId=0 HTTP/1.1" 200 (39 ms)
[13/Sep/2022:19:06:56 +0800] 0:0:0:0:0:0:0:1 "GET /budget/division/fetch?rootId=&projectId=3 HTTP/1.1" 200 (24 ms)
[13/Sep/2022:19:11:36 +0800] 0:0:0:0:0:0:0:1 "GET /project/tree?rootId=0 HTTP/1.1" 200 (28 ms)
[13/Sep/2022:19:11:36 +0800] 0:0:0:0:0:0:0:1 "GET /budget/division/fetch?rootId=&projectId=3 HTTP/1.1" 200 (20 ms)
[13/Sep/2022:19:11:45 +0800] 0:0:0:0:0:0:0:1 "GET /project/tree?rootId=0 HTTP/1.1" 200 (31 ms)
[13/Sep/2022:19:11:45 +0800] 0:0:0:0:0:0:0:1 "GET /budget/division/fetch?rootId=&projectId=3 HTTP/1.1" 200 (34 ms)
[13/Sep/2022:19:12:55 +0800] 0:0:0:0:0:0:0:1 "GET /project/tree?rootId=0 HTTP/1.1" 200 (29 ms)
[13/Sep/2022:19:12:55 +0800] 0:0:0:0:0:0:0:1 "GET /budget/division/fetch?rootId=&projectId=3 HTTP/1.1" 200 (23 ms)
[13/Sep/2022:19:13:22 +0800] 0:0:0:0:0:0:0:1 "GET /project/tree?rootId=0 HTTP/1.1" 200 (24 ms)
[13/Sep/2022:19:13:22 +0800] 0:0:0:0:0:0:0:1 "GET /budget/division/fetch?rootId=&projectId=3 HTTP/1.1" 200 (18 ms)
[13/Sep/2022:19:13:30 +0800] 0:0:0:0:0:0:0:1 "GET /project/tree?rootId=0 HTTP/1.1" 200 (31 ms)
[13/Sep/2022:19:13:30 +0800] 0:0:0:0:0:0:0:1 "GET /budget/division/fetch?rootId=&projectId=3 HTTP/1.1" 200 (19 ms)
[13/Sep/2022:19:13:35 +0800] 0:0:0:0:0:0:0:1 "GET /project/tree?rootId=0 HTTP/1.1" 200 (36 ms)
[13/Sep/2022:19:13:35 +0800] 0:0:0:0:0:0:0:1 "GET /budget/division/fetch?rootId=&projectId=3 HTTP/1.1" 200 (35 ms)
[13/Sep/2022:19:13:42 +0800] 0:0:0:0:0:0:0:1 "GET /project/tree?rootId=0 HTTP/1.1" 200 (35 ms)
[13/Sep/2022:19:13:42 +0800] 0:0:0:0:0:0:0:1 "GET /budget/division/fetch?rootId=&projectId=3 HTTP/1.1" 200 (28 ms)
[13/Sep/2022:19:14:16 +0800] 0:0:0:0:0:0:0:1 "GET /project/tree?rootId=0 HTTP/1.1" 200 (28 ms)
[13/Sep/2022:19:14:16 +0800] 0:0:0:0:0:0:0:1 "GET /budget/division/fetch?rootId=&projectId=3 HTTP/1.1" 200 (19 ms)
[13/Sep/2022:19:14:20 +0800] 0:0:0:0:0:0:0:1 "GET /project/tree?rootId=0 HTTP/1.1" 200 (31 ms)
[13/Sep/2022:19:14:20 +0800] 0:0:0:0:0:0:0:1 "GET /budget/division/fetch?rootId=&projectId=3 HTTP/1.1" 200 (24 ms)
[13/Sep/2022:19:21:57 +0800] 0:0:0:0:0:0:0:1 "GET /project/tree?rootId=0 HTTP/1.1" 200 (36 ms)
[13/Sep/2022:19:21:57 +0800] 0:0:0:0:0:0:0:1 "GET /budget/division/fetch?rootId=&projectId=3 HTTP/1.1" 200 (86 ms)
[13/Sep/2022:19:44:08 +0800] 0:0:0:0:0:0:0:1 "POST /system/token HTTP/1.1" 200 (158 ms)
[13/Sep/2022:19:44:08 +0800] 0:0:0:0:0:0:0:1 "GET /system/menu HTTP/1.1" 200 (79 ms)
[13/Sep/2022:19:44:10 +0800] 0:0:0:0:0:0:0:1 "GET /project/fetch?ownId=0 HTTP/1.1" 200 (1142 ms)
[13/Sep/2022:19:44:37 +0800] 0:0:0:0:0:0:0:1 "GET /project/tree?rootId=0 HTTP/1.1" 200 (42 ms)
[13/Sep/2022:19:44:38 +0800] 0:0:0:0:0:0:0:1 "GET /budget/division/fetch?rootId=&projectId=3 HTTP/1.1" 200 (168 ms)
[13/Sep/2022:19:47:02 +0800] 0:0:0:0:0:0:0:1 "GET /project/tree?rootId=0 HTTP/1.1" 200 (61 ms)
[13/Sep/2022:19:47:02 +0800] 0:0:0:0:0:0:0:1 "GET /budget/division/fetch?rootId=&projectId=3 HTTP/1.1" 200 (38 ms)
[13/Sep/2022:19:47:12 +0800] 0:0:0:0:0:0:0:1 "GET /project/tree?rootId=0 HTTP/1.1" 200 (32 ms)
[13/Sep/2022:19:47:12 +0800] 0:0:0:0:0:0:0:1 "GET /budget/division/fetch?rootId=&projectId=3 HTTP/1.1" 200 (33 ms)
[13/Sep/2022:19:47:58 +0800] 0:0:0:0:0:0:0:1 "GET /project/tree?rootId=0 HTTP/1.1" 200 (30 ms)
[13/Sep/2022:19:47:58 +0800] 0:0:0:0:0:0:0:1 "GET /budget/division/fetch?rootId=&projectId=3 HTTP/1.1" 200 (21 ms)
[13/Sep/2022:19:48:05 +0800] 0:0:0:0:0:0:0:1 "GET /project/tree?rootId=0 HTTP/1.1" 200 (31 ms)
[13/Sep/2022:19:48:05 +0800] 0:0:0:0:0:0:0:1 "GET /budget/division/fetch?rootId=&projectId=3 HTTP/1.1" 200 (33 ms)
[13/Sep/2022:19:50:03 +0800] 0:0:0:0:0:0:0:1 "GET /project/tree?rootId=0 HTTP/1.1" 200 (36 ms)
[13/Sep/2022:19:50:04 +0800] 0:0:0:0:0:0:0:1 "GET /budget/division/fetch?rootId=&projectId=3 HTTP/1.1" 200 (27 ms)
[13/Sep/2022:19:50:04 +0800] 0:0:0:0:0:0:0:1 "GET /project/tree?rootId=0 HTTP/1.1" 200 (29 ms)
[13/Sep/2022:19:50:04 +0800] 0:0:0:0:0:0:0:1 "GET /budget/division/fetch?rootId=&projectId=3 HTTP/1.1" 200 (29 ms)
[13/Sep/2022:19:59:47 +0800] 0:0:0:0:0:0:0:1 "GET /project/tree?rootId=0 HTTP/1.1" 200 (37 ms)
[13/Sep/2022:19:59:47 +0800] 0:0:0:0:0:0:0:1 "GET /budget/division/fetch?rootId=&projectId=3 HTTP/1.1" 200 (19 ms)
[13/Sep/2022:20:00:30 +0800] 0:0:0:0:0:0:0:1 "GET /project/tree?rootId=0 HTTP/1.1" 200 (24 ms)
[13/Sep/2022:20:00:30 +0800] 0:0:0:0:0:0:0:1 "GET /budget/division/fetch?rootId=&projectId=3 HTTP/1.1" 200 (26 ms)
[13/Sep/2022:20:00:43 +0800] 0:0:0:0:0:0:0:1 "GET /project/tree?rootId=0 HTTP/1.1" 200 (36 ms)
[13/Sep/2022:20:00:43 +0800] 0:0:0:0:0:0:0:1 "GET /budget/division/fetch?rootId=&projectId=3 HTTP/1.1" 200 (30 ms)
[13/Sep/2022:20:02:54 +0800] 0:0:0:0:0:0:0:1 "GET /project/tree?rootId=0 HTTP/1.1" 200 (29 ms)
[13/Sep/2022:20:02:54 +0800] 0:0:0:0:0:0:0:1 "GET /budget/division/fetch?rootId=&projectId=3 HTTP/1.1" 200 (18 ms)
[13/Sep/2022:20:03:08 +0800] 0:0:0:0:0:0:0:1 "GET /project/tree?rootId=0 HTTP/1.1" 200 (34 ms)
[13/Sep/2022:20:03:08 +0800] 0:0:0:0:0:0:0:1 "GET /budget/division/fetch?rootId=&projectId=3 HTTP/1.1" 200 (22 ms)
[13/Sep/2022:20:03:55 +0800] 0:0:0:0:0:0:0:1 "GET /project/tree?rootId=0 HTTP/1.1" 200 (37 ms)
[13/Sep/2022:20:03:55 +0800] 0:0:0:0:0:0:0:1 "GET /budget/division/fetch?rootId=&projectId=3 HTTP/1.1" 200 (32 ms)
[13/Sep/2022:20:04:43 +0800] 0:0:0:0:0:0:0:1 "GET /project/tree?rootId=0 HTTP/1.1" 200 (31 ms)
[13/Sep/2022:20:04:43 +0800] 0:0:0:0:0:0:0:1 "GET /budget/division/fetch?rootId=&projectId=3 HTTP/1.1" 200 (21 ms)
[13/Sep/2022:20:04:51 +0800] 0:0:0:0:0:0:0:1 "GET /project/tree?rootId=0 HTTP/1.1" 200 (35 ms)
[13/Sep/2022:20:04:51 +0800] 0:0:0:0:0:0:0:1 "GET /budget/division/fetch?rootId=&projectId=3 HTTP/1.1" 200 (22 ms)
[13/Sep/2022:20:04:55 +0800] 0:0:0:0:0:0:0:1 "GET /project/tree?rootId=0 HTTP/1.1" 200 (29 ms)
[13/Sep/2022:20:04:55 +0800] 0:0:0:0:0:0:0:1 "GET /budget/division/fetch?rootId=&projectId=3 HTTP/1.1" 200 (27 ms)
[13/Sep/2022:20:06:56 +0800] 0:0:0:0:0:0:0:1 "GET /project/tree?rootId=0 HTTP/1.1" 200 (23 ms)
[13/Sep/2022:20:06:57 +0800] 0:0:0:0:0:0:0:1 "GET /budget/division/fetch?rootId=&projectId=3 HTTP/1.1" 200 (26 ms)
[13/Sep/2022:20:07:01 +0800] 0:0:0:0:0:0:0:1 "GET /project/tree?rootId=0 HTTP/1.1" 200 (33 ms)
[13/Sep/2022:20:07:01 +0800] 0:0:0:0:0:0:0:1 "GET /budget/division/fetch?rootId=&projectId=3 HTTP/1.1" 200 (22 ms)
[13/Sep/2022:20:10:48 +0800] 0:0:0:0:0:0:0:1 "GET /project/tree?rootId=0 HTTP/1.1" 200 (28 ms)
[13/Sep/2022:20:10:48 +0800] 0:0:0:0:0:0:0:1 "GET /budget/division/fetch?rootId=&projectId=3 HTTP/1.1" 200 (17 ms)
[13/Sep/2022:20:11:23 +0800] 0:0:0:0:0:0:0:1 "GET /project/tree?rootId=0 HTTP/1.1" 200 (26 ms)
[13/Sep/2022:20:11:23 +0800] 0:0:0:0:0:0:0:1 "GET /budget/division/fetch?rootId=&projectId=3 HTTP/1.1" 200 (18 ms)
[13/Sep/2022:20:11:29 +0800] 0:0:0:0:0:0:0:1 "GET /project/tree?rootId=0 HTTP/1.1" 200 (27 ms)
[13/Sep/2022:20:11:30 +0800] 0:0:0:0:0:0:0:1 "GET /budget/division/fetch?rootId=&projectId=3 HTTP/1.1" 200 (27 ms)
[13/Sep/2022:20:11:46 +0800] 0:0:0:0:0:0:0:1 "GET /project/tree?rootId=0 HTTP/1.1" 200 (38 ms)
[13/Sep/2022:20:11:46 +0800] 0:0:0:0:0:0:0:1 "GET /budget/division/fetch?rootId=&projectId=3 HTTP/1.1" 200 (29 ms)
[13/Sep/2022:20:12:49 +0800] 0:0:0:0:0:0:0:1 "GET /project/tree?rootId=0 HTTP/1.1" 200 (34 ms)
[13/Sep/2022:20:12:49 +0800] 0:0:0:0:0:0:0:1 "GET /budget/division/fetch?rootId=&projectId=3 HTTP/1.1" 200 (24 ms)
[13/Sep/2022:20:18:15 +0800] 0:0:0:0:0:0:0:1 "GET /project/tree?rootId=0 HTTP/1.1" 200 (35 ms)
[13/Sep/2022:20:18:15 +0800] 0:0:0:0:0:0:0:1 "GET /budget/division/fetch?rootId=&projectId=3 HTTP/1.1" 200 (18 ms)
[13/Sep/2022:20:19:09 +0800] 0:0:0:0:0:0:0:1 "GET /project/tree?rootId=0 HTTP/1.1" 200 (32 ms)
[13/Sep/2022:20:19:09 +0800] 0:0:0:0:0:0:0:1 "GET /budget/division/fetch?rootId=&projectId=3 HTTP/1.1" 200 (24 ms)
[13/Sep/2022:20:22:50 +0800] 0:0:0:0:0:0:0:1 "GET /project/tree?rootId=0 HTTP/1.1" 200 (28 ms)
[13/Sep/2022:20:22:51 +0800] 0:0:0:0:0:0:0:1 "GET /budget/division/fetch?rootId=&projectId=3 HTTP/1.1" 200 (18 ms)
[13/Sep/2022:20:22:59 +0800] 0:0:0:0:0:0:0:1 "GET /project/tree?rootId=0 HTTP/1.1" 200 (30 ms)
[13/Sep/2022:20:22:59 +0800] 0:0:0:0:0:0:0:1 "GET /budget/division/fetch?rootId=&projectId=3 HTTP/1.1" 200 (30 ms)
[13/Sep/2022:20:24:40 +0800] 0:0:0:0:0:0:0:1 "GET /project/tree?rootId=0 HTTP/1.1" 200 (43 ms)
[13/Sep/2022:20:24:40 +0800] 0:0:0:0:0:0:0:1 "GET /budget/division/fetch?rootId=&projectId=3 HTTP/1.1" 200 (24 ms)
[13/Sep/2022:20:27:01 +0800] 0:0:0:0:0:0:0:1 "GET /project/tree?rootId=0 HTTP/1.1" 200 (41 ms)
[13/Sep/2022:20:27:01 +0800] 0:0:0:0:0:0:0:1 "GET /budget/division/fetch?rootId=&projectId=3 HTTP/1.1" 200 (23 ms)
[13/Sep/2022:20:49:20 +0800] 0:0:0:0:0:0:0:1 "GET /project/tree?rootId=0 HTTP/1.1" 200 (22 ms)
[13/Sep/2022:20:49:20 +0800] 0:0:0:0:0:0:0:1 "GET /budget/division/fetch?rootId=&projectId=3 HTTP/1.1" 200 (20 ms)
[13/Sep/2022:20:49:28 +0800] 0:0:0:0:0:0:0:1 "GET /project/tree?rootId=0 HTTP/1.1" 200 (21 ms)
[13/Sep/2022:20:49:28 +0800] 0:0:0:0:0:0:0:1 "GET /budget/division/fetch?rootId=&projectId=3 HTTP/1.1" 200 (25 ms)
[13/Sep/2022:20:50:19 +0800] 0:0:0:0:0:0:0:1 "GET /project/tree?rootId=0 HTTP/1.1" 200 (18 ms)
[13/Sep/2022:20:50:20 +0800] 0:0:0:0:0:0:0:1 "GET /budget/division/fetch?rootId=&projectId=3 HTTP/1.1" 200 (16 ms)
[13/Sep/2022:20:50:26 +0800] 0:0:0:0:0:0:0:1 "GET /project/tree?rootId=0 HTTP/1.1" 200 (28 ms)
[13/Sep/2022:20:50:26 +0800] 0:0:0:0:0:0:0:1 "GET /budget/division/fetch?rootId=&projectId=3 HTTP/1.1" 200 (19 ms)
[13/Sep/2022:20:51:28 +0800] 0:0:0:0:0:0:0:1 "GET /project/tree?rootId=0 HTTP/1.1" 200 (31 ms)
[13/Sep/2022:20:51:28 +0800] 0:0:0:0:0:0:0:1 "GET /budget/division/fetch?rootId=&projectId=3 HTTP/1.1" 200 (17 ms)
[13/Sep/2022:20:51:38 +0800] 0:0:0:0:0:0:0:1 "GET /project/tree?rootId=0 HTTP/1.1" 200 (28 ms)
[13/Sep/2022:20:51:38 +0800] 0:0:0:0:0:0:0:1 "GET /budget/division/fetch?rootId=&projectId=3 HTTP/1.1" 200 (23 ms)
[13/Sep/2022:20:57:31 +0800] 0:0:0:0:0:0:0:1 "GET /project/tree?rootId=0 HTTP/1.1" 200 (23 ms)
[13/Sep/2022:20:57:31 +0800] 0:0:0:0:0:0:0:1 "GET /budget/division/fetch?rootId=&projectId=3 HTTP/1.1" 200 (21 ms)
[13/Sep/2022:20:57:31 +0800] 0:0:0:0:0:0:0:1 "GET /project/tree?rootId=0 HTTP/1.1" 200 (28 ms)
[13/Sep/2022:20:57:31 +0800] 0:0:0:0:0:0:0:1 "GET /budget/division/fetch?rootId=&projectId=3 HTTP/1.1" 200 (20 ms)
[13/Sep/2022:20:57:40 +0800] 0:0:0:0:0:0:0:1 "GET /project/tree?rootId=0 HTTP/1.1" 200 (29 ms)
[13/Sep/2022:20:57:40 +0800] 0:0:0:0:0:0:0:1 "GET /budget/division/fetch?rootId=&projectId=3 HTTP/1.1" 200 (27 ms)
[13/Sep/2022:21:05:44 +0800] 0:0:0:0:0:0:0:1 "GET /project/tree?rootId=0 HTTP/1.1" 200 (45 ms)
[13/Sep/2022:21:05:44 +0800] 0:0:0:0:0:0:0:1 "GET /budget/division/fetch?rootId=&projectId=3 HTTP/1.1" 200 (24 ms)
[13/Sep/2022:21:06:08 +0800] 0:0:0:0:0:0:0:1 "GET /project/tree?rootId=0 HTTP/1.1" 200 (26 ms)
[13/Sep/2022:21:06:08 +0800] 0:0:0:0:0:0:0:1 "GET /budget/division/fetch?rootId=&projectId=3 HTTP/1.1" 200 (27 ms)
[13/Sep/2022:21:45:40 +0800] 0:0:0:0:0:0:0:1 "GET /project/tree?rootId=0 HTTP/1.1" 200 (166 ms)
[13/Sep/2022:21:45:40 +0800] 0:0:0:0:0:0:0:1 "GET /budget/division/fetch?rootId=&projectId=3 HTTP/1.1" 200 (19 ms)
[13/Sep/2022:21:49:52 +0800] 0:0:0:0:0:0:0:1 "GET /project/tree?rootId=0 HTTP/1.1" 200 (119 ms)
[13/Sep/2022:21:49:52 +0800] 0:0:0:0:0:0:0:1 "GET /budget/division/fetch?rootId=&projectId=3 HTTP/1.1" 200 (22 ms)
