[26/Sep/2022:09:25:04 +0800] 0:0:0:0:0:0:0:1 "POST /system/token HTTP/1.1" 200 (324 ms)
[26/Sep/2022:09:25:04 +0800] 0:0:0:0:0:0:0:1 "GET /system/menu HTTP/1.1" 200 (180 ms)
[26/Sep/2022:09:25:07 +0800] 0:0:0:0:0:0:0:1 "GET /project/fetch?ownId=0 HTTP/1.1" 200 (2030 ms)
[26/Sep/2022:09:25:23 +0800] 0:0:0:0:0:0:0:1 "OPTIONS /project/push HTTP/1.1" 200 (11 ms)
[26/Sep/2022:09:25:23 +0800] 0:0:0:0:0:0:0:1 "POST /project/push HTTP/1.1" 200 (265 ms)
[26/Sep/2022:09:25:23 +0800] 0:0:0:0:0:0:0:1 "GET /project/fetch?ownId=0 HTTP/1.1" 200 (85 ms)
[26/Sep/2022:09:25:33 +0800] 0:0:0:0:0:0:0:1 "GET /project/fetch?ownId=0 HTTP/1.1" 200 (57 ms)
[26/Sep/2022:09:25:33 +0800] 0:0:0:0:0:0:0:1 "GET /project/tree?ownId=2543997172191232&rootId=2543997172191232 HTTP/1.1" 200 (44 ms)
[26/Sep/2022:09:25:37 +0800] 0:0:0:0:0:0:0:1 "GET /project/tree?ownId=3&rootId=3 HTTP/1.1" 200 (41 ms)
[26/Sep/2022:09:25:37 +0800] 0:0:0:0:0:0:0:1 "GET /project/tree?ownId=2&rootId=2 HTTP/1.1" 200 (35 ms)
[26/Sep/2022:09:25:40 +0800] 0:0:0:0:0:0:0:1 "GET /project/tree?ownId=3&rootId=3 HTTP/1.1" 200 (38 ms)
[26/Sep/2022:09:25:41 +0800] 0:0:0:0:0:0:0:1 "GET /project/tree?ownId=2543997172191232&rootId=2543997172191232 HTTP/1.1" 200 (30 ms)
[26/Sep/2022:09:25:42 +0800] 0:0:0:0:0:0:0:1 "GET /project/tree?ownId=3&rootId=3 HTTP/1.1" 200 (52 ms)
[26/Sep/2022:09:25:43 +0800] 0:0:0:0:0:0:0:1 "GET /project/tree?ownId=2&rootId=2 HTTP/1.1" 200 (35 ms)
[26/Sep/2022:09:26:13 +0800] 0:0:0:0:0:0:0:1 "POST /project/push HTTP/1.1" 200 (152 ms)
[26/Sep/2022:09:26:14 +0800] 0:0:0:0:0:0:0:1 "GET /project/tree?ownId=2&rootId=2 HTTP/1.1" 200 (99 ms)
[26/Sep/2022:09:31:51 +0800] 0:0:0:0:0:0:0:1 "GET /project/fetch?ownId=0 HTTP/1.1" 200 (72 ms)
[26/Sep/2022:09:32:46 +0800] 0:0:0:0:0:0:0:1 "GET /project/fetch?ownId=0 HTTP/1.1" 200 (50 ms)
[26/Sep/2022:09:33:37 +0800] 0:0:0:0:0:0:0:1 "POST /system/token HTTP/1.1" 200 (4 ms)
[26/Sep/2022:09:33:37 +0800] 0:0:0:0:0:0:0:1 "GET /system/menu HTTP/1.1" 200 (8 ms)
[26/Sep/2022:09:33:38 +0800] 0:0:0:0:0:0:0:1 "GET /project/fetch?ownId=0 HTTP/1.1" 200 (63 ms)
[26/Sep/2022:09:33:52 +0800] 0:0:0:0:0:0:0:1 "POST /project/push HTTP/1.1" 200 (125 ms)
[26/Sep/2022:09:33:52 +0800] 0:0:0:0:0:0:0:1 "GET /project/fetch?ownId=0 HTTP/1.1" 200 (72 ms)
[26/Sep/2022:09:33:59 +0800] 0:0:0:0:0:0:0:1 "GET /project/fetch?ownId=0 HTTP/1.1" 200 (52 ms)
[26/Sep/2022:09:33:59 +0800] 0:0:0:0:0:0:0:1 "GET /project/tree?ownId=2543997172191232&rootId=2543997172191232 HTTP/1.1" 200 (40 ms)
[26/Sep/2022:09:34:02 +0800] 0:0:0:0:0:0:0:1 "GET /project/tree?ownId=2543997172191232&rootId=2543997172191232 HTTP/1.1" 200 (24 ms)
[26/Sep/2022:09:34:03 +0800] 0:0:0:0:0:0:0:1 "GET /project/tree?ownId=3&rootId=3 HTTP/1.1" 200 (29 ms)
[26/Sep/2022:09:34:03 +0800] 0:0:0:0:0:0:0:1 "GET /project/tree?ownId=2&rootId=2 HTTP/1.1" 200 (32 ms)
[26/Sep/2022:09:34:36 +0800] 0:0:0:0:0:0:0:1 "POST /project/push HTTP/1.1" 200 (133 ms)
[26/Sep/2022:09:34:36 +0800] 0:0:0:0:0:0:0:1 "GET /project/tree?ownId=2&rootId=2 HTTP/1.1" 200 (46 ms)
[26/Sep/2022:09:34:42 +0800] 0:0:0:0:0:0:0:1 "GET /project/tree?rootId=0 HTTP/1.1" 200 (56 ms)
[26/Sep/2022:09:34:42 +0800] 0:0:0:0:0:0:0:1 "GET /budget/division/tree2?ownId=0&selectId=2543997172191232 HTTP/1.1" 200 (174 ms)
[26/Sep/2022:09:34:43 +0800] 0:0:0:0:0:0:0:1 "GET /budget/division/machine/tree?ownId=2543997172191232&selectId=2543997172191232&rootId=2543997172191232 HTTP/1.1" 200 (105 ms)
[26/Sep/2022:09:34:50 +0800] 0:0:0:0:0:0:0:1 "GET /budget/division/tree2?ownId=0&selectId=2543997172191232 HTTP/1.1" 200 (64 ms)
[26/Sep/2022:09:34:51 +0800] 0:0:0:0:0:0:0:1 "GET /budget/division/machine/tree?ownId=2543997172191232&selectId=2543997172191232&rootId=2543997172191232 HTTP/1.1" 200 (40 ms)
[26/Sep/2022:09:35:03 +0800] 0:0:0:0:0:0:0:1 "GET /budget/division/machine/tree?ownId=2543997172191232&selectId=2543997172191232&rootId=2543997172191232 HTTP/1.1" 200 (34 ms)
[26/Sep/2022:09:35:04 +0800] 0:0:0:0:0:0:0:1 "GET /budget/division/machine/tree?ownId=2543997172191232&selectId=2543997172191232&rootId=2543997172191232 HTTP/1.1" 200 (35 ms)
[26/Sep/2022:09:35:05 +0800] 0:0:0:0:0:0:0:1 "GET /budget/division/machine/tree?ownId=2543997172191232&selectId=2543997172191232&rootId=2543997172191232 HTTP/1.1" 200 (27 ms)
[26/Sep/2022:09:35:06 +0800] 0:0:0:0:0:0:0:1 "GET /budget/division/machine/tree?ownId=2543997172191232&selectId=2543997172191232&rootId=2543997172191232 HTTP/1.1" 200 (30 ms)
[26/Sep/2022:09:35:10 +0800] 0:0:0:0:0:0:0:1 "GET /budget/division/machine/tree?ownId=5044374199209984&selectId=5044374199209984&rootId=5044374199209984 HTTP/1.1" 200 (24 ms)
[26/Sep/2022:09:35:13 +0800] 0:0:0:0:0:0:0:1 "GET /budget/division/tree2?ownId=0&selectId=3 HTTP/1.1" 200 (54 ms)
[26/Sep/2022:09:35:13 +0800] 0:0:0:0:0:0:0:1 "GET /budget/division/machine/tree?ownId=3&selectId=3&rootId=3 HTTP/1.1" 200 (39 ms)
[26/Sep/2022:09:35:14 +0800] 0:0:0:0:0:0:0:1 "GET /budget/division/tree2?ownId=0&selectId=2 HTTP/1.1" 200 (53 ms)
[26/Sep/2022:09:35:14 +0800] 0:0:0:0:0:0:0:1 "GET /budget/division/machine/tree?ownId=2&selectId=2&rootId=2 HTTP/1.1" 200 (30 ms)
[26/Sep/2022:09:35:20 +0800] 0:0:0:0:0:0:0:1 "GET /budget/division/machine/tree?ownId=5320717054906368&selectId=5320717054906368&rootId=5320717054906368 HTTP/1.1" 200 (36 ms)
[26/Sep/2022:09:35:23 +0800] 0:0:0:0:0:0:0:1 "GET /budget/division/tree2?ownId=2&selectId=11 HTTP/1.1" 200 (57 ms)
[26/Sep/2022:09:35:23 +0800] 0:0:0:0:0:0:0:1 "GET /budget/division/machine/tree?ownId=11&selectId=11&rootId=11 HTTP/1.1" 200 (41 ms)
[26/Sep/2022:09:35:23 +0800] 0:0:0:0:0:0:0:1 "GET /budget/division/machine/tree?ownId=5320717054906368&selectId=5320717054906368&rootId=5320717054906368 HTTP/1.1" 200 (45 ms)
[26/Sep/2022:09:35:24 +0800] 0:0:0:0:0:0:0:1 "GET /budget/division/tree2?ownId=2&selectId=5320717054906368 HTTP/1.1" 200 (66 ms)
[26/Sep/2022:09:35:24 +0800] 0:0:0:0:0:0:0:1 "GET /budget/division/machine/tree?ownId=5320717054906368&selectId=5320717054906368&rootId=5320717054906368 HTTP/1.1" 200 (32 ms)
[26/Sep/2022:09:35:29 +0800] 0:0:0:0:0:0:0:1 "OPTIONS /budget/import/ HTTP/1.1" 200 (3 ms)
[26/Sep/2022:09:35:31 +0800] 0:0:0:0:0:0:0:1 "POST /budget/import/ HTTP/1.1" 200 (1960 ms)
[26/Sep/2022:09:35:32 +0800] 0:0:0:0:0:0:0:1 "GET /budget/division/tree2?ownId=2&selectId=5320717054906368 HTTP/1.1" 200 (59 ms)
[26/Sep/2022:09:35:32 +0800] 0:0:0:0:0:0:0:1 "GET /budget/division/machine/tree?ownId=5320717054906368&selectId=5320717054906368&rootId=5320717054906368 HTTP/1.1" 200 (19 ms)
[26/Sep/2022:09:35:39 +0800] 0:0:0:0:0:0:0:1 "GET /budget/division/machine/tree?ownId=5320717054906368&selectId=5320717054906368&rootId=5320717054906368 HTTP/1.1" 200 (27 ms)
[26/Sep/2022:09:35:39 +0800] 0:0:0:0:0:0:0:1 "GET /budget/division/machine/tree?ownId=5320717054906368&selectId=5320717054906368&rootId=5320717054906368 HTTP/1.1" 200 (24 ms)
[26/Sep/2022:09:35:40 +0800] 0:0:0:0:0:0:0:1 "GET /budget/division/machine/tree?ownId=5320717054906368&selectId=5320717054906368&rootId=5320717054906368 HTTP/1.1" 200 (30 ms)
[26/Sep/2022:09:35:41 +0800] 0:0:0:0:0:0:0:1 "GET /budget/division/machine/tree?ownId=5323055794622464&selectId=5323055794622464&rootId=5323055794622464 HTTP/1.1" 200 (23 ms)
[26/Sep/2022:09:35:42 +0800] 0:0:0:0:0:0:0:1 "GET /budget/division/machine/tree?ownId=5323055794622464&selectId=5323055794622464&rootId=5323055794622464 HTTP/1.1" 200 (30 ms)
[26/Sep/2022:09:35:45 +0800] 0:0:0:0:0:0:0:1 "GET /budget/division/tree2?ownId=0&selectId=2 HTTP/1.1" 200 (52 ms)
[26/Sep/2022:09:35:46 +0800] 0:0:0:0:0:0:0:1 "GET /budget/division/machine/tree?ownId=2&selectId=2&rootId=2 HTTP/1.1" 200 (28 ms)
[26/Sep/2022:09:36:12 +0800] 0:0:0:0:0:0:0:1 "GET /budget/division/machine/tree?ownId=5323055882702848&selectId=5323055882702848&rootId=5323055882702848 HTTP/1.1" 200 (24 ms)
[26/Sep/2022:09:36:13 +0800] 0:0:0:0:0:0:0:1 "GET /budget/division/machine/tree?ownId=5323056297938944&selectId=5323056297938944&rootId=5323056297938944 HTTP/1.1" 200 (22 ms)
[26/Sep/2022:09:36:15 +0800] 0:0:0:0:0:0:0:1 "GET /budget/division/machine/tree?ownId=5323056331493376&selectId=5323056331493376&rootId=5323056331493376 HTTP/1.1" 200 (22 ms)
[26/Sep/2022:09:36:16 +0800] 0:0:0:0:0:0:0:1 "OPTIONS /budget/division/push HTTP/1.1" 200 (1 ms)
[26/Sep/2022:09:36:16 +0800] 0:0:0:0:0:0:0:1 "POST /budget/division/push HTTP/1.1" 200 (33 ms)
[26/Sep/2022:09:36:19 +0800] 0:0:0:0:0:0:0:1 "GET /budget/division/tree2?ownId=3&selectId=13 HTTP/1.1" 200 (45 ms)
[26/Sep/2022:09:36:19 +0800] 0:0:0:0:0:0:0:1 "GET /budget/division/machine/tree?ownId=13&selectId=13&rootId=13 HTTP/1.1" 200 (29 ms)
[26/Sep/2022:09:36:20 +0800] 0:0:0:0:0:0:0:1 "GET /budget/division/tree2?ownId=0&selectId=2 HTTP/1.1" 200 (54 ms)
[26/Sep/2022:09:36:20 +0800] 0:0:0:0:0:0:0:1 "GET /budget/division/machine/tree?ownId=2&selectId=2&rootId=2 HTTP/1.1" 200 (29 ms)
[26/Sep/2022:09:36:25 +0800] 0:0:0:0:0:0:0:1 "GET /budget/division/machine/tree?ownId=5323056331493376&selectId=5323056331493376&rootId=5323056331493376 HTTP/1.1" 200 (28 ms)
[26/Sep/2022:09:36:26 +0800] 0:0:0:0:0:0:0:1 "POST /budget/division/push HTTP/1.1" 200 (116 ms)
[26/Sep/2022:09:36:31 +0800] 0:0:0:0:0:0:0:1 "POST /budget/division/push HTTP/1.1" 200 (14 ms)
[26/Sep/2022:09:36:32 +0800] 0:0:0:0:0:0:0:1 "GET /budget/division/machine/tree?ownId=5323306588835840&selectId=5323306588835840&rootId=5323306588835840 HTTP/1.1" 200 (26 ms)
[26/Sep/2022:09:36:33 +0800] 0:0:0:0:0:0:0:1 "GET /budget/division/machine/tree?ownId=5323306588835840&selectId=5323306588835840&rootId=5323306588835840 HTTP/1.1" 200 (29 ms)
[26/Sep/2022:09:36:38 +0800] 0:0:0:0:0:0:0:1 "POST /budget/division/push HTTP/1.1" 200 (13 ms)
[26/Sep/2022:09:36:38 +0800] 0:0:0:0:0:0:0:1 "GET /budget/division/machine/tree?ownId=5323306588835840&selectId=5323306588835840&rootId=5323306588835840 HTTP/1.1" 200 (23 ms)
[26/Sep/2022:09:36:39 +0800] 0:0:0:0:0:0:0:1 "GET /budget/division/machine/tree?ownId=5323306588835840&selectId=5323306588835840&rootId=5323306588835840 HTTP/1.1" 200 (32 ms)
[26/Sep/2022:09:36:41 +0800] 0:0:0:0:0:0:0:1 "POST /budget/division/push HTTP/1.1" 200 (14 ms)
[26/Sep/2022:09:36:41 +0800] 0:0:0:0:0:0:0:1 "GET /budget/division/machine/tree?ownId=5323306588835840&selectId=5323306588835840&rootId=5323306588835840 HTTP/1.1" 200 (22 ms)
[26/Sep/2022:09:36:42 +0800] 0:0:0:0:0:0:0:1 "GET /budget/division/machine/tree?ownId=5323056297938944&selectId=5323056297938944&rootId=5323056297938944 HTTP/1.1" 200 (22 ms)
[26/Sep/2022:09:36:46 +0800] 0:0:0:0:0:0:0:1 "GET /budget/division/tree2?ownId=2&selectId=9 HTTP/1.1" 200 (59 ms)
[26/Sep/2022:09:36:46 +0800] 0:0:0:0:0:0:0:1 "GET /budget/division/machine/tree?ownId=9&selectId=9&rootId=9 HTTP/1.1" 200 (23 ms)
[26/Sep/2022:09:36:46 +0800] 0:0:0:0:0:0:0:1 "GET /budget/division/tree2?ownId=0&selectId=2 HTTP/1.1" 200 (60 ms)
[26/Sep/2022:09:36:47 +0800] 0:0:0:0:0:0:0:1 "GET /budget/division/machine/tree?ownId=2&selectId=2&rootId=2 HTTP/1.1" 200 (26 ms)
[26/Sep/2022:09:36:49 +0800] 0:0:0:0:0:0:0:1 "GET /budget/division/machine/tree?ownId=5323306588835840&selectId=5323306588835840&rootId=5323306588835840 HTTP/1.1" 200 (24 ms)
[26/Sep/2022:09:36:51 +0800] 0:0:0:0:0:0:0:1 "GET /budget/division/machine/tree?ownId=5323306588835840&selectId=5323306588835840&rootId=5323306588835840 HTTP/1.1" 200 (20 ms)
[26/Sep/2022:09:36:53 +0800] 0:0:0:0:0:0:0:1 "GET /budget/division/machine/tree?ownId=5323306588835840&selectId=5323306588835840&rootId=5323306588835840 HTTP/1.1" 200 (23 ms)
[26/Sep/2022:09:36:55 +0800] 0:0:0:0:0:0:0:1 "POST /budget/division/push HTTP/1.1" 200 (20 ms)
[26/Sep/2022:09:36:57 +0800] 0:0:0:0:0:0:0:1 "GET /budget/division/machine/tree?ownId=5323056331493376&selectId=5323056331493376&rootId=5323056331493376 HTTP/1.1" 200 (21 ms)
[26/Sep/2022:09:36:59 +0800] 0:0:0:0:0:0:0:1 "GET /budget/division/machine/tree?ownId=5323056331493376&selectId=5323056331493376&rootId=5323056331493376 HTTP/1.1" 200 (20 ms)
[26/Sep/2022:09:37:00 +0800] 0:0:0:0:0:0:0:1 "GET /budget/division/machine/tree?ownId=5323056297938944&selectId=5323056297938944&rootId=5323056297938944 HTTP/1.1" 200 (23 ms)
[26/Sep/2022:09:37:02 +0800] 0:0:0:0:0:0:0:1 "POST /budget/division/push HTTP/1.1" 200 (19 ms)
[26/Sep/2022:09:37:11 +0800] 0:0:0:0:0:0:0:1 "GET /budget/division/machine/tree?ownId=5323055794622464&selectId=5323055794622464&rootId=5323055794622464 HTTP/1.1" 200 (27 ms)
[26/Sep/2022:09:37:15 +0800] 0:0:0:0:0:0:0:1 "GET /budget/division/machine/tree?ownId=5323055794622464&selectId=5323055794622464&rootId=5323055794622464 HTTP/1.1" 200 (20 ms)
[26/Sep/2022:09:37:18 +0800] 0:0:0:0:0:0:0:1 "POST /budget/division/push HTTP/1.1" 200 (11 ms)
[26/Sep/2022:09:37:20 +0800] 0:0:0:0:0:0:0:1 "GET /budget/division/machine/tree?ownId=5323504224440320&selectId=5323504224440320&rootId=5323504224440320 HTTP/1.1" 200 (25 ms)
[26/Sep/2022:09:37:20 +0800] 0:0:0:0:0:0:0:1 "GET /budget/division/machine/tree?ownId=5323504224440320&selectId=5323504224440320&rootId=5323504224440320 HTTP/1.1" 200 (28 ms)
[26/Sep/2022:09:37:24 +0800] 0:0:0:0:0:0:0:1 "GET /budget/division/machine/tree?ownId=5323504224440320&selectId=5323504224440320&rootId=5323504224440320 HTTP/1.1" 200 (33 ms)
[26/Sep/2022:09:37:24 +0800] 0:0:0:0:0:0:0:1 "POST /budget/division/push HTTP/1.1" 200 (112 ms)
[26/Sep/2022:09:37:26 +0800] 0:0:0:0:0:0:0:1 "POST /budget/division/push HTTP/1.1" 200 (10 ms)
[26/Sep/2022:09:37:26 +0800] 0:0:0:0:0:0:0:1 "GET /budget/division/machine/tree?ownId=5323056331493376&selectId=5323056331493376&rootId=5323056331493376 HTTP/1.1" 200 (21 ms)
[26/Sep/2022:09:37:27 +0800] 0:0:0:0:0:0:0:1 "GET /budget/division/machine/tree?ownId=5323055882702848&selectId=5323055882702848&rootId=5323055882702848 HTTP/1.1" 200 (19 ms)
[26/Sep/2022:09:37:29 +0800] 0:0:0:0:0:0:0:1 "GET /budget/division/tree2?ownId=0&selectId=2 HTTP/1.1" 200 (57 ms)
[26/Sep/2022:09:37:30 +0800] 0:0:0:0:0:0:0:1 "GET /budget/division/machine/tree?ownId=2&selectId=2&rootId=2 HTTP/1.1" 200 (31 ms)
[26/Sep/2022:09:37:31 +0800] 0:0:0:0:0:0:0:1 "GET /budget/division/machine/tree?ownId=5323055882702848&selectId=5323055882702848&rootId=5323055882702848 HTTP/1.1" 200 (19 ms)
[26/Sep/2022:09:37:40 +0800] 0:0:0:0:0:0:0:1 "GET /budget/division/tree2?ownId=3&selectId=13 HTTP/1.1" 200 (44 ms)
[26/Sep/2022:09:37:40 +0800] 0:0:0:0:0:0:0:1 "GET /budget/division/machine/tree?ownId=13&selectId=13&rootId=13 HTTP/1.1" 200 (23 ms)
[26/Sep/2022:09:37:40 +0800] 0:0:0:0:0:0:0:1 "GET /budget/division/machine/tree?ownId=13&selectId=13&rootId=13 HTTP/1.1" 200 (27 ms)
[26/Sep/2022:09:37:40 +0800] 0:0:0:0:0:0:0:1 "GET /budget/division/tree2?ownId=0&selectId=2 HTTP/1.1" 200 (55 ms)
[26/Sep/2022:09:37:41 +0800] 0:0:0:0:0:0:0:1 "GET /budget/division/machine/tree?ownId=2&selectId=2&rootId=2 HTTP/1.1" 200 (26 ms)
[26/Sep/2022:09:37:42 +0800] 0:0:0:0:0:0:0:1 "GET /budget/division/machine/tree?ownId=5323055882702848&selectId=5323055882702848&rootId=5323055882702848 HTTP/1.1" 200 (22 ms)
[26/Sep/2022:09:37:46 +0800] 0:0:0:0:0:0:0:1 "GET /budget/division/machine/tree?ownId=5323056331493376&selectId=5323056331493376&rootId=5323056331493376 HTTP/1.1" 200 (29 ms)
[26/Sep/2022:09:37:52 +0800] 0:0:0:0:0:0:0:1 "GET /project/tree?rootId=0 HTTP/1.1" 200 (58 ms)
[26/Sep/2022:09:37:52 +0800] 0:0:0:0:0:0:0:1 "GET /budget/measure/tree2?ownId=0&selectId=2543997172191232 HTTP/1.1" 200 (112 ms)
[26/Sep/2022:09:37:53 +0800] 0:0:0:0:0:0:0:1 "GET /budget/measure/machine/tree?ownId=2543997172191232&selectId=2543997172191232&rootId=2543997172191232 HTTP/1.1" 200 (155 ms)
[26/Sep/2022:09:37:53 +0800] 0:0:0:0:0:0:0:1 "GET /budget/measure/tree2?ownId=0&selectId=2 HTTP/1.1" 200 (68 ms)
[26/Sep/2022:09:37:54 +0800] 0:0:0:0:0:0:0:1 "GET /budget/measure/machine/tree?ownId=2&selectId=2&rootId=2 HTTP/1.1" 200 (23 ms)
[26/Sep/2022:09:37:55 +0800] 0:0:0:0:0:0:0:1 "GET /budget/measure/tree2?ownId=2&selectId=9 HTTP/1.1" 200 (59 ms)
[26/Sep/2022:09:37:56 +0800] 0:0:0:0:0:0:0:1 "GET /budget/measure/machine/tree?ownId=9&selectId=9&rootId=9 HTTP/1.1" 200 (29 ms)
[26/Sep/2022:09:37:57 +0800] 0:0:0:0:0:0:0:1 "GET /budget/measure/tree2?ownId=2&selectId=11 HTTP/1.1" 200 (60 ms)
[26/Sep/2022:09:37:57 +0800] 0:0:0:0:0:0:0:1 "GET /budget/measure/machine/tree?ownId=11&selectId=11&rootId=11 HTTP/1.1" 200 (40 ms)
[26/Sep/2022:09:37:58 +0800] 0:0:0:0:0:0:0:1 "GET /project/tree?rootId=0 HTTP/1.1" 200 (32 ms)
[26/Sep/2022:09:37:58 +0800] 0:0:0:0:0:0:0:1 "GET /budget/other/fetch?ownId=2543997172191232&selectId=2543997172191232 HTTP/1.1" 200 (42 ms)
[26/Sep/2022:09:38:02 +0800] 0:0:0:0:0:0:0:1 "GET /project/tree?rootId=0 HTTP/1.1" 200 (57 ms)
[26/Sep/2022:09:38:02 +0800] 0:0:0:0:0:0:0:1 "GET /budget/measure/tree2?ownId=0&selectId=2543997172191232 HTTP/1.1" 200 (93 ms)
[26/Sep/2022:09:38:02 +0800] 0:0:0:0:0:0:0:1 "GET /budget/measure/machine/tree?ownId=2543997172191232&selectId=2543997172191232&rootId=2543997172191232 HTTP/1.1" 200 (31 ms)
[26/Sep/2022:09:38:03 +0800] 0:0:0:0:0:0:0:1 "GET /project/tree?rootId=0 HTTP/1.1" 200 (45 ms)
[26/Sep/2022:09:38:03 +0800] 0:0:0:0:0:0:0:1 "GET /budget/division/tree2?ownId=0&selectId=2543997172191232 HTTP/1.1" 200 (85 ms)
[26/Sep/2022:09:38:03 +0800] 0:0:0:0:0:0:0:1 "GET /budget/division/machine/tree?ownId=2543997172191232&selectId=2543997172191232&rootId=2543997172191232 HTTP/1.1" 200 (32 ms)
[26/Sep/2022:09:38:06 +0800] 0:0:0:0:0:0:0:1 "GET /budget/division/machine/tree?ownId=5044374748663808&selectId=5044374748663808&rootId=5044374748663808 HTTP/1.1" 200 (27 ms)
[26/Sep/2022:09:38:07 +0800] 0:0:0:0:0:0:0:1 "GET /budget/division/machine/tree?ownId=5044374962573312&selectId=5044374962573312&rootId=5044374962573312 HTTP/1.1" 200 (24 ms)
[26/Sep/2022:09:38:08 +0800] 0:0:0:0:0:0:0:1 "GET /budget/division/machine/tree?ownId=5044374941601792&selectId=5044374941601792&rootId=5044374941601792 HTTP/1.1" 200 (19 ms)
[26/Sep/2022:09:38:10 +0800] 0:0:0:0:0:0:0:1 "GET /budget/division/machine/tree?ownId=5044374748663808&selectId=5044374748663808&rootId=5044374748663808 HTTP/1.1" 200 (20 ms)
[26/Sep/2022:09:38:12 +0800] 0:0:0:0:0:0:0:1 "GET /budget/division/machine/tree?ownId=2543997172191232&selectId=2543997172191232&rootId=2543997172191232 HTTP/1.1" 200 (23 ms)
[26/Sep/2022:09:38:17 +0800] 0:0:0:0:0:0:0:1 "OPTIONS /budget/division/machine/push HTTP/1.1" 200 (1 ms)
[26/Sep/2022:09:38:17 +0800] 0:0:0:0:0:0:0:1 "POST /budget/division/machine/push HTTP/1.1" 200 (182 ms)
[26/Sep/2022:09:38:21 +0800] 0:0:0:0:0:0:0:1 "POST /budget/division/machine/push HTTP/1.1" 200 (15 ms)
[26/Sep/2022:09:38:23 +0800] 0:0:0:0:0:0:0:1 "POST /budget/division/machine/push HTTP/1.1" 200 (12 ms)
[26/Sep/2022:09:38:26 +0800] 0:0:0:0:0:0:0:1 "GET /project/tree?rootId=0 HTTP/1.1" 200 (29 ms)
[26/Sep/2022:09:38:26 +0800] 0:0:0:0:0:0:0:1 "GET /budget/other/fetch?ownId=2543997172191232&selectId=2543997172191232 HTTP/1.1" 200 (25 ms)
[26/Sep/2022:09:38:43 +0800] 0:0:0:0:0:0:0:1 "OPTIONS /budget/other/push HTTP/1.1" 200 (2 ms)
[26/Sep/2022:09:38:43 +0800] 0:0:0:0:0:0:0:1 "POST /budget/other/push HTTP/1.1" 200 (24 ms)
[26/Sep/2022:09:38:47 +0800] 0:0:0:0:0:0:0:1 "POST /budget/other/push HTTP/1.1" 200 (35 ms)
[26/Sep/2022:09:38:50 +0800] 0:0:0:0:0:0:0:1 "GET /budget/other/fetch?ownId=3&selectId=3 HTTP/1.1" 200 (11 ms)
[26/Sep/2022:09:38:51 +0800] 0:0:0:0:0:0:0:1 "GET /budget/other/fetch?ownId=2543997172191232&selectId=2543997172191232 HTTP/1.1" 200 (15 ms)
[26/Sep/2022:09:38:53 +0800] 0:0:0:0:0:0:0:1 "GET /budget/other/fetch?ownId=13&selectId=13 HTTP/1.1" 200 (13 ms)
[26/Sep/2022:09:38:55 +0800] 0:0:0:0:0:0:0:1 "GET /budget/other/fetch?ownId=2&selectId=2 HTTP/1.1" 200 (9 ms)
[26/Sep/2022:09:38:57 +0800] 0:0:0:0:0:0:0:1 "POST /budget/other/push HTTP/1.1" 200 (108 ms)
[26/Sep/2022:09:39:00 +0800] 0:0:0:0:0:0:0:1 "POST /budget/other/push HTTP/1.1" 200 (36 ms)
[26/Sep/2022:09:39:01 +0800] 0:0:0:0:0:0:0:1 "GET /budget/other/fetch?ownId=2&selectId=2 HTTP/1.1" 200 (16 ms)
[26/Sep/2022:09:39:03 +0800] 0:0:0:0:0:0:0:1 "GET /budget/other/fetch?ownId=2&selectId=2 HTTP/1.1" 200 (12 ms)
[26/Sep/2022:09:39:03 +0800] 0:0:0:0:0:0:0:1 "GET /budget/other/fetch?ownId=9&selectId=9 HTTP/1.1" 200 (13 ms)
[26/Sep/2022:09:39:04 +0800] 0:0:0:0:0:0:0:1 "GET /budget/other/fetch?ownId=11&selectId=11 HTTP/1.1" 200 (15 ms)
[26/Sep/2022:09:39:07 +0800] 0:0:0:0:0:0:0:1 "GET /budget/other/fetch?ownId=5320717054906368&selectId=5320717054906368 HTTP/1.1" 200 (13 ms)
[26/Sep/2022:09:39:08 +0800] 0:0:0:0:0:0:0:1 "GET /budget/other/fetch?ownId=11&selectId=11 HTTP/1.1" 200 (12 ms)
[26/Sep/2022:09:39:09 +0800] 0:0:0:0:0:0:0:1 "GET /budget/other/fetch?ownId=9&selectId=9 HTTP/1.1" 200 (15 ms)
[26/Sep/2022:09:39:17 +0800] 0:0:0:0:0:0:0:1 "GET /project/tree?rootId=0 HTTP/1.1" 200 (34 ms)
[26/Sep/2022:09:39:17 +0800] 0:0:0:0:0:0:0:1 "GET /plan/other/fetch?ownId=2543997172191232&selectId=2543997172191232 HTTP/1.1" 200 (148 ms)
[26/Sep/2022:09:39:19 +0800] 0:0:0:0:0:0:0:1 "GET /project/tree?rootId=0 HTTP/1.1" 200 (33 ms)
[26/Sep/2022:09:39:19 +0800] 0:0:0:0:0:0:0:1 "GET /plan/measure/tree2?ownId=0&selectId=2543997172191232 HTTP/1.1" 200 (92 ms)
[26/Sep/2022:09:39:19 +0800] 0:0:0:0:0:0:0:1 "GET /plan/measure/machine/tree?ownId=2543997172191232&selectId=2543997172191232&rootId=2543997172191232 HTTP/1.1" 200 (39 ms)
[26/Sep/2022:09:39:22 +0800] 0:0:0:0:0:0:0:1 "GET /project/tree?rootId=0 HTTP/1.1" 200 (38 ms)
[26/Sep/2022:09:39:22 +0800] 0:0:0:0:0:0:0:1 "GET /plan/division/tree2?ownId=0&selectId=2543997172191232 HTTP/1.1" 200 (80 ms)
[26/Sep/2022:09:39:22 +0800] 0:0:0:0:0:0:0:1 "GET /plan/division/machine/tree?ownId=2543997172191232&selectId=2543997172191232&rootId=2543997172191232 HTTP/1.1" 200 (147 ms)
[26/Sep/2022:09:39:33 +0800] 0:0:0:0:0:0:0:1 "GET /project/tree?rootId=0 HTTP/1.1" 200 (73 ms)
[26/Sep/2022:09:39:34 +0800] 0:0:0:0:0:0:0:1 "GET /actual/measure/tree2?ownId=0&selectId=2543997172191232 HTTP/1.1" 200 (113 ms)
[26/Sep/2022:09:39:34 +0800] 0:0:0:0:0:0:0:1 "GET /actual/measure/machine/tree?ownId=2543997172191232&selectId=2543997172191232&rootId=2543997172191232 HTTP/1.1" 200 (139 ms)
[26/Sep/2022:09:39:35 +0800] 0:0:0:0:0:0:0:1 "GET /project/tree?rootId=0 HTTP/1.1" 200 (30 ms)
[26/Sep/2022:09:39:35 +0800] 0:0:0:0:0:0:0:1 "GET /actual/division/tree2?ownId=0&selectId=2543997172191232 HTTP/1.1" 200 (88 ms)
[26/Sep/2022:09:39:36 +0800] 0:0:0:0:0:0:0:1 "GET /actual/division/machine/tree?ownId=2543997172191232&selectId=2543997172191232&rootId=2543997172191232 HTTP/1.1" 200 (151 ms)
[26/Sep/2022:09:39:37 +0800] 0:0:0:0:0:0:0:1 "GET /project/tree?rootId=0 HTTP/1.1" 200 (32 ms)
[26/Sep/2022:09:39:37 +0800] 0:0:0:0:0:0:0:1 "GET /actual/other/fetch?ownId=2543997172191232&selectId=2543997172191232 HTTP/1.1" 200 (49 ms)
[26/Sep/2022:09:39:46 +0800] 0:0:0:0:0:0:0:1 "GET /project/tree?rootId=0 HTTP/1.1" 200 (36 ms)
[26/Sep/2022:09:39:46 +0800] 0:0:0:0:0:0:0:1 "GET /actual/measure/tree2?ownId=0&selectId=2543997172191232 HTTP/1.1" 200 (84 ms)
[26/Sep/2022:09:39:46 +0800] 0:0:0:0:0:0:0:1 "GET /actual/measure/machine/tree?ownId=2543997172191232&selectId=2543997172191232&rootId=2543997172191232 HTTP/1.1" 200 (33 ms)
[26/Sep/2022:09:39:50 +0800] 0:0:0:0:0:0:0:1 "GET /project/tree?rootId=0 HTTP/1.1" 200 (36 ms)
[26/Sep/2022:09:39:50 +0800] 0:0:0:0:0:0:0:1 "GET /budget/division/tree2?ownId=0&selectId=2543997172191232 HTTP/1.1" 200 (68 ms)
[26/Sep/2022:09:39:51 +0800] 0:0:0:0:0:0:0:1 "GET /budget/division/machine/tree?ownId=2543997172191232&selectId=2543997172191232&rootId=2543997172191232 HTTP/1.1" 200 (29 ms)
[26/Sep/2022:09:39:58 +0800] 0:0:0:0:0:0:0:1 "GET /project/tree?rootId=0 HTTP/1.1" 200 (39 ms)
[26/Sep/2022:09:39:58 +0800] 0:0:0:0:0:0:0:1 "GET /budget/division/tree2?ownId=0&selectId=2543997172191232 HTTP/1.1" 200 (53 ms)
[26/Sep/2022:09:39:59 +0800] 0:0:0:0:0:0:0:1 "GET /budget/division/machine/tree?ownId=2543997172191232&selectId=2543997172191232&rootId=2543997172191232 HTTP/1.1" 200 (52 ms)
[26/Sep/2022:09:40:00 +0800] 0:0:0:0:0:0:0:1 "GET /project/tree?rootId=0 HTTP/1.1" 200 (34 ms)
[26/Sep/2022:09:40:01 +0800] 0:0:0:0:0:0:0:1 "GET /budget/measure/tree2?ownId=0&selectId=2543997172191232 HTTP/1.1" 200 (76 ms)
[26/Sep/2022:09:40:01 +0800] 0:0:0:0:0:0:0:1 "GET /budget/measure/machine/tree?ownId=2543997172191232&selectId=2543997172191232&rootId=2543997172191232 HTTP/1.1" 200 (30 ms)
[26/Sep/2022:09:40:19 +0800] 0:0:0:0:0:0:0:1 "GET /project/tree?rootId=0 HTTP/1.1" 200 (41 ms)
[26/Sep/2022:09:40:19 +0800] 0:0:0:0:0:0:0:1 "GET /report/project/tree2?ownId=0&selectId=2543997172191232 HTTP/1.1" 200 (104 ms)
[26/Sep/2022:09:40:40 +0800] 0:0:0:0:0:0:0:1 "GET /report/project/tree2?ownId=0&selectId=3 HTTP/1.1" 200 (57 ms)
[26/Sep/2022:09:40:41 +0800] 0:0:0:0:0:0:0:1 "GET /report/project/tree2?ownId=3&selectId=13 HTTP/1.1" 200 (50 ms)
[26/Sep/2022:09:40:43 +0800] 0:0:0:0:0:0:0:1 "GET /report/project/tree2?ownId=0&selectId=2 HTTP/1.1" 200 (64 ms)
[26/Sep/2022:09:40:43 +0800] 0:0:0:0:0:0:0:1 "GET /report/project/tree2?ownId=0&selectId=2543997172191232 HTTP/1.1" 200 (63 ms)
[26/Sep/2022:09:40:45 +0800] 0:0:0:0:0:0:0:1 "GET /report/project/tree2?ownId=0&selectId=2 HTTP/1.1" 200 (72 ms)
[26/Sep/2022:09:41:13 +0800] 0:0:0:0:0:0:0:1 "GET /dict/subpackage/fetch?rootId=0 HTTP/1.1" 200 (132 ms)
[26/Sep/2022:09:41:13 +0800] 0:0:0:0:0:0:0:1 "GET /report/subpackage/tree2 HTTP/1.1" 500 (151 ms)
[26/Sep/2022:09:41:15 +0800] 0:0:0:0:0:0:0:1 "GET /report/subpackage/tree2 HTTP/1.1" 500 (53 ms)
[26/Sep/2022:09:41:16 +0800] 0:0:0:0:0:0:0:1 "GET /report/subpackage/tree2 HTTP/1.1" 500 (60 ms)
[26/Sep/2022:09:41:16 +0800] 0:0:0:0:0:0:0:1 "GET /report/subpackage/tree2 HTTP/1.1" 500 (61 ms)
[26/Sep/2022:09:42:12 +0800] 0:0:0:0:0:0:0:1 "GET /project/tree?rootId=0 HTTP/1.1" 200 (32 ms)
[26/Sep/2022:09:42:12 +0800] 0:0:0:0:0:0:0:1 "GET /report/project/tree2?ownId=0&selectId=2543997172191232&cmd=sj HTTP/1.1" 200 (78 ms)
[26/Sep/2022:09:42:16 +0800] 0:0:0:0:0:0:0:1 "GET /project/tree?rootId=0 HTTP/1.1" 200 (32 ms)
[26/Sep/2022:09:42:16 +0800] 0:0:0:0:0:0:0:1 "GET /report/project/tree2?ownId=0&selectId=2543997172191232&cmd=ys HTTP/1.1" 200 (77 ms)
[26/Sep/2022:09:42:27 +0800] 0:0:0:0:0:0:0:1 "GET /dict/subpackage/fetch?rootId=0 HTTP/1.1" 200 (18 ms)
[26/Sep/2022:09:42:27 +0800] 0:0:0:0:0:0:0:1 "GET /budget/division/machine/tree?ownId=4973770171355136&selectId=4973770171355136&rootId=4973770171355136 HTTP/1.1" 200 (38 ms)
[26/Sep/2022:09:42:33 +0800] 0:0:0:0:0:0:0:1 "GET /budget/division/machine/tree?ownId=4973770171355136&selectId=4973770171355136&rootId=4973770171355136 HTTP/1.1" 200 (25 ms)
[26/Sep/2022:09:42:33 +0800] 0:0:0:0:0:0:0:1 "GET /budget/division/machine/tree?ownId=4973770171355136&selectId=4973770171355136&rootId=4973770171355136 HTTP/1.1" 200 (19 ms)
[26/Sep/2022:09:42:34 +0800] 0:0:0:0:0:0:0:1 "GET /budget/division/machine/tree?ownId=4971518618636288&selectId=4971518618636288&rootId=4971518618636288 HTTP/1.1" 200 (28 ms)
[26/Sep/2022:09:42:35 +0800] 0:0:0:0:0:0:0:1 "GET /budget/division/machine/tree?ownId=4972435459936256&selectId=4972435459936256&rootId=4972435459936256 HTTP/1.1" 200 (20 ms)
[26/Sep/2022:09:42:35 +0800] 0:0:0:0:0:0:0:1 "GET /budget/division/machine/tree?ownId=4972435459936256&selectId=4972435459936256&rootId=4972435459936256 HTTP/1.1" 200 (23 ms)
[26/Sep/2022:09:42:37 +0800] 0:0:0:0:0:0:0:1 "GET /budget/division/machine/tree?ownId=4971518618636288&selectId=4971518618636288&rootId=4971518618636288 HTTP/1.1" 200 (18 ms)
[26/Sep/2022:09:42:38 +0800] 0:0:0:0:0:0:0:1 "GET /budget/division/machine/tree?ownId=4973770171355136&selectId=4973770171355136&rootId=4973770171355136 HTTP/1.1" 200 (18 ms)
[26/Sep/2022:10:26:28 +0800] 0:0:0:0:0:0:0:1 "POST /system/token HTTP/1.1" 200 (7 ms)
[26/Sep/2022:10:26:28 +0800] 0:0:0:0:0:0:0:1 "GET /system/menu HTTP/1.1" 200 (7 ms)
[26/Sep/2022:10:26:29 +0800] 0:0:0:0:0:0:0:1 "GET /project/fetch?ownId=0 HTTP/1.1" 200 (98 ms)
[26/Sep/2022:10:26:40 +0800] 0:0:0:0:0:0:0:1 "OPTIONS /project/push HTTP/1.1" 200 (2 ms)
[26/Sep/2022:10:26:40 +0800] 0:0:0:0:0:0:0:1 "POST /project/push HTTP/1.1" 200 (117 ms)
[26/Sep/2022:10:26:40 +0800] 0:0:0:0:0:0:0:1 "GET /project/fetch?ownId=0 HTTP/1.1" 200 (38 ms)
[26/Sep/2022:10:26:45 +0800] 0:0:0:0:0:0:0:1 "GET /project/fetch?ownId=0 HTTP/1.1" 200 (21 ms)
[26/Sep/2022:10:26:45 +0800] 0:0:0:0:0:0:0:1 "GET /project/tree?ownId=2543997172191232&rootId=2543997172191232 HTTP/1.1" 200 (16 ms)
[26/Sep/2022:10:26:50 +0800] 0:0:0:0:0:0:0:1 "GET /project/tree?ownId=2&rootId=2 HTTP/1.1" 200 (20 ms)
[26/Sep/2022:10:26:58 +0800] 0:0:0:0:0:0:0:1 "POST /project/push HTTP/1.1" 200 (32 ms)
[26/Sep/2022:10:26:58 +0800] 0:0:0:0:0:0:0:1 "GET /project/tree?ownId=2&rootId=2 HTTP/1.1" 200 (17 ms)
[26/Sep/2022:10:27:29 +0800] 0:0:0:0:0:0:0:1 "POST /project/push HTTP/1.1" 200 (10 ms)
[26/Sep/2022:10:27:30 +0800] 0:0:0:0:0:0:0:1 "GET /project/tree?ownId=2&rootId=2 HTTP/1.1" 200 (24 ms)
[26/Sep/2022:10:27:37 +0800] 0:0:0:0:0:0:0:1 "GET /project/tree?rootId=0 HTTP/1.1" 200 (28 ms)
[26/Sep/2022:10:27:37 +0800] 0:0:0:0:0:0:0:1 "GET /budget/division/tree2?ownId=0&selectId=2543997172191232 HTTP/1.1" 200 (50 ms)
[26/Sep/2022:10:27:38 +0800] 0:0:0:0:0:0:0:1 "GET /budget/division/machine/tree?ownId=2543997172191232&selectId=2543997172191232&rootId=2543997172191232 HTTP/1.1" 200 (37 ms)
[26/Sep/2022:10:27:45 +0800] 0:0:0:0:0:0:0:1 "GET /budget/division/tree2?ownId=2&selectId=9 HTTP/1.1" 200 (35 ms)
[26/Sep/2022:10:27:45 +0800] 0:0:0:0:0:0:0:1 "GET /budget/division/machine/tree?ownId=9&selectId=9&rootId=9 HTTP/1.1" 200 (22 ms)
[26/Sep/2022:10:27:47 +0800] 0:0:0:0:0:0:0:1 "GET /budget/division/tree2?ownId=2&selectId=11 HTTP/1.1" 200 (33 ms)
[26/Sep/2022:10:27:48 +0800] 0:0:0:0:0:0:0:1 "GET /budget/division/machine/tree?ownId=11&selectId=11&rootId=11 HTTP/1.1" 200 (18 ms)
[26/Sep/2022:10:27:49 +0800] 0:0:0:0:0:0:0:1 "GET /budget/division/tree2?ownId=2&selectId=8 HTTP/1.1" 200 (39 ms)
[26/Sep/2022:10:27:49 +0800] 0:0:0:0:0:0:0:1 "GET /budget/division/machine/tree?ownId=8&selectId=8&rootId=8 HTTP/1.1" 200 (23 ms)
[26/Sep/2022:10:27:49 +0800] 0:0:0:0:0:0:0:1 "GET /budget/division/tree2?ownId=2&selectId=11 HTTP/1.1" 200 (33 ms)
[26/Sep/2022:10:27:49 +0800] 0:0:0:0:0:0:0:1 "GET /budget/division/machine/tree?ownId=11&selectId=11&rootId=11 HTTP/1.1" 200 (20 ms)
[26/Sep/2022:10:27:51 +0800] 0:0:0:0:0:0:0:1 "GET /budget/division/tree2?ownId=2&selectId=5322824055132160 HTTP/1.1" 200 (29 ms)
[26/Sep/2022:10:27:51 +0800] 0:0:0:0:0:0:0:1 "GET /budget/division/machine/tree?ownId=5322824055132160&selectId=5322824055132160&rootId=5322824055132160 HTTP/1.1" 200 (17 ms)
[26/Sep/2022:10:27:52 +0800] 0:0:0:0:0:0:0:1 "GET /budget/division/tree2?ownId=2&selectId=11 HTTP/1.1" 200 (32 ms)
[26/Sep/2022:10:27:52 +0800] 0:0:0:0:0:0:0:1 "GET /budget/division/machine/tree?ownId=11&selectId=11&rootId=11 HTTP/1.1" 200 (32 ms)
[26/Sep/2022:10:27:57 +0800] 0:0:0:0:0:0:0:1 "OPTIONS /budget/import/ HTTP/1.1" 200 (1 ms)
[26/Sep/2022:10:27:57 +0800] 0:0:0:0:0:0:0:1 "POST /budget/import/ HTTP/1.1" 200 (422 ms)
[26/Sep/2022:10:27:57 +0800] 0:0:0:0:0:0:0:1 "GET /budget/division/tree2?ownId=2&selectId=11 HTTP/1.1" 200 (49 ms)
[26/Sep/2022:10:27:57 +0800] 0:0:0:0:0:0:0:1 "GET /budget/division/machine/tree?ownId=11&selectId=11&rootId=11 HTTP/1.1" 200 (22 ms)
[26/Sep/2022:10:27:58 +0800] 0:0:0:0:0:0:0:1 "GET /budget/division/machine/tree?ownId=5336250408112128&selectId=5336250408112128&rootId=5336250408112128 HTTP/1.1" 200 (48 ms)
[26/Sep/2022:10:28:03 +0800] 0:0:0:0:0:0:0:1 "GET /budget/division/machine/tree?ownId=5336250462638080&selectId=5336250462638080&rootId=5336250462638080 HTTP/1.1" 200 (18 ms)
[26/Sep/2022:10:28:12 +0800] 0:0:0:0:0:0:0:1 "GET /budget/division/machine/tree?ownId=5336250554912768&selectId=5336250554912768&rootId=5336250554912768 HTTP/1.1" 200 (15 ms)
[26/Sep/2022:10:28:12 +0800] 0:0:0:0:0:0:0:1 "GET /budget/division/machine/tree?ownId=5336250554912768&selectId=5336250554912768&rootId=5336250554912768 HTTP/1.1" 200 (21 ms)
[26/Sep/2022:10:28:13 +0800] 0:0:0:0:0:0:0:1 "GET /budget/division/machine/tree?ownId=5336250387140608&selectId=5336250387140608&rootId=5336250387140608 HTTP/1.1" 200 (15 ms)
[26/Sep/2022:10:28:18 +0800] 0:0:0:0:0:0:0:1 "GET /budget/division/machine/tree?ownId=5336250387140608&selectId=5336250387140608&rootId=5336250387140608 HTTP/1.1" 200 (15 ms)
[26/Sep/2022:10:28:21 +0800] 0:0:0:0:0:0:0:1 "OPTIONS /budget/division/machine/push HTTP/1.1" 200 (1 ms)
[26/Sep/2022:10:28:21 +0800] 0:0:0:0:0:0:0:1 "POST /budget/division/machine/push HTTP/1.1" 200 (16 ms)
[26/Sep/2022:10:28:24 +0800] 0:0:0:0:0:0:0:1 "POST /budget/division/machine/push HTTP/1.1" 200 (30 ms)
[26/Sep/2022:10:28:27 +0800] 0:0:0:0:0:0:0:1 "POST /budget/division/machine/push HTTP/1.1" 200 (20 ms)
[26/Sep/2022:10:28:29 +0800] 0:0:0:0:0:0:0:1 "POST /budget/division/machine/push HTTP/1.1" 200 (10 ms)
[26/Sep/2022:10:28:32 +0800] 0:0:0:0:0:0:0:1 "GET /budget/division/machine/tree?ownId=5336250408112128&selectId=5336250408112128&rootId=5336250408112128 HTTP/1.1" 200 (20 ms)
[26/Sep/2022:10:28:32 +0800] 0:0:0:0:0:0:0:1 "GET /budget/division/machine/tree?ownId=5336250387140608&selectId=5336250387140608&rootId=5336250387140608 HTTP/1.1" 200 (18 ms)
[26/Sep/2022:10:28:34 +0800] 0:0:0:0:0:0:0:1 "GET /budget/division/machine/tree?ownId=5336250408112128&selectId=5336250408112128&rootId=5336250408112128 HTTP/1.1" 200 (16 ms)
[26/Sep/2022:10:28:35 +0800] 0:0:0:0:0:0:0:1 "GET /budget/division/machine/tree?ownId=5336250441666560&selectId=5336250441666560&rootId=5336250441666560 HTTP/1.1" 200 (42 ms)
[26/Sep/2022:10:28:38 +0800] 0:0:0:0:0:0:0:1 "GET /budget/division/machine/tree?ownId=5336250387140608&selectId=5336250387140608&rootId=5336250387140608 HTTP/1.1" 200 (17 ms)
[26/Sep/2022:10:28:40 +0800] 0:0:0:0:0:0:0:1 "OPTIONS /budget/division/push HTTP/1.1" 200 (1 ms)
[26/Sep/2022:10:28:40 +0800] 0:0:0:0:0:0:0:1 "POST /budget/division/push HTTP/1.1" 200 (14 ms)
[26/Sep/2022:10:28:41 +0800] 0:0:0:0:0:0:0:1 "GET /budget/division/machine/tree?ownId=5336432386379776&selectId=5336432386379776&rootId=5336432386379776 HTTP/1.1" 200 (22 ms)
[26/Sep/2022:10:28:41 +0800] 0:0:0:0:0:0:0:1 "GET /budget/division/machine/tree?ownId=5336432386379776&selectId=5336432386379776&rootId=5336432386379776 HTTP/1.1" 200 (15 ms)
[26/Sep/2022:10:28:49 +0800] 0:0:0:0:0:0:0:1 "GET /budget/division/machine/tree?ownId=5336250387140608&selectId=5336250387140608&rootId=5336250387140608 HTTP/1.1" 200 (63 ms)
[26/Sep/2022:10:28:49 +0800] 0:0:0:0:0:0:0:1 "POST /budget/division/push HTTP/1.1" 200 (111 ms)
[26/Sep/2022:10:28:50 +0800] 0:0:0:0:0:0:0:1 "GET /budget/division/machine/tree?ownId=5336250408112128&selectId=5336250408112128&rootId=5336250408112128 HTTP/1.1" 200 (20 ms)
[26/Sep/2022:10:28:53 +0800] 0:0:0:0:0:0:0:1 "GET /budget/division/machine/tree?ownId=5336250387140608&selectId=5336250387140608&rootId=5336250387140608 HTTP/1.1" 200 (16 ms)
[26/Sep/2022:10:28:54 +0800] 0:0:0:0:0:0:0:1 "POST /budget/division/push HTTP/1.1" 200 (9 ms)
[26/Sep/2022:10:28:55 +0800] 0:0:0:0:0:0:0:1 "GET /budget/division/machine/tree?ownId=5336491911942144&selectId=5336491911942144&rootId=5336491911942144 HTTP/1.1" 200 (24 ms)
[26/Sep/2022:10:28:55 +0800] 0:0:0:0:0:0:0:1 "GET /budget/division/machine/tree?ownId=5336491911942144&selectId=5336491911942144&rootId=5336491911942144 HTTP/1.1" 200 (17 ms)
[26/Sep/2022:10:28:59 +0800] 0:0:0:0:0:0:0:1 "GET /budget/division/machine/tree?ownId=5336250441666560&selectId=5336250441666560&rootId=5336250441666560 HTTP/1.1" 200 (45 ms)
[26/Sep/2022:10:28:59 +0800] 0:0:0:0:0:0:0:1 "POST /budget/division/push HTTP/1.1" 200 (155 ms)
[26/Sep/2022:10:29:02 +0800] 0:0:0:0:0:0:0:1 "GET /budget/division/tree2?ownId=2&selectId=9 HTTP/1.1" 200 (40 ms)
[26/Sep/2022:10:29:02 +0800] 0:0:0:0:0:0:0:1 "GET /budget/division/machine/tree?ownId=9&selectId=9&rootId=9 HTTP/1.1" 200 (19 ms)
[26/Sep/2022:10:29:05 +0800] 0:0:0:0:0:0:0:1 "GET /budget/division/machine/tree?ownId=5336432386379776&selectId=5336432386379776&rootId=5336432386379776 HTTP/1.1" 200 (17 ms)
[26/Sep/2022:10:29:06 +0800] 0:0:0:0:0:0:0:1 "GET /budget/division/machine/tree?ownId=5336491911942144&selectId=5336491911942144&rootId=5336491911942144 HTTP/1.1" 200 (14 ms)
[26/Sep/2022:10:29:06 +0800] 0:0:0:0:0:0:0:1 "GET /budget/division/machine/tree?ownId=5336432386379776&selectId=5336432386379776&rootId=5336432386379776 HTTP/1.1" 200 (14 ms)
[26/Sep/2022:10:29:08 +0800] 0:0:0:0:0:0:0:1 "POST /budget/division/push HTTP/1.1" 200 (17 ms)
[26/Sep/2022:10:29:10 +0800] 0:0:0:0:0:0:0:1 "POST /budget/division/push HTTP/1.1" 200 (9 ms)
[26/Sep/2022:10:29:11 +0800] 0:0:0:0:0:0:0:1 "GET /budget/division/machine/tree?ownId=5336432386379776&selectId=5336432386379776&rootId=5336432386379776 HTTP/1.1" 200 (20 ms)
[26/Sep/2022:10:29:15 +0800] 0:0:0:0:0:0:0:1 "GET /budget/division/machine/tree?ownId=5336250387140608&selectId=5336250387140608&rootId=5336250387140608 HTTP/1.1" 200 (36 ms)
[26/Sep/2022:10:29:16 +0800] 0:0:0:0:0:0:0:1 "POST /budget/division/push HTTP/1.1" 200 (131 ms)
[26/Sep/2022:10:29:17 +0800] 0:0:0:0:0:0:0:1 "GET /budget/division/machine/tree?ownId=5336250387140608&selectId=5336250387140608&rootId=5336250387140608 HTTP/1.1" 200 (20 ms)
[26/Sep/2022:10:29:18 +0800] 0:0:0:0:0:0:0:1 "GET /budget/division/machine/tree?ownId=5336250387140608&selectId=5336250387140608&rootId=5336250387140608 HTTP/1.1" 200 (17 ms)
[26/Sep/2022:10:29:26 +0800] 0:0:0:0:0:0:0:1 "GET /project/tree?rootId=0 HTTP/1.1" 200 (24 ms)
[26/Sep/2022:10:29:26 +0800] 0:0:0:0:0:0:0:1 "GET /budget/measure/tree2?ownId=0&selectId=2543997172191232 HTTP/1.1" 200 (41 ms)
[26/Sep/2022:10:29:26 +0800] 0:0:0:0:0:0:0:1 "GET /budget/measure/machine/tree?ownId=2543997172191232&selectId=2543997172191232&rootId=2543997172191232 HTTP/1.1" 200 (20 ms)
[26/Sep/2022:10:29:31 +0800] 0:0:0:0:0:0:0:1 "GET /project/tree?rootId=0 HTTP/1.1" 200 (30 ms)
[26/Sep/2022:10:29:31 +0800] 0:0:0:0:0:0:0:1 "GET /budget/other/fetch?ownId=2543997172191232&selectId=2543997172191232 HTTP/1.1" 200 (17 ms)
[26/Sep/2022:10:29:36 +0800] 0:0:0:0:0:0:0:1 "OPTIONS /budget/other/push HTTP/1.1" 200 (1 ms)
[26/Sep/2022:10:29:36 +0800] 0:0:0:0:0:0:0:1 "POST /budget/other/push HTTP/1.1" 200 (106 ms)
[26/Sep/2022:10:29:38 +0800] 0:0:0:0:0:0:0:1 "POST /budget/other/push HTTP/1.1" 200 (22 ms)
[26/Sep/2022:10:29:41 +0800] 0:0:0:0:0:0:0:1 "POST /budget/other/push HTTP/1.1" 200 (9 ms)
[26/Sep/2022:10:29:49 +0800] 0:0:0:0:0:0:0:1 "GET /project/tree?rootId=0 HTTP/1.1" 200 (30 ms)
[26/Sep/2022:10:29:49 +0800] 0:0:0:0:0:0:0:1 "GET /plan/division/tree2?ownId=0&selectId=2543997172191232 HTTP/1.1" 200 (73 ms)
[26/Sep/2022:10:29:50 +0800] 0:0:0:0:0:0:0:1 "GET /plan/division/machine/tree?ownId=2543997172191232&selectId=2543997172191232&rootId=2543997172191232 HTTP/1.1" 200 (22 ms)
[26/Sep/2022:10:29:51 +0800] 0:0:0:0:0:0:0:1 "GET /project/tree?rootId=0 HTTP/1.1" 200 (29 ms)
[26/Sep/2022:10:29:51 +0800] 0:0:0:0:0:0:0:1 "GET /plan/measure/tree2?ownId=0&selectId=2543997172191232 HTTP/1.1" 200 (44 ms)
[26/Sep/2022:10:29:51 +0800] 0:0:0:0:0:0:0:1 "GET /plan/measure/machine/tree?ownId=2543997172191232&selectId=2543997172191232&rootId=2543997172191232 HTTP/1.1" 200 (25 ms)
[26/Sep/2022:10:29:51 +0800] 0:0:0:0:0:0:0:1 "GET /project/tree?rootId=0 HTTP/1.1" 200 (25 ms)
[26/Sep/2022:10:29:51 +0800] 0:0:0:0:0:0:0:1 "GET /plan/other/fetch?ownId=2543997172191232&selectId=2543997172191232 HTTP/1.1" 200 (15 ms)
[26/Sep/2022:10:29:55 +0800] 0:0:0:0:0:0:0:1 "GET /project/tree?rootId=0 HTTP/1.1" 200 (24 ms)
[26/Sep/2022:10:29:55 +0800] 0:0:0:0:0:0:0:1 "GET /actual/other/fetch?ownId=2543997172191232&selectId=2543997172191232 HTTP/1.1" 200 (11 ms)
[26/Sep/2022:10:29:56 +0800] 0:0:0:0:0:0:0:1 "GET /project/tree?rootId=0 HTTP/1.1" 200 (57 ms)
[26/Sep/2022:10:29:56 +0800] 0:0:0:0:0:0:0:1 "GET /actual/measure/tree2?ownId=0&selectId=2543997172191232 HTTP/1.1" 200 (68 ms)
[26/Sep/2022:10:29:56 +0800] 0:0:0:0:0:0:0:1 "GET /actual/measure/machine/tree?ownId=2543997172191232&selectId=2543997172191232&rootId=2543997172191232 HTTP/1.1" 200 (23 ms)
[26/Sep/2022:10:29:57 +0800] 0:0:0:0:0:0:0:1 "GET /project/tree?rootId=0 HTTP/1.1" 200 (24 ms)
[26/Sep/2022:10:29:57 +0800] 0:0:0:0:0:0:0:1 "GET /actual/division/tree2?ownId=0&selectId=2543997172191232 HTTP/1.1" 200 (66 ms)
[26/Sep/2022:10:29:57 +0800] 0:0:0:0:0:0:0:1 "GET /actual/division/machine/tree?ownId=2543997172191232&selectId=2543997172191232&rootId=2543997172191232 HTTP/1.1" 200 (25 ms)
[26/Sep/2022:10:30:04 +0800] 0:0:0:0:0:0:0:1 "GET /project/tree?rootId=0 HTTP/1.1" 200 (59 ms)
[26/Sep/2022:10:30:04 +0800] 0:0:0:0:0:0:0:1 "GET /report/project/tree2?ownId=0&selectId=2543997172191232 HTTP/1.1" 200 (57 ms)
[26/Sep/2022:10:30:32 +0800] 0:0:0:0:0:0:0:1 "GET /report/project/tree2?ownId=0&selectId=2 HTTP/1.1" 200 (51 ms)
[26/Sep/2022:10:30:41 +0800] 0:0:0:0:0:0:0:1 "GET /report/project/tree2?ownId=2&selectId=11 HTTP/1.1" 200 (46 ms)
[26/Sep/2022:10:30:43 +0800] 0:0:0:0:0:0:0:1 "GET /report/project/tree2?ownId=2&selectId=9 HTTP/1.1" 200 (51 ms)
[26/Sep/2022:10:31:01 +0800] 0:0:0:0:0:0:0:1 "GET /dict/subpackage/fetch?rootId=0 HTTP/1.1" 200 (12 ms)
[26/Sep/2022:10:31:01 +0800] 0:0:0:0:0:0:0:1 "GET /report/subpackage/tree2 HTTP/1.1" 500 (63 ms)
[26/Sep/2022:10:31:22 +0800] 0:0:0:0:0:0:0:1 "GET /report/subpackage/tree2 HTTP/1.1" 500 (43 ms)
[26/Sep/2022:10:31:57 +0800] 0:0:0:0:0:0:0:1 "GET /project/tree?rootId=0 HTTP/1.1" 200 (60 ms)
[26/Sep/2022:10:31:57 +0800] 0:0:0:0:0:0:0:1 "GET /report/project/tree2?ownId=0&selectId=2543997172191232&cmd=sj HTTP/1.1" 200 (61 ms)
[26/Sep/2022:10:31:59 +0800] 0:0:0:0:0:0:0:1 "GET /project/tree?rootId=0 HTTP/1.1" 200 (65 ms)
[26/Sep/2022:10:31:59 +0800] 0:0:0:0:0:0:0:1 "GET /report/project/tree2?ownId=0&selectId=2543997172191232&cmd=ys HTTP/1.1" 200 (69 ms)
[26/Sep/2022:10:32:00 +0800] 0:0:0:0:0:0:0:1 "GET /project/tree?rootId=0 HTTP/1.1" 200 (21 ms)
[26/Sep/2022:10:32:00 +0800] 0:0:0:0:0:0:0:1 "GET /report/project/tree2?ownId=0&selectId=2543997172191232 HTTP/1.1" 200 (56 ms)
[26/Sep/2022:10:32:03 +0800] 0:0:0:0:0:0:0:1 "GET /project/tree?rootId=0 HTTP/1.1" 200 (19 ms)
[26/Sep/2022:10:32:03 +0800] 0:0:0:0:0:0:0:1 "GET /report/project/tree2?ownId=0&selectId=2543997172191232&cmd=ys HTTP/1.1" 200 (51 ms)
[26/Sep/2022:10:32:12 +0800] 0:0:0:0:0:0:0:1 "GET /dict/subpackage/fetch?rootId=0 HTTP/1.1" 200 (10 ms)
[26/Sep/2022:10:32:12 +0800] 0:0:0:0:0:0:0:1 "GET /budget/division/machine/tree?ownId=4973770171355136&selectId=4973770171355136&rootId=4973770171355136 HTTP/1.1" 200 (24 ms)
[26/Sep/2022:10:32:13 +0800] 0:0:0:0:0:0:0:1 "GET /budget/division/machine/tree?ownId=4973770171355136&selectId=4973770171355136&rootId=4973770171355136 HTTP/1.1" 200 (20 ms)
[26/Sep/2022:10:32:13 +0800] 0:0:0:0:0:0:0:1 "GET /budget/division/machine/tree?ownId=4973770171355136&selectId=4973770171355136&rootId=4973770171355136 HTTP/1.1" 200 (18 ms)
[26/Sep/2022:10:32:16 +0800] 0:0:0:0:0:0:0:1 "OPTIONS /dict/subpackage/push HTTP/1.1" 200 (2 ms)
[26/Sep/2022:10:32:16 +0800] 0:0:0:0:0:0:0:1 "GET /budget/division/machine/tree?ownId=4971518618636288&selectId=4971518618636288&rootId=4971518618636288 HTTP/1.1" 200 (27 ms)
[26/Sep/2022:10:32:16 +0800] 0:0:0:0:0:0:0:1 "POST /dict/subpackage/push HTTP/1.1" 200 (38 ms)
[26/Sep/2022:10:32:17 +0800] 0:0:0:0:0:0:0:1 "GET /budget/division/machine/tree?ownId=4972435459936256&selectId=4972435459936256&rootId=4972435459936256 HTTP/1.1" 200 (15 ms)
[26/Sep/2022:10:32:22 +0800] 0:0:0:0:0:0:0:1 "GET /budget/division/machine/tree?ownId=4973770171355136&selectId=4973770171355136&rootId=4973770171355136 HTTP/1.1" 200 (17 ms)
[26/Sep/2022:10:32:31 +0800] 0:0:0:0:0:0:0:1 "GET /dict/subpackage/fetch?rootId=0 HTTP/1.1" 200 (13 ms)
[26/Sep/2022:10:32:31 +0800] 0:0:0:0:0:0:0:1 "GET /report/subpackage/tree2 HTTP/1.1" 500 (57 ms)
[26/Sep/2022:10:32:33 +0800] 0:0:0:0:0:0:0:1 "GET /report/subpackage/tree2 HTTP/1.1" 500 (43 ms)
[26/Sep/2022:10:32:33 +0800] 0:0:0:0:0:0:0:1 "GET /report/subpackage/tree2 HTTP/1.1" 500 (42 ms)
[26/Sep/2022:10:32:34 +0800] 0:0:0:0:0:0:0:1 "GET /report/subpackage/tree2 HTTP/1.1" 500 (47 ms)
[26/Sep/2022:10:32:34 +0800] 0:0:0:0:0:0:0:1 "GET /report/subpackage/tree2 HTTP/1.1" 500 (44 ms)
[26/Sep/2022:10:32:41 +0800] 0:0:0:0:0:0:0:1 "GET /dict/subpackage/fetch?rootId=0 HTTP/1.1" 200 (13 ms)
[26/Sep/2022:10:32:42 +0800] 0:0:0:0:0:0:0:1 "GET /budget/division/machine/tree?ownId=4973770171355136&selectId=4973770171355136&rootId=4973770171355136 HTTP/1.1" 200 (22 ms)
[26/Sep/2022:10:35:18 +0800] 0:0:0:0:0:0:0:1 "GET /dict/subpackage/fetch?rootId=0 HTTP/1.1" 200 (31 ms)
[26/Sep/2022:10:35:18 +0800] 0:0:0:0:0:0:0:1 "GET /budget/division/machine/tree?ownId=4973770171355136&selectId=4973770171355136&rootId=4973770171355136 HTTP/1.1" 200 (23 ms)
[26/Sep/2022:10:35:24 +0800] 0:0:0:0:0:0:0:1 "GET /dict/subpackage/fetch?rootId=0 HTTP/1.1" 200 (20 ms)
[26/Sep/2022:10:35:24 +0800] 0:0:0:0:0:0:0:1 "GET /report/subpackage/tree2 HTTP/1.1" 500 (85 ms)
[26/Sep/2022:10:44:08 +0800] 0:0:0:0:0:0:0:1 "GET /project/tree?rootId=0 HTTP/1.1" 200 (51 ms)
[26/Sep/2022:10:44:09 +0800] 0:0:0:0:0:0:0:1 "GET /report/project/tree2?ownId=0&selectId=2543997172191232&cmd=ys HTTP/1.1" 200 (51 ms)
[26/Sep/2022:10:44:16 +0800] 0:0:0:0:0:0:0:1 "GET /dict/subpackage/fetch?rootId=0 HTTP/1.1" 200 (12 ms)
[26/Sep/2022:10:44:16 +0800] 0:0:0:0:0:0:0:1 "GET /report/subpackage/tree2 HTTP/1.1" 500 (52 ms)
[26/Sep/2022:10:50:25 +0800] 0:0:0:0:0:0:0:1 "GET /project/fetch?ownId=0 HTTP/1.1" 200 (41 ms)
[26/Sep/2022:10:51:15 +0800] 0:0:0:0:0:0:0:1 "POST /project/push HTTP/1.1" 200 (307 ms)
[26/Sep/2022:10:51:15 +0800] 0:0:0:0:0:0:0:1 "GET /project/fetch?ownId=0 HTTP/1.1" 200 (38 ms)
[26/Sep/2022:10:51:30 +0800] 0:0:0:0:0:0:0:1 "GET /project/fetch?ownId=0 HTTP/1.1" 200 (33 ms)
[26/Sep/2022:10:51:30 +0800] 0:0:0:0:0:0:0:1 "GET /project/tree?ownId=2543997172191232&rootId=2543997172191232 HTTP/1.1" 200 (34 ms)
[26/Sep/2022:10:51:31 +0800] 0:0:0:0:0:0:0:1 "GET /project/tree?ownId=5342111822123008&rootId=5342111822123008 HTTP/1.1" 200 (18 ms)
[26/Sep/2022:10:51:41 +0800] 0:0:0:0:0:0:0:1 "POST /project/push HTTP/1.1" 200 (341 ms)
[26/Sep/2022:10:51:42 +0800] 0:0:0:0:0:0:0:1 "GET /project/tree?ownId=5342111822123008&rootId=5342111822123008 HTTP/1.1" 200 (38 ms)
[26/Sep/2022:10:52:14 +0800] 0:0:0:0:0:0:0:1 "POST /project/push HTTP/1.1" 200 (404 ms)
[26/Sep/2022:10:52:14 +0800] 0:0:0:0:0:0:0:1 "GET /project/tree?ownId=5342111822123008&rootId=5342111822123008 HTTP/1.1" 200 (27 ms)
[26/Sep/2022:10:52:20 +0800] 0:0:0:0:0:0:0:1 "GET /project/tree?rootId=0 HTTP/1.1" 200 (37 ms)
[26/Sep/2022:10:52:20 +0800] 0:0:0:0:0:0:0:1 "GET /budget/division/tree2?ownId=0&selectId=2543997172191232 HTTP/1.1" 200 (63 ms)
[26/Sep/2022:10:52:21 +0800] 0:0:0:0:0:0:0:1 "GET /budget/division/machine/tree?ownId=2543997172191232&selectId=2543997172191232&rootId=2543997172191232 HTTP/1.1" 200 (28 ms)
[26/Sep/2022:10:52:22 +0800] 0:0:0:0:0:0:0:1 "GET /budget/division/tree2?ownId=0&selectId=5342111822123008 HTTP/1.1" 200 (48 ms)
[26/Sep/2022:10:52:22 +0800] 0:0:0:0:0:0:0:1 "GET /budget/division/machine/tree?ownId=5342111822123008&selectId=5342111822123008&rootId=5342111822123008 HTTP/1.1" 200 (28 ms)
[26/Sep/2022:10:52:23 +0800] 0:0:0:0:0:0:0:1 "GET /budget/division/tree2?ownId=5342111822123008&selectId=5342224720203776 HTTP/1.1" 200 (38 ms)
[26/Sep/2022:10:52:23 +0800] 0:0:0:0:0:0:0:1 "GET /budget/division/machine/tree?ownId=5342224720203776&selectId=5342224720203776&rootId=5342224720203776 HTTP/1.1" 200 (24 ms)
[26/Sep/2022:10:52:25 +0800] 0:0:0:0:0:0:0:1 "GET /budget/division/tree2?ownId=5342111822123008&selectId=5342361316102144 HTTP/1.1" 200 (34 ms)
[26/Sep/2022:10:52:26 +0800] 0:0:0:0:0:0:0:1 "GET /budget/division/machine/tree?ownId=5342361316102144&selectId=5342361316102144&rootId=5342361316102144 HTTP/1.1" 200 (24 ms)
[26/Sep/2022:10:52:31 +0800] 0:0:0:0:0:0:0:1 "POST /budget/import/ HTTP/1.1" 200 (265 ms)
[26/Sep/2022:10:52:31 +0800] 0:0:0:0:0:0:0:1 "GET /budget/division/tree2?ownId=5342111822123008&selectId=5342361316102144 HTTP/1.1" 200 (40 ms)
[26/Sep/2022:10:52:32 +0800] 0:0:0:0:0:0:0:1 "GET /budget/division/machine/tree?ownId=5342361316102144&selectId=5342361316102144&rootId=5342361316102144 HTTP/1.1" 200 (23 ms)
[26/Sep/2022:10:52:35 +0800] 0:0:0:0:0:0:0:1 "GET /budget/division/machine/tree?ownId=5342434070499328&selectId=5342434070499328&rootId=5342434070499328 HTTP/1.1" 200 (23 ms)
[26/Sep/2022:10:52:47 +0800] 0:0:0:0:0:0:0:1 "GET /budget/division/machine/tree?ownId=5342434028556288&selectId=5342434028556288&rootId=5342434028556288 HTTP/1.1" 200 (22 ms)
[26/Sep/2022:10:52:48 +0800] 0:0:0:0:0:0:0:1 "GET /budget/division/machine/tree?ownId=5342434028556288&selectId=5342434028556288&rootId=5342434028556288 HTTP/1.1" 200 (24 ms)
[26/Sep/2022:10:52:49 +0800] 0:0:0:0:0:0:0:1 "GET /budget/division/machine/tree?ownId=5342434028556288&selectId=5342434028556288&rootId=5342434028556288 HTTP/1.1" 200 (18 ms)
[26/Sep/2022:10:52:50 +0800] 0:0:0:0:0:0:0:1 "GET /budget/division/machine/tree?ownId=5342434028556288&selectId=5342434028556288&rootId=5342434028556288 HTTP/1.1" 200 (24 ms)
[26/Sep/2022:10:52:52 +0800] 0:0:0:0:0:0:0:1 "GET /budget/division/machine/tree?ownId=5342434028556288&selectId=5342434028556288&rootId=5342434028556288 HTTP/1.1" 200 (24 ms)
[26/Sep/2022:10:52:55 +0800] 0:0:0:0:0:0:0:1 "GET /budget/division/machine/tree?ownId=5342434108248064&selectId=5342434108248064&rootId=5342434108248064 HTTP/1.1" 200 (17 ms)
[26/Sep/2022:10:52:58 +0800] 0:0:0:0:0:0:0:1 "GET /budget/division/machine/tree?ownId=5342434028556288&selectId=5342434028556288&rootId=5342434028556288 HTTP/1.1" 200 (20 ms)
[26/Sep/2022:10:53:06 +0800] 0:0:0:0:0:0:0:1 "GET /budget/division/machine/tree?ownId=5342434338934784&selectId=5342434338934784&rootId=5342434338934784 HTTP/1.1" 200 (20 ms)
[26/Sep/2022:10:53:07 +0800] 0:0:0:0:0:0:0:1 "POST /budget/division/push HTTP/1.1" 200 (10 ms)
[26/Sep/2022:10:53:10 +0800] 0:0:0:0:0:0:0:1 "GET /budget/division/tree2?ownId=5342111822123008&selectId=5342224720203776 HTTP/1.1" 200 (52 ms)
[26/Sep/2022:10:53:10 +0800] 0:0:0:0:0:0:0:1 "GET /budget/division/machine/tree?ownId=5342224720203776&selectId=5342224720203776&rootId=5342224720203776 HTTP/1.1" 200 (44 ms)
[26/Sep/2022:10:53:11 +0800] 0:0:0:0:0:0:0:1 "GET /budget/division/tree2?ownId=5342111822123008&selectId=5342224720203776 HTTP/1.1" 200 (40 ms)
[26/Sep/2022:10:53:11 +0800] 0:0:0:0:0:0:0:1 "GET /budget/division/machine/tree?ownId=5342224720203776&selectId=5342224720203776&rootId=5342224720203776 HTTP/1.1" 200 (24 ms)
[26/Sep/2022:10:53:13 +0800] 0:0:0:0:0:0:0:1 "GET /budget/division/tree2?ownId=5342111822123008&selectId=5342361316102144 HTTP/1.1" 200 (38 ms)
[26/Sep/2022:10:53:13 +0800] 0:0:0:0:0:0:0:1 "GET /budget/division/machine/tree?ownId=5342361316102144&selectId=5342361316102144&rootId=5342361316102144 HTTP/1.1" 200 (21 ms)
[26/Sep/2022:10:53:14 +0800] 0:0:0:0:0:0:0:1 "GET /budget/division/machine/tree?ownId=5342434070499328&selectId=5342434070499328&rootId=5342434070499328 HTTP/1.1" 200 (22 ms)
[26/Sep/2022:10:53:16 +0800] 0:0:0:0:0:0:0:1 "GET /budget/division/machine/tree?ownId=5342434338934784&selectId=5342434338934784&rootId=5342434338934784 HTTP/1.1" 200 (17 ms)
[26/Sep/2022:10:53:20 +0800] 0:0:0:0:0:0:0:1 "GET /budget/division/machine/tree?ownId=5342434338934784&selectId=5342434338934784&rootId=5342434338934784 HTTP/1.1" 200 (19 ms)
[26/Sep/2022:10:53:21 +0800] 0:0:0:0:0:0:0:1 "GET /budget/division/machine/tree?ownId=5342434070499328&selectId=5342434070499328&rootId=5342434070499328 HTTP/1.1" 200 (19 ms)
[26/Sep/2022:10:53:27 +0800] 0:0:0:0:0:0:0:1 "GET /budget/division/machine/tree?ownId=5342434338934784&selectId=5342434338934784&rootId=5342434338934784 HTTP/1.1" 200 (17 ms)
[26/Sep/2022:10:53:28 +0800] 0:0:0:0:0:0:0:1 "POST /budget/division/push HTTP/1.1" 200 (130 ms)
[26/Sep/2022:10:53:29 +0800] 0:0:0:0:0:0:0:1 "GET /budget/division/machine/tree?ownId=5342434338934784&selectId=5342434338934784&rootId=5342434338934784 HTTP/1.1" 200 (20 ms)
[26/Sep/2022:10:53:30 +0800] 0:0:0:0:0:0:0:1 "GET /budget/division/tree2?ownId=5342111822123008&selectId=5342224720203776 HTTP/1.1" 200 (45 ms)
[26/Sep/2022:10:53:31 +0800] 0:0:0:0:0:0:0:1 "GET /budget/division/machine/tree?ownId=5342224720203776&selectId=5342224720203776&rootId=5342224720203776 HTTP/1.1" 200 (20 ms)
[26/Sep/2022:10:53:33 +0800] 0:0:0:0:0:0:0:1 "GET /budget/division/tree2?ownId=5342111822123008&selectId=5342224720203776 HTTP/1.1" 200 (41 ms)
[26/Sep/2022:10:53:33 +0800] 0:0:0:0:0:0:0:1 "GET /budget/division/machine/tree?ownId=5342224720203776&selectId=5342224720203776&rootId=5342224720203776 HTTP/1.1" 200 (27 ms)
[26/Sep/2022:10:53:34 +0800] 0:0:0:0:0:0:0:1 "GET /budget/division/tree2?ownId=5342111822123008&selectId=5342361316102144 HTTP/1.1" 200 (39 ms)
[26/Sep/2022:10:53:34 +0800] 0:0:0:0:0:0:0:1 "GET /budget/division/machine/tree?ownId=5342361316102144&selectId=5342361316102144&rootId=5342361316102144 HTTP/1.1" 200 (22 ms)
[26/Sep/2022:10:53:40 +0800] 0:0:0:0:0:0:0:1 "GET /budget/division/machine/tree?ownId=5342434070499328&selectId=5342434070499328&rootId=5342434070499328 HTTP/1.1" 200 (19 ms)
[26/Sep/2022:10:55:53 +0800] 0:0:0:0:0:0:0:1 "GET /budget/division/machine/tree?ownId=5342434070499328&selectId=5342434070499328&rootId=5342434070499328 HTTP/1.1" 200 (37 ms)
[26/Sep/2022:10:55:55 +0800] 0:0:0:0:0:0:0:1 "GET /budget/division/machine/tree?ownId=5342434070499328&selectId=5342434070499328&rootId=5342434070499328 HTTP/1.1" 200 (16 ms)
[26/Sep/2022:10:55:57 +0800] 0:0:0:0:0:0:0:1 "POST /budget/division/push HTTP/1.1" 200 (337 ms)
[26/Sep/2022:10:56:00 +0800] 0:0:0:0:0:0:0:1 "GET /budget/division/tree2?ownId=5342111822123008&selectId=5342224720203776 HTTP/1.1" 200 (48 ms)
[26/Sep/2022:10:56:00 +0800] 0:0:0:0:0:0:0:1 "GET /budget/division/machine/tree?ownId=5342224720203776&selectId=5342224720203776&rootId=5342224720203776 HTTP/1.1" 200 (31 ms)
[26/Sep/2022:10:56:02 +0800] 0:0:0:0:0:0:0:1 "GET /budget/division/machine/tree?ownId=5342434070499328&selectId=5342434070499328&rootId=5342434070499328 HTTP/1.1" 200 (25 ms)
[26/Sep/2022:10:56:04 +0800] 0:0:0:0:0:0:0:1 "GET /budget/division/tree2?ownId=0&selectId=5342111822123008 HTTP/1.1" 200 (47 ms)
[26/Sep/2022:10:56:04 +0800] 0:0:0:0:0:0:0:1 "GET /budget/division/machine/tree?ownId=5342111822123008&selectId=5342111822123008&rootId=5342111822123008 HTTP/1.1" 200 (18 ms)
[26/Sep/2022:10:56:06 +0800] 0:0:0:0:0:0:0:1 "GET /budget/division/machine/tree?ownId=5342434070499328&selectId=5342434070499328&rootId=5342434070499328 HTTP/1.1" 200 (22 ms)
[26/Sep/2022:10:56:08 +0800] 0:0:0:0:0:0:0:1 "POST /budget/division/push HTTP/1.1" 200 (487 ms)
[26/Sep/2022:10:56:10 +0800] 0:0:0:0:0:0:0:1 "GET /budget/division/tree2?ownId=0&selectId=2 HTTP/1.1" 200 (45 ms)
[26/Sep/2022:10:56:11 +0800] 0:0:0:0:0:0:0:1 "GET /budget/division/machine/tree?ownId=2&selectId=2&rootId=2 HTTP/1.1" 200 (22 ms)
[26/Sep/2022:10:56:11 +0800] 0:0:0:0:0:0:0:1 "GET /budget/division/tree2?ownId=0&selectId=5342111822123008 HTTP/1.1" 200 (37 ms)
[26/Sep/2022:10:56:11 +0800] 0:0:0:0:0:0:0:1 "GET /budget/division/machine/tree?ownId=5342111822123008&selectId=5342111822123008&rootId=5342111822123008 HTTP/1.1" 200 (29 ms)
[26/Sep/2022:10:56:13 +0800] 0:0:0:0:0:0:0:1 "GET /budget/division/machine/tree?ownId=5342434070499328&selectId=5342434070499328&rootId=5342434070499328 HTTP/1.1" 200 (21 ms)
[26/Sep/2022:10:56:15 +0800] 0:0:0:0:0:0:0:1 "POST /budget/division/push HTTP/1.1" 200 (17 ms)
[26/Sep/2022:10:56:16 +0800] 0:0:0:0:0:0:0:1 "GET /budget/division/machine/tree?ownId=5343371761684480&selectId=5343371761684480&rootId=5343371761684480 HTTP/1.1" 200 (20 ms)
[26/Sep/2022:10:56:16 +0800] 0:0:0:0:0:0:0:1 "GET /budget/division/machine/tree?ownId=5343371761684480&selectId=5343371761684480&rootId=5343371761684480 HTTP/1.1" 200 (15 ms)
[26/Sep/2022:10:56:18 +0800] 0:0:0:0:0:0:0:1 "POST /budget/division/push HTTP/1.1" 200 (12 ms)
[26/Sep/2022:10:56:18 +0800] 0:0:0:0:0:0:0:1 "GET /budget/division/machine/tree?ownId=5343371761684480&selectId=5343371761684480&rootId=5343371761684480 HTTP/1.1" 200 (23 ms)
[26/Sep/2022:10:56:19 +0800] 0:0:0:0:0:0:0:1 "GET /budget/division/machine/tree?ownId=5343371761684480&selectId=5343371761684480&rootId=5343371761684480 HTTP/1.1" 200 (29 ms)
[26/Sep/2022:10:56:27 +0800] 0:0:0:0:0:0:0:1 "POST /budget/division/push HTTP/1.1" 200 (10 ms)
[26/Sep/2022:10:56:27 +0800] 0:0:0:0:0:0:0:1 "GET /budget/division/machine/tree?ownId=5342434091470848&selectId=5342434091470848&rootId=5342434091470848 HTTP/1.1" 200 (22 ms)
[26/Sep/2022:10:56:27 +0800] 0:0:0:0:0:0:0:1 "GET /budget/division/machine/tree?ownId=5342434070499328&selectId=5342434070499328&rootId=5342434070499328 HTTP/1.1" 200 (29 ms)
[26/Sep/2022:10:56:28 +0800] 0:0:0:0:0:0:0:1 "POST /budget/division/push HTTP/1.1" 200 (8 ms)
[26/Sep/2022:10:56:30 +0800] 0:0:0:0:0:0:0:1 "GET /budget/division/machine/tree?ownId=5343430007984128&selectId=5343430007984128&rootId=5343430007984128 HTTP/1.1" 200 (15 ms)
[26/Sep/2022:10:56:30 +0800] 0:0:0:0:0:0:0:1 "GET /budget/division/machine/tree?ownId=5343430007984128&selectId=5343430007984128&rootId=5343430007984128 HTTP/1.1" 200 (21 ms)
[26/Sep/2022:10:56:36 +0800] 0:0:0:0:0:0:0:1 "POST /budget/division/push HTTP/1.1" 200 (15 ms)
[26/Sep/2022:10:56:36 +0800] 0:0:0:0:0:0:0:1 "GET /budget/division/machine/tree?ownId=5343430007984128&selectId=5343430007984128&rootId=5343430007984128 HTTP/1.1" 200 (24 ms)
[26/Sep/2022:10:56:37 +0800] 0:0:0:0:0:0:0:1 "GET /budget/division/machine/tree?ownId=5343430007984128&selectId=5343430007984128&rootId=5343430007984128 HTTP/1.1" 200 (21 ms)
[26/Sep/2022:10:56:39 +0800] 0:0:0:0:0:0:0:1 "POST /budget/division/push HTTP/1.1" 200 (10 ms)
[26/Sep/2022:10:56:39 +0800] 0:0:0:0:0:0:0:1 "GET /budget/division/machine/tree?ownId=5342434070499328&selectId=5342434070499328&rootId=5342434070499328 HTTP/1.1" 200 (21 ms)
[26/Sep/2022:10:56:39 +0800] 0:0:0:0:0:0:0:1 "GET /budget/division/machine/tree?ownId=5343371761684480&selectId=5343371761684480&rootId=5343371761684480 HTTP/1.1" 200 (25 ms)
[26/Sep/2022:10:56:40 +0800] 0:0:0:0:0:0:0:1 "GET /budget/division/machine/tree?ownId=5343371761684480&selectId=5343371761684480&rootId=5343371761684480 HTTP/1.1" 200 (16 ms)
[26/Sep/2022:10:56:43 +0800] 0:0:0:0:0:0:0:1 "GET /budget/division/tree2?ownId=5342111822123008&selectId=5342224720203776 HTTP/1.1" 200 (44 ms)
[26/Sep/2022:10:56:43 +0800] 0:0:0:0:0:0:0:1 "GET /budget/division/machine/tree?ownId=5342224720203776&selectId=5342224720203776&rootId=5342224720203776 HTTP/1.1" 200 (26 ms)
[26/Sep/2022:10:56:44 +0800] 0:0:0:0:0:0:0:1 "GET /budget/division/tree2?ownId=0&selectId=5342111822123008 HTTP/1.1" 200 (45 ms)
[26/Sep/2022:10:56:44 +0800] 0:0:0:0:0:0:0:1 "GET /budget/division/machine/tree?ownId=5342111822123008&selectId=5342111822123008&rootId=5342111822123008 HTTP/1.1" 200 (23 ms)
[26/Sep/2022:10:56:45 +0800] 0:0:0:0:0:0:0:1 "GET /budget/division/machine/tree?ownId=5343371761684480&selectId=5343371761684480&rootId=5343371761684480 HTTP/1.1" 200 (17 ms)
[26/Sep/2022:10:56:46 +0800] 0:0:0:0:0:0:0:1 "GET /budget/division/machine/tree?ownId=5342434070499328&selectId=5342434070499328&rootId=5342434070499328 HTTP/1.1" 200 (24 ms)
[26/Sep/2022:10:56:47 +0800] 0:0:0:0:0:0:0:1 "GET /budget/division/machine/tree?ownId=5343430007984128&selectId=5343430007984128&rootId=5343430007984128 HTTP/1.1" 200 (22 ms)
[26/Sep/2022:10:56:49 +0800] 0:0:0:0:0:0:0:1 "GET /budget/division/tree2?ownId=0&selectId=5342111822123008 HTTP/1.1" 200 (48 ms)
[26/Sep/2022:10:56:50 +0800] 0:0:0:0:0:0:0:1 "GET /budget/division/machine/tree?ownId=5342111822123008&selectId=5342111822123008&rootId=5342111822123008 HTTP/1.1" 200 (25 ms)
[26/Sep/2022:10:56:53 +0800] 0:0:0:0:0:0:0:1 "GET /budget/division/tree2?ownId=5342111822123008&selectId=5342224720203776 HTTP/1.1" 200 (48 ms)
[26/Sep/2022:10:56:54 +0800] 0:0:0:0:0:0:0:1 "GET /budget/division/machine/tree?ownId=5342224720203776&selectId=5342224720203776&rootId=5342224720203776 HTTP/1.1" 200 (26 ms)
[26/Sep/2022:10:56:58 +0800] 0:0:0:0:0:0:0:1 "GET /budget/division/machine/tree?ownId=5342434162774016&selectId=5342434162774016&rootId=5342434162774016 HTTP/1.1" 200 (24 ms)
[26/Sep/2022:10:57:12 +0800] 0:0:0:0:0:0:0:1 "GET /budget/division/machine/tree?ownId=5342434091470848&selectId=5342434091470848&rootId=5342434091470848 HTTP/1.1" 200 (22 ms)
[26/Sep/2022:10:57:12 +0800] 0:0:0:0:0:0:0:1 "GET /budget/division/machine/tree?ownId=5342434091470848&selectId=5342434091470848&rootId=5342434091470848 HTTP/1.1" 200 (19 ms)
[26/Sep/2022:10:57:24 +0800] 0:0:0:0:0:0:0:1 "GET /budget/division/machine/tree?ownId=5342434070499328&selectId=5342434070499328&rootId=5342434070499328 HTTP/1.1" 200 (16 ms)
[26/Sep/2022:10:57:24 +0800] 0:0:0:0:0:0:0:1 "GET /budget/division/machine/tree?ownId=5342434070499328&selectId=5342434070499328&rootId=5342434070499328 HTTP/1.1" 200 (29 ms)
[26/Sep/2022:10:57:25 +0800] 0:0:0:0:0:0:0:1 "POST /budget/division/push HTTP/1.1" 200 (346 ms)
[26/Sep/2022:10:57:25 +0800] 0:0:0:0:0:0:0:1 "GET /budget/division/machine/tree?ownId=5343430007984128&selectId=5343430007984128&rootId=5343430007984128 HTTP/1.1" 200 (21 ms)
[26/Sep/2022:10:57:26 +0800] 0:0:0:0:0:0:0:1 "GET /budget/division/machine/tree?ownId=5342361316102144&selectId=5342361316102144&rootId=5342361316102144 HTTP/1.1" 200 (17 ms)
[26/Sep/2022:10:57:30 +0800] 0:0:0:0:0:0:0:1 "GET /budget/division/tree2?ownId=0&selectId=5342111822123008 HTTP/1.1" 200 (38 ms)
[26/Sep/2022:10:57:30 +0800] 0:0:0:0:0:0:0:1 "GET /budget/division/machine/tree?ownId=5342111822123008&selectId=5342111822123008&rootId=5342111822123008 HTTP/1.1" 200 (18 ms)
[26/Sep/2022:10:57:36 +0800] 0:0:0:0:0:0:0:1 "GET /budget/division/machine/tree?ownId=5342224720203776&selectId=5342224720203776&rootId=5342224720203776 HTTP/1.1" 200 (21 ms)
[26/Sep/2022:10:57:36 +0800] 0:0:0:0:0:0:0:1 "GET /budget/division/machine/tree?ownId=5342111822123008&selectId=5342111822123008&rootId=5342111822123008 HTTP/1.1" 200 (26 ms)
[26/Sep/2022:10:57:37 +0800] 0:0:0:0:0:0:0:1 "GET /budget/division/machine/tree?ownId=5342224720203776&selectId=5342224720203776&rootId=5342224720203776 HTTP/1.1" 200 (17 ms)
[26/Sep/2022:10:57:39 +0800] 0:0:0:0:0:0:0:1 "GET /budget/division/machine/tree?ownId=5342361316102144&selectId=5342361316102144&rootId=5342361316102144 HTTP/1.1" 200 (26 ms)
[26/Sep/2022:10:57:39 +0800] 0:0:0:0:0:0:0:1 "GET /budget/division/machine/tree?ownId=5342111822123008&selectId=5342111822123008&rootId=5342111822123008 HTTP/1.1" 200 (18 ms)
[26/Sep/2022:10:57:40 +0800] 0:0:0:0:0:0:0:1 "GET /budget/division/machine/tree?ownId=5342224720203776&selectId=5342224720203776&rootId=5342224720203776 HTTP/1.1" 200 (15 ms)
[26/Sep/2022:10:57:46 +0800] 0:0:0:0:0:0:0:1 "GET /budget/division/machine/tree?ownId=5343371761684480&selectId=5343371761684480&rootId=5343371761684480 HTTP/1.1" 200 (23 ms)
[26/Sep/2022:10:57:48 +0800] 0:0:0:0:0:0:0:1 "POST /budget/division/push HTTP/1.1" 200 (21 ms)
[26/Sep/2022:10:57:49 +0800] 0:0:0:0:0:0:0:1 "GET /budget/division/machine/tree?ownId=5343371761684480&selectId=5343371761684480&rootId=5343371761684480 HTTP/1.1" 200 (16 ms)
[26/Sep/2022:10:57:50 +0800] 0:0:0:0:0:0:0:1 "GET /budget/division/machine/tree?ownId=5343371761684480&selectId=5343371761684480&rootId=5343371761684480 HTTP/1.1" 200 (21 ms)
[26/Sep/2022:10:57:51 +0800] 0:0:0:0:0:0:0:1 "GET /budget/division/machine/tree?ownId=5343371761684480&selectId=5343371761684480&rootId=5343371761684480 HTTP/1.1" 200 (27 ms)
[26/Sep/2022:10:57:52 +0800] 0:0:0:0:0:0:0:1 "POST /budget/division/push HTTP/1.1" 200 (15 ms)
[26/Sep/2022:10:57:54 +0800] 0:0:0:0:0:0:0:1 "GET /budget/division/machine/tree?ownId=5343371761684480&selectId=5343371761684480&rootId=5343371761684480 HTTP/1.1" 200 (18 ms)
[26/Sep/2022:10:57:54 +0800] 0:0:0:0:0:0:0:1 "GET /budget/division/machine/tree?ownId=5342434070499328&selectId=5342434070499328&rootId=5342434070499328 HTTP/1.1" 200 (15 ms)
[26/Sep/2022:10:57:55 +0800] 0:0:0:0:0:0:0:1 "GET /budget/division/machine/tree?ownId=5343371761684480&selectId=5343371761684480&rootId=5343371761684480 HTTP/1.1" 200 (16 ms)
[26/Sep/2022:10:57:57 +0800] 0:0:0:0:0:0:0:1 "POST /budget/division/push HTTP/1.1" 200 (110 ms)
[26/Sep/2022:10:57:59 +0800] 0:0:0:0:0:0:0:1 "GET /budget/division/machine/tree?ownId=5343430007984128&selectId=5343430007984128&rootId=5343430007984128 HTTP/1.1" 200 (17 ms)
[26/Sep/2022:10:57:59 +0800] 0:0:0:0:0:0:0:1 "GET /budget/division/machine/tree?ownId=5343430007984128&selectId=5343430007984128&rootId=5343430007984128 HTTP/1.1" 200 (21 ms)
[26/Sep/2022:10:58:00 +0800] 0:0:0:0:0:0:0:1 "GET /budget/division/tree2?ownId=0&selectId=5342111822123008 HTTP/1.1" 200 (38 ms)
[26/Sep/2022:10:58:01 +0800] 0:0:0:0:0:0:0:1 "GET /budget/division/machine/tree?ownId=5342111822123008&selectId=5342111822123008&rootId=5342111822123008 HTTP/1.1" 200 (24 ms)
[26/Sep/2022:10:58:02 +0800] 0:0:0:0:0:0:0:1 "GET /budget/division/machine/tree?ownId=5342434091470848&selectId=5342434091470848&rootId=5342434091470848 HTTP/1.1" 200 (20 ms)
[26/Sep/2022:10:58:04 +0800] 0:0:0:0:0:0:0:1 "GET /budget/division/machine/tree?ownId=5342434070499328&selectId=5342434070499328&rootId=5342434070499328 HTTP/1.1" 200 (22 ms)
[26/Sep/2022:10:58:14 +0800] 0:0:0:0:0:0:0:1 "GET /project/tree?rootId=0 HTTP/1.1" 200 (31 ms)
[26/Sep/2022:10:58:14 +0800] 0:0:0:0:0:0:0:1 "GET /budget/measure/tree2?ownId=0&selectId=2543997172191232 HTTP/1.1" 200 (78 ms)
[26/Sep/2022:10:58:14 +0800] 0:0:0:0:0:0:0:1 "GET /budget/measure/machine/tree?ownId=2543997172191232&selectId=2543997172191232&rootId=2543997172191232 HTTP/1.1" 200 (21 ms)
[26/Sep/2022:10:58:25 +0800] 0:0:0:0:0:0:0:1 "GET /project/tree?rootId=0 HTTP/1.1" 200 (29 ms)
[26/Sep/2022:10:58:25 +0800] 0:0:0:0:0:0:0:1 "GET /budget/division/tree2?ownId=0&selectId=2543997172191232 HTTP/1.1" 200 (59 ms)
[26/Sep/2022:10:58:26 +0800] 0:0:0:0:0:0:0:1 "GET /budget/division/machine/tree?ownId=2543997172191232&selectId=2543997172191232&rootId=2543997172191232 HTTP/1.1" 200 (31 ms)
[26/Sep/2022:10:58:27 +0800] 0:0:0:0:0:0:0:1 "GET /budget/division/machine/tree?ownId=5044374748663808&selectId=5044374748663808&rootId=5044374748663808 HTTP/1.1" 200 (23 ms)
[26/Sep/2022:10:58:31 +0800] 0:0:0:0:0:0:0:1 "OPTIONS /budget/division/machine/push HTTP/1.1" 200 (1 ms)
[26/Sep/2022:10:58:31 +0800] 0:0:0:0:0:0:0:1 "POST /budget/division/machine/push HTTP/1.1" 200 (352 ms)
[26/Sep/2022:10:58:35 +0800] 0:0:0:0:0:0:0:1 "POST /budget/division/machine/push HTTP/1.1" 200 (104 ms)
[26/Sep/2022:10:58:38 +0800] 0:0:0:0:0:0:0:1 "POST /budget/division/machine/push HTTP/1.1" 200 (9 ms)
[26/Sep/2022:10:58:47 +0800] 0:0:0:0:0:0:0:1 "POST /budget/division/machine/push HTTP/1.1" 200 (61 ms)
[26/Sep/2022:10:58:49 +0800] 0:0:0:0:0:0:0:1 "GET /dict/subpackage/fetch HTTP/1.1" 200 (13 ms)
[26/Sep/2022:10:59:06 +0800] 0:0:0:0:0:0:0:1 "GET /dict/subpackage/fetch HTTP/1.1" 200 (13 ms)
[26/Sep/2022:10:59:10 +0800] 0:0:0:0:0:0:0:1 "POST /budget/division/machine/push HTTP/1.1" 200 (11 ms)
[26/Sep/2022:10:59:17 +0800] 0:0:0:0:0:0:0:1 "POST /budget/division/machine/push HTTP/1.1" 200 (4 ms)
[26/Sep/2022:10:59:18 +0800] 0:0:0:0:0:0:0:1 "POST /budget/division/machine/push HTTP/1.1" 200 (109 ms)
[26/Sep/2022:10:59:19 +0800] 0:0:0:0:0:0:0:1 "POST /budget/division/machine/push HTTP/1.1" 200 (7 ms)
[26/Sep/2022:10:59:25 +0800] 0:0:0:0:0:0:0:1 "GET /budget/division/machine/tree?ownId=5044374778023936&selectId=5044374778023936&rootId=5044374778023936 HTTP/1.1" 200 (18 ms)
[26/Sep/2022:10:59:28 +0800] 0:0:0:0:0:0:0:1 "GET /budget/division/machine/tree?ownId=5044374748663808&selectId=5044374748663808&rootId=5044374748663808 HTTP/1.1" 200 (23 ms)
[26/Sep/2022:10:59:33 +0800] 0:0:0:0:0:0:0:1 "GET /budget/division/machine/tree?ownId=5044374778023936&selectId=5044374778023936&rootId=5044374778023936 HTTP/1.1" 200 (28 ms)
[26/Sep/2022:10:59:33 +0800] 0:0:0:0:0:0:0:1 "GET /budget/division/machine/tree?ownId=5044374836744192&selectId=5044374836744192&rootId=5044374836744192 HTTP/1.1" 200 (17 ms)
[26/Sep/2022:10:59:52 +0800] 0:0:0:0:0:0:0:1 "GET /project/tree?rootId=0 HTTP/1.1" 200 (111 ms)
[26/Sep/2022:10:59:52 +0800] 0:0:0:0:0:0:0:1 "GET /budget/measure/tree2?ownId=0&selectId=2543997172191232 HTTP/1.1" 200 (67 ms)
[26/Sep/2022:10:59:53 +0800] 0:0:0:0:0:0:0:1 "GET /budget/measure/machine/tree?ownId=2543997172191232&selectId=2543997172191232&rootId=2543997172191232 HTTP/1.1" 200 (30 ms)
[26/Sep/2022:10:59:54 +0800] 0:0:0:0:0:0:0:1 "GET /project/tree?rootId=0 HTTP/1.1" 200 (22 ms)
[26/Sep/2022:10:59:55 +0800] 0:0:0:0:0:0:0:1 "GET /budget/division/tree2?ownId=0&selectId=2543997172191232 HTTP/1.1" 200 (49 ms)
[26/Sep/2022:10:59:55 +0800] 0:0:0:0:0:0:0:1 "GET /budget/division/machine/tree?ownId=2543997172191232&selectId=2543997172191232&rootId=2543997172191232 HTTP/1.1" 200 (33 ms)
[26/Sep/2022:11:00:10 +0800] 0:0:0:0:0:0:0:1 "GET /project/fetch?ownId=0 HTTP/1.1" 200 (21 ms)
[26/Sep/2022:11:00:10 +0800] 0:0:0:0:0:0:0:1 "GET /project/tree?ownId=2543997172191232&rootId=2543997172191232 HTTP/1.1" 200 (33 ms)
[26/Sep/2022:11:00:12 +0800] 0:0:0:0:0:0:0:1 "GET /project/tree?ownId=5342111822123008&rootId=5342111822123008 HTTP/1.1" 200 (17 ms)
[26/Sep/2022:11:00:14 +0800] 0:0:0:0:0:0:0:1 "GET /project/tree?ownId=2&rootId=2 HTTP/1.1" 200 (18 ms)
[26/Sep/2022:11:00:15 +0800] 0:0:0:0:0:0:0:1 "GET /project/tree?ownId=5342111822123008&rootId=5342111822123008 HTTP/1.1" 200 (18 ms)
[26/Sep/2022:11:00:25 +0800] 0:0:0:0:0:0:0:1 "GET /project/fetch?ownId=0 HTTP/1.1" 200 (28 ms)
[26/Sep/2022:11:04:15 +0800] 0:0:0:0:0:0:0:1 "GET /project/fetch?ownId=0 HTTP/1.1" 200 (71 ms)
[26/Sep/2022:11:04:15 +0800] 0:0:0:0:0:0:0:1 "GET /project/tree?ownId=2543997172191232&rootId=2543997172191232 HTTP/1.1" 200 (39 ms)
[26/Sep/2022:11:04:16 +0800] 0:0:0:0:0:0:0:1 "GET /project/tree?ownId=3&rootId=3 HTTP/1.1" 200 (16 ms)
[26/Sep/2022:11:04:21 +0800] 0:0:0:0:0:0:0:1 "GET /project/tree?ownId=2&rootId=2 HTTP/1.1" 200 (18 ms)
[26/Sep/2022:11:04:23 +0800] 0:0:0:0:0:0:0:1 "GET /project/fetch?ownId=0 HTTP/1.1" 200 (28 ms)
[26/Sep/2022:11:05:30 +0800] 0:0:0:0:0:0:0:1 "GET /project/fetch?ownId=0 HTTP/1.1" 200 (61 ms)
[26/Sep/2022:11:05:30 +0800] 0:0:0:0:0:0:0:1 "GET /project/tree?ownId=2543997172191232&rootId=2543997172191232 HTTP/1.1" 200 (42 ms)
[26/Sep/2022:11:05:38 +0800] 0:0:0:0:0:0:0:1 "GET /project/tree?ownId=3&rootId=3 HTTP/1.1" 200 (23 ms)
[26/Sep/2022:11:05:41 +0800] 0:0:0:0:0:0:0:1 "GET /project/fetch?ownId=0 HTTP/1.1" 200 (40 ms)
[26/Sep/2022:11:05:43 +0800] 0:0:0:0:0:0:0:1 "GET /project/fetch?ownId=0 HTTP/1.1" 200 (38 ms)
[26/Sep/2022:11:05:43 +0800] 0:0:0:0:0:0:0:1 "GET /project/tree?ownId=2543997172191232&rootId=2543997172191232 HTTP/1.1" 200 (38 ms)
[26/Sep/2022:11:05:45 +0800] 0:0:0:0:0:0:0:1 "GET /project/tree?ownId=5342111822123008&rootId=5342111822123008 HTTP/1.1" 200 (24 ms)
[26/Sep/2022:11:05:53 +0800] 0:0:0:0:0:0:0:1 "GET /project/tree?ownId=2&rootId=2 HTTP/1.1" 200 (26 ms)
[26/Sep/2022:11:14:53 +0800] 0:0:0:0:0:0:0:1 "GET /project/tree?rootId=0 HTTP/1.1" 200 (41 ms)
[26/Sep/2022:11:14:53 +0800] 0:0:0:0:0:0:0:1 "GET /budget/division/tree2?ownId=0&selectId=2543997172191232 HTTP/1.1" 200 (51 ms)
[26/Sep/2022:11:14:54 +0800] 0:0:0:0:0:0:0:1 "GET /budget/division/machine/tree?ownId=2543997172191232&selectId=2543997172191232&rootId=2543997172191232 HTTP/1.1" 200 (27 ms)
[26/Sep/2022:11:15:25 +0800] 0:0:0:0:0:0:0:1 "GET /budget/division/machine/tree?ownId=5044374199209984&selectId=5044374199209984&rootId=5044374199209984 HTTP/1.1" 200 (30 ms)
[26/Sep/2022:11:18:12 +0800] 0:0:0:0:0:0:0:1 "GET /project/tree?rootId=0 HTTP/1.1" 200 (79 ms)
[26/Sep/2022:11:18:12 +0800] 0:0:0:0:0:0:0:1 "GET /report/project/tree2?ownId=0&selectId=2543997172191232 HTTP/1.1" 200 (87 ms)
[26/Sep/2022:11:18:20 +0800] 0:0:0:0:0:0:0:1 "GET /project/tree?rootId=0 HTTP/1.1" 200 (28 ms)
[26/Sep/2022:11:18:20 +0800] 0:0:0:0:0:0:0:1 "GET /budget/division/tree2?ownId=0&selectId=2543997172191232 HTTP/1.1" 200 (52 ms)
[26/Sep/2022:11:18:21 +0800] 0:0:0:0:0:0:0:1 "GET /budget/division/machine/tree?ownId=2543997172191232&selectId=2543997172191232&rootId=2543997172191232 HTTP/1.1" 200 (28 ms)
[26/Sep/2022:11:21:59 +0800] 0:0:0:0:0:0:0:1 "GET /budget/division/machine/tree?ownId=5044374748663808&selectId=5044374748663808&rootId=5044374748663808 HTTP/1.1" 200 (43 ms)
[26/Sep/2022:11:31:30 +0800] 0:0:0:0:0:0:0:1 "GET /dict/subpackage/fetch?rootId=0 HTTP/1.1" 200 (30 ms)
[26/Sep/2022:11:31:30 +0800] 0:0:0:0:0:0:0:1 "GET /report/subpackage/tree2 HTTP/1.1" 500 (83 ms)
[26/Sep/2022:11:34:04 +0800] 0:0:0:0:0:0:0:1 "GET /report/subpackage/tree2 HTTP/1.1" 500 (61 ms)
[26/Sep/2022:11:36:14 +0800] 0:0:0:0:0:0:0:1 "GET /report/subpackage/tree2 HTTP/1.1" 500 (52 ms)
[26/Sep/2022:11:42:11 +0800] 0:0:0:0:0:0:0:1 "GET /dict/subpackage/fetch?rootId=0 HTTP/1.1" 200 (26 ms)
[26/Sep/2022:11:42:11 +0800] 0:0:0:0:0:0:0:1 "GET /budget/division/machine/tree?ownId=4973770171355136&selectId=4973770171355136&rootId=4973770171355136 HTTP/1.1" 200 (28 ms)
[26/Sep/2022:11:42:24 +0800] 0:0:0:0:0:0:0:1 "GET /budget/division/machine/tree?ownId=4973770171355136&selectId=4973770171355136&rootId=4973770171355136 HTTP/1.1" 200 (23 ms)
[26/Sep/2022:11:45:18 +0800] 0:0:0:0:0:0:0:1 "GET /budget/division/machine/tree?ownId=4973770171355136&selectId=4973770171355136&rootId=4973770171355136 HTTP/1.1" 200 (30 ms)
[26/Sep/2022:11:45:18 +0800] 0:0:0:0:0:0:0:1 "GET /budget/division/machine/tree?ownId=4971518618636288&selectId=4971518618636288&rootId=4971518618636288 HTTP/1.1" 200 (21 ms)
[26/Sep/2022:11:45:35 +0800] 0:0:0:0:0:0:0:1 "GET /dict/subpackage/fetch?rootId=0 HTTP/1.1" 200 (10 ms)
[26/Sep/2022:11:45:35 +0800] 0:0:0:0:0:0:0:1 "GET /report/subpackage/tree2 HTTP/1.1" 500 (72 ms)
[26/Sep/2022:11:47:04 +0800] 0:0:0:0:0:0:0:1 "GET /dict/subpackage/fetch?rootId=0 HTTP/1.1" 200 (23 ms)
[26/Sep/2022:11:47:04 +0800] 0:0:0:0:0:0:0:1 "GET /budget/division/machine/tree?ownId=4973770171355136&selectId=4973770171355136&rootId=4973770171355136 HTTP/1.1" 200 (28 ms)
[26/Sep/2022:11:47:05 +0800] 0:0:0:0:0:0:0:1 "GET /budget/division/machine/tree?ownId=4973770171355136&selectId=4973770171355136&rootId=4973770171355136 HTTP/1.1" 200 (23 ms)
[26/Sep/2022:11:47:10 +0800] 0:0:0:0:0:0:0:1 "GET /budget/division/machine/tree?ownId=4973770171355136&selectId=4973770171355136&rootId=4973770171355136 HTTP/1.1" 200 (22 ms)
[26/Sep/2022:11:47:28 +0800] 0:0:0:0:0:0:0:1 "GET /dict/subpackage/fetch?rootId=0 HTTP/1.1" 200 (10 ms)
[26/Sep/2022:11:47:28 +0800] 0:0:0:0:0:0:0:1 "GET /report/subpackage/tree2 HTTP/1.1" 500 (88 ms)
[26/Sep/2022:11:47:42 +0800] 0:0:0:0:0:0:0:1 "GET /dict/subpackage/fetch?rootId=0 HTTP/1.1" 200 (12 ms)
[26/Sep/2022:11:47:42 +0800] 0:0:0:0:0:0:0:1 "GET /budget/division/machine/tree?ownId=4973770171355136&selectId=4973770171355136&rootId=4973770171355136 HTTP/1.1" 200 (27 ms)
[26/Sep/2022:11:47:52 +0800] 0:0:0:0:0:0:0:1 "GET /project/tree?rootId=0 HTTP/1.1" 200 (24 ms)
[26/Sep/2022:11:47:52 +0800] 0:0:0:0:0:0:0:1 "GET /budget/division/tree2?ownId=0&selectId=2543997172191232 HTTP/1.1" 200 (68 ms)
[26/Sep/2022:11:47:52 +0800] 0:0:0:0:0:0:0:1 "GET /budget/division/machine/tree?ownId=2543997172191232&selectId=2543997172191232&rootId=2543997172191232 HTTP/1.1" 200 (32 ms)
[26/Sep/2022:11:47:53 +0800] 0:0:0:0:0:0:0:1 "GET /budget/division/machine/tree?ownId=5044374778023936&selectId=5044374778023936&rootId=5044374778023936 HTTP/1.1" 200 (23 ms)
[26/Sep/2022:11:48:10 +0800] 0:0:0:0:0:0:0:1 "GET /budget/division/machine/tree?ownId=5044374748663808&selectId=5044374748663808&rootId=5044374748663808 HTTP/1.1" 200 (25 ms)
[26/Sep/2022:11:48:11 +0800] 0:0:0:0:0:0:0:1 "GET /budget/division/machine/tree?ownId=5044374778023936&selectId=5044374778023936&rootId=5044374778023936 HTTP/1.1" 200 (20 ms)
[26/Sep/2022:11:48:12 +0800] 0:0:0:0:0:0:0:1 "GET /budget/division/machine/tree?ownId=5044374836744192&selectId=5044374836744192&rootId=5044374836744192 HTTP/1.1" 200 (22 ms)
[26/Sep/2022:11:48:12 +0800] 0:0:0:0:0:0:0:1 "GET /budget/division/machine/tree?ownId=5044374748663808&selectId=5044374748663808&rootId=5044374748663808 HTTP/1.1" 200 (21 ms)
[26/Sep/2022:11:48:15 +0800] 0:0:0:0:0:0:0:1 "GET /budget/division/machine/tree?ownId=5044374778023936&selectId=5044374778023936&rootId=5044374778023936 HTTP/1.1" 200 (25 ms)
[26/Sep/2022:11:48:16 +0800] 0:0:0:0:0:0:0:1 "GET /budget/division/machine/tree?ownId=5044374748663808&selectId=5044374748663808&rootId=5044374748663808 HTTP/1.1" 200 (22 ms)
[26/Sep/2022:11:48:17 +0800] 0:0:0:0:0:0:0:1 "GET /budget/division/machine/tree?ownId=5044374778023936&selectId=5044374778023936&rootId=5044374778023936 HTTP/1.1" 200 (20 ms)
[26/Sep/2022:11:48:18 +0800] 0:0:0:0:0:0:0:1 "GET /budget/division/machine/tree?ownId=5044374836744192&selectId=5044374836744192&rootId=5044374836744192 HTTP/1.1" 200 (17 ms)
[26/Sep/2022:11:48:28 +0800] 0:0:0:0:0:0:0:1 "GET /budget/division/machine/tree?ownId=5044374962573312&selectId=5044374962573312&rootId=5044374962573312 HTTP/1.1" 200 (21 ms)
[26/Sep/2022:11:48:30 +0800] 0:0:0:0:0:0:0:1 "GET /budget/division/machine/tree?ownId=5044374748663808&selectId=5044374748663808&rootId=5044374748663808 HTTP/1.1" 200 (21 ms)
[26/Sep/2022:11:48:32 +0800] 0:0:0:0:0:0:0:1 "GET /budget/division/machine/tree?ownId=5044374778023936&selectId=5044374778023936&rootId=5044374778023936 HTTP/1.1" 200 (20 ms)
[26/Sep/2022:11:48:33 +0800] 0:0:0:0:0:0:0:1 "GET /budget/division/machine/tree?ownId=5044374836744192&selectId=5044374836744192&rootId=5044374836744192 HTTP/1.1" 200 (20 ms)
[26/Sep/2022:11:48:34 +0800] 0:0:0:0:0:0:0:1 "GET /budget/division/machine/tree?ownId=5044374861910016&selectId=5044374861910016&rootId=5044374861910016 HTTP/1.1" 200 (16 ms)
[26/Sep/2022:11:48:35 +0800] 0:0:0:0:0:0:0:1 "GET /budget/division/machine/tree?ownId=5044374836744192&selectId=5044374836744192&rootId=5044374836744192 HTTP/1.1" 200 (15 ms)
[26/Sep/2022:11:48:36 +0800] 0:0:0:0:0:0:0:1 "GET /budget/division/machine/tree?ownId=5044374778023936&selectId=5044374778023936&rootId=5044374778023936 HTTP/1.1" 200 (14 ms)
[26/Sep/2022:11:48:37 +0800] 0:0:0:0:0:0:0:1 "GET /budget/division/machine/tree?ownId=5044374748663808&selectId=5044374748663808&rootId=5044374748663808 HTTP/1.1" 200 (26 ms)
[26/Sep/2022:11:49:28 +0800] 0:0:0:0:0:0:0:1 "GET /budget/division/machine/tree?ownId=5044374836744192&selectId=5044374836744192&rootId=5044374836744192 HTTP/1.1" 200 (26 ms)
[26/Sep/2022:11:49:29 +0800] 0:0:0:0:0:0:0:1 "GET /budget/division/machine/tree?ownId=5044374778023936&selectId=5044374778023936&rootId=5044374778023936 HTTP/1.1" 200 (17 ms)
[26/Sep/2022:11:49:30 +0800] 0:0:0:0:0:0:0:1 "GET /budget/division/machine/tree?ownId=5044374748663808&selectId=5044374748663808&rootId=5044374748663808 HTTP/1.1" 200 (20 ms)
[26/Sep/2022:11:51:49 +0800] 0:0:0:0:0:0:0:1 "GET /dict/subpackage/fetch HTTP/1.1" 200 (23 ms)
[26/Sep/2022:11:52:01 +0800] 0:0:0:0:0:0:0:1 "OPTIONS /budget/division/machine/push HTTP/1.1" 200 (2 ms)
[26/Sep/2022:11:52:01 +0800] 0:0:0:0:0:0:0:1 "POST /budget/division/machine/push HTTP/1.1" 200 (10 ms)
[26/Sep/2022:11:52:32 +0800] 0:0:0:0:0:0:0:1 "GET /dict/subpackage/fetch HTTP/1.1" 200 (11 ms)
[26/Sep/2022:12:01:55 +0800] 0:0:0:0:0:0:0:1 "GET /budget/division/machine/tree?ownId=5044374778023936&selectId=5044374778023936&rootId=5044374778023936 HTTP/1.1" 200 (32 ms)
[26/Sep/2022:12:15:24 +0800] 0:0:0:0:0:0:0:1 "GET /budget/division/machine/tree?ownId=5044374778023936&selectId=5044374778023936&rootId=5044374778023936 HTTP/1.1" 200 (29 ms)
[26/Sep/2022:12:15:25 +0800] 0:0:0:0:0:0:0:1 "GET /budget/division/machine/tree?ownId=5044374778023936&selectId=5044374778023936&rootId=5044374778023936 HTTP/1.1" 200 (24 ms)
[26/Sep/2022:12:15:27 +0800] 0:0:0:0:0:0:0:1 "GET /budget/division/machine/tree?ownId=5044374778023936&selectId=5044374778023936&rootId=5044374778023936 HTTP/1.1" 200 (17 ms)
[26/Sep/2022:12:15:27 +0800] 0:0:0:0:0:0:0:1 "GET /budget/division/machine/tree?ownId=5044374778023936&selectId=5044374778023936&rootId=5044374778023936 HTTP/1.1" 200 (16 ms)
[26/Sep/2022:12:15:32 +0800] 0:0:0:0:0:0:0:1 "GET /budget/division/machine/tree?ownId=5044374778023936&selectId=5044374778023936&rootId=5044374778023936 HTTP/1.1" 200 (18 ms)
[26/Sep/2022:12:20:38 +0800] 0:0:0:0:0:0:0:1 "GET /budget/division/machine/tree?ownId=2543997172191232&selectId=2543997172191232&rootId=2543997172191232 HTTP/1.1" 200 (30 ms)
[26/Sep/2022:12:20:38 +0800] 0:0:0:0:0:0:0:1 "GET /budget/division/machine/tree?ownId=2543997172191232&selectId=2543997172191232&rootId=2543997172191232 HTTP/1.1" 200 (21 ms)
[26/Sep/2022:12:23:24 +0800] 0:0:0:0:0:0:0:1 "GET /project/fetch?ownId=0 HTTP/1.1" 200 (37 ms)
[26/Sep/2022:12:23:26 +0800] 0:0:0:0:0:0:0:1 "GET /project/tree?rootId=0 HTTP/1.1" 200 (31 ms)
[26/Sep/2022:12:23:26 +0800] 0:0:0:0:0:0:0:1 "GET /budget/division/tree2?ownId=0&selectId=2543997172191232 HTTP/1.1" 200 (58 ms)
[26/Sep/2022:12:23:26 +0800] 0:0:0:0:0:0:0:1 "GET /budget/division/machine/tree?ownId=2543997172191232&selectId=2543997172191232&rootId=2543997172191232 HTTP/1.1" 200 (28 ms)
[26/Sep/2022:12:23:57 +0800] 0:0:0:0:0:0:0:1 "GET /project/fetch?ownId=0 HTTP/1.1" 200 (20 ms)
[26/Sep/2022:12:24:05 +0800] 0:0:0:0:0:0:0:1 "GET /project/tree?rootId=0 HTTP/1.1" 200 (30 ms)
[26/Sep/2022:12:24:06 +0800] 0:0:0:0:0:0:0:1 "GET /budget/division/tree2?ownId=0&selectId=2543997172191232 HTTP/1.1" 200 (67 ms)
[26/Sep/2022:12:24:06 +0800] 0:0:0:0:0:0:0:1 "GET /budget/division/machine/tree?ownId=2543997172191232&selectId=2543997172191232&rootId=2543997172191232 HTTP/1.1" 200 (31 ms)
[26/Sep/2022:12:24:12 +0800] 0:0:0:0:0:0:0:1 "GET /project/fetch?ownId=0 HTTP/1.1" 200 (20 ms)
[26/Sep/2022:12:29:15 +0800] 0:0:0:0:0:0:0:1 "GET /dict/subpackage/fetch?rootId=0 HTTP/1.1" 200 (25 ms)
[26/Sep/2022:12:29:15 +0800] 0:0:0:0:0:0:0:1 "GET /budget/division/machine/tree?ownId=4973770171355136&selectId=4973770171355136&rootId=4973770171355136 HTTP/1.1" 200 (38 ms)
[26/Sep/2022:13:28:13 +0800] 0:0:0:0:0:0:0:1 "GET /dict/subpackage/fetch?rootId=0 HTTP/1.1" 200 (114 ms)
[26/Sep/2022:13:28:13 +0800] 0:0:0:0:0:0:0:1 "GET /budget/division/machine/tree?ownId=4973770171355136&selectId=4973770171355136&rootId=4973770171355136 HTTP/1.1" 200 (22 ms)
[26/Sep/2022:13:28:20 +0800] 0:0:0:0:0:0:0:1 "GET /dict/subpackage/fetch?rootId=0 HTTP/1.1" 200 (9 ms)
[26/Sep/2022:13:28:21 +0800] 0:0:0:0:0:0:0:1 "GET /report/subpackage/tree2 HTTP/1.1" 500 (65 ms)
[26/Sep/2022:13:42:38 +0800] 0:0:0:0:0:0:0:1 "GET /dict/subpackage/fetch?rootId=0 HTTP/1.1" 200 (27 ms)
[26/Sep/2022:13:42:38 +0800] 0:0:0:0:0:0:0:1 "GET /budget/division/machine/tree?ownId=4973770171355136&selectId=4973770171355136&rootId=4973770171355136 HTTP/1.1" 200 (19 ms)
[26/Sep/2022:13:42:39 +0800] 0:0:0:0:0:0:0:1 "GET /budget/division/machine/tree?ownId=4973770171355136&selectId=4973770171355136&rootId=4973770171355136 HTTP/1.1" 200 (19 ms)
[26/Sep/2022:13:44:04 +0800] 0:0:0:0:0:0:0:1 "GET /dict/subpackage/fetch?rootId=0 HTTP/1.1" 200 (19 ms)
[26/Sep/2022:13:44:04 +0800] 0:0:0:0:0:0:0:1 "GET /report/subpackage/tree2 HTTP/1.1" 500 (58 ms)
[26/Sep/2022:15:15:59 +0800] 0:0:0:0:0:0:0:1 "GET /dict/subpackage/fetch?rootId=0 HTTP/1.1" 200 (1606 ms)
[26/Sep/2022:15:15:59 +0800] 0:0:0:0:0:0:0:1 "GET /report/subpackage/tree2 HTTP/1.1" 500 (182 ms)
[26/Sep/2022:15:16:19 +0800] 0:0:0:0:0:0:0:1 "GET /project/tree?rootId=0 HTTP/1.1" 200 (52 ms)
[26/Sep/2022:15:16:19 +0800] 0:0:0:0:0:0:0:1 "GET /report/project/tree2?ownId=0&selectId=2543997172191232 HTTP/1.1" 200 (70 ms)
[26/Sep/2022:15:16:28 +0800] 0:0:0:0:0:0:0:1 "GET /dict/subpackage/fetch?rootId=0 HTTP/1.1" 200 (15 ms)
[26/Sep/2022:15:16:28 +0800] 0:0:0:0:0:0:0:1 "GET /report/subpackage/tree2 HTTP/1.1" 500 (60 ms)
[26/Sep/2022:17:43:38 +0800] 0:0:0:0:0:0:0:1 "GET /dict/subpackage/fetch?rootId=0 HTTP/1.1" 200 (1739 ms)
[26/Sep/2022:17:43:38 +0800] 0:0:0:0:0:0:0:1 "GET /report/subpackage/tree2 HTTP/1.1" 500 (155 ms)
[26/Sep/2022:17:47:26 +0800] 0:0:0:0:0:0:0:1 "GET /dict/subpackage/fetch?rootId=0 HTTP/1.1" 200 (35 ms)
[26/Sep/2022:17:47:26 +0800] 0:0:0:0:0:0:0:1 "GET /report/subpackage/tree2 HTTP/1.1" 500 (79 ms)
[26/Sep/2022:17:48:03 +0800] 0:0:0:0:0:0:0:1 "GET /dict/subpackage/fetch?rootId=0 HTTP/1.1" 200 (25 ms)
[26/Sep/2022:17:48:03 +0800] 0:0:0:0:0:0:0:1 "GET /report/subpackage/tree2 HTTP/1.1" 500 (80 ms)
[26/Sep/2022:17:49:07 +0800] 0:0:0:0:0:0:0:1 "GET /dict/subpackage/fetch?rootId=0 HTTP/1.1" 200 (38 ms)
[26/Sep/2022:17:49:07 +0800] 0:0:0:0:0:0:0:1 "GET /report/subpackage/tree2 HTTP/1.1" 500 (96 ms)
[26/Sep/2022:17:52:01 +0800] 0:0:0:0:0:0:0:1 "GET /dict/subpackage/fetch?rootId=0 HTTP/1.1" 200 (34 ms)
[26/Sep/2022:17:52:01 +0800] 0:0:0:0:0:0:0:1 "GET /report/subpackage/tree2 HTTP/1.1" 500 (67 ms)
[26/Sep/2022:17:53:44 +0800] 0:0:0:0:0:0:0:1 "GET /dict/subpackage/fetch?rootId=0 HTTP/1.1" 200 (34 ms)
[26/Sep/2022:17:53:44 +0800] 0:0:0:0:0:0:0:1 "GET /report/subpackage/tree2 HTTP/1.1" 500 (70 ms)
[26/Sep/2022:17:57:02 +0800] 0:0:0:0:0:0:0:1 "GET /dict/subpackage/fetch?rootId=0 HTTP/1.1" 200 (26 ms)
[26/Sep/2022:17:57:02 +0800] 0:0:0:0:0:0:0:1 "GET /report/subpackage/tree2 HTTP/1.1" 500 (94 ms)
[26/Sep/2022:17:59:07 +0800] 0:0:0:0:0:0:0:1 "GET /dict/subpackage/fetch?rootId=0 HTTP/1.1" 200 (25 ms)
[26/Sep/2022:17:59:07 +0800] 0:0:0:0:0:0:0:1 "GET /report/subpackage/tree2 HTTP/1.1" 500 (85 ms)
[26/Sep/2022:17:59:36 +0800] 0:0:0:0:0:0:0:1 "GET /dict/subpackage/fetch?rootId=0 HTTP/1.1" 200 (16 ms)
[26/Sep/2022:17:59:37 +0800] 0:0:0:0:0:0:0:1 "GET /report/subpackage/tree2 HTTP/1.1" 500 (68 ms)
[26/Sep/2022:18:00:58 +0800] 0:0:0:0:0:0:0:1 "GET /dict/subpackage/fetch?rootId=0 HTTP/1.1" 200 (26 ms)
[26/Sep/2022:18:00:58 +0800] 0:0:0:0:0:0:0:1 "GET /report/subpackage/tree2 HTTP/1.1" 500 (68 ms)
[26/Sep/2022:18:06:56 +0800] 0:0:0:0:0:0:0:1 "GET /dict/subpackage/fetch?rootId=0 HTTP/1.1" 200 (25 ms)
[26/Sep/2022:18:06:57 +0800] 0:0:0:0:0:0:0:1 "GET /report/subpackage/tree2 HTTP/1.1" 500 (71 ms)
[26/Sep/2022:18:20:30 +0800] 0:0:0:0:0:0:0:1 "GET /dict/subpackage/fetch?rootId=0 HTTP/1.1" 200 (44 ms)
[26/Sep/2022:18:20:30 +0800] 0:0:0:0:0:0:0:1 "GET /report/subpackage/tree2 HTTP/1.1" 500 (77 ms)
[26/Sep/2022:18:21:15 +0800] 0:0:0:0:0:0:0:1 "GET /dict/subpackage/fetch?rootId=0 HTTP/1.1" 200 (16 ms)
[26/Sep/2022:18:21:15 +0800] 0:0:0:0:0:0:0:1 "GET /report/subpackage/tree2 HTTP/1.1" 500 (96 ms)
[26/Sep/2022:18:26:08 +0800] 0:0:0:0:0:0:0:1 "GET /dict/subpackage/fetch?rootId=0 HTTP/1.1" 200 (27 ms)
[26/Sep/2022:18:26:08 +0800] 0:0:0:0:0:0:0:1 "GET /report/subpackage/tree2 HTTP/1.1" 500 (66 ms)
[26/Sep/2022:18:37:05 +0800] 0:0:0:0:0:0:0:1 "GET /dict/subpackage/fetch?rootId=0 HTTP/1.1" 200 (32 ms)
[26/Sep/2022:18:50:00 +0800] 0:0:0:0:0:0:0:1 "GET /dict/subpackage/fetch?rootId=0 HTTP/1.1" 200 (29 ms)
[26/Sep/2022:18:51:27 +0800] 0:0:0:0:0:0:0:1 "GET /dict/subpackage/fetch?rootId=0 HTTP/1.1" 200 (28 ms)
[26/Sep/2022:18:51:49 +0800] 0:0:0:0:0:0:0:1 "GET /dict/subpackage/fetch?rootId=0 HTTP/1.1" 200 (14 ms)
[26/Sep/2022:18:52:14 +0800] 0:0:0:0:0:0:0:1 "GET /dict/subpackage/fetch?rootId=0 HTTP/1.1" 200 (15 ms)
[26/Sep/2022:18:55:58 +0800] 0:0:0:0:0:0:0:1 "GET /dict/subpackage/fetch?rootId=0 HTTP/1.1" 200 (25 ms)
[26/Sep/2022:18:57:35 +0800] 0:0:0:0:0:0:0:1 "GET /dict/subpackage/fetch?rootId=0 HTTP/1.1" 200 (34 ms)
[26/Sep/2022:18:57:36 +0800] 0:0:0:0:0:0:0:1 "GET /project/fetch HTTP/1.1" 200 (235 ms)
[26/Sep/2022:18:58:11 +0800] 0:0:0:0:0:0:0:1 "GET /dict/subpackage/fetch?rootId=0 HTTP/1.1" 200 (13 ms)
[26/Sep/2022:18:58:11 +0800] 0:0:0:0:0:0:0:1 "GET /project/fetch HTTP/1.1" 200 (99 ms)
[26/Sep/2022:18:58:22 +0800] 0:0:0:0:0:0:0:1 "GET /dict/subpackage/fetch?rootId=0 HTTP/1.1" 200 (20 ms)
[26/Sep/2022:18:58:23 +0800] 0:0:0:0:0:0:0:1 "GET /project/fetch HTTP/1.1" 200 (40 ms)
[26/Sep/2022:18:59:31 +0800] 0:0:0:0:0:0:0:1 "GET /dict/subpackage/fetch?rootId=0 HTTP/1.1" 200 (27 ms)
[26/Sep/2022:18:59:32 +0800] 0:0:0:0:0:0:0:1 "GET /project/fetch HTTP/1.1" 200 (33 ms)
[26/Sep/2022:18:59:56 +0800] 0:0:0:0:0:0:0:1 "GET /dict/subpackage/fetch?rootId=0 HTTP/1.1" 200 (16 ms)
[26/Sep/2022:18:59:56 +0800] 0:0:0:0:0:0:0:1 "GET /project/fetch HTTP/1.1" 200 (29 ms)
[26/Sep/2022:19:01:54 +0800] 0:0:0:0:0:0:0:1 "GET /dict/subpackage/fetch?rootId=0 HTTP/1.1" 200 (36 ms)
[26/Sep/2022:19:01:55 +0800] 0:0:0:0:0:0:0:1 "GET /project/fetch HTTP/1.1" 200 (55 ms)
[26/Sep/2022:19:03:02 +0800] 0:0:0:0:0:0:0:1 "GET /dict/subpackage/fetch?rootId=0 HTTP/1.1" 200 (26 ms)
[26/Sep/2022:19:03:02 +0800] 0:0:0:0:0:0:0:1 "GET /project/fetch HTTP/1.1" 200 (51 ms)
[26/Sep/2022:19:04:13 +0800] 0:0:0:0:0:0:0:1 "GET /dict/subpackage/fetch?rootId=0 HTTP/1.1" 200 (30 ms)
[26/Sep/2022:19:04:13 +0800] 0:0:0:0:0:0:0:1 "GET /project/fetch HTTP/1.1" 200 (46 ms)
[26/Sep/2022:19:05:16 +0800] 0:0:0:0:0:0:0:1 "GET /dict/subpackage/fetch?rootId=0 HTTP/1.1" 200 (18 ms)
[26/Sep/2022:19:05:17 +0800] 0:0:0:0:0:0:0:1 "GET /project/fetch HTTP/1.1" 200 (57 ms)
[26/Sep/2022:19:06:27 +0800] 0:0:0:0:0:0:0:1 "GET /dict/subpackage/fetch?rootId=0 HTTP/1.1" 200 (19 ms)
[26/Sep/2022:19:06:27 +0800] 0:0:0:0:0:0:0:1 "GET /project/fetch HTTP/1.1" 200 (47 ms)
[26/Sep/2022:19:07:26 +0800] 0:0:0:0:0:0:0:1 "GET /dict/subpackage/fetch?rootId=0 HTTP/1.1" 200 (13 ms)
[26/Sep/2022:19:07:26 +0800] 0:0:0:0:0:0:0:1 "GET /project/fetch HTTP/1.1" 200 (31 ms)
[26/Sep/2022:19:08:01 +0800] 0:0:0:0:0:0:0:1 "GET /dict/subpackage/fetch?rootId=0 HTTP/1.1" 200 (18 ms)
[26/Sep/2022:19:08:01 +0800] 0:0:0:0:0:0:0:1 "GET /project/fetch HTTP/1.1" 200 (65 ms)
[26/Sep/2022:19:09:57 +0800] 0:0:0:0:0:0:0:1 "GET /dict/subpackage/fetch?rootId=0 HTTP/1.1" 200 (26 ms)
[26/Sep/2022:19:09:57 +0800] 0:0:0:0:0:0:0:1 "GET /project/fetch HTTP/1.1" 200 (56 ms)
[26/Sep/2022:19:12:02 +0800] 0:0:0:0:0:0:0:1 "GET /dict/subpackage/fetch?rootId=0 HTTP/1.1" 200 (34 ms)
[26/Sep/2022:19:12:02 +0800] 0:0:0:0:0:0:0:1 "GET /project/fetch HTTP/1.1" 200 (58 ms)
[26/Sep/2022:19:13:10 +0800] 0:0:0:0:0:0:0:1 "GET /dict/subpackage/fetch?rootId=0 HTTP/1.1" 200 (37 ms)
[26/Sep/2022:19:13:10 +0800] 0:0:0:0:0:0:0:1 "GET /project/fetch HTTP/1.1" 200 (57 ms)
[26/Sep/2022:20:01:43 +0800] 0:0:0:0:0:0:0:1 "GET /dict/subpackage/fetch?rootId=0 HTTP/1.1" 200 (306 ms)
[26/Sep/2022:20:01:43 +0800] 0:0:0:0:0:0:0:1 "GET /project/fetch HTTP/1.1" 200 (26 ms)
[26/Sep/2022:20:02:24 +0800] 0:0:0:0:0:0:0:1 "GET /dict/subpackage/fetch?rootId=0 HTTP/1.1" 200 (22 ms)
[26/Sep/2022:20:02:24 +0800] 0:0:0:0:0:0:0:1 "GET /project/fetch HTTP/1.1" 200 (72 ms)
[26/Sep/2022:20:03:49 +0800] 0:0:0:0:0:0:0:1 "GET /dict/subpackage/fetch?rootId=0 HTTP/1.1" 200 (31 ms)
[26/Sep/2022:20:03:49 +0800] 0:0:0:0:0:0:0:1 "GET /project/fetch HTTP/1.1" 200 (48 ms)
[26/Sep/2022:20:04:27 +0800] 0:0:0:0:0:0:0:1 "GET /dict/subpackage/fetch?rootId=0 HTTP/1.1" 200 (25 ms)
[26/Sep/2022:20:04:27 +0800] 0:0:0:0:0:0:0:1 "GET /project/fetch HTTP/1.1" 200 (43 ms)
[26/Sep/2022:20:07:09 +0800] 0:0:0:0:0:0:0:1 "GET /dict/subpackage/fetch?rootId=0 HTTP/1.1" 200 (218 ms)
[26/Sep/2022:20:07:09 +0800] 0:0:0:0:0:0:0:1 "GET /project/fetch HTTP/1.1" 200 (32 ms)
[26/Sep/2022:20:08:44 +0800] 0:0:0:0:0:0:0:1 "GET /dict/subpackage/fetch?rootId=0 HTTP/1.1" 200 (40 ms)
[26/Sep/2022:20:08:44 +0800] 0:0:0:0:0:0:0:1 "GET /project/fetch HTTP/1.1" 200 (64 ms)
[26/Sep/2022:20:09:13 +0800] 0:0:0:0:0:0:0:1 "GET /dict/subpackage/fetch?rootId=0 HTTP/1.1" 200 (18 ms)
[26/Sep/2022:20:09:14 +0800] 0:0:0:0:0:0:0:1 "GET /project/fetch HTTP/1.1" 200 (38 ms)
[26/Sep/2022:20:11:44 +0800] 0:0:0:0:0:0:0:1 "GET /dict/subpackage/fetch?rootId=0 HTTP/1.1" 200 (26 ms)
[26/Sep/2022:20:11:44 +0800] 0:0:0:0:0:0:0:1 "GET /project/fetch HTTP/1.1" 200 (55 ms)
[26/Sep/2022:20:11:44 +0800] 0:0:0:0:0:0:0:1 "GET /report/subpackage/tree2?projectId=2543997172191232 HTTP/1.1" 500 (87 ms)
[26/Sep/2022:20:13:24 +0800] 0:0:0:0:0:0:0:1 "GET /dict/subpackage/fetch?rootId=0 HTTP/1.1" 200 (24 ms)
[26/Sep/2022:20:13:24 +0800] 0:0:0:0:0:0:0:1 "GET /project/fetch?subpackageId=4973770171355136 HTTP/1.1" 200 (24 ms)
[26/Sep/2022:20:13:24 +0800] 0:0:0:0:0:0:0:1 "GET /report/subpackage/tree2?subpackageId=4973770171355136&projectId=2543997172191232 HTTP/1.1" 500 (81 ms)
[26/Sep/2022:20:13:39 +0800] 0:0:0:0:0:0:0:1 "GET /dict/subpackage/fetch?rootId=0 HTTP/1.1" 200 (17 ms)
[26/Sep/2022:20:13:39 +0800] 0:0:0:0:0:0:0:1 "GET /project/fetch?subpackageId=4973770171355136 HTTP/1.1" 200 (62 ms)
[26/Sep/2022:20:13:39 +0800] 0:0:0:0:0:0:0:1 "GET /report/subpackage/tree2?subpackageId=4973770171355136&projectId=2543997172191232 HTTP/1.1" 500 (93 ms)
[26/Sep/2022:20:13:49 +0800] 0:0:0:0:0:0:0:1 "GET /project/fetch?subpackageId=4973770171355136 HTTP/1.1" 200 (28 ms)
[26/Sep/2022:20:13:49 +0800] 0:0:0:0:0:0:0:1 "GET /report/subpackage/tree2?subpackageId=4973770171355136&projectId=2543997172191232 HTTP/1.1" 500 (45 ms)
[26/Sep/2022:20:14:32 +0800] 0:0:0:0:0:0:0:1 "GET /dict/subpackage/fetch?rootId=0 HTTP/1.1" 200 (10 ms)
[26/Sep/2022:20:14:33 +0800] 0:0:0:0:0:0:0:1 "GET /project/fetch?subpackageId=4973770171355136 HTTP/1.1" 200 (60 ms)
[26/Sep/2022:20:14:33 +0800] 0:0:0:0:0:0:0:1 "GET /report/subpackage/tree2?subpackageId=4973770171355136&projectId=2543997172191232 HTTP/1.1" 500 (106 ms)
[26/Sep/2022:20:14:36 +0800] 0:0:0:0:0:0:0:1 "GET /dict/subpackage/fetch?rootId=0 HTTP/1.1" 200 (21 ms)
[26/Sep/2022:20:14:38 +0800] 0:0:0:0:0:0:0:1 "GET /project/fetch?subpackageId=4973770171355136 HTTP/1.1" 200 (39 ms)
[26/Sep/2022:20:14:38 +0800] 0:0:0:0:0:0:0:1 "GET /report/subpackage/tree2?subpackageId=4973770171355136&projectId=2543997172191232 HTTP/1.1" 500 (60 ms)
[26/Sep/2022:20:14:49 +0800] 0:0:0:0:0:0:0:1 "GET /dict/subpackage/fetch?rootId=0 HTTP/1.1" 200 (13 ms)
[26/Sep/2022:20:14:51 +0800] 0:0:0:0:0:0:0:1 "GET /project/fetch?subpackageId=4973770171355136 HTTP/1.1" 200 (42 ms)
[26/Sep/2022:20:14:53 +0800] 0:0:0:0:0:0:0:1 "GET /dict/subpackage/fetch?rootId=0 HTTP/1.1" 200 (14 ms)
[26/Sep/2022:20:14:55 +0800] 0:0:0:0:0:0:0:1 "GET /project/fetch?subpackageId=4973770171355136 HTTP/1.1" 200 (34 ms)
[26/Sep/2022:20:14:55 +0800] 0:0:0:0:0:0:0:1 "GET /report/subpackage/tree2?subpackageId=4973770171355136&projectId=2543997172191232 HTTP/1.1" 500 (61 ms)
[26/Sep/2022:20:15:02 +0800] 0:0:0:0:0:0:0:1 "GET /dict/subpackage/fetch?rootId=0 HTTP/1.1" 200 (19 ms)
[26/Sep/2022:20:15:12 +0800] 0:0:0:0:0:0:0:1 "GET /project/fetch?subpackageId=4973770171355136 HTTP/1.1" 200 (48 ms)
[26/Sep/2022:20:15:15 +0800] 0:0:0:0:0:0:0:1 "GET /dict/subpackage/fetch?rootId=0 HTTP/1.1" 200 (21 ms)
[26/Sep/2022:20:15:15 +0800] 0:0:0:0:0:0:0:1 "GET /project/fetch?subpackageId=4973770171355136 HTTP/1.1" 200 (70 ms)
[26/Sep/2022:20:15:15 +0800] 0:0:0:0:0:0:0:1 "GET /report/subpackage/tree2?subpackageId=4973770171355136&projectId=2543997172191232 HTTP/1.1" 500 (91 ms)
[26/Sep/2022:20:18:14 +0800] 0:0:0:0:0:0:0:1 "GET /project/tree?rootId=0 HTTP/1.1" 200 (50 ms)
[26/Sep/2022:20:18:15 +0800] 0:0:0:0:0:0:0:1 "GET /report/project/tree2?ownId=0&selectId=2543997172191232 HTTP/1.1" 200 (83 ms)
[26/Sep/2022:20:18:28 +0800] 0:0:0:0:0:0:0:1 "GET /report/project/tree2?ownId=0&selectId=2543997172191232 HTTP/1.1" 200 (51 ms)
[26/Sep/2022:20:18:34 +0800] 0:0:0:0:0:0:0:1 "GET /report/project/tree2?ownId=0&selectId=3 HTTP/1.1" 200 (69 ms)
[26/Sep/2022:20:21:53 +0800] 0:0:0:0:0:0:0:1 "GET /project/tree?rootId=0 HTTP/1.1" 200 (48 ms)
[26/Sep/2022:20:21:53 +0800] 0:0:0:0:0:0:0:1 "GET /report/project/tree2?ownId=0&projectId=2543997172191232 HTTP/1.1" 500 (12 ms)
[26/Sep/2022:20:32:37 +0800] 0:0:0:0:0:0:0:1 "GET /project/tree?rootId=0 HTTP/1.1" 200 (44 ms)
[26/Sep/2022:20:32:37 +0800] 0:0:0:0:0:0:0:1 "GET /report/project/tree2?ownId=0&projectId=2543997172191232 HTTP/1.1" 500 (10 ms)
[26/Sep/2022:20:32:43 +0800] 0:0:0:0:0:0:0:1 "GET /dict/subpackage/fetch?rootId=0 HTTP/1.1" 500 (215 ms)
[26/Sep/2022:20:32:46 +0800] 0:0:0:0:0:0:0:1 "GET /project/tree?rootId=0 HTTP/1.1" 200 (28 ms)
[26/Sep/2022:20:32:46 +0800] 0:0:0:0:0:0:0:1 "GET /report/project/tree2?ownId=0&projectId=2543997172191232 HTTP/1.1" 500 (8 ms)
[26/Sep/2022:20:33:25 +0800] 0:0:0:0:0:0:0:1 "GET /project/tree?rootId=0 HTTP/1.1" 200 (1351 ms)
[26/Sep/2022:20:33:25 +0800] 0:0:0:0:0:0:0:1 "GET /report/project/tree2?ownId=0&projectId=2543997172191232 HTTP/1.1" 200 (115 ms)
[26/Sep/2022:20:33:34 +0800] 0:0:0:0:0:0:0:1 "GET /project/tree?rootId=0 HTTP/1.1" 200 (53 ms)
[26/Sep/2022:20:33:35 +0800] 0:0:0:0:0:0:0:1 "GET /report/project/tree2?ownId=0&projectId=2543997172191232&cmd=sj HTTP/1.1" 200 (78 ms)
[26/Sep/2022:20:33:36 +0800] 0:0:0:0:0:0:0:1 "GET /project/tree?rootId=0 HTTP/1.1" 200 (31 ms)
[26/Sep/2022:20:33:36 +0800] 0:0:0:0:0:0:0:1 "GET /report/project/tree2?ownId=0&projectId=2543997172191232&cmd=ys HTTP/1.1" 200 (93 ms)
[26/Sep/2022:20:33:38 +0800] 0:0:0:0:0:0:0:1 "GET /dict/subpackage/fetch?rootId=0 HTTP/1.1" 500 (144 ms)
[26/Sep/2022:20:34:55 +0800] 0:0:0:0:0:0:0:1 "GET /dict/subpackage/fetch?rootId=0 HTTP/1.1" 200 (37 ms)
[26/Sep/2022:20:34:55 +0800] 0:0:0:0:0:0:0:1 "GET /project/fetch HTTP/1.1" 200 (34 ms)
[26/Sep/2022:20:34:55 +0800] 0:0:0:0:0:0:0:1 "GET /report/subpackage/tree2?projectId=2543997172191232 HTTP/1.1" 500 (92 ms)
