[19/Sep/2022:08:45:48 +0800] 0:0:0:0:0:0:0:1 "POST /system/token HTTP/1.1" 200 (132 ms)
[19/Sep/2022:08:45:48 +0800] 0:0:0:0:0:0:0:1 "GET /system/menu HTTP/1.1" 200 (77 ms)
[19/Sep/2022:08:51:13 +0800] 0:0:0:0:0:0:0:1 "GET /project/fetch?ownId=0 HTTP/1.1" 200 (1287 ms)
[19/Sep/2022:08:51:18 +0800] 0:0:0:0:0:0:0:1 "GET /project/tree?rootId=0 HTTP/1.1" 200 (34 ms)
[19/Sep/2022:08:51:18 +0800] 0:0:0:0:0:0:0:1 "GET /budget/tree2?ownId=0&selectId=2543997172191232 HTTP/1.1" 200 (50 ms)
[19/Sep/2022:08:51:22 +0800] 0:0:0:0:0:0:0:1 "GET /budget/tree2?ownId=0&selectId=2 HTTP/1.1" 200 (52 ms)
[19/Sep/2022:08:51:24 +0800] 0:0:0:0:0:0:0:1 "GET /budget/tree2?ownId=0&selectId=2 HTTP/1.1" 200 (55 ms)
[19/Sep/2022:09:08:07 +0800] 0:0:0:0:0:0:0:1 "GET /project/tree?rootId=0 HTTP/1.1" 200 (48 ms)
[19/Sep/2022:09:08:07 +0800] 0:0:0:0:0:0:0:1 "GET /budget/tree2?ownId=0&selectId=2543997172191232 HTTP/1.1" 200 (75 ms)
[19/Sep/2022:09:08:14 +0800] 0:0:0:0:0:0:0:1 "GET /budget/tree2?ownId=0&selectId=2 HTTP/1.1" 200 (42 ms)
[19/Sep/2022:09:08:15 +0800] 0:0:0:0:0:0:0:1 "GET /budget/tree2?ownId=2&selectId=9 HTTP/1.1" 200 (50 ms)
[19/Sep/2022:09:08:21 +0800] 0:0:0:0:0:0:0:1 "GET /budget/tree2?ownId=2&selectId=11 HTTP/1.1" 200 (39 ms)
[19/Sep/2022:09:08:22 +0800] 0:0:0:0:0:0:0:1 "GET /budget/tree2?ownId=2&selectId=8 HTTP/1.1" 200 (34 ms)
[19/Sep/2022:09:08:22 +0800] 0:0:0:0:0:0:0:1 "GET /budget/tree2?ownId=2&selectId=11 HTTP/1.1" 200 (38 ms)
[19/Sep/2022:09:08:23 +0800] 0:0:0:0:0:0:0:1 "GET /budget/tree2?ownId=2&selectId=9 HTTP/1.1" 200 (41 ms)
[19/Sep/2022:09:08:44 +0800] 0:0:0:0:0:0:0:1 "GET /project/tree?rootId=0 HTTP/1.1" 200 (24 ms)
[19/Sep/2022:09:08:44 +0800] 0:0:0:0:0:0:0:1 "GET /budget/tree2?ownId=0&selectId=2543997172191232 HTTP/1.1" 200 (63 ms)
[19/Sep/2022:09:08:45 +0800] 0:0:0:0:0:0:0:1 "GET /budget/tree2?ownId=0&selectId=2 HTTP/1.1" 200 (40 ms)
[19/Sep/2022:09:10:02 +0800] 0:0:0:0:0:0:0:1 "GET /project/tree?rootId=0 HTTP/1.1" 200 (32 ms)
[19/Sep/2022:09:10:02 +0800] 0:0:0:0:0:0:0:1 "GET /budget/tree2?ownId=0&selectId=2543997172191232 HTTP/1.1" 200 (70 ms)
[19/Sep/2022:09:10:04 +0800] 0:0:0:0:0:0:0:1 "GET /budget/tree2?ownId=0&selectId=2 HTTP/1.1" 200 (39 ms)
[19/Sep/2022:09:10:05 +0800] 0:0:0:0:0:0:0:1 "GET /budget/tree2?ownId=2&selectId=9 HTTP/1.1" 200 (39 ms)
[19/Sep/2022:09:10:06 +0800] 0:0:0:0:0:0:0:1 "GET /budget/tree2?ownId=0&selectId=2 HTTP/1.1" 200 (37 ms)
[19/Sep/2022:09:10:07 +0800] 0:0:0:0:0:0:0:1 "GET /budget/tree2?ownId=0&selectId=2 HTTP/1.1" 200 (37 ms)
[19/Sep/2022:09:10:08 +0800] 0:0:0:0:0:0:0:1 "GET /budget/tree2?ownId=2&selectId=9 HTTP/1.1" 200 (36 ms)
[19/Sep/2022:09:13:14 +0800] 0:0:0:0:0:0:0:1 "GET /budget/tree2?ownId=0&selectId=2 HTTP/1.1" 200 (42 ms)
[19/Sep/2022:10:07:49 +0800] 0:0:0:0:0:0:0:1 "GET /project/tree?rootId=0 HTTP/1.1" 200 (137 ms)
[19/Sep/2022:10:07:49 +0800] 0:0:0:0:0:0:0:1 "GET /budget/tree2?ownId=0&selectId=2543997172191232 HTTP/1.1" 200 (54 ms)
[19/Sep/2022:10:07:51 +0800] 0:0:0:0:0:0:0:1 "GET /budget/tree2?ownId=0&selectId=2 HTTP/1.1" 200 (40 ms)
[19/Sep/2022:10:07:52 +0800] 0:0:0:0:0:0:0:1 "GET /budget/tree2?ownId=0&selectId=3 HTTP/1.1" 200 (34 ms)
[19/Sep/2022:10:07:54 +0800] 0:0:0:0:0:0:0:1 "GET /budget/tree2?ownId=0&selectId=2543997172191232 HTTP/1.1" 200 (31 ms)
[19/Sep/2022:10:07:55 +0800] 0:0:0:0:0:0:0:1 "GET /budget/tree2?ownId=3&selectId=13 HTTP/1.1" 200 (34 ms)
[19/Sep/2022:10:07:57 +0800] 0:0:0:0:0:0:0:1 "GET /budget/tree2?ownId=2&selectId=8 HTTP/1.1" 200 (35 ms)
[19/Sep/2022:10:34:27 +0800] 0:0:0:0:0:0:0:1 "GET /project/tree?rootId=0 HTTP/1.1" 200 (30 ms)
[19/Sep/2022:10:34:27 +0800] 0:0:0:0:0:0:0:1 "GET /budget/tree2?ownId=0&selectId=2543997172191232 HTTP/1.1" 200 (30 ms)
[19/Sep/2022:10:51:12 +0800] 0:0:0:0:0:0:0:1 "GET /project/tree?rootId=0 HTTP/1.1" 200 (28 ms)
[19/Sep/2022:10:53:25 +0800] 0:0:0:0:0:0:0:1 "GET /project/tree?rootId=0 HTTP/1.1" 200 (35 ms)
[19/Sep/2022:10:53:25 +0800] 0:0:0:0:0:0:0:1 "GET /budget/tree2?ownId=0&selectId=2543997172191232 HTTP/1.1" 200 (58 ms)
[19/Sep/2022:10:53:27 +0800] 0:0:0:0:0:0:0:1 "GET /project/fetch?ownId=0 HTTP/1.1" 200 (26 ms)
[19/Sep/2022:11:10:19 +0800] 0:0:0:0:0:0:0:1 "GET /project/fetch?ownId=0 HTTP/1.1" 200 (27 ms)
[19/Sep/2022:11:10:19 +0800] 0:0:0:0:0:0:0:1 "GET /project/tree?ownId=2543997172191232&rootId=2543997172191232 HTTP/1.1" 200 (22 ms)
[19/Sep/2022:11:10:21 +0800] 0:0:0:0:0:0:0:1 "GET /project/tree?ownId=2&rootId=2 HTTP/1.1" 200 (17 ms)
[19/Sep/2022:11:10:23 +0800] 0:0:0:0:0:0:0:1 "GET /project/tree?ownId=2543997172191232&rootId=2543997172191232 HTTP/1.1" 200 (15 ms)
[19/Sep/2022:11:10:24 +0800] 0:0:0:0:0:0:0:1 "GET /project/tree?ownId=3&rootId=3 HTTP/1.1" 200 (17 ms)
[19/Sep/2022:11:10:25 +0800] 0:0:0:0:0:0:0:1 "GET /project/tree?ownId=2&rootId=2 HTTP/1.1" 200 (16 ms)
[19/Sep/2022:11:11:11 +0800] 0:0:0:0:0:0:0:1 "GET /project/fetch?ownId=0 HTTP/1.1" 200 (25 ms)
[19/Sep/2022:11:11:11 +0800] 0:0:0:0:0:0:0:1 "GET /project/tree?ownId=2543997172191232&rootId=2543997172191232 HTTP/1.1" 200 (19 ms)
[19/Sep/2022:11:12:11 +0800] 0:0:0:0:0:0:0:1 "GET /project/tree?ownId=2543997172191232&rootId=2543997172191232 HTTP/1.1" 200 (20 ms)
[19/Sep/2022:11:12:12 +0800] 0:0:0:0:0:0:0:1 "GET /project/tree?ownId=3&rootId=3 HTTP/1.1" 200 (20 ms)
[19/Sep/2022:11:12:12 +0800] 0:0:0:0:0:0:0:1 "GET /project/tree?ownId=2&rootId=2 HTTP/1.1" 200 (16 ms)
[19/Sep/2022:11:12:13 +0800] 0:0:0:0:0:0:0:1 "GET /project/fetch?ownId=0 HTTP/1.1" 200 (24 ms)
[19/Sep/2022:11:17:11 +0800] 0:0:0:0:0:0:0:1 "GET /project/tree?rootId=0 HTTP/1.1" 200 (35 ms)
[19/Sep/2022:11:17:11 +0800] 0:0:0:0:0:0:0:1 "GET /budget/tree2?sortR=0&projectId=2543997172191232&projectName=%E6%96%B0%E9%A1%B9%E7%9B%AE1&province=12&city=1201&region=120101&startTime=2021-01-01+00:00:00&completeTime=2021-01-01+00:00:00&username=2&nature=2&category=&categoryDetail=&status=&contractPrice=0&finalTime=2022-09-18+17:32:33&estimateIncome=0&estimateCost=0&taxWay=&parentId=0&sort=0&ownId=0 HTTP/1.1" 500 (92 ms)
[19/Sep/2022:11:17:20 +0800] 0:0:0:0:0:0:0:1 "GET null HTTP/1.1" 400 (14 ms)
[19/Sep/2022:11:17:23 +0800] 0:0:0:0:0:0:0:1 "GET /project/tree?rootId=0 HTTP/1.1" 200 (21 ms)
[19/Sep/2022:11:17:23 +0800] 0:0:0:0:0:0:0:1 "GET /budget/tree2?ownId=0&selectId=2543997172191232 HTTP/1.1" 200 (138 ms)
[19/Sep/2022:11:17:27 +0800] 0:0:0:0:0:0:0:1 "GET /budget/tree2?ownId=0&selectId=3 HTTP/1.1" 200 (33 ms)
[19/Sep/2022:11:17:28 +0800] 0:0:0:0:0:0:0:1 "GET /budget/tree2?ownId=3&selectId=13 HTTP/1.1" 200 (30 ms)
[19/Sep/2022:11:17:29 +0800] 0:0:0:0:0:0:0:1 "GET /budget/tree2?ownId=0&selectId=2 HTTP/1.1" 200 (39 ms)
[19/Sep/2022:11:17:30 +0800] 0:0:0:0:0:0:0:1 "GET /budget/tree2?ownId=2&selectId=9 HTTP/1.1" 200 (37 ms)
[19/Sep/2022:11:17:31 +0800] 0:0:0:0:0:0:0:1 "GET /budget/tree2?ownId=2&selectId=11 HTTP/1.1" 200 (35 ms)
[19/Sep/2022:11:19:13 +0800] 0:0:0:0:0:0:0:1 "GET /budget/tree2?ownId=2&selectId=8 HTTP/1.1" 200 (38 ms)
[19/Sep/2022:11:19:14 +0800] 0:0:0:0:0:0:0:1 "GET /budget/tree2?ownId=2&selectId=11 HTTP/1.1" 200 (40 ms)
[19/Sep/2022:11:19:15 +0800] 0:0:0:0:0:0:0:1 "GET /budget/tree2?ownId=2&selectId=9 HTTP/1.1" 200 (36 ms)
[19/Sep/2022:11:27:34 +0800] 0:0:0:0:0:0:0:1 "GET /project/tree?rootId=0 HTTP/1.1" 200 (31 ms)
[19/Sep/2022:11:27:34 +0800] 0:0:0:0:0:0:0:1 "GET /budget/tree2?ownId=0&selectId=2543997172191232 HTTP/1.1" 200 (36 ms)
[19/Sep/2022:11:38:46 +0800] 0:0:0:0:0:0:0:1 "GET /project/tree?rootId=0 HTTP/1.1" 200 (35 ms)
[19/Sep/2022:11:38:46 +0800] 0:0:0:0:0:0:0:1 "GET /budget/tree2?ownId=0&selectId=2543997172191232 HTTP/1.1" 200 (62 ms)
[19/Sep/2022:11:38:49 +0800] 0:0:0:0:0:0:0:1 "GET /budget/tree2?ownId=0&selectId=3 HTTP/1.1" 200 (35 ms)
[19/Sep/2022:11:38:50 +0800] 0:0:0:0:0:0:0:1 "GET /budget/tree2?ownId=0&selectId=2 HTTP/1.1" 200 (39 ms)
[19/Sep/2022:11:38:52 +0800] 0:0:0:0:0:0:0:1 "GET /budget/tree2?ownId=3&selectId=13 HTTP/1.1" 200 (32 ms)
[19/Sep/2022:11:38:53 +0800] 0:0:0:0:0:0:0:1 "GET /budget/tree2?ownId=0&selectId=2543997172191232 HTTP/1.1" 200 (31 ms)
[19/Sep/2022:11:38:54 +0800] 0:0:0:0:0:0:0:1 "GET /budget/tree2?ownId=3&selectId=13 HTTP/1.1" 200 (31 ms)
[19/Sep/2022:11:39:19 +0800] 0:0:0:0:0:0:0:1 "GET /budget/tree2?ownId=3&selectId=13 HTTP/1.1" 200 (31 ms)
[19/Sep/2022:11:40:40 +0800] 0:0:0:0:0:0:0:1 "GET /budget/tree2?ownId=0&selectId=2543997172191232 HTTP/1.1" 200 (36 ms)
[19/Sep/2022:11:40:41 +0800] 0:0:0:0:0:0:0:1 "GET /budget/tree2?ownId=3&selectId=13 HTTP/1.1" 200 (31 ms)
[19/Sep/2022:11:40:44 +0800] 0:0:0:0:0:0:0:1 "GET /project/tree?rootId=0 HTTP/1.1" 200 (24 ms)
[19/Sep/2022:11:40:44 +0800] 0:0:0:0:0:0:0:1 "GET /budget/tree2?ownId=0&selectId=2543997172191232 HTTP/1.1" 200 (70 ms)
[19/Sep/2022:11:40:46 +0800] 0:0:0:0:0:0:0:1 "GET /budget/tree2?ownId=0&selectId=2543997172191232 HTTP/1.1" 200 (30 ms)
[19/Sep/2022:11:42:49 +0800] 0:0:0:0:0:0:0:1 "GET /project/tree?rootId=0 HTTP/1.1" 200 (60 ms)
[19/Sep/2022:11:42:49 +0800] 0:0:0:0:0:0:0:1 "GET /budget/tree2?ownId=0&selectId=2543997172191232 HTTP/1.1" 200 (42 ms)
[19/Sep/2022:11:43:38 +0800] 0:0:0:0:0:0:0:1 "GET /project/tree?rootId=0 HTTP/1.1" 200 (25 ms)
[19/Sep/2022:11:43:38 +0800] 0:0:0:0:0:0:0:1 "GET /budget/tree2?ownId=0&selectId=2543997172191232 HTTP/1.1" 200 (77 ms)
[19/Sep/2022:11:50:07 +0800] 0:0:0:0:0:0:0:1 "GET /project/tree?rootId=0 HTTP/1.1" 200 (43 ms)
[19/Sep/2022:11:50:07 +0800] 0:0:0:0:0:0:0:1 "GET /project/tree?rootId=0 HTTP/1.1" 200 (30 ms)
[19/Sep/2022:11:50:07 +0800] 0:0:0:0:0:0:0:1 "GET /budget/tree2?ownId=0&selectId=2543997172191232 HTTP/1.1" 200 (33 ms)
[19/Sep/2022:11:50:42 +0800] 0:0:0:0:0:0:0:1 "GET /project/tree?rootId=0 HTTP/1.1" 200 (21 ms)
[19/Sep/2022:11:50:42 +0800] 0:0:0:0:0:0:0:1 "GET /budget/tree2?ownId=0&selectId=2543997172191232 HTTP/1.1" 200 (48 ms)
[19/Sep/2022:11:52:51 +0800] 0:0:0:0:0:0:0:1 "GET /project/tree?rootId=0 HTTP/1.1" 200 (36 ms)
[19/Sep/2022:11:52:51 +0800] 0:0:0:0:0:0:0:1 "GET /budget/tree2?ownId=0&selectId=2543997172191232 HTTP/1.1" 200 (52 ms)
[19/Sep/2022:11:54:14 +0800] 0:0:0:0:0:0:0:1 "GET /project/tree?rootId=0 HTTP/1.1" 200 (36 ms)
[19/Sep/2022:11:54:14 +0800] 0:0:0:0:0:0:0:1 "GET /budget/tree2?ownId=0&selectId=2543997172191232 HTTP/1.1" 200 (29 ms)
[19/Sep/2022:11:55:44 +0800] 0:0:0:0:0:0:0:1 "GET /project/tree?rootId=0 HTTP/1.1" 200 (42 ms)
[19/Sep/2022:11:55:44 +0800] 0:0:0:0:0:0:0:1 "GET /budget/tree2?ownId=0&selectId=2543997172191232 HTTP/1.1" 200 (43 ms)
[19/Sep/2022:11:57:02 +0800] 0:0:0:0:0:0:0:1 "GET /project/tree?rootId=0 HTTP/1.1" 200 (43 ms)
[19/Sep/2022:11:57:02 +0800] 0:0:0:0:0:0:0:1 "GET /budget/tree2?ownId=0&selectId=2543997172191232 HTTP/1.1" 200 (44 ms)
[19/Sep/2022:11:57:16 +0800] 0:0:0:0:0:0:0:1 "GET /budget/tree2?ownId=0&selectId=2 HTTP/1.1" 200 (42 ms)
[19/Sep/2022:11:57:18 +0800] 0:0:0:0:0:0:0:1 "GET /budget/division/machine/tree?ownId=2182155342057472&selectId=2182155342057472 HTTP/1.1" 200 (38 ms)
[19/Sep/2022:11:59:29 +0800] 0:0:0:0:0:0:0:1 "GET /project/tree?rootId=0 HTTP/1.1" 200 (39 ms)
[19/Sep/2022:11:59:29 +0800] 0:0:0:0:0:0:0:1 "GET /budget/tree2?ownId=0&selectId=2543997172191232 HTTP/1.1" 200 (41 ms)
[19/Sep/2022:11:59:31 +0800] 0:0:0:0:0:0:0:1 "GET /budget/tree2?ownId=0&selectId=2 HTTP/1.1" 200 (44 ms)
[19/Sep/2022:11:59:34 +0800] 0:0:0:0:0:0:0:1 "GET /budget/division/machine/tree?ownId=2182155342057472&selectId=2182155342057472 HTTP/1.1" 200 (21 ms)
[19/Sep/2022:12:01:02 +0800] 0:0:0:0:0:0:0:1 "GET /project/tree?rootId=0 HTTP/1.1" 200 (48 ms)
[19/Sep/2022:12:01:02 +0800] 0:0:0:0:0:0:0:1 "GET /budget/tree2?ownId=0&selectId=2543997172191232 HTTP/1.1" 200 (56 ms)
[19/Sep/2022:12:03:32 +0800] 0:0:0:0:0:0:0:1 "GET /budget/tree2?ownId=0&selectId=2 HTTP/1.1" 200 (46 ms)
[19/Sep/2022:12:03:35 +0800] 0:0:0:0:0:0:0:1 "GET /budget/division/machine/tree?ownId=2182155342057472&selectId=2182155342057472 HTTP/1.1" 200 (16 ms)
[19/Sep/2022:12:03:42 +0800] 0:0:0:0:0:0:0:1 "OPTIONS /budget/division/machine/push HTTP/1.1" 200 (10 ms)
[19/Sep/2022:12:03:43 +0800] 0:0:0:0:0:0:0:1 "POST /budget/division/machine/push HTTP/1.1" 200 (502 ms)
[19/Sep/2022:13:17:30 +0800] 0:0:0:0:0:0:0:1 "GET /project/tree?rootId=0 HTTP/1.1" 200 (153 ms)
[19/Sep/2022:13:17:30 +0800] 0:0:0:0:0:0:0:1 "GET /budget/tree2?ownId=0&selectId=2543997172191232 HTTP/1.1" 200 (57 ms)
[19/Sep/2022:13:17:40 +0800] 0:0:0:0:0:0:0:1 "OPTIONS /budget/division/machine/push HTTP/1.1" 200 (2 ms)
[19/Sep/2022:13:17:40 +0800] 0:0:0:0:0:0:0:1 "POST /budget/division/machine/push HTTP/1.1" 200 (106 ms)
[19/Sep/2022:13:18:30 +0800] 0:0:0:0:0:0:0:1 "POST /budget/division/machine/push HTTP/1.1" 200 (345 ms)
[19/Sep/2022:13:21:07 +0800] 0:0:0:0:0:0:0:1 "GET /project/tree?rootId=0 HTTP/1.1" 200 (55 ms)
[19/Sep/2022:13:21:07 +0800] 0:0:0:0:0:0:0:1 "GET /budget/tree2?ownId=0&selectId=2543997172191232 HTTP/1.1" 200 (51 ms)
[19/Sep/2022:13:21:50 +0800] 0:0:0:0:0:0:0:1 "POST /budget/division/machine/push HTTP/1.1" 200 (302 ms)
[19/Sep/2022:13:22:40 +0800] 0:0:0:0:0:0:0:1 "GET /project/tree?rootId=0 HTTP/1.1" 200 (1195 ms)
[19/Sep/2022:13:22:40 +0800] 0:0:0:0:0:0:0:1 "GET /budget/tree2?ownId=0&selectId=2543997172191232 HTTP/1.1" 200 (64 ms)
[19/Sep/2022:13:22:45 +0800] 0:0:0:0:0:0:0:1 "POST /budget/division/machine/push HTTP/1.1" 200 (70 ms)
[19/Sep/2022:13:24:00 +0800] 0:0:0:0:0:0:0:1 "POST /budget/division/machine/push HTTP/1.1" 200 (310 ms)
[19/Sep/2022:13:24:39 +0800] 0:0:0:0:0:0:0:1 "POST /budget/division/machine/push HTTP/1.1" 200 (310 ms)
[19/Sep/2022:13:25:38 +0800] 0:0:0:0:0:0:0:1 "POST /budget/division/machine/push HTTP/1.1" 200 (306 ms)
[19/Sep/2022:13:35:57 +0800] 0:0:0:0:0:0:0:1 "POST /budget/division/machine/push HTTP/1.1" 200 (35 ms)
[19/Sep/2022:13:35:57 +0800] 0:0:0:0:0:0:0:1 "POST /budget/division/machine/push HTTP/1.1" 200 (27329 ms)
[19/Sep/2022:13:36:00 +0800] 0:0:0:0:0:0:0:1 "POST /budget/division/machine/push HTTP/1.1" 200 (4 ms)
[19/Sep/2022:13:36:25 +0800] 0:0:0:0:0:0:0:1 "GET /project/tree?rootId=0 HTTP/1.1" 200 (5886 ms)
[19/Sep/2022:13:36:48 +0800] 0:0:0:0:0:0:0:1 "GET /project/tree?rootId=0 HTTP/1.1" 200 (1068 ms)
[19/Sep/2022:13:36:48 +0800] 0:0:0:0:0:0:0:1 "GET /budget/tree2?ownId=0&selectId=2543997172191232 HTTP/1.1" 200 (58 ms)
[19/Sep/2022:13:41:38 +0800] 0:0:0:0:0:0:0:1 "GET /budget/division/machine/tree?ownId=2543997172191232&selectId=2543997172191232 HTTP/1.1" 200 (34 ms)
[19/Sep/2022:13:41:39 +0800] 0:0:0:0:0:0:0:1 "GET /budget/division/machine/tree?ownId=2543997172191232&selectId=2543997172191232 HTTP/1.1" 200 (17 ms)
[19/Sep/2022:13:42:40 +0800] 0:0:0:0:0:0:0:1 "GET /budget/division/machine/tree?ownId=2543997172191232&selectId=2543997172191232 HTTP/1.1" 200 (27 ms)
[19/Sep/2022:13:43:39 +0800] 0:0:0:0:0:0:0:1 "GET /budget/division/machine/tree?ownId=2543997172191232&selectId=2543997172191232 HTTP/1.1" 200 (24 ms)
[19/Sep/2022:13:43:39 +0800] 0:0:0:0:0:0:0:1 "GET /budget/division/machine/tree?ownId=2543997172191232&selectId=2543997172191232 HTTP/1.1" 200 (17 ms)
[19/Sep/2022:13:43:41 +0800] 0:0:0:0:0:0:0:1 "GET /budget/division/machine/tree?ownId=2543997172191232&selectId=2543997172191232 HTTP/1.1" 200 (17 ms)
[19/Sep/2022:13:43:43 +0800] 0:0:0:0:0:0:0:1 "GET /budget/division/machine/tree?ownId=2543997172191232&selectId=2543997172191232 HTTP/1.1" 200 (25 ms)
[19/Sep/2022:13:43:43 +0800] 0:0:0:0:0:0:0:1 "GET /budget/division/machine/tree?ownId=2543997172191232&selectId=2543997172191232 HTTP/1.1" 200 (23 ms)
[19/Sep/2022:13:43:44 +0800] 0:0:0:0:0:0:0:1 "GET /budget/division/machine/tree?ownId=2543997172191232&selectId=2543997172191232 HTTP/1.1" 200 (18 ms)
[19/Sep/2022:13:44:00 +0800] 0:0:0:0:0:0:0:1 "GET /budget/division/machine/tree?ownId=2543997172191232&selectId=2543997172191232 HTTP/1.1" 200 (15 ms)
[19/Sep/2022:13:44:00 +0800] 0:0:0:0:0:0:0:1 "GET /budget/division/machine/tree?ownId=2543997172191232&selectId=2543997172191232 HTTP/1.1" 200 (19 ms)
[19/Sep/2022:13:44:02 +0800] 0:0:0:0:0:0:0:1 "OPTIONS /budget/division/push HTTP/1.1" 200 (7 ms)
[19/Sep/2022:13:44:02 +0800] 0:0:0:0:0:0:0:1 "GET /budget/division/machine/tree?ownId=2543997172191232&selectId=2543997172191232 HTTP/1.1" 200 (19 ms)
[19/Sep/2022:13:44:03 +0800] 0:0:0:0:0:0:0:1 "POST /budget/division/push HTTP/1.1" 200 (58 ms)
[19/Sep/2022:13:44:07 +0800] 0:0:0:0:0:0:0:1 "GET /project/tree?rootId=0 HTTP/1.1" 200 (44 ms)
[19/Sep/2022:13:44:07 +0800] 0:0:0:0:0:0:0:1 "GET /budget/tree2?ownId=0&selectId=2543997172191232 HTTP/1.1" 200 (73 ms)
[19/Sep/2022:13:55:54 +0800] 0:0:0:0:0:0:0:1 "GET /project/tree?rootId=0 HTTP/1.1" 200 (47 ms)
[19/Sep/2022:13:55:54 +0800] 0:0:0:0:0:0:0:1 "GET /budget/tree2?ownId=0&selectId=2543997172191232 HTTP/1.1" 200 (70 ms)
[19/Sep/2022:13:56:08 +0800] 0:0:0:0:0:0:0:1 "OPTIONS /budget/division/machine/push HTTP/1.1" 200 (1 ms)
[19/Sep/2022:13:56:08 +0800] 0:0:0:0:0:0:0:1 "POST /budget/division/machine/push HTTP/1.1" 200 (5 ms)
[19/Sep/2022:13:56:14 +0800] 0:0:0:0:0:0:0:1 "GET /budget/division/machine/tree?ownId=2543997172191232&selectId=2543997172191232 HTTP/1.1" 200 (22 ms)
[19/Sep/2022:13:56:28 +0800] 0:0:0:0:0:0:0:1 "POST /budget/division/machine/push HTTP/1.1" 200 (3 ms)
[19/Sep/2022:13:56:58 +0800] 0:0:0:0:0:0:0:1 "POST /budget/division/machine/push HTTP/1.1" 200 (2 ms)
[19/Sep/2022:13:57:12 +0800] 0:0:0:0:0:0:0:1 "GET /budget/division/machine/tree?ownId=2543997172191232&selectId=2543997172191232 HTTP/1.1" 200 (25 ms)
[19/Sep/2022:14:04:32 +0800] 0:0:0:0:0:0:0:1 "GET /budget/division/machine/tree?ownId=2543997172191232&selectId=2543997172191232 HTTP/1.1" 200 (27 ms)
[19/Sep/2022:14:04:34 +0800] 0:0:0:0:0:0:0:1 "POST /budget/division/machine/push HTTP/1.1" 200 (3 ms)
[19/Sep/2022:14:04:52 +0800] 0:0:0:0:0:0:0:1 "GET /budget/division/machine/tree?ownId=2543997172191232&selectId=2543997172191232 HTTP/1.1" 200 (16 ms)
[19/Sep/2022:14:06:26 +0800] 0:0:0:0:0:0:0:1 "POST /budget/division/machine/push HTTP/1.1" 200 (1120 ms)
[19/Sep/2022:14:06:45 +0800] 0:0:0:0:0:0:0:1 "GET /project/tree?rootId=0 HTTP/1.1" 200 (243 ms)
[19/Sep/2022:14:06:45 +0800] 0:0:0:0:0:0:0:1 "GET /budget/tree2?ownId=0&selectId=2543997172191232 HTTP/1.1" 200 (83 ms)
[19/Sep/2022:14:06:46 +0800] 0:0:0:0:0:0:0:1 "GET /budget/division/machine/tree?ownId=2543997172191232&selectId=2543997172191232 HTTP/1.1" 200 (23 ms)
[19/Sep/2022:14:07:00 +0800] 0:0:0:0:0:0:0:1 "GET /project/tree?rootId=0 HTTP/1.1" 200 (44 ms)
[19/Sep/2022:14:07:01 +0800] 0:0:0:0:0:0:0:1 "GET /budget/tree2?ownId=0&selectId=2543997172191232 HTTP/1.1" 200 (74 ms)
[19/Sep/2022:14:07:02 +0800] 0:0:0:0:0:0:0:1 "GET /budget/division/machine/tree?ownId=2543997172191232&selectId=2543997172191232 HTTP/1.1" 200 (19 ms)
[19/Sep/2022:14:18:06 +0800] 0:0:0:0:0:0:0:1 "GET /project/tree?rootId=0 HTTP/1.1" 200 (53 ms)
[19/Sep/2022:14:18:06 +0800] 0:0:0:0:0:0:0:1 "GET /budget/tree2?ownId=0&selectId=2543997172191232 HTTP/1.1" 200 (56 ms)
[19/Sep/2022:14:23:01 +0800] 0:0:0:0:0:0:0:1 "GET /project/tree?rootId=0 HTTP/1.1" 200 (67 ms)
[19/Sep/2022:14:23:01 +0800] 0:0:0:0:0:0:0:1 "GET /budget/tree2?ownId=0&selectId=2543997172191232 HTTP/1.1" 200 (57 ms)
[19/Sep/2022:14:23:23 +0800] 0:0:0:0:0:0:0:1 "GET /budget/division/machine/tree?ownId=2543997172191232&selectId=2543997172191232 HTTP/1.1" 200 (24 ms)
[19/Sep/2022:14:23:28 +0800] 0:0:0:0:0:0:0:1 "POST /budget/division/machine/push HTTP/1.1" 200 (12 ms)
[19/Sep/2022:14:23:33 +0800] 0:0:0:0:0:0:0:1 "POST /budget/division/machine/push HTTP/1.1" 200 (21 ms)
[19/Sep/2022:14:23:59 +0800] 0:0:0:0:0:0:0:1 "POST /budget/division/machine/push HTTP/1.1" 200 (307 ms)
[19/Sep/2022:14:24:17 +0800] 0:0:0:0:0:0:0:1 "GET /project/tree?rootId=0 HTTP/1.1" 200 (42 ms)
[19/Sep/2022:14:24:17 +0800] 0:0:0:0:0:0:0:1 "GET /budget/tree2?ownId=0&selectId=2543997172191232 HTTP/1.1" 200 (65 ms)
[19/Sep/2022:14:24:20 +0800] 0:0:0:0:0:0:0:1 "GET /budget/division/machine/tree?ownId=2543997172191232&selectId=2543997172191232 HTTP/1.1" 200 (20 ms)
[19/Sep/2022:14:24:38 +0800] 0:0:0:0:0:0:0:1 "GET /budget/division/machine/tree?ownId=2543997172191232&selectId=2543997172191232 HTTP/1.1" 200 (33 ms)
[19/Sep/2022:14:24:38 +0800] 0:0:0:0:0:0:0:1 "GET /favicon.ico HTTP/1.1" 404 (66 ms)
[19/Sep/2022:14:25:07 +0800] 0:0:0:0:0:0:0:1 "GET /budget/division/machine/tree?ownId=2543997172191232&selectId=2543997172191232 HTTP/1.1" 200 (17 ms)
[19/Sep/2022:14:26:53 +0800] 0:0:0:0:0:0:0:1 "GET /budget/division/machine/tree?ownId=2543997172191232&selectId=2543997172191232&rootId=2543997172191232 HTTP/1.1" 200 (26 ms)
[19/Sep/2022:14:27:30 +0800] 0:0:0:0:0:0:0:1 "GET /project/tree?rootId=0 HTTP/1.1" 200 (34 ms)
[19/Sep/2022:14:27:30 +0800] 0:0:0:0:0:0:0:1 "GET /budget/tree2?ownId=0&selectId=2543997172191232 HTTP/1.1" 200 (35 ms)
[19/Sep/2022:14:27:35 +0800] 0:0:0:0:0:0:0:1 "GET /project/tree?rootId=0 HTTP/1.1" 200 (31 ms)
[19/Sep/2022:14:27:35 +0800] 0:0:0:0:0:0:0:1 "GET /budget/tree2?ownId=0&selectId=2543997172191232 HTTP/1.1" 200 (46 ms)
[19/Sep/2022:14:27:37 +0800] 0:0:0:0:0:0:0:1 "GET /budget/division/machine/tree?ownId=2543997172191232&selectId=2543997172191232&rootId=2543997172191232 HTTP/1.1" 200 (29 ms)
[19/Sep/2022:14:33:16 +0800] 0:0:0:0:0:0:0:1 "GET /project/tree?rootId=0 HTTP/1.1" 200 (45 ms)
[19/Sep/2022:14:33:16 +0800] 0:0:0:0:0:0:0:1 "GET /budget/tree2?ownId=0&selectId=2543997172191232 HTTP/1.1" 200 (44 ms)
[19/Sep/2022:14:33:21 +0800] 0:0:0:0:0:0:0:1 "GET /budget/division/machine/tree?ownId=2543997172191232&selectId=2543997172191232&rootId=2543997172191232 HTTP/1.1" 200 (24 ms)
[19/Sep/2022:14:33:38 +0800] 0:0:0:0:0:0:0:1 "OPTIONS /budget/division/machine/push HTTP/1.1" 200 (4 ms)
[19/Sep/2022:14:33:38 +0800] 0:0:0:0:0:0:0:1 "POST /budget/division/machine/push HTTP/1.1" 200 (12 ms)
[19/Sep/2022:14:33:42 +0800] 0:0:0:0:0:0:0:1 "POST /budget/division/machine/push HTTP/1.1" 200 (129 ms)
[19/Sep/2022:14:33:44 +0800] 0:0:0:0:0:0:0:1 "POST /budget/division/machine/push HTTP/1.1" 200 (11 ms)
[19/Sep/2022:14:33:48 +0800] 0:0:0:0:0:0:0:1 "POST /budget/division/machine/push HTTP/1.1" 200 (12 ms)
[19/Sep/2022:14:33:51 +0800] 0:0:0:0:0:0:0:1 "POST /budget/division/machine/push HTTP/1.1" 200 (9 ms)
[19/Sep/2022:14:33:52 +0800] 0:0:0:0:0:0:0:1 "POST /budget/division/machine/push HTTP/1.1" 200 (10 ms)
[19/Sep/2022:14:33:58 +0800] 0:0:0:0:0:0:0:1 "GET /budget/tree2?ownId=0&selectId=3 HTTP/1.1" 200 (42 ms)
[19/Sep/2022:14:33:59 +0800] 0:0:0:0:0:0:0:1 "GET /budget/tree2?ownId=3&selectId=13 HTTP/1.1" 200 (32 ms)
[19/Sep/2022:14:34:02 +0800] 0:0:0:0:0:0:0:1 "GET /budget/division/machine/tree?ownId=13&selectId=13&rootId=13 HTTP/1.1" 200 (18 ms)
[19/Sep/2022:14:34:07 +0800] 0:0:0:0:0:0:0:1 "GET /budget/division/machine/tree?ownId=13&selectId=13&rootId=13 HTTP/1.1" 200 (16 ms)
[19/Sep/2022:14:34:12 +0800] 0:0:0:0:0:0:0:1 "GET /budget/tree2?ownId=0&selectId=2 HTTP/1.1" 200 (44 ms)
[19/Sep/2022:14:34:13 +0800] 0:0:0:0:0:0:0:1 "GET /budget/division/machine/tree?ownId=2182156176723968&selectId=2182156176723968&rootId=2182156176723968 HTTP/1.1" 200 (19 ms)
[19/Sep/2022:14:34:14 +0800] 0:0:0:0:0:0:0:1 "GET /budget/division/machine/tree?ownId=2182156227055616&selectId=2182156227055616&rootId=2182156227055616 HTTP/1.1" 200 (15 ms)
[19/Sep/2022:14:34:15 +0800] 0:0:0:0:0:0:0:1 "GET /budget/division/machine/tree?ownId=2182156227055616&selectId=2182156227055616&rootId=2182156227055616 HTTP/1.1" 200 (13 ms)
[19/Sep/2022:14:34:35 +0800] 0:0:0:0:0:0:0:1 "GET /project/tree?rootId=0 HTTP/1.1" 200 (24 ms)
[19/Sep/2022:14:34:36 +0800] 0:0:0:0:0:0:0:1 "GET /budget/tree2?ownId=0&selectId=2543997172191232 HTTP/1.1" 200 (59 ms)
[19/Sep/2022:14:34:37 +0800] 0:0:0:0:0:0:0:1 "GET /budget/division/machine/tree?ownId=2543997172191232&selectId=2543997172191232&rootId=2543997172191232 HTTP/1.1" 200 (22 ms)
[19/Sep/2022:14:36:25 +0800] 0:0:0:0:0:0:0:1 "POST /budget/division/machine/push HTTP/1.1" 200 (11 ms)
[19/Sep/2022:14:36:28 +0800] 0:0:0:0:0:0:0:1 "POST /budget/division/machine/push HTTP/1.1" 200 (6 ms)
[19/Sep/2022:14:39:04 +0800] 0:0:0:0:0:0:0:1 "GET /project/tree?rootId=0 HTTP/1.1" 200 (42 ms)
[19/Sep/2022:14:39:04 +0800] 0:0:0:0:0:0:0:1 "GET /budget/tree2?ownId=0&selectId=2543997172191232 HTTP/1.1" 200 (45 ms)
[19/Sep/2022:14:39:06 +0800] 0:0:0:0:0:0:0:1 "GET /budget/division/machine/tree?ownId=2543997172191232&selectId=2543997172191232&rootId=2543997172191232 HTTP/1.1" 200 (36 ms)
[19/Sep/2022:14:39:10 +0800] 0:0:0:0:0:0:0:1 "POST /budget/division/machine/push HTTP/1.1" 200 (117 ms)
[19/Sep/2022:14:39:17 +0800] 0:0:0:0:0:0:0:1 "POST /budget/division/machine/push HTTP/1.1" 200 (131 ms)
[19/Sep/2022:14:41:27 +0800] 0:0:0:0:0:0:0:1 "GET /project/tree?rootId=0 HTTP/1.1" 200 (35 ms)
[19/Sep/2022:14:41:27 +0800] 0:0:0:0:0:0:0:1 "GET /budget/tree2?ownId=0&selectId=2543997172191232 HTTP/1.1" 200 (52 ms)
[19/Sep/2022:14:41:30 +0800] 0:0:0:0:0:0:0:1 "GET /budget/division/machine/tree?ownId=2543997172191232&selectId=2543997172191232&rootId=2543997172191232 HTTP/1.1" 200 (21 ms)
[19/Sep/2022:14:45:20 +0800] 0:0:0:0:0:0:0:1 "GET /project/tree?rootId=0 HTTP/1.1" 200 (36 ms)
[19/Sep/2022:14:45:20 +0800] 0:0:0:0:0:0:0:1 "GET /budget/tree2?ownId=0&selectId=2543997172191232 HTTP/1.1" 200 (46 ms)
[19/Sep/2022:14:45:23 +0800] 0:0:0:0:0:0:0:1 "GET /budget/division/machine/tree?ownId=2543997172191232&selectId=2543997172191232&rootId=2543997172191232 HTTP/1.1" 200 (21 ms)
[19/Sep/2022:14:45:24 +0800] 0:0:0:0:0:0:0:1 "GET /budget/division/machine/tree?ownId=2543997172191232&selectId=2543997172191232&rootId=2543997172191232 HTTP/1.1" 200 (15 ms)
[19/Sep/2022:14:45:24 +0800] 0:0:0:0:0:0:0:1 "GET /budget/division/machine/tree?ownId=2543997172191232&selectId=2543997172191232&rootId=2543997172191232 HTTP/1.1" 200 (13 ms)
[19/Sep/2022:14:45:24 +0800] 0:0:0:0:0:0:0:1 "GET /budget/division/machine/tree?ownId=2543997172191232&selectId=2543997172191232&rootId=2543997172191232 HTTP/1.1" 200 (12 ms)
[19/Sep/2022:14:45:25 +0800] 0:0:0:0:0:0:0:1 "GET /budget/division/machine/tree?ownId=2543997172191232&selectId=2543997172191232&rootId=2543997172191232 HTTP/1.1" 200 (14 ms)
[19/Sep/2022:14:45:27 +0800] 0:0:0:0:0:0:0:1 "GET /budget/division/machine/tree?ownId=2543997172191232&selectId=2543997172191232&rootId=2543997172191232 HTTP/1.1" 200 (12 ms)
[19/Sep/2022:14:46:27 +0800] 0:0:0:0:0:0:0:1 "POST /budget/division/machine/push HTTP/1.1" 200 (143 ms)
[19/Sep/2022:14:53:50 +0800] 0:0:0:0:0:0:0:1 "GET /project/tree?rootId=0 HTTP/1.1" 200 (36 ms)
[19/Sep/2022:14:53:50 +0800] 0:0:0:0:0:0:0:1 "GET /budget/tree2?ownId=0&selectId=2543997172191232 HTTP/1.1" 200 (53 ms)
[19/Sep/2022:14:54:48 +0800] 0:0:0:0:0:0:0:1 "GET /project/tree?rootId=0 HTTP/1.1" 200 (34 ms)
[19/Sep/2022:14:54:48 +0800] 0:0:0:0:0:0:0:1 "GET /budget/tree2?ownId=0&selectId=2543997172191232 HTTP/1.1" 200 (53 ms)
[19/Sep/2022:14:56:50 +0800] 0:0:0:0:0:0:0:1 "GET /project/tree?rootId=0 HTTP/1.1" 200 (42 ms)
[19/Sep/2022:14:56:50 +0800] 0:0:0:0:0:0:0:1 "GET /budget/tree2?ownId=0&selectId=2543997172191232 HTTP/1.1" 200 (48 ms)
[19/Sep/2022:14:57:25 +0800] 0:0:0:0:0:0:0:1 "GET /project/tree?rootId=0 HTTP/1.1" 200 (32 ms)
[19/Sep/2022:14:57:26 +0800] 0:0:0:0:0:0:0:1 "GET /budget/tree2?ownId=0&selectId=2543997172191232 HTTP/1.1" 200 (141 ms)
[19/Sep/2022:14:58:52 +0800] 0:0:0:0:0:0:0:1 "GET /project/tree?rootId=0 HTTP/1.1" 200 (41 ms)
[19/Sep/2022:14:58:52 +0800] 0:0:0:0:0:0:0:1 "GET /budget/tree2?ownId=0&selectId=2543997172191232 HTTP/1.1" 200 (53 ms)
[19/Sep/2022:14:59:10 +0800] 0:0:0:0:0:0:0:1 "GET /budget/division/machine/tree?ownId=2543997172191232&selectId=2543997172191232&rootId=2543997172191232 HTTP/1.1" 200 (21 ms)
[19/Sep/2022:15:07:06 +0800] 0:0:0:0:0:0:0:1 "GET /project/tree?rootId=0 HTTP/1.1" 200 (36 ms)
[19/Sep/2022:15:07:06 +0800] 0:0:0:0:0:0:0:1 "GET /budget/tree2?ownId=0&selectId=2543997172191232 HTTP/1.1" 200 (53 ms)
[19/Sep/2022:15:07:17 +0800] 0:0:0:0:0:0:0:1 "GET /budget/division/machine/tree?ownId=2543997172191232&selectId=2543997172191232&rootId=2543997172191232 HTTP/1.1" 200 (15 ms)
[19/Sep/2022:15:07:28 +0800] 0:0:0:0:0:0:0:1 "OPTIONS /budget/division/machine/push HTTP/1.1" 200 (1 ms)
[19/Sep/2022:15:07:28 +0800] 0:0:0:0:0:0:0:1 "POST /budget/division/machine/push HTTP/1.1" 200 (420 ms)
[19/Sep/2022:15:07:48 +0800] 0:0:0:0:0:0:0:1 "POST /budget/division/machine/push HTTP/1.1" 200 (444 ms)
[19/Sep/2022:15:08:26 +0800] 0:0:0:0:0:0:0:1 "GET /budget/tree2?ownId=3&selectId=13 HTTP/1.1" 200 (32 ms)
[19/Sep/2022:15:08:28 +0800] 0:0:0:0:0:0:0:1 "GET /budget/tree2?ownId=2&selectId=9 HTTP/1.1" 200 (45 ms)
[19/Sep/2022:15:08:30 +0800] 0:0:0:0:0:0:0:1 "GET /budget/tree2?ownId=2&selectId=11 HTTP/1.1" 200 (36 ms)
[19/Sep/2022:15:08:33 +0800] 0:0:0:0:0:0:0:1 "GET /budget/division/machine/tree?ownId=2182155098787840&selectId=2182155098787840&rootId=2182155098787840 HTTP/1.1" 200 (21 ms)
[19/Sep/2022:15:08:46 +0800] 0:0:0:0:0:0:0:1 "GET /budget/division/machine/tree?ownId=2182155715350528&selectId=2182155715350528&rootId=2182155715350528 HTTP/1.1" 200 (18 ms)
[19/Sep/2022:15:17:36 +0800] 0:0:0:0:0:0:0:1 "GET /project/tree?rootId=0 HTTP/1.1" 200 (37 ms)
[19/Sep/2022:15:17:36 +0800] 0:0:0:0:0:0:0:1 "GET /budget/tree2?ownId=0&selectId=2543997172191232 HTTP/1.1" 200 (67 ms)
[19/Sep/2022:15:17:41 +0800] 0:0:0:0:0:0:0:1 "GET /budget/division/machine/tree?ownId=2543997172191232&selectId=2543997172191232&rootId=2543997172191232 HTTP/1.1" 200 (19 ms)
[19/Sep/2022:15:17:45 +0800] 0:0:0:0:0:0:0:1 "GET /budget/tree2?ownId=0&selectId=3 HTTP/1.1" 200 (35 ms)
[19/Sep/2022:15:17:45 +0800] 0:0:0:0:0:0:0:1 "GET /budget/tree2?ownId=3&selectId=13 HTTP/1.1" 200 (31 ms)
[19/Sep/2022:15:17:49 +0800] 0:0:0:0:0:0:0:1 "GET /budget/division/machine/tree?ownId=13&selectId=13&rootId=13 HTTP/1.1" 200 (15 ms)
[19/Sep/2022:15:17:53 +0800] 0:0:0:0:0:0:0:1 "GET /budget/tree2?ownId=0&selectId=2 HTTP/1.1" 200 (41 ms)
[19/Sep/2022:15:17:55 +0800] 0:0:0:0:0:0:0:1 "GET /budget/tree2?ownId=2&selectId=9 HTTP/1.1" 200 (37 ms)
[19/Sep/2022:15:17:57 +0800] 0:0:0:0:0:0:0:1 "GET /budget/tree2?ownId=2&selectId=11 HTTP/1.1" 200 (36 ms)
[19/Sep/2022:15:17:58 +0800] 0:0:0:0:0:0:0:1 "GET /budget/division/machine/tree?ownId=2182155098787840&selectId=2182155098787840&rootId=2182155098787840 HTTP/1.1" 200 (18 ms)
[19/Sep/2022:15:18:01 +0800] 0:0:0:0:0:0:0:1 "GET /budget/tree2?ownId=0&selectId=2543997172191232 HTTP/1.1" 200 (31 ms)
[19/Sep/2022:15:18:01 +0800] 0:0:0:0:0:0:0:1 "GET /budget/division/machine/tree?ownId=2543997172191232&selectId=2543997172191232&rootId=2543997172191232 HTTP/1.1" 200 (19 ms)
[19/Sep/2022:15:18:07 +0800] 0:0:0:0:0:0:0:1 "GET /budget/tree2?ownId=3&selectId=13 HTTP/1.1" 200 (33 ms)
[19/Sep/2022:15:18:18 +0800] 0:0:0:0:0:0:0:1 "GET /budget/tree2?ownId=2&selectId=11 HTTP/1.1" 200 (41 ms)
[19/Sep/2022:15:18:19 +0800] 0:0:0:0:0:0:0:1 "GET /budget/division/machine/tree?ownId=2182156176723968&selectId=2182156176723968&rootId=2182156176723968 HTTP/1.1" 200 (27 ms)
[19/Sep/2022:15:18:25 +0800] 0:0:0:0:0:0:0:1 "GET /budget/tree2?ownId=0&selectId=2543997172191232 HTTP/1.1" 200 (28 ms)
[19/Sep/2022:15:18:25 +0800] 0:0:0:0:0:0:0:1 "GET /budget/division/machine/tree?ownId=2543997172191232&selectId=2543997172191232&rootId=2543997172191232 HTTP/1.1" 200 (19 ms)
[19/Sep/2022:15:20:54 +0800] 0:0:0:0:0:0:0:1 "GET /project/tree?rootId=0 HTTP/1.1" 200 (37 ms)
[19/Sep/2022:15:20:54 +0800] 0:0:0:0:0:0:0:1 "GET /budget/tree2?ownId=0&selectId=2543997172191232 HTTP/1.1" 200 (59 ms)
[19/Sep/2022:15:21:00 +0800] 0:0:0:0:0:0:0:1 "GET /budget/tree2?ownId=0&selectId=3 HTTP/1.1" 200 (33 ms)
[19/Sep/2022:15:21:04 +0800] 0:0:0:0:0:0:0:1 "GET /budget/tree2?ownId=0&selectId=2 HTTP/1.1" 200 (41 ms)
[19/Sep/2022:15:21:10 +0800] 0:0:0:0:0:0:0:1 "GET /budget/tree2?ownId=3&selectId=13 HTTP/1.1" 200 (38 ms)
[19/Sep/2022:15:21:11 +0800] 0:0:0:0:0:0:0:1 "GET /budget/tree2?ownId=0&selectId=2543997172191232 HTTP/1.1" 200 (30 ms)
[19/Sep/2022:15:21:15 +0800] 0:0:0:0:0:0:0:1 "GET /budget/division/machine/tree?ownId=2543997172191232&selectId=2543997172191232&rootId=2543997172191232 HTTP/1.1" 200 (21 ms)
[19/Sep/2022:15:21:24 +0800] 0:0:0:0:0:0:0:1 "GET /budget/tree2?ownId=3&selectId=13 HTTP/1.1" 200 (32 ms)
[19/Sep/2022:15:21:27 +0800] 0:0:0:0:0:0:0:1 "GET /budget/tree2?ownId=2&selectId=8 HTTP/1.1" 200 (43 ms)
[19/Sep/2022:15:22:42 +0800] 0:0:0:0:0:0:0:1 "GET /budget/division/machine/tree?ownId=8&selectId=8&rootId=8 HTTP/1.1" 200 (31 ms)
[19/Sep/2022:15:23:54 +0800] 0:0:0:0:0:0:0:1 "GET /budget/tree2?ownId=2&selectId=9 HTTP/1.1" 200 (45 ms)
[19/Sep/2022:15:23:55 +0800] 0:0:0:0:0:0:0:1 "GET /budget/tree2?ownId=2&selectId=11 HTTP/1.1" 200 (37 ms)
[19/Sep/2022:15:23:58 +0800] 0:0:0:0:0:0:0:1 "GET /budget/division/machine/tree?ownId=2182156227055616&selectId=2182156227055616&rootId=2182156227055616 HTTP/1.1" 200 (20 ms)
[19/Sep/2022:15:32:17 +0800] 0:0:0:0:0:0:0:1 "GET /project/tree?rootId=0 HTTP/1.1" 200 (45 ms)
[19/Sep/2022:15:32:17 +0800] 0:0:0:0:0:0:0:1 "GET /budget/tree2?ownId=0&selectId=2543997172191232 HTTP/1.1" 200 (46 ms)
[19/Sep/2022:15:32:22 +0800] 0:0:0:0:0:0:0:1 "GET /budget/tree2?ownId=0&selectId=2 HTTP/1.1" 200 (40 ms)
[19/Sep/2022:15:32:23 +0800] 0:0:0:0:0:0:0:1 "GET /budget/division/machine/tree?ownId=2182156101226496&selectId=2182156101226496&rootId=2182156101226496 HTTP/1.1" 200 (25 ms)
[19/Sep/2022:15:32:26 +0800] 0:0:0:0:0:0:0:1 "GET /budget/division/machine/tree?ownId=2182156340301824&selectId=2182156340301824&rootId=2182156340301824 HTTP/1.1" 200 (16 ms)
[19/Sep/2022:15:35:06 +0800] 0:0:0:0:0:0:0:1 "GET /project/tree?rootId=0 HTTP/1.1" 200 (49 ms)
[19/Sep/2022:15:35:06 +0800] 0:0:0:0:0:0:0:1 "GET /budget/tree2?ownId=0&selectId=2543997172191232 HTTP/1.1" 200 (62 ms)
[19/Sep/2022:15:35:13 +0800] 0:0:0:0:0:0:0:1 "GET /budget/tree2?ownId=0&selectId=2 HTTP/1.1" 200 (42 ms)
[19/Sep/2022:15:35:15 +0800] 0:0:0:0:0:0:0:1 "GET /budget/division/machine/tree?ownId=2182155816013824&selectId=2182155816013824&rootId=2182155816013824 HTTP/1.1" 200 (22 ms)
[19/Sep/2022:15:35:18 +0800] 0:0:0:0:0:0:0:1 "POST /budget/division/machine/push HTTP/1.1" 200 (56 ms)
[19/Sep/2022:15:35:23 +0800] 0:0:0:0:0:0:0:1 "POST /budget/division/machine/push HTTP/1.1" 200 (13 ms)
[19/Sep/2022:15:35:27 +0800] 0:0:0:0:0:0:0:1 "GET /budget/division/machine/tree?ownId=2182155891511296&selectId=2182155891511296&rootId=2182155891511296 HTTP/1.1" 200 (26 ms)
[19/Sep/2022:15:35:31 +0800] 0:0:0:0:0:0:0:1 "GET /budget/division/machine/tree?ownId=2182155816013824&selectId=2182155816013824&rootId=2182155816013824 HTTP/1.1" 200 (21 ms)
[19/Sep/2022:15:35:45 +0800] 0:0:0:0:0:0:0:1 "GET /budget/division/machine/tree?ownId=2182156227055616&selectId=2182156227055616&rootId=2182156227055616 HTTP/1.1" 200 (20 ms)
[19/Sep/2022:15:35:46 +0800] 0:0:0:0:0:0:0:1 "GET /budget/division/machine/tree?ownId=2182155816013824&selectId=2182155816013824&rootId=2182155816013824 HTTP/1.1" 200 (26 ms)
[19/Sep/2022:15:35:57 +0800] 0:0:0:0:0:0:0:1 "POST /budget/division/machine/push HTTP/1.1" 200 (6 ms)
[19/Sep/2022:15:35:59 +0800] 0:0:0:0:0:0:0:1 "GET /budget/division/machine/tree?ownId=2182155891511296&selectId=2182155891511296&rootId=2182155891511296 HTTP/1.1" 200 (15 ms)
[19/Sep/2022:15:36:00 +0800] 0:0:0:0:0:0:0:1 "GET /budget/division/machine/tree?ownId=2182155816013824&selectId=2182155816013824&rootId=2182155816013824 HTTP/1.1" 200 (18 ms)
[19/Sep/2022:15:36:52 +0800] 0:0:0:0:0:0:0:1 "POST /budget/division/machine/push HTTP/1.1" 200 (4 ms)
[19/Sep/2022:15:36:53 +0800] 0:0:0:0:0:0:0:1 "GET /budget/division/machine/tree?ownId=2182155891511296&selectId=2182155891511296&rootId=2182155891511296 HTTP/1.1" 200 (16 ms)
[19/Sep/2022:15:36:54 +0800] 0:0:0:0:0:0:0:1 "GET /budget/division/machine/tree?ownId=2182155816013824&selectId=2182155816013824&rootId=2182155816013824 HTTP/1.1" 200 (16 ms)
[19/Sep/2022:15:36:55 +0800] 0:0:0:0:0:0:0:1 "GET /budget/division/machine/tree?ownId=2182155891511296&selectId=2182155891511296&rootId=2182155891511296 HTTP/1.1" 200 (20 ms)
[19/Sep/2022:15:38:15 +0800] 0:0:0:0:0:0:0:1 "GET /budget/division/machine/tree?ownId=2182155816013824&selectId=2182155816013824&rootId=2182155816013824 HTTP/1.1" 200 (902 ms)
[19/Sep/2022:15:38:16 +0800] 0:0:0:0:0:0:0:1 "GET /budget/division/machine/tree?ownId=2182155715350528&selectId=2182155715350528&rootId=2182155715350528 HTTP/1.1" 200 (19 ms)
[19/Sep/2022:15:38:16 +0800] 0:0:0:0:0:0:0:1 "GET /budget/division/machine/tree?ownId=2182155816013824&selectId=2182155816013824&rootId=2182155816013824 HTTP/1.1" 200 (25 ms)
[19/Sep/2022:15:38:18 +0800] 0:0:0:0:0:0:0:1 "GET /budget/division/machine/tree?ownId=2182155891511296&selectId=2182155891511296&rootId=2182155891511296 HTTP/1.1" 200 (17 ms)
[19/Sep/2022:15:38:19 +0800] 0:0:0:0:0:0:0:1 "GET /budget/division/machine/tree?ownId=2182155816013824&selectId=2182155816013824&rootId=2182155816013824 HTTP/1.1" 200 (19 ms)
[19/Sep/2022:15:38:20 +0800] 0:0:0:0:0:0:0:1 "OPTIONS /budget/division/machine/push HTTP/1.1" 200 (4 ms)
[19/Sep/2022:15:38:20 +0800] 0:0:0:0:0:0:0:1 "POST /budget/division/machine/push HTTP/1.1" 200 (59 ms)
[19/Sep/2022:15:38:21 +0800] 0:0:0:0:0:0:0:1 "GET /budget/division/machine/tree?ownId=2182155891511296&selectId=2182155891511296&rootId=2182155891511296 HTTP/1.1" 200 (22 ms)
[19/Sep/2022:15:38:22 +0800] 0:0:0:0:0:0:0:1 "GET /budget/division/machine/tree?ownId=2182155816013824&selectId=2182155816013824&rootId=2182155816013824 HTTP/1.1" 200 (19 ms)
[19/Sep/2022:15:38:23 +0800] 0:0:0:0:0:0:0:1 "GET /budget/division/machine/tree?ownId=2182155891511296&selectId=2182155891511296&rootId=2182155891511296 HTTP/1.1" 200 (19 ms)
[19/Sep/2022:15:38:24 +0800] 0:0:0:0:0:0:0:1 "GET /budget/division/machine/tree?ownId=2182155816013824&selectId=2182155816013824&rootId=2182155816013824 HTTP/1.1" 200 (19 ms)
[19/Sep/2022:15:38:34 +0800] 0:0:0:0:0:0:0:1 "GET /budget/division/machine/tree?ownId=2182155891511296&selectId=2182155891511296&rootId=2182155891511296 HTTP/1.1" 200 (27 ms)
[19/Sep/2022:15:38:35 +0800] 0:0:0:0:0:0:0:1 "GET /budget/division/machine/tree?ownId=2182155816013824&selectId=2182155816013824&rootId=2182155816013824 HTTP/1.1" 200 (20 ms)
[19/Sep/2022:15:38:37 +0800] 0:0:0:0:0:0:0:1 "POST /budget/division/machine/push HTTP/1.1" 200 (394 ms)
[19/Sep/2022:15:38:38 +0800] 0:0:0:0:0:0:0:1 "GET /budget/division/machine/tree?ownId=2182155715350528&selectId=2182155715350528&rootId=2182155715350528 HTTP/1.1" 200 (18 ms)
[19/Sep/2022:15:38:39 +0800] 0:0:0:0:0:0:0:1 "GET /budget/division/machine/tree?ownId=2182155816013824&selectId=2182155816013824&rootId=2182155816013824 HTTP/1.1" 200 (25 ms)
[19/Sep/2022:15:38:40 +0800] 0:0:0:0:0:0:0:1 "POST /budget/division/machine/push HTTP/1.1" 200 (11 ms)
[19/Sep/2022:15:38:41 +0800] 0:0:0:0:0:0:0:1 "GET /budget/division/machine/tree?ownId=2182155891511296&selectId=2182155891511296&rootId=2182155891511296 HTTP/1.1" 200 (16 ms)
[19/Sep/2022:15:38:41 +0800] 0:0:0:0:0:0:0:1 "GET /budget/division/machine/tree?ownId=2182155816013824&selectId=2182155816013824&rootId=2182155816013824 HTTP/1.1" 200 (18 ms)
[19/Sep/2022:15:50:40 +0800] 0:0:0:0:0:0:0:1 "GET /project/tree?rootId=0 HTTP/1.1" 200 (69 ms)
[19/Sep/2022:15:50:40 +0800] 0:0:0:0:0:0:0:1 "GET /budget/tree2?ownId=0&selectId=2543997172191232 HTTP/1.1" 200 (74 ms)
[19/Sep/2022:15:50:44 +0800] 0:0:0:0:0:0:0:1 "GET /budget/division/machine/tree?ownId=2543997172191232&selectId=2543997172191232&rootId=2543997172191232 HTTP/1.1" 200 (22 ms)
[19/Sep/2022:15:50:45 +0800] 0:0:0:0:0:0:0:1 "GET /budget/division/machine/tree?ownId=2543997172191232&selectId=2543997172191232&rootId=2543997172191232 HTTP/1.1" 200 (22 ms)
[19/Sep/2022:17:11:11 +0800] 0:0:0:0:0:0:0:1 "GET /budget/tree2?ownId=3&selectId=13 HTTP/1.1" 200 (62 ms)
[19/Sep/2022:17:11:14 +0800] 0:0:0:0:0:0:0:1 "GET /budget/division/machine/tree?ownId=13&selectId=13&rootId=13 HTTP/1.1" 200 (15 ms)
[19/Sep/2022:17:16:18 +0800] 0:0:0:0:0:0:0:1 "GET /project/tree?rootId=0 HTTP/1.1" 200 (51 ms)
[19/Sep/2022:17:16:18 +0800] 0:0:0:0:0:0:0:1 "GET /budget/tree2?ownId=0&selectId=2543997172191232 HTTP/1.1" 200 (53 ms)
[19/Sep/2022:17:16:18 +0800] 0:0:0:0:0:0:0:1 "GET /budget/division/machine/tree?ownId=2543997172191232&selectId=2543997172191232&rootId=2543997172191232 HTTP/1.1" 200 (42 ms)
[19/Sep/2022:17:16:23 +0800] 0:0:0:0:0:0:0:1 "GET /budget/tree2?ownId=0&selectId=3 HTTP/1.1" 200 (41 ms)
[19/Sep/2022:17:17:01 +0800] 0:0:0:0:0:0:0:1 "GET /budget/tree2?ownId=3&selectId=13 HTTP/1.1" 200 (35 ms)
[19/Sep/2022:17:17:01 +0800] 0:0:0:0:0:0:0:1 "GET /budget/division/machine/tree?ownId=13&selectId=13&rootId=13 HTTP/1.1" 200 (18 ms)
[19/Sep/2022:17:17:04 +0800] 0:0:0:0:0:0:0:1 "GET /budget/tree2?ownId=0&selectId=3 HTTP/1.1" 200 (40 ms)
[19/Sep/2022:17:17:07 +0800] 0:0:0:0:0:0:0:1 "GET /budget/tree2?ownId=0&selectId=2543997172191232 HTTP/1.1" 200 (32 ms)
[19/Sep/2022:17:17:09 +0800] 0:0:0:0:0:0:0:1 "GET /budget/tree2?ownId=0&selectId=3 HTTP/1.1" 200 (40 ms)
[19/Sep/2022:17:17:13 +0800] 0:0:0:0:0:0:0:1 "GET /budget/tree2?ownId=3&selectId=13 HTTP/1.1" 200 (37 ms)
[19/Sep/2022:17:20:02 +0800] 0:0:0:0:0:0:0:1 "GET /project/tree?rootId=0 HTTP/1.1" 200 (52 ms)
[19/Sep/2022:17:20:02 +0800] 0:0:0:0:0:0:0:1 "GET /budget/tree2?ownId=0&selectId=2543997172191232 HTTP/1.1" 200 (64 ms)
[19/Sep/2022:17:20:03 +0800] 0:0:0:0:0:0:0:1 "GET /budget/division/machine/tree?ownId=2543997172191232&selectId=2543997172191232&rootId=2543997172191232 HTTP/1.1" 200 (30 ms)
[19/Sep/2022:17:20:09 +0800] 0:0:0:0:0:0:0:1 "GET /budget/tree2?ownId=0&selectId=3 HTTP/1.1" 200 (37 ms)
[19/Sep/2022:17:20:09 +0800] 0:0:0:0:0:0:0:1 "GET /budget/division/machine/tree?ownId=3&selectId=3&rootId=3 HTTP/1.1" 200 (19 ms)
[19/Sep/2022:17:20:13 +0800] 0:0:0:0:0:0:0:1 "GET /budget/tree2?ownId=3&selectId=13 HTTP/1.1" 200 (41 ms)
[19/Sep/2022:17:20:13 +0800] 0:0:0:0:0:0:0:1 "GET /budget/division/machine/tree?ownId=13&selectId=13&rootId=13 HTTP/1.1" 200 (17 ms)
[19/Sep/2022:17:20:17 +0800] 0:0:0:0:0:0:0:1 "GET /budget/tree2?ownId=0&selectId=2 HTTP/1.1" 200 (44 ms)
[19/Sep/2022:17:20:17 +0800] 0:0:0:0:0:0:0:1 "GET /budget/division/machine/tree?ownId=2&selectId=2&rootId=2 HTTP/1.1" 200 (22 ms)
[19/Sep/2022:17:20:26 +0800] 0:0:0:0:0:0:0:1 "GET /budget/tree2?ownId=0&selectId=2543997172191232 HTTP/1.1" 200 (30 ms)
[19/Sep/2022:17:20:26 +0800] 0:0:0:0:0:0:0:1 "GET /budget/division/machine/tree?ownId=2543997172191232&selectId=2543997172191232&rootId=2543997172191232 HTTP/1.1" 200 (24 ms)
[19/Sep/2022:17:25:54 +0800] 0:0:0:0:0:0:0:1 "GET /budget/division/machine/tree?ownId=2543997172191232&selectId=2543997172191232&rootId=2543997172191232 HTTP/1.1" 200 (28 ms)
[19/Sep/2022:17:25:57 +0800] 0:0:0:0:0:0:0:1 "GET /budget/division/machine/tree?ownId=2543997172191232&selectId=2543997172191232&rootId=2543997172191232 HTTP/1.1" 200 (18 ms)
[19/Sep/2022:18:03:50 +0800] 0:0:0:0:0:0:0:1 "GET /project/tree?rootId=0 HTTP/1.1" 200 (94 ms)
[19/Sep/2022:18:03:50 +0800] 0:0:0:0:0:0:0:1 "GET /budget/tree2?ownId=0&selectId=2543997172191232 HTTP/1.1" 200 (44 ms)
[19/Sep/2022:18:03:50 +0800] 0:0:0:0:0:0:0:1 "GET /budget/division/machine/tree?ownId=2543997172191232&selectId=2543997172191232&rootId=2543997172191232 HTTP/1.1" 200 (25 ms)
[19/Sep/2022:18:05:07 +0800] 0:0:0:0:0:0:0:1 "GET /project/tree?rootId=0 HTTP/1.1" 200 (38 ms)
[19/Sep/2022:18:05:07 +0800] 0:0:0:0:0:0:0:1 "GET /budget/tree2?ownId=0&selectId=2543997172191232 HTTP/1.1" 200 (65 ms)
[19/Sep/2022:18:05:07 +0800] 0:0:0:0:0:0:0:1 "GET /budget/division/machine/tree?ownId=2543997172191232&selectId=2543997172191232&rootId=2543997172191232 HTTP/1.1" 200 (31 ms)
[19/Sep/2022:18:05:17 +0800] 0:0:0:0:0:0:0:1 "GET /budget/tree2?ownId=0&selectId=2543997172191232 HTTP/1.1" 200 (30 ms)
[19/Sep/2022:18:05:17 +0800] 0:0:0:0:0:0:0:1 "GET /budget/division/machine/tree?ownId=2543997172191232&selectId=2543997172191232&rootId=2543997172191232 HTTP/1.1" 200 (20 ms)
[19/Sep/2022:18:05:18 +0800] 0:0:0:0:0:0:0:1 "GET /budget/tree2?ownId=0&selectId=3 HTTP/1.1" 200 (35 ms)
[19/Sep/2022:18:05:18 +0800] 0:0:0:0:0:0:0:1 "GET /budget/division/machine/tree?ownId=3&selectId=3&rootId=3 HTTP/1.1" 200 (18 ms)
[19/Sep/2022:18:05:20 +0800] 0:0:0:0:0:0:0:1 "GET /budget/tree2?ownId=3&selectId=13 HTTP/1.1" 200 (32 ms)
[19/Sep/2022:18:05:20 +0800] 0:0:0:0:0:0:0:1 "GET /budget/division/machine/tree?ownId=13&selectId=13&rootId=13 HTTP/1.1" 200 (14 ms)
[19/Sep/2022:18:05:21 +0800] 0:0:0:0:0:0:0:1 "GET /budget/tree2?ownId=0&selectId=2 HTTP/1.1" 200 (43 ms)
[19/Sep/2022:18:05:21 +0800] 0:0:0:0:0:0:0:1 "GET /budget/division/machine/tree?ownId=2&selectId=2&rootId=2 HTTP/1.1" 200 (20 ms)
[19/Sep/2022:18:05:23 +0800] 0:0:0:0:0:0:0:1 "GET /budget/division/machine/tree?ownId=2182155098787840&selectId=2182155098787840&rootId=2182155098787840 HTTP/1.1" 200 (18 ms)
[19/Sep/2022:18:05:28 +0800] 0:0:0:0:0:0:0:1 "OPTIONS /budget/division/push HTTP/1.1" 200 (3 ms)
[19/Sep/2022:18:05:28 +0800] 0:0:0:0:0:0:0:1 "POST /budget/division/push HTTP/1.1" 200 (486 ms)
[19/Sep/2022:18:05:31 +0800] 0:0:0:0:0:0:0:1 "GET /budget/division/machine/tree?ownId=2604943806697472&selectId=2604943806697472&rootId=2604943806697472 HTTP/1.1" 200 (18 ms)
[19/Sep/2022:18:05:31 +0800] 0:0:0:0:0:0:0:1 "GET /budget/division/machine/tree?ownId=2604943806697472&selectId=2604943806697472&rootId=2604943806697472 HTTP/1.1" 200 (18 ms)
[19/Sep/2022:18:05:38 +0800] 0:0:0:0:0:0:0:1 "GET /budget/division/machine/tree?ownId=2914674156900352&selectId=2914674156900352&rootId=2914674156900352 HTTP/1.1" 200 (20 ms)
[19/Sep/2022:18:05:39 +0800] 0:0:0:0:0:0:0:1 "POST /budget/division/push HTTP/1.1" 200 (413 ms)
[19/Sep/2022:18:05:44 +0800] 0:0:0:0:0:0:0:1 "GET /project/tree?rootId=0 HTTP/1.1" 200 (23 ms)
[19/Sep/2022:18:05:44 +0800] 0:0:0:0:0:0:0:1 "GET /budget/tree2?ownId=0&selectId=2543997172191232 HTTP/1.1" 200 (50 ms)
[19/Sep/2022:18:05:44 +0800] 0:0:0:0:0:0:0:1 "GET /budget/division/machine/tree?ownId=2543997172191232&selectId=2543997172191232&rootId=2543997172191232 HTTP/1.1" 200 (36 ms)
[19/Sep/2022:18:05:45 +0800] 0:0:0:0:0:0:0:1 "GET /budget/tree2?ownId=0&selectId=2 HTTP/1.1" 200 (43 ms)
[19/Sep/2022:18:05:46 +0800] 0:0:0:0:0:0:0:1 "GET /budget/division/machine/tree?ownId=2&selectId=2&rootId=2 HTTP/1.1" 200 (22 ms)
[19/Sep/2022:18:13:56 +0800] 0:0:0:0:0:0:0:1 "GET /budget/division/machine/tree?ownId=8&selectId=8&rootId=8 HTTP/1.1" 200 (26 ms)
[19/Sep/2022:18:14:08 +0800] 0:0:0:0:0:0:0:1 "POST /budget/division/push HTTP/1.1" 200 (10 ms)
[19/Sep/2022:18:14:12 +0800] 0:0:0:0:0:0:0:1 "GET /budget/division/machine/tree?ownId=2916855920594944&selectId=2916855920594944&rootId=2916855920594944 HTTP/1.1" 200 (17 ms)
[19/Sep/2022:18:14:13 +0800] 0:0:0:0:0:0:0:1 "GET /budget/division/machine/tree?ownId=2916855920594944&selectId=2916855920594944&rootId=2916855920594944 HTTP/1.1" 200 (79 ms)
[19/Sep/2022:18:14:16 +0800] 0:0:0:0:0:0:0:1 "POST /budget/division/push HTTP/1.1" 200 (28 ms)
[19/Sep/2022:18:14:16 +0800] 0:0:0:0:0:0:0:1 "GET /budget/division/machine/tree?ownId=8&selectId=8&rootId=8 HTTP/1.1" 200 (36 ms)
[19/Sep/2022:18:14:16 +0800] 0:0:0:0:0:0:0:1 "GET /budget/division/machine/tree?ownId=8&selectId=8&rootId=8 HTTP/1.1" 200 (20 ms)
[19/Sep/2022:18:15:19 +0800] 0:0:0:0:0:0:0:1 "GET /project/tree?rootId=0 HTTP/1.1" 200 (33 ms)
[19/Sep/2022:18:15:20 +0800] 0:0:0:0:0:0:0:1 "GET /budget/tree2?ownId=0&selectId=2543997172191232 HTTP/1.1" 200 (56 ms)
[19/Sep/2022:18:15:20 +0800] 0:0:0:0:0:0:0:1 "GET /budget/division/machine/tree?ownId=2543997172191232&selectId=2543997172191232&rootId=2543997172191232 HTTP/1.1" 200 (25 ms)
[19/Sep/2022:18:50:01 +0800] 0:0:0:0:0:0:0:1 "GET /project/tree?rootId=0 HTTP/1.1" 200 (116 ms)
[19/Sep/2022:18:50:01 +0800] 0:0:0:0:0:0:0:1 "GET /budget/tree2?ownId=0&selectId=2543997172191232 HTTP/1.1" 200 (44 ms)
[19/Sep/2022:18:50:01 +0800] 0:0:0:0:0:0:0:1 "GET /budget/division/machine/tree?ownId=2543997172191232&selectId=2543997172191232&rootId=2543997172191232 HTTP/1.1" 200 (38 ms)
[19/Sep/2022:18:50:08 +0800] 0:0:0:0:0:0:0:1 "GET /budget/tree2?ownId=2&selectId=11 HTTP/1.1" 200 (35 ms)
[19/Sep/2022:18:50:09 +0800] 0:0:0:0:0:0:0:1 "GET /budget/division/machine/tree?ownId=11&selectId=11&rootId=11 HTTP/1.1" 200 (20 ms)
[19/Sep/2022:18:50:11 +0800] 0:0:0:0:0:0:0:1 "GET /budget/division/machine/tree?ownId=2182155098787840&selectId=2182155098787840&rootId=2182155098787840 HTTP/1.1" 200 (20 ms)
[19/Sep/2022:18:50:15 +0800] 0:0:0:0:0:0:0:1 "GET /budget/division/machine/tree?ownId=2182156281581568&selectId=2182156281581568&rootId=2182156281581568 HTTP/1.1" 200 (14 ms)
[19/Sep/2022:18:50:17 +0800] 0:0:0:0:0:0:0:1 "GET /budget/division/machine/tree?ownId=2182155098787840&selectId=2182155098787840&rootId=2182155098787840 HTTP/1.1" 200 (17 ms)
[19/Sep/2022:18:50:19 +0800] 0:0:0:0:0:0:0:1 "OPTIONS /budget/division/push HTTP/1.1" 200 (2 ms)
[19/Sep/2022:18:50:19 +0800] 0:0:0:0:0:0:0:1 "POST /budget/division/push HTTP/1.1" 200 (313 ms)
[19/Sep/2022:18:50:25 +0800] 0:0:0:0:0:0:0:1 "GET /budget/division/machine/tree?ownId=11&selectId=11&rootId=11 HTTP/1.1" 200 (16 ms)
[19/Sep/2022:18:50:28 +0800] 0:0:0:0:0:0:0:1 "GET /project/tree?rootId=0 HTTP/1.1" 200 (23 ms)
[19/Sep/2022:18:50:28 +0800] 0:0:0:0:0:0:0:1 "GET /budget/tree2?ownId=0&selectId=2543997172191232 HTTP/1.1" 200 (53 ms)
[19/Sep/2022:18:50:28 +0800] 0:0:0:0:0:0:0:1 "GET /budget/division/machine/tree?ownId=2543997172191232&selectId=2543997172191232&rootId=2543997172191232 HTTP/1.1" 200 (25 ms)
[19/Sep/2022:18:50:30 +0800] 0:0:0:0:0:0:0:1 "GET /budget/tree2?ownId=0&selectId=2 HTTP/1.1" 200 (38 ms)
[19/Sep/2022:18:50:30 +0800] 0:0:0:0:0:0:0:1 "GET /budget/division/machine/tree?ownId=2&selectId=2&rootId=2 HTTP/1.1" 200 (17 ms)
[19/Sep/2022:18:55:17 +0800] 0:0:0:0:0:0:0:1 "GET /budget/division/machine/tree?ownId=2182156281581568&selectId=2182156281581568&rootId=2182156281581568 HTTP/1.1" 200 (827 ms)
[19/Sep/2022:19:01:01 +0800] 0:0:0:0:0:0:0:1 "GET /budget/division/machine/tree?ownId=2182156281581568&selectId=2182156281581568&rootId=2182156281581568 HTTP/1.1" 200 (849 ms)
[19/Sep/2022:19:01:10 +0800] 0:0:0:0:0:0:0:1 "POST /budget/division/push HTTP/1.1" 200 (8548 ms)
[19/Sep/2022:19:01:19 +0800] 0:0:0:0:0:0:0:1 "POST /budget/division/push HTTP/1.1" 200 (3685 ms)
[19/Sep/2022:19:01:28 +0800] 0:0:0:0:0:0:0:1 "OPTIONS /budget/division/machine/push HTTP/1.1" 200 (4 ms)
[19/Sep/2022:19:01:29 +0800] 0:0:0:0:0:0:0:1 "POST /budget/division/machine/push HTTP/1.1" 200 (354 ms)
[19/Sep/2022:19:01:37 +0800] 0:0:0:0:0:0:0:1 "POST /budget/division/machine/push HTTP/1.1" 200 (120 ms)
[19/Sep/2022:19:01:39 +0800] 0:0:0:0:0:0:0:1 "POST /budget/division/machine/push HTTP/1.1" 200 (17 ms)
[19/Sep/2022:19:06:18 +0800] 0:0:0:0:0:0:0:1 "GET /project/tree?rootId=0 HTTP/1.1" 200 (54 ms)
[19/Sep/2022:19:06:18 +0800] 0:0:0:0:0:0:0:1 "GET /budget/tree2?ownId=0&selectId=2543997172191232 HTTP/1.1" 200 (35 ms)
[19/Sep/2022:19:06:18 +0800] 0:0:0:0:0:0:0:1 "GET /budget/division/machine/tree?ownId=2543997172191232&selectId=2543997172191232&rootId=2543997172191232 HTTP/1.1" 200 (22 ms)
[19/Sep/2022:19:07:48 +0800] 0:0:0:0:0:0:0:1 "GET /project/tree?rootId=0 HTTP/1.1" 200 (53 ms)
[19/Sep/2022:19:07:48 +0800] 0:0:0:0:0:0:0:1 "GET /budget/tree2?ownId=0&selectId=2543997172191232 HTTP/1.1" 200 (40 ms)
[19/Sep/2022:19:07:48 +0800] 0:0:0:0:0:0:0:1 "GET /budget/division/machine/tree?ownId=2543997172191232&selectId=2543997172191232&rootId=2543997172191232 HTTP/1.1" 200 (17 ms)
[19/Sep/2022:19:07:52 +0800] 0:0:0:0:0:0:0:1 "GET /project/tree?rootId=0 HTTP/1.1" 200 (30 ms)
[19/Sep/2022:19:07:52 +0800] 0:0:0:0:0:0:0:1 "GET /budget/tree2?ownId=0&selectId=2543997172191232 HTTP/1.1" 200 (57 ms)
[19/Sep/2022:19:07:52 +0800] 0:0:0:0:0:0:0:1 "GET /budget/division/machine/tree?ownId=2543997172191232&selectId=2543997172191232&rootId=2543997172191232 HTTP/1.1" 200 (24 ms)
[19/Sep/2022:19:08:15 +0800] 0:0:0:0:0:0:0:1 "GET /project/tree?rootId=0 HTTP/1.1" 200 (35 ms)
[19/Sep/2022:19:08:15 +0800] 0:0:0:0:0:0:0:1 "GET /budget/tree2?ownId=0&selectId=2543997172191232 HTTP/1.1" 200 (56 ms)
[19/Sep/2022:19:08:15 +0800] 0:0:0:0:0:0:0:1 "GET /budget/division/machine/tree?ownId=2543997172191232&selectId=2543997172191232&rootId=2543997172191232 HTTP/1.1" 200 (26 ms)
[19/Sep/2022:19:08:18 +0800] 0:0:0:0:0:0:0:1 "GET /project/tree?rootId=0 HTTP/1.1" 200 (25 ms)
[19/Sep/2022:19:08:19 +0800] 0:0:0:0:0:0:0:1 "GET /budget/tree2?ownId=0&selectId=2543997172191232 HTTP/1.1" 200 (42 ms)
[19/Sep/2022:19:08:19 +0800] 0:0:0:0:0:0:0:1 "GET /budget/division/machine/tree?ownId=2543997172191232&selectId=2543997172191232&rootId=2543997172191232 HTTP/1.1" 200 (25 ms)
[19/Sep/2022:19:37:46 +0800] 0:0:0:0:0:0:0:1 "GET /project/tree?rootId=0 HTTP/1.1" 200 (76 ms)
[19/Sep/2022:19:37:46 +0800] 0:0:0:0:0:0:0:1 "GET /budget/tree2?ownId=0&selectId=2543997172191232 HTTP/1.1" 200 (58 ms)
[19/Sep/2022:19:37:46 +0800] 0:0:0:0:0:0:0:1 "GET /budget/measure/machine/tree?ownId=2543997172191232&selectId=2543997172191232&rootId=2543997172191232 HTTP/1.1" 200 (59 ms)
[19/Sep/2022:19:38:29 +0800] 0:0:0:0:0:0:0:1 "GET /budget/tree2?ownId=0&selectId=3 HTTP/1.1" 200 (894 ms)
[19/Sep/2022:19:38:29 +0800] 0:0:0:0:0:0:0:1 "GET /budget/measure/machine/tree?ownId=3&selectId=3&rootId=3 HTTP/1.1" 200 (28 ms)
[19/Sep/2022:19:38:29 +0800] 0:0:0:0:0:0:0:1 "GET /budget/tree2?ownId=3&selectId=13 HTTP/1.1" 200 (49 ms)
[19/Sep/2022:19:38:29 +0800] 0:0:0:0:0:0:0:1 "GET /budget/measure/machine/tree?ownId=13&selectId=13&rootId=13 HTTP/1.1" 200 (27 ms)
[19/Sep/2022:19:38:30 +0800] 0:0:0:0:0:0:0:1 "GET /budget/tree2?ownId=3&selectId=13 HTTP/1.1" 200 (33 ms)
[19/Sep/2022:19:38:31 +0800] 0:0:0:0:0:0:0:1 "GET /budget/measure/machine/tree?ownId=13&selectId=13&rootId=13 HTTP/1.1" 200 (19 ms)
[19/Sep/2022:19:38:31 +0800] 0:0:0:0:0:0:0:1 "GET /budget/tree2?ownId=0&selectId=3 HTTP/1.1" 200 (42 ms)
[19/Sep/2022:19:38:32 +0800] 0:0:0:0:0:0:0:1 "GET /budget/measure/machine/tree?ownId=3&selectId=3&rootId=3 HTTP/1.1" 200 (28 ms)
[19/Sep/2022:19:38:33 +0800] 0:0:0:0:0:0:0:1 "GET /budget/tree2?ownId=0&selectId=2 HTTP/1.1" 200 (46 ms)
[19/Sep/2022:19:38:33 +0800] 0:0:0:0:0:0:0:1 "GET /budget/measure/machine/tree?ownId=2&selectId=2&rootId=2 HTTP/1.1" 200 (21 ms)
[19/Sep/2022:19:38:47 +0800] 0:0:0:0:0:0:0:1 "GET /budget/tree2?ownId=2&selectId=11 HTTP/1.1" 200 (47 ms)
[19/Sep/2022:19:38:48 +0800] 0:0:0:0:0:0:0:1 "GET /budget/measure/machine/tree?ownId=11&selectId=11&rootId=11 HTTP/1.1" 200 (17 ms)
[19/Sep/2022:19:38:49 +0800] 0:0:0:0:0:0:0:1 "GET /budget/tree2?ownId=2&selectId=9 HTTP/1.1" 200 (39 ms)
[19/Sep/2022:19:38:49 +0800] 0:0:0:0:0:0:0:1 "GET /budget/measure/machine/tree?ownId=9&selectId=9&rootId=9 HTTP/1.1" 200 (18 ms)
[19/Sep/2022:19:38:51 +0800] 0:0:0:0:0:0:0:1 "GET /budget/tree2?ownId=0&selectId=2 HTTP/1.1" 200 (48 ms)
[19/Sep/2022:19:38:51 +0800] 0:0:0:0:0:0:0:1 "GET /budget/measure/machine/tree?ownId=2&selectId=2&rootId=2 HTTP/1.1" 200 (21 ms)
[19/Sep/2022:19:38:54 +0800] 0:0:0:0:0:0:0:1 "GET /project/tree?rootId=0 HTTP/1.1" 200 (32 ms)
[19/Sep/2022:19:38:54 +0800] 0:0:0:0:0:0:0:1 "GET /budget/tree2?ownId=0&selectId=2543997172191232 HTTP/1.1" 200 (57 ms)
[19/Sep/2022:19:38:54 +0800] 0:0:0:0:0:0:0:1 "GET /budget/measure/machine/tree?ownId=2543997172191232&selectId=2543997172191232&rootId=2543997172191232 HTTP/1.1" 200 (30 ms)
[19/Sep/2022:19:38:56 +0800] 0:0:0:0:0:0:0:1 "GET /budget/tree2?ownId=0&selectId=3 HTTP/1.1" 200 (38 ms)
[19/Sep/2022:19:38:56 +0800] 0:0:0:0:0:0:0:1 "GET /budget/measure/machine/tree?ownId=3&selectId=3&rootId=3 HTTP/1.1" 200 (21 ms)
[19/Sep/2022:19:38:57 +0800] 0:0:0:0:0:0:0:1 "GET /budget/tree2?ownId=0&selectId=2 HTTP/1.1" 200 (40 ms)
[19/Sep/2022:19:38:57 +0800] 0:0:0:0:0:0:0:1 "GET /budget/measure/machine/tree?ownId=2&selectId=2&rootId=2 HTTP/1.1" 200 (18 ms)
[19/Sep/2022:19:39:28 +0800] 0:0:0:0:0:0:0:1 "GET /budget/measure/machine/tree?ownId=2916855920594944&selectId=2916855920594944&rootId=2916855920594944 HTTP/1.1" 200 (18 ms)
[19/Sep/2022:19:39:54 +0800] 0:0:0:0:0:0:0:1 "GET /budget/tree2?ownId=3&selectId=13 HTTP/1.1" 200 (33 ms)
[19/Sep/2022:19:39:54 +0800] 0:0:0:0:0:0:0:1 "GET /budget/measure/machine/tree?ownId=13&selectId=13&rootId=13 HTTP/1.1" 200 (14 ms)
[19/Sep/2022:19:39:54 +0800] 0:0:0:0:0:0:0:1 "GET /budget/measure/machine/tree?ownId=13&selectId=13&rootId=13 HTTP/1.1" 200 (15 ms)
[19/Sep/2022:19:39:55 +0800] 0:0:0:0:0:0:0:1 "GET /budget/tree2?ownId=0&selectId=2 HTTP/1.1" 200 (52 ms)
[19/Sep/2022:19:39:55 +0800] 0:0:0:0:0:0:0:1 "GET /budget/measure/machine/tree?ownId=2&selectId=2&rootId=2 HTTP/1.1" 200 (22 ms)
[19/Sep/2022:19:40:04 +0800] 0:0:0:0:0:0:0:1 "GET /budget/tree2?ownId=0&selectId=3 HTTP/1.1" 200 (38 ms)
[19/Sep/2022:19:40:04 +0800] 0:0:0:0:0:0:0:1 "GET /budget/measure/machine/tree?ownId=3&selectId=3&rootId=3 HTTP/1.1" 200 (24 ms)
[19/Sep/2022:19:40:05 +0800] 0:0:0:0:0:0:0:1 "GET /budget/tree2?ownId=0&selectId=2 HTTP/1.1" 200 (44 ms)
[19/Sep/2022:19:40:05 +0800] 0:0:0:0:0:0:0:1 "GET /budget/measure/machine/tree?ownId=2&selectId=2&rootId=2 HTTP/1.1" 200 (20 ms)
[19/Sep/2022:19:46:46 +0800] 0:0:0:0:0:0:0:1 "GET /project/tree?rootId=0 HTTP/1.1" 200 (1470 ms)
[19/Sep/2022:19:46:46 +0800] 0:0:0:0:0:0:0:1 "GET /budget/measure/tree2?ownId=0&selectId=2543997172191232 HTTP/1.1" 200 (91 ms)
[19/Sep/2022:19:46:46 +0800] 0:0:0:0:0:0:0:1 "GET /budget/measure/machine/tree?ownId=2543997172191232&selectId=2543997172191232&rootId=2543997172191232 HTTP/1.1" 200 (22 ms)
[19/Sep/2022:19:46:50 +0800] 0:0:0:0:0:0:0:1 "GET /budget/measure/tree2?ownId=0&selectId=3 HTTP/1.1" 200 (42 ms)
[19/Sep/2022:19:46:50 +0800] 0:0:0:0:0:0:0:1 "GET /budget/measure/machine/tree?ownId=3&selectId=3&rootId=3 HTTP/1.1" 200 (19 ms)
[19/Sep/2022:19:46:51 +0800] 0:0:0:0:0:0:0:1 "GET /budget/measure/tree2?ownId=0&selectId=2 HTTP/1.1" 200 (45 ms)
[19/Sep/2022:19:46:51 +0800] 0:0:0:0:0:0:0:1 "GET /budget/measure/machine/tree?ownId=2&selectId=2&rootId=2 HTTP/1.1" 200 (26 ms)
[19/Sep/2022:19:46:55 +0800] 0:0:0:0:0:0:0:1 "GET /budget/measure/tree2?ownId=2&selectId=9 HTTP/1.1" 200 (51 ms)
[19/Sep/2022:19:46:55 +0800] 0:0:0:0:0:0:0:1 "GET /budget/measure/machine/tree?ownId=9&selectId=9&rootId=9 HTTP/1.1" 200 (27 ms)
[19/Sep/2022:19:46:57 +0800] 0:0:0:0:0:0:0:1 "GET /budget/measure/tree2?ownId=2&selectId=11 HTTP/1.1" 200 (33 ms)
[19/Sep/2022:19:46:57 +0800] 0:0:0:0:0:0:0:1 "GET /budget/measure/machine/tree?ownId=11&selectId=11&rootId=11 HTTP/1.1" 200 (18 ms)
[19/Sep/2022:19:47:00 +0800] 0:0:0:0:0:0:0:1 "GET /budget/measure/machine/tree?ownId=11&selectId=11&rootId=11 HTTP/1.1" 200 (24 ms)
[19/Sep/2022:19:47:01 +0800] 0:0:0:0:0:0:0:1 "OPTIONS /budget/measure/push HTTP/1.1" 200 (3 ms)
[19/Sep/2022:19:47:01 +0800] 0:0:0:0:0:0:0:1 "POST /budget/measure/push HTTP/1.1" 200 (363 ms)
[19/Sep/2022:19:47:03 +0800] 0:0:0:0:0:0:0:1 "GET /budget/measure/machine/tree?ownId=2940230810341376&selectId=2940230810341376&rootId=2940230810341376 HTTP/1.1" 200 (19 ms)
[19/Sep/2022:19:47:03 +0800] 0:0:0:0:0:0:0:1 "GET /budget/measure/machine/tree?ownId=2940230810341376&selectId=2940230810341376&rootId=2940230810341376 HTTP/1.1" 200 (17 ms)
[19/Sep/2022:19:47:05 +0800] 0:0:0:0:0:0:0:1 "POST /budget/measure/push HTTP/1.1" 200 (23 ms)
[19/Sep/2022:19:47:05 +0800] 0:0:0:0:0:0:0:1 "GET /budget/measure/machine/tree?ownId=2940230810341376&selectId=2940230810341376&rootId=2940230810341376 HTTP/1.1" 200 (26 ms)
[19/Sep/2022:19:47:06 +0800] 0:0:0:0:0:0:0:1 "GET /budget/measure/machine/tree?ownId=11&selectId=11&rootId=11 HTTP/1.1" 200 (15 ms)
[19/Sep/2022:19:47:08 +0800] 0:0:0:0:0:0:0:1 "GET /budget/measure/tree2?ownId=2&selectId=9 HTTP/1.1" 200 (43 ms)
[19/Sep/2022:19:47:08 +0800] 0:0:0:0:0:0:0:1 "GET /budget/measure/machine/tree?ownId=9&selectId=9&rootId=9 HTTP/1.1" 200 (22 ms)
[19/Sep/2022:19:47:10 +0800] 0:0:0:0:0:0:0:1 "GET /budget/measure/tree2?ownId=2&selectId=9 HTTP/1.1" 200 (52 ms)
[19/Sep/2022:19:47:10 +0800] 0:0:0:0:0:0:0:1 "GET /budget/measure/machine/tree?ownId=9&selectId=9&rootId=9 HTTP/1.1" 200 (25 ms)
[19/Sep/2022:19:47:11 +0800] 0:0:0:0:0:0:0:1 "GET /budget/measure/tree2?ownId=2&selectId=11 HTTP/1.1" 200 (40 ms)
[19/Sep/2022:19:47:12 +0800] 0:0:0:0:0:0:0:1 "GET /budget/measure/machine/tree?ownId=11&selectId=11&rootId=11 HTTP/1.1" 200 (22 ms)
[19/Sep/2022:19:47:13 +0800] 0:0:0:0:0:0:0:1 "GET /budget/measure/tree2?ownId=2&selectId=9 HTTP/1.1" 200 (38 ms)
[19/Sep/2022:19:47:13 +0800] 0:0:0:0:0:0:0:1 "GET /budget/measure/machine/tree?ownId=9&selectId=9&rootId=9 HTTP/1.1" 200 (18 ms)
[19/Sep/2022:19:47:14 +0800] 0:0:0:0:0:0:0:1 "GET /budget/measure/tree2?ownId=0&selectId=2 HTTP/1.1" 200 (36 ms)
[19/Sep/2022:19:47:14 +0800] 0:0:0:0:0:0:0:1 "GET /budget/measure/machine/tree?ownId=2&selectId=2&rootId=2 HTTP/1.1" 200 (18 ms)
[19/Sep/2022:19:47:16 +0800] 0:0:0:0:0:0:0:1 "GET /budget/measure/tree2?ownId=0&selectId=2 HTTP/1.1" 200 (41 ms)
[19/Sep/2022:19:47:16 +0800] 0:0:0:0:0:0:0:1 "GET /budget/measure/machine/tree?ownId=2&selectId=2&rootId=2 HTTP/1.1" 200 (22 ms)
[19/Sep/2022:19:47:17 +0800] 0:0:0:0:0:0:0:1 "GET /budget/measure/tree2?ownId=2&selectId=9 HTTP/1.1" 200 (38 ms)
[19/Sep/2022:19:47:17 +0800] 0:0:0:0:0:0:0:1 "GET /budget/measure/machine/tree?ownId=9&selectId=9&rootId=9 HTTP/1.1" 200 (26 ms)
[19/Sep/2022:19:47:18 +0800] 0:0:0:0:0:0:0:1 "GET /budget/measure/tree2?ownId=2&selectId=11 HTTP/1.1" 200 (33 ms)
[19/Sep/2022:19:47:18 +0800] 0:0:0:0:0:0:0:1 "GET /budget/measure/machine/tree?ownId=11&selectId=11&rootId=11 HTTP/1.1" 200 (14 ms)
[19/Sep/2022:19:49:41 +0800] 0:0:0:0:0:0:0:1 "GET /project/tree?rootId=0 HTTP/1.1" 200 (31 ms)
[19/Sep/2022:19:49:41 +0800] 0:0:0:0:0:0:0:1 "GET /budget/measure/tree2?ownId=0&selectId=2543997172191232 HTTP/1.1" 200 (30 ms)
[19/Sep/2022:19:49:42 +0800] 0:0:0:0:0:0:0:1 "GET /budget/measure/machine/tree HTTP/1.1" 200 (15 ms)
[19/Sep/2022:19:50:32 +0800] 0:0:0:0:0:0:0:1 "GET /project/tree?rootId=0 HTTP/1.1" 200 (30 ms)
[19/Sep/2022:19:50:32 +0800] 0:0:0:0:0:0:0:1 "GET /budget/measure/tree2?ownId=0&selectId=2543997172191232 HTTP/1.1" 200 (57 ms)
[19/Sep/2022:19:50:34 +0800] 0:0:0:0:0:0:0:1 "GET /budget/measure/tree2?ownId=0&selectId=3 HTTP/1.1" 200 (35 ms)
[19/Sep/2022:19:50:35 +0800] 0:0:0:0:0:0:0:1 "GET /budget/measure/tree2?ownId=0&selectId=2 HTTP/1.1" 200 (34 ms)
[19/Sep/2022:19:50:41 +0800] 0:0:0:0:0:0:0:1 "GET /budget/measure/tree2?ownId=0&selectId=3 HTTP/1.1" 200 (32 ms)
[19/Sep/2022:19:50:43 +0800] 0:0:0:0:0:0:0:1 "GET /budget/measure/tree2?ownId=0&selectId=2543997172191232 HTTP/1.1" 200 (30 ms)
[19/Sep/2022:19:50:52 +0800] 0:0:0:0:0:0:0:1 "GET /budget/measure/tree2?ownId=0&selectId=2 HTTP/1.1" 200 (34 ms)
[19/Sep/2022:19:50:58 +0800] 0:0:0:0:0:0:0:1 "GET /project/tree?rootId=0 HTTP/1.1" 200 (26 ms)
[19/Sep/2022:19:50:58 +0800] 0:0:0:0:0:0:0:1 "GET /budget/division/tree2?ownId=0&selectId=2543997172191232 HTTP/1.1" 200 (69 ms)
[19/Sep/2022:19:50:59 +0800] 0:0:0:0:0:0:0:1 "GET /budget/division/machine/tree?ownId=2543997172191232&selectId=2543997172191232&rootId=2543997172191232 HTTP/1.1" 200 (44 ms)
[19/Sep/2022:19:51:01 +0800] 0:0:0:0:0:0:0:1 "GET /budget/division/tree2?ownId=0&selectId=3 HTTP/1.1" 200 (36 ms)
[19/Sep/2022:19:51:02 +0800] 0:0:0:0:0:0:0:1 "GET /budget/division/machine/tree?ownId=3&selectId=3&rootId=3 HTTP/1.1" 200 (15 ms)
[19/Sep/2022:19:51:04 +0800] 0:0:0:0:0:0:0:1 "GET /budget/division/tree2?ownId=3&selectId=13 HTTP/1.1" 200 (34 ms)
[19/Sep/2022:19:51:04 +0800] 0:0:0:0:0:0:0:1 "GET /budget/division/machine/tree?ownId=13&selectId=13&rootId=13 HTTP/1.1" 200 (17 ms)
[19/Sep/2022:19:51:05 +0800] 0:0:0:0:0:0:0:1 "GET /budget/division/tree2?ownId=0&selectId=2 HTTP/1.1" 200 (36 ms)
[19/Sep/2022:19:51:05 +0800] 0:0:0:0:0:0:0:1 "GET /budget/division/machine/tree?ownId=2&selectId=2&rootId=2 HTTP/1.1" 200 (18 ms)
[19/Sep/2022:19:51:07 +0800] 0:0:0:0:0:0:0:1 "GET /budget/division/tree2?ownId=2&selectId=9 HTTP/1.1" 200 (40 ms)
[19/Sep/2022:19:51:07 +0800] 0:0:0:0:0:0:0:1 "GET /budget/division/machine/tree?ownId=9&selectId=9&rootId=9 HTTP/1.1" 200 (16 ms)
[19/Sep/2022:19:51:09 +0800] 0:0:0:0:0:0:0:1 "GET /project/tree?rootId=0 HTTP/1.1" 200 (22 ms)
[19/Sep/2022:19:51:09 +0800] 0:0:0:0:0:0:0:1 "GET /budget/measure/tree2?ownId=0&selectId=2543997172191232 HTTP/1.1" 200 (34 ms)
[19/Sep/2022:19:51:11 +0800] 0:0:0:0:0:0:0:1 "GET /budget/measure/tree2?ownId=0&selectId=3 HTTP/1.1" 200 (32 ms)
[19/Sep/2022:19:51:12 +0800] 0:0:0:0:0:0:0:1 "GET /budget/measure/tree2?ownId=0&selectId=2 HTTP/1.1" 200 (35 ms)
[19/Sep/2022:19:51:14 +0800] 0:0:0:0:0:0:0:1 "GET /budget/measure/tree2?ownId=0&selectId=2 HTTP/1.1" 200 (37 ms)
[19/Sep/2022:19:51:15 +0800] 0:0:0:0:0:0:0:1 "GET /budget/measure/tree2?ownId=0&selectId=3 HTTP/1.1" 200 (30 ms)
[19/Sep/2022:19:51:16 +0800] 0:0:0:0:0:0:0:1 "GET /budget/measure/tree2?ownId=0&selectId=3 HTTP/1.1" 200 (35 ms)
[19/Sep/2022:19:51:26 +0800] 0:0:0:0:0:0:0:1 "GET /budget/measure/tree2?ownId=0&selectId=3 HTTP/1.1" 200 (30 ms)
[19/Sep/2022:19:51:27 +0800] 0:0:0:0:0:0:0:1 "GET /budget/measure/tree2?ownId=0&selectId=2 HTTP/1.1" 200 (34 ms)
[19/Sep/2022:19:51:27 +0800] 0:0:0:0:0:0:0:1 "GET /budget/measure/tree2?ownId=0&selectId=2 HTTP/1.1" 200 (35 ms)
[19/Sep/2022:19:52:00 +0800] 0:0:0:0:0:0:0:1 "GET /project/tree?rootId=0 HTTP/1.1" 200 (26 ms)
[19/Sep/2022:19:52:00 +0800] 0:0:0:0:0:0:0:1 "GET /budget/division/tree2?ownId=0&selectId=2543997172191232 HTTP/1.1" 200 (44 ms)
[19/Sep/2022:19:52:01 +0800] 0:0:0:0:0:0:0:1 "GET /budget/division/machine/tree?ownId=2543997172191232&selectId=2543997172191232&rootId=2543997172191232 HTTP/1.1" 200 (33 ms)
[19/Sep/2022:19:52:05 +0800] 0:0:0:0:0:0:0:1 "GET /budget/division/tree2?ownId=0&selectId=2 HTTP/1.1" 200 (39 ms)
[19/Sep/2022:19:52:05 +0800] 0:0:0:0:0:0:0:1 "GET /budget/division/machine/tree?ownId=2&selectId=2&rootId=2 HTTP/1.1" 200 (20 ms)
[19/Sep/2022:19:52:09 +0800] 0:0:0:0:0:0:0:1 "GET /budget/division/tree2?ownId=2&selectId=9 HTTP/1.1" 200 (37 ms)
[19/Sep/2022:19:52:09 +0800] 0:0:0:0:0:0:0:1 "GET /budget/division/machine/tree?ownId=9&selectId=9&rootId=9 HTTP/1.1" 200 (17 ms)
[19/Sep/2022:19:52:11 +0800] 0:0:0:0:0:0:0:1 "GET /budget/division/tree2?ownId=0&selectId=3 HTTP/1.1" 200 (32 ms)
[19/Sep/2022:19:52:12 +0800] 0:0:0:0:0:0:0:1 "GET /budget/division/machine/tree?ownId=3&selectId=3&rootId=3 HTTP/1.1" 200 (22 ms)
[19/Sep/2022:19:52:17 +0800] 0:0:0:0:0:0:0:1 "GET /project/tree?rootId=0 HTTP/1.1" 200 (25 ms)
[19/Sep/2022:19:52:17 +0800] 0:0:0:0:0:0:0:1 "GET /budget/measure/tree2?ownId=0&selectId=2543997172191232 HTTP/1.1" 200 (36 ms)
[19/Sep/2022:20:00:37 +0800] 0:0:0:0:0:0:0:1 "GET /project/tree?rootId=0 HTTP/1.1" 200 (1465 ms)
[19/Sep/2022:20:00:37 +0800] 0:0:0:0:0:0:0:1 "GET /budget/measure/tree2?ownId=0&selectId=2543997172191232 HTTP/1.1" 500 (117 ms)
[19/Sep/2022:20:00:46 +0800] 0:0:0:0:0:0:0:1 "GET /budget/measure/tree2?ownId=0&selectId=3 HTTP/1.1" 500 (40 ms)
[19/Sep/2022:20:00:48 +0800] 0:0:0:0:0:0:0:1 "GET /budget/measure/tree2?ownId=3&selectId=13 HTTP/1.1" 500 (57 ms)
[19/Sep/2022:20:10:06 +0800] 0:0:0:0:0:0:0:1 "GET /project/tree?rootId=0 HTTP/1.1" 200 (1036 ms)
[19/Sep/2022:20:10:06 +0800] 0:0:0:0:0:0:0:1 "GET /budget/measure/tree2?ownId=0&selectId=2543997172191232 HTTP/1.1" 200 (55 ms)
[19/Sep/2022:20:10:06 +0800] 0:0:0:0:0:0:0:1 "GET /budget/measure/machine/tree?ownId=2543997172191232&selectId=2543997172191232&rootId=2543997172191232 HTTP/1.1" 200 (28 ms)
[19/Sep/2022:20:10:08 +0800] 0:0:0:0:0:0:0:1 "GET /budget/measure/tree2?ownId=0&selectId=3 HTTP/1.1" 200 (40 ms)
[19/Sep/2022:20:10:08 +0800] 0:0:0:0:0:0:0:1 "GET /budget/measure/machine/tree?ownId=3&selectId=3&rootId=3 HTTP/1.1" 200 (21 ms)
[19/Sep/2022:20:10:09 +0800] 0:0:0:0:0:0:0:1 "GET /budget/measure/tree2?ownId=0&selectId=2 HTTP/1.1" 200 (49 ms)
[19/Sep/2022:20:10:10 +0800] 0:0:0:0:0:0:0:1 "GET /budget/measure/machine/tree?ownId=2&selectId=2&rootId=2 HTTP/1.1" 200 (21 ms)
[19/Sep/2022:20:10:19 +0800] 0:0:0:0:0:0:0:1 "GET /budget/measure/machine/tree?ownId=2940230810341376&selectId=2940230810341376&rootId=2940230810341376 HTTP/1.1" 200 (20 ms)
[19/Sep/2022:20:10:19 +0800] 0:0:0:0:0:0:0:1 "GET /budget/measure/machine/tree?ownId=2940230810341376&selectId=2940230810341376&rootId=2940230810341376 HTTP/1.1" 200 (24 ms)
[19/Sep/2022:20:10:21 +0800] 0:0:0:0:0:0:0:1 "GET /budget/measure/machine/tree?ownId=11&selectId=11&rootId=11 HTTP/1.1" 200 (20 ms)
[19/Sep/2022:20:10:21 +0800] 0:0:0:0:0:0:0:1 "POST /budget/measure/push HTTP/1.1" 200 (76 ms)
[19/Sep/2022:20:10:22 +0800] 0:0:0:0:0:0:0:1 "GET /budget/measure/machine/tree?ownId=11&selectId=11&rootId=11 HTTP/1.1" 200 (15 ms)
[19/Sep/2022:20:10:25 +0800] 0:0:0:0:0:0:0:1 "GET /budget/measure/tree2?ownId=3&selectId=13 HTTP/1.1" 200 (39 ms)
[19/Sep/2022:20:10:25 +0800] 0:0:0:0:0:0:0:1 "GET /budget/measure/machine/tree?ownId=13&selectId=13&rootId=13 HTTP/1.1" 200 (15 ms)
[19/Sep/2022:20:10:25 +0800] 0:0:0:0:0:0:0:1 "GET /budget/measure/machine/tree?ownId=13&selectId=13&rootId=13 HTTP/1.1" 200 (12 ms)
[19/Sep/2022:20:10:26 +0800] 0:0:0:0:0:0:0:1 "GET /budget/measure/tree2?ownId=0&selectId=2 HTTP/1.1" 200 (45 ms)
[19/Sep/2022:20:10:26 +0800] 0:0:0:0:0:0:0:1 "GET /budget/measure/machine/tree?ownId=2&selectId=2&rootId=2 HTTP/1.1" 200 (22 ms)
[19/Sep/2022:20:10:28 +0800] 0:0:0:0:0:0:0:1 "GET /budget/measure/tree2?ownId=3&selectId=13 HTTP/1.1" 200 (33 ms)
[19/Sep/2022:20:10:28 +0800] 0:0:0:0:0:0:0:1 "GET /budget/measure/machine/tree?ownId=13&selectId=13&rootId=13 HTTP/1.1" 200 (19 ms)
[19/Sep/2022:20:10:29 +0800] 0:0:0:0:0:0:0:1 "GET /budget/measure/tree2?ownId=0&selectId=2 HTTP/1.1" 200 (39 ms)
[19/Sep/2022:20:10:29 +0800] 0:0:0:0:0:0:0:1 "GET /budget/measure/machine/tree?ownId=2&selectId=2&rootId=2 HTTP/1.1" 200 (18 ms)
[19/Sep/2022:20:10:32 +0800] 0:0:0:0:0:0:0:1 "GET /budget/measure/machine/tree?ownId=2940230810341376&selectId=2940230810341376&rootId=2940230810341376 HTTP/1.1" 200 (41 ms)
[19/Sep/2022:20:10:32 +0800] 0:0:0:0:0:0:0:1 "GET /budget/measure/machine/tree?ownId=2940230810341376&selectId=2940230810341376&rootId=2940230810341376 HTTP/1.1" 200 (14 ms)
[19/Sep/2022:20:11:25 +0800] 0:0:0:0:0:0:0:1 "POST /budget/measure/push HTTP/1.1" 200 (22 ms)
[19/Sep/2022:20:11:25 +0800] 0:0:0:0:0:0:0:1 "GET /budget/measure/machine/tree?ownId=2940230810341376&selectId=2940230810341376&rootId=2940230810341376 HTTP/1.1" 200 (29 ms)
[19/Sep/2022:20:11:25 +0800] 0:0:0:0:0:0:0:1 "GET /budget/measure/machine/tree?ownId=2940230810341376&selectId=2940230810341376&rootId=2940230810341376 HTTP/1.1" 200 (15 ms)
[19/Sep/2022:20:11:26 +0800] 0:0:0:0:0:0:0:1 "GET /budget/measure/machine/tree?ownId=2940230810341376&selectId=2940230810341376&rootId=2940230810341376 HTTP/1.1" 200 (18 ms)
[19/Sep/2022:20:11:26 +0800] 0:0:0:0:0:0:0:1 "POST /budget/measure/push HTTP/1.1" 200 (117 ms)
[19/Sep/2022:20:11:28 +0800] 0:0:0:0:0:0:0:1 "GET /budget/measure/tree2?ownId=3&selectId=13 HTTP/1.1" 200 (34 ms)
[19/Sep/2022:20:11:28 +0800] 0:0:0:0:0:0:0:1 "GET /budget/measure/machine/tree?ownId=13&selectId=13&rootId=13 HTTP/1.1" 200 (29 ms)
[19/Sep/2022:20:11:28 +0800] 0:0:0:0:0:0:0:1 "GET /budget/measure/machine/tree?ownId=13&selectId=13&rootId=13 HTTP/1.1" 200 (20 ms)
[19/Sep/2022:20:11:29 +0800] 0:0:0:0:0:0:0:1 "GET /budget/measure/tree2?ownId=0&selectId=2 HTTP/1.1" 200 (39 ms)
[19/Sep/2022:20:11:29 +0800] 0:0:0:0:0:0:0:1 "GET /budget/measure/machine/tree?ownId=2&selectId=2&rootId=2 HTTP/1.1" 200 (18 ms)
[19/Sep/2022:20:11:36 +0800] 0:0:0:0:0:0:0:1 "GET /budget/measure/machine/tree?ownId=2940230810341376&selectId=2940230810341376&rootId=2940230810341376 HTTP/1.1" 200 (18 ms)
[19/Sep/2022:20:11:39 +0800] 0:0:0:0:0:0:0:1 "POST /budget/measure/push HTTP/1.1" 200 (308 ms)
[19/Sep/2022:20:11:44 +0800] 0:0:0:0:0:0:0:1 "POST /budget/measure/push HTTP/1.1" 200 (8 ms)
[19/Sep/2022:20:11:45 +0800] 0:0:0:0:0:0:0:1 "GET /budget/measure/tree2?ownId=3&selectId=13 HTTP/1.1" 200 (31 ms)
[19/Sep/2022:20:11:45 +0800] 0:0:0:0:0:0:0:1 "GET /budget/measure/machine/tree?ownId=13&selectId=13&rootId=13 HTTP/1.1" 200 (15 ms)
[19/Sep/2022:20:11:46 +0800] 0:0:0:0:0:0:0:1 "GET /budget/measure/tree2?ownId=0&selectId=2 HTTP/1.1" 200 (39 ms)
[19/Sep/2022:20:11:46 +0800] 0:0:0:0:0:0:0:1 "GET /budget/measure/machine/tree?ownId=2&selectId=2&rootId=2 HTTP/1.1" 200 (20 ms)
[19/Sep/2022:20:11:57 +0800] 0:0:0:0:0:0:0:1 "GET /budget/measure/machine/tree?ownId=11&selectId=11&rootId=11 HTTP/1.1" 200 (20 ms)
[19/Sep/2022:20:12:08 +0800] 0:0:0:0:0:0:0:1 "GET /budget/measure/machine/tree?ownId=11&selectId=11&rootId=11 HTTP/1.1" 200 (14 ms)
[19/Sep/2022:20:12:11 +0800] 0:0:0:0:0:0:0:1 "GET /budget/measure/machine/tree?ownId=11&selectId=11&rootId=11 HTTP/1.1" 200 (16 ms)
[19/Sep/2022:20:12:14 +0800] 0:0:0:0:0:0:0:1 "GET /budget/measure/machine/tree?ownId=11&selectId=11&rootId=11 HTTP/1.1" 200 (22 ms)
[19/Sep/2022:20:12:20 +0800] 0:0:0:0:0:0:0:1 "POST /budget/measure/push HTTP/1.1" 200 (358 ms)
[19/Sep/2022:20:12:22 +0800] 0:0:0:0:0:0:0:1 "GET /budget/measure/machine/tree?ownId=2946601400274944&selectId=2946601400274944&rootId=2946601400274944 HTTP/1.1" 200 (17 ms)
[19/Sep/2022:20:12:22 +0800] 0:0:0:0:0:0:0:1 "GET /budget/measure/machine/tree?ownId=2946601400274944&selectId=2946601400274944&rootId=2946601400274944 HTTP/1.1" 200 (16 ms)
[19/Sep/2022:20:12:24 +0800] 0:0:0:0:0:0:0:1 "POST /budget/measure/push HTTP/1.1" 200 (11 ms)
[19/Sep/2022:20:12:24 +0800] 0:0:0:0:0:0:0:1 "GET /budget/measure/machine/tree?ownId=11&selectId=11&rootId=11 HTTP/1.1" 200 (16 ms)
[19/Sep/2022:20:12:25 +0800] 0:0:0:0:0:0:0:1 "GET /budget/measure/tree2?ownId=2&selectId=9 HTTP/1.1" 200 (36 ms)
[19/Sep/2022:20:12:25 +0800] 0:0:0:0:0:0:0:1 "GET /budget/measure/machine/tree?ownId=9&selectId=9&rootId=9 HTTP/1.1" 200 (19 ms)
[19/Sep/2022:20:12:26 +0800] 0:0:0:0:0:0:0:1 "GET /budget/measure/tree2?ownId=0&selectId=2 HTTP/1.1" 200 (35 ms)
[19/Sep/2022:20:12:26 +0800] 0:0:0:0:0:0:0:1 "GET /budget/measure/machine/tree?ownId=2&selectId=2&rootId=2 HTTP/1.1" 200 (28 ms)
[19/Sep/2022:20:12:29 +0800] 0:0:0:0:0:0:0:1 "GET /budget/measure/machine/tree?ownId=2946601400274944&selectId=2946601400274944&rootId=2946601400274944 HTTP/1.1" 200 (20 ms)
[19/Sep/2022:20:12:31 +0800] 0:0:0:0:0:0:0:1 "POST /budget/measure/push HTTP/1.1" 200 (135 ms)
[19/Sep/2022:20:12:32 +0800] 0:0:0:0:0:0:0:1 "POST /budget/measure/push HTTP/1.1" 200 (28 ms)
[19/Sep/2022:20:12:34 +0800] 0:0:0:0:0:0:0:1 "GET /budget/measure/machine/tree?ownId=2946601400274944&selectId=2946601400274944&rootId=2946601400274944 HTTP/1.1" 200 (15 ms)
[19/Sep/2022:20:12:36 +0800] 0:0:0:0:0:0:0:1 "POST /budget/measure/push HTTP/1.1" 200 (12 ms)
[19/Sep/2022:20:12:37 +0800] 0:0:0:0:0:0:0:1 "GET /budget/measure/tree2?ownId=3&selectId=13 HTTP/1.1" 200 (31 ms)
[19/Sep/2022:20:12:37 +0800] 0:0:0:0:0:0:0:1 "GET /budget/measure/machine/tree?ownId=13&selectId=13&rootId=13 HTTP/1.1" 200 (16 ms)
[19/Sep/2022:20:12:37 +0800] 0:0:0:0:0:0:0:1 "GET /budget/measure/machine/tree?ownId=13&selectId=13&rootId=13 HTTP/1.1" 200 (12 ms)
[19/Sep/2022:20:12:38 +0800] 0:0:0:0:0:0:0:1 "GET /budget/measure/tree2?ownId=0&selectId=2 HTTP/1.1" 200 (36 ms)
[19/Sep/2022:20:12:38 +0800] 0:0:0:0:0:0:0:1 "GET /budget/measure/machine/tree?ownId=2&selectId=2&rootId=2 HTTP/1.1" 200 (20 ms)
[19/Sep/2022:20:12:40 +0800] 0:0:0:0:0:0:0:1 "GET /budget/measure/machine/tree?ownId=2946601400274944&selectId=2946601400274944&rootId=2946601400274944 HTTP/1.1" 200 (17 ms)
[19/Sep/2022:20:45:59 +0800] 0:0:0:0:0:0:0:1 "POST /system/token HTTP/1.1" 200 (135 ms)
[19/Sep/2022:20:45:59 +0800] 0:0:0:0:0:0:0:1 "GET /system/menu HTTP/1.1" 200 (75 ms)
[19/Sep/2022:20:46:01 +0800] 0:0:0:0:0:0:0:1 "GET /project/fetch?ownId=0 HTTP/1.1" 200 (1221 ms)
[19/Sep/2022:20:46:04 +0800] 0:0:0:0:0:0:0:1 "GET /project/tree?rootId=0 HTTP/1.1" 200 (35 ms)
[19/Sep/2022:20:46:04 +0800] 0:0:0:0:0:0:0:1 "GET /budget/division/tree2?ownId=0&selectId=2543997172191232 HTTP/1.1" 200 (68 ms)
[19/Sep/2022:20:46:04 +0800] 0:0:0:0:0:0:0:1 "GET /budget/division/machine/tree?ownId=2543997172191232&selectId=2543997172191232&rootId=2543997172191232 HTTP/1.1" 200 (51 ms)
[19/Sep/2022:20:46:07 +0800] 0:0:0:0:0:0:0:1 "GET /budget/division/tree2?ownId=0&selectId=3 HTTP/1.1" 200 (38 ms)
[19/Sep/2022:20:46:07 +0800] 0:0:0:0:0:0:0:1 "GET /budget/division/machine/tree?ownId=3&selectId=3&rootId=3 HTTP/1.1" 200 (31 ms)
[19/Sep/2022:20:46:08 +0800] 0:0:0:0:0:0:0:1 "GET /budget/division/tree2?ownId=0&selectId=2 HTTP/1.1" 200 (51 ms)
[19/Sep/2022:20:46:08 +0800] 0:0:0:0:0:0:0:1 "GET /budget/division/machine/tree?ownId=2&selectId=2&rootId=2 HTTP/1.1" 200 (17 ms)
[19/Sep/2022:20:46:09 +0800] 0:0:0:0:0:0:0:1 "GET /budget/division/machine/tree?ownId=2916855920594944&selectId=2916855920594944&rootId=2916855920594944 HTTP/1.1" 200 (21 ms)
[19/Sep/2022:20:46:12 +0800] 0:0:0:0:0:0:0:1 "OPTIONS /budget/division/push HTTP/1.1" 200 (4 ms)
[19/Sep/2022:20:46:13 +0800] 0:0:0:0:0:0:0:1 "POST /budget/division/push HTTP/1.1" 200 (81 ms)
[19/Sep/2022:20:46:13 +0800] 0:0:0:0:0:0:0:1 "GET /budget/division/machine/tree?ownId=8&selectId=8&rootId=8 HTTP/1.1" 200 (19 ms)
[19/Sep/2022:20:46:16 +0800] 0:0:0:0:0:0:0:1 "GET /budget/division/tree2?ownId=2&selectId=9 HTTP/1.1" 200 (47 ms)
[19/Sep/2022:20:46:16 +0800] 0:0:0:0:0:0:0:1 "GET /budget/division/machine/tree?ownId=11&selectId=11&rootId=11 HTTP/1.1" 200 (18 ms)
[19/Sep/2022:20:46:16 +0800] 0:0:0:0:0:0:0:1 "GET /budget/division/machine/tree?ownId=9&selectId=9&rootId=9 HTTP/1.1" 200 (23 ms)
[19/Sep/2022:20:46:17 +0800] 0:0:0:0:0:0:0:1 "GET /budget/division/tree2?ownId=0&selectId=2 HTTP/1.1" 200 (41 ms)
[19/Sep/2022:20:46:17 +0800] 0:0:0:0:0:0:0:1 "GET /budget/division/machine/tree?ownId=2&selectId=2&rootId=2 HTTP/1.1" 200 (17 ms)
[19/Sep/2022:20:46:18 +0800] 0:0:0:0:0:0:0:1 "GET /budget/division/machine/tree?ownId=11&selectId=11&rootId=11 HTTP/1.1" 200 (17 ms)
[19/Sep/2022:20:46:19 +0800] 0:0:0:0:0:0:0:1 "GET /budget/division/machine/tree?ownId=9&selectId=9&rootId=9 HTTP/1.1" 200 (15 ms)
[19/Sep/2022:20:46:19 +0800] 0:0:0:0:0:0:0:1 "GET /budget/division/machine/tree?ownId=9&selectId=9&rootId=9 HTTP/1.1" 200 (13 ms)
[19/Sep/2022:20:46:20 +0800] 0:0:0:0:0:0:0:1 "GET /budget/division/machine/tree?ownId=2&selectId=2&rootId=2 HTTP/1.1" 200 (15 ms)
[19/Sep/2022:20:46:30 +0800] 0:0:0:0:0:0:0:1 "GET /project/tree?rootId=0 HTTP/1.1" 200 (24 ms)
[19/Sep/2022:20:46:30 +0800] 0:0:0:0:0:0:0:1 "GET /budget/measure/tree2?ownId=0&selectId=2543997172191232 HTTP/1.1" 200 (46 ms)
[19/Sep/2022:20:46:30 +0800] 0:0:0:0:0:0:0:1 "GET /budget/measure/machine/tree?ownId=2543997172191232&selectId=2543997172191232&rootId=2543997172191232 HTTP/1.1" 200 (46 ms)
[19/Sep/2022:20:46:32 +0800] 0:0:0:0:0:0:0:1 "GET /budget/measure/tree2?ownId=0&selectId=2 HTTP/1.1" 200 (38 ms)
[19/Sep/2022:20:46:32 +0800] 0:0:0:0:0:0:0:1 "GET /budget/measure/machine/tree?ownId=2&selectId=2&rootId=2 HTTP/1.1" 200 (16 ms)
[19/Sep/2022:20:46:33 +0800] 0:0:0:0:0:0:0:1 "GET /budget/measure/machine/tree?ownId=2946601400274944&selectId=2946601400274944&rootId=2946601400274944 HTTP/1.1" 200 (19 ms)
[19/Sep/2022:20:48:04 +0800] 0:0:0:0:0:0:0:1 "GET /project/tree?rootId=0 HTTP/1.1" 200 (35 ms)
[19/Sep/2022:20:48:04 +0800] 0:0:0:0:0:0:0:1 "GET /budget/measure/tree2?ownId=0&selectId=2543997172191232 HTTP/1.1" 200 (58 ms)
[19/Sep/2022:20:48:04 +0800] 0:0:0:0:0:0:0:1 "GET /budget/measure/machine/tree?ownId=2543997172191232&selectId=2543997172191232&rootId=2543997172191232 HTTP/1.1" 200 (29 ms)
[19/Sep/2022:20:48:06 +0800] 0:0:0:0:0:0:0:1 "GET /budget/measure/tree2?ownId=0&selectId=2 HTTP/1.1" 200 (39 ms)
[19/Sep/2022:20:48:06 +0800] 0:0:0:0:0:0:0:1 "GET /budget/measure/machine/tree?ownId=2&selectId=2&rootId=2 HTTP/1.1" 200 (16 ms)
[19/Sep/2022:20:48:07 +0800] 0:0:0:0:0:0:0:1 "GET /budget/measure/machine/tree?ownId=2946601400274944&selectId=2946601400274944&rootId=2946601400274944 HTTP/1.1" 200 (17 ms)
[19/Sep/2022:20:48:14 +0800] 0:0:0:0:0:0:0:1 "OPTIONS /budget/measure/push HTTP/1.1" 200 (1 ms)
[19/Sep/2022:20:48:14 +0800] 0:0:0:0:0:0:0:1 "POST /budget/measure/push HTTP/1.1" 200 (120 ms)
[19/Sep/2022:20:48:18 +0800] 0:0:0:0:0:0:0:1 "GET /budget/measure/machine/tree?ownId=9&selectId=9&rootId=9 HTTP/1.1" 200 (15 ms)
[19/Sep/2022:20:48:23 +0800] 0:0:0:0:0:0:0:1 "GET /budget/measure/machine/tree?ownId=11&selectId=11&rootId=11 HTTP/1.1" 200 (14 ms)
[19/Sep/2022:20:48:33 +0800] 0:0:0:0:0:0:0:1 "OPTIONS /budget/measure/machine/push HTTP/1.1" 200 (1 ms)
[19/Sep/2022:20:48:33 +0800] 0:0:0:0:0:0:0:1 "POST /budget/measure/machine/push HTTP/1.1" 200 (132 ms)
[19/Sep/2022:20:48:37 +0800] 0:0:0:0:0:0:0:1 "POST /budget/measure/machine/push HTTP/1.1" 200 (26 ms)
[19/Sep/2022:20:48:39 +0800] 0:0:0:0:0:0:0:1 "GET /budget/measure/machine/tree?ownId=9&selectId=9&rootId=9 HTTP/1.1" 200 (18 ms)
[19/Sep/2022:20:48:42 +0800] 0:0:0:0:0:0:0:1 "GET /budget/measure/machine/tree?ownId=11&selectId=11&rootId=11 HTTP/1.1" 200 (15 ms)
[19/Sep/2022:21:02:39 +0800] 0:0:0:0:0:0:0:1 "GET /project/tree?rootId=0 HTTP/1.1" 200 (1014 ms)
[19/Sep/2022:21:02:39 +0800] 0:0:0:0:0:0:0:1 "GET /budget/measure/tree2?ownId=0&selectId=2543997172191232 HTTP/1.1" 200 (57 ms)
[19/Sep/2022:21:02:39 +0800] 0:0:0:0:0:0:0:1 "GET /budget/measure/machine/tree?ownId=2543997172191232&selectId=2543997172191232&rootId=2543997172191232 HTTP/1.1" 200 (36 ms)
[19/Sep/2022:21:03:11 +0800] 0:0:0:0:0:0:0:1 "POST /system/token HTTP/1.1" 200 (10 ms)
[19/Sep/2022:21:03:12 +0800] 0:0:0:0:0:0:0:1 "GET /system/menu HTTP/1.1" 200 (65 ms)
[19/Sep/2022:21:03:12 +0800] 0:0:0:0:0:0:0:1 "GET /project/fetch?ownId=0 HTTP/1.1" 200 (31 ms)
[19/Sep/2022:21:04:50 +0800] 0:0:0:0:0:0:0:1 "GET /project/fetch?ownId=0 HTTP/1.1" 200 (37 ms)
[19/Sep/2022:21:06:19 +0800] 0:0:0:0:0:0:0:1 "GET /project/fetch?ownId=0 HTTP/1.1" 200 (35 ms)
[19/Sep/2022:21:22:05 +0800] 0:0:0:0:0:0:0:1 "GET /project/fetch?ownId=0 HTTP/1.1" 200 (1736 ms)
[19/Sep/2022:21:22:07 +0800] 0:0:0:0:0:0:0:1 "GET /project/fetch?ownId=0 HTTP/1.1" 200 (41 ms)
[19/Sep/2022:21:45:36 +0800] 0:0:0:0:0:0:0:1 "POST /system/token HTTP/1.1" 200 (194 ms)
[19/Sep/2022:21:45:36 +0800] 0:0:0:0:0:0:0:1 "GET /system/menu HTTP/1.1" 200 (78 ms)
[19/Sep/2022:21:45:38 +0800] 0:0:0:0:0:0:0:1 "GET /project/fetch?ownId=0 HTTP/1.1" 200 (1237 ms)
[19/Sep/2022:21:45:40 +0800] 0:0:0:0:0:0:0:1 "GET /project/tree?rootId=0 HTTP/1.1" 200 (41 ms)
[19/Sep/2022:21:45:40 +0800] 0:0:0:0:0:0:0:1 "GET /budget/other/fetch?ownId=0&selectId=2543997172191232 HTTP/1.1" 200 (19 ms)
[19/Sep/2022:21:45:48 +0800] 0:0:0:0:0:0:0:1 "GET /budget/other/fetch?ownId=0&selectId=3 HTTP/1.1" 200 (14 ms)
[19/Sep/2022:21:45:49 +0800] 0:0:0:0:0:0:0:1 "GET /budget/other/fetch?ownId=3&selectId=13 HTTP/1.1" 200 (10 ms)
[19/Sep/2022:21:45:50 +0800] 0:0:0:0:0:0:0:1 "GET /budget/other/fetch?ownId=0&selectId=2 HTTP/1.1" 200 (10 ms)
[19/Sep/2022:21:45:51 +0800] 0:0:0:0:0:0:0:1 "GET /budget/other/fetch?ownId=2&selectId=9 HTTP/1.1" 200 (12 ms)
[19/Sep/2022:21:45:51 +0800] 0:0:0:0:0:0:0:1 "GET /budget/other/fetch?ownId=2&selectId=11 HTTP/1.1" 200 (10 ms)
[19/Sep/2022:21:45:52 +0800] 0:0:0:0:0:0:0:1 "GET /budget/other/fetch?ownId=2&selectId=8 HTTP/1.1" 200 (9 ms)
[19/Sep/2022:21:46:16 +0800] 0:0:0:0:0:0:0:1 "GET /budget/other/fetch?ownId=2&selectId=11 HTTP/1.1" 200 (10 ms)
[19/Sep/2022:21:48:37 +0800] 0:0:0:0:0:0:0:1 "GET /budget/other/fetch?ownId=2&selectId=8 HTTP/1.1" 200 (29 ms)
[19/Sep/2022:21:48:40 +0800] 0:0:0:0:0:0:0:1 "GET /budget/other/fetch?ownId=2&selectId=11 HTTP/1.1" 200 (9 ms)
[19/Sep/2022:21:48:42 +0800] 0:0:0:0:0:0:0:1 "GET /budget/other/fetch?ownId=2&selectId=9 HTTP/1.1" 200 (11 ms)
[19/Sep/2022:21:48:43 +0800] 0:0:0:0:0:0:0:1 "GET /budget/other/fetch?ownId=2&selectId=9 HTTP/1.1" 200 (14 ms)
[19/Sep/2022:21:50:08 +0800] 0:0:0:0:0:0:0:1 "GET /project/tree?rootId=0 HTTP/1.1" 200 (75 ms)
[19/Sep/2022:21:50:08 +0800] 0:0:0:0:0:0:0:1 "GET /budget/other/fetch?ownId=0&selectId=2543997172191232 HTTP/1.1" 200 (26 ms)
[19/Sep/2022:21:50:18 +0800] 0:0:0:0:0:0:0:1 "GET /budget/other/fetch?ownId=0&selectId=2543997172191232 HTTP/1.1" 200 (11 ms)
[19/Sep/2022:21:50:22 +0800] 0:0:0:0:0:0:0:1 "GET /budget/other/fetch?ownId=0&selectId=3 HTTP/1.1" 200 (15 ms)
[19/Sep/2022:21:50:24 +0800] 0:0:0:0:0:0:0:1 "GET /budget/other/fetch?ownId=3&selectId=13 HTTP/1.1" 200 (14 ms)
[19/Sep/2022:21:50:35 +0800] 0:0:0:0:0:0:0:1 "GET /budget/other/fetch?ownId=3&selectId=13 HTTP/1.1" 200 (10 ms)
