[03/Sep/2022:07:23:50 +0800] 0:0:0:0:0:0:0:1 "POST /system/token HTTP/1.1" 200 (147 ms)
[03/Sep/2022:07:23:50 +0800] 0:0:0:0:0:0:0:1 "GET /system/menu HTTP/1.1" 200 (112 ms)
[03/Sep/2022:07:23:51 +0800] 0:0:0:0:0:0:0:1 "GET /project/fetch HTTP/1.1" 200 (1470 ms)
[03/Sep/2022:07:24:00 +0800] 0:0:0:0:0:0:0:1 "GET /project/fetch HTTP/1.1" 200 (26 ms)
[03/Sep/2022:07:24:16 +0800] 0:0:0:0:0:0:0:1 "GET /project/fetch HTTP/1.1" 200 (23 ms)
[03/Sep/2022:07:24:17 +0800] 0:0:0:0:0:0:0:1 "GET /favicon.ico HTTP/1.1" 404 (49 ms)
[03/Sep/2022:07:28:27 +0800] 0:0:0:0:0:0:0:1 "GET /project/fetch HTTP/1.1" 200 (1226 ms)
[03/Sep/2022:07:29:09 +0800] 0:0:0:0:0:0:0:1 "GET /project/fetch HTTP/1.1" 200 (30 ms)
[03/Sep/2022:08:03:35 +0800] 0:0:0:0:0:0:0:1 "GET /project/fetch HTTP/1.1" 500 (170 ms)
[03/Sep/2022:08:03:36 +0800] 0:0:0:0:0:0:0:1 "GET /project/fetch HTTP/1.1" 500 (25 ms)
[03/Sep/2022:08:05:18 +0800] 0:0:0:0:0:0:0:1 "GET /project/fetch HTTP/1.1" 200 (6544 ms)
[03/Sep/2022:08:05:20 +0800] 0:0:0:0:0:0:0:1 "GET /project/fetch HTTP/1.1" 200 (18 ms)
[03/Sep/2022:08:05:21 +0800] 0:0:0:0:0:0:0:1 "GET /project/fetch HTTP/1.1" 200 (16 ms)
[03/Sep/2022:08:08:07 +0800] 0:0:0:0:0:0:0:1 "GET /project/fetch HTTP/1.1" 200 (49 ms)
[03/Sep/2022:08:15:29 +0800] 0:0:0:0:0:0:0:1 "GET /project/fetch HTTP/1.1" 200 (1677 ms)
[03/Sep/2022:08:16:05 +0800] 0:0:0:0:0:0:0:1 "POST /system/token HTTP/1.1" 200 (9 ms)
[03/Sep/2022:08:16:05 +0800] 0:0:0:0:0:0:0:1 "GET /system/menu HTTP/1.1" 200 (89 ms)
[03/Sep/2022:08:16:08 +0800] 0:0:0:0:0:0:0:1 "POST /system/token HTTP/1.1" 200 (3 ms)
[03/Sep/2022:08:16:08 +0800] 0:0:0:0:0:0:0:1 "GET /system/menu HTTP/1.1" 200 (4 ms)
[03/Sep/2022:08:16:30 +0800] 0:0:0:0:0:0:0:1 "POST /system/token HTTP/1.1" 200 (3 ms)
[03/Sep/2022:08:16:30 +0800] 0:0:0:0:0:0:0:1 "GET /system/menu HTTP/1.1" 200 (6 ms)
[03/Sep/2022:08:32:31 +0800] 0:0:0:0:0:0:0:1 "POST /system/token HTTP/1.1" 200 (8 ms)
[03/Sep/2022:08:32:31 +0800] 0:0:0:0:0:0:0:1 "GET /system/menu HTTP/1.1" 200 (7 ms)
[03/Sep/2022:08:32:31 +0800] 0:0:0:0:0:0:0:1 "GET /project/fetch HTTP/1.1" 200 (30 ms)
[03/Sep/2022:08:34:14 +0800] 0:0:0:0:0:0:0:1 "GET /project/fetch HTTP/1.1" 200 (29 ms)
[03/Sep/2022:08:34:14 +0800] 0:0:0:0:0:0:0:1 "GET /project/fetch HTTP/1.1" 200 (15 ms)
[03/Sep/2022:08:34:57 +0800] 0:0:0:0:0:0:0:1 "GET /project/fetch HTTP/1.1" 200 (18 ms)
[03/Sep/2022:08:35:27 +0800] 0:0:0:0:0:0:0:1 "POST /system/token HTTP/1.1" 200 (4 ms)
[03/Sep/2022:08:35:27 +0800] 0:0:0:0:0:0:0:1 "GET /system/menu HTTP/1.1" 200 (3 ms)
[03/Sep/2022:08:35:27 +0800] 0:0:0:0:0:0:0:1 "GET /project/fetch HTTP/1.1" 200 (18 ms)
[03/Sep/2022:09:14:43 +0800] 0:0:0:0:0:0:0:1 "GET /project/fetch HTTP/1.1" 200 (136 ms)
[03/Sep/2022:09:15:04 +0800] 0:0:0:0:0:0:0:1 "GET /project/fetch HTTP/1.1" 200 (31 ms)
[03/Sep/2022:09:15:33 +0800] 0:0:0:0:0:0:0:1 "GET /project/fetch HTTP/1.1" 200 (31 ms)
[03/Sep/2022:09:20:47 +0800] 0:0:0:0:0:0:0:1 "GET /project/fetch HTTP/1.1" 200 (33 ms)
[03/Sep/2022:09:20:51 +0800] 0:0:0:0:0:0:0:1 "GET /project/fetch HTTP/1.1" 200 (15 ms)
[03/Sep/2022:09:20:54 +0800] 0:0:0:0:0:0:0:1 "GET /project/fetch HTTP/1.1" 200 (29 ms)
[03/Sep/2022:09:20:58 +0800] 0:0:0:0:0:0:0:1 "GET /project/fetch HTTP/1.1" 200 (12 ms)
[03/Sep/2022:09:22:37 +0800] 0:0:0:0:0:0:0:1 "GET /project/fetch HTTP/1.1" 200 (69 ms)
[03/Sep/2022:09:22:38 +0800] 0:0:0:0:0:0:0:1 "GET /project/fetch HTTP/1.1" 200 (14 ms)
[03/Sep/2022:09:42:33 +0800] 0:0:0:0:0:0:0:1 "GET /project/fetch HTTP/1.1" 200 (43 ms)
[03/Sep/2022:09:43:45 +0800] 0:0:0:0:0:0:0:1 "GET /project/fetch HTTP/1.1" 200 (27 ms)
[03/Sep/2022:09:45:07 +0800] 0:0:0:0:0:0:0:1 "GET /project/fetch HTTP/1.1" 200 (35 ms)
[03/Sep/2022:09:46:56 +0800] 0:0:0:0:0:0:0:1 "GET /project/fetch HTTP/1.1" 200 (33 ms)
[03/Sep/2022:09:47:45 +0800] 0:0:0:0:0:0:0:1 "GET /project/fetch HTTP/1.1" 200 (17 ms)
[03/Sep/2022:10:14:53 +0800] 0:0:0:0:0:0:0:1 "GET /project/fetch HTTP/1.1" 200 (30 ms)
[03/Sep/2022:10:23:22 +0800] 0:0:0:0:0:0:0:1 "GET /project/fetch HTTP/1.1" 200 (30 ms)
[03/Sep/2022:11:02:40 +0800] 0:0:0:0:0:0:0:1 "GET /project/fetch HTTP/1.1" 200 (2530 ms)
[03/Sep/2022:11:02:53 +0800] 0:0:0:0:0:0:0:1 "GET /project/fetch HTTP/1.1" 200 (19 ms)
[03/Sep/2022:11:04:57 +0800] 0:0:0:0:0:0:0:1 "GET /project/fetch HTTP/1.1" 200 (46 ms)
[03/Sep/2022:11:04:57 +0800] 0:0:0:0:0:0:0:1 "GET /project/fetch HTTP/1.1" 200 (19 ms)
[03/Sep/2022:11:05:01 +0800] 0:0:0:0:0:0:0:1 "GET /project/fetch HTTP/1.1" 200 (23 ms)
[03/Sep/2022:11:05:19 +0800] 0:0:0:0:0:0:0:1 "POST /project/push HTTP/1.1" 415 (51 ms)
[03/Sep/2022:11:10:21 +0800] 0:0:0:0:0:0:0:1 "GET /project/fetch HTTP/1.1" 200 (39 ms)
[03/Sep/2022:11:10:21 +0800] 0:0:0:0:0:0:0:1 "GET /project/fetch HTTP/1.1" 200 (28 ms)
[03/Sep/2022:11:10:28 +0800] 0:0:0:0:0:0:0:1 "GET /project/fetch HTTP/1.1" 200 (32 ms)
[03/Sep/2022:11:10:50 +0800] 0:0:0:0:0:0:0:1 "OPTIONS /project/push HTTP/1.1" 200 (5 ms)
[03/Sep/2022:11:10:50 +0800] 0:0:0:0:0:0:0:1 "POST /project/push HTTP/1.1" 200 (73 ms)
[03/Sep/2022:11:11:16 +0800] 0:0:0:0:0:0:0:1 "GET /project/fetch HTTP/1.1" 200 (19 ms)
[03/Sep/2022:11:14:44 +0800] 0:0:0:0:0:0:0:1 "GET /project/fetch HTTP/1.1" 200 (2096 ms)
[03/Sep/2022:11:15:06 +0800] 0:0:0:0:0:0:0:1 "POST /project/push HTTP/1.1" 200 (63 ms)
[03/Sep/2022:11:16:06 +0800] 0:0:0:0:0:0:0:1 "GET /project/fetch HTTP/1.1" 200 (35 ms)
[03/Sep/2022:11:16:06 +0800] 0:0:0:0:0:0:0:1 "GET /project/fetch HTTP/1.1" 200 (87 ms)
[03/Sep/2022:11:16:16 +0800] 0:0:0:0:0:0:0:1 "GET /project/fetch HTTP/1.1" 200 (19 ms)
[03/Sep/2022:11:16:16 +0800] 0:0:0:0:0:0:0:1 "GET /project/fetch HTTP/1.1" 200 (16 ms)
[03/Sep/2022:11:16:28 +0800] 0:0:0:0:0:0:0:1 "GET /project/fetch HTTP/1.1" 200 (18 ms)
[03/Sep/2022:11:16:28 +0800] 0:0:0:0:0:0:0:1 "GET /project/fetch HTTP/1.1" 200 (26 ms)
[03/Sep/2022:11:16:32 +0800] 0:0:0:0:0:0:0:1 "GET /project/fetch HTTP/1.1" 200 (40 ms)
[03/Sep/2022:11:16:51 +0800] 0:0:0:0:0:0:0:1 "POST /project/push HTTP/1.1" 200 (4 ms)
[03/Sep/2022:11:16:51 +0800] 0:0:0:0:0:0:0:1 "GET /project/fetch HTTP/1.1" 200 (15 ms)
[03/Sep/2022:11:18:34 +0800] 0:0:0:0:0:0:0:1 "GET /project/fetch HTTP/1.1" 200 (1671 ms)
[03/Sep/2022:11:18:54 +0800] 0:0:0:0:0:0:0:1 "POST /project/push HTTP/1.1" 200 (67 ms)
[03/Sep/2022:11:18:54 +0800] 0:0:0:0:0:0:0:1 "GET /project/fetch HTTP/1.1" 200 (18 ms)
[03/Sep/2022:11:21:45 +0800] 0:0:0:0:0:0:0:1 "GET /project/fetch HTTP/1.1" 200 (40 ms)
[03/Sep/2022:11:22:11 +0800] 0:0:0:0:0:0:0:1 "GET /project/fetch HTTP/1.1" 200 (1873 ms)
[03/Sep/2022:11:23:46 +0800] 0:0:0:0:0:0:0:1 "POST /project/push HTTP/1.1" 200 (62 ms)
[03/Sep/2022:11:23:46 +0800] 0:0:0:0:0:0:0:1 "GET /project/fetch HTTP/1.1" 200 (32 ms)
[03/Sep/2022:11:36:47 +0800] 0:0:0:0:0:0:0:1 "GET /project/fetch HTTP/1.1" 200 (1947 ms)
[03/Sep/2022:12:43:06 +0800] 0:0:0:0:0:0:0:1 "GET /project/fetch HTTP/1.1" 200 (2062 ms)
[03/Sep/2022:17:37:30 +0800] 0:0:0:0:0:0:0:1 "GET /areas/areas HTTP/1.1" 200 (81 ms)
[03/Sep/2022:17:43:05 +0800] 0:0:0:0:0:0:0:1 "GET /public/areas/areas.json HTTP/1.1" 404 (38 ms)
[03/Sep/2022:17:43:38 +0800] 0:0:0:0:0:0:0:1 "GET /public/1.html HTTP/1.1" 404 (7 ms)
[03/Sep/2022:17:45:19 +0800] 0:0:0:0:0:0:0:1 "GET /public/1.html HTTP/1.1" 404 (98 ms)
[03/Sep/2022:17:45:20 +0800] 0:0:0:0:0:0:0:1 "GET /public/1.html HTTP/1.1" 404 (8 ms)
[03/Sep/2022:17:45:20 +0800] 0:0:0:0:0:0:0:1 "GET /public/1.html HTTP/1.1" 404 (4 ms)
[03/Sep/2022:17:45:20 +0800] 0:0:0:0:0:0:0:1 "GET /public/1.html HTTP/1.1" 404 (5 ms)
[03/Sep/2022:17:47:35 +0800] 0:0:0:0:0:0:0:1 "GET /public/1.html HTTP/1.1" 404 (6 ms)
[03/Sep/2022:17:47:35 +0800] 0:0:0:0:0:0:0:1 "GET /public/1.html HTTP/1.1" 404 (5 ms)
[03/Sep/2022:17:47:36 +0800] 0:0:0:0:0:0:0:1 "GET /public/1.html HTTP/1.1" 404 (4 ms)
[03/Sep/2022:17:49:29 +0800] 0:0:0:0:0:0:0:1 "GET /static/areas.json HTTP/1.1" 404 (6 ms)
[03/Sep/2022:17:49:48 +0800] 0:0:0:0:0:0:0:1 "GET /static/areas.json HTTP/1.1" 404 (5 ms)
[03/Sep/2022:17:50:45 +0800] 0:0:0:0:0:0:0:1 "GET /static/areas.json HTTP/1.1" 404 (97 ms)
[03/Sep/2022:17:50:45 +0800] 0:0:0:0:0:0:0:1 "GET /static/areas.json HTTP/1.1" 404 (5 ms)
[03/Sep/2022:17:54:30 +0800] 0:0:0:0:0:0:0:1 "GET /static/areas.json HTTP/1.1" 200 (68 ms)
[03/Sep/2022:18:29:18 +0800] 0:0:0:0:0:0:0:1 "POST /system/token HTTP/1.1" 200 (316 ms)
[03/Sep/2022:18:29:18 +0800] 0:0:0:0:0:0:0:1 "GET /system/menu HTTP/1.1" 200 (141 ms)
[03/Sep/2022:18:29:25 +0800] 0:0:0:0:0:0:0:1 "GET /project/fetch HTTP/1.1" 200 (6792 ms)
[03/Sep/2022:18:29:52 +0800] 0:0:0:0:0:0:0:1 "GET /project/fetch HTTP/1.1" 200 (1271 ms)
[03/Sep/2022:18:31:54 +0800] 0:0:0:0:0:0:0:1 "GET /project/fetch HTTP/1.1" 200 (28 ms)
[03/Sep/2022:18:32:34 +0800] 0:0:0:0:0:0:0:1 "GET /project/fetch HTTP/1.1" 200 (19 ms)
[03/Sep/2022:18:34:35 +0800] 0:0:0:0:0:0:0:1 "GET /project/fetch HTTP/1.1" 200 (76 ms)
[03/Sep/2022:18:35:00 +0800] 0:0:0:0:0:0:0:1 "OPTIONS /project/push HTTP/1.1" 200 (6 ms)
[03/Sep/2022:18:35:00 +0800] 0:0:0:0:0:0:0:1 "POST /project/push HTTP/1.1" 200 (77 ms)
[03/Sep/2022:18:35:00 +0800] 0:0:0:0:0:0:0:1 "GET /project/fetch HTTP/1.1" 200 (11 ms)
[03/Sep/2022:18:36:57 +0800] 0:0:0:0:0:0:0:1 "GET /project/fetch HTTP/1.1" 200 (23 ms)
[03/Sep/2022:18:39:04 +0800] 0:0:0:0:0:0:0:1 "POST /system/token HTTP/1.1" 200 (13 ms)
[03/Sep/2022:18:39:04 +0800] 0:0:0:0:0:0:0:1 "GET /system/menu HTTP/1.1" 200 (75 ms)
[03/Sep/2022:18:39:04 +0800] 0:0:0:0:0:0:0:1 "GET /project/fetch HTTP/1.1" 200 (18 ms)
[03/Sep/2022:18:53:05 +0800] 0:0:0:0:0:0:0:1 "GET /project/fetch HTTP/1.1" 200 (221 ms)
[03/Sep/2022:18:58:13 +0800] 0:0:0:0:0:0:0:1 "GET /project/fetch HTTP/1.1" 200 (29 ms)
[03/Sep/2022:19:08:54 +0800] 0:0:0:0:0:0:0:1 "GET /project/fetch HTTP/1.1" 200 (23 ms)
[03/Sep/2022:19:09:01 +0800] 0:0:0:0:0:0:0:1 "GET /project/fetch HTTP/1.1" 200 (11 ms)
[03/Sep/2022:19:09:39 +0800] 0:0:0:0:0:0:0:1 "GET /project/fetch HTTP/1.1" 200 (16 ms)
[03/Sep/2022:19:12:02 +0800] 0:0:0:0:0:0:0:1 "GET /project/fetch HTTP/1.1" 200 (43 ms)
[03/Sep/2022:19:12:25 +0800] 0:0:0:0:0:0:0:1 "GET /project/fetch HTTP/1.1" 200 (22 ms)
[03/Sep/2022:19:12:31 +0800] 0:0:0:0:0:0:0:1 "GET /project/fetch HTTP/1.1" 200 (27 ms)
[03/Sep/2022:19:13:24 +0800] 0:0:0:0:0:0:0:1 "GET /project/fetch HTTP/1.1" 200 (21 ms)
[03/Sep/2022:19:14:35 +0800] 0:0:0:0:0:0:0:1 "GET /project/fetch HTTP/1.1" 200 (40 ms)
[03/Sep/2022:19:14:35 +0800] 0:0:0:0:0:0:0:1 "GET /project/fetch HTTP/1.1" 200 (11 ms)
[03/Sep/2022:19:16:00 +0800] 0:0:0:0:0:0:0:1 "GET /project/fetch HTTP/1.1" 200 (30 ms)
[03/Sep/2022:19:16:05 +0800] 0:0:0:0:0:0:0:1 "GET /project/fetch HTTP/1.1" 200 (16 ms)
[03/Sep/2022:19:16:23 +0800] 0:0:0:0:0:0:0:1 "GET /project/fetch HTTP/1.1" 200 (11 ms)
[03/Sep/2022:19:17:27 +0800] 0:0:0:0:0:0:0:1 "GET /project/fetch HTTP/1.1" 200 (37 ms)
[03/Sep/2022:19:17:31 +0800] 0:0:0:0:0:0:0:1 "GET /project/fetch HTTP/1.1" 200 (12 ms)
[03/Sep/2022:20:24:45 +0800] 0:0:0:0:0:0:0:1 "GET /project/fetch HTTP/1.1" 200 (278 ms)
[03/Sep/2022:20:25:43 +0800] 0:0:0:0:0:0:0:1 "GET /project/fetch HTTP/1.1" 200 (18 ms)
[03/Sep/2022:20:26:30 +0800] 0:0:0:0:0:0:0:1 "GET /project/fetch HTTP/1.1" 200 (18 ms)
[03/Sep/2022:20:27:28 +0800] 0:0:0:0:0:0:0:1 "GET /project/fetch HTTP/1.1" 200 (16 ms)
[03/Sep/2022:20:28:07 +0800] 0:0:0:0:0:0:0:1 "GET /project/fetch HTTP/1.1" 200 (21 ms)
[03/Sep/2022:20:30:52 +0800] 0:0:0:0:0:0:0:1 "GET /project/fetch HTTP/1.1" 200 (33 ms)
[03/Sep/2022:20:31:00 +0800] 0:0:0:0:0:0:0:1 "GET /project/fetch HTTP/1.1" 200 (13 ms)
[03/Sep/2022:20:34:07 +0800] 0:0:0:0:0:0:0:1 "GET /project/fetch HTTP/1.1" 200 (33 ms)
[03/Sep/2022:20:34:12 +0800] 0:0:0:0:0:0:0:1 "GET /project/fetch HTTP/1.1" 200 (13 ms)
[03/Sep/2022:20:37:08 +0800] 0:0:0:0:0:0:0:1 "GET /project/fetch HTTP/1.1" 200 (31 ms)
[03/Sep/2022:20:37:09 +0800] 0:0:0:0:0:0:0:1 "GET /project/fetch HTTP/1.1" 200 (10 ms)
[03/Sep/2022:20:37:09 +0800] 0:0:0:0:0:0:0:1 "GET /project/fetch HTTP/1.1" 200 (10 ms)
[03/Sep/2022:20:37:09 +0800] 0:0:0:0:0:0:0:1 "GET /project/fetch HTTP/1.1" 200 (10 ms)
[03/Sep/2022:20:38:10 +0800] 0:0:0:0:0:0:0:1 "GET /project/fetch HTTP/1.1" 200 (37 ms)
[03/Sep/2022:20:39:16 +0800] 0:0:0:0:0:0:0:1 "GET /project/fetch HTTP/1.1" 200 (33 ms)
[03/Sep/2022:20:39:21 +0800] 0:0:0:0:0:0:0:1 "GET /project/fetch HTTP/1.1" 200 (11 ms)
[03/Sep/2022:20:39:53 +0800] 0:0:0:0:0:0:0:1 "GET /project/fetch HTTP/1.1" 200 (19 ms)
[03/Sep/2022:20:40:29 +0800] 0:0:0:0:0:0:0:1 "GET /project/fetch HTTP/1.1" 200 (13 ms)
[03/Sep/2022:20:40:35 +0800] 0:0:0:0:0:0:0:1 "GET /project/fetch HTTP/1.1" 200 (9 ms)
[03/Sep/2022:20:42:38 +0800] 0:0:0:0:0:0:0:1 "GET /project/fetch HTTP/1.1" 200 (31 ms)
[03/Sep/2022:20:42:42 +0800] 0:0:0:0:0:0:0:1 "GET /project/fetch HTTP/1.1" 200 (21 ms)
[03/Sep/2022:20:42:59 +0800] 0:0:0:0:0:0:0:1 "OPTIONS /project/push HTTP/1.1" 200 (11 ms)
[03/Sep/2022:20:42:59 +0800] 0:0:0:0:0:0:0:1 "POST /project/push HTTP/1.1" 200 (433 ms)
[03/Sep/2022:20:42:59 +0800] 0:0:0:0:0:0:0:1 "GET /project/fetch HTTP/1.1" 200 (9 ms)
[03/Sep/2022:20:43:10 +0800] 0:0:0:0:0:0:0:1 "GET /project/fetch HTTP/1.1" 200 (9 ms)
[03/Sep/2022:20:44:52 +0800] 0:0:0:0:0:0:0:1 "GET /project/fetch HTTP/1.1" 200 (22 ms)
[03/Sep/2022:20:45:06 +0800] 0:0:0:0:0:0:0:1 "GET /project/fetch HTTP/1.1" 200 (10 ms)
[03/Sep/2022:20:46:14 +0800] 0:0:0:0:0:0:0:1 "GET /project/fetch HTTP/1.1" 200 (33 ms)
[03/Sep/2022:20:46:14 +0800] 0:0:0:0:0:0:0:1 "GET /project/fetch HTTP/1.1" 200 (6 ms)
[03/Sep/2022:20:46:42 +0800] 0:0:0:0:0:0:0:1 "GET /project/fetch HTTP/1.1" 200 (8 ms)
[03/Sep/2022:20:47:00 +0800] 0:0:0:0:0:0:0:1 "GET /project/fetch HTTP/1.1" 200 (11 ms)
[03/Sep/2022:20:47:58 +0800] 0:0:0:0:0:0:0:1 "GET /project/fetch HTTP/1.1" 200 (12 ms)
[03/Sep/2022:20:48:02 +0800] 0:0:0:0:0:0:0:1 "GET /project/fetch HTTP/1.1" 200 (15 ms)
[03/Sep/2022:20:48:24 +0800] 0:0:0:0:0:0:0:1 "GET /project/fetch HTTP/1.1" 200 (7 ms)
[03/Sep/2022:20:48:41 +0800] 0:0:0:0:0:0:0:1 "GET /project/fetch HTTP/1.1" 200 (9 ms)
[03/Sep/2022:20:49:31 +0800] 0:0:0:0:0:0:0:1 "GET /project/fetch HTTP/1.1" 200 (8 ms)
[03/Sep/2022:20:49:35 +0800] 0:0:0:0:0:0:0:1 "GET /project/fetch HTTP/1.1" 200 (8 ms)
[03/Sep/2022:20:50:05 +0800] 0:0:0:0:0:0:0:1 "GET /project/fetch HTTP/1.1" 200 (12 ms)
[03/Sep/2022:20:50:06 +0800] 0:0:0:0:0:0:0:1 "GET /project/fetch HTTP/1.1" 200 (9 ms)
[03/Sep/2022:20:50:32 +0800] 0:0:0:0:0:0:0:1 "GET /project/fetch HTTP/1.1" 200 (14 ms)
[03/Sep/2022:20:50:53 +0800] 0:0:0:0:0:0:0:1 "GET /project/fetch HTTP/1.1" 200 (14 ms)
[03/Sep/2022:20:51:24 +0800] 0:0:0:0:0:0:0:1 "POST /project/push HTTP/1.1" 200 (313 ms)
[03/Sep/2022:20:51:24 +0800] 0:0:0:0:0:0:0:1 "GET /project/fetch HTTP/1.1" 200 (6 ms)
[03/Sep/2022:20:54:21 +0800] 0:0:0:0:0:0:0:1 "GET /project/fetch HTTP/1.1" 200 (24 ms)
[03/Sep/2022:20:55:52 +0800] 0:0:0:0:0:0:0:1 "GET /project/fetch HTTP/1.1" 200 (23 ms)
[03/Sep/2022:21:00:51 +0800] 0:0:0:0:0:0:0:1 "GET /project/fetch HTTP/1.1" 200 (27 ms)
[03/Sep/2022:21:01:12 +0800] 0:0:0:0:0:0:0:1 "GET /project/fetch HTTP/1.1" 200 (10 ms)
[03/Sep/2022:21:10:43 +0800] 0:0:0:0:0:0:0:1 "GET /project/fetch HTTP/1.1" 200 (28 ms)
[03/Sep/2022:21:11:30 +0800] 0:0:0:0:0:0:0:1 "GET /project/fetch HTTP/1.1" 200 (11 ms)
[03/Sep/2022:21:13:21 +0800] 0:0:0:0:0:0:0:1 "GET /project/fetch HTTP/1.1" 200 (28 ms)
[03/Sep/2022:21:14:51 +0800] 0:0:0:0:0:0:0:1 "GET /project/fetch HTTP/1.1" 200 (32 ms)
[03/Sep/2022:21:14:53 +0800] 0:0:0:0:0:0:0:1 "GET /project/fetch HTTP/1.1" 200 (11 ms)
[03/Sep/2022:21:16:16 +0800] 0:0:0:0:0:0:0:1 "GET /project/fetch HTTP/1.1" 200 (24 ms)
[03/Sep/2022:21:16:18 +0800] 0:0:0:0:0:0:0:1 "GET /project/fetch HTTP/1.1" 200 (9 ms)
[03/Sep/2022:21:17:12 +0800] 0:0:0:0:0:0:0:1 "GET /project/fetch HTTP/1.1" 200 (9 ms)
[03/Sep/2022:21:18:44 +0800] 0:0:0:0:0:0:0:1 "GET /project/fetch HTTP/1.1" 200 (33 ms)
[03/Sep/2022:21:18:48 +0800] 0:0:0:0:0:0:0:1 "GET /project/fetch HTTP/1.1" 200 (10 ms)
[03/Sep/2022:21:20:55 +0800] 0:0:0:0:0:0:0:1 "GET /project/fetch HTTP/1.1" 200 (44 ms)
[03/Sep/2022:21:22:30 +0800] 0:0:0:0:0:0:0:1 "GET /project/fetch HTTP/1.1" 200 (33 ms)
[03/Sep/2022:21:22:40 +0800] 0:0:0:0:0:0:0:1 "GET /project/fetch HTTP/1.1" 200 (11 ms)
[03/Sep/2022:21:22:54 +0800] 0:0:0:0:0:0:0:1 "GET /project/fetch HTTP/1.1" 200 (7 ms)
[03/Sep/2022:21:23:02 +0800] 0:0:0:0:0:0:0:1 "GET /project/fetch HTTP/1.1" 200 (11 ms)
[03/Sep/2022:21:25:17 +0800] 0:0:0:0:0:0:0:1 "GET /project/fetch HTTP/1.1" 200 (32 ms)
[03/Sep/2022:21:25:53 +0800] 0:0:0:0:0:0:0:1 "GET /project/fetch HTTP/1.1" 200 (10 ms)
[03/Sep/2022:21:26:00 +0800] 0:0:0:0:0:0:0:1 "GET /project/fetch HTTP/1.1" 200 (9 ms)
[03/Sep/2022:21:26:22 +0800] 0:0:0:0:0:0:0:1 "GET /project/fetch HTTP/1.1" 200 (7 ms)
[03/Sep/2022:21:26:26 +0800] 0:0:0:0:0:0:0:1 "GET /project/fetch HTTP/1.1" 200 (11 ms)
[03/Sep/2022:21:26:44 +0800] 0:0:0:0:0:0:0:1 "GET /project/fetch HTTP/1.1" 200 (11 ms)
[03/Sep/2022:21:26:54 +0800] 0:0:0:0:0:0:0:1 "GET /project/fetch HTTP/1.1" 200 (8 ms)
[03/Sep/2022:21:27:42 +0800] 0:0:0:0:0:0:0:1 "GET /project/fetch HTTP/1.1" 200 (10 ms)
[03/Sep/2022:21:27:47 +0800] 0:0:0:0:0:0:0:1 "GET /project/fetch HTTP/1.1" 200 (9 ms)
[03/Sep/2022:21:30:42 +0800] 0:0:0:0:0:0:0:1 "GET /project/fetch HTTP/1.1" 200 (1181 ms)
[03/Sep/2022:21:30:51 +0800] 0:0:0:0:0:0:0:1 "GET /project/fetch HTTP/1.1" 200 (13 ms)
[03/Sep/2022:21:31:05 +0800] 0:0:0:0:0:0:0:1 "OPTIONS /project/push HTTP/1.1" 200 (5 ms)
[03/Sep/2022:21:31:05 +0800] 0:0:0:0:0:0:0:1 "POST /project/push HTTP/1.1" 200 (88 ms)
[03/Sep/2022:21:31:05 +0800] 0:0:0:0:0:0:0:1 "GET /project/fetch HTTP/1.1" 200 (23 ms)
[03/Sep/2022:21:31:09 +0800] 0:0:0:0:0:0:0:1 "GET /project/fetch HTTP/1.1" 200 (18 ms)
[03/Sep/2022:21:50:21 +0800] 0:0:0:0:0:0:0:1 "POST /system/token HTTP/1.1" 200 (125 ms)
[03/Sep/2022:21:50:21 +0800] 0:0:0:0:0:0:0:1 "GET /system/menu HTTP/1.1" 200 (75 ms)
[03/Sep/2022:21:50:23 +0800] 0:0:0:0:0:0:0:1 "GET /project/fetch HTTP/1.1" 200 (908 ms)
