[18/Sep/2022:08:37:56 +0800] 0:0:0:0:0:0:0:1 "POST /system/token HTTP/1.1" 200 (150 ms)
[18/Sep/2022:08:37:56 +0800] 0:0:0:0:0:0:0:1 "GET /system/menu HTTP/1.1" 200 (91 ms)
[18/Sep/2022:08:38:43 +0800] 0:0:0:0:0:0:0:1 "GET /project/fetch?ownId=0 HTTP/1.1" 200 (1387 ms)
[18/Sep/2022:08:38:51 +0800] 0:0:0:0:0:0:0:1 "GET /project/tree?rootId=0 HTTP/1.1" 200 (63 ms)
[18/Sep/2022:08:38:51 +0800] 0:0:0:0:0:0:0:1 "GET /budget/tree2?ownId=0&selectId=3 HTTP/1.1" 200 (66 ms)
[18/Sep/2022:08:38:52 +0800] 0:0:0:0:0:0:0:1 "GET /budget/tree2?ownId=0&selectId=2 HTTP/1.1" 200 (42 ms)
[18/Sep/2022:08:38:57 +0800] 0:0:0:0:0:0:0:1 "GET /budget/tree2?ownId=2&selectId=9 HTTP/1.1" 200 (49 ms)
[18/Sep/2022:08:38:58 +0800] 0:0:0:0:0:0:0:1 "GET /budget/tree2?ownId=2&selectId=11 HTTP/1.1" 500 (162 ms)
[18/Sep/2022:08:39:04 +0800] 0:0:0:0:0:0:0:1 "GET /budget/tree2?ownId=2&selectId=8 HTTP/1.1" 500 (85 ms)
[18/Sep/2022:08:39:06 +0800] 0:0:0:0:0:0:0:1 "GET /budget/tree2?ownId=2&selectId=11 HTTP/1.1" 500 (73 ms)
[18/Sep/2022:08:46:54 +0800] 0:0:0:0:0:0:0:1 "GET /project/tree?rootId=0 HTTP/1.1" 500 (277 ms)
[18/Sep/2022:08:48:05 +0800] 0:0:0:0:0:0:0:1 "GET /project/tree?rootId=0 HTTP/1.1" 200 (1045 ms)
[18/Sep/2022:08:48:05 +0800] 0:0:0:0:0:0:0:1 "GET /budget/tree2?ownId=0&selectId=3 HTTP/1.1" 500 (69 ms)
[18/Sep/2022:08:50:52 +0800] 0:0:0:0:0:0:0:1 "GET /project/tree?rootId=0 HTTP/1.1" 200 (1047 ms)
[18/Sep/2022:08:50:52 +0800] 0:0:0:0:0:0:0:1 "GET /budget/tree2?ownId=0&selectId=3 HTTP/1.1" 200 (60 ms)
[18/Sep/2022:08:50:55 +0800] 0:0:0:0:0:0:0:1 "GET /budget/tree2?ownId=0&selectId=2 HTTP/1.1" 200 (39 ms)
[18/Sep/2022:08:50:56 +0800] 0:0:0:0:0:0:0:1 "GET /budget/tree2?ownId=2&selectId=9 HTTP/1.1" 200 (50 ms)
[18/Sep/2022:08:50:57 +0800] 0:0:0:0:0:0:0:1 "GET /budget/tree2?ownId=2&selectId=11 HTTP/1.1" 200 (47 ms)
[18/Sep/2022:08:51:29 +0800] 0:0:0:0:0:0:0:1 "GET /budget/tree2?ownId=2&selectId=11 HTTP/1.1" 200 (48 ms)
[18/Sep/2022:08:52:22 +0800] 0:0:0:0:0:0:0:1 "GET /budget/tree2?ownId=0&selectId=2 HTTP/1.1" 200 (66 ms)
[18/Sep/2022:08:52:35 +0800] 0:0:0:0:0:0:0:1 "GET /budget/tree2?ownId=0&selectId=2 HTTP/1.1" 200 (67 ms)
[18/Sep/2022:08:52:35 +0800] 0:0:0:0:0:0:0:1 "GET /favicon.ico HTTP/1.1" 404 (47 ms)
[18/Sep/2022:08:55:22 +0800] 0:0:0:0:0:0:0:1 "GET /budget/tree2?ownId=0&selectId=2 HTTP/1.1" 200 (1589 ms)
[18/Sep/2022:09:02:26 +0800] 0:0:0:0:0:0:0:1 "GET /budget/tree2?ownId=0&selectId=2 HTTP/1.1" 200 (934 ms)
[18/Sep/2022:09:15:56 +0800] 0:0:0:0:0:0:0:1 "GET /budget/tree2?ownId=0&selectId=2 HTTP/1.1" 200 (906 ms)
[18/Sep/2022:09:19:03 +0800] 0:0:0:0:0:0:0:1 "GET /budget/tree2?ownId=0&selectId=2 HTTP/1.1" 200 (951 ms)
[18/Sep/2022:09:25:23 +0800] 0:0:0:0:0:0:0:1 "GET /budget/tree2?ownId=0&selectId=2 HTTP/1.1" 200 (936 ms)
[18/Sep/2022:09:26:12 +0800] 0:0:0:0:0:0:0:1 "GET /budget/tree2?ownId=0&selectId=2 HTTP/1.1" 200 (56 ms)
[18/Sep/2022:09:26:19 +0800] 0:0:0:0:0:0:0:1 "GET /budget/tree2?ownId=0&selectId=2 HTTP/1.1" 200 (50 ms)
[18/Sep/2022:09:26:28 +0800] 0:0:0:0:0:0:0:1 "GET /budget/tree2?ownId=0&selectId=2 HTTP/1.1" 200 (56 ms)
[18/Sep/2022:09:26:28 +0800] 0:0:0:0:0:0:0:1 "GET /budget/tree2?ownId=0&selectId=2 HTTP/1.1" 200 (50 ms)
[18/Sep/2022:09:26:29 +0800] 0:0:0:0:0:0:0:1 "GET /budget/tree2?ownId=0&selectId=2 HTTP/1.1" 200 (58 ms)
[18/Sep/2022:09:34:01 +0800] 0:0:0:0:0:0:0:1 "GET /budget/tree2?ownId=0&selectId=2 HTTP/1.1" 200 (915 ms)
[18/Sep/2022:09:34:04 +0800] 0:0:0:0:0:0:0:1 "GET /budget/tree2?ownId=0&selectId=2 HTTP/1.1" 200 (56 ms)
[18/Sep/2022:09:34:11 +0800] 0:0:0:0:0:0:0:1 "GET /budget/tree2?ownId=0&selectId=2 HTTP/1.1" 200 (52 ms)
[18/Sep/2022:09:37:06 +0800] 0:0:0:0:0:0:0:1 "GET /budget/tree2?ownId=0&selectId=2 HTTP/1.1" 200 (915 ms)
[18/Sep/2022:09:37:09 +0800] 0:0:0:0:0:0:0:1 "GET /budget/tree2?ownId=0&selectId=2 HTTP/1.1" 200 (73 ms)
[18/Sep/2022:09:37:10 +0800] 0:0:0:0:0:0:0:1 "GET /budget/tree2?ownId=0&selectId=2 HTTP/1.1" 200 (48 ms)
[18/Sep/2022:09:37:11 +0800] 0:0:0:0:0:0:0:1 "GET /budget/tree2?ownId=0&selectId=2 HTTP/1.1" 200 (58 ms)
[18/Sep/2022:09:37:11 +0800] 0:0:0:0:0:0:0:1 "GET /budget/tree2?ownId=0&selectId=2 HTTP/1.1" 200 (53 ms)
[18/Sep/2022:09:37:12 +0800] 0:0:0:0:0:0:0:1 "GET /budget/tree2?ownId=0&selectId=2 HTTP/1.1" 200 (63 ms)
[18/Sep/2022:09:37:12 +0800] 0:0:0:0:0:0:0:1 "GET /budget/tree2?ownId=0&selectId=2 HTTP/1.1" 200 (51 ms)
[18/Sep/2022:09:37:13 +0800] 0:0:0:0:0:0:0:1 "GET /budget/tree2?ownId=0&selectId=2 HTTP/1.1" 200 (64 ms)
[18/Sep/2022:09:37:13 +0800] 0:0:0:0:0:0:0:1 "GET /budget/tree2?ownId=0&selectId=2 HTTP/1.1" 200 (50 ms)
[18/Sep/2022:09:37:14 +0800] 0:0:0:0:0:0:0:1 "GET /budget/tree2?ownId=0&selectId=2 HTTP/1.1" 200 (49 ms)
[18/Sep/2022:09:37:14 +0800] 0:0:0:0:0:0:0:1 "GET /budget/tree2?ownId=0&selectId=2 HTTP/1.1" 200 (52 ms)
[18/Sep/2022:09:37:15 +0800] 0:0:0:0:0:0:0:1 "GET /budget/tree2?ownId=0&selectId=2 HTTP/1.1" 200 (50 ms)
[18/Sep/2022:09:37:15 +0800] 0:0:0:0:0:0:0:1 "GET /budget/tree2?ownId=0&selectId=2 HTTP/1.1" 200 (46 ms)
[18/Sep/2022:09:37:15 +0800] 0:0:0:0:0:0:0:1 "GET /budget/tree2?ownId=0&selectId=2 HTTP/1.1" 200 (57 ms)
[18/Sep/2022:09:37:16 +0800] 0:0:0:0:0:0:0:1 "GET /budget/tree2?ownId=0&selectId=2 HTTP/1.1" 200 (49 ms)
[18/Sep/2022:09:37:16 +0800] 0:0:0:0:0:0:0:1 "GET /budget/tree2?ownId=0&selectId=2 HTTP/1.1" 200 (53 ms)
[18/Sep/2022:09:37:16 +0800] 0:0:0:0:0:0:0:1 "GET /budget/tree2?ownId=0&selectId=2 HTTP/1.1" 200 (48 ms)
[18/Sep/2022:09:37:17 +0800] 0:0:0:0:0:0:0:1 "GET /budget/tree2?ownId=0&selectId=2 HTTP/1.1" 200 (47 ms)
[18/Sep/2022:09:37:19 +0800] 0:0:0:0:0:0:0:1 "GET /budget/tree2?ownId=0&selectId=2 HTTP/1.1" 200 (44 ms)
[18/Sep/2022:09:37:20 +0800] 0:0:0:0:0:0:0:1 "GET /budget/tree2?ownId=0&selectId=2 HTTP/1.1" 200 (47 ms)
[18/Sep/2022:09:37:20 +0800] 0:0:0:0:0:0:0:1 "GET /budget/tree2?ownId=0&selectId=2 HTTP/1.1" 200 (49 ms)
[18/Sep/2022:09:37:20 +0800] 0:0:0:0:0:0:0:1 "GET /budget/tree2?ownId=0&selectId=2 HTTP/1.1" 200 (51 ms)
[18/Sep/2022:09:37:46 +0800] 0:0:0:0:0:0:0:1 "GET /project/tree?rootId=0 HTTP/1.1" 200 (48 ms)
[18/Sep/2022:09:37:46 +0800] 0:0:0:0:0:0:0:1 "GET /budget/tree2?ownId=0&selectId=3 HTTP/1.1" 200 (49 ms)
[18/Sep/2022:09:37:50 +0800] 0:0:0:0:0:0:0:1 "GET /budget/tree2?ownId=0&selectId=2 HTTP/1.1" 200 (40 ms)
[18/Sep/2022:09:43:11 +0800] 0:0:0:0:0:0:0:1 "GET /project/tree?rootId=0 HTTP/1.1" 200 (996 ms)
[18/Sep/2022:09:43:11 +0800] 0:0:0:0:0:0:0:1 "GET /budget/tree2?ownId=0&selectId=3 HTTP/1.1" 200 (55 ms)
[18/Sep/2022:09:43:13 +0800] 0:0:0:0:0:0:0:1 "GET /budget/tree2?ownId=0&selectId=3 HTTP/1.1" 200 (39 ms)
[18/Sep/2022:09:43:15 +0800] 0:0:0:0:0:0:0:1 "GET /budget/tree2?ownId=0&selectId=2 HTTP/1.1" 200 (55 ms)
[18/Sep/2022:09:43:18 +0800] 0:0:0:0:0:0:0:1 "GET /budget/tree2?ownId=2&selectId=9 HTTP/1.1" 200 (54 ms)
[18/Sep/2022:09:43:21 +0800] 0:0:0:0:0:0:0:1 "GET /budget/tree2?ownId=2&selectId=11 HTTP/1.1" 200 (50 ms)
[18/Sep/2022:09:43:29 +0800] 0:0:0:0:0:0:0:1 "GET /budget/tree2?ownId=0&selectId=2 HTTP/1.1" 200 (48 ms)
[18/Sep/2022:09:43:32 +0800] 0:0:0:0:0:0:0:1 "GET /budget/tree2?ownId=0&selectId=2 HTTP/1.1" 200 (45 ms)
[18/Sep/2022:09:44:08 +0800] 0:0:0:0:0:0:0:1 "GET /project/tree?rootId=0 HTTP/1.1" 200 (36 ms)
[18/Sep/2022:09:44:08 +0800] 0:0:0:0:0:0:0:1 "GET /budget/tree2?ownId=0&selectId=3 HTTP/1.1" 200 (68 ms)
[18/Sep/2022:09:44:10 +0800] 0:0:0:0:0:0:0:1 "GET /budget/tree2?ownId=0&selectId=4 HTTP/1.1" 200 (32 ms)
[18/Sep/2022:09:44:11 +0800] 0:0:0:0:0:0:0:1 "GET /budget/tree2?ownId=0&selectId=6 HTTP/1.1" 200 (34 ms)
[18/Sep/2022:09:44:11 +0800] 0:0:0:0:0:0:0:1 "GET /budget/tree2?ownId=0&selectId=2 HTTP/1.1" 200 (42 ms)
[18/Sep/2022:09:44:13 +0800] 0:0:0:0:0:0:0:1 "GET /budget/tree2?ownId=2&selectId=9 HTTP/1.1" 200 (38 ms)
[18/Sep/2022:10:01:23 +0800] 0:0:0:0:0:0:0:1 "GET /budget/tree2?ownId=0&selectId=2 HTTP/1.1" 200 (926 ms)
[18/Sep/2022:10:01:40 +0800] 0:0:0:0:0:0:0:1 "GET /project/tree?rootId=0 HTTP/1.1" 200 (55 ms)
[18/Sep/2022:10:01:40 +0800] 0:0:0:0:0:0:0:1 "GET /budget/tree2?ownId=0&selectId=3 HTTP/1.1" 200 (95 ms)
[18/Sep/2022:10:01:47 +0800] 0:0:0:0:0:0:0:1 "GET /budget/tree2?ownId=0&selectId=2 HTTP/1.1" 200 (54 ms)
[18/Sep/2022:10:02:40 +0800] 0:0:0:0:0:0:0:1 "GET /budget/tree2?ownId=2&selectId=9 HTTP/1.1" 200 (44 ms)
[18/Sep/2022:10:02:44 +0800] 0:0:0:0:0:0:0:1 "GET /budget/tree2?ownId=2&selectId=11 HTTP/1.1" 200 (46 ms)
[18/Sep/2022:10:08:45 +0800] 0:0:0:0:0:0:0:1 "GET /project/tree?rootId=0 HTTP/1.1" 200 (38 ms)
[18/Sep/2022:10:08:45 +0800] 0:0:0:0:0:0:0:1 "GET /budget/tree2?ownId=0&selectId=3 HTTP/1.1" 200 (36 ms)
[18/Sep/2022:10:08:57 +0800] 0:0:0:0:0:0:0:1 "GET /budget/tree2?ownId=0&selectId=2 HTTP/1.1" 200 (42 ms)
[18/Sep/2022:10:09:43 +0800] 0:0:0:0:0:0:0:1 "GET /project/tree?rootId=0 HTTP/1.1" 200 (27 ms)
[18/Sep/2022:10:09:43 +0800] 0:0:0:0:0:0:0:1 "GET /budget/tree2?ownId=0&selectId=3 HTTP/1.1" 200 (33 ms)
[18/Sep/2022:10:09:48 +0800] 0:0:0:0:0:0:0:1 "GET /budget/tree2?ownId=0&selectId=2 HTTP/1.1" 200 (41 ms)
[18/Sep/2022:10:13:14 +0800] 0:0:0:0:0:0:0:1 "GET /project/tree?rootId=0 HTTP/1.1" 200 (33 ms)
[18/Sep/2022:10:13:14 +0800] 0:0:0:0:0:0:0:1 "GET /budget/tree2?ownId=0&selectId=3 HTTP/1.1" 200 (43 ms)
[18/Sep/2022:10:15:30 +0800] 0:0:0:0:0:0:0:1 "GET /budget/tree2?ownId=0&selectId=2 HTTP/1.1" 200 (47 ms)
[18/Sep/2022:10:24:24 +0800] 0:0:0:0:0:0:0:1 "GET /project/tree?rootId=0 HTTP/1.1" 200 (964 ms)
[18/Sep/2022:10:24:24 +0800] 0:0:0:0:0:0:0:1 "GET /budget/tree2?ownId=0&selectId=3 HTTP/1.1" 200 (55 ms)
[18/Sep/2022:10:28:26 +0800] 0:0:0:0:0:0:0:1 "GET /project/tree?rootId=0 HTTP/1.1" 200 (47 ms)
[18/Sep/2022:10:28:26 +0800] 0:0:0:0:0:0:0:1 "GET /budget/tree2?ownId=0&selectId=3 HTTP/1.1" 200 (38 ms)
[18/Sep/2022:10:28:37 +0800] 0:0:0:0:0:0:0:1 "GET /project/tree?rootId=0 HTTP/1.1" 200 (22 ms)
[18/Sep/2022:10:28:37 +0800] 0:0:0:0:0:0:0:1 "GET /budget/tree2?ownId=0&selectId=3 HTTP/1.1" 200 (41 ms)
[18/Sep/2022:10:31:36 +0800] 0:0:0:0:0:0:0:1 "GET /project/tree?rootId=0 HTTP/1.1" 200 (30 ms)
[18/Sep/2022:10:31:36 +0800] 0:0:0:0:0:0:0:1 "GET /budget/tree2?ownId=0&selectId=3 HTTP/1.1" 200 (46 ms)
[18/Sep/2022:10:36:40 +0800] 0:0:0:0:0:0:0:1 "GET /project/tree?rootId=0 HTTP/1.1" 200 (38 ms)
[18/Sep/2022:10:36:41 +0800] 0:0:0:0:0:0:0:1 "GET /budget/tree2?ownId=0&selectId=3 HTTP/1.1" 200 (74 ms)
[18/Sep/2022:10:36:45 +0800] 0:0:0:0:0:0:0:1 "GET /budget/tree2?ownId=0&selectId=2 HTTP/1.1" 200 (47 ms)
[18/Sep/2022:10:53:20 +0800] 0:0:0:0:0:0:0:1 "GET /project/tree?rootId=0 HTTP/1.1" 200 (27 ms)
[18/Sep/2022:10:53:20 +0800] 0:0:0:0:0:0:0:1 "GET /budget/tree2?ownId=0&selectId=3 HTTP/1.1" 200 (35 ms)
[18/Sep/2022:10:58:24 +0800] 0:0:0:0:0:0:0:1 "GET /project/tree?rootId=0 HTTP/1.1" 200 (885 ms)
[18/Sep/2022:10:58:24 +0800] 0:0:0:0:0:0:0:1 "GET /budget/tree2?ownId=0&selectId=3 HTTP/1.1" 200 (59 ms)
[18/Sep/2022:10:58:45 +0800] 0:0:0:0:0:0:0:1 "GET /budget/tree2?ownId=0&selectId=2 HTTP/1.1" 200 (51 ms)
[18/Sep/2022:11:12:32 +0800] 0:0:0:0:0:0:0:1 "GET /project/tree?rootId=0 HTTP/1.1" 200 (42 ms)
[18/Sep/2022:11:12:32 +0800] 0:0:0:0:0:0:0:1 "GET /budget/tree2?ownId=0&selectId=3 HTTP/1.1" 200 (37 ms)
[18/Sep/2022:11:12:48 +0800] 0:0:0:0:0:0:0:1 "GET /project/tree?rootId=0 HTTP/1.1" 200 (29 ms)
[18/Sep/2022:11:12:48 +0800] 0:0:0:0:0:0:0:1 "GET /budget/tree2?ownId=0&selectId=3 HTTP/1.1" 200 (42 ms)
[18/Sep/2022:11:13:09 +0800] 0:0:0:0:0:0:0:1 "GET /project/tree?rootId=0 HTTP/1.1" 200 (34 ms)
[18/Sep/2022:11:13:09 +0800] 0:0:0:0:0:0:0:1 "GET /budget/tree2?ownId=0&selectId=3 HTTP/1.1" 200 (87 ms)
[18/Sep/2022:11:13:28 +0800] 0:0:0:0:0:0:0:1 "GET /project/tree?rootId=0 HTTP/1.1" 200 (1499 ms)
[18/Sep/2022:11:13:29 +0800] 0:0:0:0:0:0:0:1 "GET /budget/tree2?ownId=0&selectId=3 HTTP/1.1" 200 (71 ms)
[18/Sep/2022:11:13:31 +0800] 0:0:0:0:0:0:0:1 "GET /budget/tree2?ownId=0&selectId=2 HTTP/1.1" 200 (53 ms)
[18/Sep/2022:11:19:06 +0800] 0:0:0:0:0:0:0:1 "GET /project/tree?rootId=0 HTTP/1.1" 200 (39 ms)
[18/Sep/2022:11:19:06 +0800] 0:0:0:0:0:0:0:1 "GET /budget/tree2?ownId=0&selectId=3 HTTP/1.1" 200 (44 ms)
[18/Sep/2022:11:19:09 +0800] 0:0:0:0:0:0:0:1 "GET /budget/tree2?ownId=0&selectId=2 HTTP/1.1" 200 (54 ms)
[18/Sep/2022:11:20:36 +0800] 0:0:0:0:0:0:0:1 "GET /project/tree?rootId=0 HTTP/1.1" 200 (35 ms)
[18/Sep/2022:11:20:36 +0800] 0:0:0:0:0:0:0:1 "GET /budget/tree2?ownId=0&selectId=3 HTTP/1.1" 200 (36 ms)
[18/Sep/2022:11:20:45 +0800] 0:0:0:0:0:0:0:1 "GET /budget/tree2?ownId=0&selectId=2 HTTP/1.1" 200 (43 ms)
[18/Sep/2022:11:23:54 +0800] 0:0:0:0:0:0:0:1 "GET /budget/tree2?ownId=2&selectId=9 HTTP/1.1" 200 (49 ms)
[18/Sep/2022:11:27:14 +0800] 0:0:0:0:0:0:0:1 "GET /project/tree?rootId=0 HTTP/1.1" 200 (26 ms)
[18/Sep/2022:11:27:14 +0800] 0:0:0:0:0:0:0:1 "GET /budget/tree2?ownId=0&selectId=3 HTTP/1.1" 200 (35 ms)
[18/Sep/2022:11:28:00 +0800] 0:0:0:0:0:0:0:1 "GET /project/tree?rootId=0 HTTP/1.1" 200 (63 ms)
[18/Sep/2022:11:28:00 +0800] 0:0:0:0:0:0:0:1 "GET /budget/tree2?ownId=0&selectId=3 HTTP/1.1" 200 (49 ms)
[18/Sep/2022:11:28:06 +0800] 0:0:0:0:0:0:0:1 "GET /project/tree?rootId=0 HTTP/1.1" 200 (35 ms)
[18/Sep/2022:11:28:06 +0800] 0:0:0:0:0:0:0:1 "GET /budget/tree2?ownId=0&selectId=3 HTTP/1.1" 200 (70 ms)
[18/Sep/2022:11:28:38 +0800] 0:0:0:0:0:0:0:1 "GET /project/tree?rootId=0 HTTP/1.1" 200 (21 ms)
[18/Sep/2022:11:28:38 +0800] 0:0:0:0:0:0:0:1 "GET /budget/tree2?ownId=0&selectId=3 HTTP/1.1" 200 (34 ms)
[18/Sep/2022:11:28:41 +0800] 0:0:0:0:0:0:0:1 "GET /project/tree?rootId=0 HTTP/1.1" 200 (24 ms)
[18/Sep/2022:11:28:41 +0800] 0:0:0:0:0:0:0:1 "GET /budget/tree2?ownId=0&selectId=3 HTTP/1.1" 200 (73 ms)
[18/Sep/2022:11:28:52 +0800] 0:0:0:0:0:0:0:1 "GET /budget/tree2?ownId=0&selectId=2 HTTP/1.1" 200 (39 ms)
[18/Sep/2022:11:29:49 +0800] 0:0:0:0:0:0:0:1 "GET /budget/tree2?ownId=2&selectId=9 HTTP/1.1" 200 (40 ms)
[18/Sep/2022:11:29:50 +0800] 0:0:0:0:0:0:0:1 "GET /budget/tree2?ownId=2&selectId=9 HTTP/1.1" 200 (38 ms)
[18/Sep/2022:11:29:52 +0800] 0:0:0:0:0:0:0:1 "GET /budget/tree2?ownId=2&selectId=11 HTTP/1.1" 200 (38 ms)
[18/Sep/2022:11:29:58 +0800] 0:0:0:0:0:0:0:1 "GET /budget/tree2?ownId=2&selectId=9 HTTP/1.1" 200 (40 ms)
[18/Sep/2022:11:56:29 +0800] 0:0:0:0:0:0:0:1 "GET /project/tree?rootId=0 HTTP/1.1" 200 (79 ms)
[18/Sep/2022:11:56:29 +0800] 0:0:0:0:0:0:0:1 "GET /budget/tree2?ownId=0&selectId=3 HTTP/1.1" 200 (51 ms)
[18/Sep/2022:11:56:51 +0800] 0:0:0:0:0:0:0:1 "GET /project/tree?rootId=0 HTTP/1.1" 200 (26 ms)
[18/Sep/2022:11:56:51 +0800] 0:0:0:0:0:0:0:1 "GET /budget/tree2?ownId=0&selectId=3 HTTP/1.1" 200 (71 ms)
[18/Sep/2022:11:56:53 +0800] 0:0:0:0:0:0:0:1 "GET /budget/tree2?ownId=0&selectId=2 HTTP/1.1" 200 (44 ms)
[18/Sep/2022:14:11:13 +0800] 0:0:0:0:0:0:0:1 "GET /project/tree?rootId=0 HTTP/1.1" 200 (135 ms)
[18/Sep/2022:14:11:13 +0800] 0:0:0:0:0:0:0:1 "GET /budget/tree2?ownId=0&selectId=3 HTTP/1.1" 200 (47 ms)
[18/Sep/2022:14:13:35 +0800] 0:0:0:0:0:0:0:1 "GET /project/tree?rootId=0 HTTP/1.1" 200 (39 ms)
[18/Sep/2022:14:13:35 +0800] 0:0:0:0:0:0:0:1 "GET /budget/tree2?ownId=0&selectId=3 HTTP/1.1" 200 (36 ms)
[18/Sep/2022:14:23:03 +0800] 0:0:0:0:0:0:0:1 "GET /project/tree HTTP/1.1" 200 (47 ms)
[18/Sep/2022:14:23:16 +0800] 0:0:0:0:0:0:0:1 "GET /project/tree HTTP/1.1" 200 (42 ms)
[18/Sep/2022:14:25:11 +0800] 0:0:0:0:0:0:0:1 "GET /project/tree HTTP/1.1" 200 (56 ms)
[18/Sep/2022:14:25:26 +0800] 0:0:0:0:0:0:0:1 "GET /project/tree HTTP/1.1" 200 (49 ms)
[18/Sep/2022:14:26:39 +0800] 0:0:0:0:0:0:0:1 "GET /project/tree HTTP/1.1" 200 (36 ms)
[18/Sep/2022:14:27:50 +0800] 0:0:0:0:0:0:0:1 "GET /project/tree HTTP/1.1" 200 (62 ms)
[18/Sep/2022:14:28:22 +0800] 0:0:0:0:0:0:0:1 "GET /project/tree?rootId=0 HTTP/1.1" 200 (29 ms)
[18/Sep/2022:14:28:33 +0800] 0:0:0:0:0:0:0:1 "GET /project/tree?rootId=0 HTTP/1.1" 200 (29 ms)
[18/Sep/2022:14:28:44 +0800] 0:0:0:0:0:0:0:1 "GET /project/tree?rootId=0 HTTP/1.1" 200 (43 ms)
[18/Sep/2022:14:28:48 +0800] 0:0:0:0:0:0:0:1 "GET /project/tree?rootId=0 HTTP/1.1" 200 (29 ms)
[18/Sep/2022:14:30:24 +0800] 0:0:0:0:0:0:0:1 "GET /project/tree?rootId=0 HTTP/1.1" 200 (32 ms)
[18/Sep/2022:14:34:50 +0800] 0:0:0:0:0:0:0:1 "GET /project/tree?rootId=0 HTTP/1.1" 200 (45 ms)
[18/Sep/2022:14:41:44 +0800] 0:0:0:0:0:0:0:1 "GET /project/tree?rootId=0 HTTP/1.1" 200 (35 ms)
[18/Sep/2022:14:42:00 +0800] 0:0:0:0:0:0:0:1 "GET /project/tree?rootId=0 HTTP/1.1" 200 (29 ms)
[18/Sep/2022:14:44:58 +0800] 0:0:0:0:0:0:0:1 "GET /project/tree?rootId=0 HTTP/1.1" 200 (33 ms)
[18/Sep/2022:14:52:17 +0800] 0:0:0:0:0:0:0:1 "GET /project/tree?rootId=0 HTTP/1.1" 200 (33 ms)
[18/Sep/2022:14:52:32 +0800] 0:0:0:0:0:0:0:1 "GET /project/tree?rootId=0 HTTP/1.1" 200 (19 ms)
[18/Sep/2022:14:55:32 +0800] 0:0:0:0:0:0:0:1 "GET /project/tree?rootId=0 HTTP/1.1" 200 (47 ms)
[18/Sep/2022:14:55:32 +0800] 0:0:0:0:0:0:0:1 "GET /project/tree?rootId=0 HTTP/1.1" 200 (30 ms)
[18/Sep/2022:14:55:47 +0800] 0:0:0:0:0:0:0:1 "GET /project/tree?rootId=0 HTTP/1.1" 200 (27 ms)
[18/Sep/2022:14:55:47 +0800] 0:0:0:0:0:0:0:1 "GET /project/tree?rootId=0 HTTP/1.1" 200 (22 ms)
[18/Sep/2022:14:58:03 +0800] 0:0:0:0:0:0:0:1 "GET /project/tree?rootId=0 HTTP/1.1" 200 (31 ms)
[18/Sep/2022:14:58:03 +0800] 0:0:0:0:0:0:0:1 "GET /project/tree?rootId=0 HTTP/1.1" 200 (19 ms)
[18/Sep/2022:14:58:04 +0800] 0:0:0:0:0:0:0:1 "GET /budget/tree2?rootId=0 HTTP/1.1" 500 (173 ms)
[18/Sep/2022:14:59:05 +0800] 0:0:0:0:0:0:0:1 "GET /project/tree?rootId=0 HTTP/1.1" 200 (38 ms)
[18/Sep/2022:14:59:05 +0800] 0:0:0:0:0:0:0:1 "GET /project/tree?rootId=0 HTTP/1.1" 200 (22 ms)
[18/Sep/2022:14:59:05 +0800] 0:0:0:0:0:0:0:1 "GET /budget/tree2?rootId=0 HTTP/1.1" 500 (8 ms)
[18/Sep/2022:15:00:06 +0800] 0:0:0:0:0:0:0:1 "GET /budget/tree2?rootId=0 HTTP/1.1" 500 (10 ms)
[18/Sep/2022:15:00:06 +0800] 0:0:0:0:0:0:0:1 "GET /project/tree?rootId=0 HTTP/1.1" 200 (43 ms)
[18/Sep/2022:15:00:15 +0800] 0:0:0:0:0:0:0:1 "GET /budget/tree2?rootId=0 HTTP/1.1" 500 (11 ms)
[18/Sep/2022:15:00:15 +0800] 0:0:0:0:0:0:0:1 "GET /project/tree?rootId=0 HTTP/1.1" 200 (36 ms)
[18/Sep/2022:15:00:27 +0800] 0:0:0:0:0:0:0:1 "GET /budget/tree2?rootId=0 HTTP/1.1" 500 (6 ms)
[18/Sep/2022:15:00:27 +0800] 0:0:0:0:0:0:0:1 "GET /project/tree?rootId=0 HTTP/1.1" 200 (34 ms)
[18/Sep/2022:15:02:27 +0800] 0:0:0:0:0:0:0:1 "GET /budget/tree2?rootId=0 HTTP/1.1" 500 (8 ms)
[18/Sep/2022:15:02:27 +0800] 0:0:0:0:0:0:0:1 "GET /project/tree?rootId=0 HTTP/1.1" 200 (40 ms)
[18/Sep/2022:15:03:43 +0800] 0:0:0:0:0:0:0:1 "GET /budget/tree2?rootId=0 HTTP/1.1" 500 (7 ms)
[18/Sep/2022:15:03:58 +0800] 0:0:0:0:0:0:0:1 "GET /budget/tree2?rootId=0 HTTP/1.1" 500 (7 ms)
[18/Sep/2022:15:04:11 +0800] 0:0:0:0:0:0:0:1 "GET /budget/tree2?rootId=0 HTTP/1.1" 500 (9 ms)
[18/Sep/2022:15:04:31 +0800] 0:0:0:0:0:0:0:1 "GET /budget/tree2?rootId=0 HTTP/1.1" 500 (7 ms)
[18/Sep/2022:15:04:38 +0800] 0:0:0:0:0:0:0:1 "GET /budget/tree2?rootId=0 HTTP/1.1" 500 (12 ms)
[18/Sep/2022:15:04:50 +0800] 0:0:0:0:0:0:0:1 "GET /project/tree?rootId=0 HTTP/1.1" 200 (48 ms)
[18/Sep/2022:15:05:30 +0800] 0:0:0:0:0:0:0:1 "GET /budget/tree2?rootId=0 HTTP/1.1" 500 (7 ms)
[18/Sep/2022:15:06:04 +0800] 0:0:0:0:0:0:0:1 "GET /budget/tree2?rootId=0 HTTP/1.1" 500 (8 ms)
[18/Sep/2022:15:06:14 +0800] 0:0:0:0:0:0:0:1 "GET /budget/tree2?rootId=0 HTTP/1.1" 500 (6 ms)
[18/Sep/2022:15:07:09 +0800] 0:0:0:0:0:0:0:1 "GET /budget/tree2?rootId=0 HTTP/1.1" 500 (6 ms)
[18/Sep/2022:15:19:10 +0800] 0:0:0:0:0:0:0:1 "GET /budget/tree2?rootId=0 HTTP/1.1" 500 (11 ms)
[18/Sep/2022:15:37:28 +0800] 0:0:0:0:0:0:0:1 "GET /project/tree?rootId=0 HTTP/1.1" 200 (110 ms)
[18/Sep/2022:15:37:44 +0800] 0:0:0:0:0:0:0:1 "GET /project/tree?rootId=0 HTTP/1.1" 200 (25 ms)
[18/Sep/2022:15:57:37 +0800] 0:0:0:0:0:0:0:1 "POST /system/token HTTP/1.1" 200 (97 ms)
[18/Sep/2022:15:57:37 +0800] 0:0:0:0:0:0:0:1 "GET /system/menu HTTP/1.1" 200 (217 ms)
[18/Sep/2022:15:57:37 +0800] 0:0:0:0:0:0:0:1 "GET /project/fetch?ownId=0 HTTP/1.1" 200 (54 ms)
[18/Sep/2022:15:57:40 +0800] 0:0:0:0:0:0:0:1 "GET /project/tree?rootId=0 HTTP/1.1" 200 (35 ms)
[18/Sep/2022:15:57:45 +0800] 0:0:0:0:0:0:0:1 "GET /project/tree?rootId=0 HTTP/1.1" 200 (36 ms)
[18/Sep/2022:15:57:48 +0800] 0:0:0:0:0:0:0:1 "GET /project/tree?rootId=0 HTTP/1.1" 200 (34 ms)
[18/Sep/2022:15:58:37 +0800] 0:0:0:0:0:0:0:1 "GET /project/tree?rootId=0 HTTP/1.1" 200 (29 ms)
[18/Sep/2022:15:58:48 +0800] 0:0:0:0:0:0:0:1 "GET /project/tree?rootId=0 HTTP/1.1" 200 (22 ms)
[18/Sep/2022:15:58:50 +0800] 0:0:0:0:0:0:0:1 "GET /project/tree?rootId=0 HTTP/1.1" 200 (29 ms)
[18/Sep/2022:15:58:55 +0800] 0:0:0:0:0:0:0:1 "GET /project/tree?rootId=0 HTTP/1.1" 200 (39 ms)
[18/Sep/2022:15:59:10 +0800] 0:0:0:0:0:0:0:1 "GET /project/tree?rootId=0 HTTP/1.1" 200 (44 ms)
[18/Sep/2022:16:00:51 +0800] 0:0:0:0:0:0:0:1 "GET /project/tree?rootId=0 HTTP/1.1" 200 (56 ms)
[18/Sep/2022:16:01:56 +0800] 0:0:0:0:0:0:0:1 "GET /project/tree?rootId=0 HTTP/1.1" 200 (35 ms)
[18/Sep/2022:16:01:56 +0800] 0:0:0:0:0:0:0:1 "GET /budget/tree2?ownId=0&selectId=3 HTTP/1.1" 200 (45 ms)
[18/Sep/2022:16:01:59 +0800] 0:0:0:0:0:0:0:1 "GET /budget/tree2?ownId=0&selectId=2 HTTP/1.1" 200 (50 ms)
[18/Sep/2022:16:02:12 +0800] 0:0:0:0:0:0:0:1 "OPTIONS /budget/division/push HTTP/1.1" 200 (17 ms)
[18/Sep/2022:16:02:13 +0800] 0:0:0:0:0:0:0:1 "POST /budget/division/push HTTP/1.1" 200 (635 ms)
[18/Sep/2022:16:04:33 +0800] 0:0:0:0:0:0:0:1 "GET /project/fetch?ownId=0 HTTP/1.1" 200 (48 ms)
[18/Sep/2022:16:04:44 +0800] 0:0:0:0:0:0:0:1 "GET /project/fetch?ownId=0 HTTP/1.1" 200 (26 ms)
[18/Sep/2022:16:04:44 +0800] 0:0:0:0:0:0:0:1 "GET /project/tree?ownId=3&rootId=3 HTTP/1.1" 200 (25 ms)
[18/Sep/2022:16:06:53 +0800] 0:0:0:0:0:0:0:1 "GET /project/fetch?ownId=0 HTTP/1.1" 200 (43 ms)
[18/Sep/2022:16:06:53 +0800] 0:0:0:0:0:0:0:1 "GET /project/tree?ownId=3&rootId=3 HTTP/1.1" 200 (24 ms)
[18/Sep/2022:16:07:09 +0800] 0:0:0:0:0:0:0:1 "GET /project/fetch?ownId=0 HTTP/1.1" 200 (38 ms)
[18/Sep/2022:16:07:10 +0800] 0:0:0:0:0:0:0:1 "GET /project/tree?ownId=3&rootId=3 HTTP/1.1" 200 (38 ms)
[18/Sep/2022:16:16:30 +0800] 0:0:0:0:0:0:0:1 "GET /project/tree HTTP/1.1" 200 (50 ms)
[18/Sep/2022:16:16:30 +0800] 0:0:0:0:0:0:0:1 "GET /project/fetch?ownId=0 HTTP/1.1" 200 (41 ms)
[18/Sep/2022:16:19:02 +0800] 0:0:0:0:0:0:0:1 "GET /project/tree HTTP/1.1" 200 (49 ms)
[18/Sep/2022:16:20:15 +0800] 0:0:0:0:0:0:0:1 "GET /project/tree HTTP/1.1" 200 (33 ms)
[18/Sep/2022:16:20:27 +0800] 0:0:0:0:0:0:0:1 "GET /project/tree HTTP/1.1" 200 (25 ms)
[18/Sep/2022:16:25:12 +0800] 0:0:0:0:0:0:0:1 "GET /project/tree HTTP/1.1" 200 (35 ms)
[18/Sep/2022:16:34:06 +0800] 0:0:0:0:0:0:0:1 "GET /project/tree HTTP/1.1" 200 (33 ms)
[18/Sep/2022:16:34:58 +0800] 0:0:0:0:0:0:0:1 "GET /project/tree HTTP/1.1" 200 (33 ms)
[18/Sep/2022:16:35:08 +0800] 0:0:0:0:0:0:0:1 "GET /project/tree HTTP/1.1" 200 (28 ms)
[18/Sep/2022:16:36:06 +0800] 0:0:0:0:0:0:0:1 "GET /project/tree HTTP/1.1" 200 (27 ms)
[18/Sep/2022:16:37:02 +0800] 0:0:0:0:0:0:0:1 "GET /project/tree HTTP/1.1" 200 (29 ms)
[18/Sep/2022:16:37:02 +0800] 0:0:0:0:0:0:0:1 "GET /project/fetch?ownId=0 HTTP/1.1" 200 (32 ms)
[18/Sep/2022:16:38:34 +0800] 0:0:0:0:0:0:0:1 "GET /project/tree HTTP/1.1" 200 (36 ms)
[18/Sep/2022:16:38:34 +0800] 0:0:0:0:0:0:0:1 "GET /project/fetch?ownId=0 HTTP/1.1" 200 (29 ms)
[18/Sep/2022:16:42:32 +0800] 0:0:0:0:0:0:0:1 "GET /project/tree HTTP/1.1" 200 (41 ms)
[18/Sep/2022:16:42:32 +0800] 0:0:0:0:0:0:0:1 "GET /project/fetch?ownId=0 HTTP/1.1" 200 (41 ms)
[18/Sep/2022:16:44:25 +0800] 0:0:0:0:0:0:0:1 "GET /project/tree HTTP/1.1" 200 (39 ms)
[18/Sep/2022:16:44:52 +0800] 0:0:0:0:0:0:0:1 "GET /project/tree HTTP/1.1" 200 (29 ms)
[18/Sep/2022:16:45:18 +0800] 0:0:0:0:0:0:0:1 "GET /project/tree HTTP/1.1" 200 (21 ms)
[18/Sep/2022:16:45:41 +0800] 0:0:0:0:0:0:0:1 "GET /project/tree HTTP/1.1" 200 (24 ms)
[18/Sep/2022:16:45:41 +0800] 0:0:0:0:0:0:0:1 "GET /project/fetch?ownId=0 HTTP/1.1" 200 (25 ms)
[18/Sep/2022:16:47:49 +0800] 0:0:0:0:0:0:0:1 "GET /project/tree HTTP/1.1" 200 (43 ms)
[18/Sep/2022:16:49:56 +0800] 0:0:0:0:0:0:0:1 "GET /project/fetch?ownId=0 HTTP/1.1" 200 (38 ms)
[18/Sep/2022:16:49:56 +0800] 0:0:0:0:0:0:0:1 "GET /project/tree?ownId=3&rootId=3 HTTP/1.1" 200 (21 ms)
[18/Sep/2022:16:52:38 +0800] 0:0:0:0:0:0:0:1 "GET /project/fetch?ownId=0 HTTP/1.1" 200 (45 ms)
[18/Sep/2022:16:52:38 +0800] 0:0:0:0:0:0:0:1 "GET /project/tree?ownId=3&rootId=3 HTTP/1.1" 200 (48 ms)
[18/Sep/2022:16:52:39 +0800] 0:0:0:0:0:0:0:1 "GET /project/tree?ownId=2&rootId=2 HTTP/1.1" 200 (21 ms)
[18/Sep/2022:16:53:58 +0800] 0:0:0:0:0:0:0:1 "GET /project/fetch?ownId=0 HTTP/1.1" 200 (46 ms)
[18/Sep/2022:16:53:59 +0800] 0:0:0:0:0:0:0:1 "GET /project/tree?ownId=3&rootId=3 HTTP/1.1" 200 (45 ms)
[18/Sep/2022:16:54:01 +0800] 0:0:0:0:0:0:0:1 "GET /project/tree?ownId=2&rootId=2 HTTP/1.1" 200 (18 ms)
[18/Sep/2022:16:56:11 +0800] 0:0:0:0:0:0:0:1 "GET /project/fetch?ownId=0 HTTP/1.1" 200 (41 ms)
[18/Sep/2022:16:56:11 +0800] 0:0:0:0:0:0:0:1 "GET /project/tree?ownId=3&rootId=3 HTTP/1.1" 200 (50 ms)
[18/Sep/2022:16:56:13 +0800] 0:0:0:0:0:0:0:1 "GET /project/tree?ownId=2&rootId=2 HTTP/1.1" 200 (80 ms)
[18/Sep/2022:16:59:59 +0800] 0:0:0:0:0:0:0:1 "GET /project/fetch?ownId=0 HTTP/1.1" 200 (39 ms)
[18/Sep/2022:16:59:59 +0800] 0:0:0:0:0:0:0:1 "GET /project/tree?ownId=3&rootId=3 HTTP/1.1" 200 (20 ms)
[18/Sep/2022:17:00:26 +0800] 0:0:0:0:0:0:0:1 "GET /project/fetch?ownId=0 HTTP/1.1" 200 (25 ms)
[18/Sep/2022:17:00:26 +0800] 0:0:0:0:0:0:0:1 "GET /project/tree?ownId=3&rootId=3 HTTP/1.1" 200 (23 ms)
[18/Sep/2022:17:00:29 +0800] 0:0:0:0:0:0:0:1 "GET /project/fetch?ownId=0 HTTP/1.1" 200 (34 ms)
[18/Sep/2022:17:00:29 +0800] 0:0:0:0:0:0:0:1 "GET /project/tree?ownId=3&rootId=3 HTTP/1.1" 200 (41 ms)
[18/Sep/2022:17:00:30 +0800] 0:0:0:0:0:0:0:1 "GET /project/tree?ownId=2&rootId=2 HTTP/1.1" 200 (19 ms)
[18/Sep/2022:17:00:38 +0800] 0:0:0:0:0:0:0:1 "OPTIONS /project/push HTTP/1.1" 200 (2 ms)
[18/Sep/2022:17:00:39 +0800] 0:0:0:0:0:0:0:1 "POST /project/push HTTP/1.1" 200 (411 ms)
[18/Sep/2022:17:00:39 +0800] 0:0:0:0:0:0:0:1 "GET /project/tree HTTP/1.1" 200 (23 ms)
[18/Sep/2022:17:00:41 +0800] 0:0:0:0:0:0:0:1 "GET /project/tree?ownId=2&rootId=2 HTTP/1.1" 200 (18 ms)
[18/Sep/2022:17:00:50 +0800] 0:0:0:0:0:0:0:1 "GET /project/tree?ownId=3&rootId=3 HTTP/1.1" 200 (21 ms)
[18/Sep/2022:17:06:13 +0800] 0:0:0:0:0:0:0:1 "GET /project/fetch?ownId=0 HTTP/1.1" 200 (65 ms)
[18/Sep/2022:17:06:14 +0800] 0:0:0:0:0:0:0:1 "GET /project/tree?ownId=3&rootId=3 HTTP/1.1" 200 (36 ms)
[18/Sep/2022:17:06:18 +0800] 0:0:0:0:0:0:0:1 "GET /project/tree?ownId=2&rootId=2 HTTP/1.1" 200 (24 ms)
[18/Sep/2022:17:06:26 +0800] 0:0:0:0:0:0:0:1 "POST /project/push HTTP/1.1" 200 (322 ms)
[18/Sep/2022:17:06:26 +0800] 0:0:0:0:0:0:0:1 "GET /project/tree?ownId=2&rootId=2 HTTP/1.1" 200 (27 ms)
[18/Sep/2022:17:06:34 +0800] 0:0:0:0:0:0:0:1 "GET /project/tree?ownId=4&rootId=4 HTTP/1.1" 200 (15 ms)
[18/Sep/2022:17:06:45 +0800] 0:0:0:0:0:0:0:1 "POST /project/push HTTP/1.1" 500 (248 ms)
[18/Sep/2022:17:10:34 +0800] 0:0:0:0:0:0:0:1 "GET /project/fetch?ownId=0 HTTP/1.1" 200 (1133 ms)
[18/Sep/2022:17:10:34 +0800] 0:0:0:0:0:0:0:1 "GET /project/tree?ownId=3&rootId=3 HTTP/1.1" 200 (25 ms)
[18/Sep/2022:17:10:35 +0800] 0:0:0:0:0:0:0:1 "GET /project/tree?ownId=4&rootId=4 HTTP/1.1" 200 (18 ms)
[18/Sep/2022:17:10:42 +0800] 0:0:0:0:0:0:0:1 "POST /project/push HTTP/1.1" 500 (152 ms)
[18/Sep/2022:17:12:14 +0800] 0:0:0:0:0:0:0:1 "POST /project/push HTTP/1.1" 500 (958 ms)
[18/Sep/2022:17:14:53 +0800] 0:0:0:0:0:0:0:1 "POST /project/push HTTP/1.1" 500 (41850 ms)
[18/Sep/2022:17:15:22 +0800] 0:0:0:0:0:0:0:1 "POST /project/push HTTP/1.1" 200 (1247 ms)
[18/Sep/2022:17:15:22 +0800] 0:0:0:0:0:0:0:1 "GET /project/tree?ownId=4&rootId=4 HTTP/1.1" 200 (186 ms)
[18/Sep/2022:17:15:24 +0800] 0:0:0:0:0:0:0:1 "GET /project/tree?ownId=6&rootId=6 HTTP/1.1" 200 (16 ms)
[18/Sep/2022:17:15:25 +0800] 0:0:0:0:0:0:0:1 "GET /project/tree?ownId=4&rootId=4 HTTP/1.1" 200 (19 ms)
[18/Sep/2022:17:15:27 +0800] 0:0:0:0:0:0:0:1 "GET /project/tree?ownId=3&rootId=3 HTTP/1.1" 200 (31 ms)
[18/Sep/2022:17:15:28 +0800] 0:0:0:0:0:0:0:1 "GET /project/tree?ownId=4&rootId=4 HTTP/1.1" 200 (23 ms)
[18/Sep/2022:17:15:28 +0800] 0:0:0:0:0:0:0:1 "GET /project/tree?ownId=6&rootId=6 HTTP/1.1" 200 (16 ms)
[18/Sep/2022:17:15:29 +0800] 0:0:0:0:0:0:0:1 "GET /project/tree?ownId=2&rootId=2 HTTP/1.1" 200 (21 ms)
[18/Sep/2022:17:15:31 +0800] 0:0:0:0:0:0:0:1 "GET /project/tree?ownId=4&rootId=4 HTTP/1.1" 200 (19 ms)
[18/Sep/2022:17:19:40 +0800] 0:0:0:0:0:0:0:1 "GET /project/fetch?ownId=0 HTTP/1.1" 200 (61 ms)
[18/Sep/2022:17:19:40 +0800] 0:0:0:0:0:0:0:1 "GET /project/tree?ownId=3&rootId=3 HTTP/1.1" 200 (32 ms)
[18/Sep/2022:17:19:47 +0800] 0:0:0:0:0:0:0:1 "GET /project/fetch?ownId=0 HTTP/1.1" 200 (53 ms)
[18/Sep/2022:17:19:47 +0800] 0:0:0:0:0:0:0:1 "GET /project/tree?ownId=3&rootId=3 HTTP/1.1" 200 (37 ms)
[18/Sep/2022:17:19:48 +0800] 0:0:0:0:0:0:0:1 "GET /project/tree?ownId=4&rootId=4 HTTP/1.1" 200 (21 ms)
[18/Sep/2022:17:20:07 +0800] 0:0:0:0:0:0:0:1 "GET /project/fetch?ownId=0 HTTP/1.1" 200 (29 ms)
[18/Sep/2022:17:20:07 +0800] 0:0:0:0:0:0:0:1 "GET /project/tree?ownId=3&rootId=3 HTTP/1.1" 200 (44 ms)
[18/Sep/2022:17:20:08 +0800] 0:0:0:0:0:0:0:1 "GET /project/tree?ownId=4&rootId=4 HTTP/1.1" 200 (22 ms)
[18/Sep/2022:17:20:09 +0800] 0:0:0:0:0:0:0:1 "GET /project/tree?ownId=6&rootId=6 HTTP/1.1" 200 (16 ms)
[18/Sep/2022:17:20:10 +0800] 0:0:0:0:0:0:0:1 "GET /project/tree?ownId=4&rootId=4 HTTP/1.1" 200 (18 ms)
[18/Sep/2022:17:20:16 +0800] 0:0:0:0:0:0:0:1 "POST /project/push HTTP/1.1" 200 (346 ms)
[18/Sep/2022:17:20:16 +0800] 0:0:0:0:0:0:0:1 "GET /project/tree?ownId=4&rootId=4 HTTP/1.1" 200 (26 ms)
[18/Sep/2022:17:20:21 +0800] 0:0:0:0:0:0:0:1 "POST /project/push HTTP/1.1" 200 (112 ms)
[18/Sep/2022:17:20:21 +0800] 0:0:0:0:0:0:0:1 "GET /project/tree?ownId=4&rootId=4 HTTP/1.1" 200 (19 ms)
[18/Sep/2022:17:20:25 +0800] 0:0:0:0:0:0:0:1 "GET /project/tree?ownId=6&rootId=6 HTTP/1.1" 200 (16 ms)
[18/Sep/2022:17:20:26 +0800] 0:0:0:0:0:0:0:1 "GET /project/tree?ownId=4&rootId=4 HTTP/1.1" 200 (18 ms)
[18/Sep/2022:17:20:26 +0800] 0:0:0:0:0:0:0:1 "GET /project/tree?ownId=3&rootId=3 HTTP/1.1" 200 (21 ms)
[18/Sep/2022:17:20:27 +0800] 0:0:0:0:0:0:0:1 "GET /project/tree?ownId=2&rootId=2 HTTP/1.1" 200 (19 ms)
[18/Sep/2022:17:20:32 +0800] 0:0:0:0:0:0:0:1 "GET /project/fetch?ownId=0 HTTP/1.1" 200 (25 ms)
[18/Sep/2022:17:20:32 +0800] 0:0:0:0:0:0:0:1 "GET /project/tree?ownId=3&rootId=3 HTTP/1.1" 200 (25 ms)
[18/Sep/2022:17:25:26 +0800] 0:0:0:0:0:0:0:1 "GET /project/fetch?ownId=0 HTTP/1.1" 200 (33 ms)
[18/Sep/2022:17:27:12 +0800] 0:0:0:0:0:0:0:1 "GET /project/fetch?ownId=0 HTTP/1.1" 200 (33 ms)
[18/Sep/2022:17:27:21 +0800] 0:0:0:0:0:0:0:1 "POST /project/push HTTP/1.1" 200 (320 ms)
[18/Sep/2022:17:27:21 +0800] 0:0:0:0:0:0:0:1 "GET /project/fetch?ownId=0 HTTP/1.1" 200 (28 ms)
[18/Sep/2022:17:27:35 +0800] 0:0:0:0:0:0:0:1 "POST /project/push HTTP/1.1" 200 (313 ms)
[18/Sep/2022:17:27:35 +0800] 0:0:0:0:0:0:0:1 "GET /project/fetch?ownId=0 HTTP/1.1" 200 (19 ms)
[18/Sep/2022:17:27:44 +0800] 0:0:0:0:0:0:0:1 "GET /project/fetch?ownId=0 HTTP/1.1" 200 (24 ms)
[18/Sep/2022:17:27:44 +0800] 0:0:0:0:0:0:0:1 "GET /project/tree?ownId=3&rootId=3 HTTP/1.1" 200 (22 ms)
[18/Sep/2022:17:27:47 +0800] 0:0:0:0:0:0:0:1 "GET /project/tree?ownId=2&rootId=2 HTTP/1.1" 200 (20 ms)
[18/Sep/2022:17:27:48 +0800] 0:0:0:0:0:0:0:1 "GET /project/tree?ownId=4&rootId=4 HTTP/1.1" 200 (17 ms)
[18/Sep/2022:17:27:48 +0800] 0:0:0:0:0:0:0:1 "GET /project/tree?ownId=3&rootId=3 HTTP/1.1" 200 (18 ms)
[18/Sep/2022:17:27:49 +0800] 0:0:0:0:0:0:0:1 "GET /project/tree?ownId=4&rootId=4 HTTP/1.1" 200 (20 ms)
[18/Sep/2022:17:27:49 +0800] 0:0:0:0:0:0:0:1 "GET /project/tree?ownId=2&rootId=2 HTTP/1.1" 200 (18 ms)
[18/Sep/2022:17:27:50 +0800] 0:0:0:0:0:0:0:1 "GET /project/tree?ownId=4&rootId=4 HTTP/1.1" 200 (18 ms)
[18/Sep/2022:17:27:51 +0800] 0:0:0:0:0:0:0:1 "GET /project/tree?ownId=3&rootId=3 HTTP/1.1" 200 (18 ms)
[18/Sep/2022:17:27:51 +0800] 0:0:0:0:0:0:0:1 "GET /project/tree?ownId=4&rootId=4 HTTP/1.1" 200 (19 ms)
[18/Sep/2022:17:27:51 +0800] 0:0:0:0:0:0:0:1 "GET /project/tree?ownId=2&rootId=2 HTTP/1.1" 200 (19 ms)
[18/Sep/2022:17:27:52 +0800] 0:0:0:0:0:0:0:1 "GET /project/tree?ownId=4&rootId=4 HTTP/1.1" 200 (18 ms)
[18/Sep/2022:17:27:53 +0800] 0:0:0:0:0:0:0:1 "GET /project/tree?ownId=3&rootId=3 HTTP/1.1" 200 (20 ms)
[18/Sep/2022:17:27:53 +0800] 0:0:0:0:0:0:0:1 "GET /project/tree?ownId=4&rootId=4 HTTP/1.1" 200 (20 ms)
[18/Sep/2022:17:27:54 +0800] 0:0:0:0:0:0:0:1 "GET /project/tree?ownId=2&rootId=2 HTTP/1.1" 200 (19 ms)
[18/Sep/2022:17:27:54 +0800] 0:0:0:0:0:0:0:1 "GET /project/tree?ownId=4&rootId=4 HTTP/1.1" 200 (17 ms)
[18/Sep/2022:17:27:55 +0800] 0:0:0:0:0:0:0:1 "GET /project/tree?ownId=3&rootId=3 HTTP/1.1" 200 (17 ms)
[18/Sep/2022:17:27:56 +0800] 0:0:0:0:0:0:0:1 "GET /project/tree?ownId=4&rootId=4 HTTP/1.1" 200 (19 ms)
[18/Sep/2022:17:27:56 +0800] 0:0:0:0:0:0:0:1 "GET /project/tree?ownId=2&rootId=2 HTTP/1.1" 200 (21 ms)
[18/Sep/2022:17:27:58 +0800] 0:0:0:0:0:0:0:1 "GET /project/fetch?ownId=0 HTTP/1.1" 200 (18 ms)
[18/Sep/2022:17:28:09 +0800] 0:0:0:0:0:0:0:1 "POST /project/push HTTP/1.1" 200 (436 ms)
[18/Sep/2022:17:28:09 +0800] 0:0:0:0:0:0:0:1 "GET /project/fetch?ownId=0 HTTP/1.1" 200 (17 ms)
[18/Sep/2022:17:29:28 +0800] 0:0:0:0:0:0:0:1 "GET /project/fetch?ownId=0 HTTP/1.1" 200 (30 ms)
[18/Sep/2022:17:29:36 +0800] 0:0:0:0:0:0:0:1 "GET /project/fetch?ownId=0 HTTP/1.1" 200 (24 ms)
[18/Sep/2022:17:29:36 +0800] 0:0:0:0:0:0:0:1 "GET /project/tree?ownId=3&rootId=3 HTTP/1.1" 200 (22 ms)
[18/Sep/2022:17:29:37 +0800] 0:0:0:0:0:0:0:1 "GET /project/tree?ownId=2&rootId=2 HTTP/1.1" 200 (18 ms)
[18/Sep/2022:17:29:39 +0800] 0:0:0:0:0:0:0:1 "GET /project/tree?ownId=3&rootId=3 HTTP/1.1" 200 (18 ms)
[18/Sep/2022:17:29:40 +0800] 0:0:0:0:0:0:0:1 "GET /project/tree?ownId=2&rootId=2 HTTP/1.1" 200 (17 ms)
[18/Sep/2022:17:29:41 +0800] 0:0:0:0:0:0:0:1 "GET /project/tree?ownId=3&rootId=3 HTTP/1.1" 200 (21 ms)
[18/Sep/2022:17:29:42 +0800] 0:0:0:0:0:0:0:1 "GET /project/fetch?ownId=0 HTTP/1.1" 200 (21 ms)
[18/Sep/2022:17:30:07 +0800] 0:0:0:0:0:0:0:1 "POST /project/push HTTP/1.1" 500 (113 ms)
[18/Sep/2022:17:30:53 +0800] 0:0:0:0:0:0:0:1 "OPTIONS /project/push HTTP/1.1" 200 (5 ms)
[18/Sep/2022:17:30:53 +0800] 0:0:0:0:0:0:0:1 "POST /project/push HTTP/1.1" 500 (11 ms)
[18/Sep/2022:17:32:32 +0800] 0:0:0:0:0:0:0:1 "POST /project/push HTTP/1.1" 200 (330 ms)
[18/Sep/2022:17:32:32 +0800] 0:0:0:0:0:0:0:1 "GET /project/fetch?ownId=0 HTTP/1.1" 200 (25 ms)
[18/Sep/2022:17:33:01 +0800] 0:0:0:0:0:0:0:1 "GET /project/tree?rootId=0 HTTP/1.1" 200 (25 ms)
[18/Sep/2022:17:33:01 +0800] 0:0:0:0:0:0:0:1 "GET /budget/tree2?ownId=0&selectId=2543997172191232 HTTP/1.1" 200 (43 ms)
[18/Sep/2022:17:33:04 +0800] 0:0:0:0:0:0:0:1 "GET /budget/tree2?ownId=0&selectId=2 HTTP/1.1" 200 (43 ms)
[18/Sep/2022:17:33:07 +0800] 0:0:0:0:0:0:0:1 "GET /budget/tree2?ownId=2&selectId=9 HTTP/1.1" 200 (42 ms)
[18/Sep/2022:17:33:08 +0800] 0:0:0:0:0:0:0:1 "GET /budget/tree2?ownId=2&selectId=11 HTTP/1.1" 200 (36 ms)
[18/Sep/2022:17:33:31 +0800] 0:0:0:0:0:0:0:1 "GET /budget/tree2?ownId=2&selectId=9 HTTP/1.1" 200 (37 ms)
[18/Sep/2022:17:33:32 +0800] 0:0:0:0:0:0:0:1 "GET /budget/tree2?ownId=2&selectId=8 HTTP/1.1" 200 (32 ms)
[18/Sep/2022:17:33:33 +0800] 0:0:0:0:0:0:0:1 "GET /budget/tree2?ownId=2&selectId=9 HTTP/1.1" 200 (39 ms)
[18/Sep/2022:17:33:34 +0800] 0:0:0:0:0:0:0:1 "GET /budget/tree2?ownId=2&selectId=11 HTTP/1.1" 200 (35 ms)
[18/Sep/2022:19:08:25 +0800] 0:0:0:0:0:0:0:1 "GET /project/tree?rootId=0 HTTP/1.1" 200 (5416 ms)
[18/Sep/2022:19:20:34 +0800] 0:0:0:0:0:0:0:1 "GET /project/tree?rootId=0 HTTP/1.1" 200 (154 ms)
[18/Sep/2022:19:20:34 +0800] 0:0:0:0:0:0:0:1 "GET /project/tree?rootId=0 HTTP/1.1" 200 (46 ms)
[18/Sep/2022:19:20:34 +0800] 0:0:0:0:0:0:0:1 "GET /budget/tree2?ownId=0&selectId=2543997172191232 HTTP/1.1" 200 (99 ms)
[18/Sep/2022:19:20:52 +0800] 0:0:0:0:0:0:0:1 "GET /project/tree?rootId=0 HTTP/1.1" 200 (55 ms)
[18/Sep/2022:19:20:52 +0800] 0:0:0:0:0:0:0:1 "GET /project/tree?rootId=0 HTTP/1.1" 200 (36 ms)
[18/Sep/2022:19:20:52 +0800] 0:0:0:0:0:0:0:1 "GET /budget/tree2?ownId=0&selectId=2543997172191232 HTTP/1.1" 200 (54 ms)
[18/Sep/2022:19:22:13 +0800] 0:0:0:0:0:0:0:1 "GET /project/tree?rootId=0 HTTP/1.1" 200 (48 ms)
[18/Sep/2022:19:22:13 +0800] 0:0:0:0:0:0:0:1 "GET /project/tree?rootId=0 HTTP/1.1" 200 (31 ms)
[18/Sep/2022:19:22:13 +0800] 0:0:0:0:0:0:0:1 "GET /budget/tree2?ownId=0&selectId=2543997172191232 HTTP/1.1" 200 (60 ms)
[18/Sep/2022:19:38:40 +0800] 0:0:0:0:0:0:0:1 "GET /project/tree?rootId=0 HTTP/1.1" 200 (45 ms)
[18/Sep/2022:19:38:40 +0800] 0:0:0:0:0:0:0:1 "GET /project/tree?rootId=0 HTTP/1.1" 200 (39 ms)
[18/Sep/2022:19:38:41 +0800] 0:0:0:0:0:0:0:1 "GET /budget/tree2?ownId=0&selectId=2543997172191232 HTTP/1.1" 200 (392 ms)
[18/Sep/2022:19:38:44 +0800] 0:0:0:0:0:0:0:1 "GET /project/tree?rootId=0 HTTP/1.1" 200 (23 ms)
[18/Sep/2022:19:38:44 +0800] 0:0:0:0:0:0:0:1 "GET /project/tree?rootId=0 HTTP/1.1" 200 (33 ms)
[18/Sep/2022:19:38:44 +0800] 0:0:0:0:0:0:0:1 "GET /budget/tree2?ownId=0&selectId=2543997172191232 HTTP/1.1" 200 (64 ms)
[18/Sep/2022:19:39:00 +0800] 0:0:0:0:0:0:0:1 "GET /project/tree?rootId=0 HTTP/1.1" 200 (34 ms)
[18/Sep/2022:19:39:00 +0800] 0:0:0:0:0:0:0:1 "GET /project/tree?rootId=0 HTTP/1.1" 200 (42 ms)
[18/Sep/2022:19:39:00 +0800] 0:0:0:0:0:0:0:1 "GET /budget/tree2?ownId=0&selectId=2543997172191232 HTTP/1.1" 200 (37 ms)
[18/Sep/2022:19:40:01 +0800] 0:0:0:0:0:0:0:1 "GET /project/tree?rootId=0 HTTP/1.1" 200 (41 ms)
[18/Sep/2022:19:42:34 +0800] 0:0:0:0:0:0:0:1 "GET /budget/tree2?rootId=0 HTTP/1.1" 500 (20 ms)
[18/Sep/2022:19:43:22 +0800] 0:0:0:0:0:0:0:1 "GET /project/tree?rootId=0 HTTP/1.1" 200 (43 ms)
[18/Sep/2022:19:43:22 +0800] 0:0:0:0:0:0:0:1 "GET /budget/tree2?rootId=0 HTTP/1.1" 500 (42 ms)
[18/Sep/2022:19:43:28 +0800] 0:0:0:0:0:0:0:1 "GET /budget/tree2?rootId=0 HTTP/1.1" 500 (10 ms)
[18/Sep/2022:19:43:28 +0800] 0:0:0:0:0:0:0:1 "GET /project/tree?rootId=0 HTTP/1.1" 200 (33 ms)
[18/Sep/2022:19:43:51 +0800] 0:0:0:0:0:0:0:1 "GET /budget/tree2?rootId=0 HTTP/1.1" 500 (9 ms)
[18/Sep/2022:19:43:51 +0800] 0:0:0:0:0:0:0:1 "GET /project/tree?rootId=0 HTTP/1.1" 200 (37 ms)
[18/Sep/2022:19:44:01 +0800] 0:0:0:0:0:0:0:1 "GET /budget/tree2?rootId=0 HTTP/1.1" 500 (131 ms)
[18/Sep/2022:19:44:01 +0800] 0:0:0:0:0:0:0:1 "GET /favicon.ico HTTP/1.1" 404 (34 ms)
[18/Sep/2022:19:48:56 +0800] 0:0:0:0:0:0:0:1 "GET /budget/tree2?rootId=0 HTTP/1.1" 500 (9 ms)
[18/Sep/2022:19:48:56 +0800] 0:0:0:0:0:0:0:1 "GET /project/tree?rootId=0 HTTP/1.1" 200 (33 ms)
[18/Sep/2022:19:49:03 +0800] 0:0:0:0:0:0:0:1 "GET /budget/tree2?rootId=0 HTTP/1.1" 500 (8 ms)
[18/Sep/2022:19:49:03 +0800] 0:0:0:0:0:0:0:1 "GET /project/tree?rootId=0 HTTP/1.1" 200 (29 ms)
[18/Sep/2022:19:49:31 +0800] 0:0:0:0:0:0:0:1 "GET /budget/tree2?rootId=0 HTTP/1.1" 500 (8 ms)
[18/Sep/2022:19:49:31 +0800] 0:0:0:0:0:0:0:1 "GET /project/tree?rootId=0 HTTP/1.1" 200 (42 ms)
[18/Sep/2022:19:51:32 +0800] 0:0:0:0:0:0:0:1 "GET /budget/tree2?rootId=0 HTTP/1.1" 500 (12 ms)
[18/Sep/2022:19:51:32 +0800] 0:0:0:0:0:0:0:1 "GET /project/tree?rootId=0 HTTP/1.1" 200 (51 ms)
[18/Sep/2022:19:54:50 +0800] 0:0:0:0:0:0:0:1 "GET /budget/tree2?rootId=0 HTTP/1.1" 500 (13 ms)
[18/Sep/2022:19:54:50 +0800] 0:0:0:0:0:0:0:1 "GET /project/tree?rootId=0 HTTP/1.1" 200 (55 ms)
[18/Sep/2022:19:56:10 +0800] 0:0:0:0:0:0:0:1 "GET /project/tree?rootId=0 HTTP/1.1" 200 (48 ms)
[18/Sep/2022:19:56:56 +0800] 0:0:0:0:0:0:0:1 "GET /budget/tree2?ownId=0&selectId=2 HTTP/1.1" 200 (51 ms)
[18/Sep/2022:19:57:28 +0800] 0:0:0:0:0:0:0:1 "GET /project/tree?rootId=0 HTTP/1.1" 200 (27 ms)
[18/Sep/2022:19:57:28 +0800] 0:0:0:0:0:0:0:1 "GET /budget/tree2?ownId=0&selectId=2543997172191232 HTTP/1.1" 200 (47 ms)
[18/Sep/2022:19:58:40 +0800] 0:0:0:0:0:0:0:1 "GET /project/tree?rootId=0 HTTP/1.1" 200 (32 ms)
[18/Sep/2022:19:58:40 +0800] 0:0:0:0:0:0:0:1 "GET /budget/tree2?ownId=0&selectId=2543997172191232 HTTP/1.1" 200 (64 ms)
[18/Sep/2022:19:58:42 +0800] 0:0:0:0:0:0:0:1 "GET /budget/tree2?ownId=0&selectId=2 HTTP/1.1" 200 (43 ms)
[18/Sep/2022:19:58:44 +0800] 0:0:0:0:0:0:0:1 "GET /budget/tree2?ownId=0&selectId=2543997172191232 HTTP/1.1" 200 (35 ms)
[18/Sep/2022:19:58:45 +0800] 0:0:0:0:0:0:0:1 "GET /budget/tree2?ownId=0&selectId=3 HTTP/1.1" 200 (40 ms)
[18/Sep/2022:19:58:46 +0800] 0:0:0:0:0:0:0:1 "GET /budget/tree2?ownId=0&selectId=2 HTTP/1.1" 200 (48 ms)
[18/Sep/2022:20:00:14 +0800] 0:0:0:0:0:0:0:1 "OPTIONS /budget/division/push HTTP/1.1" 200 (3 ms)
[18/Sep/2022:20:00:15 +0800] 0:0:0:0:0:0:0:1 "POST /budget/division/push HTTP/1.1" 200 (336 ms)
[18/Sep/2022:21:34:08 +0800] 0:0:0:0:0:0:0:1 "GET /project/fetch?ownId=0 HTTP/1.1" 200 (1495 ms)
[18/Sep/2022:21:34:13 +0800] 0:0:0:0:0:0:0:1 "GET /project/tree?rootId=0 HTTP/1.1" 200 (42 ms)
[18/Sep/2022:21:34:13 +0800] 0:0:0:0:0:0:0:1 "GET /budget/tree2?ownId=0&selectId=2543997172191232 HTTP/1.1" 200 (56 ms)
[18/Sep/2022:21:34:30 +0800] 0:0:0:0:0:0:0:1 "GET /budget/tree2?ownId=0&selectId=2543997172191232 HTTP/1.1" 200 (34 ms)
[18/Sep/2022:21:34:34 +0800] 0:0:0:0:0:0:0:1 "GET /budget/tree2?ownId=3&selectId=13 HTTP/1.1" 200 (54 ms)
[18/Sep/2022:21:34:37 +0800] 0:0:0:0:0:0:0:1 "GET /budget/tree2?ownId=0&selectId=2 HTTP/1.1" 200 (60 ms)
[18/Sep/2022:21:34:42 +0800] 0:0:0:0:0:0:0:1 "OPTIONS /budget/division/push HTTP/1.1" 200 (5 ms)
[18/Sep/2022:21:34:43 +0800] 0:0:0:0:0:0:0:1 "POST /budget/division/push HTTP/1.1" 200 (427 ms)
[18/Sep/2022:21:34:57 +0800] 0:0:0:0:0:0:0:1 "GET /budget/tree2?ownId=3&selectId=13 HTTP/1.1" 200 (46 ms)
[18/Sep/2022:21:35:08 +0800] 0:0:0:0:0:0:0:1 "GET /budget/tree2?ownId=0&selectId=3 HTTP/1.1" 200 (38 ms)
[18/Sep/2022:21:35:09 +0800] 0:0:0:0:0:0:0:1 "GET /budget/tree2?ownId=0&selectId=2543997172191232 HTTP/1.1" 200 (32 ms)
[18/Sep/2022:21:35:10 +0800] 0:0:0:0:0:0:0:1 "GET /budget/tree2?ownId=0&selectId=3 HTTP/1.1" 200 (38 ms)
[18/Sep/2022:21:35:11 +0800] 0:0:0:0:0:0:0:1 "GET /budget/tree2?ownId=3&selectId=13 HTTP/1.1" 200 (34 ms)
[18/Sep/2022:21:35:15 +0800] 0:0:0:0:0:0:0:1 "GET /budget/tree2?ownId=2&selectId=8 HTTP/1.1" 200 (37 ms)
[18/Sep/2022:21:35:18 +0800] 0:0:0:0:0:0:0:1 "GET /budget/tree2?ownId=2&selectId=11 HTTP/1.1" 200 (44 ms)
[18/Sep/2022:21:47:04 +0800] 0:0:0:0:0:0:0:1 "GET /project/tree?rootId=0 HTTP/1.1" 200 (45 ms)
[18/Sep/2022:21:47:04 +0800] 0:0:0:0:0:0:0:1 "GET /budget/tree2?ownId=0&selectId=2543997172191232 HTTP/1.1" 200 (74 ms)
[18/Sep/2022:21:47:45 +0800] 0:0:0:0:0:0:0:1 "GET /project/tree?rootId=0 HTTP/1.1" 200 (31 ms)
[18/Sep/2022:21:47:45 +0800] 0:0:0:0:0:0:0:1 "GET /budget/tree2?ownId=0&selectId=2543997172191232 HTTP/1.1" 200 (71 ms)
[18/Sep/2022:21:47:48 +0800] 0:0:0:0:0:0:0:1 "GET /budget/tree2?ownId=2&selectId=9 HTTP/1.1" 200 (42 ms)
[18/Sep/2022:21:47:51 +0800] 0:0:0:0:0:0:0:1 "GET /budget/tree2?ownId=0&selectId=2 HTTP/1.1" 200 (42 ms)
[18/Sep/2022:21:48:51 +0800] 0:0:0:0:0:0:0:1 "GET /project/tree?rootId=0 HTTP/1.1" 200 (41 ms)
[18/Sep/2022:21:48:52 +0800] 0:0:0:0:0:0:0:1 "GET /budget/tree2?ownId=0&selectId=2543997172191232 HTTP/1.1" 200 (60 ms)
[18/Sep/2022:21:49:06 +0800] 0:0:0:0:0:0:0:1 "GET /budget/tree2?ownId=0&selectId=3 HTTP/1.1" 200 (35 ms)
[18/Sep/2022:21:49:07 +0800] 0:0:0:0:0:0:0:1 "GET /budget/tree2?ownId=0&selectId=2543997172191232 HTTP/1.1" 200 (30 ms)
[18/Sep/2022:21:49:14 +0800] 0:0:0:0:0:0:0:1 "GET /budget/tree2?ownId=0&selectId=2 HTTP/1.1" 200 (42 ms)
[18/Sep/2022:21:50:14 +0800] 0:0:0:0:0:0:0:1 "GET /project/tree?rootId=0 HTTP/1.1" 200 (34 ms)
[18/Sep/2022:21:50:14 +0800] 0:0:0:0:0:0:0:1 "GET /budget/tree2?ownId=0&selectId=2543997172191232 HTTP/1.1" 200 (62 ms)
[18/Sep/2022:21:50:29 +0800] 0:0:0:0:0:0:0:1 "GET /project/tree?rootId=0 HTTP/1.1" 200 (32 ms)
[18/Sep/2022:21:50:29 +0800] 0:0:0:0:0:0:0:1 "GET /budget/tree2?ownId=0&selectId=2543997172191232 HTTP/1.1" 200 (73 ms)
[18/Sep/2022:21:50:49 +0800] 0:0:0:0:0:0:0:1 "GET /project/tree?rootId=0 HTTP/1.1" 200 (29 ms)
[18/Sep/2022:21:50:49 +0800] 0:0:0:0:0:0:0:1 "GET /budget/tree2?ownId=0&selectId=2543997172191232 HTTP/1.1" 200 (44 ms)
[18/Sep/2022:21:50:52 +0800] 0:0:0:0:0:0:0:1 "GET /project/tree?rootId=0 HTTP/1.1" 200 (29 ms)
[18/Sep/2022:21:50:52 +0800] 0:0:0:0:0:0:0:1 "GET /budget/tree2?ownId=0&selectId=2543997172191232 HTTP/1.1" 200 (58 ms)
[18/Sep/2022:21:50:55 +0800] 0:0:0:0:0:0:0:1 "GET /budget/tree2?ownId=0&selectId=2 HTTP/1.1" 200 (39 ms)
[18/Sep/2022:21:51:45 +0800] 0:0:0:0:0:0:0:1 "GET /project/tree?rootId=0 HTTP/1.1" 200 (28 ms)
[18/Sep/2022:21:51:45 +0800] 0:0:0:0:0:0:0:1 "GET /budget/tree2?ownId=0&selectId=2543997172191232 HTTP/1.1" 200 (63 ms)
[18/Sep/2022:21:52:21 +0800] 0:0:0:0:0:0:0:1 "GET /project/tree?rootId=0 HTTP/1.1" 200 (28 ms)
[18/Sep/2022:21:52:21 +0800] 0:0:0:0:0:0:0:1 "GET /budget/tree2?ownId=0&selectId=2543997172191232 HTTP/1.1" 200 (37 ms)
[18/Sep/2022:21:52:57 +0800] 0:0:0:0:0:0:0:1 "GET /project/tree?rootId=0 HTTP/1.1" 200 (25 ms)
[18/Sep/2022:21:52:57 +0800] 0:0:0:0:0:0:0:1 "GET /budget/tree2?ownId=0&selectId=2543997172191232 HTTP/1.1" 200 (64 ms)
[18/Sep/2022:21:52:59 +0800] 0:0:0:0:0:0:0:1 "GET /budget/tree2?ownId=0&selectId=2543997172191232 HTTP/1.1" 200 (30 ms)
[18/Sep/2022:21:53:00 +0800] 0:0:0:0:0:0:0:1 "GET /budget/tree2?ownId=0&selectId=3 HTTP/1.1" 200 (39 ms)
[18/Sep/2022:21:53:01 +0800] 0:0:0:0:0:0:0:1 "GET /budget/tree2?ownId=0&selectId=2 HTTP/1.1" 200 (39 ms)
[18/Sep/2022:21:54:52 +0800] 0:0:0:0:0:0:0:1 "GET /budget/tree2?ownId=0&selectId=2 HTTP/1.1" 200 (47 ms)
[18/Sep/2022:22:03:20 +0800] 0:0:0:0:0:0:0:1 "GET /project/fetch?ownId=0 HTTP/1.1" 200 (35 ms)
[18/Sep/2022:22:03:27 +0800] 0:0:0:0:0:0:0:1 "GET /project/tree?rootId=0 HTTP/1.1" 200 (23 ms)
[18/Sep/2022:22:03:27 +0800] 0:0:0:0:0:0:0:1 "GET /budget/tree2?ownId=0&selectId=2543997172191232 HTTP/1.1" 200 (39 ms)
[18/Sep/2022:22:03:29 +0800] 0:0:0:0:0:0:0:1 "GET /budget/tree2?ownId=0&selectId=2 HTTP/1.1" 200 (58 ms)
