[29/Sep/2022:08:10:09 +0800] 0:0:0:0:0:0:0:1 "POST /system/token HTTP/1.1" 200 (130 ms)
[29/Sep/2022:08:10:09 +0800] 0:0:0:0:0:0:0:1 "GET /system/menu HTTP/1.1" 200 (79 ms)
[29/Sep/2022:08:10:10 +0800] 0:0:0:0:0:0:0:1 "GET /project/fetch?ownId=0 HTTP/1.1" 200 (1094 ms)
[29/Sep/2022:08:10:26 +0800] 0:0:0:0:0:0:0:1 "GET /system/role/fetch?ownId=0 HTTP/1.1" 200 (27 ms)
[29/Sep/2022:08:10:34 +0800] 0:0:0:0:0:0:0:1 "GET /system/role/fetch?rootId=0 HTTP/1.1" 200 (26 ms)
[29/Sep/2022:08:10:34 +0800] 0:0:0:0:0:0:0:1 "GET /system/setting/menu?ownId=0 HTTP/1.1" 200 (40 ms)
[29/Sep/2022:08:32:46 +0800] 0:0:0:0:0:0:0:1 "GET /system/role/fetch?rootId=0 HTTP/1.1" 200 (40 ms)
[29/Sep/2022:08:32:46 +0800] 0:0:0:0:0:0:0:1 "GET /system/setting/menu?ownId=0 HTTP/1.1" 200 (43 ms)
[29/Sep/2022:08:33:14 +0800] 0:0:0:0:0:0:0:1 "GET /system/setting/menu?ownId=0 HTTP/1.1" 200 (14 ms)
[29/Sep/2022:08:33:14 +0800] 0:0:0:0:0:0:0:1 "GET /favicon.ico HTTP/1.1" 404 (39 ms)
[29/Sep/2022:08:39:49 +0800] 0:0:0:0:0:0:0:1 "GET /system/setting/menu?ownId=0 HTTP/1.1" 200 (28 ms)
[29/Sep/2022:08:39:49 +0800] 0:0:0:0:0:0:0:1 "GET /system/role/fetch?rootId=0 HTTP/1.1" 200 (36 ms)
[29/Sep/2022:08:39:57 +0800] 0:0:0:0:0:0:0:1 "GET /system/setting/menu?ownId=0 HTTP/1.1" 200 (11 ms)
[29/Sep/2022:08:39:57 +0800] 0:0:0:0:0:0:0:1 "GET /system/role/fetch?rootId=0 HTTP/1.1" 200 (29 ms)
[29/Sep/2022:08:57:18 +0800] 0:0:0:0:0:0:0:1 "GET /system/setting/menu?ownId=0 HTTP/1.1" 500 (1038 ms)
[29/Sep/2022:08:57:20 +0800] 0:0:0:0:0:0:0:1 "GET /system/setting/menu?ownId=0 HTTP/1.1" 500 (12 ms)
[29/Sep/2022:09:00:50 +0800] 0:0:0:0:0:0:0:1 "GET /system/setting/menu?ownId=0 HTTP/1.1" 500 (816 ms)
[29/Sep/2022:09:08:04 +0800] 0:0:0:0:0:0:0:1 "GET /system/setting/menu?ownId=0 HTTP/1.1" 500 (787 ms)
[29/Sep/2022:09:10:14 +0800] 0:0:0:0:0:0:0:1 "GET /system/setting/menu?ownId=0 HTTP/1.1" 200 (104 ms)
[29/Sep/2022:09:10:27 +0800] 0:0:0:0:0:0:0:1 "GET /system/setting/menu?ownId=0 HTTP/1.1" 200 (26 ms)
[29/Sep/2022:09:10:27 +0800] 0:0:0:0:0:0:0:1 "GET /system/role/fetch?rootId=0 HTTP/1.1" 200 (123 ms)
[29/Sep/2022:09:12:54 +0800] 0:0:0:0:0:0:0:1 "GET /system/setting/menu?ownId=0 HTTP/1.1" 200 (15 ms)
[29/Sep/2022:09:13:05 +0800] 0:0:0:0:0:0:0:1 "GET /system/setting/menu?ownId=0 HTTP/1.1" 200 (11 ms)
[29/Sep/2022:09:14:35 +0800] 0:0:0:0:0:0:0:1 "GET /project/fetch?ownId=0 HTTP/1.1" 200 (50 ms)
[29/Sep/2022:09:14:35 +0800] 0:0:0:0:0:0:0:1 "GET /project/tree?ownId=2543997172191232&rootId=2543997172191232 HTTP/1.1" 200 (19 ms)
[29/Sep/2022:09:14:36 +0800] 0:0:0:0:0:0:0:1 "GET /project/tree?ownId=2&rootId=2 HTTP/1.1" 200 (22 ms)
[29/Sep/2022:09:17:58 +0800] 0:0:0:0:0:0:0:1 "GET /system/setting/menu?ownId=0 HTTP/1.1" 200 (19 ms)
[29/Sep/2022:09:17:58 +0800] 0:0:0:0:0:0:0:1 "GET /system/role/fetch?rootId=0 HTTP/1.1" 200 (27 ms)
[29/Sep/2022:09:20:23 +0800] 0:0:0:0:0:0:0:1 "GET /system/setting/menu?ownId=0 HTTP/1.1" 200 (23 ms)
[29/Sep/2022:09:20:23 +0800] 0:0:0:0:0:0:0:1 "GET /system/role/fetch?rootId=0 HTTP/1.1" 200 (29 ms)
[29/Sep/2022:09:28:27 +0800] 0:0:0:0:0:0:0:1 "GET /system/setting/menu?ownId=0 HTTP/1.1" 200 (21 ms)
[29/Sep/2022:09:28:27 +0800] 0:0:0:0:0:0:0:1 "GET /system/role/fetch?rootId=0 HTTP/1.1" 200 (29 ms)
[29/Sep/2022:09:28:31 +0800] 0:0:0:0:0:0:0:1 "GET /system/setting/menu?ownId=0 HTTP/1.1" 200 (11 ms)
[29/Sep/2022:09:28:31 +0800] 0:0:0:0:0:0:0:1 "GET /system/role/fetch?rootId=0 HTTP/1.1" 200 (19 ms)
[29/Sep/2022:09:29:13 +0800] 0:0:0:0:0:0:0:1 "GET /system/setting/menu?ownId=0 HTTP/1.1" 200 (10 ms)
[29/Sep/2022:09:29:13 +0800] 0:0:0:0:0:0:0:1 "GET /system/role/fetch?rootId=0 HTTP/1.1" 200 (19 ms)
[29/Sep/2022:09:34:41 +0800] 0:0:0:0:0:0:0:1 "GET /system/setting/menu?ownId=0 HTTP/1.1" 200 (20 ms)
[29/Sep/2022:09:34:41 +0800] 0:0:0:0:0:0:0:1 "GET /system/role/fetch?rootId=0 HTTP/1.1" 200 (32 ms)
[29/Sep/2022:09:44:33 +0800] 0:0:0:0:0:0:0:1 "GET /system/setting/menu?ownId=0 HTTP/1.1" 200 (18 ms)
[29/Sep/2022:09:44:33 +0800] 0:0:0:0:0:0:0:1 "GET /system/role/fetch?rootId=0 HTTP/1.1" 200 (27 ms)
[29/Sep/2022:09:44:38 +0800] 0:0:0:0:0:0:0:1 "GET /system/setting/menu?ownId=0 HTTP/1.1" 200 (10 ms)
[29/Sep/2022:09:44:38 +0800] 0:0:0:0:0:0:0:1 "GET /system/role/fetch?rootId=0 HTTP/1.1" 200 (20 ms)
[29/Sep/2022:09:44:54 +0800] 0:0:0:0:0:0:0:1 "GET /system/setting/menu?ownId=0 HTTP/1.1" 200 (10 ms)
[29/Sep/2022:09:44:54 +0800] 0:0:0:0:0:0:0:1 "GET /system/role/fetch?rootId=0 HTTP/1.1" 200 (20 ms)
[29/Sep/2022:09:46:39 +0800] 0:0:0:0:0:0:0:1 "GET /system/setting/menu?ownId=0 HTTP/1.1" 200 (26 ms)
[29/Sep/2022:09:46:39 +0800] 0:0:0:0:0:0:0:1 "GET /system/role/fetch?rootId=0 HTTP/1.1" 200 (34 ms)
[29/Sep/2022:09:46:45 +0800] 0:0:0:0:0:0:0:1 "GET /system/setting/menu?ownId=0 HTTP/1.1" 200 (14 ms)
[29/Sep/2022:09:46:45 +0800] 0:0:0:0:0:0:0:1 "GET /system/role/fetch?rootId=0 HTTP/1.1" 200 (38 ms)
[29/Sep/2022:09:48:55 +0800] 0:0:0:0:0:0:0:1 "GET /system/role/fetch?rootId=0 HTTP/1.1" 200 (27 ms)
[29/Sep/2022:09:48:55 +0800] 0:0:0:0:0:0:0:1 "GET /system/setting/menu?roleId=6191496747421696 HTTP/1.1" 200 (9 ms)
[29/Sep/2022:09:49:09 +0800] 0:0:0:0:0:0:0:1 "GET /system/role/fetch?rootId=0 HTTP/1.1" 200 (18 ms)
[29/Sep/2022:09:49:09 +0800] 0:0:0:0:0:0:0:1 "GET /system/setting/menu?roleId=6191496747421696 HTTP/1.1" 200 (11 ms)
[29/Sep/2022:09:49:22 +0800] 0:0:0:0:0:0:0:1 "GET /system/setting/menu?roleId=6191496747421696 HTTP/1.1" 200 (7 ms)
[29/Sep/2022:09:49:33 +0800] 0:0:0:0:0:0:0:1 "GET /system/setting/menu?roleId=6191496747421696 HTTP/1.1" 200 (7 ms)
[29/Sep/2022:09:49:41 +0800] 0:0:0:0:0:0:0:1 "GET /system/role/fetch?rootId=0 HTTP/1.1" 200 (15 ms)
[29/Sep/2022:09:49:41 +0800] 0:0:0:0:0:0:0:1 "GET /system/setting/menu?roleId=6191496747421696 HTTP/1.1" 200 (12 ms)
[29/Sep/2022:10:03:46 +0800] 0:0:0:0:0:0:0:1 "GET /system/setting/menu?ownId=0 HTTP/1.1" 200 (48 ms)
[29/Sep/2022:11:04:45 +0800] 0:0:0:0:0:0:0:1 "GET /system/setting/menu?ownId=0 HTTP/1.1" 500 (775 ms)
[29/Sep/2022:11:05:28 +0800] 0:0:0:0:0:0:0:1 "GET /system/setting/menu?roleId=6191496747421696 HTTP/1.1" 200 (84 ms)
[29/Sep/2022:11:07:23 +0800] 0:0:0:0:0:0:0:1 "GET /system/setting/menu?roleId=6191496747421696 HTTP/1.1" 200 (20 ms)
[29/Sep/2022:11:07:24 +0800] 0:0:0:0:0:0:0:1 "GET /system/setting/menu?roleId=6191496747421696 HTTP/1.1" 200 (11 ms)
[29/Sep/2022:11:10:54 +0800] 0:0:0:0:0:0:0:1 "GET /system/setting/menu?roleId=6191496747421696 HTTP/1.1" 200 (783 ms)
[29/Sep/2022:11:14:13 +0800] 0:0:0:0:0:0:0:1 "GET /system/setting/menu?roleId=6191496747421696 HTTP/1.1" 500 (906 ms)
[29/Sep/2022:11:14:13 +0800] 127.0.0.1 "GET /system/setting/menu?roleId=6191496747421696 HTTP/1.1" 500 (25 ms)
[29/Sep/2022:11:15:43 +0800] 0:0:0:0:0:0:0:1 "GET /system/setting/menu?roleId=6191496747421696 HTTP/1.1" 500 (21219 ms)
[29/Sep/2022:11:20:34 +0800] 0:0:0:0:0:0:0:1 "GET /system/setting/menu?roleId=6191496747421696 HTTP/1.1" 200 (25430 ms)
[29/Sep/2022:11:21:44 +0800] 0:0:0:0:0:0:0:1 "GET /system/setting/menu?roleId=6191496747421696 HTTP/1.1" 200 (22 ms)
[29/Sep/2022:11:25:19 +0800] 0:0:0:0:0:0:0:1 "GET /system/setting/menu?roleId=6191496747421696 HTTP/1.1" 200 (1199 ms)
[29/Sep/2022:11:29:52 +0800] 0:0:0:0:0:0:0:1 "GET /system/setting/menu?roleId=6191496747421696 HTTP/1.1" 200 (1215 ms)
[29/Sep/2022:11:42:15 +0800] 0:0:0:0:0:0:0:1 "GET /system/setting/menu?roleId=6191496747421696 HTTP/1.1" 500 (879 ms)
[29/Sep/2022:11:45:38 +0800] 0:0:0:0:0:0:0:1 "GET /system/setting/menu?roleId=6191496747421696 HTTP/1.1" 200 (839 ms)
[29/Sep/2022:11:46:35 +0800] 0:0:0:0:0:0:0:1 "GET /system/setting/menu?roleId=6191496747421696 HTTP/1.1" 200 (872 ms)
[29/Sep/2022:11:48:04 +0800] 0:0:0:0:0:0:0:1 "GET /system/setting/menu?roleId=6191496747421696 HTTP/1.1" 200 (945 ms)
[29/Sep/2022:11:48:35 +0800] 127.0.0.1 "GET /system/setting/menu?roleId=6191496747421696 HTTP/1.1" 200 (914 ms)
[29/Sep/2022:11:49:08 +0800] 0:0:0:0:0:0:0:1 "GET /system/setting/menu?roleId=6191496747421696 HTTP/1.1" 500 (874 ms)
[29/Sep/2022:11:50:19 +0800] 0:0:0:0:0:0:0:1 "GET /system/setting/menu?roleId=6191496747421696 HTTP/1.1" 200 (865 ms)
[29/Sep/2022:12:19:49 +0800] 0:0:0:0:0:0:0:1 "GET /system/role/fetch?rootId=0 HTTP/1.1" 200 (135 ms)
[29/Sep/2022:12:19:49 +0800] 0:0:0:0:0:0:0:1 "GET /system/setting/menu?roleId=6191496747421696 HTTP/1.1" 200 (30 ms)
[29/Sep/2022:12:20:37 +0800] 0:0:0:0:0:0:0:1 "GET /system/role/fetch?rootId=0 HTTP/1.1" 200 (976 ms)
[29/Sep/2022:12:20:37 +0800] 0:0:0:0:0:0:0:1 "GET /system/setting/menu?roleId=6191496747421696 HTTP/1.1" 200 (92 ms)
[29/Sep/2022:12:22:18 +0800] 0:0:0:0:0:0:0:1 "GET /system/role/fetch?rootId=0 HTTP/1.1" 200 (32 ms)
[29/Sep/2022:12:22:18 +0800] 0:0:0:0:0:0:0:1 "GET /system/setting/menu?roleId=6191496747421696 HTTP/1.1" 200 (26 ms)
[29/Sep/2022:12:36:19 +0800] 0:0:0:0:0:0:0:1 "GET /system/role/fetch?rootId=0 HTTP/1.1" 200 (30 ms)
[29/Sep/2022:12:38:40 +0800] 0:0:0:0:0:0:0:1 "GET /system/role/fetch?rootId=0 HTTP/1.1" 200 (38 ms)
[29/Sep/2022:12:39:21 +0800] 0:0:0:0:0:0:0:1 "GET /system/role/fetch?rootId=0 HTTP/1.1" 200 (18 ms)
[29/Sep/2022:12:39:21 +0800] 0:0:0:0:0:0:0:1 "GET /system/setting/menu?roleId=6191496747421696 HTTP/1.1" 200 (29 ms)
[29/Sep/2022:12:41:37 +0800] 0:0:0:0:0:0:0:1 "GET /system/role/fetch?rootId=0 HTTP/1.1" 200 (30 ms)
[29/Sep/2022:12:41:37 +0800] 0:0:0:0:0:0:0:1 "GET /system/setting/menu?roleId=6191496747421696 HTTP/1.1" 200 (22 ms)
[29/Sep/2022:12:48:20 +0800] 0:0:0:0:0:0:0:1 "GET /system/role/fetch?rootId=0 HTTP/1.1" 200 (1208 ms)
[29/Sep/2022:12:48:20 +0800] 0:0:0:0:0:0:0:1 "GET /system/setting/menu?roleId=6191496747421696 HTTP/1.1" 200 (132 ms)
[29/Sep/2022:12:50:38 +0800] 0:0:0:0:0:0:0:1 "GET /system/role/fetch?rootId=0 HTTP/1.1" 200 (32 ms)
[29/Sep/2022:12:50:38 +0800] 0:0:0:0:0:0:0:1 "GET /system/setting/menu?roleId=6191496747421696 HTTP/1.1" 200 (29 ms)
[29/Sep/2022:12:51:04 +0800] 0:0:0:0:0:0:0:1 "GET /system/role/fetch?rootId=0 HTTP/1.1" 200 (20 ms)
[29/Sep/2022:12:51:05 +0800] 0:0:0:0:0:0:0:1 "GET /system/setting/menu?roleId=6191496747421696 HTTP/1.1" 200 (25 ms)
[29/Sep/2022:12:51:48 +0800] 0:0:0:0:0:0:0:1 "GET /system/role/fetch?rootId=0 HTTP/1.1" 200 (32 ms)
[29/Sep/2022:12:51:48 +0800] 0:0:0:0:0:0:0:1 "GET /system/setting/menu?roleId=6191496747421696 HTTP/1.1" 200 (31 ms)
[29/Sep/2022:12:53:38 +0800] 0:0:0:0:0:0:0:1 "GET /system/role/fetch?rootId=0 HTTP/1.1" 200 (32 ms)
[29/Sep/2022:12:53:38 +0800] 0:0:0:0:0:0:0:1 "GET /system/setting/menu?roleId=6191496747421696 HTTP/1.1" 200 (26 ms)
[29/Sep/2022:12:54:41 +0800] 0:0:0:0:0:0:0:1 "GET /system/role/fetch?rootId=0 HTTP/1.1" 200 (35 ms)
[29/Sep/2022:12:54:41 +0800] 0:0:0:0:0:0:0:1 "GET /system/setting/menu?roleId=6191496747421696 HTTP/1.1" 200 (20 ms)
[29/Sep/2022:12:55:08 +0800] 0:0:0:0:0:0:0:1 "GET /system/role/fetch?rootId=0 HTTP/1.1" 200 (22 ms)
[29/Sep/2022:12:55:08 +0800] 0:0:0:0:0:0:0:1 "GET /system/setting/menu?roleId=6191496747421696 HTTP/1.1" 200 (18 ms)
[29/Sep/2022:13:00:11 +0800] 0:0:0:0:0:0:0:1 "GET /system/role/fetch?rootId=0 HTTP/1.1" 200 (32 ms)
[29/Sep/2022:13:00:11 +0800] 0:0:0:0:0:0:0:1 "GET /system/setting/menu?roleId=6191496747421696 HTTP/1.1" 200 (25 ms)
[29/Sep/2022:13:31:38 +0800] 0:0:0:0:0:0:0:1 "GET /system/setting/menu?roleId=6191496747421696 HTTP/1.1" 200 (848 ms)
[29/Sep/2022:13:38:06 +0800] 0:0:0:0:0:0:0:1 "GET /system/role/fetch?rootId=0 HTTP/1.1" 200 (125 ms)
[29/Sep/2022:13:38:06 +0800] 0:0:0:0:0:0:0:1 "GET /system/setting/menu?roleId=6191496747421696 HTTP/1.1" 200 (27 ms)
[29/Sep/2022:13:40:17 +0800] 0:0:0:0:0:0:0:1 "GET /system/role/fetch?rootId=0 HTTP/1.1" 200 (27 ms)
[29/Sep/2022:13:40:17 +0800] 0:0:0:0:0:0:0:1 "GET /system/setting/menu?roleId=6191496747421696 HTTP/1.1" 200 (20 ms)
[29/Sep/2022:13:41:44 +0800] 0:0:0:0:0:0:0:1 "GET /system/role/fetch?rootId=0 HTTP/1.1" 200 (22 ms)
[29/Sep/2022:13:41:44 +0800] 0:0:0:0:0:0:0:1 "GET /system/setting/menu?roleId=6191496747421696 HTTP/1.1" 200 (19 ms)
[29/Sep/2022:13:43:02 +0800] 0:0:0:0:0:0:0:1 "GET /system/role/fetch?rootId=0 HTTP/1.1" 200 (28 ms)
[29/Sep/2022:13:43:02 +0800] 0:0:0:0:0:0:0:1 "GET /system/setting/menu?roleId=6191496747421696 HTTP/1.1" 200 (25 ms)
[29/Sep/2022:13:45:00 +0800] 0:0:0:0:0:0:0:1 "GET /system/role/fetch?rootId=0 HTTP/1.1" 200 (23 ms)
[29/Sep/2022:13:45:00 +0800] 0:0:0:0:0:0:0:1 "GET /system/setting/menu?roleId=6191496747421696 HTTP/1.1" 200 (25 ms)
[29/Sep/2022:13:46:25 +0800] 0:0:0:0:0:0:0:1 "GET /system/role/fetch?rootId=0 HTTP/1.1" 200 (28 ms)
[29/Sep/2022:13:46:25 +0800] 0:0:0:0:0:0:0:1 "GET /system/setting/menu?roleId=6191496747421696 HTTP/1.1" 200 (16 ms)
[29/Sep/2022:13:46:40 +0800] 0:0:0:0:0:0:0:1 "GET /system/role/fetch?rootId=0 HTTP/1.1" 200 (15 ms)
[29/Sep/2022:13:46:41 +0800] 0:0:0:0:0:0:0:1 "GET /system/setting/menu?roleId=6191496747421696 HTTP/1.1" 200 (19 ms)
[29/Sep/2022:13:49:59 +0800] 0:0:0:0:0:0:0:1 "GET /system/role/fetch?rootId=0 HTTP/1.1" 200 (25 ms)
[29/Sep/2022:13:49:59 +0800] 0:0:0:0:0:0:0:1 "GET /system/setting/menu?roleId=6191496747421696 HTTP/1.1" 200 (28 ms)
[29/Sep/2022:14:11:09 +0800] 0:0:0:0:0:0:0:1 "GET /system/role/fetch?rootId=0 HTTP/1.1" 200 (33 ms)
[29/Sep/2022:14:11:09 +0800] 0:0:0:0:0:0:0:1 "GET /system/setting/menu?roleId=6191496747421696 HTTP/1.1" 200 (38 ms)
[29/Sep/2022:14:16:26 +0800] 0:0:0:0:0:0:0:1 "GET /system/role/fetch?rootId=0 HTTP/1.1" 200 (27 ms)
[29/Sep/2022:14:16:26 +0800] 0:0:0:0:0:0:0:1 "GET /system/setting/menu?roleId=6191496747421696 HTTP/1.1" 200 (20 ms)
[29/Sep/2022:14:18:19 +0800] 0:0:0:0:0:0:0:1 "GET /system/role/fetch?rootId=0 HTTP/1.1" 200 (28 ms)
[29/Sep/2022:14:18:19 +0800] 0:0:0:0:0:0:0:1 "GET /system/setting/menu?roleId=6191496747421696 HTTP/1.1" 200 (15 ms)
[29/Sep/2022:14:22:26 +0800] 0:0:0:0:0:0:0:1 "GET /system/role/fetch?rootId=0 HTTP/1.1" 200 (31 ms)
[29/Sep/2022:14:22:26 +0800] 0:0:0:0:0:0:0:1 "GET /system/setting/menu?roleId=6191496747421696 HTTP/1.1" 200 (19 ms)
[29/Sep/2022:14:56:57 +0800] 0:0:0:0:0:0:0:1 "GET /system/role/fetch?rootId=0 HTTP/1.1" 200 (170 ms)
[29/Sep/2022:14:58:14 +0800] 0:0:0:0:0:0:0:1 "GET /system/role/fetch?rootId=0 HTTP/1.1" 200 (42 ms)
[29/Sep/2022:14:58:14 +0800] 0:0:0:0:0:0:0:1 "GET /system/setting/menu?roleId=6191496747421696 HTTP/1.1" 200 (34 ms)
[29/Sep/2022:15:07:55 +0800] 0:0:0:0:0:0:0:1 "GET /system/role/fetch?rootId=0 HTTP/1.1" 200 (43 ms)
[29/Sep/2022:15:07:55 +0800] 0:0:0:0:0:0:0:1 "GET /system/setting/menu?roleId=6191496747421696 HTTP/1.1" 200 (43 ms)
[29/Sep/2022:15:13:39 +0800] 0:0:0:0:0:0:0:1 "GET /system/role/fetch?rootId=0 HTTP/1.1" 200 (54 ms)
[29/Sep/2022:15:13:39 +0800] 0:0:0:0:0:0:0:1 "GET /system/setting/menu?roleId=6191496747421696 HTTP/1.1" 200 (26 ms)
[29/Sep/2022:15:13:46 +0800] 0:0:0:0:0:0:0:1 "OPTIONS /system/role/pushauthor HTTP/1.1" 200 (22 ms)
[29/Sep/2022:15:13:46 +0800] 0:0:0:0:0:0:0:1 "POST /system/role/pushauthor HTTP/1.1" 404 (37 ms)
[29/Sep/2022:15:14:01 +0800] 0:0:0:0:0:0:0:1 "GET /system/role/pushauthor HTTP/1.1" 404 (84 ms)
[29/Sep/2022:15:15:28 +0800] 0:0:0:0:0:0:0:1 "POST /system/role/pushauthor HTTP/1.1" 500 (826 ms)
[29/Sep/2022:15:30:54 +0800] 0:0:0:0:0:0:0:1 "GET /system/role/fetch?rootId=0 HTTP/1.1" 200 (1242 ms)
[29/Sep/2022:15:30:54 +0800] 0:0:0:0:0:0:0:1 "GET /system/setting/menu?roleId=6191496747421696 HTTP/1.1" 200 (99 ms)
[29/Sep/2022:15:30:59 +0800] 0:0:0:0:0:0:0:1 "OPTIONS null HTTP/1.1" 400 (14 ms)
[29/Sep/2022:15:48:23 +0800] 0:0:0:0:0:0:0:1 "GET /system/role/fetch?rootId=0 HTTP/1.1" 200 (45 ms)
[29/Sep/2022:15:48:26 +0800] 0:0:0:0:0:0:0:1 "GET /system/role/fetch?rootId=0 HTTP/1.1" 200 (46 ms)
[29/Sep/2022:15:48:26 +0800] 0:0:0:0:0:0:0:1 "GET /system/setting/menu?roleId=6191496747421696 HTTP/1.1" 200 (24 ms)
[29/Sep/2022:15:48:33 +0800] 0:0:0:0:0:0:0:1 "OPTIONS null HTTP/1.1" 400 (1 ms)
[29/Sep/2022:15:51:03 +0800] 0:0:0:0:0:0:0:1 "GET /system/role/fetch?rootId=0 HTTP/1.1" 200 (36 ms)
[29/Sep/2022:15:51:04 +0800] 0:0:0:0:0:0:0:1 "GET /system/setting/menu?roleId=6191496747421696 HTTP/1.1" 200 (20 ms)
[29/Sep/2022:15:51:07 +0800] 0:0:0:0:0:0:0:1 "OPTIONS /system/role/pushauthor?roleId= HTTP/1.1" 200 (8 ms)
[29/Sep/2022:15:51:07 +0800] 0:0:0:0:0:0:0:1 "POST /system/role/pushauthor?roleId= HTTP/1.1" 500 (56 ms)
[29/Sep/2022:15:52:10 +0800] 0:0:0:0:0:0:0:1 "GET /system/role/fetch?rootId=0 HTTP/1.1" 200 (32 ms)
[29/Sep/2022:15:52:11 +0800] 0:0:0:0:0:0:0:1 "GET /system/setting/menu?roleId=6191496747421696 HTTP/1.1" 200 (15 ms)
[29/Sep/2022:15:52:47 +0800] 0:0:0:0:0:0:0:1 "GET /system/role/fetch?rootId=0 HTTP/1.1" 200 (22 ms)
[29/Sep/2022:15:52:47 +0800] 0:0:0:0:0:0:0:1 "GET /system/setting/menu?roleId=6191496747421696 HTTP/1.1" 200 (27 ms)
[29/Sep/2022:15:52:53 +0800] 0:0:0:0:0:0:0:1 "POST /system/role/pushauthor?roleId= HTTP/1.1" 500 (13 ms)
[29/Sep/2022:17:30:20 +0800] 0:0:0:0:0:0:0:1 "GET /system/role/fetch?rootId=0 HTTP/1.1" 200 (1120 ms)
[29/Sep/2022:17:30:20 +0800] 0:0:0:0:0:0:0:1 "GET /system/setting/menu?roleId=6191496747421696 HTTP/1.1" 200 (111 ms)
[29/Sep/2022:17:30:29 +0800] 0:0:0:0:0:0:0:1 "OPTIONS /system/role/pushauthor?roleId= HTTP/1.1" 200 (7 ms)
[29/Sep/2022:17:30:29 +0800] 0:0:0:0:0:0:0:1 "POST /system/role/pushauthor?roleId= HTTP/1.1" 500 (75 ms)
[29/Sep/2022:17:33:32 +0800] 0:0:0:0:0:0:0:1 "GET /system/role/fetch?rootId=0 HTTP/1.1" 200 (31 ms)
[29/Sep/2022:17:33:32 +0800] 0:0:0:0:0:0:0:1 "GET /system/setting/menu?roleId=6191496747421696 HTTP/1.1" 200 (29 ms)
[29/Sep/2022:17:33:37 +0800] 0:0:0:0:0:0:0:1 "POST /system/role/pushauthor?roleId= HTTP/1.1" 500 (10 ms)
[29/Sep/2022:17:34:11 +0800] 0:0:0:0:0:0:0:1 "GET /system/role/fetch?rootId=0 HTTP/1.1" 200 (24 ms)
[29/Sep/2022:17:34:11 +0800] 0:0:0:0:0:0:0:1 "GET /system/setting/menu?roleId=6191496747421696 HTTP/1.1" 200 (26 ms)
[29/Sep/2022:17:34:17 +0800] 0:0:0:0:0:0:0:1 "OPTIONS /system/role/pushauthor?roleId=6191496747421696 HTTP/1.1" 200 (2 ms)
[29/Sep/2022:17:34:17 +0800] 0:0:0:0:0:0:0:1 "POST /system/role/pushauthor?roleId=6191496747421696 HTTP/1.1" 200 (29 ms)
[29/Sep/2022:17:38:04 +0800] 0:0:0:0:0:0:0:1 "GET /system/role/fetch?rootId=0 HTTP/1.1" 200 (30 ms)
[29/Sep/2022:17:38:04 +0800] 0:0:0:0:0:0:0:1 "GET /system/setting/menu?roleId=6191496747421696 HTTP/1.1" 200 (31 ms)
[29/Sep/2022:17:38:12 +0800] 0:0:0:0:0:0:0:1 "POST /system/role/pushauthor?roleId=6191496747421696 HTTP/1.1" 200 (16 ms)
[29/Sep/2022:17:38:36 +0800] 0:0:0:0:0:0:0:1 "GET /system/role/fetch?rootId=0 HTTP/1.1" 200 (17 ms)
[29/Sep/2022:17:38:37 +0800] 0:0:0:0:0:0:0:1 "GET /system/setting/menu?roleId=6191496747421696 HTTP/1.1" 200 (19 ms)
[29/Sep/2022:17:38:46 +0800] 0:0:0:0:0:0:0:1 "POST /system/role/pushauthor?roleId=6191496747421696 HTTP/1.1" 200 (9 ms)
[29/Sep/2022:17:40:27 +0800] 0:0:0:0:0:0:0:1 "GET /system/role/fetch?rootId=0 HTTP/1.1" 200 (24 ms)
[29/Sep/2022:17:40:27 +0800] 0:0:0:0:0:0:0:1 "GET /system/setting/menu?roleId=6191496747421696 HTTP/1.1" 200 (13 ms)
[29/Sep/2022:17:40:55 +0800] 0:0:0:0:0:0:0:1 "GET /system/role/fetch?rootId=0 HTTP/1.1" 200 (29 ms)
[29/Sep/2022:17:40:55 +0800] 0:0:0:0:0:0:0:1 "GET /system/setting/menu?roleId=6191496747421696 HTTP/1.1" 200 (19 ms)
[29/Sep/2022:17:42:58 +0800] 0:0:0:0:0:0:0:1 "GET /system/role/fetch?rootId=0 HTTP/1.1" 200 (26 ms)
[29/Sep/2022:17:42:58 +0800] 0:0:0:0:0:0:0:1 "GET /system/setting/menu?roleId=6191496747421696 HTTP/1.1" 200 (17 ms)
[29/Sep/2022:18:01:22 +0800] 0:0:0:0:0:0:0:1 "GET /system/role/fetch?rootId=0 HTTP/1.1" 200 (1174 ms)
[29/Sep/2022:18:01:22 +0800] 0:0:0:0:0:0:0:1 "GET /system/setting/menu?roleId=6191496747421696 HTTP/1.1" 200 (128 ms)
[29/Sep/2022:18:02:18 +0800] 0:0:0:0:0:0:0:1 "GET /system/role/fetch?rootId=0 HTTP/1.1" 200 (18 ms)
[29/Sep/2022:18:02:18 +0800] 0:0:0:0:0:0:0:1 "GET /system/setting/menu?roleId=6191496747421696 HTTP/1.1" 200 (25 ms)
[29/Sep/2022:18:02:20 +0800] 0:0:0:0:0:0:0:1 "POST /system/role/pushauthor?roleId=6191496747421696 HTTP/1.1" 500 (65 ms)
[29/Sep/2022:18:02:59 +0800] 0:0:0:0:0:0:0:1 "POST /system/role/pushauthor?roleId=6191496747421696 HTTP/1.1" 500 (869 ms)
[29/Sep/2022:18:51:55 +0800] 0:0:0:0:0:0:0:1 "GET /system/role/fetch?rootId=0 HTTP/1.1" 200 (1289 ms)
[29/Sep/2022:18:51:55 +0800] 0:0:0:0:0:0:0:1 "GET /system/setting/menu?roleId=6191496747421696 HTTP/1.1" 200 (126 ms)
[29/Sep/2022:18:52:00 +0800] 0:0:0:0:0:0:0:1 "OPTIONS /system/role/pushauthor?roleId=6191496747421696 HTTP/1.1" 200 (8 ms)
[29/Sep/2022:18:52:00 +0800] 0:0:0:0:0:0:0:1 "POST /system/role/pushauthor?roleId=6191496747421696 HTTP/1.1" 200 (51 ms)
[29/Sep/2022:19:08:20 +0800] 0:0:0:0:0:0:0:1 "GET /system/role/fetch?rootId=0 HTTP/1.1" 200 (1158 ms)
[29/Sep/2022:19:08:20 +0800] 0:0:0:0:0:0:0:1 "GET /system/setting/menu?roleId=6191496747421696 HTTP/1.1" 200 (102 ms)
[29/Sep/2022:19:08:24 +0800] 0:0:0:0:0:0:0:1 "POST /system/role/pushauthor?roleId=6191496747421696 HTTP/1.1" 200 (33 ms)
[29/Sep/2022:19:09:28 +0800] 0:0:0:0:0:0:0:1 "GET /system/role/fetch?rootId=0 HTTP/1.1" 200 (1123 ms)
[29/Sep/2022:19:09:28 +0800] 0:0:0:0:0:0:0:1 "GET /system/setting/menu?roleId=6191496747421696 HTTP/1.1" 200 (106 ms)
[29/Sep/2022:19:09:31 +0800] 0:0:0:0:0:0:0:1 "POST /system/role/pushauthor?roleId=6191496747421696 HTTP/1.1" 200 (172 ms)
[29/Sep/2022:19:10:08 +0800] 0:0:0:0:0:0:0:1 "POST /system/role/pushauthor?roleId=6191496747421696 HTTP/1.1" 200 (322 ms)
[29/Sep/2022:19:10:14 +0800] 0:0:0:0:0:0:0:1 "GET /system/role/fetch?rootId=0 HTTP/1.1" 200 (26 ms)
[29/Sep/2022:19:10:14 +0800] 0:0:0:0:0:0:0:1 "GET /system/setting/menu?roleId=6191496747421696 HTTP/1.1" 200 (25 ms)
[29/Sep/2022:19:12:03 +0800] 0:0:0:0:0:0:0:1 "POST /system/role/pushauthor?roleId=6191496747421696 HTTP/1.1" 200 (31 ms)
[29/Sep/2022:19:12:10 +0800] 0:0:0:0:0:0:0:1 "POST /system/role/pushauthor?roleId=6191496747421696 HTTP/1.1" 200 (19 ms)
[29/Sep/2022:19:19:47 +0800] 0:0:0:0:0:0:0:1 "GET /system/role/fetch?rootId=0 HTTP/1.1" 200 (1345 ms)
[29/Sep/2022:19:19:48 +0800] 0:0:0:0:0:0:0:1 "GET /system/setting/menu?roleId=6191496747421696 HTTP/1.1" 200 (111 ms)
[29/Sep/2022:19:19:53 +0800] 0:0:0:0:0:0:0:1 "POST /system/role/pushauthor?roleId=6191496747421696 HTTP/1.1" 200 (67 ms)
[29/Sep/2022:19:19:58 +0800] 0:0:0:0:0:0:0:1 "GET /system/role/fetch?rootId=0 HTTP/1.1" 200 (17 ms)
[29/Sep/2022:19:19:58 +0800] 0:0:0:0:0:0:0:1 "GET /system/setting/menu?roleId=6191496747421696 HTTP/1.1" 200 (21 ms)
[29/Sep/2022:19:20:04 +0800] 0:0:0:0:0:0:0:1 "POST /system/role/pushauthor?roleId=6191496747421696 HTTP/1.1" 200 (21 ms)
[29/Sep/2022:19:20:18 +0800] 0:0:0:0:0:0:0:1 "POST /system/role/pushauthor?roleId=6191496747421696 HTTP/1.1" 200 (19 ms)
[29/Sep/2022:19:22:38 +0800] 0:0:0:0:0:0:0:1 "GET /system/role/fetch?rootId=0 HTTP/1.1" 200 (1284 ms)
[29/Sep/2022:19:22:38 +0800] 0:0:0:0:0:0:0:1 "GET /system/setting/menu?roleId=6191496747421696 HTTP/1.1" 200 (104 ms)
[29/Sep/2022:19:22:41 +0800] 0:0:0:0:0:0:0:1 "OPTIONS /system/role/pushauthor?roleId=6191496747421696 HTTP/1.1" 200 (8 ms)
[29/Sep/2022:19:22:41 +0800] 0:0:0:0:0:0:0:1 "POST /system/role/pushauthor?roleId=6191496747421696 HTTP/1.1" 200 (56 ms)
[29/Sep/2022:19:23:51 +0800] 0:0:0:0:0:0:0:1 "GET /system/role/fetch?rootId=0 HTTP/1.1" 200 (1169 ms)
[29/Sep/2022:19:23:51 +0800] 0:0:0:0:0:0:0:1 "GET /system/setting/menu?roleId=6191496747421696 HTTP/1.1" 200 (106 ms)
[29/Sep/2022:19:23:53 +0800] 0:0:0:0:0:0:0:1 "POST /system/role/pushauthor?roleId=6191496747421696 HTTP/1.1" 200 (61 ms)
[29/Sep/2022:19:24:34 +0800] 0:0:0:0:0:0:0:1 "POST /system/role/pushauthor?roleId=6191496747421696 HTTP/1.1" 200 (952 ms)
[29/Sep/2022:19:25:22 +0800] 0:0:0:0:0:0:0:1 "GET /system/role/fetch?rootId=0 HTTP/1.1" 200 (103 ms)
[29/Sep/2022:19:25:22 +0800] 0:0:0:0:0:0:0:1 "GET /system/setting/menu?roleId=6191496747421696 HTTP/1.1" 200 (45 ms)
[29/Sep/2022:19:25:40 +0800] 0:0:0:0:0:0:0:1 "POST /system/role/pushauthor?roleId=6191496747421696 HTTP/1.1" 200 (15741 ms)
[29/Sep/2022:19:27:30 +0800] 0:0:0:0:0:0:0:1 "GET /system/role/fetch?rootId=0 HTTP/1.1" 200 (1175 ms)
[29/Sep/2022:19:27:30 +0800] 0:0:0:0:0:0:0:1 "GET /system/setting/menu?roleId=6191496747421696 HTTP/1.1" 200 (102 ms)
[29/Sep/2022:19:27:34 +0800] 0:0:0:0:0:0:0:1 "POST /system/role/pushauthor?roleId=6191496747421696 HTTP/1.1" 200 (360 ms)
[29/Sep/2022:19:27:48 +0800] 0:0:0:0:0:0:0:1 "GET /system/role/fetch?rootId=0 HTTP/1.1" 200 (20 ms)
[29/Sep/2022:19:27:48 +0800] 0:0:0:0:0:0:0:1 "GET /system/setting/menu?roleId=6191496747421696 HTTP/1.1" 200 (24 ms)
[29/Sep/2022:19:27:53 +0800] 0:0:0:0:0:0:0:1 "POST /system/role/pushauthor?roleId=6191496747421696 HTTP/1.1" 200 (145 ms)
[29/Sep/2022:19:28:37 +0800] 0:0:0:0:0:0:0:1 "GET /system/role/fetch?rootId=0 HTTP/1.1" 200 (24 ms)
[29/Sep/2022:19:28:37 +0800] 0:0:0:0:0:0:0:1 "GET /system/setting/menu?roleId=6191496747421696 HTTP/1.1" 200 (25 ms)
[29/Sep/2022:19:28:49 +0800] 0:0:0:0:0:0:0:1 "GET /project/fetch?ownId=0 HTTP/1.1" 200 (41 ms)
[29/Sep/2022:19:28:50 +0800] 0:0:0:0:0:0:0:1 "GET /project/fetch?ownId=0 HTTP/1.1" 200 (25 ms)
[29/Sep/2022:19:28:50 +0800] 0:0:0:0:0:0:0:1 "GET /project/tree?ownId=2543997172191232&rootId=2543997172191232 HTTP/1.1" 200 (22 ms)
[29/Sep/2022:19:29:15 +0800] 0:0:0:0:0:0:0:1 "GET /project/tree?rootId=0 HTTP/1.1" 200 (41 ms)
[29/Sep/2022:19:29:15 +0800] 0:0:0:0:0:0:0:1 "GET /budget/division/tree2?ownId=0&projectId=2543997172191232 HTTP/1.1" 200 (55 ms)
[29/Sep/2022:19:29:15 +0800] 0:0:0:0:0:0:0:1 "GET /budget/division/machine/tree?ownId=2543997172191232&divisionId=2543997172191232&rootId=2543997172191232 HTTP/1.1" 200 (32 ms)
[29/Sep/2022:19:29:27 +0800] 0:0:0:0:0:0:0:1 "GET /system/role/fetch?rootId=0 HTTP/1.1" 200 (14 ms)
[29/Sep/2022:19:29:27 +0800] 0:0:0:0:0:0:0:1 "GET /system/setting/menu?roleId=6191496747421696 HTTP/1.1" 200 (14 ms)
[29/Sep/2022:19:30:58 +0800] 0:0:0:0:0:0:0:1 "GET /system/role/fetch?ownId=0 HTTP/1.1" 200 (29 ms)
[29/Sep/2022:19:31:24 +0800] 0:0:0:0:0:0:0:1 "GET /system/role/fetch?rootId=0 HTTP/1.1" 200 (21 ms)
[29/Sep/2022:19:31:24 +0800] 0:0:0:0:0:0:0:1 "GET /system/setting/menu?roleId=6191496747421696 HTTP/1.1" 200 (11 ms)
[29/Sep/2022:19:31:27 +0800] 0:0:0:0:0:0:0:1 "GET /system/role/fetch?ownId=0 HTTP/1.1" 200 (16 ms)
[29/Sep/2022:19:31:43 +0800] 0:0:0:0:0:0:0:1 "GET /system/users/fetch?ownId=0 HTTP/1.1" 200 (28 ms)
