[10/Sep/2022:06:47:33 +0800] 0:0:0:0:0:0:0:1 "POST /system/token HTTP/1.1" 200 (237 ms)
[10/Sep/2022:06:47:33 +0800] 0:0:0:0:0:0:0:1 "GET /system/menu HTTP/1.1" 200 (137 ms)
[10/Sep/2022:06:47:35 +0800] 0:0:0:0:0:0:0:1 "GET /project/fetch HTTP/1.1" 200 (1984 ms)
[10/Sep/2022:06:47:44 +0800] 0:0:0:0:0:0:0:1 "GET /construction/fetch HTTP/1.1" 200 (105 ms)
[10/Sep/2022:06:47:51 +0800] 0:0:0:0:0:0:0:1 "GET /project/fetch HTTP/1.1" 200 (27 ms)
[10/Sep/2022:06:47:51 +0800] 0:0:0:0:0:0:0:1 "GET /projectindex/tree?projectId=2 HTTP/1.1" 200 (136 ms)
[10/Sep/2022:06:47:57 +0800] 0:0:0:0:0:0:0:1 "GET /project/fetch HTTP/1.1" 200 (37 ms)
[10/Sep/2022:06:47:57 +0800] 0:0:0:0:0:0:0:1 "GET /projectindex/tree?projectId=2 HTTP/1.1" 200 (15 ms)
[10/Sep/2022:06:48:20 +0800] 0:0:0:0:0:0:0:1 "GET /project/fetch HTTP/1.1" 200 (22 ms)
[10/Sep/2022:06:48:23 +0800] 0:0:0:0:0:0:0:1 "GET /project/fetch HTTP/1.1" 200 (31 ms)
[10/Sep/2022:06:48:23 +0800] 0:0:0:0:0:0:0:1 "GET /projectindex/tree?projectId=2 HTTP/1.1" 200 (18 ms)
[10/Sep/2022:07:30:08 +0800] 0:0:0:0:0:0:0:1 "GET /project/fetch HTTP/1.1" 200 (532 ms)
[10/Sep/2022:07:30:08 +0800] 0:0:0:0:0:0:0:1 "GET /projectindex/tree?projectId=2 HTTP/1.1" 200 (41 ms)
[10/Sep/2022:07:37:30 +0800] 0:0:0:0:0:0:0:1 "GET /project/fetch HTTP/1.1" 200 (47 ms)
[10/Sep/2022:07:37:30 +0800] 0:0:0:0:0:0:0:1 "GET /projectindex/tree?projectId=2 HTTP/1.1" 200 (14 ms)
[10/Sep/2022:07:48:57 +0800] 0:0:0:0:0:0:0:1 "GET /project/fetch HTTP/1.1" 200 (54 ms)
[10/Sep/2022:07:48:57 +0800] 0:0:0:0:0:0:0:1 "GET /projectindex/tree?projectId=2 HTTP/1.1" 200 (37 ms)
[10/Sep/2022:07:51:56 +0800] 0:0:0:0:0:0:0:1 "GET /project/fetch HTTP/1.1" 200 (46 ms)
[10/Sep/2022:07:51:56 +0800] 0:0:0:0:0:0:0:1 "GET /projectindex/tree?projectId=2 HTTP/1.1" 200 (13 ms)
[10/Sep/2022:07:52:02 +0800] 0:0:0:0:0:0:0:1 "GET /project/fetch HTTP/1.1" 200 (50 ms)
[10/Sep/2022:07:52:02 +0800] 0:0:0:0:0:0:0:1 "GET /projectindex/tree?projectId=2 HTTP/1.1" 200 (29 ms)
[10/Sep/2022:07:52:18 +0800] 0:0:0:0:0:0:0:1 "OPTIONS /budget/import/ HTTP/1.1" 200 (18 ms)
[10/Sep/2022:07:52:18 +0800] 0:0:0:0:0:0:0:1 "POST /budget/import/ HTTP/1.1" 405 (97 ms)
[10/Sep/2022:07:59:54 +0800] 0:0:0:0:0:0:0:1 "GET /project/fetch HTTP/1.1" 200 (1213 ms)
[10/Sep/2022:07:59:54 +0800] 0:0:0:0:0:0:0:1 "GET /projectindex/tree?projectId=2 HTTP/1.1" 200 (93 ms)
[10/Sep/2022:08:00:11 +0800] 0:0:0:0:0:0:0:1 "POST /budget/import/ HTTP/1.1" 405 (50 ms)
[10/Sep/2022:08:06:03 +0800] 0:0:0:0:0:0:0:1 "GET /project/fetch HTTP/1.1" 200 (1215 ms)
[10/Sep/2022:08:06:03 +0800] 0:0:0:0:0:0:0:1 "GET /projectindex/tree?projectId=2 HTTP/1.1" 200 (76 ms)
[10/Sep/2022:08:06:14 +0800] 0:0:0:0:0:0:0:1 "POST /budget/import/ HTTP/1.1" 500 (80 ms)
[10/Sep/2022:08:09:17 +0800] 0:0:0:0:0:0:0:1 "GET /project/fetch HTTP/1.1" 200 (1264 ms)
[10/Sep/2022:08:09:17 +0800] 0:0:0:0:0:0:0:1 "GET /projectindex/tree?projectId=2 HTTP/1.1" 200 (60 ms)
[10/Sep/2022:08:09:23 +0800] 0:0:0:0:0:0:0:1 "POST /budget/import/ HTTP/1.1" 200 (53 ms)
[10/Sep/2022:09:12:21 +0800] 0:0:0:0:0:0:0:1 "GET /project/fetch HTTP/1.1" 200 (1220 ms)
[10/Sep/2022:09:12:21 +0800] 0:0:0:0:0:0:0:1 "GET /projectindex/tree?projectId=2 HTTP/1.1" 200 (83 ms)
[10/Sep/2022:09:12:33 +0800] 0:0:0:0:0:0:0:1 "OPTIONS /budget/import/ HTTP/1.1" 200 (6 ms)
[10/Sep/2022:09:12:33 +0800] 0:0:0:0:0:0:0:1 "POST /budget/import/ HTTP/1.1" 200 (49 ms)
[10/Sep/2022:09:15:44 +0800] 0:0:0:0:0:0:0:1 "GET /project/fetch HTTP/1.1" 200 (1194 ms)
[10/Sep/2022:09:15:44 +0800] 0:0:0:0:0:0:0:1 "GET /projectindex/tree?projectId=2 HTTP/1.1" 200 (66 ms)
[10/Sep/2022:09:15:48 +0800] 0:0:0:0:0:0:0:1 "POST /budget/import/ HTTP/1.1" 500 (70 ms)
[10/Sep/2022:09:39:46 +0800] 0:0:0:0:0:0:0:1 "GET /project/fetch HTTP/1.1" 200 (1292 ms)
[10/Sep/2022:09:39:46 +0800] 0:0:0:0:0:0:0:1 "GET /projectindex/tree?projectId=2 HTTP/1.1" 200 (61 ms)
[10/Sep/2022:09:40:13 +0800] 0:0:0:0:0:0:0:1 "POST /budget/import/ HTTP/1.1" 200 (123 ms)
[10/Sep/2022:12:17:39 +0800] 0:0:0:0:0:0:0:1 "GET /project/fetch HTTP/1.1" 200 (1004 ms)
[10/Sep/2022:12:17:42 +0800] 0:0:0:0:0:0:0:1 "GET /project/fetch HTTP/1.1" 200 (28 ms)
[10/Sep/2022:12:17:42 +0800] 0:0:0:0:0:0:0:1 "GET /projectindex/tree?projectId=2 HTTP/1.1" 200 (65 ms)
[10/Sep/2022:12:17:48 +0800] 0:0:0:0:0:0:0:1 "OPTIONS /budget/import/ HTTP/1.1" 200 (5 ms)
[10/Sep/2022:12:17:49 +0800] 0:0:0:0:0:0:0:1 "POST /budget/import/ HTTP/1.1" 500 (787 ms)
[10/Sep/2022:12:30:03 +0800] 0:0:0:0:0:0:0:1 "GET /project/fetch HTTP/1.1" 200 (1027 ms)
[10/Sep/2022:12:30:03 +0800] 0:0:0:0:0:0:0:1 "GET /projectindex/tree?projectId=2 HTTP/1.1" 200 (61 ms)
[10/Sep/2022:12:30:13 +0800] 0:0:0:0:0:0:0:1 "POST /budget/import/ HTTP/1.1" 500 (948 ms)
[10/Sep/2022:12:38:18 +0800] 0:0:0:0:0:0:0:1 "GET /project/fetch HTTP/1.1" 200 (10961 ms)
[10/Sep/2022:12:38:39 +0800] 0:0:0:0:0:0:0:1 "GET /project/fetch HTTP/1.1" 200 (34 ms)
[10/Sep/2022:12:38:39 +0800] 0:0:0:0:0:0:0:1 "GET /projectindex/tree?projectId=2 HTTP/1.1" 200 (136 ms)
[10/Sep/2022:12:39:56 +0800] 0:0:0:0:0:0:0:1 "POST /budget/import/ HTTP/1.1" 200 (1004 ms)
[10/Sep/2022:12:40:26 +0800] 0:0:0:0:0:0:0:1 "GET /project/fetch HTTP/1.1" 200 (34 ms)
[10/Sep/2022:12:40:26 +0800] 0:0:0:0:0:0:0:1 "GET /projectindex/tree?projectId=2 HTTP/1.1" 200 (20 ms)
[10/Sep/2022:16:14:41 +0800] 0:0:0:0:0:0:0:1 "GET /project/fetch HTTP/1.1" 200 (1765 ms)
[10/Sep/2022:16:14:41 +0800] 0:0:0:0:0:0:0:1 "GET /projectindex/tree?projectId=2 HTTP/1.1" 200 (91 ms)
[10/Sep/2022:16:14:50 +0800] 0:0:0:0:0:0:0:1 "GET /project/fetch HTTP/1.1" 200 (23 ms)
[10/Sep/2022:16:19:25 +0800] 0:0:0:0:0:0:0:1 "GET /project/fetch HTTP/1.1" 200 (50 ms)
[10/Sep/2022:16:19:25 +0800] 0:0:0:0:0:0:0:1 "GET /projectindex/tree?projectId=2 HTTP/1.1" 200 (18 ms)
[10/Sep/2022:16:19:37 +0800] 0:0:0:0:0:0:0:1 "GET /project/fetch HTTP/1.1" 200 (22 ms)
[10/Sep/2022:16:19:42 +0800] 0:0:0:0:0:0:0:1 "GET /project/fetch HTTP/1.1" 200 (24 ms)
[10/Sep/2022:16:19:42 +0800] 0:0:0:0:0:0:0:1 "GET /projectindex/tree?projectId=2 HTTP/1.1" 200 (24 ms)
[10/Sep/2022:16:22:37 +0800] 0:0:0:0:0:0:0:1 "GET /projectindex/tree?projectId=3 HTTP/1.1" 200 (18 ms)
[10/Sep/2022:16:22:38 +0800] 0:0:0:0:0:0:0:1 "GET /projectindex/tree?projectId=2 HTTP/1.1" 200 (16 ms)
[10/Sep/2022:16:22:39 +0800] 0:0:0:0:0:0:0:1 "GET /projectindex/tree?projectId=3 HTTP/1.1" 200 (13 ms)
[10/Sep/2022:16:22:40 +0800] 0:0:0:0:0:0:0:1 "GET /projectindex/tree?projectId=2 HTTP/1.1" 200 (11 ms)
[10/Sep/2022:16:22:47 +0800] 0:0:0:0:0:0:0:1 "GET /projectindex/tree?projectId=3 HTTP/1.1" 200 (14 ms)
[10/Sep/2022:16:22:48 +0800] 0:0:0:0:0:0:0:1 "GET /projectindex/tree?projectId=2 HTTP/1.1" 200 (13 ms)
[10/Sep/2022:16:22:48 +0800] 0:0:0:0:0:0:0:1 "GET /projectindex/tree?projectId=3 HTTP/1.1" 200 (12 ms)
[10/Sep/2022:16:22:49 +0800] 0:0:0:0:0:0:0:1 "GET /projectindex/tree?projectId=2 HTTP/1.1" 200 (15 ms)
[10/Sep/2022:16:22:49 +0800] 0:0:0:0:0:0:0:1 "GET /projectindex/tree?projectId=3 HTTP/1.1" 200 (18 ms)
[10/Sep/2022:16:25:02 +0800] 0:0:0:0:0:0:0:1 "GET /projectindex/tree?projectId=2 HTTP/1.1" 200 (19 ms)
[10/Sep/2022:16:25:03 +0800] 0:0:0:0:0:0:0:1 "GET /projectindex/tree?projectId=3 HTTP/1.1" 200 (12 ms)
[10/Sep/2022:16:25:04 +0800] 0:0:0:0:0:0:0:1 "GET /projectindex/tree?projectId=2 HTTP/1.1" 200 (11 ms)
[10/Sep/2022:16:25:05 +0800] 0:0:0:0:0:0:0:1 "GET /projectindex/tree?projectId=3 HTTP/1.1" 200 (35 ms)
[10/Sep/2022:16:25:06 +0800] 0:0:0:0:0:0:0:1 "GET /projectindex/tree?projectId=2 HTTP/1.1" 200 (12 ms)
[10/Sep/2022:16:25:06 +0800] 0:0:0:0:0:0:0:1 "GET /projectindex/tree?projectId=3 HTTP/1.1" 200 (11 ms)
[10/Sep/2022:16:25:07 +0800] 0:0:0:0:0:0:0:1 "GET /projectindex/tree?projectId=2 HTTP/1.1" 200 (10 ms)
[10/Sep/2022:16:25:07 +0800] 0:0:0:0:0:0:0:1 "GET /projectindex/tree?projectId=3 HTTP/1.1" 200 (13 ms)
[10/Sep/2022:16:25:13 +0800] 0:0:0:0:0:0:0:1 "GET /projectindex/tree?projectId=2 HTTP/1.1" 200 (15 ms)
[10/Sep/2022:16:25:14 +0800] 0:0:0:0:0:0:0:1 "GET /projectindex/tree?projectId=3 HTTP/1.1" 200 (12 ms)
[10/Sep/2022:16:25:17 +0800] 0:0:0:0:0:0:0:1 "GET /projectindex/tree?projectId=2 HTTP/1.1" 200 (13 ms)
[10/Sep/2022:16:25:17 +0800] 0:0:0:0:0:0:0:1 "GET /projectindex/tree?projectId=3 HTTP/1.1" 200 (11 ms)
[10/Sep/2022:16:26:27 +0800] 0:0:0:0:0:0:0:1 "GET /project/fetch HTTP/1.1" 200 (27 ms)
[10/Sep/2022:16:26:27 +0800] 0:0:0:0:0:0:0:1 "GET /projectindex/tree?projectId=2 HTTP/1.1" 200 (15 ms)
[10/Sep/2022:16:33:23 +0800] 0:0:0:0:0:0:0:1 "GET /project/fetch HTTP/1.1" 200 (22 ms)
[10/Sep/2022:16:33:23 +0800] 0:0:0:0:0:0:0:1 "GET /projectindex/tree?projectId=2 HTTP/1.1" 200 (10 ms)
[10/Sep/2022:16:44:58 +0800] 0:0:0:0:0:0:0:1 "GET /project/fetch HTTP/1.1" 200 (860 ms)
[10/Sep/2022:16:44:58 +0800] 0:0:0:0:0:0:0:1 "GET /projectindex/tree?projectId=2 HTTP/1.1" 200 (44 ms)
[10/Sep/2022:16:45:37 +0800] 0:0:0:0:0:0:0:1 "GET /project/fetch HTTP/1.1" 200 (30 ms)
[10/Sep/2022:16:45:37 +0800] 0:0:0:0:0:0:0:1 "GET /projectindex/tree?projectId=2 HTTP/1.1" 200 (18 ms)
[10/Sep/2022:16:48:44 +0800] 0:0:0:0:0:0:0:1 "GET /project/fetch HTTP/1.1" 200 (52 ms)
[10/Sep/2022:16:48:44 +0800] 0:0:0:0:0:0:0:1 "GET /projectindex/tree?projectId=2 HTTP/1.1" 200 (23 ms)
[10/Sep/2022:16:49:41 +0800] 0:0:0:0:0:0:0:1 "GET /project/fetch HTTP/1.1" 200 (31 ms)
[10/Sep/2022:16:49:41 +0800] 0:0:0:0:0:0:0:1 "GET /projectindex/tree?projectId=2 HTTP/1.1" 200 (27 ms)
[10/Sep/2022:16:50:34 +0800] 0:0:0:0:0:0:0:1 "GET /project/fetch HTTP/1.1" 200 (31 ms)
[10/Sep/2022:16:50:34 +0800] 0:0:0:0:0:0:0:1 "GET /projectindex/tree?projectId=2 HTTP/1.1" 200 (15 ms)
[10/Sep/2022:16:52:48 +0800] 0:0:0:0:0:0:0:1 "GET /project/fetch HTTP/1.1" 200 (52 ms)
[10/Sep/2022:16:52:48 +0800] 0:0:0:0:0:0:0:1 "GET /project/fetch HTTP/1.1" 200 (29 ms)
[10/Sep/2022:16:52:49 +0800] 0:0:0:0:0:0:0:1 "GET /project/fetch HTTP/1.1" 200 (37 ms)
[10/Sep/2022:16:52:49 +0800] 0:0:0:0:0:0:0:1 "GET /project/fetch HTTP/1.1" 200 (25 ms)
[10/Sep/2022:16:53:48 +0800] 0:0:0:0:0:0:0:1 "GET /project/fetch HTTP/1.1" 200 (45 ms)
[10/Sep/2022:16:53:48 +0800] 0:0:0:0:0:0:0:1 "GET /project/fetch HTTP/1.1" 200 (28 ms)
[10/Sep/2022:16:54:32 +0800] 0:0:0:0:0:0:0:1 "GET /project/fetch HTTP/1.1" 200 (31 ms)
[10/Sep/2022:16:54:32 +0800] 0:0:0:0:0:0:0:1 "GET /project/fetch HTTP/1.1" 200 (29 ms)
[10/Sep/2022:16:54:46 +0800] 0:0:0:0:0:0:0:1 "GET /project/fetch HTTP/1.1" 200 (31 ms)
[10/Sep/2022:16:54:46 +0800] 0:0:0:0:0:0:0:1 "GET /project/fetch HTTP/1.1" 200 (31 ms)
[10/Sep/2022:16:56:19 +0800] 0:0:0:0:0:0:0:1 "GET /project/fetch HTTP/1.1" 200 (37 ms)
[10/Sep/2022:16:56:43 +0800] 0:0:0:0:0:0:0:1 "GET /project/fetch HTTP/1.1" 200 (32 ms)
[10/Sep/2022:16:56:44 +0800] 0:0:0:0:0:0:0:1 "GET /project/fetch HTTP/1.1" 200 (27 ms)
[10/Sep/2022:16:56:52 +0800] 0:0:0:0:0:0:0:1 "GET /project/fetch HTTP/1.1" 200 (19 ms)
[10/Sep/2022:16:56:59 +0800] 0:0:0:0:0:0:0:1 "GET /project/fetch HTTP/1.1" 200 (22 ms)
[10/Sep/2022:16:56:59 +0800] 0:0:0:0:0:0:0:1 "GET /projectindex/tree?projectId=2 HTTP/1.1" 200 (17 ms)
[10/Sep/2022:16:57:27 +0800] 0:0:0:0:0:0:0:1 "OPTIONS /projectindex/push HTTP/1.1" 200 (6 ms)
[10/Sep/2022:16:57:28 +0800] 0:0:0:0:0:0:0:1 "POST /projectindex/push HTTP/1.1" 200 (584 ms)
[10/Sep/2022:16:57:28 +0800] 0:0:0:0:0:0:0:1 "GET /projectindex/tree?projectId=2 HTTP/1.1" 500 (87 ms)
[10/Sep/2022:16:59:21 +0800] 0:0:0:0:0:0:0:1 "POST /projectindex/push HTTP/1.1" 200 (350 ms)
[10/Sep/2022:17:00:53 +0800] 0:0:0:0:0:0:0:1 "GET /projectindex/tree?projectId=2 HTTP/1.1" 500 (92198 ms)
[10/Sep/2022:17:00:58 +0800] 0:0:0:0:0:0:0:1 "POST /projectindex/push HTTP/1.1" 200 (357 ms)
[10/Sep/2022:17:01:44 +0800] 0:0:0:0:0:0:0:1 "GET /projectindex/tree?projectId=2 HTTP/1.1" 500 (45339 ms)
[10/Sep/2022:17:02:40 +0800] 0:0:0:0:0:0:0:1 "GET /project/fetch HTTP/1.1" 200 (1273 ms)
[10/Sep/2022:17:02:40 +0800] 0:0:0:0:0:0:0:1 "GET /projectindex/tree?projectId=2 HTTP/1.1" 200 (60 ms)
[10/Sep/2022:17:02:46 +0800] 0:0:0:0:0:0:0:1 "POST /projectindex/push HTTP/1.1" 200 (61 ms)
[10/Sep/2022:17:02:46 +0800] 0:0:0:0:0:0:0:1 "GET /projectindex/tree?projectId=2 HTTP/1.1" 200 (38 ms)
[10/Sep/2022:17:05:01 +0800] 0:0:0:0:0:0:0:1 "GET /project/fetch HTTP/1.1" 200 (58 ms)
[10/Sep/2022:17:05:01 +0800] 0:0:0:0:0:0:0:1 "GET /project/fetch HTTP/1.1" 200 (45 ms)
[10/Sep/2022:17:05:01 +0800] 0:0:0:0:0:0:0:1 "GET /projectindex/tree?projectId=2 HTTP/1.1" 200 (46 ms)
[10/Sep/2022:17:05:09 +0800] 0:0:0:0:0:0:0:1 "GET /project/fetch HTTP/1.1" 200 (36 ms)
[10/Sep/2022:17:05:09 +0800] 0:0:0:0:0:0:0:1 "GET /projectindex/tree?projectId=2 HTTP/1.1" 200 (52 ms)
[10/Sep/2022:17:05:15 +0800] 0:0:0:0:0:0:0:1 "POST /projectindex/push HTTP/1.1" 200 (408 ms)
[10/Sep/2022:17:05:15 +0800] 0:0:0:0:0:0:0:1 "GET /projectindex/tree?projectId=2 HTTP/1.1" 200 (23 ms)
[10/Sep/2022:17:05:21 +0800] 0:0:0:0:0:0:0:1 "GET /project/fetch HTTP/1.1" 200 (24 ms)
[10/Sep/2022:17:05:21 +0800] 0:0:0:0:0:0:0:1 "GET /projectindex/tree?projectId=2 HTTP/1.1" 200 (36 ms)
[10/Sep/2022:17:08:17 +0800] 0:0:0:0:0:0:0:1 "GET /project/fetch HTTP/1.1" 200 (44 ms)
[10/Sep/2022:17:08:17 +0800] 0:0:0:0:0:0:0:1 "GET /project/fetch HTTP/1.1" 200 (31 ms)
[10/Sep/2022:17:08:17 +0800] 0:0:0:0:0:0:0:1 "GET /projectindex/tree?projectId=2 HTTP/1.1" 200 (44 ms)
[10/Sep/2022:17:09:31 +0800] 0:0:0:0:0:0:0:1 "GET /project/fetch HTTP/1.1" 200 (41 ms)
[10/Sep/2022:17:09:31 +0800] 0:0:0:0:0:0:0:1 "GET /project/fetch HTTP/1.1" 200 (31 ms)
[10/Sep/2022:17:09:31 +0800] 0:0:0:0:0:0:0:1 "GET /project/fetch HTTP/1.1" 200 (32 ms)
[10/Sep/2022:17:09:31 +0800] 0:0:0:0:0:0:0:1 "GET /project/fetch HTTP/1.1" 200 (33 ms)
[10/Sep/2022:17:09:32 +0800] 0:0:0:0:0:0:0:1 "GET /project/fetch HTTP/1.1" 200 (36 ms)
[10/Sep/2022:17:09:32 +0800] 0:0:0:0:0:0:0:1 "GET /project/fetch HTTP/1.1" 200 (29 ms)
[10/Sep/2022:17:09:32 +0800] 0:0:0:0:0:0:0:1 "GET /projectindex/tree?projectId=2 HTTP/1.1" 200 (21 ms)
[10/Sep/2022:17:09:51 +0800] 0:0:0:0:0:0:0:1 "GET /project/fetch HTTP/1.1" 200 (23 ms)
[10/Sep/2022:17:09:51 +0800] 0:0:0:0:0:0:0:1 "GET /projectindex/tree?projectId=2 HTTP/1.1" 200 (25 ms)
[10/Sep/2022:17:10:34 +0800] 0:0:0:0:0:0:0:1 "GET /project/fetch HTTP/1.1" 200 (27 ms)
[10/Sep/2022:17:10:34 +0800] 0:0:0:0:0:0:0:1 "GET /project/fetch HTTP/1.1" 200 (31 ms)
[10/Sep/2022:17:10:34 +0800] 0:0:0:0:0:0:0:1 "GET /projectindex/tree?projectId=2 HTTP/1.1" 200 (21 ms)
[10/Sep/2022:17:11:10 +0800] 0:0:0:0:0:0:0:1 "GET /project/fetch HTTP/1.1" 200 (27 ms)
[10/Sep/2022:17:11:10 +0800] 0:0:0:0:0:0:0:1 "GET /projectindex/tree?projectId=2 HTTP/1.1" 200 (44 ms)
[10/Sep/2022:17:13:26 +0800] 0:0:0:0:0:0:0:1 "POST /projectindex/push HTTP/1.1" 200 (141 ms)
[10/Sep/2022:17:13:26 +0800] 0:0:0:0:0:0:0:1 "GET /projectindex/tree?projectId=2 HTTP/1.1" 200 (31 ms)
[10/Sep/2022:17:14:04 +0800] 0:0:0:0:0:0:0:1 "POST /projectindex/push HTTP/1.1" 200 (101 ms)
[10/Sep/2022:17:14:04 +0800] 0:0:0:0:0:0:0:1 "GET /projectindex/tree?projectId=2 HTTP/1.1" 200 (31 ms)
[10/Sep/2022:17:14:17 +0800] 0:0:0:0:0:0:0:1 "GET /project/fetch HTTP/1.1" 200 (20 ms)
[10/Sep/2022:17:14:17 +0800] 0:0:0:0:0:0:0:1 "GET /projectindex/tree?projectId=2 HTTP/1.1" 200 (26 ms)
[10/Sep/2022:17:15:51 +0800] 0:0:0:0:0:0:0:1 "GET /project/fetch HTTP/1.1" 200 (29 ms)
[10/Sep/2022:17:15:51 +0800] 0:0:0:0:0:0:0:1 "GET /projectindex/tree?projectId=2 HTTP/1.1" 200 (29 ms)
[10/Sep/2022:17:18:17 +0800] 0:0:0:0:0:0:0:1 "GET /project/fetch HTTP/1.1" 200 (38 ms)
[10/Sep/2022:17:18:17 +0800] 0:0:0:0:0:0:0:1 "GET /project/fetch HTTP/1.1" 200 (22 ms)
[10/Sep/2022:17:18:17 +0800] 0:0:0:0:0:0:0:1 "GET /project/fetch HTTP/1.1" 200 (24 ms)
[10/Sep/2022:17:18:17 +0800] 0:0:0:0:0:0:0:1 "GET /projectindex/tree?projectId=2 HTTP/1.1" 200 (25 ms)
[10/Sep/2022:17:18:17 +0800] 0:0:0:0:0:0:0:1 "GET /projectindex/tree?projectId=2 HTTP/1.1" 200 (21 ms)
[10/Sep/2022:17:18:37 +0800] 0:0:0:0:0:0:0:1 "GET /project/fetch HTTP/1.1" 200 (34 ms)
[10/Sep/2022:17:18:37 +0800] 0:0:0:0:0:0:0:1 "GET /project/fetch HTTP/1.1" 200 (31 ms)
[10/Sep/2022:17:18:37 +0800] 0:0:0:0:0:0:0:1 "GET /project/fetch HTTP/1.1" 200 (32 ms)
[10/Sep/2022:17:18:37 +0800] 0:0:0:0:0:0:0:1 "GET /projectindex/tree?projectId=2 HTTP/1.1" 200 (34 ms)
[10/Sep/2022:17:18:37 +0800] 0:0:0:0:0:0:0:1 "GET /projectindex/tree?projectId=2 HTTP/1.1" 200 (29 ms)
[10/Sep/2022:17:19:15 +0800] 0:0:0:0:0:0:0:1 "GET /project/fetch HTTP/1.1" 200 (18 ms)
[10/Sep/2022:17:19:15 +0800] 0:0:0:0:0:0:0:1 "GET /project/fetch HTTP/1.1" 200 (16 ms)
[10/Sep/2022:17:19:15 +0800] 0:0:0:0:0:0:0:1 "GET /projectindex/tree?projectId=2 HTTP/1.1" 200 (28 ms)
[10/Sep/2022:17:19:15 +0800] 0:0:0:0:0:0:0:1 "GET /projectindex/tree?projectId=2 HTTP/1.1" 200 (33 ms)
[10/Sep/2022:17:19:44 +0800] 0:0:0:0:0:0:0:1 "GET /project/fetch HTTP/1.1" 200 (30 ms)
[10/Sep/2022:17:20:57 +0800] 0:0:0:0:0:0:0:1 "GET /project/fetch HTTP/1.1" 200 (26 ms)
[10/Sep/2022:17:20:57 +0800] 0:0:0:0:0:0:0:1 "GET /projectindex/tree?projectId=2 HTTP/1.1" 200 (29 ms)
[10/Sep/2022:17:22:13 +0800] 0:0:0:0:0:0:0:1 "GET /project/fetch HTTP/1.1" 200 (34 ms)
[10/Sep/2022:17:22:13 +0800] 0:0:0:0:0:0:0:1 "GET /project/fetch HTTP/1.1" 200 (27 ms)
[10/Sep/2022:17:22:13 +0800] 0:0:0:0:0:0:0:1 "GET /projectindex/tree?projectId=2 HTTP/1.1" 200 (25 ms)
[10/Sep/2022:17:22:13 +0800] 0:0:0:0:0:0:0:1 "GET /projectindex/tree?projectId=2 HTTP/1.1" 200 (25 ms)
[10/Sep/2022:17:22:52 +0800] 0:0:0:0:0:0:0:1 "GET /project/fetch HTTP/1.1" 200 (33 ms)
[10/Sep/2022:17:22:52 +0800] 0:0:0:0:0:0:0:1 "GET /project/fetch HTTP/1.1" 200 (36 ms)
[10/Sep/2022:17:22:52 +0800] 0:0:0:0:0:0:0:1 "GET /projectindex/tree?projectId=2 HTTP/1.1" 200 (23 ms)
[10/Sep/2022:17:22:52 +0800] 0:0:0:0:0:0:0:1 "GET /projectindex/tree?projectId=2 HTTP/1.1" 200 (23 ms)
[10/Sep/2022:17:23:02 +0800] 0:0:0:0:0:0:0:1 "GET /project/fetch HTTP/1.1" 200 (29 ms)
[10/Sep/2022:17:23:02 +0800] 0:0:0:0:0:0:0:1 "GET /project/fetch HTTP/1.1" 200 (27 ms)
[10/Sep/2022:17:23:02 +0800] 0:0:0:0:0:0:0:1 "GET /projectindex/tree?projectId=2 HTTP/1.1" 200 (32 ms)
[10/Sep/2022:17:23:02 +0800] 0:0:0:0:0:0:0:1 "GET /projectindex/tree?projectId=2 HTTP/1.1" 200 (33 ms)
[10/Sep/2022:17:23:05 +0800] 0:0:0:0:0:0:0:1 "GET /project/fetch HTTP/1.1" 200 (21 ms)
[10/Sep/2022:17:23:06 +0800] 0:0:0:0:0:0:0:1 "GET /projectindex/tree?projectId=2 HTTP/1.1" 200 (23 ms)
[10/Sep/2022:17:23:23 +0800] 0:0:0:0:0:0:0:1 "GET /projectindex/tree?projectId=3 HTTP/1.1" 200 (14 ms)
[10/Sep/2022:17:23:24 +0800] 0:0:0:0:0:0:0:1 "GET /projectindex/tree?projectId=2 HTTP/1.1" 200 (17 ms)
[10/Sep/2022:17:23:39 +0800] 0:0:0:0:0:0:0:1 "POST /projectindex/push HTTP/1.1" 200 (8 ms)
[10/Sep/2022:17:23:39 +0800] 0:0:0:0:0:0:0:1 "GET /projectindex/tree?projectId=2 HTTP/1.1" 200 (22 ms)
[10/Sep/2022:17:23:46 +0800] 0:0:0:0:0:0:0:1 "GET /projectindex/tree?projectId=3 HTTP/1.1" 200 (15 ms)
[10/Sep/2022:17:23:47 +0800] 0:0:0:0:0:0:0:1 "GET /projectindex/tree?projectId=2 HTTP/1.1" 200 (16 ms)
[10/Sep/2022:17:24:33 +0800] 0:0:0:0:0:0:0:1 "POST /projectindex/push HTTP/1.1" 200 (3 ms)
[10/Sep/2022:17:24:33 +0800] 0:0:0:0:0:0:0:1 "GET /projectindex/tree?projectId=2 HTTP/1.1" 200 (17 ms)
[10/Sep/2022:17:26:56 +0800] 0:0:0:0:0:0:0:1 "POST /projectindex/push HTTP/1.1" 200 (1190 ms)
[10/Sep/2022:17:26:56 +0800] 0:0:0:0:0:0:0:1 "GET /projectindex/tree?projectId=2 HTTP/1.1" 200 (159 ms)
[10/Sep/2022:17:56:09 +0800] 0:0:0:0:0:0:0:1 "GET /projectindex/tree?projectId=3 HTTP/1.1" 200 (30 ms)
[10/Sep/2022:17:56:10 +0800] 0:0:0:0:0:0:0:1 "GET /projectindex/tree?projectId=2 HTTP/1.1" 200 (24 ms)
[10/Sep/2022:17:56:11 +0800] 0:0:0:0:0:0:0:1 "GET /projectindex/tree?projectId=3 HTTP/1.1" 200 (17 ms)
[10/Sep/2022:17:56:12 +0800] 0:0:0:0:0:0:0:1 "GET /projectindex/tree?projectId=2 HTTP/1.1" 200 (25 ms)
[10/Sep/2022:17:56:19 +0800] 0:0:0:0:0:0:0:1 "GET /project/fetch HTTP/1.1" 200 (39 ms)
[10/Sep/2022:17:56:24 +0800] 0:0:0:0:0:0:0:1 "OPTIONS /project/push HTTP/1.1" 200 (7 ms)
[10/Sep/2022:17:56:24 +0800] 0:0:0:0:0:0:0:1 "POST /project/push HTTP/1.1" 200 (407 ms)
[10/Sep/2022:17:56:24 +0800] 0:0:0:0:0:0:0:1 "GET /project/fetch HTTP/1.1" 200 (20 ms)
[10/Sep/2022:17:56:28 +0800] 0:0:0:0:0:0:0:1 "GET /project/fetch HTTP/1.1" 200 (32 ms)
[10/Sep/2022:18:15:44 +0800] 0:0:0:0:0:0:0:1 "GET /project/tree HTTP/1.1" 200 (948 ms)
[10/Sep/2022:18:15:44 +0800] 0:0:0:0:0:0:0:1 "GET /favicon.ico HTTP/1.1" 404 (92 ms)
[10/Sep/2022:18:15:46 +0800] 0:0:0:0:0:0:0:1 "GET /project/tree HTTP/1.1" 200 (32 ms)
[10/Sep/2022:18:15:59 +0800] 0:0:0:0:0:0:0:1 "GET /project/tree HTTP/1.1" 200 (38 ms)
[10/Sep/2022:18:16:29 +0800] 0:0:0:0:0:0:0:1 "GET /project/fetch HTTP/1.1" 200 (23 ms)
[10/Sep/2022:18:16:29 +0800] 0:0:0:0:0:0:0:1 "GET /projectindex/tree?projectId=2 HTTP/1.1" 200 (62 ms)
[10/Sep/2022:18:21:11 +0800] 0:0:0:0:0:0:0:1 "GET /projectindex/tree?projectId=3 HTTP/1.1" 200 (26 ms)
[10/Sep/2022:18:21:12 +0800] 0:0:0:0:0:0:0:1 "GET /projectindex/tree?projectId=2 HTTP/1.1" 200 (20 ms)
[10/Sep/2022:18:21:53 +0800] 0:0:0:0:0:0:0:1 "GET /project/fetch HTTP/1.1" 200 (33 ms)
[10/Sep/2022:18:21:53 +0800] 0:0:0:0:0:0:0:1 "GET /projectindex/tree?projectId=2 HTTP/1.1" 200 (49 ms)
[10/Sep/2022:18:22:17 +0800] 0:0:0:0:0:0:0:1 "GET /project/fetch HTTP/1.1" 200 (26 ms)
[10/Sep/2022:18:22:18 +0800] 0:0:0:0:0:0:0:1 "GET /projectindex/tree?projectId=2 HTTP/1.1" 200 (45 ms)
[10/Sep/2022:18:22:57 +0800] 0:0:0:0:0:0:0:1 "GET /project/fetch HTTP/1.1" 200 (25 ms)
[10/Sep/2022:18:22:57 +0800] 0:0:0:0:0:0:0:1 "GET /projectindex/tree?projectId=2 HTTP/1.1" 200 (39 ms)
[10/Sep/2022:18:23:08 +0800] 0:0:0:0:0:0:0:1 "OPTIONS /projectindex/push HTTP/1.1" 200 (6 ms)
[10/Sep/2022:18:23:09 +0800] 0:0:0:0:0:0:0:1 "POST /projectindex/push HTTP/1.1" 200 (492 ms)
[10/Sep/2022:18:23:09 +0800] 0:0:0:0:0:0:0:1 "GET /projectindex/tree?projectId=2 HTTP/1.1" 200 (30 ms)
[10/Sep/2022:18:24:34 +0800] 0:0:0:0:0:0:0:1 "GET /project/fetch HTTP/1.1" 200 (39 ms)
[10/Sep/2022:18:24:34 +0800] 0:0:0:0:0:0:0:1 "GET /project/fetch HTTP/1.1" 200 (37 ms)
[10/Sep/2022:18:24:34 +0800] 0:0:0:0:0:0:0:1 "GET /projectindex/tree?projectId=2 HTTP/1.1" 200 (30 ms)
[10/Sep/2022:18:24:34 +0800] 0:0:0:0:0:0:0:1 "GET /projectindex/tree?projectId=2 HTTP/1.1" 200 (29 ms)
[10/Sep/2022:18:24:39 +0800] 0:0:0:0:0:0:0:1 "GET /project/fetch HTTP/1.1" 200 (31 ms)
[10/Sep/2022:18:24:39 +0800] 0:0:0:0:0:0:0:1 "GET /project/fetch HTTP/1.1" 200 (26 ms)
[10/Sep/2022:18:24:39 +0800] 0:0:0:0:0:0:0:1 "GET /projectindex/tree?projectId=2 HTTP/1.1" 200 (37 ms)
[10/Sep/2022:18:24:39 +0800] 0:0:0:0:0:0:0:1 "GET /projectindex/tree?projectId=2 HTTP/1.1" 200 (26 ms)
[10/Sep/2022:18:25:10 +0800] 0:0:0:0:0:0:0:1 "GET /project/fetch HTTP/1.1" 200 (38 ms)
[10/Sep/2022:18:25:10 +0800] 0:0:0:0:0:0:0:1 "GET /project/fetch HTTP/1.1" 200 (35 ms)
[10/Sep/2022:18:25:10 +0800] 0:0:0:0:0:0:0:1 "GET /projectindex/tree?projectId=2 HTTP/1.1" 200 (34 ms)
[10/Sep/2022:18:25:10 +0800] 0:0:0:0:0:0:0:1 "GET /projectindex/tree?projectId=2 HTTP/1.1" 200 (31 ms)
[10/Sep/2022:18:26:10 +0800] 0:0:0:0:0:0:0:1 "GET /project/fetch HTTP/1.1" 200 (22 ms)
[10/Sep/2022:18:26:10 +0800] 0:0:0:0:0:0:0:1 "GET /projectindex/tree?projectId=2 HTTP/1.1" 200 (43 ms)
[10/Sep/2022:18:31:05 +0800] 0:0:0:0:0:0:0:1 "GET /project/fetch HTTP/1.1" 200 (29 ms)
[10/Sep/2022:18:31:19 +0800] 0:0:0:0:0:0:0:1 "GET /project/tree HTTP/1.1" 200 (27 ms)
[10/Sep/2022:18:31:21 +0800] 0:0:0:0:0:0:0:1 "GET /project/tree HTTP/1.1" 200 (21 ms)
[10/Sep/2022:18:31:25 +0800] 0:0:0:0:0:0:0:1 "GET /project/tree HTTP/1.1" 200 (24 ms)
[10/Sep/2022:18:31:35 +0800] 0:0:0:0:0:0:0:1 "GET /project/tree HTTP/1.1" 200 (26 ms)
[10/Sep/2022:18:31:38 +0800] 0:0:0:0:0:0:0:1 "GET /project/tree HTTP/1.1" 200 (23 ms)
[10/Sep/2022:18:31:48 +0800] 0:0:0:0:0:0:0:1 "GET /project/tree HTTP/1.1" 200 (30 ms)
[10/Sep/2022:18:31:57 +0800] 0:0:0:0:0:0:0:1 "GET /project/tree HTTP/1.1" 200 (37 ms)
[10/Sep/2022:18:32:25 +0800] 0:0:0:0:0:0:0:1 "GET /project/tree HTTP/1.1" 200 (19 ms)
[10/Sep/2022:18:32:28 +0800] 0:0:0:0:0:0:0:1 "GET /project/tree HTTP/1.1" 200 (22 ms)
[10/Sep/2022:18:32:45 +0800] 0:0:0:0:0:0:0:1 "GET /project/tree HTTP/1.1" 200 (32 ms)
[10/Sep/2022:18:34:21 +0800] 0:0:0:0:0:0:0:1 "GET /project/tree HTTP/1.1" 200 (23 ms)
[10/Sep/2022:18:34:21 +0800] 0:0:0:0:0:0:0:1 "GET /projectindex/tree?projectId=2 HTTP/1.1" 200 (22 ms)
[10/Sep/2022:18:34:40 +0800] 0:0:0:0:0:0:0:1 "GET /project/tree HTTP/1.1" 200 (36 ms)
[10/Sep/2022:18:34:40 +0800] 0:0:0:0:0:0:0:1 "GET /projectindex/tree?projectId=2 HTTP/1.1" 200 (53 ms)
[10/Sep/2022:18:34:50 +0800] 0:0:0:0:0:0:0:1 "GET /project/tree HTTP/1.1" 200 (23 ms)
[10/Sep/2022:18:34:50 +0800] 0:0:0:0:0:0:0:1 "GET /projectindex/tree?projectId=2 HTTP/1.1" 200 (24 ms)
[10/Sep/2022:18:35:01 +0800] 0:0:0:0:0:0:0:1 "POST /projectindex/push HTTP/1.1" 200 (123 ms)
[10/Sep/2022:18:35:01 +0800] 0:0:0:0:0:0:0:1 "GET /projectindex/tree?projectId=2 HTTP/1.1" 200 (25 ms)
[10/Sep/2022:18:36:18 +0800] 0:0:0:0:0:0:0:1 "GET /project/fetch HTTP/1.1" 200 (27 ms)
[10/Sep/2022:18:36:18 +0800] 0:0:0:0:0:0:0:1 "GET /projectindex/tree?projectId=2 HTTP/1.1" 200 (34 ms)
[10/Sep/2022:18:37:06 +0800] 0:0:0:0:0:0:0:1 "GET /project/fetch HTTP/1.1" 200 (28 ms)
[10/Sep/2022:18:37:07 +0800] 0:0:0:0:0:0:0:1 "GET /project/fetch HTTP/1.1" 200 (27 ms)
[10/Sep/2022:18:37:07 +0800] 0:0:0:0:0:0:0:1 "GET /project/fetch HTTP/1.1" 200 (32 ms)
[10/Sep/2022:18:37:07 +0800] 0:0:0:0:0:0:0:1 "GET /projectindex/tree?projectId=2 HTTP/1.1" 200 (31 ms)
[10/Sep/2022:18:37:07 +0800] 0:0:0:0:0:0:0:1 "GET /projectindex/tree?projectId=2 HTTP/1.1" 200 (32 ms)
[10/Sep/2022:18:37:07 +0800] 0:0:0:0:0:0:0:1 "GET /projectindex/tree?projectId=2 HTTP/1.1" 200 (34 ms)
[10/Sep/2022:18:37:13 +0800] 0:0:0:0:0:0:0:1 "GET /project/fetch HTTP/1.1" 200 (22 ms)
[10/Sep/2022:18:37:13 +0800] 0:0:0:0:0:0:0:1 "GET /projectindex/tree?projectId=2 HTTP/1.1" 200 (26 ms)
[10/Sep/2022:18:37:17 +0800] 0:0:0:0:0:0:0:1 "POST /projectindex/push HTTP/1.1" 200 (10 ms)
[10/Sep/2022:18:37:17 +0800] 0:0:0:0:0:0:0:1 "GET /projectindex/tree?projectId=2 HTTP/1.1" 200 (20 ms)
[10/Sep/2022:18:38:30 +0800] 0:0:0:0:0:0:0:1 "GET /project/fetch HTTP/1.1" 200 (40 ms)
[10/Sep/2022:18:38:30 +0800] 0:0:0:0:0:0:0:1 "GET /project/fetch HTTP/1.1" 200 (29 ms)
[10/Sep/2022:18:38:30 +0800] 0:0:0:0:0:0:0:1 "GET /project/fetch HTTP/1.1" 200 (29 ms)
[10/Sep/2022:18:38:30 +0800] 0:0:0:0:0:0:0:1 "GET /projectindex/tree?projectId=2 HTTP/1.1" 200 (34 ms)
[10/Sep/2022:18:38:30 +0800] 0:0:0:0:0:0:0:1 "GET /projectindex/tree?projectId=2 HTTP/1.1" 200 (38 ms)
[10/Sep/2022:18:38:30 +0800] 0:0:0:0:0:0:0:1 "GET /projectindex/tree?projectId=2 HTTP/1.1" 200 (26 ms)
[10/Sep/2022:18:38:40 +0800] 0:0:0:0:0:0:0:1 "GET /project/fetch HTTP/1.1" 200 (25 ms)
[10/Sep/2022:18:38:40 +0800] 0:0:0:0:0:0:0:1 "GET /projectindex/tree?projectId=2 HTTP/1.1" 200 (28 ms)
[10/Sep/2022:18:38:42 +0800] 0:0:0:0:0:0:0:1 "GET /projectindex/tree?projectId=3 HTTP/1.1" 200 (15 ms)
[10/Sep/2022:18:38:43 +0800] 0:0:0:0:0:0:0:1 "GET /projectindex/tree?projectId=2 HTTP/1.1" 200 (23 ms)
[10/Sep/2022:18:38:44 +0800] 0:0:0:0:0:0:0:1 "GET /projectindex/tree?projectId=3 HTTP/1.1" 200 (17 ms)
[10/Sep/2022:18:39:33 +0800] 0:0:0:0:0:0:0:1 "GET /project/fetch HTTP/1.1" 200 (33 ms)
[10/Sep/2022:18:39:33 +0800] 0:0:0:0:0:0:0:1 "GET /projectindex/tree?projectId=2 HTTP/1.1" 200 (45 ms)
[10/Sep/2022:18:39:33 +0800] 0:0:0:0:0:0:0:1 "GET /project/fetch HTTP/1.1" 200 (48 ms)
[10/Sep/2022:18:39:33 +0800] 0:0:0:0:0:0:0:1 "GET /project/fetch HTTP/1.1" 200 (59 ms)
[10/Sep/2022:18:39:34 +0800] 0:0:0:0:0:0:0:1 "GET /projectindex/tree?projectId=2 HTTP/1.1" 200 (44 ms)
[10/Sep/2022:18:39:34 +0800] 0:0:0:0:0:0:0:1 "GET /projectindex/tree?projectId=2 HTTP/1.1" 200 (36 ms)
[10/Sep/2022:18:39:40 +0800] 0:0:0:0:0:0:0:1 "GET /projectindex/tree?projectId=3 HTTP/1.1" 200 (16 ms)
[10/Sep/2022:18:39:41 +0800] 0:0:0:0:0:0:0:1 "GET /projectindex/tree?projectId=2 HTTP/1.1" 200 (17 ms)
[10/Sep/2022:18:39:42 +0800] 0:0:0:0:0:0:0:1 "GET /projectindex/tree?projectId=3 HTTP/1.1" 200 (15 ms)
[10/Sep/2022:18:39:54 +0800] 0:0:0:0:0:0:0:1 "GET /project/fetch HTTP/1.1" 200 (21 ms)
[10/Sep/2022:18:39:54 +0800] 0:0:0:0:0:0:0:1 "GET /projectindex/tree?projectId=2 HTTP/1.1" 200 (40 ms)
[10/Sep/2022:18:39:58 +0800] 0:0:0:0:0:0:0:1 "GET /projectindex/tree?projectId=3 HTTP/1.1" 200 (25 ms)
[10/Sep/2022:18:40:57 +0800] 0:0:0:0:0:0:0:1 "GET /project/fetch HTTP/1.1" 200 (41 ms)
[10/Sep/2022:18:40:57 +0800] 0:0:0:0:0:0:0:1 "GET /project/fetch HTTP/1.1" 200 (38 ms)
[10/Sep/2022:18:40:57 +0800] 0:0:0:0:0:0:0:1 "GET /projectindex/tree?projectId=2 HTTP/1.1" 200 (36 ms)
[10/Sep/2022:18:40:57 +0800] 0:0:0:0:0:0:0:1 "GET /project/fetch HTTP/1.1" 200 (40 ms)
[10/Sep/2022:18:40:57 +0800] 0:0:0:0:0:0:0:1 "GET /projectindex/tree?projectId=2 HTTP/1.1" 200 (38 ms)
[10/Sep/2022:18:40:57 +0800] 0:0:0:0:0:0:0:1 "GET /projectindex/tree?projectId=2 HTTP/1.1" 200 (46 ms)
[10/Sep/2022:18:40:59 +0800] 0:0:0:0:0:0:0:1 "GET /project/fetch HTTP/1.1" 200 (23 ms)
[10/Sep/2022:18:40:59 +0800] 0:0:0:0:0:0:0:1 "GET /projectindex/tree?projectId=2 HTTP/1.1" 200 (30 ms)
[10/Sep/2022:18:42:05 +0800] 0:0:0:0:0:0:0:1 "GET /project/fetch HTTP/1.1" 200 (29 ms)
[10/Sep/2022:18:42:05 +0800] 0:0:0:0:0:0:0:1 "GET /project/fetch HTTP/1.1" 200 (31 ms)
[10/Sep/2022:18:42:05 +0800] 0:0:0:0:0:0:0:1 "GET /project/fetch HTTP/1.1" 200 (30 ms)
[10/Sep/2022:18:42:05 +0800] 0:0:0:0:0:0:0:1 "GET /projectindex/tree?projectId=2 HTTP/1.1" 200 (28 ms)
[10/Sep/2022:18:42:05 +0800] 0:0:0:0:0:0:0:1 "GET /projectindex/tree?projectId=2 HTTP/1.1" 200 (30 ms)
[10/Sep/2022:18:42:05 +0800] 0:0:0:0:0:0:0:1 "GET /projectindex/tree?projectId=2 HTTP/1.1" 200 (28 ms)
[10/Sep/2022:18:42:09 +0800] 0:0:0:0:0:0:0:1 "GET /project/fetch HTTP/1.1" 200 (30 ms)
[10/Sep/2022:18:42:09 +0800] 0:0:0:0:0:0:0:1 "GET /projectindex/tree?projectId=2 HTTP/1.1" 200 (36 ms)
[10/Sep/2022:18:42:14 +0800] 0:0:0:0:0:0:0:1 "GET /projectindex/tree?projectId=3 HTTP/1.1" 200 (16 ms)
[10/Sep/2022:18:42:19 +0800] 0:0:0:0:0:0:0:1 "POST /projectindex/push HTTP/1.1" 200 (501 ms)
[10/Sep/2022:18:42:19 +0800] 0:0:0:0:0:0:0:1 "GET /projectindex/tree?projectId=3 HTTP/1.1" 200 (21 ms)
[10/Sep/2022:18:42:23 +0800] 0:0:0:0:0:0:0:1 "GET /projectindex/tree?projectId=2 HTTP/1.1" 200 (20 ms)
[10/Sep/2022:18:42:24 +0800] 0:0:0:0:0:0:0:1 "GET /projectindex/tree?projectId=3 HTTP/1.1" 200 (17 ms)
[10/Sep/2022:18:42:28 +0800] 0:0:0:0:0:0:0:1 "GET /project/tree HTTP/1.1" 200 (25 ms)
[10/Sep/2022:18:42:28 +0800] 0:0:0:0:0:0:0:1 "GET /projectindex/tree?projectId=3 HTTP/1.1" 200 (30 ms)
[10/Sep/2022:18:42:54 +0800] 0:0:0:0:0:0:0:1 "GET /project/fetch HTTP/1.1" 200 (24 ms)
[10/Sep/2022:18:42:54 +0800] 0:0:0:0:0:0:0:1 "GET /projectindex/tree?projectId=2 HTTP/1.1" 200 (23 ms)
[10/Sep/2022:18:43:04 +0800] 0:0:0:0:0:0:0:1 "GET /project/tree HTTP/1.1" 200 (27 ms)
[10/Sep/2022:18:43:04 +0800] 0:0:0:0:0:0:0:1 "GET /projectindex/tree?projectId=3 HTTP/1.1" 200 (20 ms)
[10/Sep/2022:18:43:29 +0800] 0:0:0:0:0:0:0:1 "GET /project/fetch HTTP/1.1" 200 (21 ms)
[10/Sep/2022:18:43:40 +0800] 0:0:0:0:0:0:0:1 "GET /project/tree HTTP/1.1" 200 (19 ms)
[10/Sep/2022:18:43:40 +0800] 0:0:0:0:0:0:0:1 "GET /projectindex/tree?projectId=3 HTTP/1.1" 200 (24 ms)
[10/Sep/2022:18:44:20 +0800] 0:0:0:0:0:0:0:1 "GET /project/tree HTTP/1.1" 200 (30 ms)
[10/Sep/2022:18:44:20 +0800] 0:0:0:0:0:0:0:1 "GET /projectindex/tree?projectId=2 HTTP/1.1" 200 (32 ms)
[10/Sep/2022:18:44:23 +0800] 0:0:0:0:0:0:0:1 "GET /project/tree HTTP/1.1" 200 (20 ms)
[10/Sep/2022:18:44:23 +0800] 0:0:0:0:0:0:0:1 "GET /projectindex/tree?projectId=2 HTTP/1.1" 200 (23 ms)
[10/Sep/2022:18:46:24 +0800] 0:0:0:0:0:0:0:1 "GET /project/fetch HTTP/1.1" 200 (26 ms)
[10/Sep/2022:18:46:24 +0800] 0:0:0:0:0:0:0:1 "GET /projectindex/tree?projectId=2 HTTP/1.1" 200 (21 ms)
[10/Sep/2022:18:46:35 +0800] 0:0:0:0:0:0:0:1 "GET /project/tree HTTP/1.1" 200 (21 ms)
[10/Sep/2022:18:46:35 +0800] 0:0:0:0:0:0:0:1 "GET /projectindex/tree?projectId=2 HTTP/1.1" 200 (21 ms)
[10/Sep/2022:18:47:23 +0800] 0:0:0:0:0:0:0:1 "GET /project/fetch HTTP/1.1" 200 (21 ms)
[10/Sep/2022:18:47:23 +0800] 0:0:0:0:0:0:0:1 "GET /projectindex/tree?projectId=2 HTTP/1.1" 200 (53 ms)
[10/Sep/2022:18:47:28 +0800] 0:0:0:0:0:0:0:1 "GET /projectindex/tree?projectId=3 HTTP/1.1" 200 (19 ms)
[10/Sep/2022:18:47:29 +0800] 0:0:0:0:0:0:0:1 "GET /projectindex/tree?projectId=2 HTTP/1.1" 200 (18 ms)
[10/Sep/2022:19:22:37 +0800] 0:0:0:0:0:0:0:1 "GET /project/fetch HTTP/1.1" 200 (1014 ms)
[10/Sep/2022:19:22:37 +0800] 0:0:0:0:0:0:0:1 "GET /projectindex/tree?projectId=2&rootid=0 HTTP/1.1" 200 (64 ms)
[10/Sep/2022:19:22:41 +0800] 0:0:0:0:0:0:0:1 "GET /projectindex/tree?projectId=2&rootid=0 HTTP/1.1" 200 (27 ms)
[10/Sep/2022:19:22:51 +0800] 0:0:0:0:0:0:0:1 "GET /projectindex/tree?projectId=3&rootid=0 HTTP/1.1" 200 (21 ms)
[10/Sep/2022:19:22:52 +0800] 0:0:0:0:0:0:0:1 "GET /projectindex/tree?projectId=2&rootid=0 HTTP/1.1" 200 (19 ms)
[10/Sep/2022:19:22:53 +0800] 0:0:0:0:0:0:0:1 "GET /projectindex/tree?projectId=3&rootid=0 HTTP/1.1" 200 (21 ms)
[10/Sep/2022:19:22:53 +0800] 0:0:0:0:0:0:0:1 "GET /projectindex/tree?projectId=2&rootid=0 HTTP/1.1" 200 (20 ms)
[10/Sep/2022:19:23:46 +0800] 0:0:0:0:0:0:0:1 "GET /projectindex/tree?projectId=3&rootid=0 HTTP/1.1" 200 (29 ms)
[10/Sep/2022:19:23:47 +0800] 0:0:0:0:0:0:0:1 "GET /projectindex/tree?projectId=2&rootid=0 HTTP/1.1" 200 (27 ms)
[10/Sep/2022:19:24:49 +0800] 0:0:0:0:0:0:0:1 "GET /project/fetch HTTP/1.1" 200 (43 ms)
[10/Sep/2022:19:24:49 +0800] 0:0:0:0:0:0:0:1 "GET /projectindex/tree?projectId=2&rootid=0 HTTP/1.1" 200 (46 ms)
[10/Sep/2022:19:25:18 +0800] 0:0:0:0:0:0:0:1 "GET /project/fetch HTTP/1.1" 200 (36 ms)
[10/Sep/2022:19:25:19 +0800] 0:0:0:0:0:0:0:1 "GET /project/fetch HTTP/1.1" 200 (36 ms)
[10/Sep/2022:19:25:19 +0800] 0:0:0:0:0:0:0:1 "GET /projectindex/tree?projectId=2 HTTP/1.1" 200 (33 ms)
[10/Sep/2022:19:25:19 +0800] 0:0:0:0:0:0:0:1 "GET /project/fetch HTTP/1.1" 200 (37 ms)
[10/Sep/2022:19:25:19 +0800] 0:0:0:0:0:0:0:1 "GET /projectindex/tree?projectId=2 HTTP/1.1" 200 (31 ms)
[10/Sep/2022:19:25:19 +0800] 0:0:0:0:0:0:0:1 "GET /projectindex/tree?projectId=2 HTTP/1.1" 200 (20 ms)
[10/Sep/2022:19:26:11 +0800] 0:0:0:0:0:0:0:1 "GET /project/fetch HTTP/1.1" 200 (27 ms)
[10/Sep/2022:19:26:11 +0800] 0:0:0:0:0:0:0:1 "GET /project/fetch HTTP/1.1" 200 (18 ms)
[10/Sep/2022:19:26:11 +0800] 0:0:0:0:0:0:0:1 "GET /project/fetch HTTP/1.1" 200 (24 ms)
[10/Sep/2022:19:26:11 +0800] 0:0:0:0:0:0:0:1 "GET /projectindex/tree?projectId=2 HTTP/1.1" 200 (24 ms)
[10/Sep/2022:19:26:11 +0800] 0:0:0:0:0:0:0:1 "GET /projectindex/tree?projectId=2 HTTP/1.1" 200 (23 ms)
[10/Sep/2022:19:26:11 +0800] 0:0:0:0:0:0:0:1 "GET /projectindex/tree?projectId=2 HTTP/1.1" 200 (18 ms)
[10/Sep/2022:19:28:20 +0800] 0:0:0:0:0:0:0:1 "GET /project/fetch HTTP/1.1" 200 (33 ms)
[10/Sep/2022:19:28:20 +0800] 0:0:0:0:0:0:0:1 "GET /projectindex/tree?projectId=2 HTTP/1.1" 200 (41 ms)
[10/Sep/2022:19:28:22 +0800] 0:0:0:0:0:0:0:1 "GET /projectindex/tree?projectId=2 HTTP/1.1" 200 (20 ms)
[10/Sep/2022:19:28:32 +0800] 0:0:0:0:0:0:0:1 "GET /project/fetch HTTP/1.1" 200 (26 ms)
[10/Sep/2022:19:28:33 +0800] 0:0:0:0:0:0:0:1 "GET /projectindex/tree?projectId=2 HTTP/1.1" 200 (45 ms)
[10/Sep/2022:19:28:42 +0800] 0:0:0:0:0:0:0:1 "GET /projectindex/tree?projectId=3 HTTP/1.1" 200 (18 ms)
[10/Sep/2022:19:28:43 +0800] 0:0:0:0:0:0:0:1 "GET /projectindex/tree?projectId=2 HTTP/1.1" 200 (18 ms)
[10/Sep/2022:19:28:49 +0800] 0:0:0:0:0:0:0:1 "GET /projectindex/tree?projectId=3 HTTP/1.1" 200 (20 ms)
[10/Sep/2022:19:28:51 +0800] 0:0:0:0:0:0:0:1 "GET /projectindex/tree?projectId=2 HTTP/1.1" 200 (23 ms)
[10/Sep/2022:19:29:52 +0800] 0:0:0:0:0:0:0:1 "GET /projectindex/tree?projectId=3 HTTP/1.1" 200 (22 ms)
[10/Sep/2022:19:29:52 +0800] 0:0:0:0:0:0:0:1 "GET /projectindex/tree?projectId=2 HTTP/1.1" 200 (18 ms)
[10/Sep/2022:19:30:11 +0800] 0:0:0:0:0:0:0:1 "GET /projectindex/tree?projectId=3 HTTP/1.1" 200 (18 ms)
[10/Sep/2022:19:30:11 +0800] 0:0:0:0:0:0:0:1 "GET /projectindex/tree?projectId=2 HTTP/1.1" 200 (19 ms)
[10/Sep/2022:19:30:17 +0800] 0:0:0:0:0:0:0:1 "GET /projectindex/tree?projectId=3 HTTP/1.1" 200 (19 ms)
[10/Sep/2022:19:30:19 +0800] 0:0:0:0:0:0:0:1 "GET /projectindex/tree?projectId=2 HTTP/1.1" 200 (17 ms)
[10/Sep/2022:19:30:20 +0800] 0:0:0:0:0:0:0:1 "GET /projectindex/tree?projectId=3 HTTP/1.1" 200 (17 ms)
[10/Sep/2022:19:30:22 +0800] 0:0:0:0:0:0:0:1 "GET /projectindex/tree?projectId=2 HTTP/1.1" 200 (19 ms)
[10/Sep/2022:19:30:22 +0800] 0:0:0:0:0:0:0:1 "GET /projectindex/tree?projectId=3 HTTP/1.1" 200 (20 ms)
[10/Sep/2022:19:30:23 +0800] 0:0:0:0:0:0:0:1 "GET /projectindex/tree?projectId=2 HTTP/1.1" 200 (18 ms)
[10/Sep/2022:19:30:23 +0800] 0:0:0:0:0:0:0:1 "GET /projectindex/tree?projectId=3 HTTP/1.1" 200 (18 ms)
[10/Sep/2022:19:30:26 +0800] 0:0:0:0:0:0:0:1 "GET /projectindex/tree?projectId=2 HTTP/1.1" 200 (16 ms)
[10/Sep/2022:19:30:27 +0800] 0:0:0:0:0:0:0:1 "GET /projectindex/tree?projectId=3 HTTP/1.1" 200 (18 ms)
[10/Sep/2022:19:31:16 +0800] 0:0:0:0:0:0:0:1 "GET /project/fetch HTTP/1.1" 200 (36 ms)
[10/Sep/2022:19:31:16 +0800] 0:0:0:0:0:0:0:1 "GET /project/fetch HTTP/1.1" 200 (44 ms)
[10/Sep/2022:19:31:16 +0800] 0:0:0:0:0:0:0:1 "GET /projectindex/tree?projectId=2 HTTP/1.1" 200 (50 ms)
[10/Sep/2022:19:31:17 +0800] 0:0:0:0:0:0:0:1 "GET /projectindex/tree?projectId=2 HTTP/1.1" 200 (45 ms)
[10/Sep/2022:19:31:17 +0800] 0:0:0:0:0:0:0:1 "GET /project/fetch HTTP/1.1" 200 (66 ms)
[10/Sep/2022:19:31:17 +0800] 0:0:0:0:0:0:0:1 "GET /projectindex/tree?projectId=2 HTTP/1.1" 200 (46 ms)
[10/Sep/2022:19:31:19 +0800] 0:0:0:0:0:0:0:1 "GET /project/fetch HTTP/1.1" 200 (33 ms)
[10/Sep/2022:19:31:19 +0800] 0:0:0:0:0:0:0:1 "GET /projectindex/tree?projectId=2 HTTP/1.1" 200 (33 ms)
[10/Sep/2022:19:31:28 +0800] 0:0:0:0:0:0:0:1 "GET /projectindex/tree?projectId=3 HTTP/1.1" 200 (19 ms)
[10/Sep/2022:19:31:30 +0800] 0:0:0:0:0:0:0:1 "GET /projectindex/tree?projectId=2 HTTP/1.1" 200 (20 ms)
[10/Sep/2022:19:35:59 +0800] 0:0:0:0:0:0:0:1 "GET /project/fetch HTTP/1.1" 200 (43 ms)
[10/Sep/2022:19:36:00 +0800] 0:0:0:0:0:0:0:1 "GET /project/fetch HTTP/1.1" 200 (28 ms)
[10/Sep/2022:19:36:00 +0800] 0:0:0:0:0:0:0:1 "GET /project/fetch HTTP/1.1" 200 (31 ms)
[10/Sep/2022:19:36:00 +0800] 0:0:0:0:0:0:0:1 "GET /projectindex/tree?projectId=2 HTTP/1.1" 200 (31 ms)
[10/Sep/2022:19:36:01 +0800] 0:0:0:0:0:0:0:1 "GET /projectindex/tree?projectId=2 HTTP/1.1" 200 (36 ms)
[10/Sep/2022:19:36:01 +0800] 0:0:0:0:0:0:0:1 "GET /projectindex/tree?projectId=2 HTTP/1.1" 200 (33 ms)
[10/Sep/2022:19:36:02 +0800] 0:0:0:0:0:0:0:1 "GET /project/fetch HTTP/1.1" 200 (25 ms)
[10/Sep/2022:19:36:02 +0800] 0:0:0:0:0:0:0:1 "GET /project/fetch HTTP/1.1" 200 (24 ms)
[10/Sep/2022:19:36:02 +0800] 0:0:0:0:0:0:0:1 "GET /project/fetch HTTP/1.1" 200 (31 ms)
[10/Sep/2022:19:36:02 +0800] 0:0:0:0:0:0:0:1 "GET /projectindex/tree?projectId=2 HTTP/1.1" 200 (29 ms)
[10/Sep/2022:19:36:02 +0800] 0:0:0:0:0:0:0:1 "GET /projectindex/tree?projectId=2 HTTP/1.1" 200 (24 ms)
[10/Sep/2022:19:36:02 +0800] 0:0:0:0:0:0:0:1 "GET /projectindex/tree?projectId=2 HTTP/1.1" 200 (19 ms)
[10/Sep/2022:19:43:31 +0800] 0:0:0:0:0:0:0:1 "GET /project/fetch HTTP/1.1" 200 (50 ms)
[10/Sep/2022:19:43:31 +0800] 0:0:0:0:0:0:0:1 "GET /project/fetch HTTP/1.1" 200 (31 ms)
[10/Sep/2022:19:43:31 +0800] 0:0:0:0:0:0:0:1 "GET /project/fetch HTTP/1.1" 200 (36 ms)
[10/Sep/2022:19:43:31 +0800] 0:0:0:0:0:0:0:1 "GET /projectindex/tree?projectId=%7B%22cmd%22:null,%22sortR%22:1,%22children%22:null,%22projectId%22:2,%22projectName%22:%22233311%22,%22province%22:%220%22,%22city%22:%220%22,%22region%22:%220%22,%22startTime%22:%222022-09-10+17:02:46%22,%22completeTime%22:%222022-09-10+17:02:46%22,%22username%22:%22%22,%22nature%22:%22%22,%22category%22:%22%22,%22categoryDetail%22:%22%22,%22status%22:%22%22,%22contractPrice%22:0,%22finalTime%22:%222022-09-10+17:02:46%22,%22estimateIncome%22:0,%22estimateCost%22:0,%22taxWay%22:%22%22,%22parentId%22:0,%22sort%22:4,%22ownId%22:0,%22primeId%22:2%7D HTTP/1.1" 500 (61 ms)
[10/Sep/2022:19:43:31 +0800] 0:0:0:0:0:0:0:1 "GET /projectindex/tree?projectId=%7B%22cmd%22:null,%22sortR%22:1,%22children%22:null,%22projectId%22:2,%22projectName%22:%22233311%22,%22province%22:%220%22,%22city%22:%220%22,%22region%22:%220%22,%22startTime%22:%222022-09-10+17:02:46%22,%22completeTime%22:%222022-09-10+17:02:46%22,%22username%22:%22%22,%22nature%22:%22%22,%22category%22:%22%22,%22categoryDetail%22:%22%22,%22status%22:%22%22,%22contractPrice%22:0,%22finalTime%22:%222022-09-10+17:02:46%22,%22estimateIncome%22:0,%22estimateCost%22:0,%22taxWay%22:%22%22,%22parentId%22:0,%22sort%22:4,%22ownId%22:0,%22primeId%22:2%7D HTTP/1.1" 500 (11 ms)
[10/Sep/2022:19:43:31 +0800] 0:0:0:0:0:0:0:1 "GET /projectindex/tree?projectId=%7B%22cmd%22:null,%22sortR%22:1,%22children%22:null,%22projectId%22:2,%22projectName%22:%22233311%22,%22province%22:%220%22,%22city%22:%220%22,%22region%22:%220%22,%22startTime%22:%222022-09-10+17:02:46%22,%22completeTime%22:%222022-09-10+17:02:46%22,%22username%22:%22%22,%22nature%22:%22%22,%22category%22:%22%22,%22categoryDetail%22:%22%22,%22status%22:%22%22,%22contractPrice%22:0,%22finalTime%22:%222022-09-10+17:02:46%22,%22estimateIncome%22:0,%22estimateCost%22:0,%22taxWay%22:%22%22,%22parentId%22:0,%22sort%22:4,%22ownId%22:0,%22primeId%22:2%7D HTTP/1.1" 500 (10 ms)
[10/Sep/2022:19:44:27 +0800] 0:0:0:0:0:0:0:1 "GET /project/fetch HTTP/1.1" 200 (29 ms)
[10/Sep/2022:19:44:27 +0800] 0:0:0:0:0:0:0:1 "GET /project/fetch HTTP/1.1" 200 (29 ms)
[10/Sep/2022:19:44:27 +0800] 0:0:0:0:0:0:0:1 "GET /project/fetch HTTP/1.1" 200 (32 ms)
[10/Sep/2022:19:44:27 +0800] 0:0:0:0:0:0:0:1 "GET /projectindex/tree?projectId=%7B%22cmd%22:null,%22sortR%22:1,%22children%22:null,%22projectId%22:2,%22projectName%22:%22233311%22,%22province%22:%220%22,%22city%22:%220%22,%22region%22:%220%22,%22startTime%22:%222022-09-10+17:02:46%22,%22completeTime%22:%222022-09-10+17:02:46%22,%22username%22:%22%22,%22nature%22:%22%22,%22category%22:%22%22,%22categoryDetail%22:%22%22,%22status%22:%22%22,%22contractPrice%22:0,%22finalTime%22:%222022-09-10+17:02:46%22,%22estimateIncome%22:0,%22estimateCost%22:0,%22taxWay%22:%22%22,%22parentId%22:0,%22sort%22:4,%22ownId%22:0,%22primeId%22:2%7D HTTP/1.1" 500 (9 ms)
[10/Sep/2022:19:44:27 +0800] 0:0:0:0:0:0:0:1 "GET /projectindex/tree?projectId=%7B%22cmd%22:null,%22sortR%22:1,%22children%22:null,%22projectId%22:2,%22projectName%22:%22233311%22,%22province%22:%220%22,%22city%22:%220%22,%22region%22:%220%22,%22startTime%22:%222022-09-10+17:02:46%22,%22completeTime%22:%222022-09-10+17:02:46%22,%22username%22:%22%22,%22nature%22:%22%22,%22category%22:%22%22,%22categoryDetail%22:%22%22,%22status%22:%22%22,%22contractPrice%22:0,%22finalTime%22:%222022-09-10+17:02:46%22,%22estimateIncome%22:0,%22estimateCost%22:0,%22taxWay%22:%22%22,%22parentId%22:0,%22sort%22:4,%22ownId%22:0,%22primeId%22:2%7D HTTP/1.1" 500 (7 ms)
[10/Sep/2022:19:44:27 +0800] 0:0:0:0:0:0:0:1 "GET /projectindex/tree?projectId=%7B%22cmd%22:null,%22sortR%22:1,%22children%22:null,%22projectId%22:2,%22projectName%22:%22233311%22,%22province%22:%220%22,%22city%22:%220%22,%22region%22:%220%22,%22startTime%22:%222022-09-10+17:02:46%22,%22completeTime%22:%222022-09-10+17:02:46%22,%22username%22:%22%22,%22nature%22:%22%22,%22category%22:%22%22,%22categoryDetail%22:%22%22,%22status%22:%22%22,%22contractPrice%22:0,%22finalTime%22:%222022-09-10+17:02:46%22,%22estimateIncome%22:0,%22estimateCost%22:0,%22taxWay%22:%22%22,%22parentId%22:0,%22sort%22:4,%22ownId%22:0,%22primeId%22:2%7D HTTP/1.1" 500 (4 ms)
[10/Sep/2022:19:44:35 +0800] 0:0:0:0:0:0:0:1 "GET /project/fetch HTTP/1.1" 200 (28 ms)
[10/Sep/2022:19:44:35 +0800] 0:0:0:0:0:0:0:1 "GET /project/fetch HTTP/1.1" 200 (33 ms)
[10/Sep/2022:19:44:35 +0800] 0:0:0:0:0:0:0:1 "GET /projectindex/tree?projectId=%7B%22cmd%22:null,%22sortR%22:1,%22children%22:null,%22projectId%22:2,%22projectName%22:%22233311%22,%22province%22:%220%22,%22city%22:%220%22,%22region%22:%220%22,%22startTime%22:%222022-09-10+17:02:46%22,%22completeTime%22:%222022-09-10+17:02:46%22,%22username%22:%22%22,%22nature%22:%22%22,%22category%22:%22%22,%22categoryDetail%22:%22%22,%22status%22:%22%22,%22contractPrice%22:0,%22finalTime%22:%222022-09-10+17:02:46%22,%22estimateIncome%22:0,%22estimateCost%22:0,%22taxWay%22:%22%22,%22parentId%22:0,%22sort%22:4,%22ownId%22:0,%22primeId%22:2%7D HTTP/1.1" 500 (8 ms)
[10/Sep/2022:19:44:35 +0800] 0:0:0:0:0:0:0:1 "GET /project/fetch HTTP/1.1" 200 (36 ms)
[10/Sep/2022:19:44:35 +0800] 0:0:0:0:0:0:0:1 "GET /projectindex/tree?projectId=%7B%22cmd%22:null,%22sortR%22:1,%22children%22:null,%22projectId%22:2,%22projectName%22:%22233311%22,%22province%22:%220%22,%22city%22:%220%22,%22region%22:%220%22,%22startTime%22:%222022-09-10+17:02:46%22,%22completeTime%22:%222022-09-10+17:02:46%22,%22username%22:%22%22,%22nature%22:%22%22,%22category%22:%22%22,%22categoryDetail%22:%22%22,%22status%22:%22%22,%22contractPrice%22:0,%22finalTime%22:%222022-09-10+17:02:46%22,%22estimateIncome%22:0,%22estimateCost%22:0,%22taxWay%22:%22%22,%22parentId%22:0,%22sort%22:4,%22ownId%22:0,%22primeId%22:2%7D HTTP/1.1" 500 (5 ms)
[10/Sep/2022:19:44:35 +0800] 0:0:0:0:0:0:0:1 "GET /projectindex/tree?projectId=%7B%22cmd%22:null,%22sortR%22:1,%22children%22:null,%22projectId%22:2,%22projectName%22:%22233311%22,%22province%22:%220%22,%22city%22:%220%22,%22region%22:%220%22,%22startTime%22:%222022-09-10+17:02:46%22,%22completeTime%22:%222022-09-10+17:02:46%22,%22username%22:%22%22,%22nature%22:%22%22,%22category%22:%22%22,%22categoryDetail%22:%22%22,%22status%22:%22%22,%22contractPrice%22:0,%22finalTime%22:%222022-09-10+17:02:46%22,%22estimateIncome%22:0,%22estimateCost%22:0,%22taxWay%22:%22%22,%22parentId%22:0,%22sort%22:4,%22ownId%22:0,%22primeId%22:2%7D HTTP/1.1" 500 (5 ms)
[10/Sep/2022:19:45:28 +0800] 0:0:0:0:0:0:0:1 "GET /project/fetch HTTP/1.1" 200 (33 ms)
[10/Sep/2022:19:45:28 +0800] 0:0:0:0:0:0:0:1 "GET /project/fetch HTTP/1.1" 200 (31 ms)
[10/Sep/2022:19:45:28 +0800] 0:0:0:0:0:0:0:1 "GET /project/fetch HTTP/1.1" 200 (33 ms)
[10/Sep/2022:19:45:28 +0800] 0:0:0:0:0:0:0:1 "GET /projectindex/tree HTTP/1.1" 200 (3 ms)
[10/Sep/2022:19:45:28 +0800] 0:0:0:0:0:0:0:1 "GET /projectindex/tree HTTP/1.1" 200 (4 ms)
[10/Sep/2022:19:45:28 +0800] 0:0:0:0:0:0:0:1 "GET /projectindex/tree HTTP/1.1" 200 (2 ms)
[10/Sep/2022:19:45:36 +0800] 0:0:0:0:0:0:0:1 "GET /project/fetch HTTP/1.1" 200 (35 ms)
[10/Sep/2022:19:45:36 +0800] 0:0:0:0:0:0:0:1 "GET /project/fetch HTTP/1.1" 200 (36 ms)
[10/Sep/2022:19:45:36 +0800] 0:0:0:0:0:0:0:1 "GET /project/fetch HTTP/1.1" 200 (35 ms)
[10/Sep/2022:19:45:36 +0800] 0:0:0:0:0:0:0:1 "GET /projectindex/tree HTTP/1.1" 200 (1 ms)
[10/Sep/2022:19:45:36 +0800] 0:0:0:0:0:0:0:1 "GET /projectindex/tree HTTP/1.1" 200 (2 ms)
[10/Sep/2022:19:45:36 +0800] 0:0:0:0:0:0:0:1 "GET /projectindex/tree HTTP/1.1" 200 (2 ms)
[10/Sep/2022:19:46:56 +0800] 0:0:0:0:0:0:0:1 "GET /project/fetch HTTP/1.1" 200 (42 ms)
[10/Sep/2022:19:46:56 +0800] 0:0:0:0:0:0:0:1 "GET /project/fetch HTTP/1.1" 200 (32 ms)
[10/Sep/2022:19:46:56 +0800] 0:0:0:0:0:0:0:1 "GET /project/fetch HTTP/1.1" 200 (33 ms)
[10/Sep/2022:19:46:56 +0800] 0:0:0:0:0:0:0:1 "GET /projectindex/tree HTTP/1.1" 200 (2 ms)
[10/Sep/2022:19:46:56 +0800] 0:0:0:0:0:0:0:1 "GET /projectindex/tree HTTP/1.1" 200 (2 ms)
[10/Sep/2022:19:46:56 +0800] 0:0:0:0:0:0:0:1 "GET /projectindex/tree HTTP/1.1" 200 (1 ms)
[10/Sep/2022:19:47:38 +0800] 0:0:0:0:0:0:0:1 "GET /project/fetch HTTP/1.1" 200 (27 ms)
[10/Sep/2022:19:47:38 +0800] 0:0:0:0:0:0:0:1 "GET /project/fetch HTTP/1.1" 200 (37 ms)
[10/Sep/2022:19:47:38 +0800] 0:0:0:0:0:0:0:1 "GET /project/fetch HTTP/1.1" 200 (30 ms)
[10/Sep/2022:19:47:38 +0800] 0:0:0:0:0:0:0:1 "GET /projectindex/tree HTTP/1.1" 200 (2 ms)
[10/Sep/2022:19:47:38 +0800] 0:0:0:0:0:0:0:1 "GET /projectindex/tree HTTP/1.1" 200 (2 ms)
[10/Sep/2022:19:47:39 +0800] 0:0:0:0:0:0:0:1 "GET /projectindex/tree HTTP/1.1" 200 (3 ms)
[10/Sep/2022:19:48:39 +0800] 0:0:0:0:0:0:0:1 "GET /project/fetch HTTP/1.1" 200 (44 ms)
[10/Sep/2022:19:48:40 +0800] 0:0:0:0:0:0:0:1 "GET /projectindex/tree?projectId=2&rootid=2 HTTP/1.1" 200 (31 ms)
[10/Sep/2022:19:48:43 +0800] 0:0:0:0:0:0:0:1 "GET /projectindex/tree?projectId=2&rootid=2 HTTP/1.1" 200 (17 ms)
[10/Sep/2022:19:48:51 +0800] 0:0:0:0:0:0:0:1 "GET /projectindex/tree?projectId=3&rootid=3 HTTP/1.1" 200 (18 ms)
[10/Sep/2022:19:48:53 +0800] 0:0:0:0:0:0:0:1 "GET /projectindex/tree?projectId=2&rootid=2 HTTP/1.1" 200 (23 ms)
[10/Sep/2022:19:50:08 +0800] 0:0:0:0:0:0:0:1 "GET /project/fetch HTTP/1.1" 200 (33 ms)
[10/Sep/2022:19:50:08 +0800] 0:0:0:0:0:0:0:1 "GET /projectindex/tree?projectId=2&rootid=2 HTTP/1.1" 200 (27 ms)
[10/Sep/2022:19:50:09 +0800] 0:0:0:0:0:0:0:1 "GET /projectindex/tree?projectId=3&rootid=3 HTTP/1.1" 200 (19 ms)
[10/Sep/2022:19:50:33 +0800] 0:0:0:0:0:0:0:1 "OPTIONS /projectindex/push HTTP/1.1" 200 (4 ms)
[10/Sep/2022:19:50:33 +0800] 0:0:0:0:0:0:0:1 "POST /projectindex/push HTTP/1.1" 200 (56 ms)
[10/Sep/2022:19:50:33 +0800] 0:0:0:0:0:0:0:1 "GET /projectindex/tree?projectId=3&rootid=3 HTTP/1.1" 200 (22 ms)
[10/Sep/2022:19:50:37 +0800] 0:0:0:0:0:0:0:1 "GET /project/fetch HTTP/1.1" 200 (20 ms)
[10/Sep/2022:19:50:37 +0800] 0:0:0:0:0:0:0:1 "GET /projectindex/tree?projectId=2&rootid=2 HTTP/1.1" 200 (29 ms)
[10/Sep/2022:19:50:39 +0800] 0:0:0:0:0:0:0:1 "GET /projectindex/tree?projectId=3&rootid=3 HTTP/1.1" 200 (19 ms)
[10/Sep/2022:19:50:48 +0800] 0:0:0:0:0:0:0:1 "GET /project/tree HTTP/1.1" 200 (22 ms)
[10/Sep/2022:19:56:12 +0800] 0:0:0:0:0:0:0:1 "GET /project/tree?rootid=0 HTTP/1.1" 200 (30 ms)
[10/Sep/2022:19:56:12 +0800] 0:0:0:0:0:0:0:1 "GET /projectindex/tree?rootid=0&projectId=2 HTTP/1.1" 200 (35 ms)
[10/Sep/2022:19:56:31 +0800] 0:0:0:0:0:0:0:1 "GET /project/fetch HTTP/1.1" 200 (21 ms)
[10/Sep/2022:19:56:35 +0800] 0:0:0:0:0:0:0:1 "GET /project/fetch?rootid=0 HTTP/1.1" 200 (18 ms)
[10/Sep/2022:19:56:35 +0800] 0:0:0:0:0:0:0:1 "GET /projectindex/tree?rootid=2&projectId=2 HTTP/1.1" 200 (20 ms)
[10/Sep/2022:19:56:52 +0800] 0:0:0:0:0:0:0:1 "GET /project/tree?rootid=0 HTTP/1.1" 200 (27 ms)
[10/Sep/2022:19:56:52 +0800] 0:0:0:0:0:0:0:1 "GET /projectindex/tree?rootid=0&projectId=2 HTTP/1.1" 200 (21 ms)
[10/Sep/2022:20:02:04 +0800] 0:0:0:0:0:0:0:1 "GET /project/tree?rootid=0 HTTP/1.1" 200 (75 ms)
[10/Sep/2022:20:02:04 +0800] 0:0:0:0:0:0:0:1 "GET /projectindex/tree?rootid=0&projectId=2 HTTP/1.1" 200 (39 ms)
[10/Sep/2022:20:03:46 +0800] 0:0:0:0:0:0:0:1 "GET /project/tree?rootid=0 HTTP/1.1" 200 (1027 ms)
[10/Sep/2022:20:03:46 +0800] 0:0:0:0:0:0:0:1 "GET /projectindex/tree?rootid=0&projectId=3 HTTP/1.1" 200 (30 ms)
[10/Sep/2022:20:03:56 +0800] 0:0:0:0:0:0:0:1 "GET /project/fetch HTTP/1.1" 200 (45 ms)
[10/Sep/2022:20:04:10 +0800] 0:0:0:0:0:0:0:1 "GET /project/tree?rootid=0 HTTP/1.1" 200 (30 ms)
[10/Sep/2022:20:04:10 +0800] 0:0:0:0:0:0:0:1 "GET /projectindex/tree?rootid=0&projectId=3 HTTP/1.1" 200 (23 ms)
[10/Sep/2022:20:04:21 +0800] 0:0:0:0:0:0:0:1 "GET /project/fetch HTTP/1.1" 200 (39 ms)
[10/Sep/2022:20:04:41 +0800] 0:0:0:0:0:0:0:1 "GET /project/fetch?rootid=0 HTTP/1.1" 200 (25 ms)
[10/Sep/2022:20:04:41 +0800] 0:0:0:0:0:0:0:1 "GET /projectindex/tree?rootid=3&projectId=3 HTTP/1.1" 200 (57 ms)
[10/Sep/2022:20:04:53 +0800] 0:0:0:0:0:0:0:1 "GET /project/tree?rootid=0 HTTP/1.1" 200 (25 ms)
[10/Sep/2022:20:04:53 +0800] 0:0:0:0:0:0:0:1 "GET /projectindex/tree?rootid=0&projectId=3 HTTP/1.1" 200 (26 ms)
[10/Sep/2022:20:05:01 +0800] 0:0:0:0:0:0:0:1 "GET /project/fetch?rootid=0 HTTP/1.1" 200 (32 ms)
[10/Sep/2022:20:05:01 +0800] 0:0:0:0:0:0:0:1 "GET /projectindex/tree?rootid=3&projectId=3 HTTP/1.1" 200 (58 ms)
[10/Sep/2022:20:05:03 +0800] 0:0:0:0:0:0:0:1 "GET /projectindex/tree?rootid=3&projectId=3 HTTP/1.1" 200 (21 ms)
[10/Sep/2022:20:05:05 +0800] 0:0:0:0:0:0:0:1 "GET /projectindex/tree?rootid=2&projectId=2 HTTP/1.1" 200 (18 ms)
[10/Sep/2022:20:05:27 +0800] 0:0:0:0:0:0:0:1 "GET /project/tree?rootid=0 HTTP/1.1" 200 (26 ms)
[10/Sep/2022:20:05:27 +0800] 0:0:0:0:0:0:0:1 "GET /projectindex/tree?rootid=0&projectId=3 HTTP/1.1" 200 (29 ms)
[10/Sep/2022:20:05:38 +0800] 0:0:0:0:0:0:0:1 "GET /project/fetch?rootid=0 HTTP/1.1" 200 (27 ms)
[10/Sep/2022:20:05:38 +0800] 0:0:0:0:0:0:0:1 "GET /projectindex/tree?rootid=3&projectId=3 HTTP/1.1" 200 (27 ms)
