[24/Sep/2022:07:43:33 +0800] 0:0:0:0:0:0:0:1 "POST /system/token HTTP/1.1" 200 (195 ms)
[24/Sep/2022:07:43:34 +0800] 0:0:0:0:0:0:0:1 "GET /system/menu HTTP/1.1" 200 (97 ms)
[24/Sep/2022:07:43:36 +0800] 0:0:0:0:0:0:0:1 "GET /project/fetch?ownId=0 HTTP/1.1" 200 (1756 ms)
[24/Sep/2022:07:43:41 +0800] 0:0:0:0:0:0:0:1 "GET /project/tree?rootId=0 HTTP/1.1" 200 (31 ms)
[24/Sep/2022:07:43:41 +0800] 0:0:0:0:0:0:0:1 "GET /report/project/tree2?ownId=0&selectId=2543997172191232 HTTP/1.1" 200 (239 ms)
[24/Sep/2022:07:43:42 +0800] 0:0:0:0:0:0:0:1 "GET /report/project/tree2?ownId=0&selectId=2 HTTP/1.1" 200 (87 ms)
[24/Sep/2022:07:52:03 +0800] 0:0:0:0:0:0:0:1 "GET /project/tree?rootId=0 HTTP/1.1" 200 (66 ms)
[24/Sep/2022:07:52:03 +0800] 0:0:0:0:0:0:0:1 "GET /report/project/tree2?ownId=0&selectId=2543997172191232 HTTP/1.1" 200 (78 ms)
[24/Sep/2022:07:54:08 +0800] 0:0:0:0:0:0:0:1 "GET /project/tree?rootId=0 HTTP/1.1" 200 (35 ms)
[24/Sep/2022:07:54:08 +0800] 0:0:0:0:0:0:0:1 "GET /report/project/tree2?ownId=0&selectId=2543997172191232 HTTP/1.1" 200 (103 ms)
[24/Sep/2022:07:54:13 +0800] 0:0:0:0:0:0:0:1 "GET /project/tree?rootId=0 HTTP/1.1" 200 (28 ms)
[24/Sep/2022:07:54:13 +0800] 0:0:0:0:0:0:0:1 "GET /report/project/tree2?ownId=0&selectId=2543997172191232&cmd=sj HTTP/1.1" 200 (79 ms)
[24/Sep/2022:07:54:25 +0800] 0:0:0:0:0:0:0:1 "GET /report/project/tree2?ownId=0&selectId=3&cmd=sj HTTP/1.1" 200 (67 ms)
[24/Sep/2022:07:54:26 +0800] 0:0:0:0:0:0:0:1 "GET /report/project/tree2?ownId=3&selectId=13&cmd=sj HTTP/1.1" 200 (78 ms)
[24/Sep/2022:07:54:35 +0800] 0:0:0:0:0:0:0:1 "GET /report/project/tree2?ownId=0&selectId=2&cmd=sj HTTP/1.1" 200 (90 ms)
[24/Sep/2022:08:08:02 +0800] 0:0:0:0:0:0:0:1 "GET /project/tree?rootId=0 HTTP/1.1" 200 (1158 ms)
[24/Sep/2022:08:08:02 +0800] 0:0:0:0:0:0:0:1 "GET /report/project/tree2?ownId=0&selectId=2543997172191232&cmd=sj HTTP/1.1" 500 (106 ms)
[24/Sep/2022:08:10:07 +0800] 0:0:0:0:0:0:0:1 "GET /project/tree?rootId=0 HTTP/1.1" 200 (1108 ms)
[24/Sep/2022:08:10:07 +0800] 0:0:0:0:0:0:0:1 "GET /report/project/tree2?ownId=0&selectId=2543997172191232&cmd=sj HTTP/1.1" 200 (78 ms)
[24/Sep/2022:08:10:09 +0800] 0:0:0:0:0:0:0:1 "GET /report/project/tree2?ownId=0&selectId=2&cmd=sj HTTP/1.1" 200 (67 ms)
[24/Sep/2022:08:10:53 +0800] 0:0:0:0:0:0:0:1 "GET /project/tree?rootId=0 HTTP/1.1" 200 (49 ms)
[24/Sep/2022:08:10:53 +0800] 0:0:0:0:0:0:0:1 "GET /report/project/tree2?ownId=0&selectId=2543997172191232&cmd=sj HTTP/1.1" 200 (137 ms)
[24/Sep/2022:08:12:37 +0800] 0:0:0:0:0:0:0:1 "GET /project/tree?rootId=0 HTTP/1.1" 200 (57 ms)
[24/Sep/2022:08:12:37 +0800] 0:0:0:0:0:0:0:1 "GET /report/project/tree2?ownId=0&selectId=2543997172191232&cmd=sj HTTP/1.1" 200 (99 ms)
[24/Sep/2022:08:12:40 +0800] 0:0:0:0:0:0:0:1 "GET /project/tree?rootId=0 HTTP/1.1" 200 (28 ms)
[24/Sep/2022:08:12:40 +0800] 0:0:0:0:0:0:0:1 "GET /report/project/tree2?ownId=0&selectId=2543997172191232&cmd=ys HTTP/1.1" 200 (60 ms)
[24/Sep/2022:08:12:42 +0800] 0:0:0:0:0:0:0:1 "GET /report/project/tree2?ownId=0&selectId=2&cmd=ys HTTP/1.1" 200 (64 ms)
[24/Sep/2022:08:27:05 +0800] 0:0:0:0:0:0:0:1 "GET /project/tree?rootId=0 HTTP/1.1" 200 (995 ms)
[24/Sep/2022:08:27:05 +0800] 0:0:0:0:0:0:0:1 "GET /report/project/tree2?ownId=0&selectId=2543997172191232&cmd=ys HTTP/1.1" 200 (76 ms)
[24/Sep/2022:08:27:17 +0800] 0:0:0:0:0:0:0:1 "GET /report/project/tree2?ownId=0&selectId=2&cmd=ys HTTP/1.1" 500 (89 ms)
[24/Sep/2022:08:29:18 +0800] 0:0:0:0:0:0:0:1 "GET /project/tree?rootId=0 HTTP/1.1" 200 (57 ms)
[24/Sep/2022:08:29:18 +0800] 0:0:0:0:0:0:0:1 "GET /report/project/tree2?ownId=0&selectId=2543997172191232&cmd=sj HTTP/1.1" 200 (68 ms)
[24/Sep/2022:08:29:19 +0800] 0:0:0:0:0:0:0:1 "GET /report/project/tree2?ownId=0&selectId=2&cmd=sj HTTP/1.1" 200 (53 ms)
[24/Sep/2022:08:29:21 +0800] 0:0:0:0:0:0:0:1 "GET /report/project/tree2?ownId=2&selectId=9&cmd=sj HTTP/1.1" 200 (54 ms)
[24/Sep/2022:08:29:22 +0800] 0:0:0:0:0:0:0:1 "GET /report/project/tree2?ownId=2&selectId=11&cmd=sj HTTP/1.1" 200 (49 ms)
[24/Sep/2022:08:29:23 +0800] 0:0:0:0:0:0:0:1 "GET /report/project/tree2?ownId=2&selectId=8&cmd=sj HTTP/1.1" 200 (48 ms)
[24/Sep/2022:08:29:24 +0800] 0:0:0:0:0:0:0:1 "GET /report/project/tree2?ownId=2&selectId=11&cmd=sj HTTP/1.1" 200 (50 ms)
[24/Sep/2022:08:29:49 +0800] 0:0:0:0:0:0:0:1 "GET /project/tree?rootId=0 HTTP/1.1" 200 (29 ms)
[24/Sep/2022:08:29:49 +0800] 0:0:0:0:0:0:0:1 "GET /report/project/tree2?ownId=0&selectId=2543997172191232&cmd=ys HTTP/1.1" 200 (49 ms)
[24/Sep/2022:08:29:52 +0800] 0:0:0:0:0:0:0:1 "GET /report/project/tree2?ownId=2&selectId=9&cmd=ys HTTP/1.1" 500 (56 ms)
[24/Sep/2022:08:34:01 +0800] 0:0:0:0:0:0:0:1 "GET /report/project/tree2?ownId=2&selectId=9&cmd=ys HTTP/1.1" 500 (13440 ms)
[24/Sep/2022:08:34:15 +0800] 0:0:0:0:0:0:0:1 "GET /report/project/tree2?ownId=0&selectId=2&cmd=ys HTTP/1.1" 500 (53 ms)
[24/Sep/2022:08:36:43 +0800] 0:0:0:0:0:0:0:1 "GET /report/project/tree2?ownId=0&selectId=2&cmd=ys HTTP/1.1" 500 (141190 ms)
[24/Sep/2022:08:36:43 +0800] 0:0:0:0:0:0:0:1 "GET /report/project/tree2?ownId=2&selectId=9&cmd=ys HTTP/1.1" 500 (100461 ms)
[24/Sep/2022:08:37:05 +0800] 0:0:0:0:0:0:0:1 "GET /report/project/tree2?ownId=0&selectId=2&cmd=ys HTTP/1.1" 500 (8771 ms)
[24/Sep/2022:08:37:12 +0800] 0:0:0:0:0:0:0:1 "GET /report/project/tree2?ownId=0&selectId=2&cmd=ys HTTP/1.1" 500 (65 ms)
[24/Sep/2022:08:38:41 +0800] 0:0:0:0:0:0:0:1 "GET /report/project/tree2?ownId=0&selectId=2&cmd=ys HTTP/1.1" 500 (16081 ms)
[24/Sep/2022:09:04:12 +0800] 0:0:0:0:0:0:0:1 "GET /report/project/tree2?ownId=0&selectId=2&cmd=ys HTTP/1.1" 500 (1524072 ms)
[24/Sep/2022:09:15:42 +0800] 0:0:0:0:0:0:0:1 "GET /project/tree?rootId=0 HTTP/1.1" 200 (186 ms)
[24/Sep/2022:09:15:42 +0800] 0:0:0:0:0:0:0:1 "GET /report/project/tree2?ownId=0&selectId=2&cmd=ys HTTP/1.1" 200 (196 ms)
[24/Sep/2022:09:15:42 +0800] 0:0:0:0:0:0:0:1 "GET /report/project/tree2?ownId=2&selectId=9&cmd=ys HTTP/1.1" 200 (19635 ms)
[24/Sep/2022:09:15:42 +0800] 0:0:0:0:0:0:0:1 "GET /report/project/tree2?ownId=0&selectId=2&cmd=ys HTTP/1.1" 200 (195 ms)
[24/Sep/2022:09:15:42 +0800] 0:0:0:0:0:0:0:1 "GET /report/project/tree2?ownId=2&selectId=9&cmd=ys HTTP/1.1" 200 (196 ms)
[24/Sep/2022:09:15:42 +0800] 0:0:0:0:0:0:0:1 "GET /report/project/tree2?ownId=2&selectId=11&cmd=ys HTTP/1.1" 200 (196 ms)
[24/Sep/2022:09:15:46 +0800] 0:0:0:0:0:0:0:1 "GET /project/tree?rootId=0 HTTP/1.1" 200 (31 ms)
[24/Sep/2022:09:15:47 +0800] 0:0:0:0:0:0:0:1 "GET /report/project/tree2?ownId=0&selectId=2543997172191232&cmd=ys HTTP/1.1" 200 (83 ms)
[24/Sep/2022:09:15:48 +0800] 0:0:0:0:0:0:0:1 "GET /report/project/tree2?ownId=0&selectId=2&cmd=ys HTTP/1.1" 200 (63 ms)
[24/Sep/2022:09:16:17 +0800] 0:0:0:0:0:0:0:1 "GET /project/tree?rootId=0 HTTP/1.1" 200 (28 ms)
[24/Sep/2022:09:16:17 +0800] 0:0:0:0:0:0:0:1 "GET /report/project/tree2?ownId=0&selectId=2543997172191232&cmd=sj HTTP/1.1" 200 (64 ms)
[24/Sep/2022:09:27:16 +0800] 0:0:0:0:0:0:0:1 "GET /report/project/tree2?ownId=0&selectId=2&cmd=sj HTTP/1.1" 200 (62 ms)
[24/Sep/2022:09:27:22 +0800] 0:0:0:0:0:0:0:1 "GET /project/tree?rootId=0 HTTP/1.1" 200 (31 ms)
[24/Sep/2022:09:27:22 +0800] 0:0:0:0:0:0:0:1 "GET /report/project/tree2?ownId=0&selectId=2543997172191232&cmd=ys HTTP/1.1" 200 (57 ms)
[24/Sep/2022:09:27:43 +0800] 0:0:0:0:0:0:0:1 "GET /project/tree?rootId=0 HTTP/1.1" 200 (21 ms)
[24/Sep/2022:09:27:43 +0800] 0:0:0:0:0:0:0:1 "GET /budget/division/tree2?ownId=0&selectId=2543997172191232 HTTP/1.1" 200 (35 ms)
[24/Sep/2022:09:27:43 +0800] 0:0:0:0:0:0:0:1 "GET /budget/division/machine/tree?ownId=2543997172191232&selectId=2543997172191232&rootId=2543997172191232 HTTP/1.1" 200 (366 ms)
[24/Sep/2022:09:27:44 +0800] 0:0:0:0:0:0:0:1 "GET /budget/division/tree2?ownId=0&selectId=2 HTTP/1.1" 200 (38 ms)
[24/Sep/2022:09:27:45 +0800] 0:0:0:0:0:0:0:1 "GET /budget/division/machine/tree?ownId=2&selectId=2&rootId=2 HTTP/1.1" 200 (17 ms)
[24/Sep/2022:09:29:06 +0800] 0:0:0:0:0:0:0:1 "GET /budget/division/machine/tree?ownId=11&selectId=11&rootId=11 HTTP/1.1" 200 (44 ms)
[24/Sep/2022:09:29:10 +0800] 0:0:0:0:0:0:0:1 "GET /budget/division/machine/tree?ownId=3156659174248448&selectId=3156659174248448&rootId=3156659174248448 HTTP/1.1" 200 (20 ms)
[24/Sep/2022:09:29:22 +0800] 0:0:0:0:0:0:0:1 "GET /budget/division/machine/tree?ownId=3156659279106048&selectId=3156659279106048&rootId=3156659279106048 HTTP/1.1" 200 (15 ms)
[24/Sep/2022:09:29:31 +0800] 0:0:0:0:0:0:0:1 "GET /budget/division/machine/tree?ownId=3156659434295296&selectId=3156659434295296&rootId=3156659434295296 HTTP/1.1" 200 (13 ms)
[24/Sep/2022:09:29:39 +0800] 0:0:0:0:0:0:0:1 "GET /budget/division/machine/tree?ownId=3156659811782656&selectId=3156659811782656&rootId=3156659811782656 HTTP/1.1" 200 (16 ms)
[24/Sep/2022:09:29:39 +0800] 0:0:0:0:0:0:0:1 "GET /budget/division/machine/tree?ownId=3156659811782656&selectId=3156659811782656&rootId=3156659811782656 HTTP/1.1" 200 (14 ms)
[24/Sep/2022:09:29:40 +0800] 0:0:0:0:0:0:0:1 "GET /budget/division/machine/tree?ownId=3156659811782656&selectId=3156659811782656&rootId=3156659811782656 HTTP/1.1" 200 (15 ms)
[24/Sep/2022:09:35:36 +0800] 0:0:0:0:0:0:0:1 "GET /project/tree?rootId=0 HTTP/1.1" 200 (34 ms)
[24/Sep/2022:09:35:36 +0800] 0:0:0:0:0:0:0:1 "GET /report/project/tree2?ownId=0&selectId=2543997172191232 HTTP/1.1" 500 (27 ms)
[24/Sep/2022:09:36:00 +0800] 0:0:0:0:0:0:0:1 "GET /report/project/tree2?ownId=0&selectId=2543997172191232 HTTP/1.1" 500 (131 ms)
[24/Sep/2022:09:36:03 +0800] 0:0:0:0:0:0:0:1 "GET /project/tree?rootId=0 HTTP/1.1" 200 (894 ms)
[24/Sep/2022:09:36:03 +0800] 0:0:0:0:0:0:0:1 "GET /report/project/tree2?ownId=0&selectId=2543997172191232 HTTP/1.1" 500 (4 ms)
[24/Sep/2022:09:37:26 +0800] 0:0:0:0:0:0:0:1 "GET /project/tree?rootId=0 HTTP/1.1" 200 (1030 ms)
[24/Sep/2022:09:37:26 +0800] 0:0:0:0:0:0:0:1 "GET /report/project/tree2?ownId=0&selectId=2543997172191232 HTTP/1.1" 200 (101 ms)
[24/Sep/2022:09:37:30 +0800] 0:0:0:0:0:0:0:1 "GET /report/project/tree2?ownId=0&selectId=2 HTTP/1.1" 200 (84 ms)
[24/Sep/2022:10:29:54 +0800] 0:0:0:0:0:0:0:1 "GET /project/fetch?ownId=0 HTTP/1.1" 200 (251 ms)
[24/Sep/2022:10:30:57 +0800] 0:0:0:0:0:0:0:1 "GET /project/tree?rootId=0 HTTP/1.1" 200 (85 ms)
[24/Sep/2022:10:30:57 +0800] 0:0:0:0:0:0:0:1 "GET /budget/division/tree2?ownId=0&selectId=2543997172191232 HTTP/1.1" 200 (66 ms)
[24/Sep/2022:10:30:57 +0800] 0:0:0:0:0:0:0:1 "GET /budget/division/machine/tree?ownId=2543997172191232&selectId=2543997172191232&rootId=2543997172191232 HTTP/1.1" 200 (58 ms)
[24/Sep/2022:10:31:02 +0800] 0:0:0:0:0:0:0:1 "GET /budget/division/tree2?ownId=0&selectId=2 HTTP/1.1" 200 (52 ms)
[24/Sep/2022:10:31:02 +0800] 0:0:0:0:0:0:0:1 "GET /budget/division/machine/tree?ownId=2&selectId=2&rootId=2 HTTP/1.1" 200 (26 ms)
[24/Sep/2022:10:32:16 +0800] 0:0:0:0:0:0:0:1 "GET /budget/division/tree2?ownId=2&selectId=9 HTTP/1.1" 200 (52 ms)
[24/Sep/2022:10:32:16 +0800] 0:0:0:0:0:0:0:1 "GET /budget/division/machine/tree?ownId=9&selectId=9&rootId=9 HTTP/1.1" 200 (28 ms)
[24/Sep/2022:10:32:19 +0800] 0:0:0:0:0:0:0:1 "GET /project/tree?rootId=0 HTTP/1.1" 200 (29 ms)
[24/Sep/2022:10:32:19 +0800] 0:0:0:0:0:0:0:1 "GET /budget/division/tree2?ownId=0&selectId=2543997172191232 HTTP/1.1" 200 (63 ms)
[24/Sep/2022:10:32:19 +0800] 0:0:0:0:0:0:0:1 "GET /budget/division/machine/tree?ownId=2543997172191232&selectId=2543997172191232&rootId=2543997172191232 HTTP/1.1" 200 (34 ms)
[24/Sep/2022:10:33:24 +0800] 0:0:0:0:0:0:0:1 "GET /project/tree?rootId=0 HTTP/1.1" 200 (43 ms)
[24/Sep/2022:10:33:24 +0800] 0:0:0:0:0:0:0:1 "GET /budget/division/tree2?ownId=0&selectId=2543997172191232 HTTP/1.1" 200 (66 ms)
[24/Sep/2022:10:33:24 +0800] 0:0:0:0:0:0:0:1 "GET /budget/division/machine/tree?ownId=2543997172191232&selectId=2543997172191232&rootId=2543997172191232 HTTP/1.1" 200 (37 ms)
[24/Sep/2022:10:34:58 +0800] 0:0:0:0:0:0:0:1 "GET /project/tree?rootId=0 HTTP/1.1" 200 (59 ms)
[24/Sep/2022:10:34:58 +0800] 0:0:0:0:0:0:0:1 "GET /report/project/tree2?ownId=0&selectId=2543997172191232 HTTP/1.1" 200 (93 ms)
[24/Sep/2022:10:43:46 +0800] 0:0:0:0:0:0:0:1 "GET /project/tree?rootId=0 HTTP/1.1" 200 (76 ms)
[24/Sep/2022:10:43:46 +0800] 0:0:0:0:0:0:0:1 "GET /report/project/tree2?ownId=0&selectId=2543997172191232 HTTP/1.1" 200 (93 ms)
[24/Sep/2022:10:44:32 +0800] 0:0:0:0:0:0:0:1 "GET /report/project/tree2?ownId=0&selectId=2 HTTP/1.1" 200 (111 ms)
[24/Sep/2022:10:51:42 +0800] 0:0:0:0:0:0:0:1 "GET /project/tree?rootId=0 HTTP/1.1" 200 (54 ms)
[24/Sep/2022:10:51:42 +0800] 0:0:0:0:0:0:0:1 "GET /budget/division/tree2?ownId=0&selectId=2543997172191232 HTTP/1.1" 200 (48 ms)
[24/Sep/2022:10:51:42 +0800] 0:0:0:0:0:0:0:1 "GET /budget/division/machine/tree?ownId=2543997172191232&selectId=2543997172191232&rootId=2543997172191232 HTTP/1.1" 200 (60 ms)
[24/Sep/2022:10:51:51 +0800] 0:0:0:0:0:0:0:1 "GET /budget/division/machine/tree?ownId=2543997172191232&selectId=2543997172191232&rootId=2543997172191232 HTTP/1.1" 200 (37 ms)
[24/Sep/2022:10:51:59 +0800] 0:0:0:0:0:0:0:1 "GET /budget/division/machine/tree?ownId=2543997172191232&selectId=2543997172191232&rootId=2543997172191232 HTTP/1.1" 200 (44 ms)
[24/Sep/2022:10:52:24 +0800] 0:0:0:0:0:0:0:1 "GET /project/tree?rootId=0 HTTP/1.1" 200 (48 ms)
[24/Sep/2022:10:52:24 +0800] 0:0:0:0:0:0:0:1 "GET /plan/division/tree2?ownId=0&selectId=2543997172191232 HTTP/1.1" 200 (50 ms)
[24/Sep/2022:10:52:25 +0800] 0:0:0:0:0:0:0:1 "GET /plan/division/machine/tree?ownId=2543997172191232&selectId=2543997172191232&rootId=2543997172191232 HTTP/1.1" 200 (471 ms)
[24/Sep/2022:10:52:29 +0800] 0:0:0:0:0:0:0:1 "GET /project/tree?rootId=0 HTTP/1.1" 200 (28 ms)
[24/Sep/2022:10:52:30 +0800] 0:0:0:0:0:0:0:1 "GET /report/project/tree2?ownId=0&selectId=2543997172191232 HTTP/1.1" 200 (67 ms)
[24/Sep/2022:12:45:45 +0800] 0:0:0:0:0:0:0:1 "GET /project/tree?rootId=0 HTTP/1.1" 200 (131 ms)
[24/Sep/2022:12:45:45 +0800] 0:0:0:0:0:0:0:1 "GET /budget/division/tree2?ownId=0&selectId=2543997172191232 HTTP/1.1" 200 (38 ms)
[24/Sep/2022:12:45:45 +0800] 0:0:0:0:0:0:0:1 "GET /budget/division/machine/tree?ownId=2543997172191232&selectId=2543997172191232&rootId=2543997172191232 HTTP/1.1" 200 (30 ms)
[24/Sep/2022:13:30:01 +0800] 0:0:0:0:0:0:0:1 "GET /project/fetch?ownId=0 HTTP/1.1" 200 (1004 ms)
[24/Sep/2022:15:22:21 +0800] 0:0:0:0:0:0:0:1 "GET /project/fetch?ownId=0 HTTP/1.1" 200 (774 ms)
[24/Sep/2022:15:22:32 +0800] 0:0:0:0:0:0:0:1 "GET /project/tree?rootId=0 HTTP/1.1" 200 (301 ms)
[24/Sep/2022:15:22:33 +0800] 0:0:0:0:0:0:0:1 "GET /budget/division/tree2?ownId=0&selectId=2543997172191232 HTTP/1.1" 200 (594 ms)
[24/Sep/2022:15:22:33 +0800] 0:0:0:0:0:0:0:1 "GET /budget/division/machine/tree?ownId=2543997172191232&selectId=2543997172191232&rootId=2543997172191232 HTTP/1.1" 200 (59 ms)
[24/Sep/2022:15:22:33 +0800] 0:0:0:0:0:0:0:1 "GET /budget/division/machine/tree?ownId=2543997172191232&selectId=2543997172191232&rootId=2543997172191232 HTTP/1.1" 200 (32 ms)
[24/Sep/2022:15:22:33 +0800] 0:0:0:0:0:0:0:1 "GET /budget/division/machine/tree?ownId=2543997172191232&selectId=2543997172191232&rootId=2543997172191232 HTTP/1.1" 200 (24 ms)
[24/Sep/2022:15:29:05 +0800] 0:0:0:0:0:0:0:1 "GET /project/tree?rootId=0 HTTP/1.1" 200 (136 ms)
[24/Sep/2022:15:29:05 +0800] 0:0:0:0:0:0:0:1 "GET /budget/division/tree2?ownId=0&selectId=2543997172191232 HTTP/1.1" 200 (44 ms)
[24/Sep/2022:15:29:05 +0800] 0:0:0:0:0:0:0:1 "GET /budget/division/machine/tree?ownId=2543997172191232&selectId=2543997172191232&rootId=2543997172191232 HTTP/1.1" 200 (48 ms)
[24/Sep/2022:15:29:06 +0800] 0:0:0:0:0:0:0:1 "GET /budget/division/machine/tree?ownId=2543997172191232&selectId=2543997172191232&rootId=2543997172191232 HTTP/1.1" 200 (27 ms)
[24/Sep/2022:15:29:06 +0800] 0:0:0:0:0:0:0:1 "GET /budget/division/machine/tree?ownId=2543997172191232&selectId=2543997172191232&rootId=2543997172191232 HTTP/1.1" 200 (27 ms)
[24/Sep/2022:15:29:11 +0800] 0:0:0:0:0:0:0:1 "GET /project/tree?rootId=0 HTTP/1.1" 200 (34 ms)
[24/Sep/2022:15:29:11 +0800] 0:0:0:0:0:0:0:1 "GET /budget/division/tree2?ownId=0&selectId=2543997172191232 HTTP/1.1" 200 (65 ms)
[24/Sep/2022:15:29:11 +0800] 0:0:0:0:0:0:0:1 "GET /budget/division/machine/tree?ownId=2543997172191232&selectId=2543997172191232&rootId=2543997172191232 HTTP/1.1" 200 (30 ms)
[24/Sep/2022:15:29:12 +0800] 0:0:0:0:0:0:0:1 "GET /budget/division/machine/tree?ownId=2543997172191232&selectId=2543997172191232&rootId=2543997172191232 HTTP/1.1" 200 (34 ms)
[24/Sep/2022:15:29:13 +0800] 0:0:0:0:0:0:0:1 "GET /budget/division/machine/tree?ownId=2543997172191232&selectId=2543997172191232&rootId=2543997172191232 HTTP/1.1" 200 (22 ms)
[24/Sep/2022:15:29:25 +0800] 0:0:0:0:0:0:0:1 "GET /budget/division/machine/tree?ownId=2543997172191232&selectId=2543997172191232&rootId=2543997172191232 HTTP/1.1" 200 (23 ms)
[24/Sep/2022:15:29:25 +0800] 0:0:0:0:0:0:0:1 "OPTIONS /budget/division/push HTTP/1.1" 200 (27 ms)
[24/Sep/2022:15:29:25 +0800] 0:0:0:0:0:0:0:1 "POST /budget/division/push HTTP/1.1" 200 (158 ms)
[24/Sep/2022:15:29:26 +0800] 0:0:0:0:0:0:0:1 "GET /budget/division/machine/tree?ownId=2543997172191232&selectId=2543997172191232&rootId=2543997172191232 HTTP/1.1" 200 (29 ms)
[24/Sep/2022:15:29:26 +0800] 0:0:0:0:0:0:0:1 "GET /budget/division/machine/tree?ownId=2543997172191232&selectId=2543997172191232&rootId=2543997172191232 HTTP/1.1" 200 (20 ms)
[24/Sep/2022:15:29:26 +0800] 0:0:0:0:0:0:0:1 "GET /budget/division/machine/tree?ownId=2543997172191232&selectId=2543997172191232&rootId=2543997172191232 HTTP/1.1" 200 (21 ms)
[24/Sep/2022:15:29:30 +0800] 0:0:0:0:0:0:0:1 "POST /budget/division/push HTTP/1.1" 200 (10 ms)
[24/Sep/2022:15:31:10 +0800] 0:0:0:0:0:0:0:1 "GET /project/tree?rootId=0 HTTP/1.1" 200 (44 ms)
[24/Sep/2022:15:31:10 +0800] 0:0:0:0:0:0:0:1 "GET /budget/division/tree2?ownId=0&selectId=2543997172191232 HTTP/1.1" 200 (50 ms)
[24/Sep/2022:15:31:11 +0800] 0:0:0:0:0:0:0:1 "GET /budget/division/machine/tree?ownId=2543997172191232&selectId=2543997172191232&rootId=2543997172191232 HTTP/1.1" 200 (34 ms)
[24/Sep/2022:15:31:12 +0800] 0:0:0:0:0:0:0:1 "GET /budget/division/machine/tree?ownId=2543997172191232&selectId=2543997172191232&rootId=2543997172191232 HTTP/1.1" 200 (23 ms)
[24/Sep/2022:15:31:12 +0800] 0:0:0:0:0:0:0:1 "GET /budget/division/machine/tree?ownId=2543997172191232&selectId=2543997172191232&rootId=2543997172191232 HTTP/1.1" 200 (27 ms)
[24/Sep/2022:15:31:15 +0800] 0:0:0:0:0:0:0:1 "POST /budget/division/push HTTP/1.1" 200 (6 ms)
[24/Sep/2022:15:31:42 +0800] 0:0:0:0:0:0:0:1 "GET /budget/division/machine/tree?ownId=2543997172191232&selectId=2543997172191232&rootId=2543997172191232 HTTP/1.1" 200 (36 ms)
[24/Sep/2022:15:31:42 +0800] 0:0:0:0:0:0:0:1 "GET /budget/division/machine/tree?ownId=2543997172191232&selectId=2543997172191232&rootId=2543997172191232 HTTP/1.1" 200 (78 ms)
[24/Sep/2022:16:02:17 +0800] 0:0:0:0:0:0:0:1 "GET /project/fetch?ownId=0 HTTP/1.1" 200 (1255 ms)
[24/Sep/2022:16:02:29 +0800] 0:0:0:0:0:0:0:1 "GET /construction/fetch HTTP/1.1" 200 (125 ms)
[24/Sep/2022:16:02:29 +0800] 0:0:0:0:0:0:0:1 "GET /project/fetch?ownId=0 HTTP/1.1" 200 (30 ms)
[24/Sep/2022:16:03:56 +0800] 0:0:0:0:0:0:0:1 "GET /dict/subpackage/fetch HTTP/1.1" 200 (29 ms)
[24/Sep/2022:16:03:56 +0800] 0:0:0:0:0:0:0:1 "GET /favicon.ico HTTP/1.1" 404 (40 ms)
[24/Sep/2022:16:04:27 +0800] 0:0:0:0:0:0:0:1 "GET /dict/subpackage/fetch HTTP/1.1" 200 (8 ms)
[24/Sep/2022:16:04:59 +0800] 0:0:0:0:0:0:0:1 "GET /dict/subpackage/fetch HTTP/1.1" 200 (15 ms)
[24/Sep/2022:16:11:20 +0800] 0:0:0:0:0:0:0:1 "GET /dict/subpackage/fetch HTTP/1.1" 200 (89765 ms)
[24/Sep/2022:16:11:55 +0800] 0:0:0:0:0:0:0:1 "GET /dict/subpackage/fetch HTTP/1.1" 200 (6989 ms)
[24/Sep/2022:16:19:19 +0800] 0:0:0:0:0:0:0:1 "GET /project/fetch?ownId=0 HTTP/1.1" 200 (131 ms)
[24/Sep/2022:16:19:23 +0800] 0:0:0:0:0:0:0:1 "GET /project/tree?rootId=0 HTTP/1.1" 200 (34 ms)
[24/Sep/2022:16:19:23 +0800] 0:0:0:0:0:0:0:1 "GET /budget/division/tree2?ownId=0&selectId=2543997172191232 HTTP/1.1" 200 (47 ms)
[24/Sep/2022:16:19:23 +0800] 0:0:0:0:0:0:0:1 "GET /budget/division/machine/tree?ownId=2543997172191232&selectId=2543997172191232&rootId=2543997172191232 HTTP/1.1" 200 (30 ms)
[24/Sep/2022:16:19:25 +0800] 0:0:0:0:0:0:0:1 "GET /budget/division/machine/tree?ownId=2543997172191232&selectId=2543997172191232&rootId=2543997172191232 HTTP/1.1" 200 (25 ms)
[24/Sep/2022:16:22:20 +0800] 0:0:0:0:0:0:0:1 "GET /project/tree?rootId=0 HTTP/1.1" 200 (45 ms)
[24/Sep/2022:16:22:20 +0800] 0:0:0:0:0:0:0:1 "GET /budget/division/tree2?ownId=0&selectId=2543997172191232 HTTP/1.1" 200 (67 ms)
[24/Sep/2022:16:22:20 +0800] 0:0:0:0:0:0:0:1 "GET /budget/division/machine/tree?ownId=2543997172191232&selectId=2543997172191232&rootId=2543997172191232 HTTP/1.1" 200 (35 ms)
[24/Sep/2022:18:25:35 +0800] 0:0:0:0:0:0:0:1 "OPTIONS /budget/division/machine/push HTTP/1.1" 200 (8 ms)
[24/Sep/2022:18:25:35 +0800] 0:0:0:0:0:0:0:1 "POST /budget/division/machine/push HTTP/1.1" 200 (83 ms)
[24/Sep/2022:18:52:04 +0800] 0:0:0:0:0:0:0:1 "GET /project/fetch?ownId=0 HTTP/1.1" 200 (55 ms)
[24/Sep/2022:19:43:06 +0800] 0:0:0:0:0:0:0:1 "GET /project/tree?rootId=0 HTTP/1.1" 200 (1824 ms)
[24/Sep/2022:19:43:06 +0800] 0:0:0:0:0:0:0:1 "GET /project/tree?rootId=0 HTTP/1.1" 200 (48 ms)
[24/Sep/2022:19:43:06 +0800] 0:0:0:0:0:0:0:1 "GET /budget/division/tree2?ownId=0&selectId=2543997172191232 HTTP/1.1" 200 (97 ms)
[24/Sep/2022:19:43:06 +0800] 0:0:0:0:0:0:0:1 "GET /budget/division/tree2?ownId=0&selectId=2543997172191232 HTTP/1.1" 200 (53 ms)
[24/Sep/2022:19:43:07 +0800] 0:0:0:0:0:0:0:1 "GET /budget/division/machine/tree?ownId=2543997172191232&selectId=2543997172191232&rootId=2543997172191232 HTTP/1.1" 200 (49 ms)
[24/Sep/2022:19:43:07 +0800] 0:0:0:0:0:0:0:1 "GET /budget/division/machine/tree?ownId=2543997172191232&selectId=2543997172191232&rootId=2543997172191232 HTTP/1.1" 200 (34 ms)
[24/Sep/2022:19:43:40 +0800] 0:0:0:0:0:0:0:1 "GET /project/fetch?ownId=0 HTTP/1.1" 200 (48 ms)
[24/Sep/2022:19:43:43 +0800] 0:0:0:0:0:0:0:1 "GET /project/tree?rootId=0 HTTP/1.1" 200 (25 ms)
[24/Sep/2022:19:43:43 +0800] 0:0:0:0:0:0:0:1 "GET /budget/division/tree2?ownId=0&selectId=2543997172191232 HTTP/1.1" 200 (44 ms)
[24/Sep/2022:19:43:44 +0800] 0:0:0:0:0:0:0:1 "GET /budget/division/machine/tree?ownId=2543997172191232&selectId=2543997172191232&rootId=2543997172191232 HTTP/1.1" 200 (30 ms)
[24/Sep/2022:19:43:50 +0800] 0:0:0:0:0:0:0:1 "OPTIONS /budget/division/machine/push HTTP/1.1" 200 (5 ms)
[24/Sep/2022:19:43:50 +0800] 0:0:0:0:0:0:0:1 "POST /budget/division/machine/push HTTP/1.1" 200 (62 ms)
[24/Sep/2022:20:02:05 +0800] 0:0:0:0:0:0:0:1 "GET /project/tree?rootId=0 HTTP/1.1" 200 (86 ms)
[24/Sep/2022:20:02:05 +0800] 0:0:0:0:0:0:0:1 "GET /project/tree?rootId=0 HTTP/1.1" 200 (47 ms)
[24/Sep/2022:20:02:05 +0800] 0:0:0:0:0:0:0:1 "GET /budget/division/tree2?ownId=0&selectId=2543997172191232 HTTP/1.1" 200 (76 ms)
[24/Sep/2022:20:02:06 +0800] 0:0:0:0:0:0:0:1 "GET /budget/division/tree2?ownId=0&selectId=2543997172191232 HTTP/1.1" 200 (81 ms)
[24/Sep/2022:20:02:06 +0800] 0:0:0:0:0:0:0:1 "GET /project/tree?rootId=0 HTTP/1.1" 200 (45 ms)
[24/Sep/2022:20:02:06 +0800] 0:0:0:0:0:0:0:1 "GET /budget/division/machine/tree?ownId=2543997172191232&selectId=2543997172191232&rootId=2543997172191232 HTTP/1.1" 200 (37 ms)
[24/Sep/2022:20:02:06 +0800] 0:0:0:0:0:0:0:1 "GET /budget/division/tree2?ownId=0&selectId=2543997172191232 HTTP/1.1" 200 (87 ms)
[24/Sep/2022:20:02:06 +0800] 0:0:0:0:0:0:0:1 "GET /budget/division/machine/tree?ownId=2543997172191232&selectId=2543997172191232&rootId=2543997172191232 HTTP/1.1" 200 (41 ms)
[24/Sep/2022:20:02:06 +0800] 0:0:0:0:0:0:0:1 "GET /budget/division/machine/tree?ownId=2543997172191232&selectId=2543997172191232&rootId=2543997172191232 HTTP/1.1" 200 (32 ms)
[24/Sep/2022:20:02:12 +0800] 0:0:0:0:0:0:0:1 "GET /dict/subpackage/fetch HTTP/1.1" 200 (22 ms)
[24/Sep/2022:20:02:18 +0800] 0:0:0:0:0:0:0:1 "POST /budget/division/machine/push HTTP/1.1" 200 (10 ms)
[24/Sep/2022:20:05:01 +0800] 0:0:0:0:0:0:0:1 "GET /project/tree?rootId=0 HTTP/1.1" 200 (44 ms)
[24/Sep/2022:20:05:01 +0800] 0:0:0:0:0:0:0:1 "GET /budget/division/tree2?ownId=0&selectId=2543997172191232 HTTP/1.1" 200 (54 ms)
[24/Sep/2022:20:05:01 +0800] 0:0:0:0:0:0:0:1 "GET /budget/division/machine/tree?ownId=2543997172191232&selectId=2543997172191232&rootId=2543997172191232 HTTP/1.1" 200 (33 ms)
[24/Sep/2022:20:05:13 +0800] 0:0:0:0:0:0:0:1 "GET /dict/subpackage/fetch HTTP/1.1" 200 (13 ms)
[24/Sep/2022:20:05:15 +0800] 0:0:0:0:0:0:0:1 "POST /budget/division/machine/push HTTP/1.1" 200 (9 ms)
[24/Sep/2022:20:05:28 +0800] 0:0:0:0:0:0:0:1 "GET /dict/subpackage/fetch HTTP/1.1" 200 (17 ms)
[24/Sep/2022:20:05:38 +0800] 0:0:0:0:0:0:0:1 "GET /dict/subpackage/fetch HTTP/1.1" 200 (18 ms)
[24/Sep/2022:20:07:53 +0800] 0:0:0:0:0:0:0:1 "GET /project/tree?rootId=0 HTTP/1.1" 200 (43 ms)
[24/Sep/2022:20:07:53 +0800] 0:0:0:0:0:0:0:1 "GET /budget/division/tree2?ownId=0&selectId=2543997172191232 HTTP/1.1" 200 (47 ms)
[24/Sep/2022:20:07:53 +0800] 0:0:0:0:0:0:0:1 "GET /budget/division/machine/tree?ownId=2543997172191232&selectId=2543997172191232&rootId=2543997172191232 HTTP/1.1" 200 (31 ms)
[24/Sep/2022:20:07:58 +0800] 0:0:0:0:0:0:0:1 "GET /dict/subpackage/fetch HTTP/1.1" 200 (11 ms)
[24/Sep/2022:20:08:02 +0800] 0:0:0:0:0:0:0:1 "POST /budget/division/machine/push HTTP/1.1" 200 (12 ms)
[24/Sep/2022:20:09:42 +0800] 0:0:0:0:0:0:0:1 "GET /dict/subpackage/fetch HTTP/1.1" 200 (32 ms)
[24/Sep/2022:20:09:50 +0800] 0:0:0:0:0:0:0:1 "GET /project/tree?rootId=0 HTTP/1.1" 200 (34 ms)
[24/Sep/2022:20:09:50 +0800] 0:0:0:0:0:0:0:1 "GET /budget/division/tree2?ownId=0&selectId=2543997172191232 HTTP/1.1" 200 (46 ms)
[24/Sep/2022:20:09:50 +0800] 0:0:0:0:0:0:0:1 "GET /budget/division/machine/tree?ownId=2543997172191232&selectId=2543997172191232&rootId=2543997172191232 HTTP/1.1" 200 (29 ms)
[24/Sep/2022:20:09:52 +0800] 0:0:0:0:0:0:0:1 "GET /dict/subpackage/fetch HTTP/1.1" 200 (14 ms)
[24/Sep/2022:20:10:12 +0800] 0:0:0:0:0:0:0:1 "POST /budget/division/machine/push HTTP/1.1" 200 (19 ms)
[24/Sep/2022:20:28:15 +0800] 0:0:0:0:0:0:0:1 "GET /project/fetch?ownId=0 HTTP/1.1" 200 (40 ms)
[24/Sep/2022:20:33:07 +0800] 0:0:0:0:0:0:0:1 "GET /project/fetch?ownId=0 HTTP/1.1" 200 (45 ms)
[24/Sep/2022:20:33:09 +0800] 0:0:0:0:0:0:0:1 "GET /project/tree?rootId=0 HTTP/1.1" 200 (27 ms)
[24/Sep/2022:20:33:09 +0800] 0:0:0:0:0:0:0:1 "GET /budget/division/tree2?ownId=0&selectId=2543997172191232 HTTP/1.1" 200 (36 ms)
[24/Sep/2022:20:33:09 +0800] 0:0:0:0:0:0:0:1 "GET /budget/division/machine/tree?ownId=2543997172191232&selectId=2543997172191232&rootId=2543997172191232 HTTP/1.1" 200 (21 ms)
[24/Sep/2022:20:56:01 +0800] 0:0:0:0:0:0:0:1 "GET /project/fetch?ownId=0 HTTP/1.1" 200 (41 ms)
[24/Sep/2022:20:56:03 +0800] 0:0:0:0:0:0:0:1 "GET /project/tree?rootId=0 HTTP/1.1" 200 (27 ms)
[24/Sep/2022:20:56:03 +0800] 0:0:0:0:0:0:0:1 "GET /budget/division/tree2?ownId=0&selectId=2543997172191232 HTTP/1.1" 200 (36 ms)
[24/Sep/2022:20:56:03 +0800] 0:0:0:0:0:0:0:1 "GET /budget/division/machine/tree?ownId=2543997172191232&selectId=2543997172191232&rootId=2543997172191232 HTTP/1.1" 200 (31 ms)
[24/Sep/2022:20:56:06 +0800] 0:0:0:0:0:0:0:1 "GET /dict/subpackage/fetch HTTP/1.1" 200 (14 ms)
[24/Sep/2022:20:56:10 +0800] 0:0:0:0:0:0:0:1 "OPTIONS /budget/division/machine/push HTTP/1.1" 200 (2 ms)
[24/Sep/2022:20:56:10 +0800] 0:0:0:0:0:0:0:1 "POST /budget/division/machine/push HTTP/1.1" 200 (14 ms)
[24/Sep/2022:20:56:16 +0800] 0:0:0:0:0:0:0:1 "GET /dict/subpackage/fetch HTTP/1.1" 200 (11 ms)
[24/Sep/2022:20:57:38 +0800] 0:0:0:0:0:0:0:1 "GET /project/tree?rootId=0 HTTP/1.1" 200 (35 ms)
[24/Sep/2022:20:57:38 +0800] 0:0:0:0:0:0:0:1 "GET /budget/division/tree2?ownId=0&selectId=2543997172191232 HTTP/1.1" 200 (59 ms)
[24/Sep/2022:20:57:38 +0800] 0:0:0:0:0:0:0:1 "GET /budget/division/machine/tree?ownId=2543997172191232&selectId=2543997172191232&rootId=2543997172191232 HTTP/1.1" 200 (26 ms)
[24/Sep/2022:20:57:44 +0800] 0:0:0:0:0:0:0:1 "GET /dict/subpackage/fetch HTTP/1.1" 200 (12 ms)
[24/Sep/2022:20:57:47 +0800] 0:0:0:0:0:0:0:1 "POST /budget/division/machine/push HTTP/1.1" 200 (5 ms)
[24/Sep/2022:20:58:51 +0800] 0:0:0:0:0:0:0:1 "GET /project/tree?rootId=0 HTTP/1.1" 200 (47 ms)
[24/Sep/2022:20:58:51 +0800] 0:0:0:0:0:0:0:1 "GET /budget/division/tree2?ownId=0&selectId=2543997172191232 HTTP/1.1" 200 (53 ms)
[24/Sep/2022:20:58:51 +0800] 0:0:0:0:0:0:0:1 "GET /budget/division/machine/tree?ownId=2543997172191232&selectId=2543997172191232&rootId=2543997172191232 HTTP/1.1" 200 (30 ms)
[24/Sep/2022:20:58:56 +0800] 0:0:0:0:0:0:0:1 "GET /dict/subpackage/fetch HTTP/1.1" 200 (11 ms)
[24/Sep/2022:20:59:01 +0800] 0:0:0:0:0:0:0:1 "POST /budget/division/machine/push HTTP/1.1" 200 (8 ms)
[24/Sep/2022:21:00:04 +0800] 0:0:0:0:0:0:0:1 "GET /project/tree?rootId=0 HTTP/1.1" 200 (46 ms)
[24/Sep/2022:21:00:04 +0800] 0:0:0:0:0:0:0:1 "GET /budget/division/tree2?ownId=0&selectId=2543997172191232 HTTP/1.1" 200 (53 ms)
[24/Sep/2022:21:00:04 +0800] 0:0:0:0:0:0:0:1 "GET /budget/division/machine/tree?ownId=2543997172191232&selectId=2543997172191232&rootId=2543997172191232 HTTP/1.1" 200 (35 ms)
[24/Sep/2022:21:00:09 +0800] 0:0:0:0:0:0:0:1 "GET /dict/subpackage/fetch HTTP/1.1" 200 (13 ms)
[24/Sep/2022:21:00:13 +0800] 0:0:0:0:0:0:0:1 "POST /budget/division/machine/push HTTP/1.1" 200 (8 ms)
[24/Sep/2022:21:00:57 +0800] 0:0:0:0:0:0:0:1 "GET /project/tree?rootId=0 HTTP/1.1" 200 (36 ms)
[24/Sep/2022:21:00:57 +0800] 0:0:0:0:0:0:0:1 "GET /budget/division/tree2?ownId=0&selectId=2543997172191232 HTTP/1.1" 200 (53 ms)
[24/Sep/2022:21:00:57 +0800] 0:0:0:0:0:0:0:1 "GET /budget/division/machine/tree?ownId=2543997172191232&selectId=2543997172191232&rootId=2543997172191232 HTTP/1.1" 200 (39 ms)
[24/Sep/2022:21:01:01 +0800] 0:0:0:0:0:0:0:1 "GET /dict/subpackage/fetch HTTP/1.1" 200 (11 ms)
[24/Sep/2022:21:01:06 +0800] 0:0:0:0:0:0:0:1 "POST /budget/division/machine/push HTTP/1.1" 200 (7 ms)
[24/Sep/2022:21:02:01 +0800] 0:0:0:0:0:0:0:1 "GET /project/tree?rootId=0 HTTP/1.1" 200 (34 ms)
[24/Sep/2022:21:02:01 +0800] 0:0:0:0:0:0:0:1 "GET /budget/division/tree2?ownId=0&selectId=2543997172191232 HTTP/1.1" 200 (52 ms)
[24/Sep/2022:21:02:02 +0800] 0:0:0:0:0:0:0:1 "GET /budget/division/machine/tree?ownId=2543997172191232&selectId=2543997172191232&rootId=2543997172191232 HTTP/1.1" 200 (35 ms)
[24/Sep/2022:21:02:08 +0800] 0:0:0:0:0:0:0:1 "GET /dict/subpackage/fetch HTTP/1.1" 200 (15 ms)
[24/Sep/2022:21:02:13 +0800] 0:0:0:0:0:0:0:1 "POST /budget/division/machine/push HTTP/1.1" 200 (6 ms)
[24/Sep/2022:21:03:17 +0800] 0:0:0:0:0:0:0:1 "GET /project/tree?rootId=0 HTTP/1.1" 200 (45 ms)
[24/Sep/2022:21:03:17 +0800] 0:0:0:0:0:0:0:1 "GET /budget/division/tree2?ownId=0&selectId=2543997172191232 HTTP/1.1" 200 (45 ms)
[24/Sep/2022:21:03:17 +0800] 0:0:0:0:0:0:0:1 "GET /budget/division/machine/tree?ownId=2543997172191232&selectId=2543997172191232&rootId=2543997172191232 HTTP/1.1" 200 (28 ms)
[24/Sep/2022:21:03:40 +0800] 0:0:0:0:0:0:0:1 "GET /budget/division/machine/tree?ownId=2543997172191232&selectId=2543997172191232&rootId=2543997172191232 HTTP/1.1" 200 (22 ms)
[24/Sep/2022:21:03:40 +0800] 0:0:0:0:0:0:0:1 "GET /budget/division/machine/tree?ownId=2543997172191232&selectId=2543997172191232&rootId=2543997172191232 HTTP/1.1" 200 (17 ms)
[24/Sep/2022:21:03:46 +0800] 0:0:0:0:0:0:0:1 "OPTIONS /budget/division/push HTTP/1.1" 200 (2 ms)
[24/Sep/2022:21:03:46 +0800] 0:0:0:0:0:0:0:1 "POST /budget/division/push HTTP/1.1" 200 (30 ms)
[24/Sep/2022:21:03:49 +0800] 0:0:0:0:0:0:0:1 "GET /dict/subpackage/fetch HTTP/1.1" 200 (11 ms)
[24/Sep/2022:21:03:52 +0800] 0:0:0:0:0:0:0:1 "POST /budget/division/machine/push HTTP/1.1" 200 (7 ms)
[24/Sep/2022:21:06:17 +0800] 0:0:0:0:0:0:0:1 "GET /project/tree?rootId=0 HTTP/1.1" 200 (42 ms)
[24/Sep/2022:21:06:17 +0800] 0:0:0:0:0:0:0:1 "GET /budget/division/tree2?ownId=0&selectId=2543997172191232 HTTP/1.1" 200 (42 ms)
[24/Sep/2022:21:06:17 +0800] 0:0:0:0:0:0:0:1 "GET /budget/division/machine/tree?ownId=2543997172191232&selectId=2543997172191232&rootId=2543997172191232 HTTP/1.1" 200 (33 ms)
[24/Sep/2022:21:06:21 +0800] 0:0:0:0:0:0:0:1 "GET /dict/subpackage/fetch HTTP/1.1" 200 (15 ms)
[24/Sep/2022:21:06:24 +0800] 0:0:0:0:0:0:0:1 "POST /budget/division/machine/push HTTP/1.1" 200 (8 ms)
[24/Sep/2022:21:07:18 +0800] 0:0:0:0:0:0:0:1 "GET /dict/subpackage/fetch HTTP/1.1" 200 (15 ms)
[24/Sep/2022:21:07:44 +0800] 0:0:0:0:0:0:0:1 "GET /budget/division/tree2?ownId=0&selectId=3 HTTP/1.1" 200 (59 ms)
[24/Sep/2022:21:07:44 +0800] 0:0:0:0:0:0:0:1 "GET /budget/division/machine/tree?ownId=3&selectId=3&rootId=3 HTTP/1.1" 200 (26 ms)
[24/Sep/2022:21:07:45 +0800] 0:0:0:0:0:0:0:1 "GET /budget/division/tree2?ownId=0&selectId=2543997172191232 HTTP/1.1" 200 (30 ms)
[24/Sep/2022:21:07:45 +0800] 0:0:0:0:0:0:0:1 "GET /budget/division/machine/tree?ownId=2543997172191232&selectId=2543997172191232&rootId=2543997172191232 HTTP/1.1" 200 (20 ms)
[24/Sep/2022:21:07:53 +0800] 0:0:0:0:0:0:0:1 "GET /dict/subpackage/fetch HTTP/1.1" 200 (14 ms)
[24/Sep/2022:21:08:03 +0800] 0:0:0:0:0:0:0:1 "POST /budget/division/machine/push HTTP/1.1" 200 (7 ms)
[24/Sep/2022:21:18:35 +0800] 0:0:0:0:0:0:0:1 "GET /project/tree?rootId=0 HTTP/1.1" 200 (57 ms)
[24/Sep/2022:21:18:35 +0800] 0:0:0:0:0:0:0:1 "GET /budget/division/tree2?ownId=0&selectId=2543997172191232 HTTP/1.1" 200 (48 ms)
[24/Sep/2022:21:18:36 +0800] 0:0:0:0:0:0:0:1 "GET /budget/division/machine/tree?ownId=2543997172191232&selectId=2543997172191232&rootId=2543997172191232 HTTP/1.1" 200 (22 ms)
[24/Sep/2022:21:18:50 +0800] 0:0:0:0:0:0:0:1 "GET /dict/subpackage/fetch HTTP/1.1" 200 (11 ms)
[24/Sep/2022:21:18:54 +0800] 0:0:0:0:0:0:0:1 "POST /budget/division/machine/push HTTP/1.1" 200 (9 ms)
[24/Sep/2022:21:21:58 +0800] 0:0:0:0:0:0:0:1 "GET /project/tree?rootId=0 HTTP/1.1" 200 (44 ms)
[24/Sep/2022:21:21:58 +0800] 0:0:0:0:0:0:0:1 "GET /budget/division/tree2?ownId=0&selectId=2543997172191232 HTTP/1.1" 200 (41 ms)
[24/Sep/2022:21:21:58 +0800] 0:0:0:0:0:0:0:1 "GET /budget/division/machine/tree?ownId=2543997172191232&selectId=2543997172191232&rootId=2543997172191232 HTTP/1.1" 200 (29 ms)
[24/Sep/2022:21:22:04 +0800] 0:0:0:0:0:0:0:1 "GET /dict/subpackage/fetch HTTP/1.1" 200 (10 ms)
[24/Sep/2022:21:22:06 +0800] 0:0:0:0:0:0:0:1 "POST /budget/division/machine/push HTTP/1.1" 200 (8 ms)
[24/Sep/2022:21:23:45 +0800] 0:0:0:0:0:0:0:1 "GET /project/tree?rootId=0 HTTP/1.1" 200 (43 ms)
[24/Sep/2022:21:23:45 +0800] 0:0:0:0:0:0:0:1 "GET /budget/division/tree2?ownId=0&selectId=2543997172191232 HTTP/1.1" 200 (38 ms)
[24/Sep/2022:21:23:45 +0800] 0:0:0:0:0:0:0:1 "GET /budget/division/machine/tree?ownId=2543997172191232&selectId=2543997172191232&rootId=2543997172191232 HTTP/1.1" 200 (26 ms)
[24/Sep/2022:21:23:49 +0800] 0:0:0:0:0:0:0:1 "GET /dict/subpackage/fetch HTTP/1.1" 200 (11 ms)
[24/Sep/2022:21:30:21 +0800] 0:0:0:0:0:0:0:1 "GET /project/tree?rootId=0 HTTP/1.1" 200 (47 ms)
[24/Sep/2022:21:30:21 +0800] 0:0:0:0:0:0:0:1 "GET /budget/division/tree2?ownId=0&selectId=2543997172191232 HTTP/1.1" 200 (50 ms)
[24/Sep/2022:21:30:21 +0800] 0:0:0:0:0:0:0:1 "GET /budget/division/machine/tree?ownId=2543997172191232&selectId=2543997172191232&rootId=2543997172191232 HTTP/1.1" 200 (36 ms)
[24/Sep/2022:21:30:26 +0800] 0:0:0:0:0:0:0:1 "GET /dict/subpackage/fetch HTTP/1.1" 200 (11 ms)
[24/Sep/2022:21:31:21 +0800] 0:0:0:0:0:0:0:1 "GET /project/tree?rootId=0 HTTP/1.1" 200 (30 ms)
[24/Sep/2022:21:31:21 +0800] 0:0:0:0:0:0:0:1 "GET /budget/division/tree2?ownId=0&selectId=2543997172191232 HTTP/1.1" 200 (47 ms)
[24/Sep/2022:21:31:21 +0800] 0:0:0:0:0:0:0:1 "GET /budget/division/machine/tree?ownId=2543997172191232&selectId=2543997172191232&rootId=2543997172191232 HTTP/1.1" 200 (32 ms)
[24/Sep/2022:21:31:28 +0800] 0:0:0:0:0:0:0:1 "GET /dict/subpackage/fetch HTTP/1.1" 200 (11 ms)
[24/Sep/2022:21:31:55 +0800] 0:0:0:0:0:0:0:1 "GET /project/tree?rootId=0 HTTP/1.1" 200 (36 ms)
[24/Sep/2022:21:31:55 +0800] 0:0:0:0:0:0:0:1 "GET /budget/division/tree2?ownId=0&selectId=2543997172191232 HTTP/1.1" 200 (48 ms)
[24/Sep/2022:21:31:55 +0800] 0:0:0:0:0:0:0:1 "GET /budget/division/machine/tree?ownId=2543997172191232&selectId=2543997172191232&rootId=2543997172191232 HTTP/1.1" 200 (31 ms)
[24/Sep/2022:21:31:59 +0800] 0:0:0:0:0:0:0:1 "GET /dict/subpackage/fetch HTTP/1.1" 200 (12 ms)
[24/Sep/2022:21:32:42 +0800] 0:0:0:0:0:0:0:1 "GET /project/tree?rootId=0 HTTP/1.1" 200 (34 ms)
[24/Sep/2022:21:32:42 +0800] 0:0:0:0:0:0:0:1 "GET /budget/division/tree2?ownId=0&selectId=2543997172191232 HTTP/1.1" 200 (51 ms)
[24/Sep/2022:21:32:42 +0800] 0:0:0:0:0:0:0:1 "GET /budget/division/machine/tree?ownId=2543997172191232&selectId=2543997172191232&rootId=2543997172191232 HTTP/1.1" 200 (43 ms)
[24/Sep/2022:21:32:47 +0800] 0:0:0:0:0:0:0:1 "GET /dict/subpackage/fetch HTTP/1.1" 200 (11 ms)
[24/Sep/2022:21:33:36 +0800] 0:0:0:0:0:0:0:1 "GET /project/tree?rootId=0 HTTP/1.1" 200 (35 ms)
[24/Sep/2022:21:33:36 +0800] 0:0:0:0:0:0:0:1 "GET /budget/division/tree2?ownId=0&selectId=2543997172191232 HTTP/1.1" 200 (45 ms)
[24/Sep/2022:21:33:36 +0800] 0:0:0:0:0:0:0:1 "GET /budget/division/machine/tree?ownId=2543997172191232&selectId=2543997172191232&rootId=2543997172191232 HTTP/1.1" 200 (36 ms)
[24/Sep/2022:21:33:43 +0800] 0:0:0:0:0:0:0:1 "GET /dict/subpackage/fetch HTTP/1.1" 200 (12 ms)
[24/Sep/2022:21:36:27 +0800] 0:0:0:0:0:0:0:1 "GET /project/tree?rootId=0 HTTP/1.1" 200 (47 ms)
[24/Sep/2022:21:36:27 +0800] 0:0:0:0:0:0:0:1 "GET /budget/division/tree2?ownId=0&selectId=2543997172191232 HTTP/1.1" 200 (47 ms)
[24/Sep/2022:21:36:27 +0800] 0:0:0:0:0:0:0:1 "GET /budget/division/machine/tree?ownId=2543997172191232&selectId=2543997172191232&rootId=2543997172191232 HTTP/1.1" 200 (31 ms)
[24/Sep/2022:21:36:30 +0800] 0:0:0:0:0:0:0:1 "GET /dict/subpackage/fetch HTTP/1.1" 200 (12 ms)
[24/Sep/2022:21:36:33 +0800] 0:0:0:0:0:0:0:1 "OPTIONS /budget/division/machine/push HTTP/1.1" 200 (2 ms)
[24/Sep/2022:21:36:33 +0800] 0:0:0:0:0:0:0:1 "POST /budget/division/machine/push HTTP/1.1" 200 (7 ms)
[24/Sep/2022:21:38:04 +0800] 0:0:0:0:0:0:0:1 "GET /project/tree?rootId=0 HTTP/1.1" 200 (252 ms)
[24/Sep/2022:21:38:04 +0800] 0:0:0:0:0:0:0:1 "GET /budget/division/tree2?ownId=0&selectId=2543997172191232 HTTP/1.1" 200 (45 ms)
[24/Sep/2022:21:38:04 +0800] 0:0:0:0:0:0:0:1 "GET /budget/division/machine/tree?ownId=2543997172191232&selectId=2543997172191232&rootId=2543997172191232 HTTP/1.1" 200 (30 ms)
[24/Sep/2022:21:38:11 +0800] 0:0:0:0:0:0:0:1 "GET /dict/subpackage/fetch HTTP/1.1" 200 (12 ms)
[24/Sep/2022:21:41:05 +0800] 0:0:0:0:0:0:0:1 "GET /project/tree?rootId=0 HTTP/1.1" 200 (47 ms)
[24/Sep/2022:21:41:05 +0800] 0:0:0:0:0:0:0:1 "GET /budget/division/tree2?ownId=0&selectId=2543997172191232 HTTP/1.1" 200 (47 ms)
[24/Sep/2022:21:41:06 +0800] 0:0:0:0:0:0:0:1 "GET /budget/division/machine/tree?ownId=2543997172191232&selectId=2543997172191232&rootId=2543997172191232 HTTP/1.1" 200 (33 ms)
[24/Sep/2022:21:41:10 +0800] 0:0:0:0:0:0:0:1 "GET /dict/subpackage/fetch HTTP/1.1" 200 (12 ms)
[24/Sep/2022:21:47:09 +0800] 0:0:0:0:0:0:0:1 "GET /project/tree?rootId=0 HTTP/1.1" 200 (40 ms)
[24/Sep/2022:21:47:09 +0800] 0:0:0:0:0:0:0:1 "GET /budget/division/tree2?ownId=0&selectId=2543997172191232 HTTP/1.1" 200 (53 ms)
[24/Sep/2022:21:47:09 +0800] 0:0:0:0:0:0:0:1 "GET /budget/division/machine/tree?ownId=2543997172191232&selectId=2543997172191232&rootId=2543997172191232 HTTP/1.1" 200 (32 ms)
[24/Sep/2022:21:47:16 +0800] 0:0:0:0:0:0:0:1 "GET /dict/subpackage/fetch HTTP/1.1" 200 (14 ms)
[24/Sep/2022:21:47:18 +0800] 0:0:0:0:0:0:0:1 "POST /budget/division/machine/push HTTP/1.1" 200 (355 ms)
