[12/Sep/2022:08:58:04 +0800] 0:0:0:0:0:0:0:1 "POST /system/token HTTP/1.1" 200 (144 ms)
[12/Sep/2022:08:58:05 +0800] 0:0:0:0:0:0:0:1 "GET /system/menu HTTP/1.1" 200 (73 ms)
[12/Sep/2022:08:58:11 +0800] 0:0:0:0:0:0:0:1 "GET /project/fetch?ownId=0 HTTP/1.1" 200 (6033 ms)
[12/Sep/2022:08:58:49 +0800] 0:0:0:0:0:0:0:1 "GET /project/fetch?ownId=0 HTTP/1.1" 200 (35 ms)
[12/Sep/2022:08:59:00 +0800] 0:0:0:0:0:0:0:1 "GET /project/fetch?ownId=0 HTTP/1.1" 200 (32 ms)
[12/Sep/2022:08:59:00 +0800] 0:0:0:0:0:0:0:1 "GET /project/tree?ownId=3&rootId=3 HTTP/1.1" 200 (36 ms)
[12/Sep/2022:08:59:05 +0800] 0:0:0:0:0:0:0:1 "GET /project/tree?rootId=0 HTTP/1.1" 200 (26 ms)
[12/Sep/2022:08:59:05 +0800] 0:0:0:0:0:0:0:1 "GET /budget/division/tree?rootId=&projectId=3 HTTP/1.1" 200 (36 ms)
[12/Sep/2022:08:59:09 +0800] 0:0:0:0:0:0:0:1 "GET /budget/division/tree?rootId=&projectId=3 HTTP/1.1" 200 (17 ms)
[12/Sep/2022:08:59:10 +0800] 0:0:0:0:0:0:0:1 "GET /budget/division/tree?rootId=&projectId=3 HTTP/1.1" 200 (19 ms)
[12/Sep/2022:08:59:16 +0800] 0:0:0:0:0:0:0:1 "OPTIONS /budget/import/ HTTP/1.1" 200 (8 ms)
[12/Sep/2022:08:59:17 +0800] 0:0:0:0:0:0:0:1 "POST /budget/import/ HTTP/1.1" 200 (1148 ms)
[12/Sep/2022:08:59:19 +0800] 0:0:0:0:0:0:0:1 "GET /budget/division/tree?rootId=&projectId=4 HTTP/1.1" 200 (15 ms)
[12/Sep/2022:08:59:20 +0800] 0:0:0:0:0:0:0:1 "GET /budget/division/tree?rootId=&projectId=3 HTTP/1.1" 500 (49 ms)
[12/Sep/2022:08:59:23 +0800] 0:0:0:0:0:0:0:1 "GET /budget/division/tree?rootId=&projectId=4 HTTP/1.1" 200 (15 ms)
[12/Sep/2022:08:59:24 +0800] 0:0:0:0:0:0:0:1 "GET /budget/division/tree?rootId=&projectId=3 HTTP/1.1" 500 (35 ms)
[12/Sep/2022:09:04:06 +0800] 0:0:0:0:0:0:0:1 "GET /project/tree?rootId=0 HTTP/1.1" 200 (52 ms)
[12/Sep/2022:09:04:17 +0800] 0:0:0:0:0:0:0:1 "GET /project/tree?rootId=0 HTTP/1.1" 200 (30 ms)
[12/Sep/2022:09:04:25 +0800] 0:0:0:0:0:0:0:1 "GET /project/tree?rootId=0 HTTP/1.1" 200 (37 ms)
[12/Sep/2022:09:04:25 +0800] 0:0:0:0:0:0:0:1 "GET /budget/division/fetch?rootId=&projectId=3 HTTP/1.1" 200 (41 ms)
[12/Sep/2022:09:04:52 +0800] 0:0:0:0:0:0:0:1 "GET /project/fetch?ownId=0 HTTP/1.1" 200 (25 ms)
[12/Sep/2022:09:04:56 +0800] 0:0:0:0:0:0:0:1 "GET /project/fetch?ownId=0 HTTP/1.1" 200 (30 ms)
[12/Sep/2022:09:04:56 +0800] 0:0:0:0:0:0:0:1 "GET /project/tree?ownId=3&rootId=3 HTTP/1.1" 200 (30 ms)
[12/Sep/2022:09:05:14 +0800] 0:0:0:0:0:0:0:1 "GET /project/tree?rootId=0 HTTP/1.1" 200 (21 ms)
[12/Sep/2022:09:05:14 +0800] 0:0:0:0:0:0:0:1 "GET /budget/division/fetch?rootId=&projectId=3 HTTP/1.1" 200 (25 ms)
[12/Sep/2022:09:05:38 +0800] 0:0:0:0:0:0:0:1 "GET /budget/division/fetch?rootId=&projectId=4 HTTP/1.1" 200 (16 ms)
[12/Sep/2022:09:05:39 +0800] 0:0:0:0:0:0:0:1 "GET /budget/division/fetch?rootId=&projectId=3 HTTP/1.1" 200 (18 ms)
[12/Sep/2022:09:08:55 +0800] 0:0:0:0:0:0:0:1 "GET /project/tree?rootId=0 HTTP/1.1" 200 (43 ms)
[12/Sep/2022:09:08:55 +0800] 0:0:0:0:0:0:0:1 "GET /budget/division/fetch?rootId=&projectId=3 HTTP/1.1" 200 (28 ms)
[12/Sep/2022:09:09:06 +0800] 0:0:0:0:0:0:0:1 "GET /budget/division/fetch?rootId=&projectId=3 HTTP/1.1" 200 (24 ms)
[12/Sep/2022:09:09:06 +0800] 0:0:0:0:0:0:0:1 "GET /favicon.ico HTTP/1.1" 404 (24 ms)
[12/Sep/2022:10:02:51 +0800] 0:0:0:0:0:0:0:1 "OPTIONS /budget/import/ HTTP/1.1" 200 (76 ms)
[12/Sep/2022:10:02:53 +0800] 0:0:0:0:0:0:0:1 "POST /budget/import/ HTTP/1.1" 200 (1509 ms)
[12/Sep/2022:10:09:04 +0800] 0:0:0:0:0:0:0:1 "GET /project/tree?rootId=0 HTTP/1.1" 200 (1300 ms)
[12/Sep/2022:10:09:04 +0800] 0:0:0:0:0:0:0:1 "GET /budget/division/fetch?rootId=&projectId=3 HTTP/1.1" 200 (40 ms)
[12/Sep/2022:10:09:08 +0800] 0:0:0:0:0:0:0:1 "POST /budget/import/ HTTP/1.1" 200 (948 ms)
[12/Sep/2022:10:26:31 +0800] 0:0:0:0:0:0:0:1 "POST /budget/import/ HTTP/1.1" 200 (1857 ms)
[12/Sep/2022:10:26:34 +0800] 0:0:0:0:0:0:0:1 "GET /budget/division/fetch?rootId=&projectId=4 HTTP/1.1" 200 (106 ms)
[12/Sep/2022:10:26:35 +0800] 0:0:0:0:0:0:0:1 "GET /budget/division/fetch?rootId=&projectId=3 HTTP/1.1" 200 (47 ms)
[12/Sep/2022:10:28:55 +0800] 0:0:0:0:0:0:0:1 "GET /budget/division/fetch?rootId=&projectId=13 HTTP/1.1" 200 (27 ms)
[12/Sep/2022:10:28:56 +0800] 0:0:0:0:0:0:0:1 "GET /budget/division/fetch?rootId=&projectId=4 HTTP/1.1" 200 (17 ms)
[12/Sep/2022:10:28:57 +0800] 0:0:0:0:0:0:0:1 "GET /budget/division/fetch?rootId=&projectId=5 HTTP/1.1" 200 (17 ms)
[12/Sep/2022:10:31:28 +0800] 0:0:0:0:0:0:0:1 "GET /project/tree?rootId=0 HTTP/1.1" 200 (70 ms)
[12/Sep/2022:10:31:28 +0800] 0:0:0:0:0:0:0:1 "GET /budget/division/fetch?rootId=&projectId=3 HTTP/1.1" 200 (44 ms)
[12/Sep/2022:10:31:28 +0800] 0:0:0:0:0:0:0:1 "GET /project/tree?rootId=0 HTTP/1.1" 200 (49 ms)
[12/Sep/2022:10:31:28 +0800] 0:0:0:0:0:0:0:1 "GET /budget/division/fetch?rootId=&projectId=3 HTTP/1.1" 200 (36 ms)
[12/Sep/2022:10:31:45 +0800] 0:0:0:0:0:0:0:1 "GET /project/tree?rootId=0 HTTP/1.1" 200 (32 ms)
[12/Sep/2022:10:31:45 +0800] 0:0:0:0:0:0:0:1 "GET /project/tree?rootId=0 HTTP/1.1" 200 (24 ms)
[12/Sep/2022:10:31:45 +0800] 0:0:0:0:0:0:0:1 "GET /budget/division/fetch?rootId=&projectId=3 HTTP/1.1" 200 (29 ms)
[12/Sep/2022:10:31:45 +0800] 0:0:0:0:0:0:0:1 "GET /budget/division/fetch?rootId=&projectId=3 HTTP/1.1" 200 (23 ms)
[12/Sep/2022:10:33:22 +0800] 0:0:0:0:0:0:0:1 "GET /project/tree?rootId=0 HTTP/1.1" 200 (30 ms)
[12/Sep/2022:10:33:22 +0800] 0:0:0:0:0:0:0:1 "GET /budget/division/fetch?rootId=&projectId=3 HTTP/1.1" 200 (35 ms)
[12/Sep/2022:10:38:23 +0800] 0:0:0:0:0:0:0:1 "GET /project/tree?rootId=0 HTTP/1.1" 200 (39 ms)
[12/Sep/2022:10:38:23 +0800] 0:0:0:0:0:0:0:1 "GET /budget/division/fetch?rootId=&projectId=3 HTTP/1.1" 200 (28 ms)
[12/Sep/2022:17:11:43 +0800] 0:0:0:0:0:0:0:1 "POST /system/token HTTP/1.1" 200 (149 ms)
[12/Sep/2022:17:11:43 +0800] 0:0:0:0:0:0:0:1 "GET /system/menu HTTP/1.1" 200 (76 ms)
[12/Sep/2022:17:11:44 +0800] 0:0:0:0:0:0:0:1 "GET /project/fetch?ownId=0 HTTP/1.1" 200 (1541 ms)
[12/Sep/2022:17:12:03 +0800] 0:0:0:0:0:0:0:1 "GET /project/tree?rootId=0 HTTP/1.1" 200 (34 ms)
[12/Sep/2022:17:12:03 +0800] 0:0:0:0:0:0:0:1 "GET /budget/division/fetch?rootId=&projectId=3 HTTP/1.1" 200 (39 ms)
[12/Sep/2022:17:12:47 +0800] 0:0:0:0:0:0:0:1 "GET /project/tree?rootId=0 HTTP/1.1" 200 (43 ms)
[12/Sep/2022:17:12:47 +0800] 0:0:0:0:0:0:0:1 "GET /budget/division/fetch?rootId=&projectId=3 HTTP/1.1" 200 (35 ms)
[12/Sep/2022:17:12:50 +0800] 0:0:0:0:0:0:0:1 "GET /budget/division/fetch?rootId=&projectId=3 HTTP/1.1" 200 (21 ms)
[12/Sep/2022:17:12:56 +0800] 0:0:0:0:0:0:0:1 "GET /project/tree?rootId=0 HTTP/1.1" 200 (32 ms)
[12/Sep/2022:17:12:56 +0800] 0:0:0:0:0:0:0:1 "GET /budget/division/fetch?rootId=&projectId=3 HTTP/1.1" 200 (47 ms)
[12/Sep/2022:17:41:26 +0800] 0:0:0:0:0:0:0:1 "GET /project/tree?rootId=0 HTTP/1.1" 200 (31 ms)
[12/Sep/2022:17:41:26 +0800] 0:0:0:0:0:0:0:1 "GET /budget/division/fetch?rootId=&projectId=3 HTTP/1.1" 200 (18 ms)
[12/Sep/2022:17:41:40 +0800] 0:0:0:0:0:0:0:1 "GET /project/tree?rootId=0 HTTP/1.1" 200 (36 ms)
[12/Sep/2022:17:41:40 +0800] 0:0:0:0:0:0:0:1 "GET /budget/division/fetch?rootId=&projectId=3 HTTP/1.1" 200 (52 ms)
[12/Sep/2022:17:42:53 +0800] 0:0:0:0:0:0:0:1 "OPTIONS /budget/division/push HTTP/1.1" 200 (6 ms)
[12/Sep/2022:17:42:53 +0800] 0:0:0:0:0:0:0:1 "POST /budget/division/push HTTP/1.1" 200 (68 ms)
[12/Sep/2022:17:42:53 +0800] 0:0:0:0:0:0:0:1 "GET /budget/division/fetch?rootId=&projectId=3 HTTP/1.1" 200 (21 ms)
[12/Sep/2022:17:44:29 +0800] 0:0:0:0:0:0:0:1 "GET /project/tree?rootId=0 HTTP/1.1" 200 (28 ms)
[12/Sep/2022:17:44:29 +0800] 0:0:0:0:0:0:0:1 "GET /budget/division/fetch?rootId=&projectId=3 HTTP/1.1" 200 (26 ms)
[12/Sep/2022:17:44:39 +0800] 0:0:0:0:0:0:0:1 "GET /project/tree?rootId=0 HTTP/1.1" 200 (43 ms)
[12/Sep/2022:17:44:39 +0800] 0:0:0:0:0:0:0:1 "GET /budget/division/fetch?rootId=&projectId=3 HTTP/1.1" 200 (28 ms)
[12/Sep/2022:17:45:15 +0800] 0:0:0:0:0:0:0:1 "GET /project/tree?rootId=0 HTTP/1.1" 200 (29 ms)
[12/Sep/2022:18:14:16 +0800] 0:0:0:0:0:0:0:1 "GET /project/tree?rootId=0 HTTP/1.1" 200 (44 ms)
[12/Sep/2022:18:14:16 +0800] 0:0:0:0:0:0:0:1 "GET /budget/division/fetch?rootId=&projectId=3 HTTP/1.1" 200 (30 ms)
[12/Sep/2022:18:14:48 +0800] 0:0:0:0:0:0:0:1 "GET /project/tree?rootId=0 HTTP/1.1" 200 (30 ms)
[12/Sep/2022:18:14:48 +0800] 0:0:0:0:0:0:0:1 "GET /budget/division/fetch?rootId=&projectId=3 HTTP/1.1" 200 (20 ms)
[12/Sep/2022:18:14:57 +0800] 0:0:0:0:0:0:0:1 "GET /project/tree?rootId=0 HTTP/1.1" 200 (33 ms)
[12/Sep/2022:18:14:57 +0800] 0:0:0:0:0:0:0:1 "GET /budget/division/fetch?rootId=&projectId=3 HTTP/1.1" 200 (34 ms)
[12/Sep/2022:18:15:46 +0800] 0:0:0:0:0:0:0:1 "GET /project/tree?rootId=0 HTTP/1.1" 200 (33 ms)
[12/Sep/2022:18:15:46 +0800] 0:0:0:0:0:0:0:1 "GET /budget/division/fetch?rootId=&projectId=3 HTTP/1.1" 200 (25 ms)
[12/Sep/2022:18:15:50 +0800] 0:0:0:0:0:0:0:1 "GET /project/tree?rootId=0 HTTP/1.1" 200 (34 ms)
[12/Sep/2022:18:15:51 +0800] 0:0:0:0:0:0:0:1 "GET /budget/division/fetch?rootId=&projectId=3 HTTP/1.1" 200 (40 ms)
[12/Sep/2022:18:16:23 +0800] 0:0:0:0:0:0:0:1 "GET /project/tree?rootId=0 HTTP/1.1" 200 (39 ms)
[12/Sep/2022:18:16:24 +0800] 0:0:0:0:0:0:0:1 "GET /budget/division/fetch?rootId=&projectId=3 HTTP/1.1" 200 (40 ms)
[12/Sep/2022:18:17:57 +0800] 0:0:0:0:0:0:0:1 "GET /project/tree?rootId=0 HTTP/1.1" 200 (38 ms)
[12/Sep/2022:18:17:57 +0800] 0:0:0:0:0:0:0:1 "GET /budget/division/fetch?rootId=&projectId=3 HTTP/1.1" 200 (20 ms)
[12/Sep/2022:18:19:05 +0800] 0:0:0:0:0:0:0:1 "GET /project/tree?rootId=0 HTTP/1.1" 200 (32 ms)
[12/Sep/2022:18:19:05 +0800] 0:0:0:0:0:0:0:1 "GET /budget/division/fetch?rootId=&projectId=3 HTTP/1.1" 200 (18 ms)
[12/Sep/2022:18:21:45 +0800] 0:0:0:0:0:0:0:1 "GET /project/tree?rootId=0 HTTP/1.1" 200 (60 ms)
[12/Sep/2022:18:21:45 +0800] 0:0:0:0:0:0:0:1 "GET /budget/division/fetch?rootId=&projectId=3 HTTP/1.1" 200 (38 ms)
[12/Sep/2022:18:21:50 +0800] 0:0:0:0:0:0:0:1 "GET /project/tree?rootId=0 HTTP/1.1" 200 (25 ms)
[12/Sep/2022:18:21:50 +0800] 0:0:0:0:0:0:0:1 "GET /budget/division/fetch?rootId=&projectId=3 HTTP/1.1" 200 (20 ms)
[12/Sep/2022:18:22:37 +0800] 0:0:0:0:0:0:0:1 "GET /project/tree?rootId=0 HTTP/1.1" 200 (20 ms)
[12/Sep/2022:18:22:37 +0800] 0:0:0:0:0:0:0:1 "GET /budget/division/fetch?rootId=&projectId=3 HTTP/1.1" 200 (18 ms)
[12/Sep/2022:18:22:51 +0800] 0:0:0:0:0:0:0:1 "GET /project/tree?rootId=0 HTTP/1.1" 200 (22 ms)
[12/Sep/2022:18:22:51 +0800] 0:0:0:0:0:0:0:1 "GET /budget/division/fetch?rootId=&projectId=3 HTTP/1.1" 200 (18 ms)
[12/Sep/2022:18:23:27 +0800] 0:0:0:0:0:0:0:1 "GET /project/tree?rootId=0 HTTP/1.1" 200 (24 ms)
[12/Sep/2022:18:23:27 +0800] 0:0:0:0:0:0:0:1 "GET /budget/division/fetch?rootId=&projectId=3 HTTP/1.1" 200 (18 ms)
[12/Sep/2022:18:24:45 +0800] 0:0:0:0:0:0:0:1 "GET /project/tree?rootId=0 HTTP/1.1" 200 (25 ms)
[12/Sep/2022:18:24:45 +0800] 0:0:0:0:0:0:0:1 "GET /budget/division/fetch?rootId=&projectId=3 HTTP/1.1" 200 (18 ms)
[12/Sep/2022:18:24:57 +0800] 0:0:0:0:0:0:0:1 "GET /project/tree?rootId=0 HTTP/1.1" 200 (30 ms)
[12/Sep/2022:18:24:57 +0800] 0:0:0:0:0:0:0:1 "GET /budget/division/fetch?rootId=&projectId=3 HTTP/1.1" 200 (28 ms)
[12/Sep/2022:18:25:13 +0800] 0:0:0:0:0:0:0:1 "GET /project/tree?rootId=0 HTTP/1.1" 200 (34 ms)
[12/Sep/2022:18:25:13 +0800] 0:0:0:0:0:0:0:1 "GET /budget/division/fetch?rootId=&projectId=3 HTTP/1.1" 200 (27 ms)
[12/Sep/2022:18:25:51 +0800] 0:0:0:0:0:0:0:1 "GET /project/tree?rootId=0 HTTP/1.1" 200 (29 ms)
[12/Sep/2022:18:25:51 +0800] 0:0:0:0:0:0:0:1 "GET /budget/division/fetch?rootId=&projectId=3 HTTP/1.1" 200 (22 ms)
[12/Sep/2022:18:26:29 +0800] 0:0:0:0:0:0:0:1 "GET /project/tree?rootId=0 HTTP/1.1" 200 (33 ms)
[12/Sep/2022:18:26:29 +0800] 0:0:0:0:0:0:0:1 "GET /budget/division/fetch?rootId=&projectId=3 HTTP/1.1" 200 (39 ms)
[12/Sep/2022:18:26:46 +0800] 0:0:0:0:0:0:0:1 "GET /project/tree?rootId=0 HTTP/1.1" 200 (30 ms)
[12/Sep/2022:18:26:46 +0800] 0:0:0:0:0:0:0:1 "GET /budget/division/fetch?rootId=&projectId=3 HTTP/1.1" 200 (18 ms)
[12/Sep/2022:18:26:54 +0800] 0:0:0:0:0:0:0:1 "GET /project/tree?rootId=0 HTTP/1.1" 200 (29 ms)
[12/Sep/2022:18:26:54 +0800] 0:0:0:0:0:0:0:1 "GET /budget/division/fetch?rootId=&projectId=3 HTTP/1.1" 200 (23 ms)
[12/Sep/2022:18:27:27 +0800] 0:0:0:0:0:0:0:1 "GET /project/tree?rootId=0 HTTP/1.1" 200 (28 ms)
[12/Sep/2022:18:27:27 +0800] 0:0:0:0:0:0:0:1 "GET /budget/division/fetch?rootId=&projectId=3 HTTP/1.1" 200 (29 ms)
[12/Sep/2022:18:27:48 +0800] 0:0:0:0:0:0:0:1 "GET /project/tree?rootId=0 HTTP/1.1" 200 (20 ms)
[12/Sep/2022:18:27:49 +0800] 0:0:0:0:0:0:0:1 "GET /budget/division/fetch?rootId=&projectId=3 HTTP/1.1" 200 (19 ms)
[12/Sep/2022:18:30:06 +0800] 0:0:0:0:0:0:0:1 "GET /project/tree?rootId=0 HTTP/1.1" 200 (33 ms)
[12/Sep/2022:18:30:06 +0800] 0:0:0:0:0:0:0:1 "GET /budget/division/fetch?rootId=&projectId=3 HTTP/1.1" 200 (18 ms)
[12/Sep/2022:18:40:44 +0800] 0:0:0:0:0:0:0:1 "GET /project/tree?rootId=0 HTTP/1.1" 200 (47 ms)
[12/Sep/2022:18:40:44 +0800] 0:0:0:0:0:0:0:1 "GET /budget/division/fetch?rootId=&projectId=3 HTTP/1.1" 200 (30 ms)
[12/Sep/2022:18:41:06 +0800] 0:0:0:0:0:0:0:1 "GET /project/tree?rootId=0 HTTP/1.1" 200 (22 ms)
[12/Sep/2022:18:41:06 +0800] 0:0:0:0:0:0:0:1 "GET /budget/division/fetch?rootId=&projectId=3 HTTP/1.1" 200 (17 ms)
[12/Sep/2022:18:41:46 +0800] 0:0:0:0:0:0:0:1 "GET /project/fetch?ownId=0 HTTP/1.1" 200 (19 ms)
[12/Sep/2022:18:41:54 +0800] 0:0:0:0:0:0:0:1 "GET /project/tree?rootId=0 HTTP/1.1" 200 (29 ms)
[12/Sep/2022:18:41:54 +0800] 0:0:0:0:0:0:0:1 "GET /budget/division/fetch?rootId=&projectId=3 HTTP/1.1" 200 (34 ms)
[12/Sep/2022:18:42:00 +0800] 0:0:0:0:0:0:0:1 "GET /project/tree?rootId=0 HTTP/1.1" 200 (96 ms)
[12/Sep/2022:18:42:00 +0800] 0:0:0:0:0:0:0:1 "GET /budget/division/fetch?rootId=&projectId=3 HTTP/1.1" 200 (28 ms)
[12/Sep/2022:18:42:07 +0800] 0:0:0:0:0:0:0:1 "OPTIONS /budget/division/push HTTP/1.1" 200 (2 ms)
[12/Sep/2022:18:42:07 +0800] 0:0:0:0:0:0:0:1 "POST /budget/division/push HTTP/1.1" 200 (26 ms)
[12/Sep/2022:18:42:13 +0800] 0:0:0:0:0:0:0:1 "GET /project/tree?rootId=0 HTTP/1.1" 200 (26 ms)
[12/Sep/2022:18:42:13 +0800] 0:0:0:0:0:0:0:1 "GET /budget/division/fetch?rootId=&projectId=3 HTTP/1.1" 200 (23 ms)
[12/Sep/2022:18:44:46 +0800] 0:0:0:0:0:0:0:1 "GET /project/tree?rootId=0 HTTP/1.1" 200 (34 ms)
[12/Sep/2022:18:44:46 +0800] 0:0:0:0:0:0:0:1 "GET /budget/division/fetch?rootId=&projectId=3 HTTP/1.1" 200 (21 ms)
[12/Sep/2022:18:44:53 +0800] 0:0:0:0:0:0:0:1 "POST /budget/division/push HTTP/1.1" 200 (9 ms)
[12/Sep/2022:18:45:02 +0800] 0:0:0:0:0:0:0:1 "GET /project/tree?rootId=0 HTTP/1.1" 200 (22 ms)
[12/Sep/2022:18:45:02 +0800] 0:0:0:0:0:0:0:1 "GET /budget/division/fetch?rootId=&projectId=3 HTTP/1.1" 200 (25 ms)
[12/Sep/2022:18:45:14 +0800] 0:0:0:0:0:0:0:1 "POST /budget/division/push HTTP/1.1" 200 (8 ms)
[12/Sep/2022:18:50:05 +0800] 0:0:0:0:0:0:0:1 "GET /project/tree?rootId=0 HTTP/1.1" 200 (33 ms)
[12/Sep/2022:18:50:05 +0800] 0:0:0:0:0:0:0:1 "GET /budget/division/fetch?rootId=&projectId=3 HTTP/1.1" 200 (15 ms)
[12/Sep/2022:18:50:08 +0800] 0:0:0:0:0:0:0:1 "GET /project/tree?rootId=0 HTTP/1.1" 200 (19 ms)
[12/Sep/2022:18:50:08 +0800] 0:0:0:0:0:0:0:1 "GET /budget/division/fetch?rootId=&projectId=3 HTTP/1.1" 200 (18 ms)
[12/Sep/2022:18:50:19 +0800] 0:0:0:0:0:0:0:1 "GET /project/tree?rootId=0 HTTP/1.1" 200 (21 ms)
[12/Sep/2022:18:50:19 +0800] 0:0:0:0:0:0:0:1 "GET /budget/division/fetch?rootId=&projectId=3 HTTP/1.1" 200 (20 ms)
[12/Sep/2022:18:50:22 +0800] 0:0:0:0:0:0:0:1 "POST /budget/division/push HTTP/1.1" 200 (8 ms)
[12/Sep/2022:18:50:50 +0800] 0:0:0:0:0:0:0:1 "GET /project/tree?rootId=0 HTTP/1.1" 200 (22 ms)
[12/Sep/2022:18:50:51 +0800] 0:0:0:0:0:0:0:1 "GET /budget/division/fetch?rootId=&projectId=3 HTTP/1.1" 200 (31 ms)
[12/Sep/2022:18:50:55 +0800] 0:0:0:0:0:0:0:1 "POST /budget/division/push HTTP/1.1" 200 (7 ms)
[12/Sep/2022:18:51:07 +0800] 0:0:0:0:0:0:0:1 "GET /project/tree?rootId=0 HTTP/1.1" 200 (21 ms)
[12/Sep/2022:18:51:07 +0800] 0:0:0:0:0:0:0:1 "GET /budget/division/fetch?rootId=&projectId=3 HTTP/1.1" 200 (25 ms)
[12/Sep/2022:18:51:22 +0800] 0:0:0:0:0:0:0:1 "POST /budget/division/push HTTP/1.1" 200 (9 ms)
[12/Sep/2022:18:55:36 +0800] 0:0:0:0:0:0:0:1 "GET /project/tree?rootId=0 HTTP/1.1" 200 (1714 ms)
[12/Sep/2022:18:55:36 +0800] 0:0:0:0:0:0:0:1 "GET /budget/division/fetch?rootId=&projectId=3 HTTP/1.1" 200 (30 ms)
[12/Sep/2022:18:55:42 +0800] 0:0:0:0:0:0:0:1 "OPTIONS /budget/import/ HTTP/1.1" 200 (5 ms)
[12/Sep/2022:18:55:43 +0800] 0:0:0:0:0:0:0:1 "POST /budget/import/ HTTP/1.1" 200 (759 ms)
[12/Sep/2022:18:55:44 +0800] 0:0:0:0:0:0:0:1 "GET /budget/division/fetch?rootId=&projectId=4 HTTP/1.1" 200 (20 ms)
[12/Sep/2022:18:55:46 +0800] 0:0:0:0:0:0:0:1 "GET /budget/division/fetch?rootId=&projectId=3 HTTP/1.1" 200 (26 ms)
[12/Sep/2022:18:56:10 +0800] 0:0:0:0:0:0:0:1 "POST /budget/division/push HTTP/1.1" 200 (525 ms)
[12/Sep/2022:18:59:15 +0800] 0:0:0:0:0:0:0:1 "GET /project/tree?rootId=0 HTTP/1.1" 200 (41 ms)
[12/Sep/2022:18:59:15 +0800] 0:0:0:0:0:0:0:1 "GET /budget/division/fetch?rootId=&projectId=3 HTTP/1.1" 200 (21 ms)
[12/Sep/2022:19:02:29 +0800] 0:0:0:0:0:0:0:1 "GET /project/tree?rootId=0 HTTP/1.1" 200 (31 ms)
[12/Sep/2022:19:02:29 +0800] 0:0:0:0:0:0:0:1 "GET /budget/division/fetch?rootId=&projectId=3 HTTP/1.1" 200 (20 ms)
[12/Sep/2022:19:07:30 +0800] 0:0:0:0:0:0:0:1 "GET /project/tree?rootId=0 HTTP/1.1" 200 (29 ms)
[12/Sep/2022:19:07:30 +0800] 0:0:0:0:0:0:0:1 "GET /budget/division/fetch?rootId=&projectId=3 HTTP/1.1" 200 (18 ms)
[12/Sep/2022:19:08:28 +0800] 0:0:0:0:0:0:0:1 "GET /project/tree?rootId=0 HTTP/1.1" 200 (28 ms)
[12/Sep/2022:19:08:28 +0800] 0:0:0:0:0:0:0:1 "GET /budget/division/fetch?rootId=&projectId=3 HTTP/1.1" 200 (25 ms)
[12/Sep/2022:19:09:11 +0800] 0:0:0:0:0:0:0:1 "GET /project/tree?rootId=0 HTTP/1.1" 200 (21 ms)
[12/Sep/2022:19:09:11 +0800] 0:0:0:0:0:0:0:1 "GET /budget/division/fetch?rootId=&projectId=3 HTTP/1.1" 200 (18 ms)
[12/Sep/2022:19:09:20 +0800] 0:0:0:0:0:0:0:1 "GET /project/tree?rootId=0 HTTP/1.1" 200 (31 ms)
[12/Sep/2022:19:09:20 +0800] 0:0:0:0:0:0:0:1 "GET /budget/division/fetch?rootId=&projectId=3 HTTP/1.1" 200 (29 ms)
[12/Sep/2022:19:12:12 +0800] 0:0:0:0:0:0:0:1 "GET /project/tree?rootId=0 HTTP/1.1" 200 (25 ms)
[12/Sep/2022:19:12:12 +0800] 0:0:0:0:0:0:0:1 "GET /budget/division/fetch?rootId=&projectId=3 HTTP/1.1" 200 (20 ms)
[12/Sep/2022:19:13:40 +0800] 0:0:0:0:0:0:0:1 "GET /project/tree?rootId=0 HTTP/1.1" 200 (37 ms)
[12/Sep/2022:19:13:40 +0800] 0:0:0:0:0:0:0:1 "GET /budget/division/fetch?rootId=&projectId=3 HTTP/1.1" 200 (17 ms)
[12/Sep/2022:19:14:28 +0800] 0:0:0:0:0:0:0:1 "GET /project/tree?rootId=0 HTTP/1.1" 200 (19 ms)
[12/Sep/2022:19:14:28 +0800] 0:0:0:0:0:0:0:1 "GET /budget/division/fetch?rootId=&projectId=3 HTTP/1.1" 200 (17 ms)
[12/Sep/2022:19:15:05 +0800] 0:0:0:0:0:0:0:1 "GET /project/tree?rootId=0 HTTP/1.1" 200 (22 ms)
[12/Sep/2022:19:15:05 +0800] 0:0:0:0:0:0:0:1 "GET /budget/division/fetch?rootId=&projectId=3 HTTP/1.1" 200 (18 ms)
[12/Sep/2022:19:15:18 +0800] 0:0:0:0:0:0:0:1 "GET /project/tree?rootId=0 HTTP/1.1" 200 (24 ms)
[12/Sep/2022:19:15:18 +0800] 0:0:0:0:0:0:0:1 "GET /budget/division/fetch?rootId=&projectId=3 HTTP/1.1" 200 (30 ms)
[12/Sep/2022:19:15:24 +0800] 0:0:0:0:0:0:0:1 "OPTIONS /budget/division/push HTTP/1.1" 200 (1 ms)
[12/Sep/2022:19:15:25 +0800] 0:0:0:0:0:0:0:1 "POST /budget/division/push HTTP/1.1" 200 (306 ms)
[12/Sep/2022:19:15:31 +0800] 0:0:0:0:0:0:0:1 "GET /project/tree?rootId=0 HTTP/1.1" 200 (24 ms)
[12/Sep/2022:19:15:31 +0800] 0:0:0:0:0:0:0:1 "GET /budget/division/fetch?rootId=&projectId=3 HTTP/1.1" 200 (25 ms)
[12/Sep/2022:19:16:35 +0800] 0:0:0:0:0:0:0:1 "GET /project/tree?rootId=0 HTTP/1.1" 200 (1149 ms)
[12/Sep/2022:19:16:35 +0800] 0:0:0:0:0:0:0:1 "GET /budget/division/fetch?rootId=&projectId=3 HTTP/1.1" 200 (76 ms)
[12/Sep/2022:19:21:30 +0800] 0:0:0:0:0:0:0:1 "GET /project/tree?rootId=0 HTTP/1.1" 200 (42 ms)
[12/Sep/2022:19:21:30 +0800] 0:0:0:0:0:0:0:1 "GET /budget/division/fetch?rootId=&projectId=3 HTTP/1.1" 200 (26 ms)
[12/Sep/2022:19:21:35 +0800] 0:0:0:0:0:0:0:1 "GET /project/tree?rootId=0 HTTP/1.1" 200 (26 ms)
[12/Sep/2022:19:21:35 +0800] 0:0:0:0:0:0:0:1 "GET /budget/division/fetch?rootId=&projectId=3 HTTP/1.1" 200 (34 ms)
[12/Sep/2022:19:29:24 +0800] 0:0:0:0:0:0:0:1 "GET /project/tree?rootId=0 HTTP/1.1" 200 (1400 ms)
[12/Sep/2022:19:29:24 +0800] 0:0:0:0:0:0:0:1 "GET /budget/division/fetch?rootId=&projectId=3 HTTP/1.1" 200 (74 ms)
[12/Sep/2022:19:29:27 +0800] 0:0:0:0:0:0:0:1 "GET /project/tree?rootId=0 HTTP/1.1" 200 (36 ms)
[12/Sep/2022:19:29:27 +0800] 0:0:0:0:0:0:0:1 "GET /budget/division/fetch?rootId=&projectId=3 HTTP/1.1" 200 (48 ms)
[12/Sep/2022:19:30:14 +0800] 0:0:0:0:0:0:0:1 "GET /project/tree?rootId=0 HTTP/1.1" 200 (1272 ms)
[12/Sep/2022:19:30:14 +0800] 0:0:0:0:0:0:0:1 "GET /budget/division/fetch?rootId=&projectId=3 HTTP/1.1" 200 (44 ms)
[12/Sep/2022:19:32:02 +0800] 0:0:0:0:0:0:0:1 "GET /project/tree?rootId=0 HTTP/1.1" 200 (1037 ms)
[12/Sep/2022:19:32:02 +0800] 0:0:0:0:0:0:0:1 "GET /budget/division/fetch?rootId=&projectId=3 HTTP/1.1" 200 (43 ms)
[12/Sep/2022:19:33:29 +0800] 0:0:0:0:0:0:0:1 "GET /project/tree?rootId=0 HTTP/1.1" 200 (1087 ms)
[12/Sep/2022:19:33:29 +0800] 0:0:0:0:0:0:0:1 "GET /budget/division/fetch?rootId=&projectId=3 HTTP/1.1" 200 (53 ms)
[12/Sep/2022:19:33:32 +0800] 0:0:0:0:0:0:0:1 "POST /budget/division/push HTTP/1.1" 200 (596 ms)
[12/Sep/2022:19:33:35 +0800] 0:0:0:0:0:0:0:1 "POST /budget/division/push HTTP/1.1" 200 (25 ms)
[12/Sep/2022:19:50:19 +0800] 0:0:0:0:0:0:0:1 "GET /project/tree?rootId=0 HTTP/1.1" 200 (1234 ms)
[12/Sep/2022:19:50:19 +0800] 0:0:0:0:0:0:0:1 "GET /budget/division/fetch?rootId=&projectId=3 HTTP/1.1" 200 (45 ms)
[12/Sep/2022:19:55:34 +0800] 0:0:0:0:0:0:0:1 "GET /project/tree?rootId=0 HTTP/1.1" 200 (1039 ms)
[12/Sep/2022:19:55:34 +0800] 0:0:0:0:0:0:0:1 "GET /budget/division/fetch?rootId=&projectId=3 HTTP/1.1" 200 (45 ms)
[12/Sep/2022:19:57:26 +0800] 0:0:0:0:0:0:0:1 "GET /project/tree?rootId=0 HTTP/1.1" 200 (1441 ms)
[12/Sep/2022:19:57:26 +0800] 0:0:0:0:0:0:0:1 "GET /budget/division/fetch?rootId=&projectId=3 HTTP/1.1" 200 (82 ms)
[12/Sep/2022:19:57:57 +0800] 0:0:0:0:0:0:0:1 "GET /project/tree?rootId=0 HTTP/1.1" 200 (1321 ms)
[12/Sep/2022:19:57:57 +0800] 0:0:0:0:0:0:0:1 "GET /budget/division/fetch?rootId=&projectId=3 HTTP/1.1" 200 (62 ms)
[12/Sep/2022:19:58:08 +0800] 0:0:0:0:0:0:0:1 "GET /project/tree?rootId=0 HTTP/1.1" 200 (49 ms)
[12/Sep/2022:19:58:08 +0800] 0:0:0:0:0:0:0:1 "GET /budget/division/fetch?rootId=&projectId=3 HTTP/1.1" 200 (55 ms)
[12/Sep/2022:20:00:09 +0800] 0:0:0:0:0:0:0:1 "GET /project/tree?rootId=0 HTTP/1.1" 200 (1388 ms)
[12/Sep/2022:20:00:09 +0800] 0:0:0:0:0:0:0:1 "GET /budget/division/fetch?rootId=&projectId=3 HTTP/1.1" 200 (49 ms)
[12/Sep/2022:20:14:25 +0800] 0:0:0:0:0:0:0:1 "GET /project/tree?rootId=0 HTTP/1.1" 200 (1253 ms)
[12/Sep/2022:20:14:25 +0800] 0:0:0:0:0:0:0:1 "GET /budget/division/fetch?rootId=&projectId=3 HTTP/1.1" 200 (53 ms)
[12/Sep/2022:20:14:42 +0800] 0:0:0:0:0:0:0:1 "OPTIONS /budget/division/push HTTP/1.1" 200 (6 ms)
[12/Sep/2022:20:14:42 +0800] 0:0:0:0:0:0:0:1 "POST /budget/division/push HTTP/1.1" 200 (218 ms)
[12/Sep/2022:20:14:50 +0800] 0:0:0:0:0:0:0:1 "POST /budget/division/push HTTP/1.1" 200 (151 ms)
[12/Sep/2022:20:17:05 +0800] 0:0:0:0:0:0:0:1 "GET /project/tree?rootId=0 HTTP/1.1" 200 (55 ms)
[12/Sep/2022:20:17:05 +0800] 0:0:0:0:0:0:0:1 "GET /project/tree?rootId=0 HTTP/1.1" 200 (30 ms)
[12/Sep/2022:20:17:05 +0800] 0:0:0:0:0:0:0:1 "GET /budget/division/fetch?rootId=&projectId=3 HTTP/1.1" 200 (23 ms)
[12/Sep/2022:20:17:05 +0800] 0:0:0:0:0:0:0:1 "GET /budget/division/fetch?rootId=&projectId=3 HTTP/1.1" 200 (27 ms)
