[27/Sep/2022:07:56:15 +0800] 0:0:0:0:0:0:0:1 "POST /system/token HTTP/1.1" 200 (139 ms)
[27/Sep/2022:07:56:15 +0800] 0:0:0:0:0:0:0:1 "GET /system/menu HTTP/1.1" 200 (72 ms)
[27/Sep/2022:07:56:17 +0800] 0:0:0:0:0:0:0:1 "GET /project/fetch?ownId=0 HTTP/1.1" 200 (1176 ms)
[27/Sep/2022:07:56:28 +0800] 0:0:0:0:0:0:0:1 "GET /dict/subpackage/fetch?rootId=0 HTTP/1.1" 200 (136 ms)
[27/Sep/2022:07:56:29 +0800] 0:0:0:0:0:0:0:1 "GET /project/fetch HTTP/1.1" 200 (38 ms)
[27/Sep/2022:07:56:29 +0800] 0:0:0:0:0:0:0:1 "GET /report/subpackage/tree2?projectId=2543997172191232 HTTP/1.1" 500 (42 ms)
[27/Sep/2022:07:57:22 +0800] 0:0:0:0:0:0:0:1 "GET /dict/subpackage/fetch?rootId=0 HTTP/1.1" 200 (22 ms)
[27/Sep/2022:07:57:23 +0800] 0:0:0:0:0:0:0:1 "GET /project/fetch HTTP/1.1" 200 (49 ms)
[27/Sep/2022:07:57:23 +0800] 0:0:0:0:0:0:0:1 "GET /report/subpackage/tree2?projectId=2543997172191232 HTTP/1.1" 500 (8 ms)
[27/Sep/2022:07:57:42 +0800] 0:0:0:0:0:0:0:1 "GET /dict/subpackage/fetch?rootId=0 HTTP/1.1" 200 (18 ms)
[27/Sep/2022:07:57:42 +0800] 0:0:0:0:0:0:0:1 "GET /favicon.ico HTTP/1.1" 404 (21 ms)
[27/Sep/2022:07:58:41 +0800] 0:0:0:0:0:0:0:1 "GET /dict/subpackage/fetch?rootId=0 HTTP/1.1" 200 (24 ms)
[27/Sep/2022:07:58:41 +0800] 0:0:0:0:0:0:0:1 "GET /project/fetch HTTP/1.1" 200 (61 ms)
[27/Sep/2022:07:58:41 +0800] 0:0:0:0:0:0:0:1 "GET /report/subpackage/tree2?projectId=2543997172191232 HTTP/1.1" 500 (6 ms)
[27/Sep/2022:07:58:44 +0800] 0:0:0:0:0:0:0:1 "GET /project/fetch HTTP/1.1" 200 (25 ms)
[27/Sep/2022:07:58:44 +0800] 0:0:0:0:0:0:0:1 "GET /report/subpackage/tree2?projectId=2543997172191232 HTTP/1.1" 500 (3 ms)
[27/Sep/2022:12:27:28 +0800] 0:0:0:0:0:0:0:1 "GET /project/fetch?ownId=0 HTTP/1.1" 200 (1212 ms)
[27/Sep/2022:12:27:35 +0800] 0:0:0:0:0:0:0:1 "GET /project/fetch?ownId=0 HTTP/1.1" 200 (28 ms)
[27/Sep/2022:12:27:35 +0800] 0:0:0:0:0:0:0:1 "GET /project/tree?ownId=2543997172191232&rootId=2543997172191232 HTTP/1.1" 200 (22 ms)
[27/Sep/2022:12:27:37 +0800] 0:0:0:0:0:0:0:1 "GET /project/tree?ownId=2&rootId=2 HTTP/1.1" 200 (22 ms)
[27/Sep/2022:12:27:44 +0800] 0:0:0:0:0:0:0:1 "GET /project/tree?rootId=0 HTTP/1.1" 200 (73 ms)
[27/Sep/2022:12:27:45 +0800] 0:0:0:0:0:0:0:1 "GET /budget/division/tree2?ownId=0&selectId=2543997172191232 HTTP/1.1" 500 (197 ms)
[27/Sep/2022:12:28:01 +0800] 0:0:0:0:0:0:0:1 "GET /project/tree?rootId=0 HTTP/1.1" 200 (35 ms)
[27/Sep/2022:12:28:01 +0800] 0:0:0:0:0:0:0:1 "GET /budget/division/tree2?ownId=0&selectId=2543997172191232 HTTP/1.1" 500 (76 ms)
[27/Sep/2022:12:28:11 +0800] 0:0:0:0:0:0:0:1 "GET /budget/division/tree2?ownId=0&selectId=2543997172191232 HTTP/1.1" 500 (82 ms)
[27/Sep/2022:12:31:36 +0800] 0:0:0:0:0:0:0:1 "GET /project/tree?rootId=0 HTTP/1.1" 200 (52 ms)
[27/Sep/2022:12:31:36 +0800] 0:0:0:0:0:0:0:1 "GET /budget/division/tree2?ownId=0&selectId=2543997172191232 HTTP/1.1" 200 (73 ms)
[27/Sep/2022:12:31:36 +0800] 0:0:0:0:0:0:0:1 "GET /budget/division/machine/tree?ownId=2543997172191232&selectId=2543997172191232&rootId=2543997172191232 HTTP/1.1" 200 (153 ms)
[27/Sep/2022:12:31:43 +0800] 0:0:0:0:0:0:0:1 "GET /budget/division/tree2?ownId=0&selectId=2 HTTP/1.1" 200 (51 ms)
[27/Sep/2022:12:31:43 +0800] 0:0:0:0:0:0:0:1 "GET /budget/division/machine/tree?ownId=2&selectId=2&rootId=2 HTTP/1.1" 200 (22 ms)
[27/Sep/2022:12:31:47 +0800] 0:0:0:0:0:0:0:1 "GET /project/tree?rootId=0 HTTP/1.1" 200 (27 ms)
[27/Sep/2022:12:31:47 +0800] 0:0:0:0:0:0:0:1 "GET /plan/division/tree2?ownId=0&selectId=2543997172191232 HTTP/1.1" 200 (371 ms)
[27/Sep/2022:12:31:47 +0800] 0:0:0:0:0:0:0:1 "GET /plan/division/machine/tree?ownId=2543997172191232&selectId=2543997172191232&rootId=2543997172191232 HTTP/1.1" 200 (57 ms)
[27/Sep/2022:12:31:49 +0800] 0:0:0:0:0:0:0:1 "GET /plan/division/tree2?ownId=0&selectId=2 HTTP/1.1" 200 (47 ms)
[27/Sep/2022:12:31:49 +0800] 0:0:0:0:0:0:0:1 "GET /plan/division/machine/tree?ownId=2&selectId=2&rootId=2 HTTP/1.1" 200 (26 ms)
[27/Sep/2022:12:31:50 +0800] 0:0:0:0:0:0:0:1 "GET /plan/division/tree2?ownId=0&selectId=5342111822123008 HTTP/1.1" 200 (36 ms)
[27/Sep/2022:12:31:50 +0800] 0:0:0:0:0:0:0:1 "GET /plan/division/machine/tree?ownId=5342111822123008&selectId=5342111822123008&rootId=5342111822123008 HTTP/1.1" 200 (21 ms)
[27/Sep/2022:12:31:51 +0800] 0:0:0:0:0:0:0:1 "GET /plan/division/tree2?ownId=0&selectId=3 HTTP/1.1" 200 (37 ms)
[27/Sep/2022:12:31:51 +0800] 0:0:0:0:0:0:0:1 "GET /plan/division/machine/tree?ownId=3&selectId=3&rootId=3 HTTP/1.1" 200 (24 ms)
[27/Sep/2022:12:31:57 +0800] 0:0:0:0:0:0:0:1 "GET /project/tree?rootId=0 HTTP/1.1" 200 (29 ms)
[27/Sep/2022:12:31:57 +0800] 0:0:0:0:0:0:0:1 "GET /plan/measure/tree2?ownId=0&selectId=2543997172191232 HTTP/1.1" 200 (171 ms)
[27/Sep/2022:12:31:58 +0800] 0:0:0:0:0:0:0:1 "GET /plan/measure/machine/tree?ownId=2543997172191232&selectId=2543997172191232&rootId=2543997172191232 HTTP/1.1" 200 (55 ms)
[27/Sep/2022:12:31:59 +0800] 0:0:0:0:0:0:0:1 "GET /plan/measure/tree2?ownId=0&selectId=3 HTTP/1.1" 200 (40 ms)
[27/Sep/2022:12:31:59 +0800] 0:0:0:0:0:0:0:1 "GET /plan/measure/machine/tree?ownId=3&selectId=3&rootId=3 HTTP/1.1" 200 (17 ms)
[27/Sep/2022:12:32:01 +0800] 0:0:0:0:0:0:0:1 "GET /plan/measure/tree2?ownId=0&selectId=3 HTTP/1.1" 200 (36 ms)
[27/Sep/2022:12:32:01 +0800] 0:0:0:0:0:0:0:1 "GET /plan/measure/machine/tree?ownId=3&selectId=3&rootId=3 HTTP/1.1" 200 (21 ms)
[27/Sep/2022:12:32:02 +0800] 0:0:0:0:0:0:0:1 "GET /plan/measure/tree2?ownId=0&selectId=3 HTTP/1.1" 200 (36 ms)
[27/Sep/2022:12:32:02 +0800] 0:0:0:0:0:0:0:1 "GET /plan/measure/machine/tree?ownId=3&selectId=3&rootId=3 HTTP/1.1" 200 (18 ms)
[27/Sep/2022:12:32:03 +0800] 0:0:0:0:0:0:0:1 "GET /plan/measure/machine/tree?ownId=13&selectId=13&rootId=13 HTTP/1.1" 200 (24 ms)
[27/Sep/2022:12:32:05 +0800] 0:0:0:0:0:0:0:1 "OPTIONS /plan/measure/push HTTP/1.1" 200 (6 ms)
[27/Sep/2022:12:32:05 +0800] 0:0:0:0:0:0:0:1 "POST /plan/measure/push HTTP/1.1" 200 (74 ms)
[27/Sep/2022:12:32:07 +0800] 0:0:0:0:0:0:0:1 "GET /plan/measure/machine/tree?ownId=5729879186345984&selectId=5729879186345984&rootId=5729879186345984 HTTP/1.1" 200 (21 ms)
[27/Sep/2022:12:32:07 +0800] 0:0:0:0:0:0:0:1 "GET /plan/measure/machine/tree?ownId=5729879186345984&selectId=5729879186345984&rootId=5729879186345984 HTTP/1.1" 200 (17 ms)
[27/Sep/2022:12:32:09 +0800] 0:0:0:0:0:0:0:1 "GET /plan/measure/machine/tree?ownId=5729879186345984&selectId=5729879186345984&rootId=5729879186345984 HTTP/1.1" 200 (23 ms)
[27/Sep/2022:12:32:09 +0800] 0:0:0:0:0:0:0:1 "POST /plan/measure/push HTTP/1.1" 200 (27 ms)
[27/Sep/2022:12:32:09 +0800] 0:0:0:0:0:0:0:1 "GET /plan/measure/machine/tree?ownId=3310969216438272&selectId=3310969216438272&rootId=3310969216438272 HTTP/1.1" 200 (16 ms)
[27/Sep/2022:12:32:09 +0800] 0:0:0:0:0:0:0:1 "GET /plan/measure/machine/tree?ownId=3310969216438272&selectId=3310969216438272&rootId=3310969216438272 HTTP/1.1" 200 (15 ms)
[27/Sep/2022:12:32:11 +0800] 0:0:0:0:0:0:0:1 "GET /plan/measure/tree2?ownId=0&selectId=2543997172191232 HTTP/1.1" 200 (33 ms)
[27/Sep/2022:12:32:11 +0800] 0:0:0:0:0:0:0:1 "GET /plan/measure/machine/tree?ownId=2543997172191232&selectId=2543997172191232&rootId=2543997172191232 HTTP/1.1" 200 (27 ms)
[27/Sep/2022:12:32:11 +0800] 0:0:0:0:0:0:0:1 "GET /plan/measure/machine/tree?ownId=2543997172191232&selectId=2543997172191232&rootId=2543997172191232 HTTP/1.1" 200 (20 ms)
[27/Sep/2022:12:32:12 +0800] 0:0:0:0:0:0:0:1 "GET /plan/measure/tree2?ownId=0&selectId=3 HTTP/1.1" 200 (37 ms)
[27/Sep/2022:12:32:12 +0800] 0:0:0:0:0:0:0:1 "GET /plan/measure/machine/tree?ownId=3&selectId=3&rootId=3 HTTP/1.1" 200 (17 ms)
[27/Sep/2022:12:32:14 +0800] 0:0:0:0:0:0:0:1 "GET /plan/measure/machine/tree?ownId=5729879186345984&selectId=5729879186345984&rootId=5729879186345984 HTTP/1.1" 200 (20 ms)
[27/Sep/2022:12:32:14 +0800] 0:0:0:0:0:0:0:1 "GET /plan/measure/machine/tree?ownId=3310969216438272&selectId=3310969216438272&rootId=3310969216438272 HTTP/1.1" 200 (16 ms)
[27/Sep/2022:12:32:23 +0800] 0:0:0:0:0:0:0:1 "GET /project/tree?rootId=0 HTTP/1.1" 200 (28 ms)
[27/Sep/2022:12:32:23 +0800] 0:0:0:0:0:0:0:1 "GET /actual/division/tree2?ownId=0&selectId=2543997172191232 HTTP/1.1" 200 (44 ms)
[27/Sep/2022:12:32:23 +0800] 0:0:0:0:0:0:0:1 "GET /actual/division/machine/tree?ownId=2543997172191232&selectId=2543997172191232&rootId=2543997172191232 HTTP/1.1" 200 (352 ms)
[27/Sep/2022:12:32:24 +0800] 0:0:0:0:0:0:0:1 "GET /project/tree?rootId=0 HTTP/1.1" 200 (26 ms)
[27/Sep/2022:12:32:24 +0800] 0:0:0:0:0:0:0:1 "GET /actual/other/fetch?ownId=2543997172191232&selectId=2543997172191232 HTTP/1.1" 200 (114 ms)
[27/Sep/2022:12:32:26 +0800] 0:0:0:0:0:0:0:1 "GET /project/tree?rootId=0 HTTP/1.1" 200 (26 ms)
[27/Sep/2022:12:32:27 +0800] 0:0:0:0:0:0:0:1 "GET /actual/measure/tree2?ownId=0&selectId=2543997172191232 HTTP/1.1" 200 (50 ms)
[27/Sep/2022:12:32:27 +0800] 0:0:0:0:0:0:0:1 "GET /actual/measure/machine/tree?ownId=2543997172191232&selectId=2543997172191232&rootId=2543997172191232 HTTP/1.1" 200 (113 ms)
[27/Sep/2022:12:32:28 +0800] 0:0:0:0:0:0:0:1 "GET /project/tree?rootId=0 HTTP/1.1" 200 (22 ms)
[27/Sep/2022:12:32:28 +0800] 0:0:0:0:0:0:0:1 "GET /actual/division/tree2?ownId=0&selectId=2543997172191232 HTTP/1.1" 200 (40 ms)
[27/Sep/2022:12:32:28 +0800] 0:0:0:0:0:0:0:1 "GET /actual/division/machine/tree?ownId=2543997172191232&selectId=2543997172191232&rootId=2543997172191232 HTTP/1.1" 200 (27 ms)
[27/Sep/2022:12:32:41 +0800] 0:0:0:0:0:0:0:1 "GET /project/tree?rootId=0 HTTP/1.1" 200 (23 ms)
[27/Sep/2022:12:32:41 +0800] 0:0:0:0:0:0:0:1 "GET /report/project/tree2?ownId=0&projectId=2543997172191232 HTTP/1.1" 500 (8 ms)
[27/Sep/2022:12:33:09 +0800] 0:0:0:0:0:0:0:1 "GET /project/tree?rootId=0 HTTP/1.1" 200 (31 ms)
[27/Sep/2022:12:33:09 +0800] 0:0:0:0:0:0:0:1 "GET /report/project/tree2?ownId=0&projectId=2543997172191232 HTTP/1.1" 500 (6 ms)
[27/Sep/2022:12:33:19 +0800] 0:0:0:0:0:0:0:1 "GET /report/project/tree2?ownId=0&projectId=2543997172191232 HTTP/1.1" 500 (7 ms)
[27/Sep/2022:13:26:24 +0800] 0:0:0:0:0:0:0:1 "GET /report/project/tree2?ownId=0&projectId=2543997172191232 HTTP/1.1" 500 (2844 ms)
[27/Sep/2022:13:26:52 +0800] 0:0:0:0:0:0:0:1 "GET /report/project/tree2?ownId=0&projectId=2543997172191232 HTTP/1.1" 200 (1204 ms)
[27/Sep/2022:13:26:59 +0800] 0:0:0:0:0:0:0:1 "GET /project/tree?rootId=0 HTTP/1.1" 200 (80 ms)
[27/Sep/2022:13:26:59 +0800] 0:0:0:0:0:0:0:1 "GET /report/project/tree2?ownId=0&projectId=2543997172191232 HTTP/1.1" 200 (141 ms)
[27/Sep/2022:13:27:04 +0800] 0:0:0:0:0:0:0:1 "GET /report/project/tree2?ownId=0&projectId=2 HTTP/1.1" 200 (97 ms)
[27/Sep/2022:13:27:34 +0800] 0:0:0:0:0:0:0:1 "GET /project/tree?rootId=0 HTTP/1.1" 200 (43 ms)
[27/Sep/2022:13:27:34 +0800] 0:0:0:0:0:0:0:1 "GET /report/project/tree2?ownId=0&projectId=2543997172191232 HTTP/1.1" 200 (98 ms)
[27/Sep/2022:13:27:38 +0800] 0:0:0:0:0:0:0:1 "GET /report/project/tree2?ownId=0&projectId=2 HTTP/1.1" 200 (86 ms)
[27/Sep/2022:13:27:45 +0800] 0:0:0:0:0:0:0:1 "GET /report/project/tree2?ownId=0&projectId=2 HTTP/1.1" 200 (79 ms)
[27/Sep/2022:13:42:01 +0800] 0:0:0:0:0:0:0:1 "GET /project/tree?rootId=0 HTTP/1.1" 200 (1023 ms)
[27/Sep/2022:13:42:01 +0800] 0:0:0:0:0:0:0:1 "GET /report/project/tree2?ownId=0&projectId=2543997172191232 HTTP/1.1" 200 (101 ms)
[27/Sep/2022:13:42:03 +0800] 0:0:0:0:0:0:0:1 "GET /report/project/tree2?ownId=0&projectId=2 HTTP/1.1" 200 (90 ms)
[27/Sep/2022:13:43:26 +0800] 0:0:0:0:0:0:0:1 "GET /project/tree?rootId=0 HTTP/1.1" 200 (37 ms)
[27/Sep/2022:13:43:26 +0800] 0:0:0:0:0:0:0:1 "GET /report/project/tree2?ownId=0&projectId=2543997172191232&cmd=sj HTTP/1.1" 200 (69 ms)
[27/Sep/2022:13:43:27 +0800] 0:0:0:0:0:0:0:1 "GET /report/project/tree2?ownId=0&projectId=2&cmd=sj HTTP/1.1" 200 (61 ms)
[27/Sep/2022:13:46:20 +0800] 0:0:0:0:0:0:0:1 "GET /project/tree?rootId=0 HTTP/1.1" 200 (38 ms)
[27/Sep/2022:13:46:20 +0800] 0:0:0:0:0:0:0:1 "GET /report/project/tree2?ownId=0&projectId=2543997172191232&cmd=ys HTTP/1.1" 200 (57 ms)
[27/Sep/2022:13:46:23 +0800] 0:0:0:0:0:0:0:1 "GET /project/tree?rootId=0 HTTP/1.1" 200 (33 ms)
[27/Sep/2022:13:46:23 +0800] 0:0:0:0:0:0:0:1 "GET /report/project/tree2?ownId=0&projectId=2543997172191232&cmd=ys HTTP/1.1" 200 (86 ms)
[27/Sep/2022:13:46:26 +0800] 0:0:0:0:0:0:0:1 "GET /report/project/tree2?ownId=0&projectId=2&cmd=ys HTTP/1.1" 200 (61 ms)
[27/Sep/2022:13:46:42 +0800] 0:0:0:0:0:0:0:1 "GET /project/tree?rootId=0 HTTP/1.1" 200 (37 ms)
[27/Sep/2022:13:46:42 +0800] 0:0:0:0:0:0:0:1 "GET /report/project/tree2?ownId=0&projectId=2543997172191232&cmd=sj HTTP/1.1" 200 (78 ms)
[27/Sep/2022:13:46:44 +0800] 0:0:0:0:0:0:0:1 "GET /project/tree?rootId=0 HTTP/1.1" 200 (22 ms)
[27/Sep/2022:13:46:44 +0800] 0:0:0:0:0:0:0:1 "GET /report/project/tree2?ownId=0&projectId=2543997172191232 HTTP/1.1" 200 (65 ms)
[27/Sep/2022:13:49:21 +0800] 0:0:0:0:0:0:0:1 "GET /project/tree?rootId=0 HTTP/1.1" 200 (40 ms)
[27/Sep/2022:13:49:21 +0800] 0:0:0:0:0:0:0:1 "GET /report/project/tree2?ownId=0&projectId=2543997172191232&cmd=ys HTTP/1.1" 200 (63 ms)
[27/Sep/2022:13:49:26 +0800] 0:0:0:0:0:0:0:1 "GET /project/tree?rootId=0 HTTP/1.1" 200 (25 ms)
[27/Sep/2022:13:49:26 +0800] 0:0:0:0:0:0:0:1 "GET /report/project/tree2?ownId=0&projectId=2543997172191232&cmd=ys HTTP/1.1" 200 (104 ms)
[27/Sep/2022:13:49:46 +0800] 0:0:0:0:0:0:0:1 "GET /report/project/tree2?ownId=0&projectId=2&cmd=ys HTTP/1.1" 200 (57 ms)
[27/Sep/2022:13:49:59 +0800] 0:0:0:0:0:0:0:1 "GET /project/tree?rootId=0 HTTP/1.1" 200 (23 ms)
[27/Sep/2022:13:49:59 +0800] 0:0:0:0:0:0:0:1 "GET /report/project/tree2?ownId=0&projectId=2543997172191232&cmd=sj HTTP/1.1" 200 (49 ms)
[27/Sep/2022:13:50:54 +0800] 0:0:0:0:0:0:0:1 "GET /project/tree?rootId=0 HTTP/1.1" 200 (23 ms)
[27/Sep/2022:13:50:54 +0800] 0:0:0:0:0:0:0:1 "GET /report/project/tree2?ownId=0&projectId=2543997172191232&cmd=sj HTTP/1.1" 200 (76 ms)
[27/Sep/2022:13:50:55 +0800] 0:0:0:0:0:0:0:1 "GET /report/project/tree2?ownId=0&projectId=2&cmd=sj HTTP/1.1" 200 (60 ms)
[27/Sep/2022:13:52:31 +0800] 0:0:0:0:0:0:0:1 "GET /dict/subpackage/fetch?rootId=0 HTTP/1.1" 200 (33 ms)
[27/Sep/2022:13:52:31 +0800] 0:0:0:0:0:0:0:1 "GET /project/fetch HTTP/1.1" 200 (27 ms)
[27/Sep/2022:13:52:31 +0800] 0:0:0:0:0:0:0:1 "GET /report/subpackage/tree2?projectId=2543997172191232 HTTP/1.1" 404 (27 ms)
[27/Sep/2022:13:57:22 +0800] 0:0:0:0:0:0:0:1 "GET /dict/subpackage/fetch?rootId=0 HTTP/1.1" 200 (1085 ms)
[27/Sep/2022:13:57:22 +0800] 0:0:0:0:0:0:0:1 "GET /project/fetch HTTP/1.1" 200 (39 ms)
[27/Sep/2022:13:57:22 +0800] 0:0:0:0:0:0:0:1 "GET /report/subpackage/tree2?projectId=2543997172191232 HTTP/1.1" 404 (31 ms)
[27/Sep/2022:14:13:27 +0800] 0:0:0:0:0:0:0:1 "GET /dict/subpackage/fetch?rootId=0 HTTP/1.1" 200 (38 ms)
[27/Sep/2022:14:13:27 +0800] 0:0:0:0:0:0:0:1 "GET /project/fetch HTTP/1.1" 200 (69 ms)
[27/Sep/2022:14:13:27 +0800] 0:0:0:0:0:0:0:1 "GET /report/subpackage/tree2?projectId=2543997172191232 HTTP/1.1" 404 (21 ms)
[27/Sep/2022:14:13:37 +0800] 0:0:0:0:0:0:0:1 "GET /report/subpackage/tree2?projectId=2543997172191232 HTTP/1.1" 404 (33 ms)
[27/Sep/2022:14:14:14 +0800] 0:0:0:0:0:0:0:1 "GET /dict/subpackage/fetch?rootId=0 HTTP/1.1" 200 (20 ms)
[27/Sep/2022:14:14:14 +0800] 0:0:0:0:0:0:0:1 "GET /project/fetch HTTP/1.1" 200 (44 ms)
[27/Sep/2022:14:14:14 +0800] 0:0:0:0:0:0:0:1 "GET /report/subpackage/tree2?projectId=2543997172191232 HTTP/1.1" 404 (6 ms)
[27/Sep/2022:14:14:32 +0800] 0:0:0:0:0:0:0:1 "GET /project/fetch HTTP/1.1" 200 (22 ms)
[27/Sep/2022:14:14:32 +0800] 0:0:0:0:0:0:0:1 "GET /report/subpackage/tree2?projectId=2543997172191232 HTTP/1.1" 404 (5 ms)
[27/Sep/2022:14:15:40 +0800] 0:0:0:0:0:0:0:1 "GET /dict/subpackage/fetch?rootId=0 HTTP/1.1" 200 (18 ms)
[27/Sep/2022:14:15:40 +0800] 0:0:0:0:0:0:0:1 "GET /project/fetch?subPackageId=4973770171355136 HTTP/1.1" 200 (19 ms)
[27/Sep/2022:14:15:40 +0800] 0:0:0:0:0:0:0:1 "GET /report/subpackage/tree2?subPackageId=4973770171355136&projectId=2543997172191232 HTTP/1.1" 404 (3 ms)
[27/Sep/2022:14:15:48 +0800] 0:0:0:0:0:0:0:1 "GET /dict/subpackage/fetch?rootId=0 HTTP/1.1" 200 (20 ms)
[27/Sep/2022:14:15:48 +0800] 0:0:0:0:0:0:0:1 "GET /project/fetch?subPackageId=4973770171355136 HTTP/1.1" 200 (39 ms)
[27/Sep/2022:14:15:48 +0800] 0:0:0:0:0:0:0:1 "GET /report/subpackage/tree2?subPackageId=4973770171355136&projectId=2543997172191232 HTTP/1.1" 404 (6 ms)
[27/Sep/2022:19:56:03 +0800] 0:0:0:0:0:0:0:1 "GET /dict/subpackage/fetch?rootId=0 HTTP/1.1" 200 (1110 ms)
[27/Sep/2022:19:56:03 +0800] 0:0:0:0:0:0:0:1 "GET /project/fetch?subPackageId=4973770171355136 HTTP/1.1" 200 (43 ms)
[27/Sep/2022:19:56:03 +0800] 0:0:0:0:0:0:0:1 "GET /report/subpackage/tree2?subPackageId=4973770171355136&projectId=2543997172191232 HTTP/1.1" 500 (48 ms)
[27/Sep/2022:19:56:14 +0800] 0:0:0:0:0:0:0:1 "GET /report/subpackage/tree2?subPackageId=4973770171355136&projectId=2543997172191232 HTTP/1.1" 500 (38 ms)
[27/Sep/2022:19:59:09 +0800] 0:0:0:0:0:0:0:1 "GET /report/subpackage/tree2?subPackageId=4973770171355136&projectId=2543997172191232 HTTP/1.1" 200 (923 ms)
[27/Sep/2022:19:59:20 +0800] 0:0:0:0:0:0:0:1 "GET /dict/subpackage/fetch?rootId=0 HTTP/1.1" 200 (52 ms)
[27/Sep/2022:19:59:21 +0800] 0:0:0:0:0:0:0:1 "GET /project/fetch?subPackageId=4973770171355136 HTTP/1.1" 200 (66 ms)
[27/Sep/2022:19:59:21 +0800] 0:0:0:0:0:0:0:1 "GET /report/subpackage/tree2?subPackageId=4973770171355136&projectId=2543997172191232 HTTP/1.1" 200 (106 ms)
[27/Sep/2022:19:59:24 +0800] 0:0:0:0:0:0:0:1 "GET /project/fetch?subPackageId=4973770171355136 HTTP/1.1" 200 (35 ms)
[27/Sep/2022:19:59:24 +0800] 0:0:0:0:0:0:0:1 "GET /report/subpackage/tree2?subPackageId=4973770171355136&projectId=2543997172191232 HTTP/1.1" 200 (58 ms)
[27/Sep/2022:19:59:25 +0800] 0:0:0:0:0:0:0:1 "GET /project/fetch?subPackageId=4971518618636288 HTTP/1.1" 200 (23 ms)
[27/Sep/2022:19:59:26 +0800] 0:0:0:0:0:0:0:1 "GET /report/subpackage/tree2?subPackageId=4971518618636288&projectId=2543997172191232 HTTP/1.1" 200 (50 ms)
[27/Sep/2022:19:59:28 +0800] 0:0:0:0:0:0:0:1 "GET /project/fetch?subPackageId=4972435459936256 HTTP/1.1" 200 (23 ms)
[27/Sep/2022:19:59:28 +0800] 0:0:0:0:0:0:0:1 "GET /report/subpackage/tree2?subPackageId=4972435459936256&projectId=2543997172191232 HTTP/1.1" 200 (47 ms)
[27/Sep/2022:20:00:04 +0800] 0:0:0:0:0:0:0:1 "GET /report/subpackage/tree2?subPackageId=4972435459936256&projectId=3 HTTP/1.1" 200 (57 ms)
[27/Sep/2022:20:03:12 +0800] 0:0:0:0:0:0:0:1 "GET /project/fetch?subPackageId=4973770171355136 HTTP/1.1" 200 (31 ms)
[27/Sep/2022:20:03:12 +0800] 0:0:0:0:0:0:0:1 "GET /report/subpackage/tree2?subPackageId=4973770171355136&projectId=2543997172191232 HTTP/1.1" 200 (50 ms)
[27/Sep/2022:20:03:21 +0800] 0:0:0:0:0:0:0:1 "GET /project/fetch?subPackageId=4971518618636288 HTTP/1.1" 200 (24 ms)
[27/Sep/2022:20:03:21 +0800] 0:0:0:0:0:0:0:1 "GET /report/subpackage/tree2?subPackageId=4971518618636288&projectId=2543997172191232 HTTP/1.1" 200 (48 ms)
[27/Sep/2022:20:03:27 +0800] 0:0:0:0:0:0:0:1 "GET /project/fetch?subPackageId=4972435459936256 HTTP/1.1" 200 (21 ms)
[27/Sep/2022:20:03:27 +0800] 0:0:0:0:0:0:0:1 "GET /report/subpackage/tree2?subPackageId=4972435459936256&projectId=2543997172191232 HTTP/1.1" 200 (52 ms)
[27/Sep/2022:20:03:56 +0800] 0:0:0:0:0:0:0:1 "GET /project/fetch?subPackageId=4971518618636288 HTTP/1.1" 200 (21 ms)
[27/Sep/2022:20:03:56 +0800] 0:0:0:0:0:0:0:1 "GET /report/subpackage/tree2?subPackageId=4971518618636288&projectId=2543997172191232 HTTP/1.1" 200 (47 ms)
[27/Sep/2022:20:10:44 +0800] 0:0:0:0:0:0:0:1 "GET /dict/subpackage/fetch?rootId=0 HTTP/1.1" 200 (1136 ms)
[27/Sep/2022:20:10:44 +0800] 0:0:0:0:0:0:0:1 "GET /project/fetch?subPackageId=4973770171355136 HTTP/1.1" 200 (42 ms)
[27/Sep/2022:20:10:44 +0800] 0:0:0:0:0:0:0:1 "GET /report/subpackage/tree2?subPackageId=4973770171355136&projectId=2543997172191232 HTTP/1.1" 500 (170 ms)
[27/Sep/2022:20:10:50 +0800] 0:0:0:0:0:0:0:1 "GET /report/subpackage/tree2?subPackageId=4973770171355136&projectId=2543997172191232 HTTP/1.1" 500 (82 ms)
[27/Sep/2022:20:19:34 +0800] 0:0:0:0:0:0:0:1 "GET /dict/subpackage/fetch?rootId=0 HTTP/1.1" 200 (36 ms)
[27/Sep/2022:20:19:34 +0800] 0:0:0:0:0:0:0:1 "GET /project/fetch?subPackageId=4973770171355136 HTTP/1.1" 200 (64 ms)
[27/Sep/2022:20:19:35 +0800] 0:0:0:0:0:0:0:1 "GET /report/subpackage/tree2?subPackageId=4973770171355136&projectId=2543997172191232 HTTP/1.1" 500 (137 ms)
[27/Sep/2022:20:20:30 +0800] 0:0:0:0:0:0:0:1 "GET /dict/subpackage/fetch?rootId=0 HTTP/1.1" 200 (1142 ms)
[27/Sep/2022:20:20:30 +0800] 0:0:0:0:0:0:0:1 "GET /project/fetch?subPackageId=4973770171355136 HTTP/1.1" 200 (39 ms)
[27/Sep/2022:20:20:30 +0800] 0:0:0:0:0:0:0:1 "GET /report/subpackage/tree2?subPackageId=4973770171355136&projectId=2543997172191232 HTTP/1.1" 200 (146 ms)
[27/Sep/2022:20:20:36 +0800] 0:0:0:0:0:0:0:1 "GET /project/fetch?subPackageId=4971518618636288 HTTP/1.1" 200 (31 ms)
[27/Sep/2022:20:20:36 +0800] 0:0:0:0:0:0:0:1 "GET /report/subpackage/tree2?subPackageId=4971518618636288&projectId=2543997172191232 HTTP/1.1" 200 (80 ms)
[27/Sep/2022:20:20:38 +0800] 0:0:0:0:0:0:0:1 "GET /project/fetch?subPackageId=4973770171355136 HTTP/1.1" 200 (26 ms)
[27/Sep/2022:20:20:39 +0800] 0:0:0:0:0:0:0:1 "GET /report/subpackage/tree2?subPackageId=4973770171355136&projectId=2543997172191232 HTTP/1.1" 200 (75 ms)
[27/Sep/2022:20:20:39 +0800] 0:0:0:0:0:0:0:1 "GET /project/fetch?subPackageId=4971518618636288 HTTP/1.1" 200 (21 ms)
[27/Sep/2022:20:20:39 +0800] 0:0:0:0:0:0:0:1 "GET /report/subpackage/tree2?subPackageId=4971518618636288&projectId=2543997172191232 HTTP/1.1" 200 (73 ms)
[27/Sep/2022:20:21:28 +0800] 0:0:0:0:0:0:0:1 "GET /project/fetch?subPackageId=4973770171355136 HTTP/1.1" 200 (27 ms)
[27/Sep/2022:20:21:28 +0800] 0:0:0:0:0:0:0:1 "GET /report/subpackage/tree2?subPackageId=4973770171355136&projectId=2543997172191232 HTTP/1.1" 200 (70 ms)
[27/Sep/2022:20:21:42 +0800] 0:0:0:0:0:0:0:1 "GET /report/subpackage/tree2?subPackageId=4973770171355136&projectId=2543997172191232 HTTP/1.1" 200 (84 ms)
[27/Sep/2022:20:27:54 +0800] 0:0:0:0:0:0:0:1 "GET /report/subpackage/tree2?subPackageId=4973770171355136&projectId=2543997172191232 HTTP/1.1" 200 (81 ms)
[27/Sep/2022:20:31:35 +0800] 0:0:0:0:0:0:0:1 "GET /project/tree?rootId=0 HTTP/1.1" 200 (29 ms)
[27/Sep/2022:20:31:35 +0800] 0:0:0:0:0:0:0:1 "GET /actual/division/tree2?ownId=0&selectId=2543997172191232 HTTP/1.1" 200 (40 ms)
[27/Sep/2022:20:31:35 +0800] 0:0:0:0:0:0:0:1 "GET /actual/division/machine/tree?ownId=2543997172191232&selectId=2543997172191232&rootId=2543997172191232 HTTP/1.1" 200 (24 ms)
[27/Sep/2022:20:31:37 +0800] 0:0:0:0:0:0:0:1 "GET /actual/division/tree2?ownId=0&selectId=2543997172191232 HTTP/1.1" 200 (32 ms)
[27/Sep/2022:20:31:37 +0800] 0:0:0:0:0:0:0:1 "GET /actual/division/machine/tree?ownId=2543997172191232&selectId=2543997172191232&rootId=2543997172191232 HTTP/1.1" 200 (27 ms)
[27/Sep/2022:20:31:41 +0800] 0:0:0:0:0:0:0:1 "GET /actual/division/machine/tree?ownId=2543997172191232&selectId=2543997172191232&rootId=2543997172191232 HTTP/1.1" 200 (21 ms)
[27/Sep/2022:20:31:50 +0800] 0:0:0:0:0:0:0:1 "GET /actual/division/tree2?ownId=0&selectId=3 HTTP/1.1" 200 (34 ms)
[27/Sep/2022:20:31:50 +0800] 0:0:0:0:0:0:0:1 "GET /actual/division/machine/tree?ownId=3&selectId=3&rootId=3 HTTP/1.1" 200 (21 ms)
[27/Sep/2022:20:31:51 +0800] 0:0:0:0:0:0:0:1 "GET /actual/division/tree2?ownId=0&selectId=5342111822123008 HTTP/1.1" 200 (36 ms)
[27/Sep/2022:20:31:51 +0800] 0:0:0:0:0:0:0:1 "GET /actual/division/machine/tree?ownId=5342111822123008&selectId=5342111822123008&rootId=5342111822123008 HTTP/1.1" 200 (26 ms)
[27/Sep/2022:20:31:52 +0800] 0:0:0:0:0:0:0:1 "GET /actual/division/tree2?ownId=0&selectId=2 HTTP/1.1" 200 (37 ms)
[27/Sep/2022:20:31:52 +0800] 0:0:0:0:0:0:0:1 "GET /actual/division/machine/tree?ownId=2&selectId=2&rootId=2 HTTP/1.1" 200 (19 ms)
[27/Sep/2022:20:31:58 +0800] 0:0:0:0:0:0:0:1 "GET /project/tree?rootId=0 HTTP/1.1" 200 (20 ms)
[27/Sep/2022:20:31:59 +0800] 0:0:0:0:0:0:0:1 "GET /plan/division/tree2?ownId=0&selectId=2543997172191232 HTTP/1.1" 200 (41 ms)
[27/Sep/2022:20:31:59 +0800] 0:0:0:0:0:0:0:1 "GET /plan/division/machine/tree?ownId=2543997172191232&selectId=2543997172191232&rootId=2543997172191232 HTTP/1.1" 200 (21 ms)
[27/Sep/2022:20:32:00 +0800] 0:0:0:0:0:0:0:1 "GET /plan/division/tree2?ownId=0&selectId=2543997172191232 HTTP/1.1" 200 (30 ms)
[27/Sep/2022:20:32:01 +0800] 0:0:0:0:0:0:0:1 "GET /plan/division/machine/tree?ownId=2543997172191232&selectId=2543997172191232&rootId=2543997172191232 HTTP/1.1" 200 (38 ms)
[27/Sep/2022:20:32:29 +0800] 0:0:0:0:0:0:0:1 "GET /plan/division/machine/tree?ownId=3310835300700160&selectId=3310835300700160&rootId=3310835300700160 HTTP/1.1" 200 (23 ms)
[27/Sep/2022:20:32:32 +0800] 0:0:0:0:0:0:0:1 "OPTIONS /plan/division/push HTTP/1.1" 200 (3 ms)
[27/Sep/2022:20:32:32 +0800] 0:0:0:0:0:0:0:1 "POST /plan/division/push HTTP/1.1" 200 (357 ms)
[27/Sep/2022:20:32:33 +0800] 0:0:0:0:0:0:0:1 "GET /plan/division/machine/tree?ownId=5850785871171584&selectId=5850785871171584&rootId=5850785871171584 HTTP/1.1" 200 (18 ms)
[27/Sep/2022:20:32:33 +0800] 0:0:0:0:0:0:0:1 "GET /plan/division/machine/tree?ownId=5850785871171584&selectId=5850785871171584&rootId=5850785871171584 HTTP/1.1" 200 (15 ms)
[27/Sep/2022:20:32:51 +0800] 0:0:0:0:0:0:0:1 "GET /plan/division/machine/tree?ownId=5850785871171584&selectId=5850785871171584&rootId=5850785871171584 HTTP/1.1" 200 (65 ms)
[27/Sep/2022:20:32:51 +0800] 0:0:0:0:0:0:0:1 "GET /plan/division/machine/tree?ownId=5850785871171584&selectId=5850785871171584&rootId=5850785871171584 HTTP/1.1" 200 (15 ms)
[27/Sep/2022:20:32:51 +0800] 0:0:0:0:0:0:0:1 "POST /plan/division/push HTTP/1.1" 200 (316 ms)
[27/Sep/2022:20:32:53 +0800] 0:0:0:0:0:0:0:1 "GET /plan/division/machine/tree?ownId=5850785871171584&selectId=5850785871171584&rootId=5850785871171584 HTTP/1.1" 200 (19 ms)
[27/Sep/2022:20:32:53 +0800] 0:0:0:0:0:0:0:1 "POST /plan/division/push HTTP/1.1" 200 (108 ms)
[27/Sep/2022:20:33:03 +0800] 0:0:0:0:0:0:0:1 "GET /plan/division/machine/tree?ownId=5850785871171584&selectId=5850785871171584&rootId=5850785871171584 HTTP/1.1" 200 (20 ms)
[27/Sep/2022:20:33:03 +0800] 0:0:0:0:0:0:0:1 "GET /plan/division/machine/tree?ownId=5850785871171584&selectId=5850785871171584&rootId=5850785871171584 HTTP/1.1" 200 (15 ms)
[27/Sep/2022:20:33:05 +0800] 0:0:0:0:0:0:0:1 "GET /plan/division/machine/tree?ownId=5850785871171584&selectId=5850785871171584&rootId=5850785871171584 HTTP/1.1" 200 (15 ms)
[27/Sep/2022:20:33:06 +0800] 0:0:0:0:0:0:0:1 "POST /plan/division/push HTTP/1.1" 200 (316 ms)
[27/Sep/2022:20:33:06 +0800] 0:0:0:0:0:0:0:1 "GET /plan/division/machine/tree?ownId=3310835300700160&selectId=3310835300700160&rootId=3310835300700160 HTTP/1.1" 200 (15 ms)
[27/Sep/2022:20:33:09 +0800] 0:0:0:0:0:0:0:1 "GET /plan/division/machine/tree?ownId=5850785871171584&selectId=5850785871171584&rootId=5850785871171584 HTTP/1.1" 200 (19 ms)
[27/Sep/2022:20:33:10 +0800] 0:0:0:0:0:0:0:1 "GET /plan/division/machine/tree?ownId=5850785871171584&selectId=5850785871171584&rootId=5850785871171584 HTTP/1.1" 200 (15 ms)
[27/Sep/2022:20:33:13 +0800] 0:0:0:0:0:0:0:1 "GET /plan/division/machine/tree?ownId=5850785871171584&selectId=5850785871171584&rootId=5850785871171584 HTTP/1.1" 200 (13 ms)
[27/Sep/2022:20:33:13 +0800] 0:0:0:0:0:0:0:1 "POST /plan/division/push HTTP/1.1" 200 (5 ms)
[27/Sep/2022:20:33:13 +0800] 0:0:0:0:0:0:0:1 "GET /plan/division/machine/tree?ownId=5850785871171584&selectId=5850785871171584&rootId=5850785871171584 HTTP/1.1" 200 (19 ms)
[27/Sep/2022:20:33:13 +0800] 0:0:0:0:0:0:0:1 "GET /plan/division/machine/tree?ownId=5850785871171584&selectId=5850785871171584&rootId=5850785871171584 HTTP/1.1" 200 (22 ms)
[27/Sep/2022:20:33:15 +0800] 0:0:0:0:0:0:0:1 "GET /plan/division/machine/tree?ownId=5850785871171584&selectId=5850785871171584&rootId=5850785871171584 HTTP/1.1" 200 (14 ms)
[27/Sep/2022:20:33:18 +0800] 0:0:0:0:0:0:0:1 "GET /plan/division/machine/tree?ownId=5850785871171584&selectId=5850785871171584&rootId=5850785871171584 HTTP/1.1" 200 (15 ms)
[27/Sep/2022:20:33:19 +0800] 0:0:0:0:0:0:0:1 "GET /plan/division/machine/tree?ownId=5850785871171584&selectId=5850785871171584&rootId=5850785871171584 HTTP/1.1" 200 (14 ms)
[27/Sep/2022:20:33:22 +0800] 0:0:0:0:0:0:0:1 "GET /plan/division/machine/tree?ownId=5850785871171584&selectId=5850785871171584&rootId=5850785871171584 HTTP/1.1" 200 (17 ms)
[27/Sep/2022:20:33:22 +0800] 0:0:0:0:0:0:0:1 "POST /plan/division/push HTTP/1.1" 200 (8 ms)
[27/Sep/2022:20:33:22 +0800] 0:0:0:0:0:0:0:1 "GET /plan/division/machine/tree?ownId=5850785871171584&selectId=5850785871171584&rootId=5850785871171584 HTTP/1.1" 200 (16 ms)
[27/Sep/2022:20:33:23 +0800] 0:0:0:0:0:0:0:1 "GET /plan/division/machine/tree?ownId=3310835300700160&selectId=3310835300700160&rootId=3310835300700160 HTTP/1.1" 200 (13 ms)
[27/Sep/2022:20:33:23 +0800] 0:0:0:0:0:0:0:1 "POST /plan/division/push HTTP/1.1" 200 (9 ms)
[27/Sep/2022:20:33:27 +0800] 0:0:0:0:0:0:0:1 "GET /plan/division/tree2?ownId=0&selectId=3 HTTP/1.1" 200 (32 ms)
[27/Sep/2022:20:33:27 +0800] 0:0:0:0:0:0:0:1 "GET /plan/division/machine/tree?ownId=3&selectId=3&rootId=3 HTTP/1.1" 200 (17 ms)
[27/Sep/2022:20:33:28 +0800] 0:0:0:0:0:0:0:1 "GET /plan/division/tree2?ownId=0&selectId=2543997172191232 HTTP/1.1" 200 (33 ms)
[27/Sep/2022:20:33:28 +0800] 0:0:0:0:0:0:0:1 "GET /plan/division/machine/tree?ownId=2543997172191232&selectId=2543997172191232&rootId=2543997172191232 HTTP/1.1" 200 (20 ms)
[27/Sep/2022:20:33:31 +0800] 0:0:0:0:0:0:0:1 "GET /plan/division/tree2?ownId=0&selectId=3 HTTP/1.1" 200 (32 ms)
[27/Sep/2022:20:33:31 +0800] 0:0:0:0:0:0:0:1 "GET /plan/division/machine/tree?ownId=3&selectId=3&rootId=3 HTTP/1.1" 200 (17 ms)
[27/Sep/2022:20:33:32 +0800] 0:0:0:0:0:0:0:1 "GET /plan/division/tree2?ownId=0&selectId=2543997172191232 HTTP/1.1" 200 (31 ms)
[27/Sep/2022:20:33:32 +0800] 0:0:0:0:0:0:0:1 "GET /plan/division/machine/tree?ownId=2543997172191232&selectId=2543997172191232&rootId=2543997172191232 HTTP/1.1" 200 (17 ms)
[27/Sep/2022:20:33:33 +0800] 0:0:0:0:0:0:0:1 "GET /plan/division/tree2?ownId=0&selectId=5342111822123008 HTTP/1.1" 200 (34 ms)
[27/Sep/2022:20:33:33 +0800] 0:0:0:0:0:0:0:1 "GET /plan/division/machine/tree?ownId=5342111822123008&selectId=5342111822123008&rootId=5342111822123008 HTTP/1.1" 200 (17 ms)
[27/Sep/2022:20:33:34 +0800] 0:0:0:0:0:0:0:1 "GET /plan/division/tree2?ownId=5342111822123008&selectId=5342224720203776 HTTP/1.1" 200 (35 ms)
[27/Sep/2022:20:33:34 +0800] 0:0:0:0:0:0:0:1 "GET /plan/division/machine/tree?ownId=5342224720203776&selectId=5342224720203776&rootId=5342224720203776 HTTP/1.1" 200 (18 ms)
[27/Sep/2022:20:33:35 +0800] 0:0:0:0:0:0:0:1 "GET /plan/division/tree2?ownId=0&selectId=2 HTTP/1.1" 200 (36 ms)
[27/Sep/2022:20:33:35 +0800] 0:0:0:0:0:0:0:1 "GET /plan/division/machine/tree?ownId=2&selectId=2&rootId=2 HTTP/1.1" 200 (17 ms)
[27/Sep/2022:20:33:37 +0800] 0:0:0:0:0:0:0:1 "GET /plan/division/tree2?ownId=0&selectId=2543997172191232 HTTP/1.1" 200 (32 ms)
[27/Sep/2022:20:33:37 +0800] 0:0:0:0:0:0:0:1 "GET /plan/division/machine/tree?ownId=2543997172191232&selectId=2543997172191232&rootId=2543997172191232 HTTP/1.1" 200 (14 ms)
[27/Sep/2022:20:33:52 +0800] 0:0:0:0:0:0:0:1 "GET /plan/division/machine/tree?ownId=3310835300700160&selectId=3310835300700160&rootId=3310835300700160 HTTP/1.1" 200 (17 ms)
[27/Sep/2022:20:33:55 +0800] 0:0:0:0:0:0:0:1 "POST /plan/division/push HTTP/1.1" 200 (9 ms)
[27/Sep/2022:20:33:55 +0800] 0:0:0:0:0:0:0:1 "GET /plan/division/machine/tree?ownId=2543997172191232&selectId=2543997172191232&rootId=2543997172191232 HTTP/1.1" 200 (15 ms)
[27/Sep/2022:20:33:59 +0800] 0:0:0:0:0:0:0:1 "GET /plan/division/tree2?ownId=0&selectId=3 HTTP/1.1" 200 (31 ms)
[27/Sep/2022:20:34:00 +0800] 0:0:0:0:0:0:0:1 "GET /plan/division/machine/tree?ownId=3&selectId=3&rootId=3 HTTP/1.1" 200 (17 ms)
[27/Sep/2022:20:34:00 +0800] 0:0:0:0:0:0:0:1 "GET /plan/division/tree2?ownId=0&selectId=2543997172191232 HTTP/1.1" 200 (31 ms)
[27/Sep/2022:20:34:00 +0800] 0:0:0:0:0:0:0:1 "GET /plan/division/machine/tree?ownId=2543997172191232&selectId=2543997172191232&rootId=2543997172191232 HTTP/1.1" 200 (17 ms)
[27/Sep/2022:20:34:03 +0800] 0:0:0:0:0:0:0:1 "GET /plan/division/machine/tree?ownId=3310835300700160&selectId=3310835300700160&rootId=3310835300700160 HTTP/1.1" 200 (20 ms)
[27/Sep/2022:20:35:45 +0800] 0:0:0:0:0:0:0:1 "GET /project/tree?rootId=0 HTTP/1.1" 200 (42 ms)
[27/Sep/2022:20:35:45 +0800] 0:0:0:0:0:0:0:1 "GET /plan/division/tree2?ownId=0&selectId=2543997172191232 HTTP/1.1" 200 (40 ms)
[27/Sep/2022:20:35:45 +0800] 0:0:0:0:0:0:0:1 "GET /plan/division/machine/tree?ownId=2543997172191232&selectId=2543997172191232&rootId=2543997172191232 HTTP/1.1" 200 (23 ms)
[27/Sep/2022:20:36:03 +0800] 0:0:0:0:0:0:0:1 "GET /plan/division/tree2?ownId=0&selectId=2543997172191232 HTTP/1.1" 200 (29 ms)
[27/Sep/2022:20:36:03 +0800] 0:0:0:0:0:0:0:1 "GET /plan/division/machine/tree?ownId=2543997172191232&selectId=2543997172191232&rootId=2543997172191232 HTTP/1.1" 200 (16 ms)
[27/Sep/2022:20:36:10 +0800] 0:0:0:0:0:0:0:1 "GET /plan/division/tree2?ownId=0&selectId=2543997172191232 HTTP/1.1" 200 (35 ms)
[27/Sep/2022:20:36:10 +0800] 0:0:0:0:0:0:0:1 "GET /plan/division/machine/tree?ownId=2543997172191232&selectId=2543997172191232&rootId=2543997172191232 HTTP/1.1" 200 (18 ms)
[27/Sep/2022:20:36:23 +0800] 0:0:0:0:0:0:0:1 "GET /plan/division/machine/tree?ownId=2543997172191232&selectId=2543997172191232&rootId=2543997172191232 HTTP/1.1" 200 (17 ms)
[27/Sep/2022:20:36:29 +0800] 0:0:0:0:0:0:0:1 "GET /plan/division/machine/tree?ownId=2543997172191232&selectId=2543997172191232&rootId=2543997172191232 HTTP/1.1" 200 (12 ms)
[27/Sep/2022:20:36:30 +0800] 0:0:0:0:0:0:0:1 "GET /plan/division/machine/tree?ownId=2543997172191232&selectId=2543997172191232&rootId=2543997172191232 HTTP/1.1" 200 (12 ms)
[27/Sep/2022:20:36:31 +0800] 0:0:0:0:0:0:0:1 "GET /plan/division/machine/tree?ownId=2543997172191232&selectId=2543997172191232&rootId=2543997172191232 HTTP/1.1" 200 (12 ms)
[27/Sep/2022:20:36:52 +0800] 0:0:0:0:0:0:0:1 "GET /plan/division/tree2?ownId=3&selectId=13 HTTP/1.1" 200 (32 ms)
[27/Sep/2022:20:36:52 +0800] 0:0:0:0:0:0:0:1 "GET /plan/division/machine/tree?ownId=13&selectId=13&rootId=13 HTTP/1.1" 200 (15 ms)
[27/Sep/2022:20:36:52 +0800] 0:0:0:0:0:0:0:1 "GET /plan/division/machine/tree?ownId=13&selectId=13&rootId=13 HTTP/1.1" 200 (20 ms)
[27/Sep/2022:20:36:55 +0800] 0:0:0:0:0:0:0:1 "GET /plan/division/tree2?ownId=0&selectId=3 HTTP/1.1" 200 (31 ms)
[27/Sep/2022:20:36:55 +0800] 0:0:0:0:0:0:0:1 "GET /plan/division/machine/tree?ownId=3&selectId=3&rootId=3 HTTP/1.1" 200 (26 ms)
[27/Sep/2022:20:36:56 +0800] 0:0:0:0:0:0:0:1 "GET /plan/division/tree2?ownId=0&selectId=5342111822123008 HTTP/1.1" 200 (32 ms)
[27/Sep/2022:20:36:57 +0800] 0:0:0:0:0:0:0:1 "GET /plan/division/machine/tree?ownId=5342111822123008&selectId=5342111822123008&rootId=5342111822123008 HTTP/1.1" 200 (17 ms)
[27/Sep/2022:20:36:58 +0800] 0:0:0:0:0:0:0:1 "GET /plan/division/tree2?ownId=0&selectId=2 HTTP/1.1" 200 (35 ms)
[27/Sep/2022:20:36:58 +0800] 0:0:0:0:0:0:0:1 "GET /plan/division/machine/tree?ownId=2&selectId=2&rootId=2 HTTP/1.1" 200 (16 ms)
[27/Sep/2022:20:37:03 +0800] 0:0:0:0:0:0:0:1 "GET /plan/division/tree2?ownId=0&selectId=2543997172191232 HTTP/1.1" 200 (29 ms)
[27/Sep/2022:20:37:03 +0800] 0:0:0:0:0:0:0:1 "GET /plan/division/machine/tree?ownId=2543997172191232&selectId=2543997172191232&rootId=2543997172191232 HTTP/1.1" 200 (18 ms)
[27/Sep/2022:20:37:05 +0800] 0:0:0:0:0:0:0:1 "GET /plan/division/tree2?ownId=0&selectId=3 HTTP/1.1" 200 (32 ms)
[27/Sep/2022:20:37:06 +0800] 0:0:0:0:0:0:0:1 "GET /plan/division/machine/tree?ownId=3&selectId=3&rootId=3 HTTP/1.1" 200 (18 ms)
[27/Sep/2022:20:37:10 +0800] 0:0:0:0:0:0:0:1 "GET /plan/division/tree2?ownId=0&selectId=2543997172191232 HTTP/1.1" 200 (34 ms)
[27/Sep/2022:20:37:10 +0800] 0:0:0:0:0:0:0:1 "GET /plan/division/machine/tree?ownId=2543997172191232&selectId=2543997172191232&rootId=2543997172191232 HTTP/1.1" 200 (17 ms)
[27/Sep/2022:20:37:20 +0800] 0:0:0:0:0:0:0:1 "GET /plan/division/tree2?ownId=0&selectId=2543997172191232 HTTP/1.1" 200 (32 ms)
[27/Sep/2022:20:47:38 +0800] 0:0:0:0:0:0:0:1 "GET /plan/division/tree2?ownId=0&selectId=2543997172191232 HTTP/1.1" 200 (53 ms)
[27/Sep/2022:20:47:38 +0800] 0:0:0:0:0:0:0:1 "GET /plan/division/machine/tree?ownId=2543997172191232&selectId=2543997172191232&rootId=2543997172191232 HTTP/1.1" 200 (21 ms)
[27/Sep/2022:20:48:59 +0800] 0:0:0:0:0:0:0:1 "GET /project/tree?rootId=0 HTTP/1.1" 200 (42 ms)
[27/Sep/2022:20:48:59 +0800] 0:0:0:0:0:0:0:1 "GET /plan/division/tree2?ownId=0&selectId=2543997172191232 HTTP/1.1" 200 (48 ms)
[27/Sep/2022:20:48:59 +0800] 0:0:0:0:0:0:0:1 "GET /plan/division/machine/tree?ownId=2543997172191232&selectId=2543997172191232&rootId=2543997172191232 HTTP/1.1" 200 (26 ms)
[27/Sep/2022:20:49:44 +0800] 0:0:0:0:0:0:0:1 "GET /plan/division/tree2?ownId=0&selectId=3 HTTP/1.1" 200 (34 ms)
[27/Sep/2022:20:49:44 +0800] 0:0:0:0:0:0:0:1 "GET /plan/division/machine/tree?ownId=3&selectId=3&rootId=3 HTTP/1.1" 200 (18 ms)
[27/Sep/2022:20:51:08 +0800] 0:0:0:0:0:0:0:1 "GET /project/tree?rootId=0 HTTP/1.1" 200 (38 ms)
[27/Sep/2022:20:51:08 +0800] 0:0:0:0:0:0:0:1 "GET /budget/division/tree2?ownId=0&selectId=2543997172191232 HTTP/1.1" 200 (59 ms)
[27/Sep/2022:20:51:08 +0800] 0:0:0:0:0:0:0:1 "GET /budget/division/machine/tree?ownId=2543997172191232&selectId=2543997172191232&rootId=2543997172191232 HTTP/1.1" 200 (40 ms)
[27/Sep/2022:20:52:03 +0800] 0:0:0:0:0:0:0:1 "GET /budget/division/tree2?ownId=0&selectId=3 HTTP/1.1" 200 (32 ms)
[27/Sep/2022:20:52:04 +0800] 0:0:0:0:0:0:0:1 "GET /budget/division/machine/tree?ownId=3&selectId=3&rootId=3 HTTP/1.1" 200 (16 ms)
[27/Sep/2022:20:52:31 +0800] 0:0:0:0:0:0:0:1 "GET /project/tree?rootId=0 HTTP/1.1" 200 (31 ms)
[27/Sep/2022:20:52:32 +0800] 0:0:0:0:0:0:0:1 "GET /budget/measure/tree2?ownId=0&selectId=2543997172191232 HTTP/1.1" 200 (432 ms)
[27/Sep/2022:20:52:32 +0800] 0:0:0:0:0:0:0:1 "GET /budget/measure/machine/tree?ownId=2543997172191232&selectId=2543997172191232&rootId=2543997172191232 HTTP/1.1" 200 (41 ms)
[27/Sep/2022:20:52:44 +0800] 0:0:0:0:0:0:0:1 "GET /project/tree?rootId=0 HTTP/1.1" 200 (28 ms)
[27/Sep/2022:20:52:44 +0800] 0:0:0:0:0:0:0:1 "GET /budget/division/tree2?ownId=0&selectId=2543997172191232 HTTP/1.1" 200 (30 ms)
[27/Sep/2022:20:52:44 +0800] 0:0:0:0:0:0:0:1 "GET /budget/division/machine/tree?ownId=2543997172191232&selectId=2543997172191232&rootId=2543997172191232 HTTP/1.1" 200 (23 ms)
[27/Sep/2022:20:53:52 +0800] 0:0:0:0:0:0:0:1 "GET /project/tree?rootId=0 HTTP/1.1" 200 (38 ms)
[27/Sep/2022:20:53:53 +0800] 0:0:0:0:0:0:0:1 "GET /budget/division/tree2?ownId=0&projectId=2543997172191232 HTTP/1.1" 500 (58 ms)
[27/Sep/2022:20:54:05 +0800] 0:0:0:0:0:0:0:1 "GET /project/tree?rootId=0 HTTP/1.1" 200 (26 ms)
[27/Sep/2022:20:54:05 +0800] 0:0:0:0:0:0:0:1 "GET /budget/division/tree2?ownId=0&projectId=2543997172191232 HTTP/1.1" 500 (6 ms)
[27/Sep/2022:21:00:25 +0800] 0:0:0:0:0:0:0:1 "GET /project/tree?rootId=0 HTTP/1.1" 200 (1479 ms)
[27/Sep/2022:21:00:25 +0800] 0:0:0:0:0:0:0:1 "GET /budget/division/tree2?ownId=0&projectId=2543997172191232 HTTP/1.1" 200 (54 ms)
[27/Sep/2022:21:00:25 +0800] 0:0:0:0:0:0:0:1 "GET /budget/division/machine/tree?ownId=2543997172191232&divisionId=2543997172191232&rootId=2543997172191232 HTTP/1.1" 200 (36 ms)
[27/Sep/2022:21:01:47 +0800] 0:0:0:0:0:0:0:1 "GET /budget/division/tree2?ownId=0&projectId=3 HTTP/1.1" 200 (64 ms)
[27/Sep/2022:21:01:48 +0800] 0:0:0:0:0:0:0:1 "GET /budget/division/machine/tree?ownId=3&divisionId=3&rootId=3 HTTP/1.1" 200 (23 ms)
[27/Sep/2022:21:01:50 +0800] 0:0:0:0:0:0:0:1 "GET /budget/division/tree2?ownId=0&projectId=2543997172191232 HTTP/1.1" 200 (36 ms)
[27/Sep/2022:21:01:51 +0800] 0:0:0:0:0:0:0:1 "GET /budget/division/machine/tree?ownId=2543997172191232&divisionId=2543997172191232&rootId=2543997172191232 HTTP/1.1" 200 (40 ms)
[27/Sep/2022:21:20:18 +0800] 0:0:0:0:0:0:0:1 "GET /project/tree?rootId=0 HTTP/1.1" 200 (34 ms)
[27/Sep/2022:21:20:18 +0800] 0:0:0:0:0:0:0:1 "GET /budget/division/tree2?ownId=0&projectId=2543997172191232 HTTP/1.1" 200 (44 ms)
[27/Sep/2022:21:20:18 +0800] 0:0:0:0:0:0:0:1 "GET /budget/division/machine/tree?ownId=2543997172191232&divisionId=2543997172191232&rootId=2543997172191232 HTTP/1.1" 200 (15 ms)
[27/Sep/2022:21:20:31 +0800] 0:0:0:0:0:0:0:1 "GET /project/tree?rootId=0 HTTP/1.1" 200 (26 ms)
[27/Sep/2022:21:20:31 +0800] 0:0:0:0:0:0:0:1 "GET /budget/division/tree2?ownId=0&projectId=2543997172191232 HTTP/1.1" 200 (36 ms)
[27/Sep/2022:21:20:32 +0800] 0:0:0:0:0:0:0:1 "GET /budget/division/machine/tree?ownId=2543997172191232&divisionId=2543997172191232&rootId=2543997172191232 HTTP/1.1" 200 (20 ms)
[27/Sep/2022:21:31:19 +0800] 0:0:0:0:0:0:0:1 "GET /project/tree?rootId=0 HTTP/1.1" 200 (51 ms)
[27/Sep/2022:21:31:19 +0800] 0:0:0:0:0:0:0:1 "GET /budget/division/tree2?ownId=0&projectId=2543997172191232 HTTP/1.1" 200 (70 ms)
[27/Sep/2022:21:31:19 +0800] 0:0:0:0:0:0:0:1 "GET /budget/division/machine/tree?ownId=2543997172191232&divisionId=2543997172191232&rootId=2543997172191232 HTTP/1.1" 200 (38 ms)
[27/Sep/2022:21:31:31 +0800] 0:0:0:0:0:0:0:1 "GET /project/tree?rootId=0 HTTP/1.1" 200 (36 ms)
[27/Sep/2022:21:31:31 +0800] 0:0:0:0:0:0:0:1 "GET /actual/division/tree2?ownId=0&projectId=2543997172191232 HTTP/1.1" 200 (54 ms)
[27/Sep/2022:21:31:32 +0800] 0:0:0:0:0:0:0:1 "GET /actual/division/machine/tree?ownId=2543997172191232&divisionId=2543997172191232&rootId=2543997172191232 HTTP/1.1" 200 (35 ms)
[27/Sep/2022:21:31:38 +0800] 0:0:0:0:0:0:0:1 "GET /project/tree?rootId=0 HTTP/1.1" 200 (30 ms)
[27/Sep/2022:21:31:38 +0800] 0:0:0:0:0:0:0:1 "GET /plan/division/tree2?ownId=0&projectId=2543997172191232 HTTP/1.1" 200 (56 ms)
[27/Sep/2022:21:31:38 +0800] 0:0:0:0:0:0:0:1 "GET /plan/division/machine/tree?ownId=2543997172191232&divisionId=2543997172191232&rootId=2543997172191232 HTTP/1.1" 200 (36 ms)
[27/Sep/2022:21:31:40 +0800] 0:0:0:0:0:0:0:1 "GET /plan/division/machine/tree?ownId=3310835300700160&divisionId=3310835300700160&rootId=3310835300700160 HTTP/1.1" 200 (31 ms)
[27/Sep/2022:21:31:42 +0800] 0:0:0:0:0:0:0:1 "OPTIONS /plan/division/push HTTP/1.1" 200 (4 ms)
[27/Sep/2022:21:31:42 +0800] 0:0:0:0:0:0:0:1 "POST /plan/division/push HTTP/1.1" 200 (210 ms)
[27/Sep/2022:21:31:43 +0800] 0:0:0:0:0:0:0:1 "GET /plan/division/machine/tree?ownId=5865676380180480&divisionId=5865676380180480&rootId=5865676380180480 HTTP/1.1" 200 (21 ms)
[27/Sep/2022:21:31:43 +0800] 0:0:0:0:0:0:0:1 "GET /plan/division/machine/tree?ownId=5865676380180480&divisionId=5865676380180480&rootId=5865676380180480 HTTP/1.1" 200 (17 ms)
[27/Sep/2022:21:31:44 +0800] 0:0:0:0:0:0:0:1 "GET /plan/division/machine/tree?ownId=5850785871171584&divisionId=5850785871171584&rootId=5850785871171584 HTTP/1.1" 200 (23 ms)
[27/Sep/2022:21:31:45 +0800] 0:0:0:0:0:0:0:1 "GET /plan/division/machine/tree?ownId=5850785871171584&divisionId=5850785871171584&rootId=5850785871171584 HTTP/1.1" 200 (24 ms)
[27/Sep/2022:21:31:47 +0800] 0:0:0:0:0:0:0:1 "GET /plan/division/machine/tree?ownId=5865676380180480&divisionId=5865676380180480&rootId=5865676380180480 HTTP/1.1" 200 (19 ms)
[27/Sep/2022:21:31:47 +0800] 0:0:0:0:0:0:0:1 "GET /plan/division/machine/tree?ownId=5865676380180480&divisionId=5865676380180480&rootId=5865676380180480 HTTP/1.1" 200 (18 ms)
[27/Sep/2022:21:31:51 +0800] 0:0:0:0:0:0:0:1 "GET /plan/division/machine/tree?ownId=5865676380180480&divisionId=5865676380180480&rootId=5865676380180480 HTTP/1.1" 200 (63 ms)
[27/Sep/2022:21:31:51 +0800] 0:0:0:0:0:0:0:1 "POST /plan/division/push HTTP/1.1" 200 (192 ms)
[27/Sep/2022:21:31:51 +0800] 0:0:0:0:0:0:0:1 "GET /plan/division/machine/tree?ownId=5865676380180480&divisionId=5865676380180480&rootId=5865676380180480 HTTP/1.1" 200 (20 ms)
[27/Sep/2022:21:31:55 +0800] 0:0:0:0:0:0:0:1 "GET /plan/division/machine/tree?ownId=5850785871171584&divisionId=5850785871171584&rootId=5850785871171584 HTTP/1.1" 200 (23 ms)
[27/Sep/2022:21:31:55 +0800] 0:0:0:0:0:0:0:1 "POST /plan/division/push HTTP/1.1" 200 (111 ms)
[27/Sep/2022:21:32:00 +0800] 0:0:0:0:0:0:0:1 "GET /plan/division/machine/tree?ownId=5865676380180480&divisionId=5865676380180480&rootId=5865676380180480 HTTP/1.1" 200 (19 ms)
[27/Sep/2022:21:32:00 +0800] 0:0:0:0:0:0:0:1 "GET /plan/division/machine/tree?ownId=5865676380180480&divisionId=5865676380180480&rootId=5865676380180480 HTTP/1.1" 200 (20 ms)
[27/Sep/2022:21:32:02 +0800] 0:0:0:0:0:0:0:1 "GET /plan/division/machine/tree?ownId=5850785871171584&divisionId=5850785871171584&rootId=5850785871171584 HTTP/1.1" 200 (17 ms)
[27/Sep/2022:21:32:02 +0800] 0:0:0:0:0:0:0:1 "POST /plan/division/push HTTP/1.1" 200 (5 ms)
[27/Sep/2022:21:32:02 +0800] 0:0:0:0:0:0:0:1 "GET /plan/division/machine/tree?ownId=5850785871171584&divisionId=5850785871171584&rootId=5850785871171584 HTTP/1.1" 200 (18 ms)
[27/Sep/2022:21:32:02 +0800] 0:0:0:0:0:0:0:1 "GET /plan/division/machine/tree?ownId=5850785871171584&divisionId=5850785871171584&rootId=5850785871171584 HTTP/1.1" 200 (21 ms)
[27/Sep/2022:21:32:03 +0800] 0:0:0:0:0:0:0:1 "GET /plan/division/machine/tree?ownId=5850785871171584&divisionId=5850785871171584&rootId=5850785871171584 HTTP/1.1" 200 (22 ms)
[27/Sep/2022:21:32:03 +0800] 0:0:0:0:0:0:0:1 "GET /plan/division/machine/tree?ownId=5850785871171584&divisionId=5850785871171584&rootId=5850785871171584 HTTP/1.1" 200 (18 ms)
[27/Sep/2022:21:32:05 +0800] 0:0:0:0:0:0:0:1 "GET /plan/division/machine/tree?ownId=5865676380180480&divisionId=5865676380180480&rootId=5865676380180480 HTTP/1.1" 200 (20 ms)
[27/Sep/2022:21:32:05 +0800] 0:0:0:0:0:0:0:1 "POST /plan/division/push HTTP/1.1" 200 (7 ms)
[27/Sep/2022:21:32:10 +0800] 0:0:0:0:0:0:0:1 "GET /plan/division/machine/tree?ownId=5850785871171584&divisionId=5850785871171584&rootId=5850785871171584 HTTP/1.1" 200 (21 ms)
[27/Sep/2022:21:32:10 +0800] 0:0:0:0:0:0:0:1 "GET /plan/division/machine/tree?ownId=5850785871171584&divisionId=5850785871171584&rootId=5850785871171584 HTTP/1.1" 200 (17 ms)
[27/Sep/2022:21:32:12 +0800] 0:0:0:0:0:0:0:1 "GET /plan/division/machine/tree?ownId=5850785871171584&divisionId=5850785871171584&rootId=5850785871171584 HTTP/1.1" 200 (16 ms)
[27/Sep/2022:21:32:12 +0800] 0:0:0:0:0:0:0:1 "POST /plan/division/push HTTP/1.1" 200 (10 ms)
[27/Sep/2022:21:32:12 +0800] 0:0:0:0:0:0:0:1 "GET /plan/division/machine/tree?ownId=5850785871171584&divisionId=5850785871171584&rootId=5850785871171584 HTTP/1.1" 200 (18 ms)
[27/Sep/2022:21:32:12 +0800] 0:0:0:0:0:0:0:1 "GET /plan/division/machine/tree?ownId=5850785871171584&divisionId=5850785871171584&rootId=5850785871171584 HTTP/1.1" 200 (25 ms)
[27/Sep/2022:21:32:13 +0800] 0:0:0:0:0:0:0:1 "GET /plan/division/machine/tree?ownId=5850785871171584&divisionId=5850785871171584&rootId=5850785871171584 HTTP/1.1" 200 (19 ms)
[27/Sep/2022:21:32:13 +0800] 0:0:0:0:0:0:0:1 "GET /plan/division/machine/tree?ownId=5850785871171584&divisionId=5850785871171584&rootId=5850785871171584 HTTP/1.1" 200 (15 ms)
[27/Sep/2022:21:32:14 +0800] 0:0:0:0:0:0:0:1 "GET /plan/division/machine/tree?ownId=5865676380180480&divisionId=5865676380180480&rootId=5865676380180480 HTTP/1.1" 200 (16 ms)
[27/Sep/2022:21:32:14 +0800] 0:0:0:0:0:0:0:1 "POST /plan/division/push HTTP/1.1" 200 (7 ms)
[27/Sep/2022:21:32:15 +0800] 0:0:0:0:0:0:0:1 "GET /plan/division/machine/tree?ownId=5865676380180480&divisionId=5865676380180480&rootId=5865676380180480 HTTP/1.1" 200 (18 ms)
[27/Sep/2022:21:32:15 +0800] 0:0:0:0:0:0:0:1 "GET /plan/division/machine/tree?ownId=5865676380180480&divisionId=5865676380180480&rootId=5865676380180480 HTTP/1.1" 200 (17 ms)
[27/Sep/2022:21:32:17 +0800] 0:0:0:0:0:0:0:1 "GET /plan/division/machine/tree?ownId=5865676380180480&divisionId=5865676380180480&rootId=5865676380180480 HTTP/1.1" 200 (16 ms)
[27/Sep/2022:21:32:17 +0800] 0:0:0:0:0:0:0:1 "POST /plan/division/push HTTP/1.1" 200 (6 ms)
[27/Sep/2022:21:32:17 +0800] 0:0:0:0:0:0:0:1 "GET /plan/division/machine/tree?ownId=5865676380180480&divisionId=5865676380180480&rootId=5865676380180480 HTTP/1.1" 200 (17 ms)
[27/Sep/2022:21:32:18 +0800] 0:0:0:0:0:0:0:1 "GET /plan/division/machine/tree?ownId=5850785871171584&divisionId=5850785871171584&rootId=5850785871171584 HTTP/1.1" 200 (19 ms)
[27/Sep/2022:21:32:18 +0800] 0:0:0:0:0:0:0:1 "POST /plan/division/push HTTP/1.1" 200 (8 ms)
[27/Sep/2022:21:32:20 +0800] 0:0:0:0:0:0:0:1 "GET /plan/division/tree2?ownId=0&projectId=3 HTTP/1.1" 200 (36 ms)
[27/Sep/2022:21:32:20 +0800] 0:0:0:0:0:0:0:1 "GET /plan/division/machine/tree?ownId=13&divisionId=13&rootId=13 HTTP/1.1" 200 (23 ms)
[27/Sep/2022:21:32:20 +0800] 0:0:0:0:0:0:0:1 "GET /plan/division/machine/tree?ownId=3&divisionId=3&rootId=3 HTTP/1.1" 200 (22 ms)
[27/Sep/2022:21:32:21 +0800] 0:0:0:0:0:0:0:1 "GET /plan/division/tree2?ownId=0&projectId=2543997172191232 HTTP/1.1" 200 (35 ms)
[27/Sep/2022:21:32:21 +0800] 0:0:0:0:0:0:0:1 "GET /plan/division/machine/tree?ownId=2543997172191232&divisionId=2543997172191232&rootId=2543997172191232 HTTP/1.1" 200 (21 ms)
[27/Sep/2022:21:33:13 +0800] 0:0:0:0:0:0:0:1 "GET /plan/division/machine/tree?ownId=5850785871171584&divisionId=5850785871171584&rootId=5850785871171584 HTTP/1.1" 200 (31 ms)
[27/Sep/2022:21:33:13 +0800] 0:0:0:0:0:0:0:1 "GET /plan/division/machine/tree?ownId=5850785871171584&divisionId=5850785871171584&rootId=5850785871171584 HTTP/1.1" 200 (140 ms)
[27/Sep/2022:21:33:22 +0800] 0:0:0:0:0:0:0:1 "GET /plan/division/machine/tree?ownId=5865676380180480&divisionId=5865676380180480&rootId=5865676380180480 HTTP/1.1" 200 (14 ms)
[27/Sep/2022:21:33:22 +0800] 0:0:0:0:0:0:0:1 "POST /plan/division/push HTTP/1.1" 200 (6 ms)
[27/Sep/2022:21:33:22 +0800] 0:0:0:0:0:0:0:1 "GET /plan/division/machine/tree?ownId=5865676380180480&divisionId=5865676380180480&rootId=5865676380180480 HTTP/1.1" 200 (15 ms)
[27/Sep/2022:21:33:22 +0800] 0:0:0:0:0:0:0:1 "GET /plan/division/machine/tree?ownId=5865676380180480&divisionId=5865676380180480&rootId=5865676380180480 HTTP/1.1" 200 (19 ms)
[27/Sep/2022:21:33:23 +0800] 0:0:0:0:0:0:0:1 "GET /plan/division/machine/tree?ownId=5865676380180480&divisionId=5865676380180480&rootId=5865676380180480 HTTP/1.1" 200 (14 ms)
[27/Sep/2022:21:33:26 +0800] 0:0:0:0:0:0:0:1 "GET /plan/division/machine/tree?ownId=5865676380180480&divisionId=5865676380180480&rootId=5865676380180480 HTTP/1.1" 200 (15 ms)
[27/Sep/2022:21:33:26 +0800] 0:0:0:0:0:0:0:1 "GET /plan/division/machine/tree?ownId=5865676380180480&divisionId=5865676380180480&rootId=5865676380180480 HTTP/1.1" 200 (15 ms)
[27/Sep/2022:21:33:28 +0800] 0:0:0:0:0:0:0:1 "GET /plan/division/machine/tree?ownId=5850785871171584&divisionId=5850785871171584&rootId=5850785871171584 HTTP/1.1" 200 (18 ms)
[27/Sep/2022:21:33:28 +0800] 0:0:0:0:0:0:0:1 "POST /plan/division/push HTTP/1.1" 200 (12 ms)
[27/Sep/2022:21:39:25 +0800] 0:0:0:0:0:0:0:1 "GET /project/tree?rootId=0 HTTP/1.1" 200 (34 ms)
[27/Sep/2022:21:39:25 +0800] 0:0:0:0:0:0:0:1 "GET /plan/division/tree2?ownId=0&projectId=2543997172191232 HTTP/1.1" 200 (84 ms)
[27/Sep/2022:21:39:25 +0800] 0:0:0:0:0:0:0:1 "GET /plan/division/machine/tree?ownId=2543997172191232&divisionId=2543997172191232&rootId=2543997172191232 HTTP/1.1" 200 (20 ms)
[27/Sep/2022:21:39:32 +0800] 0:0:0:0:0:0:0:1 "GET /plan/division/machine/tree?ownId=5850785871171584&divisionId=5850785871171584&rootId=5850785871171584 HTTP/1.1" 200 (15 ms)
[27/Sep/2022:21:39:32 +0800] 0:0:0:0:0:0:0:1 "GET /plan/division/machine/tree?ownId=5850785871171584&divisionId=5850785871171584&rootId=5850785871171584 HTTP/1.1" 200 (14 ms)
[27/Sep/2022:21:39:34 +0800] 0:0:0:0:0:0:0:1 "GET /plan/division/machine/tree?ownId=5865676380180480&divisionId=5865676380180480&rootId=5865676380180480 HTTP/1.1" 200 (17 ms)
[27/Sep/2022:21:39:34 +0800] 0:0:0:0:0:0:0:1 "GET /plan/division/machine/tree?ownId=5865676380180480&divisionId=5865676380180480&rootId=5865676380180480 HTTP/1.1" 200 (22 ms)
[27/Sep/2022:21:39:34 +0800] 0:0:0:0:0:0:0:1 "POST /plan/division/push HTTP/1.1" 200 (310 ms)
[27/Sep/2022:21:39:36 +0800] 0:0:0:0:0:0:0:1 "GET /plan/division/machine/tree?ownId=3310835300700160&divisionId=3310835300700160&rootId=3310835300700160 HTTP/1.1" 200 (16 ms)
[27/Sep/2022:21:39:36 +0800] 0:0:0:0:0:0:0:1 "POST /plan/division/push HTTP/1.1" 200 (10 ms)
[27/Sep/2022:21:39:37 +0800] 0:0:0:0:0:0:0:1 "GET /plan/division/tree2?ownId=0&projectId=3 HTTP/1.1" 200 (48 ms)
[27/Sep/2022:21:39:37 +0800] 0:0:0:0:0:0:0:1 "GET /plan/division/machine/tree?ownId=3&divisionId=3&rootId=3 HTTP/1.1" 200 (19 ms)
[27/Sep/2022:21:39:38 +0800] 0:0:0:0:0:0:0:1 "GET /plan/division/tree2?ownId=0&projectId=2543997172191232 HTTP/1.1" 200 (32 ms)
[27/Sep/2022:21:39:38 +0800] 0:0:0:0:0:0:0:1 "GET /plan/division/machine/tree?ownId=2543997172191232&divisionId=2543997172191232&rootId=2543997172191232 HTTP/1.1" 200 (16 ms)
[27/Sep/2022:21:39:45 +0800] 0:0:0:0:0:0:0:1 "GET /plan/division/machine/tree?ownId=5850785871171584&divisionId=5850785871171584&rootId=5850785871171584 HTTP/1.1" 200 (23 ms)
[27/Sep/2022:21:39:46 +0800] 0:0:0:0:0:0:0:1 "GET /plan/division/machine/tree?ownId=5850785871171584&divisionId=5850785871171584&rootId=5850785871171584 HTTP/1.1" 200 (15 ms)
[27/Sep/2022:21:39:48 +0800] 0:0:0:0:0:0:0:1 "GET /plan/division/machine/tree?ownId=5865676380180480&divisionId=5865676380180480&rootId=5865676380180480 HTTP/1.1" 200 (19 ms)
[27/Sep/2022:21:39:48 +0800] 0:0:0:0:0:0:0:1 "GET /plan/division/machine/tree?ownId=5865676380180480&divisionId=5865676380180480&rootId=5865676380180480 HTTP/1.1" 200 (17 ms)
[27/Sep/2022:21:39:48 +0800] 0:0:0:0:0:0:0:1 "POST /plan/division/push HTTP/1.1" 200 (319 ms)
[27/Sep/2022:21:39:50 +0800] 0:0:0:0:0:0:0:1 "GET /plan/division/machine/tree?ownId=5865676380180480&divisionId=5865676380180480&rootId=5865676380180480 HTTP/1.1" 200 (18 ms)
[27/Sep/2022:21:39:50 +0800] 0:0:0:0:0:0:0:1 "POST /plan/division/push HTTP/1.1" 200 (11 ms)
[27/Sep/2022:21:39:50 +0800] 0:0:0:0:0:0:0:1 "GET /plan/division/machine/tree?ownId=5865676380180480&divisionId=5865676380180480&rootId=5865676380180480 HTTP/1.1" 200 (19 ms)
[27/Sep/2022:21:39:51 +0800] 0:0:0:0:0:0:0:1 "GET /plan/division/machine/tree?ownId=5850785871171584&divisionId=5850785871171584&rootId=5850785871171584 HTTP/1.1" 200 (16 ms)
[27/Sep/2022:21:39:51 +0800] 0:0:0:0:0:0:0:1 "POST /plan/division/push HTTP/1.1" 200 (16 ms)
[27/Sep/2022:21:39:52 +0800] 0:0:0:0:0:0:0:1 "GET /plan/division/machine/tree?ownId=5850785871171584&divisionId=5850785871171584&rootId=5850785871171584 HTTP/1.1" 200 (14 ms)
[27/Sep/2022:21:39:54 +0800] 0:0:0:0:0:0:0:1 "GET /plan/division/machine/tree?ownId=5865676380180480&divisionId=5865676380180480&rootId=5865676380180480 HTTP/1.1" 200 (15 ms)
[27/Sep/2022:21:39:54 +0800] 0:0:0:0:0:0:0:1 "POST /plan/division/push HTTP/1.1" 200 (10 ms)
[27/Sep/2022:21:39:57 +0800] 0:0:0:0:0:0:0:1 "GET /plan/division/tree2?ownId=0&projectId=3 HTTP/1.1" 200 (34 ms)
[27/Sep/2022:21:39:57 +0800] 0:0:0:0:0:0:0:1 "GET /plan/division/machine/tree?ownId=13&divisionId=13&rootId=13 HTTP/1.1" 200 (18 ms)
[27/Sep/2022:21:39:57 +0800] 0:0:0:0:0:0:0:1 "GET /plan/division/machine/tree?ownId=3&divisionId=3&rootId=3 HTTP/1.1" 200 (19 ms)
[27/Sep/2022:21:39:57 +0800] 0:0:0:0:0:0:0:1 "GET /plan/division/tree2?ownId=0&projectId=2543997172191232 HTTP/1.1" 200 (32 ms)
[27/Sep/2022:21:39:57 +0800] 0:0:0:0:0:0:0:1 "GET /plan/division/machine/tree?ownId=2543997172191232&divisionId=2543997172191232&rootId=2543997172191232 HTTP/1.1" 200 (27 ms)
[27/Sep/2022:21:40:17 +0800] 0:0:0:0:0:0:0:1 "GET /plan/division/machine/tree?ownId=5865676380180480&divisionId=5865676380180480&rootId=5865676380180480 HTTP/1.1" 200 (18 ms)
[27/Sep/2022:21:42:15 +0800] 0:0:0:0:0:0:0:1 "GET /project/tree?rootId=0 HTTP/1.1" 200 (31 ms)
[27/Sep/2022:21:42:15 +0800] 0:0:0:0:0:0:0:1 "GET /plan/division/tree2?ownId=0&projectId=2543997172191232 HTTP/1.1" 200 (75 ms)
[27/Sep/2022:21:42:16 +0800] 0:0:0:0:0:0:0:1 "GET /plan/division/machine/tree?ownId=2543997172191232&divisionId=2543997172191232&rootId=2543997172191232 HTTP/1.1" 200 (28 ms)
[27/Sep/2022:21:42:28 +0800] 0:0:0:0:0:0:0:1 "GET /project/tree?rootId=0 HTTP/1.1" 200 (33 ms)
[27/Sep/2022:21:42:28 +0800] 0:0:0:0:0:0:0:1 "GET /actual/division/tree2?ownId=0&projectId=2543997172191232 HTTP/1.1" 200 (38 ms)
[27/Sep/2022:21:42:28 +0800] 0:0:0:0:0:0:0:1 "GET /actual/division/machine/tree?ownId=2543997172191232&divisionId=2543997172191232&rootId=2543997172191232 HTTP/1.1" 200 (21 ms)
[27/Sep/2022:21:42:34 +0800] 0:0:0:0:0:0:0:1 "GET /actual/division/machine/tree?ownId=2543997172191232&divisionId=2543997172191232&rootId=2543997172191232 HTTP/1.1" 200 (20 ms)
[27/Sep/2022:21:42:35 +0800] 0:0:0:0:0:0:0:1 "OPTIONS /actual/division/push HTTP/1.1" 200 (1 ms)
[27/Sep/2022:21:42:35 +0800] 0:0:0:0:0:0:0:1 "POST /actual/division/push HTTP/1.1" 200 (458 ms)
[27/Sep/2022:21:42:36 +0800] 0:0:0:0:0:0:0:1 "GET /actual/division/machine/tree?ownId=5868415248109568&divisionId=5868415248109568&rootId=5868415248109568 HTTP/1.1" 200 (14 ms)
[27/Sep/2022:21:42:36 +0800] 0:0:0:0:0:0:0:1 "GET /actual/division/machine/tree?ownId=5868415248109568&divisionId=5868415248109568&rootId=5868415248109568 HTTP/1.1" 200 (15 ms)
[27/Sep/2022:21:42:43 +0800] 0:0:0:0:0:0:0:1 "GET /actual/division/machine/tree?ownId=5868415248109568&divisionId=5868415248109568&rootId=5868415248109568 HTTP/1.1" 200 (22 ms)
[27/Sep/2022:21:42:44 +0800] 0:0:0:0:0:0:0:1 "POST /actual/division/push HTTP/1.1" 200 (135 ms)
[27/Sep/2022:21:42:44 +0800] 0:0:0:0:0:0:0:1 "GET /actual/division/machine/tree?ownId=5868415248109568&divisionId=5868415248109568&rootId=5868415248109568 HTTP/1.1" 200 (37 ms)
[27/Sep/2022:21:42:46 +0800] 0:0:0:0:0:0:0:1 "GET /actual/division/machine/tree?ownId=5868415248109568&divisionId=5868415248109568&rootId=5868415248109568 HTTP/1.1" 200 (15 ms)
[27/Sep/2022:21:42:50 +0800] 0:0:0:0:0:0:0:1 "GET /actual/division/machine/tree?ownId=5868415248109568&divisionId=5868415248109568&rootId=5868415248109568 HTTP/1.1" 200 (20 ms)
[27/Sep/2022:21:42:51 +0800] 0:0:0:0:0:0:0:1 "GET /actual/division/machine/tree?ownId=2543997172191232&divisionId=2543997172191232&rootId=2543997172191232 HTTP/1.1" 200 (15 ms)
[27/Sep/2022:21:42:52 +0800] 0:0:0:0:0:0:0:1 "GET /actual/division/machine/tree?ownId=5868415248109568&divisionId=5868415248109568&rootId=5868415248109568 HTTP/1.1" 200 (15 ms)
[27/Sep/2022:21:42:52 +0800] 0:0:0:0:0:0:0:1 "GET /actual/division/tree2?ownId=0&projectId=3 HTTP/1.1" 200 (31 ms)
[27/Sep/2022:21:42:52 +0800] 0:0:0:0:0:0:0:1 "GET /actual/division/machine/tree?ownId=3&divisionId=3&rootId=3 HTTP/1.1" 200 (17 ms)
[27/Sep/2022:21:42:53 +0800] 0:0:0:0:0:0:0:1 "GET /actual/division/tree2?ownId=0&projectId=2543997172191232 HTTP/1.1" 200 (28 ms)
[27/Sep/2022:21:42:53 +0800] 0:0:0:0:0:0:0:1 "GET /actual/division/machine/tree?ownId=2543997172191232&divisionId=2543997172191232&rootId=2543997172191232 HTTP/1.1" 200 (16 ms)
