[07/Sep/2022:06:50:59 +0800] 0:0:0:0:0:0:0:1 "POST /system/token HTTP/1.1" 200 (127 ms)
[07/Sep/2022:06:51:00 +0800] 0:0:0:0:0:0:0:1 "GET /system/menu HTTP/1.1" 200 (74 ms)
[07/Sep/2022:06:51:01 +0800] 0:0:0:0:0:0:0:1 "GET /project/fetch HTTP/1.1" 200 (1310 ms)
[07/Sep/2022:06:51:04 +0800] 0:0:0:0:0:0:0:1 "GET /construction/fetch HTTP/1.1" 200 (23 ms)
[07/Sep/2022:06:51:16 +0800] 0:0:0:0:0:0:0:1 "OPTIONS /construction/push HTTP/1.1" 200 (5 ms)
[07/Sep/2022:06:51:16 +0800] 0:0:0:0:0:0:0:1 "POST /construction/push HTTP/1.1" 200 (468 ms)
[07/Sep/2022:06:51:16 +0800] 0:0:0:0:0:0:0:1 "GET /construction/fetch HTTP/1.1" 200 (11 ms)
[07/Sep/2022:08:58:23 +0800] 0:0:0:0:0:0:0:1 "GET /construction/fetch HTTP/1.1" 200 (1009 ms)
[07/Sep/2022:08:59:07 +0800] 0:0:0:0:0:0:0:1 "GET /construction/fetch HTTP/1.1" 200 (23 ms)
[07/Sep/2022:08:59:15 +0800] 0:0:0:0:0:0:0:1 "GET /construction/fetch HTTP/1.1" 200 (23 ms)
[07/Sep/2022:09:20:55 +0800] 0:0:0:0:0:0:0:1 "GET /construction/fetch HTTP/1.1" 200 (33 ms)
[07/Sep/2022:09:21:42 +0800] 0:0:0:0:0:0:0:1 "GET /construction/fetch HTTP/1.1" 200 (22 ms)
[07/Sep/2022:09:22:22 +0800] 0:0:0:0:0:0:0:1 "GET /construction/fetch HTTP/1.1" 200 (18 ms)
[07/Sep/2022:09:22:54 +0800] 0:0:0:0:0:0:0:1 "GET /construction/fetch HTTP/1.1" 200 (20 ms)
[07/Sep/2022:09:23:00 +0800] 0:0:0:0:0:0:0:1 "GET /project/fetch HTTP/1.1" 200 (47 ms)
[07/Sep/2022:09:23:03 +0800] 0:0:0:0:0:0:0:1 "GET /construction/fetch HTTP/1.1" 200 (17 ms)
[07/Sep/2022:09:23:14 +0800] 0:0:0:0:0:0:0:1 "GET /construction/fetch HTTP/1.1" 200 (24 ms)
[07/Sep/2022:09:24:01 +0800] 0:0:0:0:0:0:0:1 "GET /construction/fetch HTTP/1.1" 200 (23 ms)
[07/Sep/2022:09:24:58 +0800] 0:0:0:0:0:0:0:1 "GET /construction/fetch HTTP/1.1" 200 (22 ms)
[07/Sep/2022:09:24:58 +0800] 0:0:0:0:0:0:0:1 "GET /construction/fetch HTTP/1.1" 200 (21 ms)
[07/Sep/2022:09:26:52 +0800] 0:0:0:0:0:0:0:1 "GET /construction/fetch HTTP/1.1" 200 (33 ms)
[07/Sep/2022:09:26:52 +0800] 0:0:0:0:0:0:0:1 "GET /construction/fetch HTTP/1.1" 200 (21 ms)
[07/Sep/2022:09:27:14 +0800] 0:0:0:0:0:0:0:1 "GET /construction/fetch HTTP/1.1" 200 (27 ms)
[07/Sep/2022:09:27:14 +0800] 0:0:0:0:0:0:0:1 "GET /construction/fetch HTTP/1.1" 200 (43 ms)
[07/Sep/2022:09:27:41 +0800] 0:0:0:0:0:0:0:1 "GET /construction/fetch HTTP/1.1" 200 (24 ms)
[07/Sep/2022:09:27:41 +0800] 0:0:0:0:0:0:0:1 "GET /construction/fetch HTTP/1.1" 200 (23 ms)
[07/Sep/2022:09:28:32 +0800] 0:0:0:0:0:0:0:1 "GET /construction/fetch HTTP/1.1" 200 (17 ms)
[07/Sep/2022:09:28:50 +0800] 0:0:0:0:0:0:0:1 "GET /construction/fetch HTTP/1.1" 200 (27 ms)
[07/Sep/2022:09:28:50 +0800] 0:0:0:0:0:0:0:1 "GET /construction/fetch HTTP/1.1" 200 (22 ms)
[07/Sep/2022:09:28:54 +0800] 0:0:0:0:0:0:0:1 "GET /construction/fetch HTTP/1.1" 200 (21 ms)
[07/Sep/2022:09:30:14 +0800] 0:0:0:0:0:0:0:1 "GET /construction/fetch HTTP/1.1" 200 (29 ms)
[07/Sep/2022:09:30:14 +0800] 0:0:0:0:0:0:0:1 "GET /construction/fetch HTTP/1.1" 200 (20 ms)
[07/Sep/2022:09:30:42 +0800] 0:0:0:0:0:0:0:1 "GET /construction/fetch HTTP/1.1" 200 (22 ms)
[07/Sep/2022:09:30:42 +0800] 0:0:0:0:0:0:0:1 "GET /construction/fetch HTTP/1.1" 200 (25 ms)
[07/Sep/2022:09:30:46 +0800] 0:0:0:0:0:0:0:1 "GET /construction/fetch HTTP/1.1" 200 (17 ms)
[07/Sep/2022:09:32:04 +0800] 0:0:0:0:0:0:0:1 "GET /construction/fetch HTTP/1.1" 200 (29 ms)
[07/Sep/2022:09:32:04 +0800] 0:0:0:0:0:0:0:1 "GET /construction/fetch HTTP/1.1" 200 (20 ms)
[07/Sep/2022:09:32:08 +0800] 0:0:0:0:0:0:0:1 "GET /construction/fetch HTTP/1.1" 200 (19 ms)
[07/Sep/2022:09:32:56 +0800] 0:0:0:0:0:0:0:1 "GET /construction/fetch HTTP/1.1" 200 (18 ms)
[07/Sep/2022:09:32:56 +0800] 0:0:0:0:0:0:0:1 "GET /construction/fetch HTTP/1.1" 200 (20 ms)
[07/Sep/2022:09:33:14 +0800] 0:0:0:0:0:0:0:1 "GET /construction/fetch HTTP/1.1" 200 (19 ms)
[07/Sep/2022:09:33:14 +0800] 0:0:0:0:0:0:0:1 "GET /construction/fetch HTTP/1.1" 200 (19 ms)
[07/Sep/2022:09:33:35 +0800] 0:0:0:0:0:0:0:1 "GET /construction/fetch HTTP/1.1" 200 (26 ms)
[07/Sep/2022:09:33:35 +0800] 0:0:0:0:0:0:0:1 "GET /construction/fetch HTTP/1.1" 200 (23 ms)
[07/Sep/2022:09:33:47 +0800] 0:0:0:0:0:0:0:1 "GET /construction/fetch HTTP/1.1" 200 (18 ms)
[07/Sep/2022:09:35:29 +0800] 0:0:0:0:0:0:0:1 "GET /construction/fetch HTTP/1.1" 200 (24 ms)
[07/Sep/2022:09:38:58 +0800] 0:0:0:0:0:0:0:1 "GET /construction/fetch HTTP/1.1" 200 (29 ms)
[07/Sep/2022:09:38:58 +0800] 0:0:0:0:0:0:0:1 "GET /construction/fetch HTTP/1.1" 200 (20 ms)
[07/Sep/2022:09:39:13 +0800] 0:0:0:0:0:0:0:1 "GET /construction/fetch HTTP/1.1" 200 (19 ms)
[07/Sep/2022:09:39:38 +0800] 0:0:0:0:0:0:0:1 "GET /construction/fetch HTTP/1.1" 200 (22 ms)
[07/Sep/2022:09:39:38 +0800] 0:0:0:0:0:0:0:1 "GET /construction/fetch HTTP/1.1" 200 (17 ms)
[07/Sep/2022:09:39:43 +0800] 0:0:0:0:0:0:0:1 "GET /construction/fetch HTTP/1.1" 200 (15 ms)
[07/Sep/2022:09:39:43 +0800] 0:0:0:0:0:0:0:1 "GET /construction/fetch HTTP/1.1" 200 (16 ms)
[07/Sep/2022:09:53:38 +0800] 0:0:0:0:0:0:0:1 "GET /construction/fetch HTTP/1.1" 200 (35 ms)
[07/Sep/2022:09:54:47 +0800] 0:0:0:0:0:0:0:1 "GET /construction/fetch HTTP/1.1" 200 (32 ms)
[07/Sep/2022:09:54:47 +0800] 0:0:0:0:0:0:0:1 "GET /construction/fetch HTTP/1.1" 200 (19 ms)
[07/Sep/2022:09:54:57 +0800] 0:0:0:0:0:0:0:1 "GET /construction/fetch HTTP/1.1" 200 (15 ms)
[07/Sep/2022:09:55:11 +0800] 0:0:0:0:0:0:0:1 "GET /construction/fetch HTTP/1.1" 200 (20 ms)
[07/Sep/2022:09:55:24 +0800] 0:0:0:0:0:0:0:1 "GET /construction/fetch HTTP/1.1" 200 (20 ms)
[07/Sep/2022:11:28:47 +0800] 0:0:0:0:0:0:0:1 "GET /project/fetch HTTP/1.1" 200 (1305 ms)
[07/Sep/2022:11:28:48 +0800] 0:0:0:0:0:0:0:1 "GET /favicon.ico HTTP/1.1" 404 (180 ms)
[07/Sep/2022:11:29:53 +0800] 0:0:0:0:0:0:0:1 "GET /construction/fetch HTTP/1.1" 200 (106 ms)
[07/Sep/2022:11:30:51 +0800] 0:0:0:0:0:0:0:1 "GET /construction/fetch HTTP/1.1" 200 (22 ms)
[07/Sep/2022:11:31:18 +0800] 0:0:0:0:0:0:0:1 "OPTIONS /construction/push HTTP/1.1" 200 (6 ms)
[07/Sep/2022:11:31:18 +0800] 0:0:0:0:0:0:0:1 "POST /construction/push HTTP/1.1" 200 (703 ms)
[07/Sep/2022:11:31:18 +0800] 0:0:0:0:0:0:0:1 "GET /construction/fetch HTTP/1.1" 200 (18 ms)
[07/Sep/2022:11:31:28 +0800] 0:0:0:0:0:0:0:1 "POST /construction/push HTTP/1.1" 200 (152 ms)
[07/Sep/2022:11:31:28 +0800] 0:0:0:0:0:0:0:1 "GET /construction/fetch HTTP/1.1" 200 (15 ms)
[07/Sep/2022:11:40:49 +0800] 0:0:0:0:0:0:0:1 "GET /construction/fetch HTTP/1.1" 200 (37 ms)
[07/Sep/2022:11:41:19 +0800] 0:0:0:0:0:0:0:1 "GET /sys/business/f?page=1 HTTP/1.1" 404 (7 ms)
[07/Sep/2022:11:41:59 +0800] 0:0:0:0:0:0:0:1 "GET /sys/business/f?page=1 HTTP/1.1" 404 (7 ms)
[07/Sep/2022:11:42:08 +0800] 0:0:0:0:0:0:0:1 "GET /sys/business/f?page=1 HTTP/1.1" 404 (5 ms)
[07/Sep/2022:11:42:24 +0800] 0:0:0:0:0:0:0:1 "GET /sys/organize/f?page=1&id= HTTP/1.1" 404 (6 ms)
[07/Sep/2022:11:42:24 +0800] 0:0:0:0:0:0:0:1 "GET /sys/user/f?page=1&id= HTTP/1.1" 404 (5 ms)
[07/Sep/2022:12:00:20 +0800] 0:0:0:0:0:0:0:1 "GET /project/fetch HTTP/1.1" 200 (43 ms)
[07/Sep/2022:12:00:26 +0800] 0:0:0:0:0:0:0:1 "GET /construction/fetch HTTP/1.1" 200 (17 ms)
[07/Sep/2022:12:50:21 +0800] 0:0:0:0:0:0:0:1 "GET /project/fetch HTTP/1.1" 200 (154 ms)
[07/Sep/2022:12:52:23 +0800] 0:0:0:0:0:0:0:1 "GET /sys/user/f?page=1&id= HTTP/1.1" 404 (14 ms)
[07/Sep/2022:12:52:23 +0800] 0:0:0:0:0:0:0:1 "GET /sys/organize/f?page=1&id= HTTP/1.1" 404 (17 ms)
[07/Sep/2022:12:54:41 +0800] 0:0:0:0:0:0:0:1 "GET /construction/fetch HTTP/1.1" 200 (36 ms)
[07/Sep/2022:12:55:39 +0800] 0:0:0:0:0:0:0:1 "GET /sys/organize/f?page=1&id= HTTP/1.1" 404 (5 ms)
[07/Sep/2022:12:55:39 +0800] 0:0:0:0:0:0:0:1 "GET /sys/user/f?page=1&id= HTTP/1.1" 404 (6 ms)
[07/Sep/2022:12:59:34 +0800] 0:0:0:0:0:0:0:1 "GET /project/fetch HTTP/1.1" 200 (49 ms)
[07/Sep/2022:12:59:40 +0800] 0:0:0:0:0:0:0:1 "GET /construction/fetch HTTP/1.1" 200 (18 ms)
[07/Sep/2022:12:59:42 +0800] 0:0:0:0:0:0:0:1 "GET /sys/user/f?page=1&id= HTTP/1.1" 404 (8 ms)
[07/Sep/2022:12:59:42 +0800] 0:0:0:0:0:0:0:1 "GET /sys/organize/f?page=1&id= HTTP/1.1" 404 (8 ms)
[07/Sep/2022:13:16:13 +0800] 0:0:0:0:0:0:0:1 "GET /project/fetch HTTP/1.1" 200 (1040 ms)
[07/Sep/2022:14:28:44 +0800] 0:0:0:0:0:0:0:1 "GET /sys/user/f?page=1&id= HTTP/1.1" 404 (108 ms)
[07/Sep/2022:14:28:44 +0800] 0:0:0:0:0:0:0:1 "GET /sys/organize/f?page=1&id= HTTP/1.1" 404 (111 ms)
[07/Sep/2022:14:28:44 +0800] 0:0:0:0:0:0:0:1 "GET /sys/organize/f?page=1&id= HTTP/1.1" 404 (4 ms)
[07/Sep/2022:14:28:44 +0800] 0:0:0:0:0:0:0:1 "GET /sys/user/f?page=1&id= HTTP/1.1" 404 (4 ms)
[07/Sep/2022:14:29:13 +0800] 0:0:0:0:0:0:0:1 "GET /sys/user/f?page=1&id= HTTP/1.1" 404 (10 ms)
[07/Sep/2022:14:29:13 +0800] 0:0:0:0:0:0:0:1 "GET /sys/organize/f?page=1&id= HTTP/1.1" 404 (11 ms)
[07/Sep/2022:14:29:27 +0800] 0:0:0:0:0:0:0:1 "GET /sys/user/f?page=1&id= HTTP/1.1" 404 (6 ms)
[07/Sep/2022:14:29:27 +0800] 0:0:0:0:0:0:0:1 "GET /sys/organize/f?page=1&id= HTTP/1.1" 404 (6 ms)
[07/Sep/2022:14:29:31 +0800] 0:0:0:0:0:0:0:1 "GET /sys/organize/f?page=1&id= HTTP/1.1" 404 (6 ms)
[07/Sep/2022:14:29:31 +0800] 0:0:0:0:0:0:0:1 "GET /sys/user/f?page=1&id= HTTP/1.1" 404 (9 ms)
[07/Sep/2022:14:29:33 +0800] 0:0:0:0:0:0:0:1 "GET /sys/user/f?page=1&id= HTTP/1.1" 404 (4 ms)
[07/Sep/2022:14:29:33 +0800] 0:0:0:0:0:0:0:1 "GET /sys/organize/f?page=1&id= HTTP/1.1" 404 (5 ms)
[07/Sep/2022:14:34:21 +0800] 0:0:0:0:0:0:0:1 "GET /sys/organize/f?page=1&id= HTTP/1.1" 404 (7 ms)
[07/Sep/2022:14:34:21 +0800] 0:0:0:0:0:0:0:1 "GET /sys/user/f?page=1&id= HTTP/1.1" 404 (6 ms)
[07/Sep/2022:14:34:21 +0800] 0:0:0:0:0:0:0:1 "GET /sys/user/f?page=1&id= HTTP/1.1" 404 (4 ms)
[07/Sep/2022:14:34:21 +0800] 0:0:0:0:0:0:0:1 "GET /sys/organize/f?page=1&id= HTTP/1.1" 404 (4 ms)
[07/Sep/2022:14:34:21 +0800] 0:0:0:0:0:0:0:1 "GET /sys/organize/f?page=1&id= HTTP/1.1" 404 (3 ms)
[07/Sep/2022:14:34:21 +0800] 0:0:0:0:0:0:0:1 "GET /sys/user/f?page=1&id= HTTP/1.1" 404 (3 ms)
[07/Sep/2022:14:35:40 +0800] 0:0:0:0:0:0:0:1 "GET /sys/organize/f?page=1&id= HTTP/1.1" 404 (7 ms)
[07/Sep/2022:14:35:40 +0800] 0:0:0:0:0:0:0:1 "GET /sys/user/f?page=1&id= HTTP/1.1" 404 (6 ms)
[07/Sep/2022:14:36:15 +0800] 0:0:0:0:0:0:0:1 "GET /sys/organize/f?page=1&id= HTTP/1.1" 404 (5 ms)
[07/Sep/2022:14:36:15 +0800] 0:0:0:0:0:0:0:1 "GET /sys/user/f?page=1&id= HTTP/1.1" 404 (5 ms)
[07/Sep/2022:14:36:23 +0800] 0:0:0:0:0:0:0:1 "GET /project/fetch HTTP/1.1" 200 (162 ms)
[07/Sep/2022:14:36:35 +0800] 0:0:0:0:0:0:0:1 "GET /project/fetch HTTP/1.1" 200 (38 ms)
[07/Sep/2022:14:36:46 +0800] 0:0:0:0:0:0:0:1 "GET /sys/organize/f?page=1&id= HTTP/1.1" 404 (8 ms)
[07/Sep/2022:14:36:46 +0800] 0:0:0:0:0:0:0:1 "GET /sys/user/f?page=1&id= HTTP/1.1" 404 (7 ms)
