[07/Oct/2022:17:09:48 +0800] 0:0:0:0:0:0:0:1 "OPTIONS /system/users/token HTTP/1.1" 200 (70 ms)
[07/Oct/2022:17:38:00 +0800] 0:0:0:0:0:0:0:1 "POST /system/users/token HTTP/1.1" 200 (1933 ms)
[07/Oct/2022:17:38:00 +0800] 0:0:0:0:0:0:0:1 "OPTIONS /system/index/getmenu HTTP/1.1" 200 (6 ms)
[07/Oct/2022:17:38:00 +0800] 0:0:0:0:0:0:0:1 "GET /system/index/getmenu HTTP/1.1" 200 (150 ms)
[07/Oct/2022:17:38:00 +0800] 0:0:0:0:0:0:0:1 "OPTIONS /home/project/fetch/?ownId=0 HTTP/1.1" 200 (9 ms)
[07/Oct/2022:17:38:01 +0800] 0:0:0:0:0:0:0:1 "GET /home/project/fetch/?ownId=0 HTTP/1.1" 200 (394 ms)
[07/Oct/2022:17:38:36 +0800] 0:0:0:0:0:0:0:1 "OPTIONS /home/project/tree?rootId=0 HTTP/1.1" 200 (3 ms)
[07/Oct/2022:17:38:37 +0800] 0:0:0:0:0:0:0:1 "GET /home/project/tree?rootId=0 HTTP/1.1" 200 (52 ms)
[07/Oct/2022:17:38:37 +0800] 0:0:0:0:0:0:0:1 "OPTIONS /budget/division/tree2?ownId=0&projectId=2543997172191232 HTTP/1.1" 200 (2 ms)
[07/Oct/2022:17:38:37 +0800] 0:0:0:0:0:0:0:1 "GET /budget/division/tree2?ownId=0&projectId=2543997172191232 HTTP/1.1" 200 (447 ms)
[07/Oct/2022:17:38:37 +0800] 0:0:0:0:0:0:0:1 "OPTIONS /budget/division/machine/tree?ownId=2543997172191232&divisionId=2543997172191232&rootId=2543997172191232 HTTP/1.1" 200 (2 ms)
[07/Oct/2022:17:38:37 +0800] 0:0:0:0:0:0:0:1 "GET /budget/division/machine/tree?ownId=2543997172191232&divisionId=2543997172191232&rootId=2543997172191232 HTTP/1.1" 200 (49 ms)
[07/Oct/2022:17:40:11 +0800] 0:0:0:0:0:0:0:1 "GET /home/project/fetch/?ownId=0 HTTP/1.1" 200 (54 ms)
[07/Oct/2022:17:47:26 +0800] 0:0:0:0:0:0:0:1 "OPTIONS /system/users/token HTTP/1.1" 200 (2 ms)
[07/Oct/2022:17:47:26 +0800] 0:0:0:0:0:0:0:1 "POST /system/users/token HTTP/1.1" 200 (340 ms)
[07/Oct/2022:17:47:26 +0800] 0:0:0:0:0:0:0:1 "GET /system/index/getmenu HTTP/1.1" 200 (16 ms)
[07/Oct/2022:17:47:26 +0800] 0:0:0:0:0:0:0:1 "GET /home/project/fetch/?ownId=0 HTTP/1.1" 200 (24 ms)
[07/Oct/2022:17:47:38 +0800] 0:0:0:0:0:0:0:1 "OPTIONS /system/role/fetch?rootId=0 HTTP/1.1" 200 (2 ms)
[07/Oct/2022:17:47:38 +0800] 0:0:0:0:0:0:0:1 "GET /system/role/fetch?rootId=0 HTTP/1.1" 200 (22 ms)
[07/Oct/2022:17:47:38 +0800] 0:0:0:0:0:0:0:1 "OPTIONS /system/author/menu?roleId=1 HTTP/1.1" 200 (2 ms)
[07/Oct/2022:17:47:38 +0800] 0:0:0:0:0:0:0:1 "GET /system/author/menu?roleId=1 HTTP/1.1" 200 (21 ms)
[07/Oct/2022:17:47:43 +0800] 0:0:0:0:0:0:0:1 "OPTIONS /system/role/pushauthor?roleId=1 HTTP/1.1" 200 (2 ms)
[07/Oct/2022:17:47:43 +0800] 0:0:0:0:0:0:0:1 "POST /system/role/pushauthor?roleId=1 HTTP/1.1" 200 (370 ms)
[07/Oct/2022:17:47:44 +0800] 0:0:0:0:0:0:0:1 "POST /system/role/pushauthor?roleId=1 HTTP/1.1" 200 (176 ms)
[07/Oct/2022:17:47:57 +0800] 0:0:0:0:0:0:0:1 "POST /system/users/token HTTP/1.1" 200 (412 ms)
[07/Oct/2022:17:47:57 +0800] 0:0:0:0:0:0:0:1 "GET /system/index/getmenu HTTP/1.1" 200 (17 ms)
[07/Oct/2022:17:47:57 +0800] 0:0:0:0:0:0:0:1 "GET /home/project/fetch/?ownId=0 HTTP/1.1" 200 (21 ms)
[07/Oct/2022:17:57:48 +0800] 0:0:0:0:0:0:0:1 "GET /home/project/tree?rootId=0 HTTP/1.1" 200 (48 ms)
[07/Oct/2022:17:57:48 +0800] 0:0:0:0:0:0:0:1 "OPTIONS /report/project/tree2?ownId=0&projectId=2543997172191232&cmd=sj HTTP/1.1" 200 (1 ms)
[07/Oct/2022:17:57:48 +0800] 0:0:0:0:0:0:0:1 "GET /report/project/tree2?ownId=0&projectId=2543997172191232&cmd=sj HTTP/1.1" 200 (485 ms)
[07/Oct/2022:17:59:26 +0800] 0:0:0:0:0:0:0:1 "GET /home/project/tree?rootId=0 HTTP/1.1" 200 (40 ms)
[07/Oct/2022:17:59:26 +0800] 0:0:0:0:0:0:0:1 "GET /budget/division/tree2?ownId=0&projectId=2543997172191232 HTTP/1.1" 200 (46 ms)
[07/Oct/2022:17:59:26 +0800] 0:0:0:0:0:0:0:1 "GET /budget/division/machine/tree?ownId=2543997172191232&divisionId=2543997172191232&rootId=2543997172191232 HTTP/1.1" 200 (12 ms)
[07/Oct/2022:17:59:27 +0800] 0:0:0:0:0:0:0:1 "GET /home/project/tree?rootId=0 HTTP/1.1" 200 (24 ms)
[07/Oct/2022:17:59:27 +0800] 0:0:0:0:0:0:0:1 "OPTIONS /budget/measure/tree2?ownId=0&projectId=2543997172191232 HTTP/1.1" 200 (1 ms)
[07/Oct/2022:17:59:27 +0800] 0:0:0:0:0:0:0:1 "GET /budget/measure/tree2?ownId=0&projectId=2543997172191232 HTTP/1.1" 200 (428 ms)
[07/Oct/2022:17:59:27 +0800] 0:0:0:0:0:0:0:1 "OPTIONS /budget/measure/machine/tree?ownId=2543997172191232&measureId=2543997172191232&rootId=2543997172191232 HTTP/1.1" 200 (2 ms)
[07/Oct/2022:17:59:27 +0800] 0:0:0:0:0:0:0:1 "GET /budget/measure/machine/tree?ownId=2543997172191232&measureId=2543997172191232&rootId=2543997172191232 HTTP/1.1" 200 (24 ms)
