[20/Sep/2022:08:27:37 +0800] 0:0:0:0:0:0:0:1 "POST /system/token HTTP/1.1" 200 (137 ms)
[20/Sep/2022:08:27:37 +0800] 0:0:0:0:0:0:0:1 "GET /system/menu HTTP/1.1" 200 (74 ms)
[20/Sep/2022:08:27:38 +0800] 0:0:0:0:0:0:0:1 "GET /project/fetch?ownId=0 HTTP/1.1" 200 (1154 ms)
[20/Sep/2022:08:27:56 +0800] 0:0:0:0:0:0:0:1 "GET /project/tree?rootId=0 HTTP/1.1" 200 (46 ms)
[20/Sep/2022:08:27:56 +0800] 0:0:0:0:0:0:0:1 "GET /budget/division/tree2?ownId=0&selectId=2543997172191232 HTTP/1.1" 200 (178 ms)
[20/Sep/2022:08:27:56 +0800] 0:0:0:0:0:0:0:1 "GET /budget/division/machine/tree?ownId=2543997172191232&selectId=2543997172191232&rootId=2543997172191232 HTTP/1.1" 200 (48 ms)
[20/Sep/2022:08:28:00 +0800] 0:0:0:0:0:0:0:1 "GET /project/tree?rootId=0 HTTP/1.1" 200 (33 ms)
[20/Sep/2022:08:28:00 +0800] 0:0:0:0:0:0:0:1 "GET /budget/other/fetch?ownId=0&selectId=2543997172191232 HTTP/1.1" 200 (18 ms)
[20/Sep/2022:08:28:15 +0800] 0:0:0:0:0:0:0:1 "GET /budget/other/fetch?ownId=0&selectId=2543997172191232 HTTP/1.1" 200 (10 ms)
[20/Sep/2022:08:28:24 +0800] 0:0:0:0:0:0:0:1 "GET /budget/other/fetch?ownId=0&selectId=3 HTTP/1.1" 200 (11 ms)
[20/Sep/2022:08:28:26 +0800] 0:0:0:0:0:0:0:1 "GET /budget/other/fetch?ownId=3&selectId=13 HTTP/1.1" 200 (10 ms)
[20/Sep/2022:08:28:28 +0800] 0:0:0:0:0:0:0:1 "GET /budget/other/fetch?ownId=0&selectId=2 HTTP/1.1" 200 (57 ms)
[20/Sep/2022:08:28:29 +0800] 0:0:0:0:0:0:0:1 "GET /budget/other/fetch?ownId=2&selectId=9 HTTP/1.1" 200 (12 ms)
[20/Sep/2022:08:28:30 +0800] 0:0:0:0:0:0:0:1 "GET /budget/other/fetch?ownId=2&selectId=11 HTTP/1.1" 200 (9 ms)
[20/Sep/2022:08:28:49 +0800] 0:0:0:0:0:0:0:1 "OPTIONS /budget/other/push HTTP/1.1" 200 (3 ms)
[20/Sep/2022:08:28:49 +0800] 0:0:0:0:0:0:0:1 "POST /budget/other/push HTTP/1.1" 200 (198 ms)
[20/Sep/2022:08:29:00 +0800] 0:0:0:0:0:0:0:1 "POST /budget/other/push HTTP/1.1" 200 (23 ms)
[20/Sep/2022:08:29:40 +0800] 0:0:0:0:0:0:0:1 "GET /budget/other/fetch?ownId=2&selectId=9 HTTP/1.1" 200 (11 ms)
[20/Sep/2022:08:29:41 +0800] 0:0:0:0:0:0:0:1 "GET /budget/other/fetch?ownId=0&selectId=2 HTTP/1.1" 200 (9 ms)
[20/Sep/2022:08:29:42 +0800] 0:0:0:0:0:0:0:1 "GET /budget/other/fetch?ownId=0&selectId=2 HTTP/1.1" 200 (12 ms)
[20/Sep/2022:08:29:43 +0800] 0:0:0:0:0:0:0:1 "GET /budget/other/fetch?ownId=2&selectId=9 HTTP/1.1" 200 (10 ms)
[20/Sep/2022:08:29:44 +0800] 0:0:0:0:0:0:0:1 "GET /budget/other/fetch?ownId=2&selectId=11 HTTP/1.1" 200 (9 ms)
[20/Sep/2022:08:30:03 +0800] 0:0:0:0:0:0:0:1 "GET /project/tree?rootId=0 HTTP/1.1" 200 (37 ms)
[20/Sep/2022:08:30:03 +0800] 0:0:0:0:0:0:0:1 "GET /budget/other/fetch?ownId=0&selectId=2543997172191232 HTTP/1.1" 200 (15 ms)
[20/Sep/2022:08:30:04 +0800] 0:0:0:0:0:0:0:1 "GET /budget/other/fetch?ownId=0&selectId=2 HTTP/1.1" 200 (10 ms)
[20/Sep/2022:08:30:06 +0800] 0:0:0:0:0:0:0:1 "GET /budget/other/fetch?ownId=2&selectId=9 HTTP/1.1" 200 (11 ms)
[20/Sep/2022:08:30:07 +0800] 0:0:0:0:0:0:0:1 "GET /budget/other/fetch?ownId=2&selectId=11 HTTP/1.1" 200 (9 ms)
[20/Sep/2022:08:31:23 +0800] 0:0:0:0:0:0:0:1 "GET /budget/other/fetch?ownId=2&selectId=11 HTTP/1.1" 200 (18 ms)
[20/Sep/2022:08:31:24 +0800] 0:0:0:0:0:0:0:1 "GET /budget/other/fetch?ownId=2&selectId=8 HTTP/1.1" 200 (10 ms)
[20/Sep/2022:08:31:26 +0800] 0:0:0:0:0:0:0:1 "GET /budget/other/fetch?ownId=2&selectId=11 HTTP/1.1" 200 (10 ms)
[20/Sep/2022:08:31:26 +0800] 0:0:0:0:0:0:0:1 "GET /budget/other/fetch?ownId=2&selectId=9 HTTP/1.1" 200 (9 ms)
[20/Sep/2022:08:31:27 +0800] 0:0:0:0:0:0:0:1 "GET /budget/other/fetch?ownId=0&selectId=2 HTTP/1.1" 200 (10 ms)
[20/Sep/2022:08:31:28 +0800] 0:0:0:0:0:0:0:1 "GET /budget/other/fetch?ownId=0&selectId=3 HTTP/1.1" 200 (9 ms)
[20/Sep/2022:08:31:40 +0800] 0:0:0:0:0:0:0:1 "GET /budget/other/fetch?ownId=2&selectId=11 HTTP/1.1" 200 (14 ms)
[20/Sep/2022:08:32:14 +0800] 0:0:0:0:0:0:0:1 "GET /project/tree?rootId=0 HTTP/1.1" 200 (18 ms)
[20/Sep/2022:08:32:14 +0800] 0:0:0:0:0:0:0:1 "GET /budget/other/fetch?ownId=2543997172191232&selectId=2543997172191232 HTTP/1.1" 200 (10 ms)
[20/Sep/2022:08:32:19 +0800] 0:0:0:0:0:0:0:1 "GET /project/tree?rootId=0 HTTP/1.1" 200 (29 ms)
[20/Sep/2022:08:32:19 +0800] 0:0:0:0:0:0:0:1 "GET /budget/other/fetch?ownId=2543997172191232&selectId=2543997172191232 HTTP/1.1" 200 (15 ms)
[20/Sep/2022:08:32:22 +0800] 0:0:0:0:0:0:0:1 "GET /budget/other/fetch?ownId=11&selectId=11 HTTP/1.1" 200 (14 ms)
[20/Sep/2022:08:32:23 +0800] 0:0:0:0:0:0:0:1 "GET /budget/other/fetch?ownId=11&selectId=11 HTTP/1.1" 200 (13 ms)
[20/Sep/2022:08:32:32 +0800] 0:0:0:0:0:0:0:1 "GET /budget/other/fetch?ownId=11&selectId=11 HTTP/1.1" 200 (13 ms)
[20/Sep/2022:08:32:41 +0800] 0:0:0:0:0:0:0:1 "GET /project/tree?rootId=0 HTTP/1.1" 200 (35 ms)
[20/Sep/2022:08:32:41 +0800] 0:0:0:0:0:0:0:1 "GET /budget/other/fetch?ownId=2543997172191232&selectId=2543997172191232 HTTP/1.1" 200 (19 ms)
[20/Sep/2022:08:33:06 +0800] 0:0:0:0:0:0:0:1 "GET /budget/other/fetch?ownId=11&selectId=11 HTTP/1.1" 200 (15 ms)
[20/Sep/2022:08:33:16 +0800] 0:0:0:0:0:0:0:1 "GET /budget/other/fetch?ownId=11&selectId=11 HTTP/1.1" 200 (18 ms)
[20/Sep/2022:08:33:16 +0800] 0:0:0:0:0:0:0:1 "GET /favicon.ico HTTP/1.1" 404 (30 ms)
[20/Sep/2022:08:45:51 +0800] 0:0:0:0:0:0:0:1 "GET /budget/other/fetch?ownId=11&selectId=11 HTTP/1.1" 200 (18 ms)
[20/Sep/2022:08:45:59 +0800] 0:0:0:0:0:0:0:1 "GET /budget/other/fetch?ownId=11&selectId=11 HTTP/1.1" 200 (11 ms)
[20/Sep/2022:08:46:00 +0800] 0:0:0:0:0:0:0:1 "GET /budget/other/fetch?ownId=8&selectId=8 HTTP/1.1" 200 (10 ms)
[20/Sep/2022:08:46:01 +0800] 0:0:0:0:0:0:0:1 "GET /budget/other/fetch?ownId=11&selectId=11 HTTP/1.1" 200 (12 ms)
[20/Sep/2022:08:46:03 +0800] 0:0:0:0:0:0:0:1 "GET /budget/other/fetch?ownId=11&selectId=11 HTTP/1.1" 200 (11 ms)
[20/Sep/2022:08:46:04 +0800] 0:0:0:0:0:0:0:1 "GET /budget/other/fetch?ownId=9&selectId=9 HTTP/1.1" 200 (10 ms)
[20/Sep/2022:08:46:05 +0800] 0:0:0:0:0:0:0:1 "GET /budget/other/fetch?ownId=8&selectId=8 HTTP/1.1" 200 (9 ms)
[20/Sep/2022:08:46:06 +0800] 0:0:0:0:0:0:0:1 "GET /budget/other/fetch?ownId=9&selectId=9 HTTP/1.1" 200 (9 ms)
[20/Sep/2022:08:46:07 +0800] 0:0:0:0:0:0:0:1 "GET /budget/other/fetch?ownId=11&selectId=11 HTTP/1.1" 200 (12 ms)
[20/Sep/2022:08:47:09 +0800] 0:0:0:0:0:0:0:1 "GET /project/tree?rootId=0 HTTP/1.1" 200 (46 ms)
[20/Sep/2022:08:47:09 +0800] 0:0:0:0:0:0:0:1 "GET /budget/other/fetch?ownId=2543997172191232&selectId=2543997172191232 HTTP/1.1" 200 (16 ms)
[20/Sep/2022:08:47:12 +0800] 0:0:0:0:0:0:0:1 "GET /budget/other/fetch?ownId=11&selectId=11 HTTP/1.1" 200 (10 ms)
[20/Sep/2022:08:47:13 +0800] 0:0:0:0:0:0:0:1 "GET /budget/other/fetch?ownId=8&selectId=8 HTTP/1.1" 200 (9 ms)
[20/Sep/2022:08:47:14 +0800] 0:0:0:0:0:0:0:1 "GET /budget/other/fetch?ownId=9&selectId=9 HTTP/1.1" 200 (9 ms)
[20/Sep/2022:08:47:14 +0800] 0:0:0:0:0:0:0:1 "GET /budget/other/fetch?ownId=8&selectId=8 HTTP/1.1" 200 (9 ms)
[20/Sep/2022:08:47:15 +0800] 0:0:0:0:0:0:0:1 "GET /budget/other/fetch?ownId=9&selectId=9 HTTP/1.1" 200 (10 ms)
[20/Sep/2022:08:48:34 +0800] 0:0:0:0:0:0:0:1 "GET /project/tree?rootId=0 HTTP/1.1" 200 (38 ms)
[20/Sep/2022:08:48:34 +0800] 0:0:0:0:0:0:0:1 "GET /budget/other/fetch?ownId=2543997172191232&selectId=2543997172191232 HTTP/1.1" 200 (13 ms)
[20/Sep/2022:08:48:40 +0800] 0:0:0:0:0:0:0:1 "GET /budget/other/fetch?ownId=3&selectId=3 HTTP/1.1" 200 (9 ms)
[20/Sep/2022:08:48:42 +0800] 0:0:0:0:0:0:0:1 "GET /budget/other/fetch?ownId=13&selectId=13 HTTP/1.1" 200 (8 ms)
[20/Sep/2022:08:49:07 +0800] 0:0:0:0:0:0:0:1 "GET /project/tree?rootId=0 HTTP/1.1" 200 (51 ms)
[20/Sep/2022:08:49:07 +0800] 0:0:0:0:0:0:0:1 "GET /budget/other/fetch?ownId=2543997172191232&selectId=2543997172191232 HTTP/1.1" 200 (15 ms)
[20/Sep/2022:08:49:15 +0800] 0:0:0:0:0:0:0:1 "GET /budget/other/fetch?ownId=11&selectId=11 HTTP/1.1" 200 (11 ms)
[20/Sep/2022:08:59:12 +0800] 0:0:0:0:0:0:0:1 "GET /project/tree?rootId=0 HTTP/1.1" 200 (53 ms)
[20/Sep/2022:08:59:12 +0800] 0:0:0:0:0:0:0:1 "GET /budget/other/fetch?ownId=2543997172191232&selectId=2543997172191232 HTTP/1.1" 200 (16 ms)
[20/Sep/2022:08:59:28 +0800] 0:0:0:0:0:0:0:1 "GET /budget/other/fetch?ownId=11&selectId=11 HTTP/1.1" 200 (11 ms)
[20/Sep/2022:09:03:24 +0800] 0:0:0:0:0:0:0:1 "GET /project/tree?rootId=0 HTTP/1.1" 200 (40 ms)
[20/Sep/2022:09:03:24 +0800] 0:0:0:0:0:0:0:1 "GET /budget/other/fetch?ownId=2543997172191232&selectId=2543997172191232 HTTP/1.1" 200 (16 ms)
[20/Sep/2022:09:03:31 +0800] 0:0:0:0:0:0:0:1 "GET /budget/other/fetch?ownId=11&selectId=11 HTTP/1.1" 200 (13 ms)
[20/Sep/2022:09:06:27 +0800] 0:0:0:0:0:0:0:1 "GET /project/tree?rootId=0 HTTP/1.1" 200 (1134 ms)
[20/Sep/2022:09:06:27 +0800] 0:0:0:0:0:0:0:1 "GET /budget/other/fetch?ownId=2543997172191232&selectId=2543997172191232 HTTP/1.1" 200 (24 ms)
[20/Sep/2022:09:06:31 +0800] 0:0:0:0:0:0:0:1 "GET /budget/other/fetch?ownId=11&selectId=11 HTTP/1.1" 200 (14 ms)
[20/Sep/2022:09:09:37 +0800] 0:0:0:0:0:0:0:1 "GET /project/tree?rootId=0 HTTP/1.1" 200 (61 ms)
[20/Sep/2022:09:09:37 +0800] 0:0:0:0:0:0:0:1 "GET /budget/division/tree2?ownId=0&selectId=2543997172191232 HTTP/1.1" 200 (75 ms)
[20/Sep/2022:09:09:38 +0800] 0:0:0:0:0:0:0:1 "GET /budget/division/machine/tree?ownId=2543997172191232&selectId=2543997172191232&rootId=2543997172191232 HTTP/1.1" 200 (43 ms)
[20/Sep/2022:09:17:30 +0800] 0:0:0:0:0:0:0:1 "GET /project/tree?rootId=0 HTTP/1.1" 200 (49 ms)
[20/Sep/2022:09:17:30 +0800] 0:0:0:0:0:0:0:1 "GET /budget/division/tree2?ownId=0&selectId=2543997172191232 HTTP/1.1" 200 (62 ms)
[20/Sep/2022:09:17:31 +0800] 0:0:0:0:0:0:0:1 "GET /budget/division/machine/tree?ownId=2543997172191232&selectId=2543997172191232&rootId=2543997172191232 HTTP/1.1" 200 (31 ms)
[20/Sep/2022:09:20:54 +0800] 0:0:0:0:0:0:0:1 "GET /budget/division/tree2?ownId=2&selectId=8 HTTP/1.1" 200 (49 ms)
[20/Sep/2022:09:20:54 +0800] 0:0:0:0:0:0:0:1 "GET /budget/division/machine/tree?ownId=8&selectId=8&rootId=8 HTTP/1.1" 200 (18 ms)
[20/Sep/2022:09:20:57 +0800] 0:0:0:0:0:0:0:1 "GET /budget/division/tree2?ownId=2&selectId=9 HTTP/1.1" 200 (43 ms)
[20/Sep/2022:09:20:57 +0800] 0:0:0:0:0:0:0:1 "GET /budget/division/machine/tree?ownId=9&selectId=9&rootId=9 HTTP/1.1" 200 (22 ms)
[20/Sep/2022:09:20:58 +0800] 0:0:0:0:0:0:0:1 "GET /budget/division/tree2?ownId=2&selectId=11 HTTP/1.1" 200 (40 ms)
[20/Sep/2022:09:20:58 +0800] 0:0:0:0:0:0:0:1 "GET /budget/division/machine/tree?ownId=11&selectId=11&rootId=11 HTTP/1.1" 200 (19 ms)
[20/Sep/2022:09:45:10 +0800] 0:0:0:0:0:0:0:1 "GET /project/tree?rootId=0 HTTP/1.1" 200 (963 ms)
[20/Sep/2022:09:45:10 +0800] 0:0:0:0:0:0:0:1 "GET /budget/division/tree2?ownId=0&selectId=2543997172191232 HTTP/1.1" 200 (54 ms)
[20/Sep/2022:09:45:10 +0800] 0:0:0:0:0:0:0:1 "GET /budget/division/machine/tree?ownId=2543997172191232&selectId=2543997172191232&rootId=2543997172191232 HTTP/1.1" 200 (37 ms)
[20/Sep/2022:09:45:17 +0800] 0:0:0:0:0:0:0:1 "GET /budget/division/tree2?ownId=2&selectId=11 HTTP/1.1" 200 (35 ms)
[20/Sep/2022:09:45:17 +0800] 0:0:0:0:0:0:0:1 "GET /budget/division/machine/tree?ownId=11&selectId=11&rootId=11 HTTP/1.1" 200 (17 ms)
[20/Sep/2022:09:45:21 +0800] 0:0:0:0:0:0:0:1 "OPTIONS /budget/import/ HTTP/1.1" 200 (10 ms)
[20/Sep/2022:09:45:22 +0800] 0:0:0:0:0:0:0:1 "POST /budget/import/ HTTP/1.1" 200 (1191 ms)
[20/Sep/2022:09:45:25 +0800] 0:0:0:0:0:0:0:1 "GET /project/tree?rootId=0 HTTP/1.1" 200 (38 ms)
[20/Sep/2022:09:45:25 +0800] 0:0:0:0:0:0:0:1 "GET /budget/other/fetch?ownId=2543997172191232&selectId=2543997172191232 HTTP/1.1" 200 (19 ms)
[20/Sep/2022:09:45:26 +0800] 0:0:0:0:0:0:0:1 "GET /budget/other/fetch?ownId=2&selectId=2 HTTP/1.1" 200 (14 ms)
[20/Sep/2022:09:45:27 +0800] 0:0:0:0:0:0:0:1 "GET /budget/other/fetch?ownId=9&selectId=9 HTTP/1.1" 200 (11 ms)
[20/Sep/2022:09:45:28 +0800] 0:0:0:0:0:0:0:1 "GET /budget/other/fetch?ownId=11&selectId=11 HTTP/1.1" 200 (14 ms)
[20/Sep/2022:09:45:35 +0800] 0:0:0:0:0:0:0:1 "GET /project/tree?rootId=0 HTTP/1.1" 200 (62 ms)
[20/Sep/2022:09:45:35 +0800] 0:0:0:0:0:0:0:1 "GET /budget/division/tree2?ownId=0&selectId=2543997172191232 HTTP/1.1" 200 (40 ms)
[20/Sep/2022:09:45:35 +0800] 0:0:0:0:0:0:0:1 "GET /budget/division/machine/tree?ownId=2543997172191232&selectId=2543997172191232&rootId=2543997172191232 HTTP/1.1" 200 (29 ms)
[20/Sep/2022:09:45:38 +0800] 0:0:0:0:0:0:0:1 "GET /budget/division/tree2?ownId=2&selectId=9 HTTP/1.1" 200 (37 ms)
[20/Sep/2022:09:45:38 +0800] 0:0:0:0:0:0:0:1 "GET /budget/division/machine/tree?ownId=9&selectId=9&rootId=9 HTTP/1.1" 200 (28 ms)
[20/Sep/2022:09:45:40 +0800] 0:0:0:0:0:0:0:1 "GET /budget/division/tree2?ownId=2&selectId=11 HTTP/1.1" 200 (33 ms)
[20/Sep/2022:09:45:40 +0800] 0:0:0:0:0:0:0:1 "GET /budget/division/machine/tree?ownId=11&selectId=11&rootId=11 HTTP/1.1" 200 (17 ms)
[20/Sep/2022:09:46:48 +0800] 0:0:0:0:0:0:0:1 "GET /budget/division/tree2?ownId=2&selectId=11 HTTP/1.1" 200 (40 ms)
[20/Sep/2022:09:46:48 +0800] 0:0:0:0:0:0:0:1 "GET /budget/division/machine/tree?ownId=11&selectId=11&rootId=11 HTTP/1.1" 200 (18 ms)
[20/Sep/2022:09:46:57 +0800] 0:0:0:0:0:0:0:1 "GET /budget/division/tree2?ownId=2&selectId=11 HTTP/1.1" 200 (41 ms)
[20/Sep/2022:09:46:57 +0800] 0:0:0:0:0:0:0:1 "GET /budget/division/machine/tree?ownId=11&selectId=11&rootId=11 HTTP/1.1" 200 (19 ms)
[20/Sep/2022:09:47:03 +0800] 0:0:0:0:0:0:0:1 "GET /budget/division/tree2?ownId=0&selectId=2 HTTP/1.1" 200 (44 ms)
[20/Sep/2022:09:47:03 +0800] 0:0:0:0:0:0:0:1 "GET /budget/division/machine/tree?ownId=2&selectId=2&rootId=2 HTTP/1.1" 200 (29 ms)
[20/Sep/2022:09:54:30 +0800] 0:0:0:0:0:0:0:1 "GET /project/tree?rootId=0 HTTP/1.1" 200 (1060 ms)
[20/Sep/2022:09:54:30 +0800] 0:0:0:0:0:0:0:1 "GET /budget/division/tree2?ownId=0&selectId=2543997172191232 HTTP/1.1" 200 (58 ms)
[20/Sep/2022:09:54:31 +0800] 0:0:0:0:0:0:0:1 "GET /budget/division/machine/tree?ownId=2543997172191232&selectId=2543997172191232&rootId=2543997172191232 HTTP/1.1" 200 (36 ms)
[20/Sep/2022:09:58:02 +0800] 0:0:0:0:0:0:0:1 "GET /project/tree?rootId=0 HTTP/1.1" 200 (1039 ms)
[20/Sep/2022:09:58:02 +0800] 0:0:0:0:0:0:0:1 "GET /budget/division/tree2?ownId=0&selectId=2543997172191232 HTTP/1.1" 200 (52 ms)
[20/Sep/2022:09:58:02 +0800] 0:0:0:0:0:0:0:1 "GET /budget/division/machine/tree?ownId=2543997172191232&selectId=2543997172191232&rootId=2543997172191232 HTTP/1.1" 200 (34 ms)
[20/Sep/2022:09:58:13 +0800] 0:0:0:0:0:0:0:1 "GET /budget/division/tree2?ownId=2&selectId=11 HTTP/1.1" 200 (34 ms)
[20/Sep/2022:09:58:13 +0800] 0:0:0:0:0:0:0:1 "GET /budget/division/machine/tree?ownId=11&selectId=11&rootId=11 HTTP/1.1" 200 (17 ms)
[20/Sep/2022:09:58:25 +0800] 0:0:0:0:0:0:0:1 "POST /budget/import/ HTTP/1.1" 200 (1076 ms)
[20/Sep/2022:09:58:25 +0800] 0:0:0:0:0:0:0:1 "GET /budget/division/tree2?ownId=2&selectId=11 HTTP/1.1" 200 (42 ms)
[20/Sep/2022:09:58:25 +0800] 0:0:0:0:0:0:0:1 "GET /budget/division/machine/tree?ownId=11&selectId=11&rootId=11 HTTP/1.1" 200 (31 ms)
[20/Sep/2022:09:58:36 +0800] 0:0:0:0:0:0:0:1 "GET /budget/division/tree2?ownId=2&selectId=9 HTTP/1.1" 200 (67 ms)
[20/Sep/2022:09:58:36 +0800] 0:0:0:0:0:0:0:1 "GET /budget/division/machine/tree?ownId=9&selectId=9&rootId=9 HTTP/1.1" 200 (20 ms)
[20/Sep/2022:09:58:39 +0800] 0:0:0:0:0:0:0:1 "GET /budget/division/tree2?ownId=2&selectId=11 HTTP/1.1" 200 (33 ms)
[20/Sep/2022:09:58:39 +0800] 0:0:0:0:0:0:0:1 "GET /budget/division/machine/tree?ownId=11&selectId=11&rootId=11 HTTP/1.1" 200 (37 ms)
[20/Sep/2022:09:58:41 +0800] 0:0:0:0:0:0:0:1 "GET /budget/division/tree2?ownId=0&selectId=2 HTTP/1.1" 200 (43 ms)
[20/Sep/2022:09:58:41 +0800] 0:0:0:0:0:0:0:1 "GET /budget/division/machine/tree?ownId=2&selectId=2&rootId=2 HTTP/1.1" 200 (20 ms)
[20/Sep/2022:10:06:54 +0800] 0:0:0:0:0:0:0:1 "GET /budget/division/tree2?ownId=0&selectId=2 HTTP/1.1" 200 (929 ms)
[20/Sep/2022:10:06:54 +0800] 0:0:0:0:0:0:0:1 "GET /budget/division/tree2?ownId=2&selectId=9 HTTP/1.1" 200 (143 ms)
[20/Sep/2022:10:06:54 +0800] 0:0:0:0:0:0:0:1 "GET /budget/division/machine/tree?ownId=2&selectId=2&rootId=2 HTTP/1.1" 200 (18 ms)
[20/Sep/2022:10:06:55 +0800] 0:0:0:0:0:0:0:1 "GET /budget/division/tree2?ownId=2&selectId=9 HTTP/1.1" 200 (40 ms)
[20/Sep/2022:10:06:55 +0800] 0:0:0:0:0:0:0:1 "GET /budget/division/machine/tree?ownId=9&selectId=9&rootId=9 HTTP/1.1" 200 (21 ms)
[20/Sep/2022:10:06:56 +0800] 0:0:0:0:0:0:0:1 "GET /budget/division/tree2?ownId=2&selectId=11 HTTP/1.1" 200 (47 ms)
[20/Sep/2022:10:06:56 +0800] 0:0:0:0:0:0:0:1 "GET /budget/division/machine/tree?ownId=11&selectId=11&rootId=11 HTTP/1.1" 200 (17 ms)
[20/Sep/2022:10:07:02 +0800] 0:0:0:0:0:0:0:1 "POST /budget/import/ HTTP/1.1" 200 (940 ms)
[20/Sep/2022:10:07:02 +0800] 0:0:0:0:0:0:0:1 "GET /budget/division/tree2?ownId=2&selectId=11 HTTP/1.1" 200 (54 ms)
[20/Sep/2022:10:07:02 +0800] 0:0:0:0:0:0:0:1 "GET /budget/division/machine/tree?ownId=11&selectId=11&rootId=11 HTTP/1.1" 200 (25 ms)
[20/Sep/2022:10:07:07 +0800] 0:0:0:0:0:0:0:1 "GET /budget/division/tree2?ownId=2&selectId=9 HTTP/1.1" 200 (46 ms)
[20/Sep/2022:10:07:07 +0800] 0:0:0:0:0:0:0:1 "GET /budget/division/machine/tree?ownId=9&selectId=9&rootId=9 HTTP/1.1" 200 (21 ms)
[20/Sep/2022:10:07:08 +0800] 0:0:0:0:0:0:0:1 "GET /budget/division/machine/tree?ownId=3156659279106048&selectId=3156659279106048&rootId=3156659279106048 HTTP/1.1" 200 (21 ms)
[20/Sep/2022:10:07:13 +0800] 0:0:0:0:0:0:0:1 "GET /project/tree?rootId=0 HTTP/1.1" 200 (25 ms)
[20/Sep/2022:10:07:13 +0800] 0:0:0:0:0:0:0:1 "GET /budget/other/fetch?ownId=2543997172191232&selectId=2543997172191232 HTTP/1.1" 200 (16 ms)
[20/Sep/2022:10:07:14 +0800] 0:0:0:0:0:0:0:1 "GET /budget/other/fetch?ownId=3&selectId=3 HTTP/1.1" 200 (11 ms)
[20/Sep/2022:10:07:14 +0800] 0:0:0:0:0:0:0:1 "GET /budget/other/fetch?ownId=13&selectId=13 HTTP/1.1" 200 (10 ms)
[20/Sep/2022:10:07:15 +0800] 0:0:0:0:0:0:0:1 "GET /budget/other/fetch?ownId=2&selectId=2 HTTP/1.1" 200 (13 ms)
[20/Sep/2022:10:07:16 +0800] 0:0:0:0:0:0:0:1 "GET /budget/other/fetch?ownId=9&selectId=9 HTTP/1.1" 200 (8 ms)
[20/Sep/2022:10:07:17 +0800] 0:0:0:0:0:0:0:1 "GET /budget/other/fetch?ownId=11&selectId=11 HTTP/1.1" 200 (15 ms)
[20/Sep/2022:10:07:31 +0800] 0:0:0:0:0:0:0:1 "OPTIONS /budget/other/push HTTP/1.1" 200 (4 ms)
[20/Sep/2022:10:07:31 +0800] 0:0:0:0:0:0:0:1 "POST /budget/other/push HTTP/1.1" 200 (188 ms)
[20/Sep/2022:10:09:55 +0800] 0:0:0:0:0:0:0:1 "GET /project/tree?rootId=0 HTTP/1.1" 200 (47 ms)
[20/Sep/2022:10:09:55 +0800] 0:0:0:0:0:0:0:1 "GET /budget/other/fetch?ownId=2543997172191232&selectId=2543997172191232 HTTP/1.1" 200 (17 ms)
[20/Sep/2022:10:10:02 +0800] 0:0:0:0:0:0:0:1 "GET /budget/other/fetch?ownId=11&selectId=11 HTTP/1.1" 200 (13 ms)
[20/Sep/2022:10:10:07 +0800] 0:0:0:0:0:0:0:1 "POST /budget/other/push HTTP/1.1" 200 (315 ms)
[20/Sep/2022:10:10:09 +0800] 0:0:0:0:0:0:0:1 "POST /budget/other/push HTTP/1.1" 200 (12 ms)
[20/Sep/2022:10:10:19 +0800] 0:0:0:0:0:0:0:1 "GET /budget/other/fetch?ownId=9&selectId=9 HTTP/1.1" 200 (10 ms)
[20/Sep/2022:10:10:20 +0800] 0:0:0:0:0:0:0:1 "GET /budget/other/fetch?ownId=9&selectId=9 HTTP/1.1" 200 (10 ms)
[20/Sep/2022:10:10:21 +0800] 0:0:0:0:0:0:0:1 "GET /budget/other/fetch?ownId=11&selectId=11 HTTP/1.1" 200 (13 ms)
[20/Sep/2022:10:10:24 +0800] 0:0:0:0:0:0:0:1 "POST /budget/other/push HTTP/1.1" 200 (8 ms)
[20/Sep/2022:10:10:55 +0800] 0:0:0:0:0:0:0:1 "GET /budget/other/fetch?ownId=9&selectId=9 HTTP/1.1" 200 (9 ms)
[20/Sep/2022:10:10:56 +0800] 0:0:0:0:0:0:0:1 "GET /budget/other/fetch?ownId=9&selectId=9 HTTP/1.1" 200 (8 ms)
[20/Sep/2022:10:10:56 +0800] 0:0:0:0:0:0:0:1 "GET /budget/other/fetch?ownId=11&selectId=11 HTTP/1.1" 200 (11 ms)
[20/Sep/2022:10:11:22 +0800] 0:0:0:0:0:0:0:1 "POST /budget/other/push HTTP/1.1" 200 (348 ms)
[20/Sep/2022:10:11:25 +0800] 0:0:0:0:0:0:0:1 "POST /budget/other/push HTTP/1.1" 200 (9 ms)
[20/Sep/2022:10:11:28 +0800] 0:0:0:0:0:0:0:1 "GET /budget/other/fetch?ownId=9&selectId=9 HTTP/1.1" 200 (10 ms)
[20/Sep/2022:10:11:29 +0800] 0:0:0:0:0:0:0:1 "GET /budget/other/fetch?ownId=9&selectId=9 HTTP/1.1" 200 (9 ms)
[20/Sep/2022:10:11:29 +0800] 0:0:0:0:0:0:0:1 "GET /budget/other/fetch?ownId=11&selectId=11 HTTP/1.1" 200 (11 ms)
[20/Sep/2022:10:11:37 +0800] 0:0:0:0:0:0:0:1 "POST /budget/other/push HTTP/1.1" 200 (312 ms)
[20/Sep/2022:10:13:39 +0800] 0:0:0:0:0:0:0:1 "GET /budget/other/fetch?ownId=11&selectId=11 HTTP/1.1" 200 (17 ms)
[20/Sep/2022:10:13:42 +0800] 0:0:0:0:0:0:0:1 "POST /budget/other/push HTTP/1.1" 200 (399 ms)
[20/Sep/2022:10:14:22 +0800] 0:0:0:0:0:0:0:1 "GET /project/tree?rootId=0 HTTP/1.1" 200 (40 ms)
[20/Sep/2022:10:14:22 +0800] 0:0:0:0:0:0:0:1 "GET /budget/other/fetch?ownId=2543997172191232&selectId=2543997172191232 HTTP/1.1" 200 (15 ms)
[20/Sep/2022:10:14:25 +0800] 0:0:0:0:0:0:0:1 "GET /budget/other/fetch?ownId=11&selectId=11 HTTP/1.1" 200 (11 ms)
[20/Sep/2022:10:14:32 +0800] 0:0:0:0:0:0:0:1 "POST /budget/other/push HTTP/1.1" 200 (400 ms)
[20/Sep/2022:10:16:41 +0800] 0:0:0:0:0:0:0:1 "GET /project/tree?rootId=0 HTTP/1.1" 200 (40 ms)
[20/Sep/2022:10:16:41 +0800] 0:0:0:0:0:0:0:1 "GET /budget/other/fetch?ownId=2543997172191232&selectId=2543997172191232 HTTP/1.1" 200 (17 ms)
[20/Sep/2022:10:16:44 +0800] 0:0:0:0:0:0:0:1 "GET /budget/other/fetch?ownId=11&selectId=11 HTTP/1.1" 200 (10 ms)
[20/Sep/2022:10:16:46 +0800] 0:0:0:0:0:0:0:1 "POST /budget/other/push HTTP/1.1" 200 (301 ms)
[20/Sep/2022:10:18:01 +0800] 0:0:0:0:0:0:0:1 "GET /project/tree?rootId=0 HTTP/1.1" 200 (46 ms)
[20/Sep/2022:10:18:01 +0800] 0:0:0:0:0:0:0:1 "GET /budget/other/fetch?ownId=2543997172191232&selectId=2543997172191232 HTTP/1.1" 200 (18 ms)
[20/Sep/2022:10:18:03 +0800] 0:0:0:0:0:0:0:1 "GET /budget/other/fetch?ownId=2&selectId=2 HTTP/1.1" 200 (10 ms)
[20/Sep/2022:10:18:04 +0800] 0:0:0:0:0:0:0:1 "GET /budget/other/fetch?ownId=9&selectId=9 HTTP/1.1" 200 (10 ms)
[20/Sep/2022:10:18:04 +0800] 0:0:0:0:0:0:0:1 "GET /budget/other/fetch?ownId=11&selectId=11 HTTP/1.1" 200 (9 ms)
[20/Sep/2022:10:18:09 +0800] 0:0:0:0:0:0:0:1 "POST /budget/other/push HTTP/1.1" 200 (393 ms)
[20/Sep/2022:10:18:45 +0800] 0:0:0:0:0:0:0:1 "GET /project/tree?rootId=0 HTTP/1.1" 200 (32 ms)
[20/Sep/2022:10:18:45 +0800] 0:0:0:0:0:0:0:1 "GET /budget/other/fetch?ownId=2543997172191232&selectId=2543997172191232 HTTP/1.1" 200 (17 ms)
[20/Sep/2022:10:18:47 +0800] 0:0:0:0:0:0:0:1 "GET /budget/other/fetch?ownId=2&selectId=2 HTTP/1.1" 200 (12 ms)
[20/Sep/2022:10:18:48 +0800] 0:0:0:0:0:0:0:1 "GET /budget/other/fetch?ownId=9&selectId=9 HTTP/1.1" 200 (9 ms)
[20/Sep/2022:10:18:48 +0800] 0:0:0:0:0:0:0:1 "GET /budget/other/fetch?ownId=11&selectId=11 HTTP/1.1" 200 (16 ms)
[20/Sep/2022:10:18:54 +0800] 0:0:0:0:0:0:0:1 "POST /budget/other/push HTTP/1.1" 200 (10 ms)
[20/Sep/2022:10:20:35 +0800] 0:0:0:0:0:0:0:1 "GET /project/tree?rootId=0 HTTP/1.1" 200 (51 ms)
[20/Sep/2022:10:20:35 +0800] 0:0:0:0:0:0:0:1 "GET /budget/other/fetch?ownId=2543997172191232&selectId=2543997172191232 HTTP/1.1" 200 (16 ms)
[20/Sep/2022:10:20:36 +0800] 0:0:0:0:0:0:0:1 "GET /budget/other/fetch?ownId=2&selectId=2 HTTP/1.1" 200 (9 ms)
[20/Sep/2022:10:20:37 +0800] 0:0:0:0:0:0:0:1 "GET /budget/other/fetch?ownId=9&selectId=9 HTTP/1.1" 200 (8 ms)
[20/Sep/2022:10:20:38 +0800] 0:0:0:0:0:0:0:1 "GET /budget/other/fetch?ownId=11&selectId=11 HTTP/1.1" 200 (10 ms)
[20/Sep/2022:10:20:42 +0800] 0:0:0:0:0:0:0:1 "POST /budget/other/push HTTP/1.1" 200 (425 ms)
[20/Sep/2022:10:25:09 +0800] 0:0:0:0:0:0:0:1 "GET /project/tree?rootId=0 HTTP/1.1" 200 (43 ms)
[20/Sep/2022:10:25:10 +0800] 0:0:0:0:0:0:0:1 "GET /budget/other/fetch?ownId=2543997172191232&selectId=2543997172191232 HTTP/1.1" 200 (14 ms)
[20/Sep/2022:10:25:11 +0800] 0:0:0:0:0:0:0:1 "GET /budget/other/fetch?ownId=2&selectId=2 HTTP/1.1" 200 (9 ms)
[20/Sep/2022:10:25:12 +0800] 0:0:0:0:0:0:0:1 "GET /budget/other/fetch?ownId=9&selectId=9 HTTP/1.1" 200 (9 ms)
[20/Sep/2022:10:25:12 +0800] 0:0:0:0:0:0:0:1 "GET /budget/other/fetch?ownId=11&selectId=11 HTTP/1.1" 200 (9 ms)
[20/Sep/2022:10:25:15 +0800] 0:0:0:0:0:0:0:1 "POST /budget/other/push HTTP/1.1" 200 (10 ms)
[20/Sep/2022:10:25:16 +0800] 0:0:0:0:0:0:0:1 "POST /budget/other/push HTTP/1.1" 200 (37 ms)
[20/Sep/2022:10:25:49 +0800] 0:0:0:0:0:0:0:1 "POST /budget/other/push HTTP/1.1" 200 (313 ms)
[20/Sep/2022:10:26:00 +0800] 0:0:0:0:0:0:0:1 "POST /budget/other/push HTTP/1.1" 200 (305 ms)
[20/Sep/2022:10:26:42 +0800] 0:0:0:0:0:0:0:1 "GET /project/tree?rootId=0 HTTP/1.1" 200 (36 ms)
[20/Sep/2022:10:26:42 +0800] 0:0:0:0:0:0:0:1 "GET /budget/other/fetch?ownId=2543997172191232&selectId=2543997172191232 HTTP/1.1" 200 (17 ms)
[20/Sep/2022:10:26:44 +0800] 0:0:0:0:0:0:0:1 "GET /budget/other/fetch?ownId=2&selectId=2 HTTP/1.1" 200 (9 ms)
[20/Sep/2022:10:26:45 +0800] 0:0:0:0:0:0:0:1 "GET /budget/other/fetch?ownId=9&selectId=9 HTTP/1.1" 200 (9 ms)
[20/Sep/2022:10:26:46 +0800] 0:0:0:0:0:0:0:1 "GET /budget/other/fetch?ownId=11&selectId=11 HTTP/1.1" 200 (12 ms)
[20/Sep/2022:10:26:55 +0800] 0:0:0:0:0:0:0:1 "POST /budget/other/push HTTP/1.1" 200 (8 ms)
[20/Sep/2022:10:27:31 +0800] 0:0:0:0:0:0:0:1 "POST /budget/other/push HTTP/1.1" 200 (345 ms)
[20/Sep/2022:10:27:34 +0800] 0:0:0:0:0:0:0:1 "POST /budget/other/push HTTP/1.1" 200 (8 ms)
[20/Sep/2022:10:27:37 +0800] 0:0:0:0:0:0:0:1 "POST /budget/other/push HTTP/1.1" 200 (8 ms)
[20/Sep/2022:10:27:40 +0800] 0:0:0:0:0:0:0:1 "POST /budget/other/push HTTP/1.1" 200 (8 ms)
[20/Sep/2022:10:27:41 +0800] 0:0:0:0:0:0:0:1 "POST /budget/other/push HTTP/1.1" 200 (8 ms)
[20/Sep/2022:10:27:43 +0800] 0:0:0:0:0:0:0:1 "POST /budget/other/push HTTP/1.1" 200 (7 ms)
[20/Sep/2022:10:27:45 +0800] 0:0:0:0:0:0:0:1 "POST /budget/other/push HTTP/1.1" 200 (7 ms)
[20/Sep/2022:10:27:47 +0800] 0:0:0:0:0:0:0:1 "POST /budget/other/push HTTP/1.1" 200 (17 ms)
[20/Sep/2022:10:27:48 +0800] 0:0:0:0:0:0:0:1 "POST /budget/other/push HTTP/1.1" 200 (8 ms)
[20/Sep/2022:10:27:50 +0800] 0:0:0:0:0:0:0:1 "POST /budget/other/push HTTP/1.1" 200 (8 ms)
[20/Sep/2022:10:27:52 +0800] 0:0:0:0:0:0:0:1 "GET /budget/other/fetch?ownId=9&selectId=9 HTTP/1.1" 200 (10 ms)
[20/Sep/2022:10:27:53 +0800] 0:0:0:0:0:0:0:1 "GET /budget/other/fetch?ownId=9&selectId=9 HTTP/1.1" 200 (9 ms)
[20/Sep/2022:10:27:53 +0800] 0:0:0:0:0:0:0:1 "GET /budget/other/fetch?ownId=11&selectId=11 HTTP/1.1" 200 (11 ms)
[20/Sep/2022:10:28:02 +0800] 0:0:0:0:0:0:0:1 "POST /budget/other/push HTTP/1.1" 200 (9 ms)
[20/Sep/2022:10:35:56 +0800] 0:0:0:0:0:0:0:1 "GET /project/tree?rootId=0 HTTP/1.1" 200 (41 ms)
[20/Sep/2022:10:35:56 +0800] 0:0:0:0:0:0:0:1 "GET /budget/other/fetch?ownId=2543997172191232&selectId=2543997172191232 HTTP/1.1" 200 (18 ms)
[20/Sep/2022:10:36:00 +0800] 0:0:0:0:0:0:0:1 "GET /budget/other/fetch?ownId=2&selectId=2 HTTP/1.1" 200 (8 ms)
[20/Sep/2022:10:36:02 +0800] 0:0:0:0:0:0:0:1 "GET /budget/other/fetch?ownId=9&selectId=9 HTTP/1.1" 200 (9 ms)
[20/Sep/2022:10:36:02 +0800] 0:0:0:0:0:0:0:1 "GET /budget/other/fetch?ownId=11&selectId=11 HTTP/1.1" 200 (10 ms)
[20/Sep/2022:10:36:11 +0800] 0:0:0:0:0:0:0:1 "POST /budget/other/push HTTP/1.1" 200 (316 ms)
[20/Sep/2022:10:36:14 +0800] 0:0:0:0:0:0:0:1 "POST /budget/other/push HTTP/1.1" 200 (29 ms)
[20/Sep/2022:10:36:17 +0800] 0:0:0:0:0:0:0:1 "POST /budget/other/push HTTP/1.1" 200 (23 ms)
[20/Sep/2022:10:36:20 +0800] 0:0:0:0:0:0:0:1 "POST /budget/other/push HTTP/1.1" 200 (32 ms)
[20/Sep/2022:10:36:22 +0800] 0:0:0:0:0:0:0:1 "POST /budget/other/push HTTP/1.1" 200 (24 ms)
[20/Sep/2022:10:36:23 +0800] 0:0:0:0:0:0:0:1 "POST /budget/other/push HTTP/1.1" 200 (22 ms)
[20/Sep/2022:10:36:25 +0800] 0:0:0:0:0:0:0:1 "POST /budget/other/push HTTP/1.1" 200 (46 ms)
[20/Sep/2022:10:36:26 +0800] 0:0:0:0:0:0:0:1 "POST /budget/other/push HTTP/1.1" 200 (37 ms)
[20/Sep/2022:10:36:28 +0800] 0:0:0:0:0:0:0:1 "POST /budget/other/push HTTP/1.1" 200 (24 ms)
[20/Sep/2022:10:36:40 +0800] 0:0:0:0:0:0:0:1 "GET /budget/other/fetch?ownId=9&selectId=9 HTTP/1.1" 200 (9 ms)
[20/Sep/2022:10:36:41 +0800] 0:0:0:0:0:0:0:1 "GET /budget/other/fetch?ownId=9&selectId=9 HTTP/1.1" 200 (8 ms)
[20/Sep/2022:10:36:42 +0800] 0:0:0:0:0:0:0:1 "GET /budget/other/fetch?ownId=11&selectId=11 HTTP/1.1" 200 (11 ms)
[20/Sep/2022:19:49:35 +0800] 0:0:0:0:0:0:0:1 "POST /system/token HTTP/1.1" 200 (142 ms)
[20/Sep/2022:19:49:35 +0800] 0:0:0:0:0:0:0:1 "GET /system/menu HTTP/1.1" 200 (86 ms)
[20/Sep/2022:19:49:36 +0800] 0:0:0:0:0:0:0:1 "GET /project/fetch?ownId=0 HTTP/1.1" 200 (1052 ms)
[20/Sep/2022:19:50:11 +0800] 0:0:0:0:0:0:0:1 "GET /project/tree?rootId=0 HTTP/1.1" 200 (37 ms)
[20/Sep/2022:19:50:11 +0800] 0:0:0:0:0:0:0:1 "GET /plan/measure/tree2?ownId=0&selectId=2543997172191232 HTTP/1.1" 200 (75 ms)
[20/Sep/2022:19:50:11 +0800] 0:0:0:0:0:0:0:1 "GET /plan/measure/machine/tree?ownId=2543997172191232&selectId=2543997172191232&rootId=2543997172191232 HTTP/1.1" 200 (50 ms)
[20/Sep/2022:19:50:26 +0800] 0:0:0:0:0:0:0:1 "GET /project/tree?rootId=0 HTTP/1.1" 200 (40 ms)
[20/Sep/2022:19:50:26 +0800] 0:0:0:0:0:0:0:1 "GET /plan/other/fetch?ownId=2543997172191232&selectId=2543997172191232 HTTP/1.1" 200 (27 ms)
[20/Sep/2022:19:50:27 +0800] 0:0:0:0:0:0:0:1 "GET /project/tree?rootId=0 HTTP/1.1" 200 (27 ms)
[20/Sep/2022:19:50:27 +0800] 0:0:0:0:0:0:0:1 "GET /plan/measure/tree2?ownId=0&selectId=2543997172191232 HTTP/1.1" 200 (41 ms)
[20/Sep/2022:19:50:28 +0800] 0:0:0:0:0:0:0:1 "GET /plan/measure/machine/tree?ownId=2543997172191232&selectId=2543997172191232&rootId=2543997172191232 HTTP/1.1" 200 (20 ms)
[20/Sep/2022:19:50:29 +0800] 0:0:0:0:0:0:0:1 "GET /project/tree?rootId=0 HTTP/1.1" 200 (37 ms)
[20/Sep/2022:19:57:19 +0800] 0:0:0:0:0:0:0:1 "POST /system/token HTTP/1.1" 200 (120 ms)
[20/Sep/2022:19:57:19 +0800] 0:0:0:0:0:0:0:1 "GET /system/menu HTTP/1.1" 200 (65 ms)
[20/Sep/2022:19:57:20 +0800] 0:0:0:0:0:0:0:1 "GET /project/fetch?ownId=0 HTTP/1.1" 200 (849 ms)
[20/Sep/2022:19:57:25 +0800] 0:0:0:0:0:0:0:1 "GET /project/tree?rootId=0 HTTP/1.1" 200 (34 ms)
[20/Sep/2022:19:59:15 +0800] 0:0:0:0:0:0:0:1 "GET /project/tree?rootId=0 HTTP/1.1" 200 (55 ms)
[20/Sep/2022:19:59:15 +0800] 0:0:0:0:0:0:0:1 "GET /budget/division/tree2?ownId=0&selectId=2543997172191232 HTTP/1.1" 200 (91 ms)
[20/Sep/2022:19:59:15 +0800] 0:0:0:0:0:0:0:1 "GET /budget/division/machine/tree?ownId=2543997172191232&selectId=2543997172191232&rootId=2543997172191232 HTTP/1.1" 200 (437 ms)
[20/Sep/2022:19:59:18 +0800] 0:0:0:0:0:0:0:1 "GET /budget/division/tree2?ownId=0&selectId=3 HTTP/1.1" 200 (45 ms)
[20/Sep/2022:19:59:18 +0800] 0:0:0:0:0:0:0:1 "GET /budget/division/machine/tree?ownId=3&selectId=3&rootId=3 HTTP/1.1" 200 (24 ms)
[20/Sep/2022:19:59:21 +0800] 0:0:0:0:0:0:0:1 "GET /project/tree?rootId=0 HTTP/1.1" 200 (28 ms)
[20/Sep/2022:20:08:26 +0800] 0:0:0:0:0:0:0:1 "GET /project/tree?rootId=0 HTTP/1.1" 200 (43 ms)
[20/Sep/2022:20:10:54 +0800] 0:0:0:0:0:0:0:1 "GET /project/tree?rootId=0 HTTP/1.1" 200 (60 ms)
[20/Sep/2022:20:16:27 +0800] 0:0:0:0:0:0:0:1 "GET /project/tree?rootId=0 HTTP/1.1" 200 (45 ms)
[20/Sep/2022:20:16:27 +0800] 0:0:0:0:0:0:0:1 "GET /plan/division/tree2?ownId=0&selectId=2543997172191232 HTTP/1.1" 200 (79 ms)
[20/Sep/2022:20:16:27 +0800] 0:0:0:0:0:0:0:1 "GET /plan/division/machine/tree?ownId=2543997172191232&selectId=2543997172191232&rootId=2543997172191232 HTTP/1.1" 200 (37 ms)
[20/Sep/2022:20:16:30 +0800] 0:0:0:0:0:0:0:1 "GET /plan/division/tree2?ownId=0&selectId=3 HTTP/1.1" 200 (41 ms)
[20/Sep/2022:20:16:30 +0800] 0:0:0:0:0:0:0:1 "GET /plan/division/machine/tree?ownId=3&selectId=3&rootId=3 HTTP/1.1" 200 (20 ms)
[20/Sep/2022:20:16:32 +0800] 0:0:0:0:0:0:0:1 "GET /plan/division/tree2?ownId=0&selectId=2 HTTP/1.1" 200 (43 ms)
[20/Sep/2022:20:16:32 +0800] 0:0:0:0:0:0:0:1 "GET /plan/division/machine/tree?ownId=2&selectId=2&rootId=2 HTTP/1.1" 200 (21 ms)
[20/Sep/2022:20:16:34 +0800] 0:0:0:0:0:0:0:1 "GET /plan/division/tree2?ownId=2&selectId=9 HTTP/1.1" 200 (39 ms)
[20/Sep/2022:20:16:34 +0800] 0:0:0:0:0:0:0:1 "GET /plan/division/machine/tree?ownId=9&selectId=9&rootId=9 HTTP/1.1" 200 (25 ms)
[20/Sep/2022:20:16:36 +0800] 0:0:0:0:0:0:0:1 "GET /plan/division/tree2?ownId=2&selectId=11 HTTP/1.1" 200 (36 ms)
[20/Sep/2022:20:16:36 +0800] 0:0:0:0:0:0:0:1 "GET /plan/division/machine/tree?ownId=11&selectId=11&rootId=11 HTTP/1.1" 200 (18 ms)
[20/Sep/2022:20:17:11 +0800] 0:0:0:0:0:0:0:1 "GET /project/tree?rootId=0 HTTP/1.1" 200 (28 ms)
[20/Sep/2022:20:17:11 +0800] 0:0:0:0:0:0:0:1 "GET /plan/other/fetch?ownId=2543997172191232&selectId=2543997172191232 HTTP/1.1" 200 (16 ms)
[20/Sep/2022:20:17:15 +0800] 0:0:0:0:0:0:0:1 "GET /project/tree?rootId=0 HTTP/1.1" 200 (30 ms)
[20/Sep/2022:20:17:15 +0800] 0:0:0:0:0:0:0:1 "GET /plan/division/tree2?ownId=0&selectId=2543997172191232 HTTP/1.1" 200 (44 ms)
[20/Sep/2022:20:17:15 +0800] 0:0:0:0:0:0:0:1 "GET /plan/division/machine/tree?ownId=2543997172191232&selectId=2543997172191232&rootId=2543997172191232 HTTP/1.1" 200 (21 ms)
[20/Sep/2022:20:17:17 +0800] 0:0:0:0:0:0:0:1 "GET /project/tree?rootId=0 HTTP/1.1" 200 (30 ms)
[20/Sep/2022:20:17:17 +0800] 0:0:0:0:0:0:0:1 "GET /plan/measure/tree2?ownId=0&selectId=2543997172191232 HTTP/1.1" 200 (46 ms)
[20/Sep/2022:20:17:17 +0800] 0:0:0:0:0:0:0:1 "GET /plan/measure/machine/tree?ownId=2543997172191232&selectId=2543997172191232&rootId=2543997172191232 HTTP/1.1" 200 (25 ms)
[20/Sep/2022:20:17:18 +0800] 0:0:0:0:0:0:0:1 "GET /project/tree?rootId=0 HTTP/1.1" 200 (22 ms)
[20/Sep/2022:20:17:18 +0800] 0:0:0:0:0:0:0:1 "GET /plan/division/tree2?ownId=0&selectId=2543997172191232 HTTP/1.1" 200 (40 ms)
[20/Sep/2022:20:17:18 +0800] 0:0:0:0:0:0:0:1 "GET /plan/division/machine/tree?ownId=2543997172191232&selectId=2543997172191232&rootId=2543997172191232 HTTP/1.1" 200 (24 ms)
[20/Sep/2022:20:17:53 +0800] 0:0:0:0:0:0:0:1 "GET /project/tree?rootId=0 HTTP/1.1" 200 (33 ms)
[20/Sep/2022:20:17:53 +0800] 0:0:0:0:0:0:0:1 "GET /plan/measure/tree2?ownId=0&selectId=2543997172191232 HTTP/1.1" 200 (56 ms)
[20/Sep/2022:20:17:54 +0800] 0:0:0:0:0:0:0:1 "GET /project/tree?rootId=0 HTTP/1.1" 200 (26 ms)
[20/Sep/2022:20:17:54 +0800] 0:0:0:0:0:0:0:1 "GET /plan/division/tree2?ownId=0&selectId=2543997172191232 HTTP/1.1" 200 (51 ms)
[20/Sep/2022:20:17:54 +0800] 0:0:0:0:0:0:0:1 "GET /plan/division/machine/tree?ownId=2543997172191232&selectId=2543997172191232&rootId=2543997172191232 HTTP/1.1" 200 (29 ms)
[20/Sep/2022:20:18:23 +0800] 0:0:0:0:0:0:0:1 "GET /project/tree?rootId=0 HTTP/1.1" 200 (34 ms)
[20/Sep/2022:20:18:23 +0800] 0:0:0:0:0:0:0:1 "GET /plan/measure/tree2?ownId=0&selectId=2543997172191232 HTTP/1.1" 200 (67 ms)
[20/Sep/2022:20:18:23 +0800] 0:0:0:0:0:0:0:1 "GET /plan/measure/machine/tree?ownId=2543997172191232&selectId=2543997172191232&rootId=2543997172191232 HTTP/1.1" 200 (32 ms)
[20/Sep/2022:20:18:25 +0800] 0:0:0:0:0:0:0:1 "GET /plan/measure/tree2?ownId=0&selectId=3 HTTP/1.1" 200 (38 ms)
[20/Sep/2022:20:18:25 +0800] 0:0:0:0:0:0:0:1 "GET /plan/measure/machine/tree?ownId=3&selectId=3&rootId=3 HTTP/1.1" 200 (28 ms)
[20/Sep/2022:20:18:26 +0800] 0:0:0:0:0:0:0:1 "GET /plan/measure/tree2?ownId=3&selectId=13 HTTP/1.1" 200 (34 ms)
[20/Sep/2022:20:18:26 +0800] 0:0:0:0:0:0:0:1 "GET /plan/measure/machine/tree?ownId=13&selectId=13&rootId=13 HTTP/1.1" 200 (17 ms)
[20/Sep/2022:20:18:27 +0800] 0:0:0:0:0:0:0:1 "GET /plan/measure/tree2?ownId=0&selectId=2 HTTP/1.1" 200 (35 ms)
[20/Sep/2022:20:18:28 +0800] 0:0:0:0:0:0:0:1 "GET /plan/measure/machine/tree?ownId=2&selectId=2&rootId=2 HTTP/1.1" 200 (20 ms)
[20/Sep/2022:20:18:30 +0800] 0:0:0:0:0:0:0:1 "GET /plan/measure/tree2?ownId=2&selectId=9 HTTP/1.1" 200 (33 ms)
[20/Sep/2022:20:18:30 +0800] 0:0:0:0:0:0:0:1 "GET /plan/measure/machine/tree?ownId=9&selectId=9&rootId=9 HTTP/1.1" 200 (17 ms)
[20/Sep/2022:20:18:31 +0800] 0:0:0:0:0:0:0:1 "GET /plan/measure/tree2?ownId=2&selectId=11 HTTP/1.1" 200 (32 ms)
[20/Sep/2022:20:18:31 +0800] 0:0:0:0:0:0:0:1 "GET /plan/measure/machine/tree?ownId=11&selectId=11&rootId=11 HTTP/1.1" 200 (14 ms)
[20/Sep/2022:20:18:33 +0800] 0:0:0:0:0:0:0:1 "GET /project/tree?rootId=0 HTTP/1.1" 200 (25 ms)
[20/Sep/2022:20:18:33 +0800] 0:0:0:0:0:0:0:1 "GET /plan/division/tree2?ownId=0&selectId=2543997172191232 HTTP/1.1" 200 (34 ms)
[20/Sep/2022:20:18:33 +0800] 0:0:0:0:0:0:0:1 "GET /plan/division/machine/tree?ownId=2543997172191232&selectId=2543997172191232&rootId=2543997172191232 HTTP/1.1" 200 (25 ms)
[20/Sep/2022:20:18:42 +0800] 0:0:0:0:0:0:0:1 "GET /project/tree?rootId=0 HTTP/1.1" 200 (21 ms)
[20/Sep/2022:20:18:42 +0800] 0:0:0:0:0:0:0:1 "GET /plan/measure/tree2?ownId=0&selectId=2543997172191232 HTTP/1.1" 200 (37 ms)
[20/Sep/2022:20:18:42 +0800] 0:0:0:0:0:0:0:1 "GET /plan/measure/machine/tree?ownId=2543997172191232&selectId=2543997172191232&rootId=2543997172191232 HTTP/1.1" 200 (24 ms)
[20/Sep/2022:20:18:53 +0800] 0:0:0:0:0:0:0:1 "GET /project/tree?rootId=0 HTTP/1.1" 200 (28 ms)
[20/Sep/2022:20:18:53 +0800] 0:0:0:0:0:0:0:1 "GET /plan/other/fetch?ownId=2543997172191232&selectId=2543997172191232 HTTP/1.1" 200 (12 ms)
[20/Sep/2022:20:19:04 +0800] 0:0:0:0:0:0:0:1 "GET /project/tree?rootId=0 HTTP/1.1" 200 (27 ms)
[20/Sep/2022:20:19:04 +0800] 0:0:0:0:0:0:0:1 "GET /plan/division/tree2?ownId=0&selectId=2543997172191232 HTTP/1.1" 200 (39 ms)
[20/Sep/2022:20:19:04 +0800] 0:0:0:0:0:0:0:1 "GET /plan/division/machine/tree?ownId=2543997172191232&selectId=2543997172191232&rootId=2543997172191232 HTTP/1.1" 200 (24 ms)
[20/Sep/2022:20:19:40 +0800] 0:0:0:0:0:0:0:1 "OPTIONS /plan/division/push HTTP/1.1" 200 (5 ms)
[20/Sep/2022:20:19:40 +0800] 0:0:0:0:0:0:0:1 "POST /plan/division/push HTTP/1.1" 200 (379 ms)
[20/Sep/2022:20:19:42 +0800] 0:0:0:0:0:0:0:1 "GET /plan/division/machine/tree?ownId=3310835300700160&selectId=3310835300700160&rootId=3310835300700160 HTTP/1.1" 200 (28 ms)
[20/Sep/2022:20:19:42 +0800] 0:0:0:0:0:0:0:1 "GET /plan/division/machine/tree?ownId=3310835300700160&selectId=3310835300700160&rootId=3310835300700160 HTTP/1.1" 200 (20 ms)
[20/Sep/2022:20:19:44 +0800] 0:0:0:0:0:0:0:1 "POST /plan/division/push HTTP/1.1" 200 (25 ms)
[20/Sep/2022:20:19:44 +0800] 0:0:0:0:0:0:0:1 "GET /plan/division/machine/tree?ownId=3310835300700160&selectId=3310835300700160&rootId=3310835300700160 HTTP/1.1" 200 (29 ms)
[20/Sep/2022:20:19:46 +0800] 0:0:0:0:0:0:0:1 "GET /plan/division/tree2?ownId=0&selectId=3 HTTP/1.1" 200 (32 ms)
[20/Sep/2022:20:19:46 +0800] 0:0:0:0:0:0:0:1 "GET /plan/division/machine/tree?ownId=3&selectId=3&rootId=3 HTTP/1.1" 200 (17 ms)
[20/Sep/2022:20:19:47 +0800] 0:0:0:0:0:0:0:1 "GET /plan/division/tree2?ownId=0&selectId=2543997172191232 HTTP/1.1" 200 (29 ms)
[20/Sep/2022:20:19:47 +0800] 0:0:0:0:0:0:0:1 "GET /plan/division/machine/tree?ownId=2543997172191232&selectId=2543997172191232&rootId=2543997172191232 HTTP/1.1" 200 (15 ms)
[20/Sep/2022:20:19:51 +0800] 0:0:0:0:0:0:0:1 "GET /plan/division/machine/tree?ownId=3310835300700160&selectId=3310835300700160&rootId=3310835300700160 HTTP/1.1" 200 (18 ms)
[20/Sep/2022:20:19:52 +0800] 0:0:0:0:0:0:0:1 "POST /plan/division/push HTTP/1.1" 200 (129 ms)
[20/Sep/2022:20:19:53 +0800] 0:0:0:0:0:0:0:1 "POST /plan/division/push HTTP/1.1" 200 (28 ms)
[20/Sep/2022:20:19:56 +0800] 0:0:0:0:0:0:0:1 "POST /plan/division/push HTTP/1.1" 200 (25 ms)
[20/Sep/2022:20:19:59 +0800] 0:0:0:0:0:0:0:1 "GET /project/tree?rootId=0 HTTP/1.1" 200 (26 ms)
[20/Sep/2022:20:19:59 +0800] 0:0:0:0:0:0:0:1 "GET /plan/measure/tree2?ownId=0&selectId=2543997172191232 HTTP/1.1" 200 (34 ms)
[20/Sep/2022:20:19:59 +0800] 0:0:0:0:0:0:0:1 "GET /plan/measure/machine/tree?ownId=2543997172191232&selectId=2543997172191232&rootId=2543997172191232 HTTP/1.1" 200 (27 ms)
[20/Sep/2022:20:20:02 +0800] 0:0:0:0:0:0:0:1 "GET /plan/measure/tree2?ownId=3&selectId=13 HTTP/1.1" 200 (32 ms)
[20/Sep/2022:20:20:02 +0800] 0:0:0:0:0:0:0:1 "GET /plan/measure/machine/tree?ownId=13&selectId=13&rootId=13 HTTP/1.1" 200 (13 ms)
[20/Sep/2022:20:20:07 +0800] 0:0:0:0:0:0:0:1 "GET /plan/measure/machine/tree?ownId=13&selectId=13&rootId=13 HTTP/1.1" 200 (19 ms)
[20/Sep/2022:20:20:09 +0800] 0:0:0:0:0:0:0:1 "GET /plan/measure/tree2?ownId=3&selectId=13 HTTP/1.1" 200 (31 ms)
[20/Sep/2022:20:20:09 +0800] 0:0:0:0:0:0:0:1 "GET /plan/measure/machine/tree?ownId=13&selectId=13&rootId=13 HTTP/1.1" 200 (16 ms)
[20/Sep/2022:20:20:09 +0800] 0:0:0:0:0:0:0:1 "GET /plan/measure/tree2?ownId=0&selectId=2543997172191232 HTTP/1.1" 200 (28 ms)
[20/Sep/2022:20:20:09 +0800] 0:0:0:0:0:0:0:1 "GET /plan/measure/machine/tree?ownId=2543997172191232&selectId=2543997172191232&rootId=2543997172191232 HTTP/1.1" 200 (15 ms)
[20/Sep/2022:20:20:10 +0800] 0:0:0:0:0:0:0:1 "GET /plan/measure/tree2?ownId=3&selectId=13 HTTP/1.1" 200 (31 ms)
[20/Sep/2022:20:20:10 +0800] 0:0:0:0:0:0:0:1 "GET /plan/measure/machine/tree?ownId=13&selectId=13&rootId=13 HTTP/1.1" 200 (15 ms)
[20/Sep/2022:20:20:12 +0800] 0:0:0:0:0:0:0:1 "OPTIONS /plan/measure/push HTTP/1.1" 200 (1 ms)
[20/Sep/2022:20:20:12 +0800] 0:0:0:0:0:0:0:1 "POST /plan/measure/push HTTP/1.1" 200 (335 ms)
[20/Sep/2022:20:20:14 +0800] 0:0:0:0:0:0:0:1 "GET /plan/measure/machine/tree?ownId=3310969216438272&selectId=3310969216438272&rootId=3310969216438272 HTTP/1.1" 200 (18 ms)
[20/Sep/2022:20:20:14 +0800] 0:0:0:0:0:0:0:1 "GET /plan/measure/machine/tree?ownId=3310969216438272&selectId=3310969216438272&rootId=3310969216438272 HTTP/1.1" 200 (12 ms)
[20/Sep/2022:20:20:15 +0800] 0:0:0:0:0:0:0:1 "GET /plan/measure/machine/tree?ownId=3310969216438272&selectId=3310969216438272&rootId=3310969216438272 HTTP/1.1" 200 (16 ms)
[20/Sep/2022:20:20:15 +0800] 0:0:0:0:0:0:0:1 "POST /plan/measure/push HTTP/1.1" 200 (13 ms)
[20/Sep/2022:20:20:16 +0800] 0:0:0:0:0:0:0:1 "POST /plan/measure/push HTTP/1.1" 200 (10 ms)
[20/Sep/2022:20:20:17 +0800] 0:0:0:0:0:0:0:1 "GET /plan/measure/machine/tree?ownId=13&selectId=13&rootId=13 HTTP/1.1" 200 (18 ms)
[20/Sep/2022:20:20:18 +0800] 0:0:0:0:0:0:0:1 "GET /plan/measure/tree2?ownId=0&selectId=2 HTTP/1.1" 200 (34 ms)
[20/Sep/2022:20:20:18 +0800] 0:0:0:0:0:0:0:1 "GET /plan/measure/machine/tree?ownId=2&selectId=2&rootId=2 HTTP/1.1" 200 (17 ms)
[20/Sep/2022:20:20:18 +0800] 0:0:0:0:0:0:0:1 "GET /plan/measure/tree2?ownId=3&selectId=13 HTTP/1.1" 200 (32 ms)
[20/Sep/2022:20:20:18 +0800] 0:0:0:0:0:0:0:1 "GET /plan/measure/machine/tree?ownId=13&selectId=13&rootId=13 HTTP/1.1" 200 (16 ms)
[20/Sep/2022:20:20:20 +0800] 0:0:0:0:0:0:0:1 "GET /plan/measure/tree2?ownId=2&selectId=9 HTTP/1.1" 200 (32 ms)
[20/Sep/2022:20:20:20 +0800] 0:0:0:0:0:0:0:1 "GET /plan/measure/machine/tree?ownId=9&selectId=9&rootId=9 HTTP/1.1" 200 (16 ms)
[20/Sep/2022:20:20:21 +0800] 0:0:0:0:0:0:0:1 "GET /plan/measure/tree2?ownId=2&selectId=11 HTTP/1.1" 200 (29 ms)
[20/Sep/2022:20:20:21 +0800] 0:0:0:0:0:0:0:1 "GET /plan/measure/machine/tree?ownId=11&selectId=11&rootId=11 HTTP/1.1" 200 (17 ms)
[20/Sep/2022:20:20:23 +0800] 0:0:0:0:0:0:0:1 "POST /plan/measure/push HTTP/1.1" 200 (10 ms)
[20/Sep/2022:20:20:24 +0800] 0:0:0:0:0:0:0:1 "GET /plan/measure/machine/tree?ownId=3311014221320192&selectId=3311014221320192&rootId=3311014221320192 HTTP/1.1" 200 (19 ms)
[20/Sep/2022:20:20:24 +0800] 0:0:0:0:0:0:0:1 "GET /plan/measure/machine/tree?ownId=3311014221320192&selectId=3311014221320192&rootId=3311014221320192 HTTP/1.1" 200 (13 ms)
[20/Sep/2022:20:20:26 +0800] 0:0:0:0:0:0:0:1 "POST /plan/measure/push HTTP/1.1" 200 (11 ms)
[20/Sep/2022:20:20:26 +0800] 0:0:0:0:0:0:0:1 "GET /plan/measure/machine/tree?ownId=3311014221320192&selectId=3311014221320192&rootId=3311014221320192 HTTP/1.1" 200 (21 ms)
[20/Sep/2022:20:20:27 +0800] 0:0:0:0:0:0:0:1 "POST /plan/measure/push HTTP/1.1" 200 (9 ms)
[20/Sep/2022:20:20:28 +0800] 0:0:0:0:0:0:0:1 "GET /plan/measure/tree2?ownId=0&selectId=2 HTTP/1.1" 200 (34 ms)
[20/Sep/2022:20:20:28 +0800] 0:0:0:0:0:0:0:1 "GET /plan/measure/machine/tree?ownId=2&selectId=2&rootId=2 HTTP/1.1" 200 (16 ms)
[20/Sep/2022:20:20:31 +0800] 0:0:0:0:0:0:0:1 "GET /project/tree?rootId=0 HTTP/1.1" 200 (25 ms)
[20/Sep/2022:20:20:31 +0800] 0:0:0:0:0:0:0:1 "GET /plan/other/fetch?ownId=2543997172191232&selectId=2543997172191232 HTTP/1.1" 200 (12 ms)
[20/Sep/2022:20:20:44 +0800] 0:0:0:0:0:0:0:1 "OPTIONS /plan/other/push HTTP/1.1" 200 (1 ms)
[20/Sep/2022:20:20:44 +0800] 0:0:0:0:0:0:0:1 "POST /plan/other/push HTTP/1.1" 200 (130 ms)
[20/Sep/2022:20:20:48 +0800] 0:0:0:0:0:0:0:1 "POST /plan/other/push HTTP/1.1" 200 (14 ms)
[20/Sep/2022:20:20:50 +0800] 0:0:0:0:0:0:0:1 "GET /plan/other/fetch?ownId=3&selectId=3 HTTP/1.1" 200 (8 ms)
[20/Sep/2022:20:20:51 +0800] 0:0:0:0:0:0:0:1 "GET /plan/other/fetch?ownId=2543997172191232&selectId=2543997172191232 HTTP/1.1" 200 (11 ms)
[20/Sep/2022:20:20:52 +0800] 0:0:0:0:0:0:0:1 "GET /plan/other/fetch?ownId=3&selectId=3 HTTP/1.1" 200 (8 ms)
[20/Sep/2022:20:20:53 +0800] 0:0:0:0:0:0:0:1 "GET /plan/other/fetch?ownId=2543997172191232&selectId=2543997172191232 HTTP/1.1" 200 (9 ms)
[20/Sep/2022:20:20:55 +0800] 0:0:0:0:0:0:0:1 "POST /plan/other/push HTTP/1.1" 200 (8 ms)
[20/Sep/2022:20:26:56 +0800] 0:0:0:0:0:0:0:1 "GET /project/tree?rootId=0 HTTP/1.1" 200 (29 ms)
[20/Sep/2022:20:26:56 +0800] 0:0:0:0:0:0:0:1 "GET /plan/measure/tree2?ownId=0&selectId=2543997172191232 HTTP/1.1" 200 (59 ms)
[20/Sep/2022:20:26:56 +0800] 0:0:0:0:0:0:0:1 "GET /plan/measure/machine/tree?ownId=2543997172191232&selectId=2543997172191232&rootId=2543997172191232 HTTP/1.1" 200 (21 ms)
[20/Sep/2022:21:12:47 +0800] 0:0:0:0:0:0:0:1 "GET /project/tree?rootId=0 HTTP/1.1" 200 (1080 ms)
[20/Sep/2022:21:12:47 +0800] 0:0:0:0:0:0:0:1 "GET /plan/measure/tree2?ownId=0&selectId=2543997172191232 HTTP/1.1" 200 (52 ms)
[20/Sep/2022:21:12:47 +0800] 0:0:0:0:0:0:0:1 "GET /plan/measure/machine/tree?ownId=2543997172191232&selectId=2543997172191232&rootId=2543997172191232 HTTP/1.1" 200 (28 ms)
[20/Sep/2022:21:15:38 +0800] 0:0:0:0:0:0:0:1 "POST /system/token HTTP/1.1" 200 (133 ms)
[20/Sep/2022:21:15:38 +0800] 0:0:0:0:0:0:0:1 "GET /system/menu HTTP/1.1" 200 (74 ms)
[20/Sep/2022:21:15:39 +0800] 0:0:0:0:0:0:0:1 "GET /project/fetch?ownId=0 HTTP/1.1" 200 (844 ms)
[20/Sep/2022:21:15:42 +0800] 0:0:0:0:0:0:0:1 "GET /project/tree?rootId=0 HTTP/1.1" 200 (33 ms)
[20/Sep/2022:21:15:42 +0800] 0:0:0:0:0:0:0:1 "GET /budget/division/tree2?ownId=0&selectId=2543997172191232 HTTP/1.1" 200 (47 ms)
[20/Sep/2022:21:15:42 +0800] 0:0:0:0:0:0:0:1 "GET /budget/division/machine/tree?ownId=2543997172191232&selectId=2543997172191232&rootId=2543997172191232 HTTP/1.1" 200 (43 ms)
[20/Sep/2022:21:16:24 +0800] 0:0:0:0:0:0:0:1 "GET /project/tree?rootId=0 HTTP/1.1" 200 (43 ms)
[20/Sep/2022:21:16:24 +0800] 0:0:0:0:0:0:0:1 "GET /budget/division/tree2?ownId=0&selectId=2543997172191232 HTTP/1.1" 200 (33 ms)
[20/Sep/2022:21:16:24 +0800] 0:0:0:0:0:0:0:1 "GET /budget/division/machine/tree?ownId=2543997172191232&selectId=2543997172191232&rootId=2543997172191232 HTTP/1.1" 200 (30 ms)
[20/Sep/2022:21:24:38 +0800] 0:0:0:0:0:0:0:1 "GET /project/tree?rootId=0 HTTP/1.1" 200 (58 ms)
[20/Sep/2022:21:24:38 +0800] 0:0:0:0:0:0:0:1 "GET /budget/division/tree2?ownId=0&selectId=2543997172191232 HTTP/1.1" 200 (122 ms)
[20/Sep/2022:21:24:39 +0800] 0:0:0:0:0:0:0:1 "GET /budget/division/machine/tree?ownId=2543997172191232&selectId=2543997172191232&rootId=2543997172191232 HTTP/1.1" 200 (38 ms)
[20/Sep/2022:21:24:44 +0800] 0:0:0:0:0:0:0:1 "GET /project/tree?rootId=0 HTTP/1.1" 200 (38 ms)
[20/Sep/2022:21:24:44 +0800] 0:0:0:0:0:0:0:1 "GET /actual/division/tree2?ownId=0&selectId=2543997172191232 HTTP/1.1" 200 (70 ms)
[20/Sep/2022:21:24:44 +0800] 0:0:0:0:0:0:0:1 "GET /actual/division/machine/tree?ownId=2543997172191232&selectId=2543997172191232&rootId=2543997172191232 HTTP/1.1" 200 (39 ms)
[20/Sep/2022:21:24:46 +0800] 0:0:0:0:0:0:0:1 "GET /project/tree?rootId=0 HTTP/1.1" 200 (25 ms)
[20/Sep/2022:21:24:46 +0800] 0:0:0:0:0:0:0:1 "GET /plan/measure/tree2?ownId=0&selectId=2543997172191232 HTTP/1.1" 200 (45 ms)
[20/Sep/2022:21:24:46 +0800] 0:0:0:0:0:0:0:1 "GET /plan/measure/machine/tree?ownId=2543997172191232&selectId=2543997172191232&rootId=2543997172191232 HTTP/1.1" 200 (29 ms)
[20/Sep/2022:21:24:47 +0800] 0:0:0:0:0:0:0:1 "GET /project/tree?rootId=0 HTTP/1.1" 200 (22 ms)
[20/Sep/2022:21:24:47 +0800] 0:0:0:0:0:0:0:1 "GET /plan/other/fetch?ownId=2543997172191232&selectId=2543997172191232 HTTP/1.1" 200 (20 ms)
[20/Sep/2022:21:27:02 +0800] 0:0:0:0:0:0:0:1 "GET /project/tree?rootId=0 HTTP/1.1" 200 (41 ms)
[20/Sep/2022:21:27:02 +0800] 0:0:0:0:0:0:0:1 "GET /plan/other/fetch?ownId=2543997172191232&selectId=2543997172191232 HTTP/1.1" 200 (23 ms)
[20/Sep/2022:21:27:22 +0800] 0:0:0:0:0:0:0:1 "GET /plan/other/fetch?ownId=2543997172191232&selectId=2543997172191232 HTTP/1.1" 200 (12 ms)
[20/Sep/2022:21:31:20 +0800] 0:0:0:0:0:0:0:1 "GET /project/tree?rootId=0 HTTP/1.1" 200 (51 ms)
[20/Sep/2022:21:31:20 +0800] 0:0:0:0:0:0:0:1 "GET /actual/other/fetch?ownId=2543997172191232&selectId=2543997172191232 HTTP/1.1" 200 (23 ms)
[20/Sep/2022:21:31:24 +0800] 0:0:0:0:0:0:0:1 "GET /actual/other/fetch?ownId=2543997172191232&selectId=2543997172191232 HTTP/1.1" 200 (9 ms)
[20/Sep/2022:21:31:25 +0800] 0:0:0:0:0:0:0:1 "GET /actual/other/fetch?ownId=3&selectId=3 HTTP/1.1" 200 (11 ms)
[20/Sep/2022:21:31:25 +0800] 0:0:0:0:0:0:0:1 "GET /actual/other/fetch?ownId=13&selectId=13 HTTP/1.1" 200 (9 ms)
[20/Sep/2022:21:31:26 +0800] 0:0:0:0:0:0:0:1 "GET /actual/other/fetch?ownId=2&selectId=2 HTTP/1.1" 200 (9 ms)
[20/Sep/2022:21:31:27 +0800] 0:0:0:0:0:0:0:1 "GET /actual/other/fetch?ownId=9&selectId=9 HTTP/1.1" 200 (9 ms)
[20/Sep/2022:21:31:28 +0800] 0:0:0:0:0:0:0:1 "GET /actual/other/fetch?ownId=11&selectId=11 HTTP/1.1" 200 (9 ms)
[20/Sep/2022:21:31:29 +0800] 0:0:0:0:0:0:0:1 "GET /actual/other/fetch?ownId=8&selectId=8 HTTP/1.1" 200 (9 ms)
[20/Sep/2022:21:31:33 +0800] 0:0:0:0:0:0:0:1 "GET /actual/other/fetch?ownId=11&selectId=11 HTTP/1.1" 200 (9 ms)
[20/Sep/2022:21:31:38 +0800] 0:0:0:0:0:0:0:1 "GET /actual/other/fetch?ownId=11&selectId=11 HTTP/1.1" 200 (9 ms)
[20/Sep/2022:21:31:51 +0800] 0:0:0:0:0:0:0:1 "GET /project/tree?rootId=0 HTTP/1.1" 200 (23 ms)
[20/Sep/2022:21:31:51 +0800] 0:0:0:0:0:0:0:1 "GET /actual/measure/tree2?ownId=0&selectId=2543997172191232 HTTP/1.1" 200 (44 ms)
[20/Sep/2022:21:31:52 +0800] 0:0:0:0:0:0:0:1 "GET /actual/measure/machine/tree?ownId=2543997172191232&selectId=2543997172191232&rootId=2543997172191232 HTTP/1.1" 200 (27 ms)
[20/Sep/2022:21:31:58 +0800] 0:0:0:0:0:0:0:1 "OPTIONS /actual/measure/push HTTP/1.1" 200 (7 ms)
[20/Sep/2022:21:31:58 +0800] 0:0:0:0:0:0:0:1 "POST /actual/measure/push HTTP/1.1" 200 (688 ms)
[20/Sep/2022:21:32:00 +0800] 0:0:0:0:0:0:0:1 "GET /actual/measure/machine/tree?ownId=3329029809770496&selectId=3329029809770496&rootId=3329029809770496 HTTP/1.1" 200 (19 ms)
[20/Sep/2022:21:32:00 +0800] 0:0:0:0:0:0:0:1 "GET /actual/measure/machine/tree?ownId=3329029809770496&selectId=3329029809770496&rootId=3329029809770496 HTTP/1.1" 200 (13 ms)
[20/Sep/2022:21:32:02 +0800] 0:0:0:0:0:0:0:1 "POST /actual/measure/push HTTP/1.1" 200 (137 ms)
[20/Sep/2022:21:32:02 +0800] 0:0:0:0:0:0:0:1 "GET /actual/measure/machine/tree?ownId=2543997172191232&selectId=2543997172191232&rootId=2543997172191232 HTTP/1.1" 200 (143 ms)
[20/Sep/2022:21:32:03 +0800] 0:0:0:0:0:0:0:1 "GET /actual/measure/tree2?ownId=0&selectId=3 HTTP/1.1" 200 (34 ms)
[20/Sep/2022:21:32:03 +0800] 0:0:0:0:0:0:0:1 "GET /actual/measure/machine/tree?ownId=3&selectId=3&rootId=3 HTTP/1.1" 200 (26 ms)
[20/Sep/2022:21:32:04 +0800] 0:0:0:0:0:0:0:1 "GET /actual/measure/tree2?ownId=0&selectId=2543997172191232 HTTP/1.1" 200 (33 ms)
[20/Sep/2022:21:32:04 +0800] 0:0:0:0:0:0:0:1 "GET /actual/measure/machine/tree?ownId=2543997172191232&selectId=2543997172191232&rootId=2543997172191232 HTTP/1.1" 200 (16 ms)
[20/Sep/2022:21:32:06 +0800] 0:0:0:0:0:0:0:1 "GET /actual/measure/machine/tree?ownId=3329029809770496&selectId=3329029809770496&rootId=3329029809770496 HTTP/1.1" 200 (17 ms)
[20/Sep/2022:21:32:07 +0800] 0:0:0:0:0:0:0:1 "POST /actual/measure/push HTTP/1.1" 200 (10 ms)
[20/Sep/2022:21:32:08 +0800] 0:0:0:0:0:0:0:1 "GET /actual/measure/tree2?ownId=0&selectId=3 HTTP/1.1" 200 (34 ms)
[20/Sep/2022:21:32:08 +0800] 0:0:0:0:0:0:0:1 "GET /actual/measure/machine/tree?ownId=3&selectId=3&rootId=3 HTTP/1.1" 200 (18 ms)
[20/Sep/2022:21:32:09 +0800] 0:0:0:0:0:0:0:1 "GET /actual/measure/tree2?ownId=0&selectId=2543997172191232 HTTP/1.1" 200 (35 ms)
[20/Sep/2022:21:32:09 +0800] 0:0:0:0:0:0:0:1 "GET /actual/measure/machine/tree?ownId=2543997172191232&selectId=2543997172191232&rootId=2543997172191232 HTTP/1.1" 200 (27 ms)
[20/Sep/2022:21:32:18 +0800] 0:0:0:0:0:0:0:1 "GET /actual/measure/tree2?ownId=0&selectId=3 HTTP/1.1" 200 (34 ms)
[20/Sep/2022:21:32:18 +0800] 0:0:0:0:0:0:0:1 "GET /actual/measure/machine/tree?ownId=3&selectId=3&rootId=3 HTTP/1.1" 200 (20 ms)
[20/Sep/2022:21:32:18 +0800] 0:0:0:0:0:0:0:1 "GET /actual/measure/tree2?ownId=3&selectId=13 HTTP/1.1" 200 (32 ms)
[20/Sep/2022:21:32:18 +0800] 0:0:0:0:0:0:0:1 "GET /actual/measure/machine/tree?ownId=13&selectId=13&rootId=13 HTTP/1.1" 200 (16 ms)
[20/Sep/2022:21:32:19 +0800] 0:0:0:0:0:0:0:1 "GET /actual/measure/tree2?ownId=0&selectId=2 HTTP/1.1" 200 (35 ms)
[20/Sep/2022:21:32:19 +0800] 0:0:0:0:0:0:0:1 "GET /actual/measure/machine/tree?ownId=2&selectId=2&rootId=2 HTTP/1.1" 200 (16 ms)
[20/Sep/2022:21:32:20 +0800] 0:0:0:0:0:0:0:1 "GET /actual/measure/tree2?ownId=2&selectId=9 HTTP/1.1" 200 (33 ms)
[20/Sep/2022:21:32:20 +0800] 0:0:0:0:0:0:0:1 "GET /actual/measure/machine/tree?ownId=9&selectId=9&rootId=9 HTTP/1.1" 200 (24 ms)
[20/Sep/2022:21:32:21 +0800] 0:0:0:0:0:0:0:1 "GET /actual/measure/tree2?ownId=2&selectId=11 HTTP/1.1" 200 (31 ms)
[20/Sep/2022:21:32:21 +0800] 0:0:0:0:0:0:0:1 "GET /actual/measure/machine/tree?ownId=11&selectId=11&rootId=11 HTTP/1.1" 200 (14 ms)
[20/Sep/2022:21:32:23 +0800] 0:0:0:0:0:0:0:1 "POST /actual/measure/push HTTP/1.1" 200 (312 ms)
[20/Sep/2022:21:32:23 +0800] 0:0:0:0:0:0:0:1 "GET /actual/measure/machine/tree?ownId=3329131139960832&selectId=3329131139960832&rootId=3329131139960832 HTTP/1.1" 200 (19 ms)
[20/Sep/2022:21:32:24 +0800] 0:0:0:0:0:0:0:1 "GET /actual/measure/machine/tree?ownId=3329131139960832&selectId=3329131139960832&rootId=3329131139960832 HTTP/1.1" 200 (13 ms)
[20/Sep/2022:21:32:25 +0800] 0:0:0:0:0:0:0:1 "POST /actual/measure/push HTTP/1.1" 200 (13 ms)
[20/Sep/2022:21:32:25 +0800] 0:0:0:0:0:0:0:1 "GET /actual/measure/machine/tree?ownId=3329131139960832&selectId=3329131139960832&rootId=3329131139960832 HTTP/1.1" 200 (19 ms)
[20/Sep/2022:21:32:26 +0800] 0:0:0:0:0:0:0:1 "GET /actual/measure/tree2?ownId=0&selectId=2 HTTP/1.1" 200 (38 ms)
[20/Sep/2022:21:32:26 +0800] 0:0:0:0:0:0:0:1 "GET /actual/measure/machine/tree?ownId=2&selectId=2&rootId=2 HTTP/1.1" 200 (19 ms)
[20/Sep/2022:21:32:31 +0800] 0:0:0:0:0:0:0:1 "GET /project/tree?rootId=0 HTTP/1.1" 200 (22 ms)
[20/Sep/2022:21:32:31 +0800] 0:0:0:0:0:0:0:1 "GET /actual/other/fetch?ownId=2543997172191232&selectId=2543997172191232 HTTP/1.1" 200 (12 ms)
[20/Sep/2022:21:32:40 +0800] 0:0:0:0:0:0:0:1 "GET /actual/other/fetch?ownId=2543997172191232&selectId=2543997172191232 HTTP/1.1" 200 (9 ms)
[20/Sep/2022:21:32:43 +0800] 0:0:0:0:0:0:0:1 "GET /actual/other/fetch?ownId=3&selectId=3 HTTP/1.1" 200 (8 ms)
[20/Sep/2022:21:33:11 +0800] 0:0:0:0:0:0:0:1 "GET /project/tree?rootId=0 HTTP/1.1" 200 (22 ms)
[20/Sep/2022:21:33:11 +0800] 0:0:0:0:0:0:0:1 "GET /plan/other/fetch?ownId=2543997172191232&selectId=2543997172191232 HTTP/1.1" 200 (10 ms)
[20/Sep/2022:21:33:12 +0800] 0:0:0:0:0:0:0:1 "GET /plan/other/fetch?ownId=3&selectId=3 HTTP/1.1" 200 (8 ms)
[20/Sep/2022:21:33:14 +0800] 0:0:0:0:0:0:0:1 "OPTIONS /plan/other/push HTTP/1.1" 200 (1 ms)
[20/Sep/2022:21:33:14 +0800] 0:0:0:0:0:0:0:1 "POST /plan/other/push HTTP/1.1" 200 (308 ms)
[20/Sep/2022:21:33:20 +0800] 0:0:0:0:0:0:0:1 "POST /plan/other/push HTTP/1.1" 200 (14 ms)
[20/Sep/2022:21:33:22 +0800] 0:0:0:0:0:0:0:1 "GET /plan/other/fetch?ownId=13&selectId=13 HTTP/1.1" 200 (9 ms)
[20/Sep/2022:21:33:23 +0800] 0:0:0:0:0:0:0:1 "GET /plan/other/fetch?ownId=3&selectId=3 HTTP/1.1" 200 (10 ms)
[20/Sep/2022:21:33:26 +0800] 0:0:0:0:0:0:0:1 "GET /project/tree?rootId=0 HTTP/1.1" 200 (23 ms)
[20/Sep/2022:21:33:26 +0800] 0:0:0:0:0:0:0:1 "GET /actual/other/fetch?ownId=2543997172191232&selectId=2543997172191232 HTTP/1.1" 200 (10 ms)
[20/Sep/2022:21:33:40 +0800] 0:0:0:0:0:0:0:1 "GET /actual/other/fetch?ownId=3&selectId=3 HTTP/1.1" 200 (11 ms)
[20/Sep/2022:21:33:41 +0800] 0:0:0:0:0:0:0:1 "GET /actual/other/fetch?ownId=2543997172191232&selectId=2543997172191232 HTTP/1.1" 200 (9 ms)
[20/Sep/2022:21:34:03 +0800] 0:0:0:0:0:0:0:1 "GET /actual/other/fetch?ownId=3&selectId=3 HTTP/1.1" 200 (11 ms)
[20/Sep/2022:21:40:47 +0800] 0:0:0:0:0:0:0:1 "GET /project/tree?rootId=0 HTTP/1.1" 200 (39 ms)
[20/Sep/2022:21:40:47 +0800] 0:0:0:0:0:0:0:1 "GET /actual/other/fetch?ownId=2543997172191232&selectId=2543997172191232 HTTP/1.1" 200 (13 ms)
[20/Sep/2022:21:41:02 +0800] 0:0:0:0:0:0:0:1 "GET /actual/other/fetch?ownId=3&selectId=3 HTTP/1.1" 200 (9 ms)
[20/Sep/2022:21:41:29 +0800] 0:0:0:0:0:0:0:1 "GET /actual/other/fetch?ownId=2543997172191232&selectId=2543997172191232 HTTP/1.1" 200 (7 ms)
[20/Sep/2022:21:41:34 +0800] 0:0:0:0:0:0:0:1 "GET /project/tree?rootId=0 HTTP/1.1" 200 (28 ms)
[20/Sep/2022:21:41:34 +0800] 0:0:0:0:0:0:0:1 "GET /actual/other/fetch?ownId=2543997172191232&selectId=2543997172191232 HTTP/1.1" 200 (11 ms)
[20/Sep/2022:21:41:38 +0800] 0:0:0:0:0:0:0:1 "GET /actual/other/fetch?ownId=2543997172191232&selectId=2543997172191232 HTTP/1.1" 200 (8 ms)
[20/Sep/2022:21:42:56 +0800] 0:0:0:0:0:0:0:1 "GET /actual/other/fetch?ownId=3&selectId=3 HTTP/1.1" 200 (14 ms)
[20/Sep/2022:21:42:57 +0800] 0:0:0:0:0:0:0:1 "GET /actual/other/fetch?ownId=2543997172191232&selectId=2543997172191232 HTTP/1.1" 200 (10 ms)
[20/Sep/2022:21:43:07 +0800] 0:0:0:0:0:0:0:1 "GET /actual/other/fetch?ownId=2543997172191232&selectId=2543997172191232 HTTP/1.1" 200 (14 ms)
[20/Sep/2022:21:43:07 +0800] 0:0:0:0:0:0:0:1 "GET /favicon.ico HTTP/1.1" 404 (31 ms)
[20/Sep/2022:21:44:18 +0800] 0:0:0:0:0:0:0:1 "GET /project/tree?rootId=0 HTTP/1.1" 200 (29 ms)
[20/Sep/2022:21:44:18 +0800] 0:0:0:0:0:0:0:1 "GET /plan/other/fetch?ownId=2543997172191232&selectId=2543997172191232 HTTP/1.1" 200 (12 ms)
[20/Sep/2022:21:44:21 +0800] 0:0:0:0:0:0:0:1 "GET /plan/other/fetch?ownId=3&selectId=3 HTTP/1.1" 200 (12 ms)
[20/Sep/2022:21:44:23 +0800] 0:0:0:0:0:0:0:1 "GET /plan/other/fetch?ownId=13&selectId=13 HTTP/1.1" 200 (9 ms)
[20/Sep/2022:21:44:42 +0800] 0:0:0:0:0:0:0:1 "GET /plan/other/fetch?ownId=13&selectId=13 HTTP/1.1" 200 (11 ms)
[20/Sep/2022:21:45:38 +0800] 0:0:0:0:0:0:0:1 "GET /project/tree?rootId=0 HTTP/1.1" 200 (29 ms)
[20/Sep/2022:21:45:38 +0800] 0:0:0:0:0:0:0:1 "GET /plan/other/fetch?ownId=2543997172191232&selectId=2543997172191232 HTTP/1.1" 200 (17 ms)
[20/Sep/2022:21:45:43 +0800] 0:0:0:0:0:0:0:1 "GET /plan/other/fetch?ownId=2543997172191232&selectId=2543997172191232 HTTP/1.1" 200 (18 ms)
[20/Sep/2022:21:45:48 +0800] 0:0:0:0:0:0:0:1 "GET /project/tree?rootId=0 HTTP/1.1" 200 (27 ms)
[20/Sep/2022:21:45:49 +0800] 0:0:0:0:0:0:0:1 "GET /actual/other/fetch?ownId=2543997172191232&selectId=2543997172191232 HTTP/1.1" 200 (11 ms)
[20/Sep/2022:21:46:14 +0800] 0:0:0:0:0:0:0:1 "GET /project/tree?rootId=0 HTTP/1.1" 200 (21 ms)
[20/Sep/2022:21:46:14 +0800] 0:0:0:0:0:0:0:1 "GET /plan/other/fetch?ownId=2543997172191232&selectId=2543997172191232 HTTP/1.1" 200 (16 ms)
[20/Sep/2022:21:46:16 +0800] 0:0:0:0:0:0:0:1 "GET /plan/other/fetch?ownId=3&selectId=3 HTTP/1.1" 200 (11 ms)
[20/Sep/2022:21:46:18 +0800] 0:0:0:0:0:0:0:1 "GET /plan/other/fetch?ownId=13&selectId=13 HTTP/1.1" 200 (12 ms)
[20/Sep/2022:21:46:20 +0800] 0:0:0:0:0:0:0:1 "POST /plan/other/push HTTP/1.1" 200 (484 ms)
[20/Sep/2022:21:46:24 +0800] 0:0:0:0:0:0:0:1 "GET /plan/other/fetch?ownId=3&selectId=3 HTTP/1.1" 200 (13 ms)
[20/Sep/2022:21:46:25 +0800] 0:0:0:0:0:0:0:1 "GET /plan/other/fetch?ownId=2&selectId=2 HTTP/1.1" 200 (11 ms)
[20/Sep/2022:21:46:26 +0800] 0:0:0:0:0:0:0:1 "GET /plan/other/fetch?ownId=3&selectId=3 HTTP/1.1" 200 (17 ms)
[20/Sep/2022:21:46:26 +0800] 0:0:0:0:0:0:0:1 "GET /plan/other/fetch?ownId=13&selectId=13 HTTP/1.1" 200 (14 ms)
[20/Sep/2022:21:46:39 +0800] 0:0:0:0:0:0:0:1 "GET /plan/other/fetch?ownId=13&selectId=13 HTTP/1.1" 200 (14 ms)
[20/Sep/2022:21:48:24 +0800] 0:0:0:0:0:0:0:1 "GET /project/tree?rootId=0 HTTP/1.1" 200 (33 ms)
[20/Sep/2022:21:48:24 +0800] 0:0:0:0:0:0:0:1 "GET /plan/other/fetch?ownId=2543997172191232&selectId=2543997172191232 HTTP/1.1" 200 (19 ms)
[20/Sep/2022:21:48:29 +0800] 0:0:0:0:0:0:0:1 "GET /project/tree?rootId=0 HTTP/1.1" 200 (25 ms)
[20/Sep/2022:21:48:29 +0800] 0:0:0:0:0:0:0:1 "GET /actual/other/fetch?ownId=2543997172191232&selectId=2543997172191232 HTTP/1.1" 200 (9 ms)
[20/Sep/2022:21:49:11 +0800] 0:0:0:0:0:0:0:1 "GET /actual/other/fetch?ownId=3&selectId=3 HTTP/1.1" 200 (14 ms)
