[02/Oct/2022:00:16:35 +0800] 0:0:0:0:0:0:0:1 "OPTIONS /system/users/token HTTP/1.1" 200 (538 ms)
[02/Oct/2022:00:16:36 +0800] 0:0:0:0:0:0:0:1 "POST /system/users/token HTTP/1.1" 200 (1301 ms)
[02/Oct/2022:00:16:36 +0800] 0:0:0:0:0:0:0:1 "OPTIONS /system/index/getmenu HTTP/1.1" 200 (2 ms)
[02/Oct/2022:00:16:36 +0800] 0:0:0:0:0:0:0:1 "GET /system/index/getmenu HTTP/1.1" 200 (99 ms)
[02/Oct/2022:00:16:36 +0800] 0:0:0:0:0:0:0:1 "OPTIONS /home/project/fetch/?ownId=0 HTTP/1.1" 200 (3 ms)
[02/Oct/2022:00:16:37 +0800] 0:0:0:0:0:0:0:1 "GET /home/project/fetch/?ownId=0 HTTP/1.1" 200 (167 ms)
[02/Oct/2022:00:16:52 +0800] 0:0:0:0:0:0:0:1 "OPTIONS /system/role/fetch?rootId=0 HTTP/1.1" 200 (2 ms)
[02/Oct/2022:00:16:52 +0800] 0:0:0:0:0:0:0:1 "GET /system/role/fetch?rootId=0 HTTP/1.1" 200 (25 ms)
[02/Oct/2022:00:16:52 +0800] 0:0:0:0:0:0:0:1 "OPTIONS /system/author/menu?roleId=6191496747421696 HTTP/1.1" 200 (2 ms)
[02/Oct/2022:00:16:52 +0800] 0:0:0:0:0:0:0:1 "GET /system/author/menu?roleId=6191496747421696 HTTP/1.1" 200 (21 ms)
[02/Oct/2022:00:16:54 +0800] 0:0:0:0:0:0:0:1 "OPTIONS /system/role/pushauthor?roleId=6191496747421696 HTTP/1.1" 200 (1 ms)
[02/Oct/2022:00:16:54 +0800] 0:0:0:0:0:0:0:1 "POST /system/role/pushauthor?roleId=6191496747421696 HTTP/1.1" 200 (57 ms)
[02/Oct/2022:00:16:55 +0800] 0:0:0:0:0:0:0:1 "POST /system/role/pushauthor?roleId=6191496747421696 HTTP/1.1" 200 (50 ms)
[02/Oct/2022:00:16:56 +0800] 0:0:0:0:0:0:0:1 "POST /system/role/pushauthor?roleId=6191496747421696 HTTP/1.1" 200 (83 ms)
[02/Oct/2022:00:16:57 +0800] 0:0:0:0:0:0:0:1 "POST /system/role/pushauthor?roleId=6191496747421696 HTTP/1.1" 200 (11 ms)
[02/Oct/2022:00:17:06 +0800] 0:0:0:0:0:0:0:1 "OPTIONS /system/logs/fetch?ownId=0 HTTP/1.1" 200 (1 ms)
[02/Oct/2022:00:17:06 +0800] 0:0:0:0:0:0:0:1 "GET /system/logs/fetch?ownId=0 HTTP/1.1" 200 (24 ms)
[02/Oct/2022:00:17:07 +0800] 0:0:0:0:0:0:0:1 "GET /system/role/fetch?rootId=0 HTTP/1.1" 200 (28 ms)
[02/Oct/2022:00:17:07 +0800] 0:0:0:0:0:0:0:1 "GET /system/author/menu?roleId=6191496747421696 HTTP/1.1" 200 (17 ms)
[02/Oct/2022:00:17:14 +0800] 0:0:0:0:0:0:0:1 "POST /system/role/pushauthor?roleId=6191496747421696 HTTP/1.1" 200 (6 ms)
[02/Oct/2022:00:17:34 +0800] 0:0:0:0:0:0:0:1 "GET /system/logs/fetch?ownId=0 HTTP/1.1" 200 (24 ms)
[02/Oct/2022:00:17:35 +0800] 0:0:0:0:0:0:0:1 "GET /system/role/fetch?rootId=0 HTTP/1.1" 200 (19 ms)
[02/Oct/2022:00:17:35 +0800] 0:0:0:0:0:0:0:1 "GET /system/author/menu?roleId=6191496747421696 HTTP/1.1" 200 (14 ms)
[02/Oct/2022:00:17:40 +0800] 0:0:0:0:0:0:0:1 "POST /system/role/pushauthor?roleId=6191496747421696 HTTP/1.1" 200 (5 ms)
[02/Oct/2022:00:17:44 +0800] 0:0:0:0:0:0:0:1 "POST /system/role/pushauthor?roleId=6191496747421696 HTTP/1.1" 200 (6 ms)
[02/Oct/2022:00:21:28 +0800] 0:0:0:0:0:0:0:1 "GET /system/role/fetch?rootId=0 HTTP/1.1" 200 (38 ms)
[02/Oct/2022:00:21:28 +0800] 0:0:0:0:0:0:0:1 "GET /system/author/menu?roleId=6191496747421696 HTTP/1.1" 200 (22 ms)
[02/Oct/2022:00:21:46 +0800] 0:0:0:0:0:0:0:1 "POST /system/role/pushauthor?roleId=6191496747421696 HTTP/1.1" 200 (7 ms)
[02/Oct/2022:00:21:47 +0800] 0:0:0:0:0:0:0:1 "POST /system/role/pushauthor?roleId=6191496747421696 HTTP/1.1" 200 (6 ms)
[02/Oct/2022:00:24:47 +0800] 0:0:0:0:0:0:0:1 "OPTIONS /system/role/fetch?ownId=0 HTTP/1.1" 200 (2 ms)
[02/Oct/2022:00:24:47 +0800] 0:0:0:0:0:0:0:1 "GET /system/role/fetch?ownId=0 HTTP/1.1" 200 (16 ms)
[02/Oct/2022:00:24:51 +0800] 0:0:0:0:0:0:0:1 "OPTIONS /system/users/fetch?ownId=0 HTTP/1.1" 200 (1 ms)
[02/Oct/2022:00:24:51 +0800] 0:0:0:0:0:0:0:1 "GET /system/users/fetch?ownId=0 HTTP/1.1" 200 (6 ms)
[02/Oct/2022:00:25:14 +0800] 0:0:0:0:0:0:0:1 "POST /system/users/token HTTP/1.1" 200 (117 ms)
[02/Oct/2022:00:25:14 +0800] 0:0:0:0:0:0:0:1 "GET /system/index/getmenu HTTP/1.1" 200 (14 ms)
[02/Oct/2022:00:25:14 +0800] 0:0:0:0:0:0:0:1 "GET /home/project/fetch/?ownId=0 HTTP/1.1" 200 (54 ms)
[02/Oct/2022:00:25:20 +0800] 0:0:0:0:0:0:0:1 "OPTIONS /dict/subpackage/fetch?rootId=0 HTTP/1.1" 200 (1 ms)
[02/Oct/2022:00:25:20 +0800] 0:0:0:0:0:0:0:1 "GET /dict/subpackage/fetch?rootId=0 HTTP/1.1" 200 (46 ms)
[02/Oct/2022:00:25:20 +0800] 0:0:0:0:0:0:0:1 "OPTIONS /home/project/fetch/?subPackageId=4973770171355136 HTTP/1.1" 200 (2 ms)
[02/Oct/2022:00:25:20 +0800] 0:0:0:0:0:0:0:1 "GET /home/project/fetch/?subPackageId=4973770171355136 HTTP/1.1" 200 (45 ms)
[02/Oct/2022:00:25:20 +0800] 0:0:0:0:0:0:0:1 "OPTIONS /report/subpackage/tree2?subPackageId=4973770171355136&projectId=2543997172191232 HTTP/1.1" 200 (2 ms)
[02/Oct/2022:00:25:20 +0800] 0:0:0:0:0:0:0:1 "GET /report/subpackage/tree2?subPackageId=4973770171355136&projectId=2543997172191232 HTTP/1.1" 200 (124 ms)
[02/Oct/2022:00:25:24 +0800] 0:0:0:0:0:0:0:1 "GET /system/users/fetch?ownId=0 HTTP/1.1" 200 (5 ms)
[02/Oct/2022:00:25:27 +0800] 0:0:0:0:0:0:0:1 "GET /system/role/fetch?ownId=0 HTTP/1.1" 200 (18 ms)
[02/Oct/2022:00:40:27 +0800] 0:0:0:0:0:0:0:1 "GET /system/role/fetch?ownId=0 HTTP/1.1" 200 (1043 ms)
[02/Oct/2022:00:40:31 +0800] 0:0:0:0:0:0:0:1 "OPTIONS /system/role/push HTTP/1.1" 200 (5 ms)
[02/Oct/2022:00:40:31 +0800] 0:0:0:0:0:0:0:1 "POST /system/role/push HTTP/1.1" 200 (17 ms)
[02/Oct/2022:00:40:31 +0800] 0:0:0:0:0:0:0:1 "GET /system/role/fetch?ownId=0 HTTP/1.1" 200 (27 ms)
[02/Oct/2022:00:43:31 +0800] 0:0:0:0:0:0:0:1 "POST /system/users/token HTTP/1.1" 200 (970 ms)
[02/Oct/2022:00:43:31 +0800] 0:0:0:0:0:0:0:1 "GET /system/index/getmenu HTTP/1.1" 500 (62 ms)
[02/Oct/2022:00:44:51 +0800] 0:0:0:0:0:0:0:1 "POST /system/users/token HTTP/1.1" 200 (880 ms)
[02/Oct/2022:00:44:51 +0800] 0:0:0:0:0:0:0:1 "GET /system/index/getmenu HTTP/1.1" 200 (85 ms)
[02/Oct/2022:00:44:52 +0800] 0:0:0:0:0:0:0:1 "GET /home/project/fetch/?ownId=0 HTTP/1.1" 200 (96 ms)
[02/Oct/2022:00:44:59 +0800] 0:0:0:0:0:0:0:1 "GET /system/role/fetch?ownId=0 HTTP/1.1" 200 (21 ms)
[02/Oct/2022:00:45:20 +0800] 0:0:0:0:0:0:0:1 "POST /system/role/push HTTP/1.1" 200 (9666 ms)
[02/Oct/2022:00:50:13 +0800] 0:0:0:0:0:0:0:1 "GET /system/role/fetch?ownId=0 HTTP/1.1" 200 (1016 ms)
[02/Oct/2022:00:50:17 +0800] 0:0:0:0:0:0:0:1 "POST /system/role/push HTTP/1.1" 200 (40 ms)
[02/Oct/2022:00:50:17 +0800] 0:0:0:0:0:0:0:1 "GET /system/role/fetch?ownId=0 HTTP/1.1" 200 (17 ms)
[02/Oct/2022:00:50:22 +0800] 0:0:0:0:0:0:0:1 "POST /system/role/push HTTP/1.1" 200 (11 ms)
[02/Oct/2022:00:50:22 +0800] 0:0:0:0:0:0:0:1 "GET /system/role/fetch?ownId=0 HTTP/1.1" 200 (13 ms)
[02/Oct/2022:00:50:35 +0800] 0:0:0:0:0:0:0:1 "OPTIONS /system/role/fetch?rootId=0 HTTP/1.1" 200 (4 ms)
[02/Oct/2022:00:50:35 +0800] 0:0:0:0:0:0:0:1 "GET /system/role/fetch?rootId=0 HTTP/1.1" 200 (20 ms)
[02/Oct/2022:00:50:35 +0800] 0:0:0:0:0:0:0:1 "OPTIONS /system/author/menu?roleId=1 HTTP/1.1" 200 (2 ms)
[02/Oct/2022:00:50:35 +0800] 0:0:0:0:0:0:0:1 "GET /system/author/menu?roleId=1 HTTP/1.1" 200 (87 ms)
[02/Oct/2022:00:50:37 +0800] 0:0:0:0:0:0:0:1 "OPTIONS /system/role/pushauthor?roleId=1 HTTP/1.1" 200 (1 ms)
[02/Oct/2022:00:50:37 +0800] 0:0:0:0:0:0:0:1 "POST /system/role/pushauthor?roleId=1 HTTP/1.1" 200 (22 ms)
[02/Oct/2022:00:58:33 +0800] 0:0:0:0:0:0:0:1 "GET /system/role/fetch?rootId=0 HTTP/1.1" 200 (28 ms)
[02/Oct/2022:00:58:33 +0800] 0:0:0:0:0:0:0:1 "GET /system/author/menu?roleId=1 HTTP/1.1" 200 (23 ms)
[02/Oct/2022:00:58:46 +0800] 0:0:0:0:0:0:0:1 "OPTIONS /system/users/token HTTP/1.1" 200 (2 ms)
[02/Oct/2022:00:58:47 +0800] 0:0:0:0:0:0:0:1 "POST /system/users/token HTTP/1.1" 200 (355 ms)
[02/Oct/2022:00:58:47 +0800] 0:0:0:0:0:0:0:1 "OPTIONS /system/index/getmenu HTTP/1.1" 200 (1 ms)
[02/Oct/2022:00:58:47 +0800] 0:0:0:0:0:0:0:1 "GET /system/index/getmenu HTTP/1.1" 200 (13 ms)
[02/Oct/2022:00:58:47 +0800] 0:0:0:0:0:0:0:1 "OPTIONS /home/project/fetch/?ownId=0 HTTP/1.1" 200 (2 ms)
[02/Oct/2022:00:58:47 +0800] 0:0:0:0:0:0:0:1 "GET /home/project/fetch/?ownId=0 HTTP/1.1" 200 (45 ms)
[02/Oct/2022:01:00:03 +0800] 0:0:0:0:0:0:0:1 "OPTIONS /home/project/tree?rootId=0 HTTP/1.1" 200 (1 ms)
[02/Oct/2022:01:00:03 +0800] 0:0:0:0:0:0:0:1 "GET /home/project/tree?rootId=0 HTTP/1.1" 200 (67 ms)
[02/Oct/2022:01:00:03 +0800] 0:0:0:0:0:0:0:1 "OPTIONS /plan/division/tree2?ownId=0&projectId=2543997172191232 HTTP/1.1" 200 (1 ms)
[02/Oct/2022:01:00:03 +0800] 0:0:0:0:0:0:0:1 "GET /plan/division/tree2?ownId=0&projectId=2543997172191232 HTTP/1.1" 200 (58 ms)
[02/Oct/2022:01:00:03 +0800] 0:0:0:0:0:0:0:1 "OPTIONS /plan/division/machine/tree?ownId=2543997172191232&divisionId=2543997172191232&rootId=2543997172191232 HTTP/1.1" 200 (1 ms)
[02/Oct/2022:01:00:03 +0800] 0:0:0:0:0:0:0:1 "GET /plan/division/machine/tree?ownId=2543997172191232&divisionId=2543997172191232&rootId=2543997172191232 HTTP/1.1" 200 (70 ms)
[02/Oct/2022:05:57:50 +0800] 0:0:0:0:0:0:0:1 "OPTIONS /system/users/token HTTP/1.1" 200 (68 ms)
[02/Oct/2022:05:57:51 +0800] 0:0:0:0:0:0:0:1 "POST /system/users/token HTTP/1.1" 200 (1127 ms)
[02/Oct/2022:05:57:51 +0800] 0:0:0:0:0:0:0:1 "OPTIONS /system/index/getmenu HTTP/1.1" 200 (2 ms)
[02/Oct/2022:05:57:51 +0800] 0:0:0:0:0:0:0:1 "GET /system/index/getmenu HTTP/1.1" 200 (89 ms)
[02/Oct/2022:05:57:51 +0800] 0:0:0:0:0:0:0:1 "OPTIONS /home/project/fetch/?ownId=0 HTTP/1.1" 200 (3 ms)
[02/Oct/2022:05:57:52 +0800] 0:0:0:0:0:0:0:1 "GET /home/project/fetch/?ownId=0 HTTP/1.1" 200 (162 ms)
[02/Oct/2022:06:07:29 +0800] 0:0:0:0:0:0:0:1 "GET /home/project/fetch/?ownId=0 HTTP/1.1" 200 (52 ms)
[02/Oct/2022:06:09:15 +0800] 0:0:0:0:0:0:0:1 "GET /home/project/fetch/?ownId=0 HTTP/1.1" 200 (48 ms)
[02/Oct/2022:06:26:41 +0800] 0:0:0:0:0:0:0:1 "GET /home/project/fetch/?ownId=0 HTTP/1.1" 200 (42 ms)
[02/Oct/2022:06:27:20 +0800] 0:0:0:0:0:0:0:1 "OPTIONS /home/project/tree?rootId=0 HTTP/1.1" 200 (1 ms)
[02/Oct/2022:06:27:20 +0800] 0:0:0:0:0:0:0:1 "GET /home/project/tree?rootId=0 HTTP/1.1" 200 (31 ms)
[02/Oct/2022:06:27:20 +0800] 0:0:0:0:0:0:0:1 "OPTIONS /budget/division/tree2?ownId=0&projectId=2543997172191232 HTTP/1.1" 200 (2 ms)
[02/Oct/2022:06:27:20 +0800] 0:0:0:0:0:0:0:1 "GET /budget/division/tree2?ownId=0&projectId=2543997172191232 HTTP/1.1" 200 (455 ms)
[02/Oct/2022:06:27:20 +0800] 0:0:0:0:0:0:0:1 "OPTIONS /budget/division/machine/tree?ownId=2543997172191232&divisionId=2543997172191232&rootId=2543997172191232 HTTP/1.1" 200 (2 ms)
[02/Oct/2022:06:27:20 +0800] 0:0:0:0:0:0:0:1 "GET /budget/division/machine/tree?ownId=2543997172191232&divisionId=2543997172191232&rootId=2543997172191232 HTTP/1.1" 200 (29 ms)
[02/Oct/2022:06:29:28 +0800] 0:0:0:0:0:0:0:1 "OPTIONS /budget/division/machine/tree?ownId=6046563981987840&divisionId=6046563981987840&rootId=6046563981987840 HTTP/1.1" 200 (3 ms)
[02/Oct/2022:06:29:28 +0800] 0:0:0:0:0:0:0:1 "GET /budget/division/machine/tree?ownId=6046563981987840&divisionId=6046563981987840&rootId=6046563981987840 HTTP/1.1" 200 (23 ms)
[02/Oct/2022:06:30:49 +0800] 0:0:0:0:0:0:0:1 "OPTIONS /dict/subpackage/fetch?rootId=0 HTTP/1.1" 200 (4 ms)
[02/Oct/2022:06:30:50 +0800] 0:0:0:0:0:0:0:1 "GET /dict/subpackage/fetch?rootId=0 HTTP/1.1" 200 (69 ms)
[02/Oct/2022:06:30:50 +0800] 0:0:0:0:0:0:0:1 "OPTIONS /home/project/fetch/?subPackageId=4973770171355136 HTTP/1.1" 200 (3 ms)
[02/Oct/2022:06:30:50 +0800] 0:0:0:0:0:0:0:1 "GET /home/project/fetch/?subPackageId=4973770171355136 HTTP/1.1" 200 (49 ms)
[02/Oct/2022:06:30:50 +0800] 0:0:0:0:0:0:0:1 "OPTIONS /report/subpackage/tree2?subPackageId=4973770171355136&projectId=2543997172191232 HTTP/1.1" 200 (3 ms)
[02/Oct/2022:06:30:51 +0800] 0:0:0:0:0:0:0:1 "GET /report/subpackage/tree2?subPackageId=4973770171355136&projectId=2543997172191232 HTTP/1.1" 200 (531 ms)
[02/Oct/2022:06:48:15 +0800] 0:0:0:0:0:0:0:1 "GET /home/project/tree?rootId=0 HTTP/1.1" 200 (42 ms)
[02/Oct/2022:06:48:15 +0800] 0:0:0:0:0:0:0:1 "OPTIONS /actual/division/tree2?ownId=0&projectId=2543997172191232 HTTP/1.1" 200 (1 ms)
[02/Oct/2022:06:48:15 +0800] 0:0:0:0:0:0:0:1 "GET /actual/division/tree2?ownId=0&projectId=2543997172191232 HTTP/1.1" 200 (61 ms)
[02/Oct/2022:06:48:16 +0800] 0:0:0:0:0:0:0:1 "OPTIONS /actual/division/machine/tree?ownId=2543997172191232&divisionId=2543997172191232&rootId=2543997172191232 HTTP/1.1" 200 (2 ms)
[02/Oct/2022:06:48:16 +0800] 0:0:0:0:0:0:0:1 "GET /actual/division/machine/tree?ownId=2543997172191232&divisionId=2543997172191232&rootId=2543997172191232 HTTP/1.1" 200 (27 ms)
[02/Oct/2022:06:48:19 +0800] 0:0:0:0:0:0:0:1 "OPTIONS /actual/division/machine/tree?ownId=6046563738718208&divisionId=6046563738718208&rootId=6046563738718208 HTTP/1.1" 200 (1 ms)
[02/Oct/2022:06:48:19 +0800] 0:0:0:0:0:0:0:1 "GET /actual/division/machine/tree?ownId=6046563738718208&divisionId=6046563738718208&rootId=6046563738718208 HTTP/1.1" 200 (20 ms)
[02/Oct/2022:06:48:20 +0800] 0:0:0:0:0:0:0:1 "OPTIONS /actual/division/machine/tree?ownId=6046563126349824&divisionId=6046563126349824&rootId=6046563126349824 HTTP/1.1" 200 (2 ms)
[02/Oct/2022:06:48:20 +0800] 0:0:0:0:0:0:0:1 "GET /actual/division/machine/tree?ownId=6046563126349824&divisionId=6046563126349824&rootId=6046563126349824 HTTP/1.1" 200 (21 ms)
[02/Oct/2022:06:48:23 +0800] 0:0:0:0:0:0:0:1 "OPTIONS /dict/subpackage/fetch HTTP/1.1" 200 (1 ms)
[02/Oct/2022:06:48:23 +0800] 0:0:0:0:0:0:0:1 "GET /dict/subpackage/fetch HTTP/1.1" 200 (13 ms)
[02/Oct/2022:08:06:59 +0800] 0:0:0:0:0:0:0:1 "OPTIONS /home/project/tree?rootId=0 HTTP/1.1" 200 (3 ms)
[02/Oct/2022:08:07:00 +0800] 0:0:0:0:0:0:0:1 "GET /home/project/tree?rootId=0 HTTP/1.1" 200 (105 ms)
[02/Oct/2022:08:07:00 +0800] 0:0:0:0:0:0:0:1 "OPTIONS /actual/division/tree2?ownId=0&projectId=2543997172191232 HTTP/1.1" 200 (1 ms)
[02/Oct/2022:08:07:00 +0800] 0:0:0:0:0:0:0:1 "GET /actual/division/tree2?ownId=0&projectId=2543997172191232 HTTP/1.1" 200 (42 ms)
[02/Oct/2022:08:07:00 +0800] 0:0:0:0:0:0:0:1 "OPTIONS /actual/division/machine/tree?ownId=2543997172191232&divisionId=2543997172191232&rootId=2543997172191232 HTTP/1.1" 200 (1 ms)
[02/Oct/2022:08:07:00 +0800] 0:0:0:0:0:0:0:1 "GET /actual/division/machine/tree?ownId=2543997172191232&divisionId=2543997172191232&rootId=2543997172191232 HTTP/1.1" 200 (18 ms)
[02/Oct/2022:08:21:36 +0800] 0:0:0:0:0:0:0:1 "GET /home/project/tree?rootId=0 HTTP/1.1" 200 (56 ms)
[02/Oct/2022:08:21:36 +0800] 0:0:0:0:0:0:0:1 "GET /actual/division/tree2?ownId=0&projectId=2543997172191232 HTTP/1.1" 200 (53 ms)
[02/Oct/2022:08:21:36 +0800] 0:0:0:0:0:0:0:1 "GET /actual/division/machine/tree?ownId=2543997172191232&divisionId=2543997172191232&rootId=2543997172191232 HTTP/1.1" 200 (23 ms)
[02/Oct/2022:08:24:06 +0800] 0:0:0:0:0:0:0:1 "GET /home/project/tree?rootId=0 HTTP/1.1" 200 (43 ms)
[02/Oct/2022:08:24:07 +0800] 0:0:0:0:0:0:0:1 "GET /actual/division/tree2?ownId=0&projectId=2543997172191232 HTTP/1.1" 200 (72 ms)
[02/Oct/2022:08:24:07 +0800] 0:0:0:0:0:0:0:1 "GET /actual/division/machine/tree?ownId=2543997172191232&divisionId=2543997172191232&rootId=2543997172191232 HTTP/1.1" 200 (26 ms)
[02/Oct/2022:08:24:27 +0800] 0:0:0:0:0:0:0:1 "OPTIONS /system/users/token HTTP/1.1" 200 (2 ms)
[02/Oct/2022:08:24:28 +0800] 0:0:0:0:0:0:0:1 "POST /system/users/token HTTP/1.1" 200 (435 ms)
[02/Oct/2022:08:24:28 +0800] 0:0:0:0:0:0:0:1 "OPTIONS /system/index/getmenu HTTP/1.1" 200 (1 ms)
[02/Oct/2022:08:24:28 +0800] 0:0:0:0:0:0:0:1 "GET /system/index/getmenu HTTP/1.1" 200 (13 ms)
[02/Oct/2022:08:24:28 +0800] 0:0:0:0:0:0:0:1 "OPTIONS /home/project/fetch/?ownId=0 HTTP/1.1" 200 (2 ms)
[02/Oct/2022:08:24:28 +0800] 0:0:0:0:0:0:0:1 "GET /home/project/fetch/?ownId=0 HTTP/1.1" 200 (28 ms)
[02/Oct/2022:08:24:44 +0800] 0:0:0:0:0:0:0:1 "OPTIONS /system/role/fetch?rootId=0 HTTP/1.1" 200 (1 ms)
[02/Oct/2022:08:24:44 +0800] 0:0:0:0:0:0:0:1 "GET /system/role/fetch?rootId=0 HTTP/1.1" 200 (22 ms)
[02/Oct/2022:08:24:44 +0800] 0:0:0:0:0:0:0:1 "OPTIONS /system/author/menu?roleId=1 HTTP/1.1" 200 (1 ms)
[02/Oct/2022:08:24:44 +0800] 0:0:0:0:0:0:0:1 "GET /system/author/menu?roleId=1 HTTP/1.1" 200 (14 ms)
[02/Oct/2022:08:26:29 +0800] 0:0:0:0:0:0:0:1 "OPTIONS /system/role/pushauthor?roleId=1 HTTP/1.1" 200 (1 ms)
[02/Oct/2022:08:26:29 +0800] 0:0:0:0:0:0:0:1 "POST /system/role/pushauthor?roleId=1 HTTP/1.1" 200 (45 ms)
[02/Oct/2022:08:26:33 +0800] 0:0:0:0:0:0:0:1 "POST /system/role/pushauthor?roleId=1 HTTP/1.1" 200 (16 ms)
[02/Oct/2022:08:26:34 +0800] 0:0:0:0:0:0:0:1 "POST /system/role/pushauthor?roleId=1 HTTP/1.1" 200 (12 ms)
[02/Oct/2022:08:26:50 +0800] 0:0:0:0:0:0:0:1 "POST /system/users/token HTTP/1.1" 200 (317 ms)
[02/Oct/2022:08:26:50 +0800] 0:0:0:0:0:0:0:1 "GET /system/index/getmenu HTTP/1.1" 200 (11 ms)
[02/Oct/2022:08:26:50 +0800] 0:0:0:0:0:0:0:1 "GET /home/project/fetch/?ownId=0 HTTP/1.1" 200 (26 ms)
[02/Oct/2022:09:04:09 +0800] 0:0:0:0:0:0:0:1 "OPTIONS /system/role/fetch?rootId=0 HTTP/1.1" 200 (2 ms)
[02/Oct/2022:09:04:09 +0800] 0:0:0:0:0:0:0:1 "GET /system/role/fetch?rootId=0 HTTP/1.1" 200 (75 ms)
[02/Oct/2022:09:04:09 +0800] 0:0:0:0:0:0:0:1 "OPTIONS /system/author/menu?roleId=1 HTTP/1.1" 200 (0 ms)
[02/Oct/2022:09:04:09 +0800] 0:0:0:0:0:0:0:1 "GET /system/author/menu?roleId=1 HTTP/1.1" 200 (13 ms)
[02/Oct/2022:09:04:43 +0800] 0:0:0:0:0:0:0:1 "OPTIONS /system/role/pushauthor?roleId=1 HTTP/1.1" 200 (1 ms)
[02/Oct/2022:09:08:26 +0800] 0:0:0:0:0:0:0:1 "POST /system/role/pushauthor?roleId=1 HTTP/1.1" 200 (222400 ms)
[02/Oct/2022:09:10:42 +0800] 0:0:0:0:0:0:0:1 "GET /system/role/fetch?rootId=0 HTTP/1.1" 200 (32 ms)
[02/Oct/2022:09:10:42 +0800] 0:0:0:0:0:0:0:1 "GET /system/author/menu?roleId=1 HTTP/1.1" 200 (17 ms)
[02/Oct/2022:09:12:06 +0800] 0:0:0:0:0:0:0:1 "POST /system/role/pushauthor?roleId=1 HTTP/1.1" 200 (74477 ms)
[02/Oct/2022:09:14:11 +0800] 0:0:0:0:0:0:0:1 "GET /system/role/fetch?rootId=0 HTTP/1.1" 200 (1023 ms)
[02/Oct/2022:09:14:11 +0800] 0:0:0:0:0:0:0:1 "GET /system/author/menu?roleId=1 HTTP/1.1" 200 (86 ms)
[02/Oct/2022:09:14:13 +0800] 0:0:0:0:0:0:0:1 "POST /system/role/pushauthor?roleId=1 HTTP/1.1" 200 (387 ms)
[02/Oct/2022:09:14:15 +0800] 0:0:0:0:0:0:0:1 "POST /system/role/pushauthor?roleId=1 HTTP/1.1" 200 (24 ms)
[02/Oct/2022:09:14:17 +0800] 0:0:0:0:0:0:0:1 "POST /system/role/pushauthor?roleId=1 HTTP/1.1" 200 (20 ms)
[02/Oct/2022:09:14:35 +0800] 0:0:0:0:0:0:0:1 "OPTIONS /system/users/token HTTP/1.1" 200 (4 ms)
[02/Oct/2022:09:14:35 +0800] 0:0:0:0:0:0:0:1 "POST /system/users/token HTTP/1.1" 200 (386 ms)
[02/Oct/2022:09:14:35 +0800] 0:0:0:0:0:0:0:1 "OPTIONS /system/index/getmenu HTTP/1.1" 200 (1 ms)
[02/Oct/2022:09:14:35 +0800] 0:0:0:0:0:0:0:1 "GET /system/index/getmenu HTTP/1.1" 200 (14 ms)
[02/Oct/2022:09:14:35 +0800] 0:0:0:0:0:0:0:1 "OPTIONS /home/project/fetch/?ownId=0 HTTP/1.1" 200 (2 ms)
[02/Oct/2022:09:14:36 +0800] 0:0:0:0:0:0:0:1 "GET /home/project/fetch/?ownId=0 HTTP/1.1" 200 (53 ms)
[02/Oct/2022:09:14:49 +0800] 0:0:0:0:0:0:0:1 "OPTIONS /dict/subpackage/fetch?rootId=0 HTTP/1.1" 200 (1 ms)
[02/Oct/2022:09:14:49 +0800] 0:0:0:0:0:0:0:1 "GET /dict/subpackage/fetch?rootId=0 HTTP/1.1" 200 (19 ms)
[02/Oct/2022:09:14:49 +0800] 0:0:0:0:0:0:0:1 "OPTIONS /home/project/fetch/?subPackageId=4973770171355136 HTTP/1.1" 200 (3 ms)
[02/Oct/2022:09:14:49 +0800] 0:0:0:0:0:0:0:1 "GET /home/project/fetch/?subPackageId=4973770171355136 HTTP/1.1" 200 (46 ms)
[02/Oct/2022:09:14:49 +0800] 0:0:0:0:0:0:0:1 "OPTIONS /report/subpackage/tree2?subPackageId=4973770171355136&projectId=2543997172191232 HTTP/1.1" 200 (2 ms)
[02/Oct/2022:09:14:50 +0800] 0:0:0:0:0:0:0:1 "GET /report/subpackage/tree2?subPackageId=4973770171355136&projectId=2543997172191232 HTTP/1.1" 200 (160 ms)
[02/Oct/2022:09:15:34 +0800] 0:0:0:0:0:0:0:1 "GET /dict/subpackage/fetch?rootId=0 HTTP/1.1" 200 (13 ms)
[02/Oct/2022:09:15:34 +0800] 0:0:0:0:0:0:0:1 "GET /home/project/fetch/?subPackageId=4973770171355136 HTTP/1.1" 200 (24 ms)
[02/Oct/2022:09:15:35 +0800] 0:0:0:0:0:0:0:1 "GET /report/subpackage/tree2?subPackageId=4973770171355136&projectId=2543997172191232 HTTP/1.1" 200 (98 ms)
[02/Oct/2022:09:25:21 +0800] 0:0:0:0:0:0:0:1 "GET /dict/subpackage/fetch?rootId=0 HTTP/1.1" 200 (28 ms)
[02/Oct/2022:09:25:21 +0800] 0:0:0:0:0:0:0:1 "GET /home/project/fetch/?subPackageId=4973770171355136 HTTP/1.1" 200 (45 ms)
[02/Oct/2022:09:25:22 +0800] 0:0:0:0:0:0:0:1 "GET /report/subpackage/tree2?subPackageId=4973770171355136&projectId=2543997172191232 HTTP/1.1" 200 (157 ms)
[02/Oct/2022:09:25:24 +0800] 0:0:0:0:0:0:0:1 "OPTIONS /dict/supplyunit/fetch?rootId=0 HTTP/1.1" 200 (2 ms)
[02/Oct/2022:09:25:24 +0800] 0:0:0:0:0:0:0:1 "GET /dict/supplyunit/fetch?rootId=0 HTTP/1.1" 200 (15 ms)
[02/Oct/2022:09:26:32 +0800] 0:0:0:0:0:0:0:1 "GET /dict/supplyunit/fetch?rootId=0 HTTP/1.1" 200 (21 ms)
[02/Oct/2022:13:09:20 +0800] 0:0:0:0:0:0:0:1 "OPTIONS /dict/supplyunit/fetch?rootId=0 HTTP/1.1" 200 (111 ms)
[02/Oct/2022:13:11:02 +0800] 0:0:0:0:0:0:0:1 "GET /dict/supplyunit/fetch?rootId=0 HTTP/1.1" 200 (1023 ms)
[02/Oct/2022:13:12:51 +0800] 0:0:0:0:0:0:0:1 "GET /dict/supplyunit/fetch?rootId=0 HTTP/1.1" 200 (30 ms)
[02/Oct/2022:13:14:12 +0800] 0:0:0:0:0:0:0:1 "OPTIONS /dict/subpackage/fetch?rootId=0 HTTP/1.1" 200 (5 ms)
[02/Oct/2022:13:14:12 +0800] 0:0:0:0:0:0:0:1 "GET /dict/subpackage/fetch?rootId=0 HTTP/1.1" 200 (45 ms)
[02/Oct/2022:13:14:12 +0800] 0:0:0:0:0:0:0:1 "OPTIONS /home/project/fetch/?subPackageId=4973770171355136 HTTP/1.1" 200 (3 ms)
[02/Oct/2022:13:14:12 +0800] 0:0:0:0:0:0:0:1 "GET /home/project/fetch/?subPackageId=4973770171355136 HTTP/1.1" 200 (49 ms)
[02/Oct/2022:13:14:12 +0800] 0:0:0:0:0:0:0:1 "OPTIONS /report/subpackage/tree2?subPackageId=4973770171355136&projectId=2543997172191232 HTTP/1.1" 200 (3 ms)
[02/Oct/2022:13:14:12 +0800] 0:0:0:0:0:0:0:1 "GET /report/subpackage/tree2?subPackageId=4973770171355136&projectId=2543997172191232 HTTP/1.1" 200 (145 ms)
[02/Oct/2022:13:14:19 +0800] 0:0:0:0:0:0:0:1 "OPTIONS /home/project/tree?rootId=0 HTTP/1.1" 200 (2 ms)
[02/Oct/2022:13:14:19 +0800] 0:0:0:0:0:0:0:1 "GET /home/project/tree?rootId=0 HTTP/1.1" 200 (44 ms)
[02/Oct/2022:13:14:19 +0800] 0:0:0:0:0:0:0:1 "OPTIONS /report/project/tree2?ownId=0&projectId=2543997172191232 HTTP/1.1" 200 (2 ms)
[02/Oct/2022:13:14:19 +0800] 0:0:0:0:0:0:0:1 "GET /report/project/tree2?ownId=0&projectId=2543997172191232 HTTP/1.1" 200 (113 ms)
[02/Oct/2022:13:14:21 +0800] 0:0:0:0:0:0:0:1 "GET /dict/subpackage/fetch?rootId=0 HTTP/1.1" 200 (14 ms)
[02/Oct/2022:13:14:21 +0800] 0:0:0:0:0:0:0:1 "GET /home/project/fetch/?subPackageId=4973770171355136 HTTP/1.1" 200 (29 ms)
[02/Oct/2022:13:14:21 +0800] 0:0:0:0:0:0:0:1 "GET /report/subpackage/tree2?subPackageId=4973770171355136&projectId=2543997172191232 HTTP/1.1" 200 (122 ms)
[02/Oct/2022:13:14:22 +0800] 0:0:0:0:0:0:0:1 "GET /home/project/tree?rootId=0 HTTP/1.1" 200 (22 ms)
[02/Oct/2022:13:14:22 +0800] 0:0:0:0:0:0:0:1 "OPTIONS /report/project/tree2?ownId=0&projectId=2543997172191232&cmd=sj HTTP/1.1" 200 (2 ms)
[02/Oct/2022:13:14:22 +0800] 0:0:0:0:0:0:0:1 "GET /report/project/tree2?ownId=0&projectId=2543997172191232&cmd=sj HTTP/1.1" 200 (71 ms)
[02/Oct/2022:13:14:23 +0800] 0:0:0:0:0:0:0:1 "GET /home/project/tree?rootId=0 HTTP/1.1" 200 (22 ms)
[02/Oct/2022:13:14:23 +0800] 0:0:0:0:0:0:0:1 "OPTIONS /report/project/tree2?ownId=0&projectId=2543997172191232&cmd=ys HTTP/1.1" 200 (1 ms)
[02/Oct/2022:13:14:23 +0800] 0:0:0:0:0:0:0:1 "GET /report/project/tree2?ownId=0&projectId=2543997172191232&cmd=ys HTTP/1.1" 200 (74 ms)
[02/Oct/2022:13:14:30 +0800] 0:0:0:0:0:0:0:1 "GET /dict/subpackage/fetch?rootId=0 HTTP/1.1" 200 (14 ms)
[02/Oct/2022:13:14:30 +0800] 0:0:0:0:0:0:0:1 "GET /home/project/fetch/?subPackageId=4973770171355136 HTTP/1.1" 200 (32 ms)
[02/Oct/2022:13:14:30 +0800] 0:0:0:0:0:0:0:1 "GET /report/subpackage/tree2?subPackageId=4973770171355136&projectId=2543997172191232 HTTP/1.1" 200 (96 ms)
[02/Oct/2022:13:14:33 +0800] 0:0:0:0:0:0:0:1 "GET /home/project/tree?rootId=0 HTTP/1.1" 200 (28 ms)
[02/Oct/2022:13:14:33 +0800] 0:0:0:0:0:0:0:1 "OPTIONS /actual/division/tree2?ownId=0&projectId=2543997172191232 HTTP/1.1" 200 (2 ms)
[02/Oct/2022:13:14:33 +0800] 0:0:0:0:0:0:0:1 "GET /actual/division/tree2?ownId=0&projectId=2543997172191232 HTTP/1.1" 200 (39 ms)
[02/Oct/2022:13:14:33 +0800] 0:0:0:0:0:0:0:1 "OPTIONS /actual/division/machine/tree?ownId=2543997172191232&divisionId=2543997172191232&rootId=2543997172191232 HTTP/1.1" 200 (2 ms)
[02/Oct/2022:13:14:33 +0800] 0:0:0:0:0:0:0:1 "GET /actual/division/machine/tree?ownId=2543997172191232&divisionId=2543997172191232&rootId=2543997172191232 HTTP/1.1" 200 (27 ms)
[02/Oct/2022:13:14:34 +0800] 0:0:0:0:0:0:0:1 "GET /home/project/tree?rootId=0 HTTP/1.1" 200 (23 ms)
[02/Oct/2022:13:14:34 +0800] 0:0:0:0:0:0:0:1 "OPTIONS /actual/measure/tree2?ownId=0&projectId=2543997172191232 HTTP/1.1" 200 (1 ms)
[02/Oct/2022:13:14:35 +0800] 0:0:0:0:0:0:0:1 "GET /actual/measure/tree2?ownId=0&projectId=2543997172191232 HTTP/1.1" 200 (55 ms)
[02/Oct/2022:13:14:35 +0800] 0:0:0:0:0:0:0:1 "OPTIONS /actual/measure/machine/tree?ownId=2543997172191232&measureId=2543997172191232&rootId=2543997172191232 HTTP/1.1" 200 (2 ms)
[02/Oct/2022:13:14:35 +0800] 0:0:0:0:0:0:0:1 "GET /actual/measure/machine/tree?ownId=2543997172191232&measureId=2543997172191232&rootId=2543997172191232 HTTP/1.1" 200 (36 ms)
[02/Oct/2022:13:14:39 +0800] 0:0:0:0:0:0:0:1 "GET /home/project/tree?rootId=0 HTTP/1.1" 200 (25 ms)
[02/Oct/2022:13:14:39 +0800] 0:0:0:0:0:0:0:1 "OPTIONS /plan/division/tree2?ownId=0&projectId=2543997172191232 HTTP/1.1" 200 (1 ms)
[02/Oct/2022:13:14:39 +0800] 0:0:0:0:0:0:0:1 "GET /plan/division/tree2?ownId=0&projectId=2543997172191232 HTTP/1.1" 200 (53 ms)
[02/Oct/2022:13:14:39 +0800] 0:0:0:0:0:0:0:1 "OPTIONS /plan/division/machine/tree?ownId=2543997172191232&divisionId=2543997172191232&rootId=2543997172191232 HTTP/1.1" 200 (2 ms)
[02/Oct/2022:13:14:39 +0800] 0:0:0:0:0:0:0:1 "GET /plan/division/machine/tree?ownId=2543997172191232&divisionId=2543997172191232&rootId=2543997172191232 HTTP/1.1" 200 (25 ms)
[02/Oct/2022:13:14:41 +0800] 0:0:0:0:0:0:0:1 "GET /home/project/tree?rootId=0 HTTP/1.1" 200 (25 ms)
[02/Oct/2022:13:14:41 +0800] 0:0:0:0:0:0:0:1 "OPTIONS /plan/measure/tree2?ownId=0&projectId=2543997172191232 HTTP/1.1" 200 (1 ms)
[02/Oct/2022:13:14:41 +0800] 0:0:0:0:0:0:0:1 "GET /plan/measure/tree2?ownId=0&projectId=2543997172191232 HTTP/1.1" 200 (53 ms)
[02/Oct/2022:13:14:41 +0800] 0:0:0:0:0:0:0:1 "OPTIONS /plan/measure/machine/tree?ownId=2543997172191232&measureId=2543997172191232&rootId=2543997172191232 HTTP/1.1" 200 (2 ms)
[02/Oct/2022:13:14:41 +0800] 0:0:0:0:0:0:0:1 "GET /plan/measure/machine/tree?ownId=2543997172191232&measureId=2543997172191232&rootId=2543997172191232 HTTP/1.1" 200 (32 ms)
[02/Oct/2022:13:14:43 +0800] 0:0:0:0:0:0:0:1 "GET /home/project/tree?rootId=0 HTTP/1.1" 200 (25 ms)
[02/Oct/2022:13:14:43 +0800] 0:0:0:0:0:0:0:1 "OPTIONS /budget/division/tree2?ownId=0&projectId=2543997172191232 HTTP/1.1" 200 (2 ms)
[02/Oct/2022:13:14:43 +0800] 0:0:0:0:0:0:0:1 "GET /budget/division/tree2?ownId=0&projectId=2543997172191232 HTTP/1.1" 200 (36 ms)
[02/Oct/2022:13:14:43 +0800] 0:0:0:0:0:0:0:1 "OPTIONS /budget/division/machine/tree?ownId=2543997172191232&divisionId=2543997172191232&rootId=2543997172191232 HTTP/1.1" 200 (1 ms)
[02/Oct/2022:13:14:43 +0800] 0:0:0:0:0:0:0:1 "GET /budget/division/machine/tree?ownId=2543997172191232&divisionId=2543997172191232&rootId=2543997172191232 HTTP/1.1" 200 (28 ms)
[02/Oct/2022:13:14:43 +0800] 0:0:0:0:0:0:0:1 "GET /home/project/tree?rootId=0 HTTP/1.1" 200 (24 ms)
[02/Oct/2022:13:14:43 +0800] 0:0:0:0:0:0:0:1 "OPTIONS /budget/measure/tree2?ownId=0&projectId=2543997172191232 HTTP/1.1" 200 (1 ms)
[02/Oct/2022:13:14:44 +0800] 0:0:0:0:0:0:0:1 "GET /budget/measure/tree2?ownId=0&projectId=2543997172191232 HTTP/1.1" 500 (151 ms)
[02/Oct/2022:13:14:44 +0800] 0:0:0:0:0:0:0:1 "GET /home/project/tree?rootId=0 HTTP/1.1" 200 (22 ms)
[02/Oct/2022:13:14:44 +0800] 0:0:0:0:0:0:0:1 "OPTIONS /budget/other/fetch?ownId=2543997172191232&projectId=2543997172191232 HTTP/1.1" 200 (4 ms)
[02/Oct/2022:13:14:44 +0800] 0:0:0:0:0:0:0:1 "GET /budget/other/fetch?ownId=2543997172191232&projectId=2543997172191232 HTTP/1.1" 200 (25 ms)
[02/Oct/2022:13:14:47 +0800] 0:0:0:0:0:0:0:1 "GET /home/project/tree?rootId=0 HTTP/1.1" 200 (24 ms)
[02/Oct/2022:13:14:47 +0800] 0:0:0:0:0:0:0:1 "GET /budget/measure/tree2?ownId=0&projectId=2543997172191232 HTTP/1.1" 500 (43 ms)
[02/Oct/2022:13:15:19 +0800] 0:0:0:0:0:0:0:1 "GET /home/project/tree?rootId=0 HTTP/1.1" 200 (24 ms)
[02/Oct/2022:13:15:19 +0800] 0:0:0:0:0:0:0:1 "GET /budget/other/fetch?ownId=2543997172191232&projectId=2543997172191232 HTTP/1.1" 200 (19 ms)
[02/Oct/2022:13:19:01 +0800] 0:0:0:0:0:0:0:1 "GET /home/project/tree?rootId=0 HTTP/1.1" 200 (46 ms)
[02/Oct/2022:13:19:01 +0800] 0:0:0:0:0:0:0:1 "GET /budget/division/tree2?ownId=0&projectId=2543997172191232 HTTP/1.1" 200 (59 ms)
[02/Oct/2022:13:19:02 +0800] 0:0:0:0:0:0:0:1 "GET /budget/division/machine/tree?ownId=2543997172191232&divisionId=2543997172191232&rootId=2543997172191232 HTTP/1.1" 200 (27 ms)
[02/Oct/2022:13:19:05 +0800] 0:0:0:0:0:0:0:1 "GET /home/project/tree?rootId=0 HTTP/1.1" 200 (31 ms)
[02/Oct/2022:13:19:05 +0800] 0:0:0:0:0:0:0:1 "GET /budget/measure/tree2?ownId=0&projectId=2543997172191232 HTTP/1.1" 500 (64 ms)
[02/Oct/2022:13:19:18 +0800] 0:0:0:0:0:0:0:1 "GET /home/project/tree?rootId=0 HTTP/1.1" 200 (38 ms)
[02/Oct/2022:13:19:18 +0800] 0:0:0:0:0:0:0:1 "GET /plan/measure/tree2?ownId=0&projectId=2543997172191232 HTTP/1.1" 200 (56 ms)
[02/Oct/2022:13:19:18 +0800] 0:0:0:0:0:0:0:1 "GET /plan/measure/machine/tree?ownId=2543997172191232&measureId=2543997172191232&rootId=2543997172191232 HTTP/1.1" 200 (29 ms)
[02/Oct/2022:13:19:21 +0800] 0:0:0:0:0:0:0:1 "GET /home/project/tree?rootId=0 HTTP/1.1" 200 (29 ms)
[02/Oct/2022:13:19:21 +0800] 0:0:0:0:0:0:0:1 "GET /budget/measure/tree2?ownId=0&projectId=2543997172191232 HTTP/1.1" 500 (42 ms)
[02/Oct/2022:13:23:35 +0800] 0:0:0:0:0:0:0:1 "GET /home/project/tree?rootId=0 HTTP/1.1" 200 (42 ms)
[02/Oct/2022:13:23:35 +0800] 0:0:0:0:0:0:0:1 "GET /budget/other/fetch?ownId=2543997172191232&projectId=2543997172191232 HTTP/1.1" 200 (14 ms)
[02/Oct/2022:13:23:36 +0800] 0:0:0:0:0:0:0:1 "GET /home/project/tree?rootId=0 HTTP/1.1" 200 (31 ms)
[02/Oct/2022:13:23:36 +0800] 0:0:0:0:0:0:0:1 "GET /budget/measure/tree2?ownId=0&projectId=2543997172191232 HTTP/1.1" 200 (40 ms)
[02/Oct/2022:13:23:36 +0800] 0:0:0:0:0:0:0:1 "OPTIONS /budget/measure/machine/tree?ownId=2543997172191232&measureId=2543997172191232&rootId=2543997172191232 HTTP/1.1" 200 (0 ms)
[02/Oct/2022:13:23:36 +0800] 0:0:0:0:0:0:0:1 "GET /budget/measure/machine/tree?ownId=2543997172191232&measureId=2543997172191232&rootId=2543997172191232 HTTP/1.1" 200 (32 ms)
[02/Oct/2022:13:23:38 +0800] 0:0:0:0:0:0:0:1 "GET /home/project/tree?rootId=0 HTTP/1.1" 200 (29 ms)
[02/Oct/2022:13:23:38 +0800] 0:0:0:0:0:0:0:1 "GET /plan/division/tree2?ownId=0&projectId=2543997172191232 HTTP/1.1" 200 (49 ms)
[02/Oct/2022:13:23:39 +0800] 0:0:0:0:0:0:0:1 "GET /plan/division/machine/tree?ownId=2543997172191232&divisionId=2543997172191232&rootId=2543997172191232 HTTP/1.1" 200 (28 ms)
[02/Oct/2022:13:23:39 +0800] 0:0:0:0:0:0:0:1 "GET /home/project/tree?rootId=0 HTTP/1.1" 200 (28 ms)
[02/Oct/2022:13:23:39 +0800] 0:0:0:0:0:0:0:1 "GET /plan/measure/tree2?ownId=0&projectId=2543997172191232 HTTP/1.1" 200 (42 ms)
[02/Oct/2022:13:23:41 +0800] 0:0:0:0:0:0:0:1 "GET /plan/measure/machine/tree?ownId=2543997172191232&measureId=2543997172191232&rootId=2543997172191232 HTTP/1.1" 200 (21 ms)
[02/Oct/2022:13:23:41 +0800] 0:0:0:0:0:0:0:1 "GET /home/project/tree?rootId=0 HTTP/1.1" 200 (29 ms)
[02/Oct/2022:13:23:41 +0800] 0:0:0:0:0:0:0:1 "OPTIONS /plan/other/fetch?ownId=2543997172191232&projectId=2543997172191232 HTTP/1.1" 200 (2 ms)
[02/Oct/2022:13:23:41 +0800] 0:0:0:0:0:0:0:1 "GET /plan/other/fetch?ownId=2543997172191232&projectId=2543997172191232 HTTP/1.1" 200 (21 ms)
[02/Oct/2022:13:23:48 +0800] 0:0:0:0:0:0:0:1 "GET /dict/supplyunit/fetch?rootId=0 HTTP/1.1" 200 (18 ms)
[02/Oct/2022:13:23:56 +0800] 0:0:0:0:0:0:0:1 "OPTIONS /dict/supplyunit/push HTTP/1.1" 200 (1 ms)
[02/Oct/2022:13:23:56 +0800] 0:0:0:0:0:0:0:1 "POST /dict/supplyunit/push HTTP/1.1" 200 (343 ms)
[02/Oct/2022:13:23:56 +0800] 0:0:0:0:0:0:0:1 "OPTIONS /home/project/fetch/?supplyUnitId=7554866209755136 HTTP/1.1" 200 (2 ms)
[02/Oct/2022:13:23:56 +0800] 0:0:0:0:0:0:0:1 "GET /home/project/fetch/?supplyUnitId=7554866209755136 HTTP/1.1" 200 (29 ms)
[02/Oct/2022:13:23:56 +0800] 0:0:0:0:0:0:0:1 "OPTIONS /report/supplyunit/tree2?supplyUnitId=7554866209755136&projectId=2543997172191232 HTTP/1.1" 200 (1 ms)
[02/Oct/2022:13:23:57 +0800] 0:0:0:0:0:0:0:1 "GET /report/supplyunit/tree2?supplyUnitId=7554866209755136&projectId=2543997172191232 HTTP/1.1" 200 (76 ms)
[02/Oct/2022:13:23:58 +0800] 0:0:0:0:0:0:0:1 "GET /home/project/fetch/?supplyUnitId=7554866209755136 HTTP/1.1" 200 (26 ms)
[02/Oct/2022:13:23:59 +0800] 0:0:0:0:0:0:0:1 "GET /report/supplyunit/tree2?supplyUnitId=7554866209755136&projectId=2543997172191232 HTTP/1.1" 200 (74 ms)
[02/Oct/2022:13:23:59 +0800] 0:0:0:0:0:0:0:1 "GET /home/project/fetch/?supplyUnitId=7554866209755136 HTTP/1.1" 200 (28 ms)
[02/Oct/2022:13:23:59 +0800] 0:0:0:0:0:0:0:1 "GET /report/supplyunit/tree2?supplyUnitId=7554866209755136&projectId=2543997172191232 HTTP/1.1" 200 (75 ms)
[02/Oct/2022:13:24:17 +0800] 0:0:0:0:0:0:0:1 "GET /home/project/fetch/?supplyUnitId=7554866209755136 HTTP/1.1" 200 (69 ms)
[02/Oct/2022:13:24:17 +0800] 0:0:0:0:0:0:0:1 "GET /report/supplyunit/tree2?supplyUnitId=7554866209755136&projectId=2543997172191232 HTTP/1.1" 200 (70 ms)
[02/Oct/2022:13:24:17 +0800] 0:0:0:0:0:0:0:1 "POST /dict/supplyunit/push HTTP/1.1" 200 (422 ms)
[02/Oct/2022:13:24:17 +0800] 0:0:0:0:0:0:0:1 "GET /home/project/fetch/?supplyUnitId=7554866209755136 HTTP/1.1" 200 (44 ms)
[02/Oct/2022:13:24:17 +0800] 0:0:0:0:0:0:0:1 "GET /report/supplyunit/tree2?supplyUnitId=7554866209755136&projectId=2543997172191232 HTTP/1.1" 200 (77 ms)
[02/Oct/2022:13:24:17 +0800] 0:0:0:0:0:0:0:1 "GET /home/project/fetch/?supplyUnitId=7554866209755136 HTTP/1.1" 200 (29 ms)
[02/Oct/2022:13:24:18 +0800] 0:0:0:0:0:0:0:1 "GET /report/supplyunit/tree2?supplyUnitId=7554866209755136&projectId=2543997172191232 HTTP/1.1" 200 (70 ms)
[02/Oct/2022:13:24:25 +0800] 0:0:0:0:0:0:0:1 "GET /home/project/fetch/?supplyUnitId=7554866209755136 HTTP/1.1" 200 (26 ms)
[02/Oct/2022:13:24:25 +0800] 0:0:0:0:0:0:0:1 "POST /dict/supplyunit/push HTTP/1.1" 200 (114 ms)
[02/Oct/2022:13:24:25 +0800] 0:0:0:0:0:0:0:1 "GET /report/supplyunit/tree2?supplyUnitId=7554866209755136&projectId=2543997172191232 HTTP/1.1" 200 (77 ms)
[02/Oct/2022:13:24:25 +0800] 0:0:0:0:0:0:0:1 "GET /home/project/fetch/?supplyUnitId=7554866209755136 HTTP/1.1" 200 (53 ms)
[02/Oct/2022:13:24:25 +0800] 0:0:0:0:0:0:0:1 "GET /report/supplyunit/tree2?supplyUnitId=7554866209755136&projectId=2543997172191232 HTTP/1.1" 200 (73 ms)
[02/Oct/2022:13:24:31 +0800] 0:0:0:0:0:0:0:1 "POST /dict/supplyunit/push HTTP/1.1" 200 (10 ms)
[02/Oct/2022:13:24:34 +0800] 0:0:0:0:0:0:0:1 "GET /home/project/fetch/?supplyUnitId=7554866209755136 HTTP/1.1" 200 (20 ms)
[02/Oct/2022:13:24:34 +0800] 0:0:0:0:0:0:0:1 "GET /report/supplyunit/tree2?supplyUnitId=7554866209755136&projectId=2543997172191232 HTTP/1.1" 200 (72 ms)
[02/Oct/2022:13:24:35 +0800] 0:0:0:0:0:0:0:1 "GET /dict/subpackage/fetch?rootId=0 HTTP/1.1" 200 (16 ms)
[02/Oct/2022:13:24:35 +0800] 0:0:0:0:0:0:0:1 "GET /home/project/fetch/?subPackageId=4973770171355136 HTTP/1.1" 200 (33 ms)
[02/Oct/2022:13:24:35 +0800] 0:0:0:0:0:0:0:1 "GET /report/subpackage/tree2?subPackageId=4973770171355136&projectId=2543997172191232 HTTP/1.1" 200 (113 ms)
[02/Oct/2022:13:24:36 +0800] 0:0:0:0:0:0:0:1 "GET /dict/supplyunit/fetch?rootId=0 HTTP/1.1" 200 (14 ms)
[02/Oct/2022:13:24:36 +0800] 0:0:0:0:0:0:0:1 "GET /home/project/fetch/?supplyUnitId=7554866209755136 HTTP/1.1" 200 (28 ms)
[02/Oct/2022:13:24:36 +0800] 0:0:0:0:0:0:0:1 "GET /report/supplyunit/tree2?supplyUnitId=7554866209755136&projectId=2543997172191232 HTTP/1.1" 200 (93 ms)
[02/Oct/2022:13:31:28 +0800] 0:0:0:0:0:0:0:1 "OPTIONS /report/supplyunit/tree2?supplyUnitId=7554866209755136&projectId=5342361316102144 HTTP/1.1" 200 (2 ms)
[02/Oct/2022:13:31:28 +0800] 0:0:0:0:0:0:0:1 "GET /report/supplyunit/tree2?supplyUnitId=7554866209755136&projectId=5342361316102144 HTTP/1.1" 200 (71 ms)
[02/Oct/2022:13:31:32 +0800] 0:0:0:0:0:0:0:1 "GET /report/supplyunit/tree2?supplyUnitId=7554866209755136&projectId=2543997172191232 HTTP/1.1" 200 (69 ms)
[02/Oct/2022:13:31:40 +0800] 0:0:0:0:0:0:0:1 "GET /home/project/fetch/?supplyUnitId=7554866209755136 HTTP/1.1" 200 (21 ms)
[02/Oct/2022:13:31:40 +0800] 0:0:0:0:0:0:0:1 "GET /report/supplyunit/tree2?supplyUnitId=7554866209755136&projectId=2543997172191232 HTTP/1.1" 200 (69 ms)
[02/Oct/2022:13:33:29 +0800] 0:0:0:0:0:0:0:1 "GET /dict/supplyunit/fetch?rootId=0 HTTP/1.1" 200 (23 ms)
[02/Oct/2022:13:33:30 +0800] 0:0:0:0:0:0:0:1 "GET /home/project/fetch/?supplyUnitId=7554866209755136 HTTP/1.1" 200 (33 ms)
[02/Oct/2022:13:33:30 +0800] 0:0:0:0:0:0:0:1 "GET /report/supplyunit/tree2?supplyUnitId=7554866209755136&projectId=2543997172191232 HTTP/1.1" 200 (111 ms)
[02/Oct/2022:13:33:54 +0800] 0:0:0:0:0:0:0:1 "GET /home/project/fetch/?supplyUnitId=7554866209755136 HTTP/1.1" 200 (25 ms)
[02/Oct/2022:13:33:54 +0800] 0:0:0:0:0:0:0:1 "GET /report/supplyunit/tree2?supplyUnitId=7554866209755136&projectId=2543997172191232 HTTP/1.1" 200 (79 ms)
[02/Oct/2022:13:36:49 +0800] 0:0:0:0:0:0:0:1 "GET /dict/supplyunit/fetch?rootId=0 HTTP/1.1" 200 (30 ms)
[02/Oct/2022:13:36:49 +0800] 0:0:0:0:0:0:0:1 "GET /home/project/fetch/?supplyUnitId=7554866209755136 HTTP/1.1" 200 (45 ms)
[02/Oct/2022:13:36:50 +0800] 0:0:0:0:0:0:0:1 "GET /report/supplyunit/tree2?supplyUnitId=7554866209755136&projectId=2543997172191232 HTTP/1.1" 200 (106 ms)
[02/Oct/2022:13:44:37 +0800] 0:0:0:0:0:0:0:1 "OPTIONS /home/project/tree?rootId=0 HTTP/1.1" 200 (2 ms)
[02/Oct/2022:13:44:37 +0800] 0:0:0:0:0:0:0:1 "GET /home/project/tree?rootId=0 HTTP/1.1" 200 (34 ms)
[02/Oct/2022:13:44:37 +0800] 0:0:0:0:0:0:0:1 "GET /budget/division/tree2?ownId=0&projectId=2543997172191232 HTTP/1.1" 200 (39 ms)
[02/Oct/2022:13:44:38 +0800] 0:0:0:0:0:0:0:1 "GET /budget/division/machine/tree?ownId=2543997172191232&divisionId=2543997172191232&rootId=2543997172191232 HTTP/1.1" 200 (24 ms)
[02/Oct/2022:14:07:07 +0800] 0:0:0:0:0:0:0:1 "GET /home/project/tree?rootId=0 HTTP/1.1" 200 (47 ms)
[02/Oct/2022:14:07:07 +0800] 0:0:0:0:0:0:0:1 "OPTIONS /budget/measure/tree2?ownId=0&projectId=2543997172191232 HTTP/1.1" 200 (1 ms)
[02/Oct/2022:14:07:07 +0800] 0:0:0:0:0:0:0:1 "GET /budget/measure/tree2?ownId=0&projectId=2543997172191232 HTTP/1.1" 200 (49 ms)
[02/Oct/2022:14:07:07 +0800] 0:0:0:0:0:0:0:1 "OPTIONS /budget/measure/machine/tree?ownId=2543997172191232&measureId=2543997172191232&rootId=2543997172191232 HTTP/1.1" 200 (1 ms)
[02/Oct/2022:14:07:07 +0800] 0:0:0:0:0:0:0:1 "GET /budget/measure/machine/tree?ownId=2543997172191232&measureId=2543997172191232&rootId=2543997172191232 HTTP/1.1" 200 (21 ms)
[02/Oct/2022:14:07:38 +0800] 0:0:0:0:0:0:0:1 "GET /home/project/tree?rootId=0 HTTP/1.1" 200 (19 ms)
[02/Oct/2022:14:07:38 +0800] 0:0:0:0:0:0:0:1 "OPTIONS /budget/division/tree2?ownId=0&projectId=2543997172191232 HTTP/1.1" 200 (1 ms)
[02/Oct/2022:14:07:38 +0800] 0:0:0:0:0:0:0:1 "GET /budget/division/tree2?ownId=0&projectId=2543997172191232 HTTP/1.1" 200 (35 ms)
[02/Oct/2022:14:07:38 +0800] 0:0:0:0:0:0:0:1 "OPTIONS /budget/division/machine/tree?ownId=2543997172191232&divisionId=2543997172191232&rootId=2543997172191232 HTTP/1.1" 200 (1 ms)
[02/Oct/2022:14:07:38 +0800] 0:0:0:0:0:0:0:1 "GET /budget/division/machine/tree?ownId=2543997172191232&divisionId=2543997172191232&rootId=2543997172191232 HTTP/1.1" 200 (19 ms)
[02/Oct/2022:14:07:55 +0800] 0:0:0:0:0:0:0:1 "OPTIONS /budget/division/machine/tree?ownId=6046563126349824&divisionId=6046563126349824&rootId=6046563126349824 HTTP/1.1" 200 (0 ms)
[02/Oct/2022:14:07:55 +0800] 0:0:0:0:0:0:0:1 "GET /budget/division/machine/tree?ownId=6046563126349824&divisionId=6046563126349824&rootId=6046563126349824 HTTP/1.1" 200 (16 ms)
[02/Oct/2022:14:07:58 +0800] 0:0:0:0:0:0:0:1 "OPTIONS /budget/division/machine/tree?ownId=6046562497204224&divisionId=6046562497204224&rootId=6046562497204224 HTTP/1.1" 200 (1 ms)
[02/Oct/2022:14:07:58 +0800] 0:0:0:0:0:0:0:1 "GET /budget/division/machine/tree?ownId=6046562497204224&divisionId=6046562497204224&rootId=6046562497204224 HTTP/1.1" 200 (14 ms)
[02/Oct/2022:14:08:01 +0800] 0:0:0:0:0:0:0:1 "OPTIONS /budget/division/machine/tree?ownId=6046563206041600&divisionId=6046563206041600&rootId=6046563206041600 HTTP/1.1" 200 (1 ms)
[02/Oct/2022:14:08:01 +0800] 0:0:0:0:0:0:0:1 "GET /budget/division/machine/tree?ownId=6046563206041600&divisionId=6046563206041600&rootId=6046563206041600 HTTP/1.1" 200 (14 ms)
[02/Oct/2022:14:08:02 +0800] 0:0:0:0:0:0:0:1 "OPTIONS /budget/division/machine/tree?ownId=6046563268956160&divisionId=6046563268956160&rootId=6046563268956160 HTTP/1.1" 200 (1 ms)
[02/Oct/2022:14:08:02 +0800] 0:0:0:0:0:0:0:1 "GET /budget/division/machine/tree?ownId=6046563268956160&divisionId=6046563268956160&rootId=6046563268956160 HTTP/1.1" 200 (14 ms)
[02/Oct/2022:14:08:02 +0800] 0:0:0:0:0:0:0:1 "GET /budget/division/machine/tree?ownId=6046563268956160&divisionId=6046563268956160&rootId=6046563268956160 HTTP/1.1" 200 (15 ms)
[02/Oct/2022:14:08:03 +0800] 0:0:0:0:0:0:0:1 "GET /budget/division/machine/tree?ownId=6046563268956160&divisionId=6046563268956160&rootId=6046563268956160 HTTP/1.1" 200 (13 ms)
[02/Oct/2022:14:08:05 +0800] 0:0:0:0:0:0:0:1 "GET /budget/division/machine/tree?ownId=6046563206041600&divisionId=6046563206041600&rootId=6046563206041600 HTTP/1.1" 200 (16 ms)
[02/Oct/2022:14:08:16 +0800] 0:0:0:0:0:0:0:1 "OPTIONS /budget/division/machine/tree?ownId=6046564049096704&divisionId=6046564049096704&rootId=6046564049096704 HTTP/1.1" 200 (1 ms)
[02/Oct/2022:14:08:16 +0800] 0:0:0:0:0:0:0:1 "GET /budget/division/machine/tree?ownId=6046564049096704&divisionId=6046564049096704&rootId=6046564049096704 HTTP/1.1" 200 (15 ms)
[02/Oct/2022:14:08:17 +0800] 0:0:0:0:0:0:0:1 "GET /budget/division/machine/tree?ownId=6046564049096704&divisionId=6046564049096704&rootId=6046564049096704 HTTP/1.1" 200 (39 ms)
[02/Oct/2022:14:08:19 +0800] 0:0:0:0:0:0:0:1 "OPTIONS /budget/division/push HTTP/1.1" 200 (1 ms)
[02/Oct/2022:14:08:19 +0800] 0:0:0:0:0:0:0:1 "POST /budget/division/push HTTP/1.1" 200 (457 ms)
[02/Oct/2022:14:10:50 +0800] 0:0:0:0:0:0:0:1 "OPTIONS /budget/division/machine/tree?ownId=6046563549974528&divisionId=6046563549974528&rootId=6046563549974528 HTTP/1.1" 200 (2 ms)
[02/Oct/2022:14:10:50 +0800] 0:0:0:0:0:0:0:1 "GET /budget/division/machine/tree?ownId=6046563549974528&divisionId=6046563549974528&rootId=6046563549974528 HTTP/1.1" 200 (25 ms)
[02/Oct/2022:14:10:50 +0800] 0:0:0:0:0:0:0:1 "GET /budget/division/machine/tree?ownId=6046563549974528&divisionId=6046563549974528&rootId=6046563549974528 HTTP/1.1" 200 (17 ms)
[02/Oct/2022:14:12:21 +0800] 0:0:0:0:0:0:0:1 "OPTIONS /budget/division/machine/tree?ownId=6046563352842240&divisionId=6046563352842240&rootId=6046563352842240 HTTP/1.1" 200 (1 ms)
[02/Oct/2022:14:12:21 +0800] 0:0:0:0:0:0:0:1 "GET /budget/division/machine/tree?ownId=6046563352842240&divisionId=6046563352842240&rootId=6046563352842240 HTTP/1.1" 200 (22 ms)
[02/Oct/2022:14:12:21 +0800] 0:0:0:0:0:0:0:1 "GET /budget/division/machine/tree?ownId=6046563352842240&divisionId=6046563352842240&rootId=6046563352842240 HTTP/1.1" 200 (15 ms)
[02/Oct/2022:14:13:26 +0800] 0:0:0:0:0:0:0:1 "OPTIONS /dict/supplyunit/fetch?rootId=0 HTTP/1.1" 200 (1 ms)
[02/Oct/2022:14:13:26 +0800] 0:0:0:0:0:0:0:1 "GET /dict/supplyunit/fetch?rootId=0 HTTP/1.1" 200 (18 ms)
[02/Oct/2022:14:13:26 +0800] 0:0:0:0:0:0:0:1 "OPTIONS /home/project/fetch/?supplyUnitId=7554866209755136 HTTP/1.1" 200 (1 ms)
[02/Oct/2022:14:13:26 +0800] 0:0:0:0:0:0:0:1 "GET /home/project/fetch/?supplyUnitId=7554866209755136 HTTP/1.1" 200 (28 ms)
[02/Oct/2022:14:13:26 +0800] 0:0:0:0:0:0:0:1 "OPTIONS /report/supplyunit/tree2?supplyUnitId=7554866209755136&projectId=2543997172191232 HTTP/1.1" 200 (1 ms)
[02/Oct/2022:14:13:26 +0800] 0:0:0:0:0:0:0:1 "GET /report/supplyunit/tree2?supplyUnitId=7554866209755136&projectId=2543997172191232 HTTP/1.1" 200 (104 ms)
[02/Oct/2022:14:13:50 +0800] 0:0:0:0:0:0:0:1 "GET /home/project/tree?rootId=0 HTTP/1.1" 200 (20 ms)
[02/Oct/2022:14:13:50 +0800] 0:0:0:0:0:0:0:1 "OPTIONS /actual/division/tree2?ownId=0&projectId=2543997172191232 HTTP/1.1" 200 (0 ms)
[02/Oct/2022:14:13:50 +0800] 0:0:0:0:0:0:0:1 "GET /actual/division/tree2?ownId=0&projectId=2543997172191232 HTTP/1.1" 200 (39 ms)
[02/Oct/2022:14:13:51 +0800] 0:0:0:0:0:0:0:1 "OPTIONS /actual/division/machine/tree?ownId=2543997172191232&divisionId=2543997172191232&rootId=2543997172191232 HTTP/1.1" 200 (1 ms)
[02/Oct/2022:14:13:51 +0800] 0:0:0:0:0:0:0:1 "GET /actual/division/machine/tree?ownId=2543997172191232&divisionId=2543997172191232&rootId=2543997172191232 HTTP/1.1" 200 (34 ms)
[02/Oct/2022:14:13:55 +0800] 0:0:0:0:0:0:0:1 "OPTIONS /actual/division/machine/tree?ownId=6046563126349824&divisionId=6046563126349824&rootId=6046563126349824 HTTP/1.1" 200 (2 ms)
[02/Oct/2022:14:13:55 +0800] 0:0:0:0:0:0:0:1 "GET /actual/division/machine/tree?ownId=6046563126349824&divisionId=6046563126349824&rootId=6046563126349824 HTTP/1.1" 200 (20 ms)
[02/Oct/2022:14:24:04 +0800] 0:0:0:0:0:0:0:1 "OPTIONS /home/project/tree?rootId=0 HTTP/1.1" 200 (2 ms)
[02/Oct/2022:14:24:04 +0800] 0:0:0:0:0:0:0:1 "GET /home/project/tree?rootId=0 HTTP/1.1" 200 (34 ms)
[02/Oct/2022:14:24:04 +0800] 0:0:0:0:0:0:0:1 "GET /actual/division/tree2?ownId=0&projectId=2543997172191232 HTTP/1.1" 200 (41 ms)
[02/Oct/2022:14:24:04 +0800] 0:0:0:0:0:0:0:1 "GET /actual/division/machine/tree?ownId=2543997172191232&divisionId=2543997172191232&rootId=2543997172191232 HTTP/1.1" 200 (13 ms)
[02/Oct/2022:14:29:03 +0800] 0:0:0:0:0:0:0:1 "GET /home/project/tree?rootId=0 HTTP/1.1" 200 (51 ms)
[02/Oct/2022:14:29:03 +0800] 0:0:0:0:0:0:0:1 "GET /actual/division/tree2?ownId=0&projectId=2543997172191232 HTTP/1.1" 200 (43 ms)
[02/Oct/2022:14:29:03 +0800] 0:0:0:0:0:0:0:1 "GET /actual/division/machine/tree?ownId=2543997172191232&divisionId=2543997172191232&rootId=2543997172191232 HTTP/1.1" 200 (23 ms)
[02/Oct/2022:14:31:12 +0800] 0:0:0:0:0:0:0:1 "GET /home/project/tree?rootId=0 HTTP/1.1" 200 (42 ms)
[02/Oct/2022:14:31:12 +0800] 0:0:0:0:0:0:0:1 "GET /actual/division/tree2?ownId=0&projectId=2543997172191232 HTTP/1.1" 200 (43 ms)
[02/Oct/2022:14:31:12 +0800] 0:0:0:0:0:0:0:1 "GET /actual/division/machine/tree?ownId=2543997172191232&divisionId=2543997172191232&rootId=2543997172191232 HTTP/1.1" 200 (21 ms)
[02/Oct/2022:14:34:27 +0800] 0:0:0:0:0:0:0:1 "GET /home/project/tree?rootId=0 HTTP/1.1" 200 (40 ms)
[02/Oct/2022:14:34:27 +0800] 0:0:0:0:0:0:0:1 "GET /actual/division/tree2?ownId=0&projectId=2543997172191232 HTTP/1.1" 200 (37 ms)
[02/Oct/2022:14:34:27 +0800] 0:0:0:0:0:0:0:1 "GET /actual/division/machine/tree?ownId=2543997172191232&divisionId=2543997172191232&rootId=2543997172191232 HTTP/1.1" 200 (15 ms)
[02/Oct/2022:15:51:37 +0800] 0:0:0:0:0:0:0:1 "OPTIONS /home/project/tree?rootId=0 HTTP/1.1" 200 (2 ms)
[02/Oct/2022:15:51:37 +0800] 0:0:0:0:0:0:0:1 "GET /home/project/tree?rootId=0 HTTP/1.1" 200 (109 ms)
[02/Oct/2022:15:51:37 +0800] 0:0:0:0:0:0:0:1 "OPTIONS /actual/division/tree2?ownId=0&projectId=2543997172191232 HTTP/1.1" 200 (1 ms)
[02/Oct/2022:15:51:38 +0800] 0:0:0:0:0:0:0:1 "GET /actual/division/tree2?ownId=0&projectId=2543997172191232 HTTP/1.1" 200 (53 ms)
[02/Oct/2022:15:51:38 +0800] 0:0:0:0:0:0:0:1 "OPTIONS /actual/division/machine/tree?ownId=2543997172191232&divisionId=2543997172191232&rootId=2543997172191232 HTTP/1.1" 200 (0 ms)
[02/Oct/2022:15:51:38 +0800] 0:0:0:0:0:0:0:1 "GET /actual/division/machine/tree?ownId=2543997172191232&divisionId=2543997172191232&rootId=2543997172191232 HTTP/1.1" 200 (27 ms)
[02/Oct/2022:15:51:43 +0800] 0:0:0:0:0:0:0:1 "GET /home/project/tree?rootId=0 HTTP/1.1" 200 (24 ms)
[02/Oct/2022:15:51:43 +0800] 0:0:0:0:0:0:0:1 "OPTIONS /report/project/tree2?ownId=0&projectId=2543997172191232&cmd=sj HTTP/1.1" 200 (2 ms)
[02/Oct/2022:15:51:43 +0800] 0:0:0:0:0:0:0:1 "GET /report/project/tree2?ownId=0&projectId=2543997172191232&cmd=sj HTTP/1.1" 200 (61 ms)
[02/Oct/2022:15:51:44 +0800] 0:0:0:0:0:0:0:1 "GET /home/project/tree?rootId=0 HTTP/1.1" 200 (23 ms)
[02/Oct/2022:15:51:44 +0800] 0:0:0:0:0:0:0:1 "OPTIONS /report/project/tree2?ownId=0&projectId=2543997172191232&cmd=ys HTTP/1.1" 200 (2 ms)
[02/Oct/2022:15:51:44 +0800] 0:0:0:0:0:0:0:1 "GET /report/project/tree2?ownId=0&projectId=2543997172191232&cmd=ys HTTP/1.1" 200 (59 ms)
[02/Oct/2022:15:51:45 +0800] 0:0:0:0:0:0:0:1 "GET /home/project/tree?rootId=0 HTTP/1.1" 200 (43 ms)
[02/Oct/2022:15:51:45 +0800] 0:0:0:0:0:0:0:1 "GET /report/project/tree2?ownId=0&projectId=2543997172191232&cmd=sj HTTP/1.1" 200 (62 ms)
[02/Oct/2022:15:51:49 +0800] 0:0:0:0:0:0:0:1 "OPTIONS /dict/supplyunit/fetch?rootId=0 HTTP/1.1" 200 (1 ms)
[02/Oct/2022:15:51:49 +0800] 0:0:0:0:0:0:0:1 "GET /dict/supplyunit/fetch?rootId=0 HTTP/1.1" 200 (17 ms)
[02/Oct/2022:15:51:49 +0800] 0:0:0:0:0:0:0:1 "OPTIONS /home/project/fetch/?supplyUnitId=7554866209755136 HTTP/1.1" 200 (1 ms)
[02/Oct/2022:15:51:49 +0800] 0:0:0:0:0:0:0:1 "GET /home/project/fetch/?supplyUnitId=7554866209755136 HTTP/1.1" 200 (28 ms)
[02/Oct/2022:15:51:49 +0800] 0:0:0:0:0:0:0:1 "OPTIONS /report/supplyunit/tree2?supplyUnitId=7554866209755136&projectId=2543997172191232 HTTP/1.1" 200 (1 ms)
[02/Oct/2022:15:51:49 +0800] 0:0:0:0:0:0:0:1 "GET /report/supplyunit/tree2?supplyUnitId=7554866209755136&projectId=2543997172191232 HTTP/1.1" 200 (79 ms)
[02/Oct/2022:15:52:07 +0800] 0:0:0:0:0:0:0:1 "GET /home/project/tree?rootId=0 HTTP/1.1" 200 (21 ms)
[02/Oct/2022:15:52:07 +0800] 0:0:0:0:0:0:0:1 "GET /actual/division/tree2?ownId=0&projectId=2543997172191232 HTTP/1.1" 200 (39 ms)
[02/Oct/2022:15:52:07 +0800] 0:0:0:0:0:0:0:1 "GET /actual/division/machine/tree?ownId=2543997172191232&divisionId=2543997172191232&rootId=2543997172191232 HTTP/1.1" 200 (22 ms)
[02/Oct/2022:15:52:10 +0800] 0:0:0:0:0:0:0:1 "OPTIONS /actual/division/machine/tree?ownId=6046563126349824&divisionId=6046563126349824&rootId=6046563126349824 HTTP/1.1" 200 (2 ms)
[02/Oct/2022:15:52:10 +0800] 0:0:0:0:0:0:0:1 "GET /actual/division/machine/tree?ownId=6046563126349824&divisionId=6046563126349824&rootId=6046563126349824 HTTP/1.1" 200 (18 ms)
[02/Oct/2022:15:52:13 +0800] 0:0:0:0:0:0:0:1 "OPTIONS /dict/supplyunit/fetch HTTP/1.1" 200 (1 ms)
[02/Oct/2022:15:52:13 +0800] 0:0:0:0:0:0:0:1 "GET /dict/supplyunit/fetch HTTP/1.1" 200 (11 ms)
[02/Oct/2022:15:52:17 +0800] 0:0:0:0:0:0:0:1 "OPTIONS /actual/division/machine/push HTTP/1.1" 200 (1 ms)
[02/Oct/2022:15:52:17 +0800] 0:0:0:0:0:0:0:1 "POST /actual/division/machine/push HTTP/1.1" 200 (356 ms)
[02/Oct/2022:15:52:22 +0800] 0:0:0:0:0:0:0:1 "OPTIONS /actual/division/machine/tree?ownId=6046563654832128&divisionId=6046563654832128&rootId=6046563654832128 HTTP/1.1" 200 (1 ms)
[02/Oct/2022:15:52:22 +0800] 0:0:0:0:0:0:0:1 "GET /actual/division/machine/tree?ownId=6046563654832128&divisionId=6046563654832128&rootId=6046563654832128 HTTP/1.1" 200 (18 ms)
[02/Oct/2022:15:52:24 +0800] 0:0:0:0:0:0:0:1 "GET /actual/division/machine/tree?ownId=6046563126349824&divisionId=6046563126349824&rootId=6046563126349824 HTTP/1.1" 200 (17 ms)
[02/Oct/2022:15:52:27 +0800] 0:0:0:0:0:0:0:1 "OPTIONS /actual/division/machine/tree?ownId=6046563206041600&divisionId=6046563206041600&rootId=6046563206041600 HTTP/1.1" 200 (1 ms)
[02/Oct/2022:15:52:27 +0800] 0:0:0:0:0:0:0:1 "GET /actual/division/machine/tree?ownId=6046563206041600&divisionId=6046563206041600&rootId=6046563206041600 HTTP/1.1" 200 (17 ms)
[02/Oct/2022:15:52:28 +0800] 0:0:0:0:0:0:0:1 "GET /actual/division/machine/tree?ownId=6046563126349824&divisionId=6046563126349824&rootId=6046563126349824 HTTP/1.1" 200 (17 ms)
[02/Oct/2022:15:53:29 +0800] 0:0:0:0:0:0:0:1 "GET /home/project/tree?rootId=0 HTTP/1.1" 200 (33 ms)
[02/Oct/2022:15:53:29 +0800] 0:0:0:0:0:0:0:1 "OPTIONS /plan/division/tree2?ownId=0&projectId=2543997172191232 HTTP/1.1" 200 (1 ms)
[02/Oct/2022:15:53:30 +0800] 0:0:0:0:0:0:0:1 "GET /plan/division/tree2?ownId=0&projectId=2543997172191232 HTTP/1.1" 200 (45 ms)
[02/Oct/2022:15:53:30 +0800] 0:0:0:0:0:0:0:1 "OPTIONS /plan/division/machine/tree?ownId=2543997172191232&divisionId=2543997172191232&rootId=2543997172191232 HTTP/1.1" 200 (2 ms)
[02/Oct/2022:15:53:30 +0800] 0:0:0:0:0:0:0:1 "GET /plan/division/machine/tree?ownId=2543997172191232&divisionId=2543997172191232&rootId=2543997172191232 HTTP/1.1" 200 (22 ms)
[02/Oct/2022:15:53:31 +0800] 0:0:0:0:0:0:0:1 "OPTIONS /plan/division/machine/tree?ownId=6046563126349824&divisionId=6046563126349824&rootId=6046563126349824 HTTP/1.1" 200 (1 ms)
[02/Oct/2022:15:53:31 +0800] 0:0:0:0:0:0:0:1 "GET /plan/division/machine/tree?ownId=6046563126349824&divisionId=6046563126349824&rootId=6046563126349824 HTTP/1.1" 200 (23 ms)
[02/Oct/2022:15:54:06 +0800] 0:0:0:0:0:0:0:1 "OPTIONS /plan/division/machine/tree?ownId=6046563206041600&divisionId=6046563206041600&rootId=6046563206041600 HTTP/1.1" 200 (2 ms)
[02/Oct/2022:15:54:06 +0800] 0:0:0:0:0:0:0:1 "GET /plan/division/machine/tree?ownId=6046563206041600&divisionId=6046563206041600&rootId=6046563206041600 HTTP/1.1" 200 (31 ms)
[02/Oct/2022:15:54:25 +0800] 0:0:0:0:0:0:0:1 "GET /plan/division/machine/tree?ownId=6046563206041600&divisionId=6046563206041600&rootId=6046563206041600 HTTP/1.1" 200 (27 ms)
[02/Oct/2022:15:54:25 +0800] 0:0:0:0:0:0:0:1 "GET /favicon.ico HTTP/1.1" 404 (46 ms)
[02/Oct/2022:16:03:15 +0800] 0:0:0:0:0:0:0:1 "GET /home/project/tree?rootId=0 HTTP/1.1" 200 (1209 ms)
[02/Oct/2022:16:03:15 +0800] 0:0:0:0:0:0:0:1 "GET /plan/division/tree2?ownId=0&projectId=2543997172191232 HTTP/1.1" 200 (136 ms)
[02/Oct/2022:16:03:15 +0800] 0:0:0:0:0:0:0:1 "GET /plan/division/machine/tree?ownId=2543997172191232&divisionId=2543997172191232&rootId=2543997172191232 HTTP/1.1" 200 (63 ms)
[02/Oct/2022:16:03:20 +0800] 0:0:0:0:0:0:0:1 "GET /plan/division/machine/tree?ownId=6046563126349824&divisionId=6046563126349824&rootId=6046563126349824 HTTP/1.1" 500 (118 ms)
[02/Oct/2022:16:05:32 +0800] 0:0:0:0:0:0:0:1 "GET /home/project/tree?rootId=0 HTTP/1.1" 200 (1011 ms)
[02/Oct/2022:16:05:32 +0800] 0:0:0:0:0:0:0:1 "GET /plan/division/tree2?ownId=0&projectId=2543997172191232 HTTP/1.1" 200 (65 ms)
[02/Oct/2022:16:05:32 +0800] 0:0:0:0:0:0:0:1 "GET /plan/division/machine/tree?ownId=2543997172191232&divisionId=2543997172191232&rootId=2543997172191232 HTTP/1.1" 200 (46 ms)
[02/Oct/2022:16:05:34 +0800] 0:0:0:0:0:0:0:1 "GET /plan/division/machine/tree?ownId=6046563126349824&divisionId=6046563126349824&rootId=6046563126349824 HTTP/1.1" 500 (128 ms)
[02/Oct/2022:16:06:34 +0800] 0:0:0:0:0:0:0:1 "GET /home/project/tree?rootId=0 HTTP/1.1" 200 (1033 ms)
[02/Oct/2022:16:06:34 +0800] 0:0:0:0:0:0:0:1 "GET /plan/division/tree2?ownId=0&projectId=2543997172191232 HTTP/1.1" 200 (65 ms)
[02/Oct/2022:16:06:34 +0800] 0:0:0:0:0:0:0:1 "GET /plan/division/machine/tree?ownId=2543997172191232&divisionId=2543997172191232&rootId=2543997172191232 HTTP/1.1" 200 (49 ms)
[02/Oct/2022:16:06:35 +0800] 0:0:0:0:0:0:0:1 "GET /plan/division/machine/tree?ownId=6046563126349824&divisionId=6046563126349824&rootId=6046563126349824 HTTP/1.1" 200 (35 ms)
[02/Oct/2022:16:06:40 +0800] 0:0:0:0:0:0:0:1 "OPTIONS /dict/subpackage/fetch HTTP/1.1" 200 (5 ms)
[02/Oct/2022:16:06:40 +0800] 0:0:0:0:0:0:0:1 "GET /dict/subpackage/fetch HTTP/1.1" 200 (17 ms)
[02/Oct/2022:16:06:58 +0800] 0:0:0:0:0:0:0:1 "GET /home/project/tree?rootId=0 HTTP/1.1" 200 (47 ms)
[02/Oct/2022:16:06:58 +0800] 0:0:0:0:0:0:0:1 "GET /actual/division/tree2?ownId=0&projectId=2543997172191232 HTTP/1.1" 200 (58 ms)
[02/Oct/2022:16:06:58 +0800] 0:0:0:0:0:0:0:1 "GET /actual/division/machine/tree?ownId=2543997172191232&divisionId=2543997172191232&rootId=2543997172191232 HTTP/1.1" 200 (30 ms)
[02/Oct/2022:16:07:00 +0800] 0:0:0:0:0:0:0:1 "GET /actual/division/machine/tree?ownId=6046563126349824&divisionId=6046563126349824&rootId=6046563126349824 HTTP/1.1" 200 (28 ms)
[02/Oct/2022:16:07:42 +0800] 0:0:0:0:0:0:0:1 "GET /home/project/tree?rootId=0 HTTP/1.1" 200 (37 ms)
[02/Oct/2022:16:07:42 +0800] 0:0:0:0:0:0:0:1 "OPTIONS /actual/measure/tree2?ownId=0&projectId=2543997172191232 HTTP/1.1" 200 (2 ms)
[02/Oct/2022:16:07:42 +0800] 0:0:0:0:0:0:0:1 "GET /actual/measure/tree2?ownId=0&projectId=2543997172191232 HTTP/1.1" 200 (56 ms)
[02/Oct/2022:16:07:42 +0800] 0:0:0:0:0:0:0:1 "OPTIONS /actual/measure/machine/tree?ownId=2543997172191232&measureId=2543997172191232&rootId=2543997172191232 HTTP/1.1" 200 (1 ms)
[02/Oct/2022:16:07:42 +0800] 0:0:0:0:0:0:0:1 "GET /actual/measure/machine/tree?ownId=2543997172191232&measureId=2543997172191232&rootId=2543997172191232 HTTP/1.1" 200 (39 ms)
[02/Oct/2022:16:07:47 +0800] 0:0:0:0:0:0:0:1 "GET /home/project/tree?rootId=0 HTTP/1.1" 200 (25 ms)
[02/Oct/2022:16:07:47 +0800] 0:0:0:0:0:0:0:1 "GET /actual/division/tree2?ownId=0&projectId=2543997172191232 HTTP/1.1" 200 (53 ms)
[02/Oct/2022:16:07:47 +0800] 0:0:0:0:0:0:0:1 "GET /actual/division/machine/tree?ownId=2543997172191232&divisionId=2543997172191232&rootId=2543997172191232 HTTP/1.1" 200 (26 ms)
[02/Oct/2022:16:08:42 +0800] 0:0:0:0:0:0:0:1 "GET /actual/division/machine/tree?ownId=6046563126349824&divisionId=6046563126349824&rootId=6046563126349824 HTTP/1.1" 200 (24 ms)
[02/Oct/2022:16:08:48 +0800] 0:0:0:0:0:0:0:1 "GET /actual/division/machine/tree?ownId=6046563206041600&divisionId=6046563206041600&rootId=6046563206041600 HTTP/1.1" 200 (52 ms)
[02/Oct/2022:16:08:51 +0800] 0:0:0:0:0:0:0:1 "GET /actual/division/machine/tree?ownId=6046563654832128&divisionId=6046563654832128&rootId=6046563654832128 HTTP/1.1" 200 (23 ms)
[02/Oct/2022:16:08:51 +0800] 0:0:0:0:0:0:0:1 "OPTIONS /actual/division/machine/tree?ownId=6046563738718208&divisionId=6046563738718208&rootId=6046563738718208 HTTP/1.1" 200 (2 ms)
[02/Oct/2022:16:08:51 +0800] 0:0:0:0:0:0:0:1 "GET /actual/division/machine/tree?ownId=6046563738718208&divisionId=6046563738718208&rootId=6046563738718208 HTTP/1.1" 200 (17 ms)
[02/Oct/2022:16:08:52 +0800] 0:0:0:0:0:0:0:1 "OPTIONS /actual/division/machine/tree?ownId=6046563906490368&divisionId=6046563906490368&rootId=6046563906490368 HTTP/1.1" 200 (2 ms)
[02/Oct/2022:16:08:52 +0800] 0:0:0:0:0:0:0:1 "GET /actual/division/machine/tree?ownId=6046563906490368&divisionId=6046563906490368&rootId=6046563906490368 HTTP/1.1" 200 (17 ms)
[02/Oct/2022:16:08:52 +0800] 0:0:0:0:0:0:0:1 "OPTIONS /actual/division/machine/tree?ownId=6046564107816960&divisionId=6046564107816960&rootId=6046564107816960 HTTP/1.1" 200 (1 ms)
[02/Oct/2022:16:08:52 +0800] 0:0:0:0:0:0:0:1 "GET /actual/division/machine/tree?ownId=6046564107816960&divisionId=6046564107816960&rootId=6046564107816960 HTTP/1.1" 200 (14 ms)
[02/Oct/2022:16:08:54 +0800] 0:0:0:0:0:0:0:1 "OPTIONS /actual/division/machine/tree?ownId=6046564174925824&divisionId=6046564174925824&rootId=6046564174925824 HTTP/1.1" 200 (2 ms)
[02/Oct/2022:16:08:54 +0800] 0:0:0:0:0:0:0:1 "GET /actual/division/machine/tree?ownId=6046564174925824&divisionId=6046564174925824&rootId=6046564174925824 HTTP/1.1" 200 (16 ms)
[02/Oct/2022:16:08:55 +0800] 0:0:0:0:0:0:0:1 "GET /actual/division/machine/tree?ownId=6046564107816960&divisionId=6046564107816960&rootId=6046564107816960 HTTP/1.1" 200 (16 ms)
[02/Oct/2022:16:08:55 +0800] 0:0:0:0:0:0:0:1 "OPTIONS /actual/division/machine/tree?ownId=6046564049096704&divisionId=6046564049096704&rootId=6046564049096704 HTTP/1.1" 200 (2 ms)
[02/Oct/2022:16:08:55 +0800] 0:0:0:0:0:0:0:1 "GET /actual/division/machine/tree?ownId=6046564049096704&divisionId=6046564049096704&rootId=6046564049096704 HTTP/1.1" 200 (17 ms)
[02/Oct/2022:16:08:56 +0800] 0:0:0:0:0:0:0:1 "OPTIONS /actual/division/machine/tree?ownId=6046563981987840&divisionId=6046563981987840&rootId=6046563981987840 HTTP/1.1" 200 (3 ms)
[02/Oct/2022:16:08:56 +0800] 0:0:0:0:0:0:0:1 "GET /actual/division/machine/tree?ownId=6046563981987840&divisionId=6046563981987840&rootId=6046563981987840 HTTP/1.1" 200 (24 ms)
[02/Oct/2022:16:08:57 +0800] 0:0:0:0:0:0:0:1 "GET /actual/division/machine/tree?ownId=6046563906490368&divisionId=6046563906490368&rootId=6046563906490368 HTTP/1.1" 200 (18 ms)
[02/Oct/2022:16:08:58 +0800] 0:0:0:0:0:0:0:1 "GET /actual/division/machine/tree?ownId=6046563738718208&divisionId=6046563738718208&rootId=6046563738718208 HTTP/1.1" 200 (24 ms)
[02/Oct/2022:16:08:58 +0800] 0:0:0:0:0:0:0:1 "GET /actual/division/machine/tree?ownId=6046563654832128&divisionId=6046563654832128&rootId=6046563654832128 HTTP/1.1" 200 (16 ms)
[02/Oct/2022:16:09:00 +0800] 0:0:0:0:0:0:0:1 "GET /actual/division/machine/tree?ownId=6046563126349824&divisionId=6046563126349824&rootId=6046563126349824 HTTP/1.1" 200 (17 ms)
[02/Oct/2022:16:09:15 +0800] 0:0:0:0:0:0:0:1 "GET /dict/supplyunit/fetch HTTP/1.1" 200 (15 ms)
[02/Oct/2022:16:09:28 +0800] 0:0:0:0:0:0:0:1 "GET /home/project/tree?rootId=0 HTTP/1.1" 200 (27 ms)
[02/Oct/2022:16:09:28 +0800] 0:0:0:0:0:0:0:1 "GET /actual/division/tree2?ownId=0&projectId=2543997172191232 HTTP/1.1" 200 (75 ms)
[02/Oct/2022:16:09:29 +0800] 0:0:0:0:0:0:0:1 "GET /actual/division/machine/tree?ownId=2543997172191232&divisionId=2543997172191232&rootId=2543997172191232 HTTP/1.1" 200 (27 ms)
[02/Oct/2022:16:09:41 +0800] 0:0:0:0:0:0:0:1 "GET /actual/division/machine/tree?ownId=6046563126349824&divisionId=6046563126349824&rootId=6046563126349824 HTTP/1.1" 200 (34 ms)
[02/Oct/2022:16:09:50 +0800] 0:0:0:0:0:0:0:1 "GET /actual/division/machine/tree?ownId=6046563126349824&divisionId=6046563126349824&rootId=6046563126349824 HTTP/1.1" 200 (70 ms)
[02/Oct/2022:16:13:02 +0800] 0:0:0:0:0:0:0:1 "GET /home/project/tree?rootId=0 HTTP/1.1" 200 (43 ms)
[02/Oct/2022:16:13:02 +0800] 0:0:0:0:0:0:0:1 "GET /plan/division/tree2?ownId=0&projectId=2543997172191232 HTTP/1.1" 200 (53 ms)
[02/Oct/2022:16:13:02 +0800] 0:0:0:0:0:0:0:1 "GET /plan/division/machine/tree?ownId=2543997172191232&divisionId=2543997172191232&rootId=2543997172191232 HTTP/1.1" 200 (65 ms)
[02/Oct/2022:16:13:03 +0800] 0:0:0:0:0:0:0:1 "GET /plan/division/machine/tree?ownId=6046563126349824&divisionId=6046563126349824&rootId=6046563126349824 HTTP/1.1" 200 (32 ms)
[02/Oct/2022:16:13:14 +0800] 0:0:0:0:0:0:0:1 "GET /dict/subpackage/fetch HTTP/1.1" 200 (13 ms)
[02/Oct/2022:16:14:10 +0800] 0:0:0:0:0:0:0:1 "GET /home/project/tree?rootId=0 HTTP/1.1" 200 (40 ms)
[02/Oct/2022:16:14:10 +0800] 0:0:0:0:0:0:0:1 "GET /plan/division/tree2?ownId=0&projectId=2543997172191232 HTTP/1.1" 200 (72 ms)
[02/Oct/2022:16:14:10 +0800] 0:0:0:0:0:0:0:1 "GET /plan/division/machine/tree?ownId=2543997172191232&divisionId=2543997172191232&rootId=2543997172191232 HTTP/1.1" 200 (34 ms)
[02/Oct/2022:16:14:13 +0800] 0:0:0:0:0:0:0:1 "GET /plan/division/machine/tree?ownId=6046563126349824&divisionId=6046563126349824&rootId=6046563126349824 HTTP/1.1" 200 (38 ms)
[02/Oct/2022:16:14:21 +0800] 0:0:0:0:0:0:0:1 "GET /dict/supplyunit/fetch HTTP/1.1" 200 (11 ms)
[02/Oct/2022:16:14:22 +0800] 0:0:0:0:0:0:0:1 "OPTIONS /plan/division/machine/push HTTP/1.1" 200 (1 ms)
[02/Oct/2022:16:14:23 +0800] 0:0:0:0:0:0:0:1 "POST /plan/division/machine/push HTTP/1.1" 200 (462 ms)
[02/Oct/2022:16:14:25 +0800] 0:0:0:0:0:0:0:1 "OPTIONS /plan/division/machine/tree?ownId=6046564107816960&divisionId=6046564107816960&rootId=6046564107816960 HTTP/1.1" 200 (2 ms)
[02/Oct/2022:16:14:25 +0800] 0:0:0:0:0:0:0:1 "GET /plan/division/machine/tree?ownId=6046564107816960&divisionId=6046564107816960&rootId=6046564107816960 HTTP/1.1" 200 (44 ms)
[02/Oct/2022:16:14:29 +0800] 0:0:0:0:0:0:0:1 "GET /plan/division/machine/tree?ownId=6046563126349824&divisionId=6046563126349824&rootId=6046563126349824 HTTP/1.1" 200 (21 ms)
[02/Oct/2022:16:16:51 +0800] 0:0:0:0:0:0:0:1 "GET /home/project/tree?rootId=0 HTTP/1.1" 200 (1233 ms)
[02/Oct/2022:16:16:52 +0800] 0:0:0:0:0:0:0:1 "GET /plan/division/tree2?ownId=0&projectId=2543997172191232 HTTP/1.1" 200 (91 ms)
[02/Oct/2022:16:16:52 +0800] 0:0:0:0:0:0:0:1 "GET /plan/division/machine/tree?ownId=2543997172191232&divisionId=2543997172191232&rootId=2543997172191232 HTTP/1.1" 200 (56 ms)
[02/Oct/2022:16:16:56 +0800] 0:0:0:0:0:0:0:1 "GET /plan/division/machine/tree?ownId=6046563126349824&divisionId=6046563126349824&rootId=6046563126349824 HTTP/1.1" 200 (35 ms)
[02/Oct/2022:16:18:49 +0800] 0:0:0:0:0:0:0:1 "GET /home/project/tree?rootId=0 HTTP/1.1" 200 (1062 ms)
[02/Oct/2022:16:18:49 +0800] 0:0:0:0:0:0:0:1 "GET /plan/division/tree2?ownId=0&projectId=2543997172191232 HTTP/1.1" 200 (70 ms)
[02/Oct/2022:16:18:49 +0800] 0:0:0:0:0:0:0:1 "GET /plan/division/machine/tree?ownId=2543997172191232&divisionId=2543997172191232&rootId=2543997172191232 HTTP/1.1" 200 (64 ms)
[02/Oct/2022:16:18:51 +0800] 0:0:0:0:0:0:0:1 "GET /plan/division/machine/tree?ownId=6046563126349824&divisionId=6046563126349824&rootId=6046563126349824 HTTP/1.1" 200 (38 ms)
[02/Oct/2022:16:19:16 +0800] 0:0:0:0:0:0:0:1 "GET /home/project/tree?rootId=0 HTTP/1.1" 200 (47 ms)
[02/Oct/2022:16:19:16 +0800] 0:0:0:0:0:0:0:1 "GET /actual/division/tree2?ownId=0&projectId=2543997172191232 HTTP/1.1" 200 (66 ms)
[02/Oct/2022:16:19:17 +0800] 0:0:0:0:0:0:0:1 "GET /actual/division/machine/tree?ownId=2543997172191232&divisionId=2543997172191232&rootId=2543997172191232 HTTP/1.1" 200 (30 ms)
[02/Oct/2022:16:19:20 +0800] 0:0:0:0:0:0:0:1 "GET /actual/division/machine/tree?ownId=6046563126349824&divisionId=6046563126349824&rootId=6046563126349824 HTTP/1.1" 200 (27 ms)
[02/Oct/2022:16:21:51 +0800] 0:0:0:0:0:0:0:1 "OPTIONS /home/project/tree?rootId=0 HTTP/1.1" 200 (127 ms)
[02/Oct/2022:16:21:51 +0800] 0:0:0:0:0:0:0:1 "GET /home/project/tree?rootId=0 HTTP/1.1" 200 (940 ms)
[02/Oct/2022:16:21:52 +0800] 0:0:0:0:0:0:0:1 "OPTIONS /actual/division/tree2?ownId=0&projectId=2543997172191232 HTTP/1.1" 200 (1 ms)
[02/Oct/2022:16:21:52 +0800] 0:0:0:0:0:0:0:1 "GET /actual/division/tree2?ownId=0&projectId=2543997172191232 HTTP/1.1" 200 (79 ms)
[02/Oct/2022:16:21:52 +0800] 0:0:0:0:0:0:0:1 "OPTIONS /actual/division/machine/tree?ownId=2543997172191232&divisionId=2543997172191232&rootId=2543997172191232 HTTP/1.1" 200 (3 ms)
[02/Oct/2022:16:21:52 +0800] 0:0:0:0:0:0:0:1 "GET /actual/division/machine/tree?ownId=2543997172191232&divisionId=2543997172191232&rootId=2543997172191232 HTTP/1.1" 500 (78 ms)
[02/Oct/2022:16:26:55 +0800] 0:0:0:0:0:0:0:1 "GET /home/project/tree?rootId=0 HTTP/1.1" 200 (1089 ms)
[02/Oct/2022:16:26:55 +0800] 0:0:0:0:0:0:0:1 "GET /actual/division/tree2?ownId=0&projectId=2543997172191232 HTTP/1.1" 200 (68 ms)
[02/Oct/2022:16:26:56 +0800] 0:0:0:0:0:0:0:1 "GET /actual/division/machine/tree?ownId=2543997172191232&divisionId=2543997172191232&rootId=2543997172191232 HTTP/1.1" 200 (51 ms)
[02/Oct/2022:16:26:58 +0800] 0:0:0:0:0:0:0:1 "OPTIONS /actual/division/machine/tree?ownId=6046563126349824&divisionId=6046563126349824&rootId=6046563126349824 HTTP/1.1" 200 (8 ms)
[02/Oct/2022:16:26:58 +0800] 0:0:0:0:0:0:0:1 "GET /actual/division/machine/tree?ownId=6046563126349824&divisionId=6046563126349824&rootId=6046563126349824 HTTP/1.1" 200 (29 ms)
[02/Oct/2022:16:27:05 +0800] 0:0:0:0:0:0:0:1 "GET /home/project/tree?rootId=0 HTTP/1.1" 200 (61 ms)
[02/Oct/2022:16:27:05 +0800] 0:0:0:0:0:0:0:1 "OPTIONS /plan/division/tree2?ownId=0&projectId=2543997172191232 HTTP/1.1" 200 (1 ms)
[02/Oct/2022:16:27:06 +0800] 0:0:0:0:0:0:0:1 "GET /plan/division/tree2?ownId=0&projectId=2543997172191232 HTTP/1.1" 200 (67 ms)
[02/Oct/2022:16:27:06 +0800] 0:0:0:0:0:0:0:1 "OPTIONS /plan/division/machine/tree?ownId=2543997172191232&divisionId=2543997172191232&rootId=2543997172191232 HTTP/1.1" 200 (1 ms)
[02/Oct/2022:16:27:06 +0800] 0:0:0:0:0:0:0:1 "GET /plan/division/machine/tree?ownId=2543997172191232&divisionId=2543997172191232&rootId=2543997172191232 HTTP/1.1" 200 (39 ms)
[02/Oct/2022:16:27:07 +0800] 0:0:0:0:0:0:0:1 "OPTIONS /plan/division/machine/tree?ownId=6046563126349824&divisionId=6046563126349824&rootId=6046563126349824 HTTP/1.1" 200 (2 ms)
[02/Oct/2022:16:27:07 +0800] 0:0:0:0:0:0:0:1 "GET /plan/division/machine/tree?ownId=6046563126349824&divisionId=6046563126349824&rootId=6046563126349824 HTTP/1.1" 200 (33 ms)
[02/Oct/2022:16:27:23 +0800] 0:0:0:0:0:0:0:1 "OPTIONS /dict/supplyunit/fetch?rootId=0 HTTP/1.1" 200 (2 ms)
[02/Oct/2022:16:27:23 +0800] 0:0:0:0:0:0:0:1 "GET /dict/supplyunit/fetch?rootId=0 HTTP/1.1" 200 (16 ms)
[02/Oct/2022:16:27:24 +0800] 0:0:0:0:0:0:0:1 "OPTIONS /home/project/fetch/?supplyUnitId=7554866209755136 HTTP/1.1" 200 (2 ms)
[02/Oct/2022:16:27:24 +0800] 0:0:0:0:0:0:0:1 "GET /home/project/fetch/?supplyUnitId=7554866209755136 HTTP/1.1" 200 (38 ms)
[02/Oct/2022:16:27:24 +0800] 0:0:0:0:0:0:0:1 "OPTIONS /report/supplyunit/tree2?supplyUnitId=7554866209755136&projectId=2543997172191232 HTTP/1.1" 200 (2 ms)
[02/Oct/2022:16:27:24 +0800] 0:0:0:0:0:0:0:1 "GET /report/supplyunit/tree2?supplyUnitId=7554866209755136&projectId=2543997172191232 HTTP/1.1" 200 (121 ms)
[02/Oct/2022:16:27:25 +0800] 0:0:0:0:0:0:0:1 "GET /home/project/fetch/?supplyUnitId=7554866209755136 HTTP/1.1" 200 (25 ms)
[02/Oct/2022:16:27:25 +0800] 0:0:0:0:0:0:0:1 "GET /report/supplyunit/tree2?supplyUnitId=7554866209755136&projectId=2543997172191232 HTTP/1.1" 200 (107 ms)
[02/Oct/2022:16:28:24 +0800] 0:0:0:0:0:0:0:1 "GET /home/project/tree?rootId=0 HTTP/1.1" 200 (59 ms)
[02/Oct/2022:16:28:24 +0800] 0:0:0:0:0:0:0:1 "GET /plan/division/tree2?ownId=0&projectId=2543997172191232 HTTP/1.1" 200 (52 ms)
[02/Oct/2022:16:28:25 +0800] 0:0:0:0:0:0:0:1 "GET /plan/division/machine/tree?ownId=2543997172191232&divisionId=2543997172191232&rootId=2543997172191232 HTTP/1.1" 200 (56 ms)
[02/Oct/2022:16:30:10 +0800] 0:0:0:0:0:0:0:1 "GET /home/project/tree?rootId=0 HTTP/1.1" 200 (36 ms)
[02/Oct/2022:16:30:11 +0800] 0:0:0:0:0:0:0:1 "GET /plan/division/tree2?ownId=0&projectId=2543997172191232 HTTP/1.1" 200 (65 ms)
[02/Oct/2022:16:30:11 +0800] 0:0:0:0:0:0:0:1 "GET /plan/division/machine/tree?ownId=2543997172191232&divisionId=2543997172191232&rootId=2543997172191232 HTTP/1.1" 200 (29 ms)
[02/Oct/2022:16:30:12 +0800] 0:0:0:0:0:0:0:1 "GET /plan/division/machine/tree?ownId=6046563126349824&divisionId=6046563126349824&rootId=6046563126349824 HTTP/1.1" 200 (28 ms)
[02/Oct/2022:16:30:19 +0800] 0:0:0:0:0:0:0:1 "GET /home/project/tree?rootId=0 HTTP/1.1" 200 (25 ms)
[02/Oct/2022:16:30:19 +0800] 0:0:0:0:0:0:0:1 "OPTIONS /budget/division/tree2?ownId=0&projectId=2543997172191232 HTTP/1.1" 200 (2 ms)
[02/Oct/2022:16:30:19 +0800] 0:0:0:0:0:0:0:1 "GET /budget/division/tree2?ownId=0&projectId=2543997172191232 HTTP/1.1" 200 (57 ms)
[02/Oct/2022:16:30:20 +0800] 0:0:0:0:0:0:0:1 "OPTIONS /budget/division/machine/tree?ownId=2543997172191232&divisionId=2543997172191232&rootId=2543997172191232 HTTP/1.1" 200 (1 ms)
[02/Oct/2022:16:30:20 +0800] 0:0:0:0:0:0:0:1 "GET /budget/division/machine/tree?ownId=2543997172191232&divisionId=2543997172191232&rootId=2543997172191232 HTTP/1.1" 200 (30 ms)
[02/Oct/2022:16:31:05 +0800] 0:0:0:0:0:0:0:1 "OPTIONS /budget/division/machine/tree?ownId=6046563126349824&divisionId=6046563126349824&rootId=6046563126349824 HTTP/1.1" 200 (2 ms)
[02/Oct/2022:16:31:05 +0800] 0:0:0:0:0:0:0:1 "GET /budget/division/machine/tree?ownId=6046563126349824&divisionId=6046563126349824&rootId=6046563126349824 HTTP/1.1" 200 (18 ms)
[02/Oct/2022:16:31:07 +0800] 0:0:0:0:0:0:0:1 "OPTIONS /budget/division/machine/tree?ownId=6046562497204224&divisionId=6046562497204224&rootId=6046562497204224 HTTP/1.1" 200 (2 ms)
[02/Oct/2022:16:31:07 +0800] 0:0:0:0:0:0:0:1 "GET /budget/division/machine/tree?ownId=6046562497204224&divisionId=6046562497204224&rootId=6046562497204224 HTTP/1.1" 200 (15 ms)
[02/Oct/2022:16:33:00 +0800] 0:0:0:0:0:0:0:1 "GET /budget/division/machine/tree?ownId=6046562497204224&divisionId=6046562497204224&rootId=6046562497204224 HTTP/1.1" 200 (22 ms)
[02/Oct/2022:16:33:02 +0800] 0:0:0:0:0:0:0:1 "OPTIONS /budget/division/push HTTP/1.1" 200 (1 ms)
[02/Oct/2022:16:33:03 +0800] 0:0:0:0:0:0:0:1 "POST /budget/division/push HTTP/1.1" 200 (478 ms)
[02/Oct/2022:16:39:44 +0800] 0:0:0:0:0:0:0:1 "GET /budget/division/machine/tree?ownId=6046563126349824&divisionId=6046563126349824&rootId=6046563126349824 HTTP/1.1" 200 (22 ms)
[02/Oct/2022:16:39:48 +0800] 0:0:0:0:0:0:0:1 "OPTIONS /budget/division/machine/tree?ownId=6046563206041600&divisionId=6046563206041600&rootId=6046563206041600 HTTP/1.1" 200 (3 ms)
[02/Oct/2022:16:39:48 +0800] 0:0:0:0:0:0:0:1 "GET /budget/division/machine/tree?ownId=6046563206041600&divisionId=6046563206041600&rootId=6046563206041600 HTTP/1.1" 200 (13 ms)
[02/Oct/2022:16:39:50 +0800] 0:0:0:0:0:0:0:1 "OPTIONS /budget/division/machine/tree?ownId=6046564107816960&divisionId=6046564107816960&rootId=6046564107816960 HTTP/1.1" 200 (1 ms)
[02/Oct/2022:16:39:50 +0800] 0:0:0:0:0:0:0:1 "GET /budget/division/machine/tree?ownId=6046564107816960&divisionId=6046564107816960&rootId=6046564107816960 HTTP/1.1" 200 (16 ms)
[02/Oct/2022:16:39:51 +0800] 0:0:0:0:0:0:0:1 "OPTIONS /budget/division/machine/tree?ownId=6046564174925824&divisionId=6046564174925824&rootId=6046564174925824 HTTP/1.1" 200 (0 ms)
[02/Oct/2022:16:39:51 +0800] 0:0:0:0:0:0:0:1 "GET /budget/division/machine/tree?ownId=6046564174925824&divisionId=6046564174925824&rootId=6046564174925824 HTTP/1.1" 200 (14 ms)
[02/Oct/2022:16:39:51 +0800] 0:0:0:0:0:0:0:1 "GET /budget/division/machine/tree?ownId=6046564107816960&divisionId=6046564107816960&rootId=6046564107816960 HTTP/1.1" 200 (17 ms)
[02/Oct/2022:16:39:52 +0800] 0:0:0:0:0:0:0:1 "OPTIONS /budget/division/machine/tree?ownId=6046564049096704&divisionId=6046564049096704&rootId=6046564049096704 HTTP/1.1" 200 (1 ms)
[02/Oct/2022:16:39:52 +0800] 0:0:0:0:0:0:0:1 "GET /budget/division/machine/tree?ownId=6046564049096704&divisionId=6046564049096704&rootId=6046564049096704 HTTP/1.1" 200 (15 ms)
[02/Oct/2022:16:39:53 +0800] 0:0:0:0:0:0:0:1 "GET /budget/division/machine/tree?ownId=6046562497204224&divisionId=6046562497204224&rootId=6046562497204224 HTTP/1.1" 200 (15 ms)
[02/Oct/2022:16:39:56 +0800] 0:0:0:0:0:0:0:1 "GET /budget/division/machine/tree?ownId=6046563126349824&divisionId=6046563126349824&rootId=6046563126349824 HTTP/1.1" 200 (15 ms)
[02/Oct/2022:16:40:13 +0800] 0:0:0:0:0:0:0:1 "GET /budget/division/machine/tree?ownId=6046562497204224&divisionId=6046562497204224&rootId=6046562497204224 HTTP/1.1" 200 (14 ms)
[02/Oct/2022:16:40:13 +0800] 0:0:0:0:0:0:0:1 "GET /budget/division/machine/tree?ownId=2543997172191232&divisionId=2543997172191232&rootId=2543997172191232 HTTP/1.1" 200 (13 ms)
[02/Oct/2022:16:40:14 +0800] 0:0:0:0:0:0:0:1 "GET /budget/division/machine/tree?ownId=6046562497204224&divisionId=6046562497204224&rootId=6046562497204224 HTTP/1.1" 200 (14 ms)
[02/Oct/2022:16:40:14 +0800] 0:0:0:0:0:0:0:1 "GET /budget/division/machine/tree?ownId=6046563126349824&divisionId=6046563126349824&rootId=6046563126349824 HTTP/1.1" 200 (15 ms)
[02/Oct/2022:16:40:16 +0800] 0:0:0:0:0:0:0:1 "OPTIONS /budget/division/tree2?ownId=0&projectId=3 HTTP/1.1" 200 (1 ms)
[02/Oct/2022:16:40:16 +0800] 0:0:0:0:0:0:0:1 "GET /budget/division/tree2?ownId=0&projectId=3 HTTP/1.1" 200 (33 ms)
[02/Oct/2022:16:40:16 +0800] 0:0:0:0:0:0:0:1 "OPTIONS /budget/division/machine/tree?ownId=13&divisionId=13&rootId=13 HTTP/1.1" 200 (1 ms)
[02/Oct/2022:16:40:16 +0800] 0:0:0:0:0:0:0:1 "OPTIONS /budget/division/machine/tree?ownId=3&divisionId=3&rootId=3 HTTP/1.1" 200 (1 ms)
[02/Oct/2022:16:40:16 +0800] 0:0:0:0:0:0:0:1 "GET /budget/division/machine/tree?ownId=13&divisionId=13&rootId=13 HTTP/1.1" 200 (20 ms)
[02/Oct/2022:16:40:16 +0800] 0:0:0:0:0:0:0:1 "GET /budget/division/machine/tree?ownId=3&divisionId=3&rootId=3 HTTP/1.1" 200 (21 ms)
[02/Oct/2022:16:40:17 +0800] 0:0:0:0:0:0:0:1 "GET /budget/division/tree2?ownId=0&projectId=2543997172191232 HTTP/1.1" 200 (36 ms)
[02/Oct/2022:16:40:18 +0800] 0:0:0:0:0:0:0:1 "GET /budget/division/machine/tree?ownId=2543997172191232&divisionId=2543997172191232&rootId=2543997172191232 HTTP/1.1" 200 (20 ms)
[02/Oct/2022:16:40:19 +0800] 0:0:0:0:0:0:0:1 "GET /budget/division/machine/tree?ownId=6046563126349824&divisionId=6046563126349824&rootId=6046563126349824 HTTP/1.1" 200 (18 ms)
[02/Oct/2022:16:48:35 +0800] 0:0:0:0:0:0:0:1 "GET /budget/division/machine/tree?ownId=6046562497204224&divisionId=6046562497204224&rootId=6046562497204224 HTTP/1.1" 200 (852 ms)
[02/Oct/2022:16:48:47 +0800] 0:0:0:0:0:0:0:1 "OPTIONS /budget/division/machine/tree?ownId=6046563906490368&divisionId=6046563906490368&rootId=6046563906490368 HTTP/1.1" 200 (5 ms)
[02/Oct/2022:16:48:47 +0800] 0:0:0:0:0:0:0:1 "GET /budget/division/machine/tree?ownId=6046563906490368&divisionId=6046563906490368&rootId=6046563906490368 HTTP/1.1" 200 (19 ms)
[02/Oct/2022:16:48:57 +0800] 0:0:0:0:0:0:0:1 "GET /budget/division/machine/tree?ownId=6046562497204224&divisionId=6046562497204224&rootId=6046562497204224 HTTP/1.1" 200 (18 ms)
[02/Oct/2022:16:48:59 +0800] 0:0:0:0:0:0:0:1 "POST /budget/division/push HTTP/1.1" 200 (442 ms)
[02/Oct/2022:16:49:07 +0800] 0:0:0:0:0:0:0:1 "GET /home/project/tree?rootId=0 HTTP/1.1" 200 (69 ms)
[02/Oct/2022:16:49:07 +0800] 0:0:0:0:0:0:0:1 "GET /budget/division/tree2?ownId=0&projectId=2543997172191232 HTTP/1.1" 200 (82 ms)
[02/Oct/2022:16:49:07 +0800] 0:0:0:0:0:0:0:1 "GET /budget/division/machine/tree?ownId=2543997172191232&divisionId=2543997172191232&rootId=2543997172191232 HTTP/1.1" 200 (24 ms)
[02/Oct/2022:16:49:15 +0800] 0:0:0:0:0:0:0:1 "GET /budget/division/machine/tree?ownId=6046562497204224&divisionId=6046562497204224&rootId=6046562497204224 HTTP/1.1" 200 (20 ms)
[02/Oct/2022:16:49:17 +0800] 0:0:0:0:0:0:0:1 "POST /budget/division/push HTTP/1.1" 200 (332 ms)
[02/Oct/2022:16:49:18 +0800] 0:0:0:0:0:0:0:1 "GET /budget/division/machine/tree?ownId=6046562497204224&divisionId=6046562497204224&rootId=6046562497204224 HTTP/1.1" 200 (22 ms)
[02/Oct/2022:16:49:19 +0800] 0:0:0:0:0:0:0:1 "POST /budget/division/push HTTP/1.1" 200 (21 ms)
[02/Oct/2022:16:50:12 +0800] 0:0:0:0:0:0:0:1 "GET /dict/supplyunit/fetch?rootId=0 HTTP/1.1" 200 (28 ms)
[02/Oct/2022:16:50:12 +0800] 0:0:0:0:0:0:0:1 "GET /home/project/fetch/?supplyUnitId=7554866209755136 HTTP/1.1" 200 (45 ms)
[02/Oct/2022:16:50:12 +0800] 0:0:0:0:0:0:0:1 "GET /report/supplyunit/tree2?supplyUnitId=7554866209755136&projectId=2543997172191232 HTTP/1.1" 200 (128 ms)
[02/Oct/2022:18:24:22 +0800] 0:0:0:0:0:0:0:1 "OPTIONS /dict/supplyunit/fetch?rootId=0 HTTP/1.1" 200 (2 ms)
[02/Oct/2022:18:24:22 +0800] 0:0:0:0:0:0:0:1 "GET /dict/supplyunit/fetch?rootId=0 HTTP/1.1" 200 (59 ms)
[02/Oct/2022:18:24:22 +0800] 0:0:0:0:0:0:0:1 "OPTIONS /home/project/fetch/?supplyUnitId=7554866209755136 HTTP/1.1" 200 (2 ms)
[02/Oct/2022:18:24:22 +0800] 0:0:0:0:0:0:0:1 "GET /home/project/fetch/?supplyUnitId=7554866209755136 HTTP/1.1" 200 (28 ms)
[02/Oct/2022:18:24:22 +0800] 0:0:0:0:0:0:0:1 "OPTIONS /report/supplyunit/tree2?supplyUnitId=7554866209755136&projectId=2543997172191232 HTTP/1.1" 200 (1 ms)
[02/Oct/2022:18:24:22 +0800] 0:0:0:0:0:0:0:1 "GET /report/supplyunit/tree2?supplyUnitId=7554866209755136&projectId=2543997172191232 HTTP/1.1" 200 (116 ms)
[02/Oct/2022:18:37:36 +0800] 0:0:0:0:0:0:0:1 "OPTIONS /system/users/token HTTP/1.1" 200 (2 ms)
[02/Oct/2022:18:37:37 +0800] 0:0:0:0:0:0:0:1 "POST /system/users/token HTTP/1.1" 200 (440 ms)
[02/Oct/2022:18:40:39 +0800] 0:0:0:0:0:0:0:1 "POST /system/users/token HTTP/1.1" 200 (348 ms)
[02/Oct/2022:18:40:52 +0800] 0:0:0:0:0:0:0:1 "POST /system/users/token HTTP/1.1" 200 (442 ms)
[02/Oct/2022:18:42:01 +0800] 0:0:0:0:0:0:0:1 "POST /system/users/token HTTP/1.1" 200 (343 ms)
[02/Oct/2022:18:45:53 +0800] 0:0:0:0:0:0:0:1 "POST /system/users/token HTTP/1.1" 200 (148 ms)
[02/Oct/2022:18:46:53 +0800] 0:0:0:0:0:0:0:1 "POST /system/users/token HTTP/1.1" 200 (355 ms)
[02/Oct/2022:18:48:11 +0800] 0:0:0:0:0:0:0:1 "POST /system/users/token HTTP/1.1" 200 (350 ms)
[02/Oct/2022:18:49:08 +0800] 0:0:0:0:0:0:0:1 "POST /system/users/token HTTP/1.1" 200 (422 ms)
[02/Oct/2022:18:49:16 +0800] 0:0:0:0:0:0:0:1 "POST /system/users/token HTTP/1.1" 200 (143 ms)
[02/Oct/2022:18:49:16 +0800] 0:0:0:0:0:0:0:1 "OPTIONS /system/index/getmenu HTTP/1.1" 200 (1 ms)
[02/Oct/2022:18:49:16 +0800] 0:0:0:0:0:0:0:1 "GET /system/index/getmenu HTTP/1.1" 200 (94 ms)
[02/Oct/2022:18:49:16 +0800] 0:0:0:0:0:0:0:1 "OPTIONS /home/project/fetch/?ownId=0 HTTP/1.1" 200 (2 ms)
[02/Oct/2022:18:49:16 +0800] 0:0:0:0:0:0:0:1 "GET /home/project/fetch/?ownId=0 HTTP/1.1" 200 (37 ms)
[02/Oct/2022:18:49:34 +0800] 0:0:0:0:0:0:0:1 "OPTIONS /system/role/fetch?rootId=0 HTTP/1.1" 200 (1 ms)
[02/Oct/2022:18:49:34 +0800] 0:0:0:0:0:0:0:1 "GET /system/role/fetch?rootId=0 HTTP/1.1" 200 (22 ms)
[02/Oct/2022:18:49:34 +0800] 0:0:0:0:0:0:0:1 "OPTIONS /system/author/menu?roleId=1 HTTP/1.1" 200 (1 ms)
[02/Oct/2022:18:49:34 +0800] 0:0:0:0:0:0:0:1 "GET /system/author/menu?roleId=1 HTTP/1.1" 200 (19 ms)
[02/Oct/2022:18:49:38 +0800] 0:0:0:0:0:0:0:1 "OPTIONS /system/role/pushauthor?roleId=1 HTTP/1.1" 200 (2 ms)
[02/Oct/2022:18:49:38 +0800] 0:0:0:0:0:0:0:1 "POST /system/role/pushauthor?roleId=1 HTTP/1.1" 200 (347 ms)
[02/Oct/2022:18:49:39 +0800] 0:0:0:0:0:0:0:1 "POST /system/role/pushauthor?roleId=1 HTTP/1.1" 200 (19 ms)
[02/Oct/2022:18:49:41 +0800] 0:0:0:0:0:0:0:1 "POST /system/role/pushauthor?roleId=1 HTTP/1.1" 200 (22 ms)
[02/Oct/2022:18:49:42 +0800] 0:0:0:0:0:0:0:1 "POST /system/role/pushauthor?roleId=1 HTTP/1.1" 200 (20 ms)
[02/Oct/2022:18:49:55 +0800] 0:0:0:0:0:0:0:1 "POST /system/users/token HTTP/1.1" 200 (319 ms)
[02/Oct/2022:18:49:55 +0800] 0:0:0:0:0:0:0:1 "GET /system/index/getmenu HTTP/1.1" 200 (11 ms)
[02/Oct/2022:18:49:55 +0800] 0:0:0:0:0:0:0:1 "GET /home/project/fetch/?ownId=0 HTTP/1.1" 200 (29 ms)
[02/Oct/2022:18:49:59 +0800] 0:0:0:0:0:0:0:1 "OPTIONS /dict/materials/fetch?rootId=0 HTTP/1.1" 200 (8 ms)
[02/Oct/2022:18:49:59 +0800] 0:0:0:0:0:0:0:1 "GET /dict/materials/fetch?rootId=0 HTTP/1.1" 404 (30 ms)
[02/Oct/2022:18:50:14 +0800] 0:0:0:0:0:0:0:1 "GET /dict/materials/fetch?rootId=0 HTTP/1.1" 404 (13 ms)
[02/Oct/2022:18:50:26 +0800] 0:0:0:0:0:0:0:1 "GET /dict/materials/fetch?rootId=0 HTTP/1.1" 404 (62 ms)
[02/Oct/2022:18:51:25 +0800] 0:0:0:0:0:0:0:1 "GET /dict/materials/fetch?rootId=0 HTTP/1.1" 200 (110 ms)
[02/Oct/2022:18:51:37 +0800] 0:0:0:0:0:0:0:1 "GET /dict/materials/fetch?rootId=0 HTTP/1.1" 200 (1323 ms)
[02/Oct/2022:18:52:23 +0800] 0:0:0:0:0:0:0:1 "GET /dict/materials/fetch?rootId=0 HTTP/1.1" 200 (27 ms)
[02/Oct/2022:18:52:37 +0800] 0:0:0:0:0:0:0:1 "OPTIONS /dict/materials/push HTTP/1.1" 200 (4 ms)
[02/Oct/2022:18:52:38 +0800] 0:0:0:0:0:0:0:1 "POST /dict/materials/push HTTP/1.1" 500 (149 ms)
[02/Oct/2022:19:03:13 +0800] 0:0:0:0:0:0:0:1 "GET /dict/materials/fetch?rootId=0 HTTP/1.1" 200 (1150 ms)
[02/Oct/2022:19:03:18 +0800] 0:0:0:0:0:0:0:1 "POST /dict/materials/push HTTP/1.1" 500 (140 ms)
[02/Oct/2022:19:11:07 +0800] 0:0:0:0:0:0:0:1 "GET /dict/materials/fetch?rootId=0 HTTP/1.1" 200 (1196 ms)
[02/Oct/2022:19:11:10 +0800] 0:0:0:0:0:0:0:1 "POST /dict/materials/push HTTP/1.1" 200 (399 ms)
[02/Oct/2022:19:11:14 +0800] 0:0:0:0:0:0:0:1 "POST /dict/materials/push HTTP/1.1" 200 (27 ms)
[02/Oct/2022:19:11:17 +0800] 0:0:0:0:0:0:0:1 "POST /dict/materials/push HTTP/1.1" 200 (23 ms)
[02/Oct/2022:19:11:19 +0800] 0:0:0:0:0:0:0:1 "POST /dict/materials/push HTTP/1.1" 200 (18 ms)
[02/Oct/2022:19:17:00 +0800] 0:0:0:0:0:0:0:1 "POST /dict/materials/push HTTP/1.1" 200 (1282 ms)
[02/Oct/2022:19:17:13 +0800] 0:0:0:0:0:0:0:1 "GET /dict/materials/fetch?rootId=0 HTTP/1.1" 200 (102 ms)
[02/Oct/2022:19:17:22 +0800] 0:0:0:0:0:0:0:1 "POST /dict/materials/push HTTP/1.1" 200 (142 ms)
[02/Oct/2022:19:17:26 +0800] 0:0:0:0:0:0:0:1 "POST /dict/materials/push HTTP/1.1" 200 (27 ms)
[02/Oct/2022:19:17:27 +0800] 0:0:0:0:0:0:0:1 "POST /dict/materials/push HTTP/1.1" 200 (19 ms)
[02/Oct/2022:19:17:36 +0800] 0:0:0:0:0:0:0:1 "GET /dict/materials/fetch?rootId=0 HTTP/1.1" 200 (66 ms)
[02/Oct/2022:19:20:04 +0800] 0:0:0:0:0:0:0:1 "POST /dict/materials/push HTTP/1.1" 200 (72942 ms)
[02/Oct/2022:19:20:27 +0800] 0:0:0:0:0:0:0:1 "OPTIONS /dict/materials/fetch?rootId=0 HTTP/1.1" 200 (7 ms)
[02/Oct/2022:19:20:27 +0800] 0:0:0:0:0:0:0:1 "GET /dict/materials/fetch?rootId=0 HTTP/1.1" 200 (27 ms)
[02/Oct/2022:19:20:59 +0800] 0:0:0:0:0:0:0:1 "POST /dict/materials/push HTTP/1.1" 200 (314 ms)
[02/Oct/2022:19:21:00 +0800] 0:0:0:0:0:0:0:1 "POST /dict/materials/push HTTP/1.1" 200 (13 ms)
