[15/Sep/2022:06:31:11 +0800] 0:0:0:0:0:0:0:1 "POST /system/token HTTP/1.1" 200 (181 ms)
[15/Sep/2022:06:31:11 +0800] 0:0:0:0:0:0:0:1 "GET /system/menu HTTP/1.1" 200 (121 ms)
[15/Sep/2022:06:31:13 +0800] 0:0:0:0:0:0:0:1 "GET /project/fetch?ownId=0 HTTP/1.1" 200 (1597 ms)
[15/Sep/2022:06:31:19 +0800] 0:0:0:0:0:0:0:1 "GET /project/tree?rootId=0 HTTP/1.1" 200 (41 ms)
[15/Sep/2022:06:31:19 +0800] 0:0:0:0:0:0:0:1 "GET /budget/division/tree?rootId=&projectId=3 HTTP/1.1" 200 (136 ms)
[15/Sep/2022:08:23:07 +0800] 0:0:0:0:0:0:0:1 "GET /budget/division/tree?rootId=&projectId=3 HTTP/1.1" 200 (137 ms)
[15/Sep/2022:08:23:08 +0800] 0:0:0:0:0:0:0:1 "GET /budget/division/tree?rootId=&projectId=3 HTTP/1.1" 200 (24 ms)
[15/Sep/2022:09:01:09 +0800] 0:0:0:0:0:0:0:1 "GET /project/fetch?ownId=0 HTTP/1.1" 200 (136 ms)
[15/Sep/2022:09:01:09 +0800] 0:0:0:0:0:0:0:1 "GET /project/tree?ownId=3&rootId=3 HTTP/1.1" 200 (23 ms)
[15/Sep/2022:09:01:12 +0800] 0:0:0:0:0:0:0:1 "GET /project/tree?ownId=2&rootId=2 HTTP/1.1" 200 (28 ms)
[15/Sep/2022:09:02:46 +0800] 0:0:0:0:0:0:0:1 "GET /project/tree?rootId=0 HTTP/1.1" 200 (53 ms)
[15/Sep/2022:09:02:46 +0800] 0:0:0:0:0:0:0:1 "GET /budget/division/tree?rootId=&projectId=3 HTTP/1.1" 200 (30 ms)
[15/Sep/2022:09:18:27 +0800] 0:0:0:0:0:0:0:1 "GET /budget/division/tree?rootId=&projectId=13 HTTP/1.1" 200 (25 ms)
[15/Sep/2022:09:18:29 +0800] 0:0:0:0:0:0:0:1 "GET /budget/division/tree?rootId=&projectId=3 HTTP/1.1" 200 (33 ms)
[15/Sep/2022:09:18:30 +0800] 0:0:0:0:0:0:0:1 "GET /budget/division/tree?rootId=&projectId=3 HTTP/1.1" 200 (23 ms)
[15/Sep/2022:09:18:54 +0800] 0:0:0:0:0:0:0:1 "GET /budget/division/tree?rootId=&projectId=13 HTTP/1.1" 200 (17 ms)
[15/Sep/2022:09:18:56 +0800] 0:0:0:0:0:0:0:1 "GET /budget/division/tree?rootId=&projectId=13 HTTP/1.1" 200 (15 ms)
[15/Sep/2022:09:18:57 +0800] 0:0:0:0:0:0:0:1 "GET /budget/division/tree?rootId=&projectId=13 HTTP/1.1" 200 (17 ms)
[15/Sep/2022:09:18:58 +0800] 0:0:0:0:0:0:0:1 "GET /budget/division/tree?rootId=&projectId=13 HTTP/1.1" 200 (15 ms)
[15/Sep/2022:09:19:08 +0800] 0:0:0:0:0:0:0:1 "GET /budget/division/tree?rootId=&projectId=13 HTTP/1.1" 200 (21 ms)
[15/Sep/2022:09:19:10 +0800] 0:0:0:0:0:0:0:1 "GET /budget/division/tree?rootId=&projectId=3 HTTP/1.1" 200 (19 ms)
[15/Sep/2022:09:19:11 +0800] 0:0:0:0:0:0:0:1 "GET /budget/division/tree?rootId=&projectId=3 HTTP/1.1" 200 (20 ms)
[15/Sep/2022:09:19:13 +0800] 0:0:0:0:0:0:0:1 "GET /budget/division/tree?rootId=&projectId=13 HTTP/1.1" 200 (13 ms)
[15/Sep/2022:09:19:14 +0800] 0:0:0:0:0:0:0:1 "GET /budget/division/tree?rootId=&projectId=3 HTTP/1.1" 200 (21 ms)
[15/Sep/2022:09:19:15 +0800] 0:0:0:0:0:0:0:1 "GET /budget/division/tree?rootId=&projectId=3 HTTP/1.1" 200 (19 ms)
[15/Sep/2022:09:19:16 +0800] 0:0:0:0:0:0:0:1 "GET /budget/division/tree?rootId=&projectId=3 HTTP/1.1" 200 (21 ms)
[15/Sep/2022:09:19:33 +0800] 0:0:0:0:0:0:0:1 "GET /budget/division/tree?rootId=&projectId=13 HTTP/1.1" 200 (15 ms)
[15/Sep/2022:09:19:38 +0800] 0:0:0:0:0:0:0:1 "GET /budget/division/tree?rootId=&projectId=3 HTTP/1.1" 200 (23 ms)
[15/Sep/2022:09:19:39 +0800] 0:0:0:0:0:0:0:1 "GET /budget/division/tree?rootId=&projectId=3 HTTP/1.1" 200 (19 ms)
[15/Sep/2022:09:19:42 +0800] 0:0:0:0:0:0:0:1 "GET /budget/division/tree?rootId=&projectId=13 HTTP/1.1" 200 (17 ms)
[15/Sep/2022:09:19:43 +0800] 0:0:0:0:0:0:0:1 "GET /budget/division/tree?rootId=&projectId=13 HTTP/1.1" 200 (14 ms)
[15/Sep/2022:09:19:44 +0800] 0:0:0:0:0:0:0:1 "GET /budget/division/tree?rootId=&projectId=13 HTTP/1.1" 200 (13 ms)
[15/Sep/2022:09:19:45 +0800] 0:0:0:0:0:0:0:1 "GET /budget/division/tree?rootId=&projectId=13 HTTP/1.1" 200 (14 ms)
[15/Sep/2022:09:19:51 +0800] 0:0:0:0:0:0:0:1 "GET /budget/division/tree?rootId=&projectId=9 HTTP/1.1" 200 (16 ms)
[15/Sep/2022:09:19:52 +0800] 0:0:0:0:0:0:0:1 "GET /budget/division/tree?rootId=&projectId=9 HTTP/1.1" 200 (16 ms)
[15/Sep/2022:09:19:54 +0800] 0:0:0:0:0:0:0:1 "GET /budget/division/tree?rootId=&projectId=7 HTTP/1.1" 200 (15 ms)
[15/Sep/2022:09:19:55 +0800] 0:0:0:0:0:0:0:1 "GET /budget/division/tree?rootId=&projectId=9 HTTP/1.1" 200 (16 ms)
[15/Sep/2022:09:19:56 +0800] 0:0:0:0:0:0:0:1 "GET /budget/division/tree?rootId=&projectId=9 HTTP/1.1" 200 (17 ms)
[15/Sep/2022:09:20:23 +0800] 0:0:0:0:0:0:0:1 "GET /budget/division/tree?rootId=&projectId=9 HTTP/1.1" 200 (15 ms)
[15/Sep/2022:09:20:24 +0800] 0:0:0:0:0:0:0:1 "GET /budget/division/tree?rootId=&projectId=9 HTTP/1.1" 200 (14 ms)
[15/Sep/2022:09:20:26 +0800] 0:0:0:0:0:0:0:1 "GET /budget/division/tree?rootId=&projectId=7 HTTP/1.1" 200 (14 ms)
[15/Sep/2022:09:20:26 +0800] 0:0:0:0:0:0:0:1 "GET /budget/division/tree?rootId=&projectId=9 HTTP/1.1" 200 (13 ms)
[15/Sep/2022:09:20:27 +0800] 0:0:0:0:0:0:0:1 "GET /budget/division/tree?rootId=&projectId=8 HTTP/1.1" 200 (15 ms)
[15/Sep/2022:09:20:28 +0800] 0:0:0:0:0:0:0:1 "GET /budget/division/tree?rootId=&projectId=9 HTTP/1.1" 200 (15 ms)
[15/Sep/2022:09:20:29 +0800] 0:0:0:0:0:0:0:1 "GET /budget/division/tree?rootId=&projectId=7 HTTP/1.1" 200 (15 ms)
[15/Sep/2022:09:20:30 +0800] 0:0:0:0:0:0:0:1 "GET /budget/division/tree?rootId=&projectId=11 HTTP/1.1" 200 (14 ms)
[15/Sep/2022:09:20:30 +0800] 0:0:0:0:0:0:0:1 "GET /budget/division/tree?rootId=&projectId=7 HTTP/1.1" 200 (14 ms)
[15/Sep/2022:09:20:31 +0800] 0:0:0:0:0:0:0:1 "GET /budget/division/tree?rootId=&projectId=9 HTTP/1.1" 200 (14 ms)
[15/Sep/2022:09:20:32 +0800] 0:0:0:0:0:0:0:1 "GET /budget/division/tree?rootId=&projectId=9 HTTP/1.1" 200 (14 ms)
[15/Sep/2022:09:22:53 +0800] 0:0:0:0:0:0:0:1 "GET /budget/division/tree?rootId=&projectId=9 HTTP/1.1" 200 (22 ms)
[15/Sep/2022:09:22:53 +0800] 0:0:0:0:0:0:0:1 "GET /budget/division/tree?rootId=&projectId=9 HTTP/1.1" 200 (14 ms)
[15/Sep/2022:09:22:55 +0800] 0:0:0:0:0:0:0:1 "GET /budget/division/tree?rootId=&projectId=8 HTTP/1.1" 200 (14 ms)
[15/Sep/2022:09:22:56 +0800] 0:0:0:0:0:0:0:1 "GET /budget/division/tree?rootId=&projectId=9 HTTP/1.1" 200 (13 ms)
[15/Sep/2022:09:22:57 +0800] 0:0:0:0:0:0:0:1 "GET /budget/division/tree?rootId=&projectId=9 HTTP/1.1" 200 (13 ms)
[15/Sep/2022:09:52:27 +0800] 0:0:0:0:0:0:0:1 "GET /project/tree?rootId=0 HTTP/1.1" 200 (46 ms)
[15/Sep/2022:09:52:27 +0800] 0:0:0:0:0:0:0:1 "GET /budget/division/tree?rootId=&projectId=3 HTTP/1.1" 200 (28 ms)
[15/Sep/2022:09:53:04 +0800] 0:0:0:0:0:0:0:1 "GET /project/tree?rootId=0 HTTP/1.1" 200 (32 ms)
[15/Sep/2022:09:53:04 +0800] 0:0:0:0:0:0:0:1 "GET /budget/division/tree?rootId=&projectId=3 HTTP/1.1" 200 (35 ms)
[15/Sep/2022:10:14:26 +0800] 0:0:0:0:0:0:0:1 "GET /project/tree?rootId=0 HTTP/1.1" 200 (35 ms)
[15/Sep/2022:10:14:26 +0800] 0:0:0:0:0:0:0:1 "GET /budget/division/tree?rootId=&projectId=3 HTTP/1.1" 200 (17 ms)
[15/Sep/2022:10:14:34 +0800] 0:0:0:0:0:0:0:1 "GET /project/tree?rootId=0 HTTP/1.1" 200 (34 ms)
[15/Sep/2022:10:14:34 +0800] 0:0:0:0:0:0:0:1 "GET /budget/division/tree?rootId=&projectId=3 HTTP/1.1" 200 (31 ms)
[15/Sep/2022:10:30:17 +0800] 0:0:0:0:0:0:0:1 "GET /project/tree?rootId=0 HTTP/1.1" 200 (51 ms)
[15/Sep/2022:10:30:17 +0800] 0:0:0:0:0:0:0:1 "GET /budget/division/tree?rootId=&projectId=3 HTTP/1.1" 200 (47 ms)
[15/Sep/2022:10:30:25 +0800] 0:0:0:0:0:0:0:1 "GET /project/tree?rootId=0 HTTP/1.1" 200 (37 ms)
[15/Sep/2022:10:30:25 +0800] 0:0:0:0:0:0:0:1 "GET /budget/division/tree?rootId=&projectId=3 HTTP/1.1" 200 (27 ms)
[15/Sep/2022:10:30:33 +0800] 0:0:0:0:0:0:0:1 "GET /project/tree?rootId=0 HTTP/1.1" 200 (43 ms)
[15/Sep/2022:10:30:33 +0800] 0:0:0:0:0:0:0:1 "GET /budget/division/tree?rootId=&projectId=3 HTTP/1.1" 200 (63 ms)
[15/Sep/2022:10:43:55 +0800] 0:0:0:0:0:0:0:1 "GET /project/tree?rootId=0 HTTP/1.1" 200 (34 ms)
[15/Sep/2022:10:43:55 +0800] 0:0:0:0:0:0:0:1 "GET /budget/division/tree?rootId=&projectId=3 HTTP/1.1" 200 (19 ms)
[15/Sep/2022:10:43:59 +0800] 0:0:0:0:0:0:0:1 "GET /project/tree?rootId=0 HTTP/1.1" 200 (27 ms)
[15/Sep/2022:10:43:59 +0800] 0:0:0:0:0:0:0:1 "GET /budget/division/tree?rootId=&projectId=3 HTTP/1.1" 200 (28 ms)
[15/Sep/2022:10:44:04 +0800] 0:0:0:0:0:0:0:1 "GET /project/tree?rootId=0 HTTP/1.1" 200 (38 ms)
[15/Sep/2022:10:44:04 +0800] 0:0:0:0:0:0:0:1 "GET /budget/division/tree?rootId=&projectId=3 HTTP/1.1" 200 (48 ms)
[15/Sep/2022:10:44:27 +0800] 0:0:0:0:0:0:0:1 "GET /project/tree?rootId=0 HTTP/1.1" 200 (34 ms)
[15/Sep/2022:10:44:27 +0800] 0:0:0:0:0:0:0:1 "GET /budget/division/tree?rootId=&projectId=3 HTTP/1.1" 200 (35 ms)
[15/Sep/2022:10:46:17 +0800] 0:0:0:0:0:0:0:1 "GET /project/tree?rootId=0 HTTP/1.1" 200 (43 ms)
[15/Sep/2022:10:46:17 +0800] 0:0:0:0:0:0:0:1 "GET /budget/division/tree?rootId=&projectId=3 HTTP/1.1" 200 (20 ms)
[15/Sep/2022:10:46:23 +0800] 0:0:0:0:0:0:0:1 "GET /project/tree?rootId=0 HTTP/1.1" 200 (30 ms)
[15/Sep/2022:10:46:23 +0800] 0:0:0:0:0:0:0:1 "GET /budget/division/tree?rootId=&projectId=3 HTTP/1.1" 200 (29 ms)
[15/Sep/2022:10:47:46 +0800] 0:0:0:0:0:0:0:1 "GET /project/tree?rootId=0 HTTP/1.1" 200 (34 ms)
[15/Sep/2022:10:47:46 +0800] 0:0:0:0:0:0:0:1 "GET /budget/division/tree?rootId=&projectId=3 HTTP/1.1" 200 (20 ms)
[15/Sep/2022:10:47:57 +0800] 0:0:0:0:0:0:0:1 "GET /project/tree?rootId=0 HTTP/1.1" 200 (34 ms)
[15/Sep/2022:10:47:57 +0800] 0:0:0:0:0:0:0:1 "GET /budget/division/tree?rootId=&projectId=3 HTTP/1.1" 200 (38 ms)
[15/Sep/2022:10:48:38 +0800] 0:0:0:0:0:0:0:1 "GET /project/tree?rootId=0 HTTP/1.1" 200 (18 ms)
[15/Sep/2022:10:48:38 +0800] 0:0:0:0:0:0:0:1 "GET /budget/division/tree?rootId=&projectId=3 HTTP/1.1" 200 (17 ms)
[15/Sep/2022:10:48:42 +0800] 0:0:0:0:0:0:0:1 "GET /project/tree?rootId=0 HTTP/1.1" 200 (30 ms)
[15/Sep/2022:10:48:42 +0800] 0:0:0:0:0:0:0:1 "GET /budget/division/tree?rootId=&projectId=3 HTTP/1.1" 200 (31 ms)
[15/Sep/2022:10:49:10 +0800] 0:0:0:0:0:0:0:1 "GET /project/tree?rootId=0 HTTP/1.1" 200 (32 ms)
[15/Sep/2022:10:49:10 +0800] 0:0:0:0:0:0:0:1 "GET /budget/division/tree?rootId=&projectId=3 HTTP/1.1" 200 (34 ms)
[15/Sep/2022:10:50:01 +0800] 0:0:0:0:0:0:0:1 "GET /project/tree?rootId=0 HTTP/1.1" 200 (17 ms)
[15/Sep/2022:10:50:01 +0800] 0:0:0:0:0:0:0:1 "GET /budget/division/tree?rootId=&projectId=3 HTTP/1.1" 200 (15 ms)
[15/Sep/2022:10:50:07 +0800] 0:0:0:0:0:0:0:1 "GET /project/tree?rootId=0 HTTP/1.1" 200 (29 ms)
[15/Sep/2022:10:50:07 +0800] 0:0:0:0:0:0:0:1 "GET /budget/division/tree?rootId=&projectId=3 HTTP/1.1" 200 (24 ms)
[15/Sep/2022:10:57:11 +0800] 0:0:0:0:0:0:0:1 "GET /project/tree?rootId=0 HTTP/1.1" 200 (254 ms)
[15/Sep/2022:10:57:11 +0800] 0:0:0:0:0:0:0:1 "GET /budget/division/tree?rootId=&projectId=3 HTTP/1.1" 200 (21 ms)
[15/Sep/2022:10:57:17 +0800] 0:0:0:0:0:0:0:1 "GET /project/tree?rootId=0 HTTP/1.1" 200 (31 ms)
[15/Sep/2022:10:57:17 +0800] 0:0:0:0:0:0:0:1 "GET /budget/division/tree?rootId=&projectId=3 HTTP/1.1" 200 (26 ms)
[15/Sep/2022:10:59:35 +0800] 0:0:0:0:0:0:0:1 "GET /project/tree?rootId=0 HTTP/1.1" 200 (39 ms)
[15/Sep/2022:10:59:35 +0800] 0:0:0:0:0:0:0:1 "GET /budget/division/tree?rootId=&projectId=3 HTTP/1.1" 200 (26 ms)
[15/Sep/2022:10:59:44 +0800] 0:0:0:0:0:0:0:1 "GET /project/tree?rootId=0 HTTP/1.1" 200 (32 ms)
[15/Sep/2022:10:59:44 +0800] 0:0:0:0:0:0:0:1 "GET /budget/division/tree?rootId=&projectId=3 HTTP/1.1" 200 (30 ms)
[15/Sep/2022:11:00:00 +0800] 0:0:0:0:0:0:0:1 "GET /budget/division/tree?rootId=&projectId=4 HTTP/1.1" 200 (15 ms)
[15/Sep/2022:11:00:04 +0800] 0:0:0:0:0:0:0:1 "GET /project/tree?rootId=0 HTTP/1.1" 200 (39 ms)
[15/Sep/2022:11:00:04 +0800] 0:0:0:0:0:0:0:1 "GET /budget/division/tree?rootId=&projectId=3 HTTP/1.1" 200 (51 ms)
[15/Sep/2022:11:00:15 +0800] 0:0:0:0:0:0:0:1 "GET /project/tree?rootId=0 HTTP/1.1" 200 (23 ms)
[15/Sep/2022:11:00:15 +0800] 0:0:0:0:0:0:0:1 "GET /budget/division/tree?rootId=&projectId=3 HTTP/1.1" 200 (23 ms)
[15/Sep/2022:11:01:23 +0800] 0:0:0:0:0:0:0:1 "GET /project/tree?rootId=0 HTTP/1.1" 200 (29 ms)
[15/Sep/2022:11:01:23 +0800] 0:0:0:0:0:0:0:1 "GET /budget/division/tree?rootId=&projectId=3 HTTP/1.1" 200 (29 ms)
[15/Sep/2022:11:01:28 +0800] 0:0:0:0:0:0:0:1 "GET /project/tree?rootId=0 HTTP/1.1" 200 (39 ms)
[15/Sep/2022:11:01:28 +0800] 0:0:0:0:0:0:0:1 "GET /budget/division/tree?rootId=&projectId=3 HTTP/1.1" 200 (26 ms)
[15/Sep/2022:11:02:50 +0800] 0:0:0:0:0:0:0:1 "GET /project/tree?rootId=0 HTTP/1.1" 200 (54 ms)
[15/Sep/2022:11:02:50 +0800] 0:0:0:0:0:0:0:1 "GET /budget/division/tree?rootId=&projectId=3 HTTP/1.1" 200 (17 ms)
[15/Sep/2022:11:03:02 +0800] 0:0:0:0:0:0:0:1 "GET /project/tree?rootId=0 HTTP/1.1" 200 (34 ms)
[15/Sep/2022:11:03:02 +0800] 0:0:0:0:0:0:0:1 "GET /budget/division/tree?rootId=&projectId=3 HTTP/1.1" 200 (28 ms)
[15/Sep/2022:11:04:05 +0800] 0:0:0:0:0:0:0:1 "GET /project/tree?rootId=0 HTTP/1.1" 200 (27 ms)
[15/Sep/2022:11:04:06 +0800] 0:0:0:0:0:0:0:1 "GET /budget/division/tree?rootId=&projectId=3 HTTP/1.1" 200 (17 ms)
[15/Sep/2022:11:04:25 +0800] 0:0:0:0:0:0:0:1 "GET /project/tree?rootId=0 HTTP/1.1" 200 (27 ms)
[15/Sep/2022:11:04:25 +0800] 0:0:0:0:0:0:0:1 "GET /budget/division/tree?rootId=&projectId=3 HTTP/1.1" 200 (25 ms)
[15/Sep/2022:11:05:49 +0800] 0:0:0:0:0:0:0:1 "GET /project/tree?rootId=0 HTTP/1.1" 200 (38 ms)
[15/Sep/2022:11:05:49 +0800] 0:0:0:0:0:0:0:1 "GET /budget/division/tree?rootId=&projectId=3 HTTP/1.1" 200 (33 ms)
[15/Sep/2022:11:06:15 +0800] 0:0:0:0:0:0:0:1 "GET /project/tree?rootId=0 HTTP/1.1" 200 (45 ms)
[15/Sep/2022:11:06:15 +0800] 0:0:0:0:0:0:0:1 "GET /budget/division/tree?rootId=&projectId=3 HTTP/1.1" 200 (34 ms)
[15/Sep/2022:11:37:43 +0800] 0:0:0:0:0:0:0:1 "GET /project/tree?rootId=0 HTTP/1.1" 200 (79 ms)
[15/Sep/2022:11:37:43 +0800] 0:0:0:0:0:0:0:1 "GET /budget/division/tree?rootId=&projectId=3 HTTP/1.1" 200 (18 ms)
[15/Sep/2022:11:37:52 +0800] 0:0:0:0:0:0:0:1 "GET /project/tree?rootId=0 HTTP/1.1" 200 (36 ms)
[15/Sep/2022:11:37:52 +0800] 0:0:0:0:0:0:0:1 "GET /budget/division/tree?rootId=&projectId=3 HTTP/1.1" 200 (39 ms)
[15/Sep/2022:11:40:34 +0800] 0:0:0:0:0:0:0:1 "GET /project/tree?rootId=0 HTTP/1.1" 200 (38 ms)
[15/Sep/2022:11:40:34 +0800] 0:0:0:0:0:0:0:1 "GET /budget/division/tree?rootId=&projectId=3 HTTP/1.1" 200 (30 ms)
[15/Sep/2022:11:40:39 +0800] 0:0:0:0:0:0:0:1 "GET /project/tree?rootId=0 HTTP/1.1" 200 (32 ms)
[15/Sep/2022:11:40:39 +0800] 0:0:0:0:0:0:0:1 "GET /budget/division/tree?rootId=&projectId=3 HTTP/1.1" 200 (32 ms)
[15/Sep/2022:11:40:44 +0800] 0:0:0:0:0:0:0:1 "GET /budget/division/tree?rootId=&projectId=3 HTTP/1.1" 200 (20 ms)
[15/Sep/2022:11:40:56 +0800] 0:0:0:0:0:0:0:1 "GET /project/tree?rootId=0 HTTP/1.1" 200 (36 ms)
[15/Sep/2022:11:40:56 +0800] 0:0:0:0:0:0:0:1 "GET /budget/division/tree?rootId=&projectId=3 HTTP/1.1" 200 (32 ms)
[15/Sep/2022:11:53:02 +0800] 0:0:0:0:0:0:0:1 "GET /project/tree?rootId=0 HTTP/1.1" 200 (33 ms)
[15/Sep/2022:11:53:02 +0800] 0:0:0:0:0:0:0:1 "GET /budget/division/tree?rootId=&projectId=3 HTTP/1.1" 200 (22 ms)
[15/Sep/2022:11:53:11 +0800] 0:0:0:0:0:0:0:1 "GET /project/tree?rootId=0 HTTP/1.1" 200 (34 ms)
[15/Sep/2022:11:53:11 +0800] 0:0:0:0:0:0:0:1 "GET /budget/division/tree?rootId=&projectId=3 HTTP/1.1" 200 (36 ms)
[15/Sep/2022:11:59:03 +0800] 0:0:0:0:0:0:0:1 "GET /project/tree?rootId=0 HTTP/1.1" 200 (37 ms)
[15/Sep/2022:11:59:03 +0800] 0:0:0:0:0:0:0:1 "GET /budget/division/tree?rootId=&projectId=3 HTTP/1.1" 200 (22 ms)
[15/Sep/2022:11:59:11 +0800] 0:0:0:0:0:0:0:1 "GET /project/tree?rootId=0 HTTP/1.1" 200 (34 ms)
[15/Sep/2022:11:59:12 +0800] 0:0:0:0:0:0:0:1 "GET /budget/division/tree?rootId=&projectId=3 HTTP/1.1" 200 (30 ms)
[15/Sep/2022:12:17:15 +0800] 0:0:0:0:0:0:0:1 "GET /project/tree?rootId=0 HTTP/1.1" 200 (32 ms)
[15/Sep/2022:12:17:15 +0800] 0:0:0:0:0:0:0:1 "GET /budget/division/tree?rootId=&projectId=3 HTTP/1.1" 200 (19 ms)
[15/Sep/2022:12:18:02 +0800] 0:0:0:0:0:0:0:1 "GET /project/tree?rootId=0 HTTP/1.1" 200 (34 ms)
[15/Sep/2022:12:18:02 +0800] 0:0:0:0:0:0:0:1 "GET /budget/division/tree?rootId=&projectId=3 HTTP/1.1" 200 (31 ms)
[15/Sep/2022:12:18:09 +0800] 0:0:0:0:0:0:0:1 "GET /project/tree?rootId=0 HTTP/1.1" 200 (24 ms)
[15/Sep/2022:12:18:09 +0800] 0:0:0:0:0:0:0:1 "GET /budget/division/tree?rootId=&projectId=3 HTTP/1.1" 200 (22 ms)
[15/Sep/2022:12:18:16 +0800] 0:0:0:0:0:0:0:1 "GET /project/tree?rootId=0 HTTP/1.1" 200 (28 ms)
[15/Sep/2022:12:18:16 +0800] 0:0:0:0:0:0:0:1 "GET /budget/division/tree?rootId=&projectId=3 HTTP/1.1" 200 (31 ms)
[15/Sep/2022:12:18:45 +0800] 0:0:0:0:0:0:0:1 "GET /project/tree?rootId=0 HTTP/1.1" 200 (21 ms)
[15/Sep/2022:12:18:45 +0800] 0:0:0:0:0:0:0:1 "GET /budget/division/tree?rootId=&projectId=3 HTTP/1.1" 200 (18 ms)
[15/Sep/2022:12:18:49 +0800] 0:0:0:0:0:0:0:1 "GET /project/tree?rootId=0 HTTP/1.1" 200 (37 ms)
[15/Sep/2022:12:18:49 +0800] 0:0:0:0:0:0:0:1 "GET /budget/division/tree?rootId=&projectId=3 HTTP/1.1" 200 (41 ms)
[15/Sep/2022:12:18:57 +0800] 0:0:0:0:0:0:0:1 "GET /project/tree?rootId=0 HTTP/1.1" 200 (40 ms)
[15/Sep/2022:12:18:57 +0800] 0:0:0:0:0:0:0:1 "GET /budget/division/tree?rootId=&projectId=3 HTTP/1.1" 200 (34 ms)
[15/Sep/2022:12:19:06 +0800] 0:0:0:0:0:0:0:1 "GET /project/tree?rootId=0 HTTP/1.1" 200 (33 ms)
[15/Sep/2022:12:19:06 +0800] 0:0:0:0:0:0:0:1 "GET /budget/division/tree?rootId=&projectId=3 HTTP/1.1" 200 (29 ms)
[15/Sep/2022:12:20:41 +0800] 0:0:0:0:0:0:0:1 "GET /project/tree?rootId=0 HTTP/1.1" 200 (38 ms)
[15/Sep/2022:12:20:41 +0800] 0:0:0:0:0:0:0:1 "GET /budget/division/tree?rootId=&projectId=3 HTTP/1.1" 200 (22 ms)
[15/Sep/2022:12:20:43 +0800] 0:0:0:0:0:0:0:1 "GET /project/tree?rootId=0 HTTP/1.1" 200 (36 ms)
[15/Sep/2022:12:20:44 +0800] 0:0:0:0:0:0:0:1 "GET /budget/division/tree?rootId=&projectId=3 HTTP/1.1" 200 (42 ms)
[15/Sep/2022:12:21:24 +0800] 0:0:0:0:0:0:0:1 "GET /project/tree?rootId=0 HTTP/1.1" 200 (22 ms)
[15/Sep/2022:12:21:24 +0800] 0:0:0:0:0:0:0:1 "GET /budget/division/tree?rootId=&projectId=3 HTTP/1.1" 200 (19 ms)
[15/Sep/2022:12:21:37 +0800] 0:0:0:0:0:0:0:1 "GET /project/tree?rootId=0 HTTP/1.1" 200 (22 ms)
[15/Sep/2022:12:21:37 +0800] 0:0:0:0:0:0:0:1 "GET /budget/division/tree?rootId=&projectId=3 HTTP/1.1" 200 (45 ms)
[15/Sep/2022:12:21:41 +0800] 0:0:0:0:0:0:0:1 "GET /project/tree?rootId=0 HTTP/1.1" 200 (28 ms)
[15/Sep/2022:12:21:41 +0800] 0:0:0:0:0:0:0:1 "GET /budget/division/tree?rootId=&projectId=3 HTTP/1.1" 200 (31 ms)
[15/Sep/2022:12:22:01 +0800] 0:0:0:0:0:0:0:1 "GET /project/tree?rootId=0 HTTP/1.1" 200 (33 ms)
[15/Sep/2022:12:22:01 +0800] 0:0:0:0:0:0:0:1 "GET /budget/division/tree?rootId=&projectId=3 HTTP/1.1" 200 (33 ms)
[15/Sep/2022:12:23:20 +0800] 0:0:0:0:0:0:0:1 "GET /budget/division/tree?rootId=&projectId=3 HTTP/1.1" 200 (56 ms)
[15/Sep/2022:12:23:21 +0800] 0:0:0:0:0:0:0:1 "GET /favicon.ico HTTP/1.1" 404 (112 ms)
[15/Sep/2022:12:25:15 +0800] 0:0:0:0:0:0:0:1 "GET /project/tree?rootId=0 HTTP/1.1" 200 (38 ms)
[15/Sep/2022:12:25:15 +0800] 0:0:0:0:0:0:0:1 "GET /budget/division/tree?rootId=&projectId=3 HTTP/1.1" 200 (20 ms)
[15/Sep/2022:12:25:21 +0800] 0:0:0:0:0:0:0:1 "GET /project/tree?rootId=0 HTTP/1.1" 200 (47 ms)
[15/Sep/2022:12:25:22 +0800] 0:0:0:0:0:0:0:1 "GET /budget/division/tree?rootId=&projectId=3 HTTP/1.1" 200 (80 ms)
[15/Sep/2022:12:27:51 +0800] 0:0:0:0:0:0:0:1 "GET /project/tree?rootId=0 HTTP/1.1" 200 (47 ms)
[15/Sep/2022:12:27:51 +0800] 0:0:0:0:0:0:0:1 "GET /budget/division/tree?rootId=&projectId=3 HTTP/1.1" 200 (29 ms)
[15/Sep/2022:12:36:49 +0800] 0:0:0:0:0:0:0:1 "GET /project/tree?rootId=0 HTTP/1.1" 200 (43 ms)
[15/Sep/2022:12:36:49 +0800] 0:0:0:0:0:0:0:1 "GET /budget/division/tree?rootId=&projectId=3 HTTP/1.1" 200 (37 ms)
[15/Sep/2022:12:37:07 +0800] 0:0:0:0:0:0:0:1 "GET /project/tree?rootId=0 HTTP/1.1" 200 (25 ms)
[15/Sep/2022:12:37:07 +0800] 0:0:0:0:0:0:0:1 "GET /budget/division/tree?rootId=&projectId=3 HTTP/1.1" 200 (35 ms)
[15/Sep/2022:12:37:17 +0800] 0:0:0:0:0:0:0:1 "GET /project/tree?rootId=0 HTTP/1.1" 200 (25 ms)
[15/Sep/2022:12:37:17 +0800] 0:0:0:0:0:0:0:1 "GET /budget/division/tree?rootId=&projectId=3 HTTP/1.1" 200 (42 ms)
[15/Sep/2022:12:39:43 +0800] 0:0:0:0:0:0:0:1 "GET /project/tree?rootId=0 HTTP/1.1" 200 (33 ms)
[15/Sep/2022:12:39:43 +0800] 0:0:0:0:0:0:0:1 "GET /budget/division/tree?rootId=&projectId=3 HTTP/1.1" 200 (26 ms)
[15/Sep/2022:12:40:29 +0800] 0:0:0:0:0:0:0:1 "GET /project/tree?rootId=0 HTTP/1.1" 200 (24 ms)
[15/Sep/2022:12:40:29 +0800] 0:0:0:0:0:0:0:1 "GET /budget/division/tree?rootId=&projectId=3 HTTP/1.1" 200 (20 ms)
[15/Sep/2022:12:40:38 +0800] 0:0:0:0:0:0:0:1 "GET /project/tree?rootId=0 HTTP/1.1" 200 (19 ms)
[15/Sep/2022:12:40:38 +0800] 0:0:0:0:0:0:0:1 "GET /budget/division/tree?rootId=&projectId=3 HTTP/1.1" 200 (17 ms)
[15/Sep/2022:12:41:43 +0800] 0:0:0:0:0:0:0:1 "GET /project/tree?rootId=0 HTTP/1.1" 200 (29 ms)
[15/Sep/2022:12:41:43 +0800] 0:0:0:0:0:0:0:1 "GET /budget/division/tree?rootId=&projectId=3 HTTP/1.1" 200 (18 ms)
[15/Sep/2022:12:41:48 +0800] 0:0:0:0:0:0:0:1 "GET /project/tree?rootId=0 HTTP/1.1" 200 (31 ms)
[15/Sep/2022:12:41:48 +0800] 0:0:0:0:0:0:0:1 "GET /budget/division/tree?rootId=&projectId=3 HTTP/1.1" 200 (25 ms)
[15/Sep/2022:12:42:44 +0800] 0:0:0:0:0:0:0:1 "GET /project/tree?rootId=0 HTTP/1.1" 200 (26 ms)
[15/Sep/2022:12:42:44 +0800] 0:0:0:0:0:0:0:1 "GET /budget/division/tree?rootId=&projectId=3 HTTP/1.1" 200 (18 ms)
[15/Sep/2022:12:43:04 +0800] 0:0:0:0:0:0:0:1 "GET /project/tree?rootId=0 HTTP/1.1" 200 (28 ms)
[15/Sep/2022:12:43:04 +0800] 0:0:0:0:0:0:0:1 "GET /budget/division/tree?rootId=&projectId=3 HTTP/1.1" 200 (22 ms)
[15/Sep/2022:13:24:58 +0800] 0:0:0:0:0:0:0:1 "GET /project/tree?rootId=0 HTTP/1.1" 200 (96 ms)
[15/Sep/2022:13:25:00 +0800] 0:0:0:0:0:0:0:1 "GET /project/tree?rootId=0 HTTP/1.1" 200 (28 ms)
[15/Sep/2022:13:25:00 +0800] 0:0:0:0:0:0:0:1 "GET /budget/division/tree?rootId=&projectId=3 HTTP/1.1" 200 (18 ms)
[15/Sep/2022:13:26:27 +0800] 0:0:0:0:0:0:0:1 "GET /project/tree?rootId=0 HTTP/1.1" 200 (27 ms)
[15/Sep/2022:13:26:27 +0800] 0:0:0:0:0:0:0:1 "GET /budget/division/tree?rootId=&projectId=3 HTTP/1.1" 200 (15 ms)
[15/Sep/2022:13:26:40 +0800] 0:0:0:0:0:0:0:1 "GET /project/tree?rootId=0 HTTP/1.1" 200 (24 ms)
[15/Sep/2022:13:26:40 +0800] 0:0:0:0:0:0:0:1 "GET /budget/division/tree?rootId=&projectId=3 HTTP/1.1" 200 (26 ms)
[15/Sep/2022:13:30:50 +0800] 0:0:0:0:0:0:0:1 "GET /project/tree?rootId=0 HTTP/1.1" 200 (31 ms)
[15/Sep/2022:13:30:50 +0800] 0:0:0:0:0:0:0:1 "GET /project/tree?rootId=0 HTTP/1.1" 200 (33 ms)
[15/Sep/2022:13:30:50 +0800] 0:0:0:0:0:0:0:1 "GET /project/tree?rootId=0 HTTP/1.1" 200 (25 ms)
[15/Sep/2022:13:30:50 +0800] 0:0:0:0:0:0:0:1 "GET /project/tree?rootId=0 HTTP/1.1" 200 (23 ms)
[15/Sep/2022:13:30:50 +0800] 0:0:0:0:0:0:0:1 "GET /project/tree?rootId=0 HTTP/1.1" 200 (27 ms)
[15/Sep/2022:13:30:50 +0800] 0:0:0:0:0:0:0:1 "GET /project/tree?rootId=0 HTTP/1.1" 200 (21 ms)
[15/Sep/2022:13:30:50 +0800] 0:0:0:0:0:0:0:1 "GET /budget/division/tree?rootId=&projectId=3 HTTP/1.1" 200 (16 ms)
[15/Sep/2022:13:33:01 +0800] 0:0:0:0:0:0:0:1 "GET /project/tree?rootId=0 HTTP/1.1" 200 (31 ms)
[15/Sep/2022:13:33:01 +0800] 0:0:0:0:0:0:0:1 "GET /project/tree?rootId=0 HTTP/1.1" 200 (18 ms)
[15/Sep/2022:13:33:01 +0800] 0:0:0:0:0:0:0:1 "GET /budget/division/tree?rootId=&projectId=3 HTTP/1.1" 200 (21 ms)
[15/Sep/2022:13:33:35 +0800] 0:0:0:0:0:0:0:1 "GET /project/tree?rootId=0 HTTP/1.1" 200 (24 ms)
[15/Sep/2022:13:33:35 +0800] 0:0:0:0:0:0:0:1 "GET /budget/division/tree?rootId=&projectId=3 HTTP/1.1" 200 (17 ms)
[15/Sep/2022:13:34:08 +0800] 0:0:0:0:0:0:0:1 "GET /project/tree?rootId=0 HTTP/1.1" 200 (22 ms)
[15/Sep/2022:13:34:08 +0800] 0:0:0:0:0:0:0:1 "GET /budget/division/tree?rootId=&projectId=3 HTTP/1.1" 200 (16 ms)
[15/Sep/2022:13:37:39 +0800] 0:0:0:0:0:0:0:1 "GET /project/tree?rootId=0 HTTP/1.1" 200 (25 ms)
[15/Sep/2022:13:37:39 +0800] 0:0:0:0:0:0:0:1 "GET /budget/division/tree?rootId=&projectId=3 HTTP/1.1" 200 (27 ms)
[15/Sep/2022:13:37:55 +0800] 0:0:0:0:0:0:0:1 "GET /project/tree?rootId=0 HTTP/1.1" 200 (29 ms)
[15/Sep/2022:13:37:55 +0800] 0:0:0:0:0:0:0:1 "GET /budget/division/tree?rootId=&projectId=3 HTTP/1.1" 200 (19 ms)
[15/Sep/2022:13:38:00 +0800] 0:0:0:0:0:0:0:1 "GET /project/tree?rootId=0 HTTP/1.1" 200 (29 ms)
[15/Sep/2022:13:38:00 +0800] 0:0:0:0:0:0:0:1 "GET /budget/division/tree?rootId=&projectId=3 HTTP/1.1" 200 (25 ms)
[15/Sep/2022:13:38:17 +0800] 0:0:0:0:0:0:0:1 "GET /project/tree?rootId=0 HTTP/1.1" 200 (33 ms)
[15/Sep/2022:13:38:17 +0800] 0:0:0:0:0:0:0:1 "GET /budget/division/tree?rootId=&projectId=3 HTTP/1.1" 200 (19 ms)
[15/Sep/2022:14:11:18 +0800] 0:0:0:0:0:0:0:1 "GET /project/tree?rootId=0 HTTP/1.1" 200 (83 ms)
[15/Sep/2022:14:11:18 +0800] 0:0:0:0:0:0:0:1 "GET /budget/division/tree?rootId=&projectId=3 HTTP/1.1" 200 (19 ms)
[15/Sep/2022:14:25:37 +0800] 0:0:0:0:0:0:0:1 "GET /project/tree?rootId=0 HTTP/1.1" 200 (48 ms)
[15/Sep/2022:14:25:37 +0800] 0:0:0:0:0:0:0:1 "GET /project/tree?rootId=0 HTTP/1.1" 200 (22 ms)
[15/Sep/2022:14:25:37 +0800] 0:0:0:0:0:0:0:1 "GET /budget/division/tree?rootId=&projectId=3 HTTP/1.1" 200 (20 ms)
[15/Sep/2022:14:35:23 +0800] 0:0:0:0:0:0:0:1 "GET /project/tree?rootId=0 HTTP/1.1" 200 (28 ms)
[15/Sep/2022:14:35:23 +0800] 0:0:0:0:0:0:0:1 "GET /budget/division/tree?rootId=&projectId=3 HTTP/1.1" 200 (19 ms)
[15/Sep/2022:14:36:40 +0800] 0:0:0:0:0:0:0:1 "GET /project/tree?rootId=0 HTTP/1.1" 200 (51 ms)
[15/Sep/2022:14:36:40 +0800] 0:0:0:0:0:0:0:1 "GET /budget/division/tree?rootId=&projectId=3 HTTP/1.1" 200 (42 ms)
[15/Sep/2022:14:39:18 +0800] 0:0:0:0:0:0:0:1 "GET /project/tree?rootId=0 HTTP/1.1" 200 (27 ms)
[15/Sep/2022:14:39:18 +0800] 0:0:0:0:0:0:0:1 "GET /budget/division/tree?rootId=&projectId=3 HTTP/1.1" 200 (19 ms)
[15/Sep/2022:14:39:35 +0800] 0:0:0:0:0:0:0:1 "GET /project/tree?rootId=0 HTTP/1.1" 200 (34 ms)
[15/Sep/2022:14:39:35 +0800] 0:0:0:0:0:0:0:1 "GET /budget/division/tree?rootId=&projectId=3 HTTP/1.1" 200 (54 ms)
[15/Sep/2022:14:41:51 +0800] 0:0:0:0:0:0:0:1 "GET /project/tree?rootId=0 HTTP/1.1" 200 (32 ms)
[15/Sep/2022:14:41:51 +0800] 0:0:0:0:0:0:0:1 "GET /budget/division/tree?rootId=&projectId=3 HTTP/1.1" 200 (19 ms)
[15/Sep/2022:14:41:52 +0800] 0:0:0:0:0:0:0:1 "GET /project/tree?rootId=0 HTTP/1.1" 200 (25 ms)
[15/Sep/2022:14:41:52 +0800] 0:0:0:0:0:0:0:1 "GET /project/tree?rootId=0 HTTP/1.1" 200 (28 ms)
[15/Sep/2022:14:41:52 +0800] 0:0:0:0:0:0:0:1 "GET /budget/division/tree?rootId=&projectId=3 HTTP/1.1" 200 (25 ms)
[15/Sep/2022:14:42:13 +0800] 0:0:0:0:0:0:0:1 "GET /project/tree?rootId=0 HTTP/1.1" 200 (29 ms)
[15/Sep/2022:14:42:13 +0800] 0:0:0:0:0:0:0:1 "GET /budget/division/tree?rootId=&projectId=3 HTTP/1.1" 200 (25 ms)
[15/Sep/2022:14:42:19 +0800] 0:0:0:0:0:0:0:1 "GET /project/tree?rootId=0 HTTP/1.1" 200 (31 ms)
[15/Sep/2022:14:42:19 +0800] 0:0:0:0:0:0:0:1 "GET /budget/division/tree?rootId=&projectId=3 HTTP/1.1" 200 (41 ms)
[15/Sep/2022:14:43:20 +0800] 0:0:0:0:0:0:0:1 "GET /project/tree?rootId=0 HTTP/1.1" 200 (37 ms)
[15/Sep/2022:14:43:20 +0800] 0:0:0:0:0:0:0:1 "GET /budget/division/tree?rootId=&projectId=3 HTTP/1.1" 200 (18 ms)
[15/Sep/2022:14:43:28 +0800] 0:0:0:0:0:0:0:1 "GET /project/tree?rootId=0 HTTP/1.1" 200 (29 ms)
[15/Sep/2022:14:43:28 +0800] 0:0:0:0:0:0:0:1 "GET /budget/division/tree?rootId=&projectId=3 HTTP/1.1" 200 (48 ms)
[15/Sep/2022:14:46:21 +0800] 0:0:0:0:0:0:0:1 "GET /project/tree?rootId=0 HTTP/1.1" 200 (34 ms)
[15/Sep/2022:14:46:21 +0800] 0:0:0:0:0:0:0:1 "GET /budget/division/tree?rootId=&projectId=3 HTTP/1.1" 200 (17 ms)
[15/Sep/2022:14:46:32 +0800] 0:0:0:0:0:0:0:1 "GET /project/tree?rootId=0 HTTP/1.1" 200 (24 ms)
[15/Sep/2022:14:46:32 +0800] 0:0:0:0:0:0:0:1 "GET /budget/division/tree?rootId=&projectId=3 HTTP/1.1" 200 (19 ms)
[15/Sep/2022:14:46:41 +0800] 0:0:0:0:0:0:0:1 "GET /project/tree?rootId=0 HTTP/1.1" 200 (29 ms)
[15/Sep/2022:14:46:41 +0800] 0:0:0:0:0:0:0:1 "GET /budget/division/tree?rootId=&projectId=3 HTTP/1.1" 200 (50 ms)
[15/Sep/2022:14:49:18 +0800] 0:0:0:0:0:0:0:1 "GET /project/tree?rootId=0 HTTP/1.1" 200 (35 ms)
[15/Sep/2022:14:49:18 +0800] 0:0:0:0:0:0:0:1 "GET /budget/division/tree?rootId=&projectId=3 HTTP/1.1" 200 (22 ms)
[15/Sep/2022:14:49:24 +0800] 0:0:0:0:0:0:0:1 "GET /project/tree?rootId=0 HTTP/1.1" 200 (32 ms)
[15/Sep/2022:14:49:24 +0800] 0:0:0:0:0:0:0:1 "GET /budget/division/tree?rootId=&projectId=3 HTTP/1.1" 200 (63 ms)
[15/Sep/2022:14:51:24 +0800] 0:0:0:0:0:0:0:1 "GET /project/tree?rootId=0 HTTP/1.1" 200 (41 ms)
[15/Sep/2022:14:51:24 +0800] 0:0:0:0:0:0:0:1 "GET /budget/division/tree?rootId=&projectId=3 HTTP/1.1" 200 (30 ms)
[15/Sep/2022:14:51:25 +0800] 0:0:0:0:0:0:0:1 "GET /project/tree?rootId=0 HTTP/1.1" 200 (22 ms)
[15/Sep/2022:14:51:25 +0800] 0:0:0:0:0:0:0:1 "GET /budget/division/tree?rootId=&projectId=3 HTTP/1.1" 200 (18 ms)
[15/Sep/2022:14:51:31 +0800] 0:0:0:0:0:0:0:1 "GET /project/tree?rootId=0 HTTP/1.1" 200 (29 ms)
[15/Sep/2022:14:51:31 +0800] 0:0:0:0:0:0:0:1 "GET /budget/division/tree?rootId=&projectId=3 HTTP/1.1" 200 (34 ms)
[15/Sep/2022:15:16:31 +0800] 0:0:0:0:0:0:0:1 "GET /project/tree?rootId=0 HTTP/1.1" 200 (29 ms)
[15/Sep/2022:15:16:31 +0800] 0:0:0:0:0:0:0:1 "GET /budget/division/tree?rootId=&projectId=3 HTTP/1.1" 200 (17 ms)
[15/Sep/2022:15:16:37 +0800] 0:0:0:0:0:0:0:1 "GET /project/tree?rootId=0 HTTP/1.1" 200 (28 ms)
[15/Sep/2022:15:16:37 +0800] 0:0:0:0:0:0:0:1 "GET /budget/division/tree?rootId=&projectId=3 HTTP/1.1" 200 (53 ms)
[15/Sep/2022:15:26:25 +0800] 0:0:0:0:0:0:0:1 "GET /project/tree?rootId=0 HTTP/1.1" 200 (45 ms)
[15/Sep/2022:15:26:27 +0800] 0:0:0:0:0:0:0:1 "GET /project/tree?rootId=0 HTTP/1.1" 200 (31 ms)
[15/Sep/2022:15:26:27 +0800] 0:0:0:0:0:0:0:1 "GET /budget/division/tree?rootId=&projectId=3 HTTP/1.1" 200 (24 ms)
[15/Sep/2022:15:26:39 +0800] 0:0:0:0:0:0:0:1 "GET /project/tree?rootId=0 HTTP/1.1" 200 (23 ms)
[15/Sep/2022:15:26:39 +0800] 0:0:0:0:0:0:0:1 "GET /budget/division/tree?rootId=&projectId=3 HTTP/1.1" 200 (19 ms)
[15/Sep/2022:15:36:48 +0800] 0:0:0:0:0:0:0:1 "GET /project/tree?rootId=0 HTTP/1.1" 200 (37 ms)
[15/Sep/2022:15:36:48 +0800] 0:0:0:0:0:0:0:1 "GET /budget/division/tree?rootId=&projectId=3 HTTP/1.1" 200 (18 ms)
[15/Sep/2022:15:36:56 +0800] 0:0:0:0:0:0:0:1 "GET /project/tree?rootId=0 HTTP/1.1" 200 (23 ms)
[15/Sep/2022:15:36:57 +0800] 0:0:0:0:0:0:0:1 "GET /budget/division/tree?rootId=&projectId=3 HTTP/1.1" 200 (33 ms)
[15/Sep/2022:15:37:16 +0800] 0:0:0:0:0:0:0:1 "GET /project/tree?rootId=0 HTTP/1.1" 200 (36 ms)
[15/Sep/2022:15:37:19 +0800] 0:0:0:0:0:0:0:1 "GET /project/tree?rootId=0 HTTP/1.1" 200 (38 ms)
[15/Sep/2022:15:37:19 +0800] 0:0:0:0:0:0:0:1 "GET /budget/division/tree?rootId=&projectId=3 HTTP/1.1" 200 (31 ms)
[15/Sep/2022:15:38:26 +0800] 0:0:0:0:0:0:0:1 "GET /project/tree?rootId=0 HTTP/1.1" 200 (38 ms)
[15/Sep/2022:15:38:26 +0800] 0:0:0:0:0:0:0:1 "GET /budget/division/tree?rootId=&projectId=3 HTTP/1.1" 200 (18 ms)
[15/Sep/2022:15:39:33 +0800] 0:0:0:0:0:0:0:1 "GET /project/tree?rootId=0 HTTP/1.1" 200 (33 ms)
[15/Sep/2022:15:39:33 +0800] 0:0:0:0:0:0:0:1 "GET /budget/division/tree?rootId=&projectId=3 HTTP/1.1" 200 (17 ms)
[15/Sep/2022:15:40:17 +0800] 0:0:0:0:0:0:0:1 "GET /project/tree?rootId=0 HTTP/1.1" 200 (32 ms)
[15/Sep/2022:15:40:17 +0800] 0:0:0:0:0:0:0:1 "GET /budget/division/tree?rootId=&projectId=3 HTTP/1.1" 200 (49 ms)
[15/Sep/2022:15:41:01 +0800] 0:0:0:0:0:0:0:1 "GET /project/tree?rootId=0 HTTP/1.1" 200 (27 ms)
[15/Sep/2022:15:41:01 +0800] 0:0:0:0:0:0:0:1 "GET /budget/division/tree?rootId=&projectId=3 HTTP/1.1" 200 (33 ms)
[15/Sep/2022:15:42:19 +0800] 0:0:0:0:0:0:0:1 "GET /project/tree?rootId=0 HTTP/1.1" 200 (26 ms)
[15/Sep/2022:15:42:19 +0800] 0:0:0:0:0:0:0:1 "GET /budget/division/tree?rootId=&projectId=3 HTTP/1.1" 200 (25 ms)
[15/Sep/2022:15:42:36 +0800] 0:0:0:0:0:0:0:1 "GET /project/tree?rootId=0 HTTP/1.1" 200 (32 ms)
[15/Sep/2022:15:42:36 +0800] 0:0:0:0:0:0:0:1 "GET /budget/division/tree?rootId=&projectId=3 HTTP/1.1" 200 (32 ms)
[15/Sep/2022:15:42:55 +0800] 0:0:0:0:0:0:0:1 "GET /project/tree?rootId=0 HTTP/1.1" 200 (23 ms)
[15/Sep/2022:15:42:55 +0800] 0:0:0:0:0:0:0:1 "GET /budget/division/tree?rootId=&projectId=3 HTTP/1.1" 200 (25 ms)
[15/Sep/2022:15:43:14 +0800] 0:0:0:0:0:0:0:1 "GET /project/tree?rootId=0 HTTP/1.1" 200 (33 ms)
[15/Sep/2022:15:43:15 +0800] 0:0:0:0:0:0:0:1 "GET /budget/division/tree?rootId=&projectId=3 HTTP/1.1" 200 (30 ms)
[15/Sep/2022:15:43:52 +0800] 0:0:0:0:0:0:0:1 "GET /project/tree?rootId=0 HTTP/1.1" 200 (23 ms)
[15/Sep/2022:15:43:52 +0800] 0:0:0:0:0:0:0:1 "GET /budget/division/tree?rootId=&projectId=3 HTTP/1.1" 200 (19 ms)
[15/Sep/2022:15:44:13 +0800] 0:0:0:0:0:0:0:1 "GET /project/tree?rootId=0 HTTP/1.1" 200 (39 ms)
[15/Sep/2022:15:44:13 +0800] 0:0:0:0:0:0:0:1 "GET /budget/division/tree?rootId=&projectId=3 HTTP/1.1" 200 (32 ms)
[15/Sep/2022:15:44:20 +0800] 0:0:0:0:0:0:0:1 "GET /project/tree?rootId=0 HTTP/1.1" 200 (28 ms)
[15/Sep/2022:15:44:21 +0800] 0:0:0:0:0:0:0:1 "GET /budget/division/tree?rootId=&projectId=3 HTTP/1.1" 200 (33 ms)
[15/Sep/2022:15:45:10 +0800] 0:0:0:0:0:0:0:1 "GET /project/tree?rootId=0 HTTP/1.1" 200 (19 ms)
[15/Sep/2022:15:45:10 +0800] 0:0:0:0:0:0:0:1 "GET /budget/division/tree?rootId=&projectId=3 HTTP/1.1" 200 (18 ms)
[15/Sep/2022:15:45:14 +0800] 0:0:0:0:0:0:0:1 "GET /project/tree?rootId=0 HTTP/1.1" 200 (27 ms)
[15/Sep/2022:15:45:14 +0800] 0:0:0:0:0:0:0:1 "GET /budget/division/tree?rootId=&projectId=3 HTTP/1.1" 200 (31 ms)
[15/Sep/2022:15:45:39 +0800] 0:0:0:0:0:0:0:1 "GET /project/tree?rootId=0 HTTP/1.1" 200 (24 ms)
[15/Sep/2022:15:45:39 +0800] 0:0:0:0:0:0:0:1 "GET /budget/division/tree?rootId=&projectId=3 HTTP/1.1" 200 (17 ms)
[15/Sep/2022:15:46:13 +0800] 0:0:0:0:0:0:0:1 "GET /project/tree?rootId=0 HTTP/1.1" 200 (33 ms)
[15/Sep/2022:15:46:13 +0800] 0:0:0:0:0:0:0:1 "GET /budget/division/tree?rootId=&projectId=3 HTTP/1.1" 200 (29 ms)
[15/Sep/2022:15:46:38 +0800] 0:0:0:0:0:0:0:1 "GET /project/tree?rootId=0 HTTP/1.1" 200 (26 ms)
[15/Sep/2022:15:46:38 +0800] 0:0:0:0:0:0:0:1 "GET /budget/division/tree?rootId=&projectId=3 HTTP/1.1" 200 (20 ms)
[15/Sep/2022:15:46:42 +0800] 0:0:0:0:0:0:0:1 "GET /project/tree?rootId=0 HTTP/1.1" 200 (30 ms)
[15/Sep/2022:15:46:42 +0800] 0:0:0:0:0:0:0:1 "GET /budget/division/tree?rootId=&projectId=3 HTTP/1.1" 200 (32 ms)
[15/Sep/2022:15:50:40 +0800] 0:0:0:0:0:0:0:1 "GET /project/tree?rootId=0 HTTP/1.1" 200 (38 ms)
[15/Sep/2022:15:50:40 +0800] 0:0:0:0:0:0:0:1 "GET /project/tree?rootId=0 HTTP/1.1" 200 (32 ms)
[15/Sep/2022:15:50:40 +0800] 0:0:0:0:0:0:0:1 "GET /budget/division/tree?rootId=&projectId=3 HTTP/1.1" 200 (21 ms)
[15/Sep/2022:15:50:51 +0800] 0:0:0:0:0:0:0:1 "GET /project/tree?rootId=0 HTTP/1.1" 200 (18 ms)
[15/Sep/2022:15:50:51 +0800] 0:0:0:0:0:0:0:1 "GET /budget/division/tree?rootId=&projectId=3 HTTP/1.1" 200 (17 ms)
[15/Sep/2022:15:50:58 +0800] 0:0:0:0:0:0:0:1 "GET /project/tree?rootId=0 HTTP/1.1" 200 (28 ms)
[15/Sep/2022:15:50:58 +0800] 0:0:0:0:0:0:0:1 "GET /budget/division/tree?rootId=&projectId=3 HTTP/1.1" 200 (18 ms)
[15/Sep/2022:15:51:29 +0800] 0:0:0:0:0:0:0:1 "GET /project/tree?rootId=0 HTTP/1.1" 200 (51 ms)
[15/Sep/2022:15:51:29 +0800] 0:0:0:0:0:0:0:1 "GET /budget/division/tree?rootId=&projectId=3 HTTP/1.1" 200 (30 ms)
[15/Sep/2022:17:34:55 +0800] 0:0:0:0:0:0:0:1 "POST /system/token HTTP/1.1" 200 (134 ms)
[15/Sep/2022:17:34:55 +0800] 0:0:0:0:0:0:0:1 "GET /system/menu HTTP/1.1" 200 (91 ms)
[15/Sep/2022:17:34:56 +0800] 0:0:0:0:0:0:0:1 "GET /project/fetch?ownId=0 HTTP/1.1" 200 (1270 ms)
[15/Sep/2022:17:35:00 +0800] 0:0:0:0:0:0:0:1 "GET /project/tree?rootId=0 HTTP/1.1" 200 (53 ms)
[15/Sep/2022:17:35:00 +0800] 0:0:0:0:0:0:0:1 "GET /budget/division/tree?rootId=&projectId=3 HTTP/1.1" 200 (60 ms)
[15/Sep/2022:17:36:39 +0800] 0:0:0:0:0:0:0:1 "GET /project/tree?rootId=0 HTTP/1.1" 200 (59 ms)
[15/Sep/2022:17:36:39 +0800] 0:0:0:0:0:0:0:1 "GET /budget/division/tree?rootId=&projectId=3 HTTP/1.1" 200 (65 ms)
[15/Sep/2022:17:40:08 +0800] 0:0:0:0:0:0:0:1 "GET /project/tree?rootId=0 HTTP/1.1" 200 (26 ms)
[15/Sep/2022:17:42:07 +0800] 0:0:0:0:0:0:0:1 "GET /project/tree?rootId=0 HTTP/1.1" 200 (36 ms)
[15/Sep/2022:17:42:07 +0800] 0:0:0:0:0:0:0:1 "GET /budget/division/tree?rootId=&projectId=3 HTTP/1.1" 200 (45 ms)
[15/Sep/2022:17:43:15 +0800] 0:0:0:0:0:0:0:1 "GET /project/tree?rootId=0 HTTP/1.1" 200 (27 ms)
[15/Sep/2022:17:43:15 +0800] 0:0:0:0:0:0:0:1 "GET /budget/division/tree?rootId=&projectId=3 HTTP/1.1" 200 (20 ms)
[15/Sep/2022:17:44:11 +0800] 0:0:0:0:0:0:0:1 "GET /project/tree?rootId=0 HTTP/1.1" 200 (34 ms)
[15/Sep/2022:17:44:11 +0800] 0:0:0:0:0:0:0:1 "GET /budget/division/tree?rootId=&projectId=3 HTTP/1.1" 200 (34 ms)
[15/Sep/2022:17:44:23 +0800] 0:0:0:0:0:0:0:1 "GET /project/tree?rootId=0 HTTP/1.1" 200 (39 ms)
[15/Sep/2022:17:44:23 +0800] 0:0:0:0:0:0:0:1 "GET /budget/division/tree?rootId=&projectId=3 HTTP/1.1" 200 (34 ms)
[15/Sep/2022:17:44:26 +0800] 0:0:0:0:0:0:0:1 "GET /project/tree?rootId=0 HTTP/1.1" 200 (38 ms)
[15/Sep/2022:17:44:26 +0800] 0:0:0:0:0:0:0:1 "GET /budget/division/tree?rootId=&projectId=3 HTTP/1.1" 200 (51 ms)
[15/Sep/2022:17:44:55 +0800] 0:0:0:0:0:0:0:1 "GET /project/tree?rootId=0 HTTP/1.1" 200 (24 ms)
[15/Sep/2022:17:44:55 +0800] 0:0:0:0:0:0:0:1 "GET /budget/division/tree?rootId=&projectId=3 HTTP/1.1" 200 (19 ms)
[15/Sep/2022:17:45:00 +0800] 0:0:0:0:0:0:0:1 "GET /project/tree?rootId=0 HTTP/1.1" 200 (26 ms)
[15/Sep/2022:17:45:00 +0800] 0:0:0:0:0:0:0:1 "GET /budget/division/tree?rootId=&projectId=3 HTTP/1.1" 200 (18 ms)
[15/Sep/2022:17:45:18 +0800] 0:0:0:0:0:0:0:1 "GET /project/tree?rootId=0 HTTP/1.1" 200 (19 ms)
[15/Sep/2022:17:45:18 +0800] 0:0:0:0:0:0:0:1 "GET /budget/division/tree?rootId=&projectId=3 HTTP/1.1" 200 (17 ms)
[15/Sep/2022:17:56:22 +0800] 0:0:0:0:0:0:0:1 "GET /project/tree?rootId=0 HTTP/1.1" 200 (24 ms)
[15/Sep/2022:17:56:22 +0800] 0:0:0:0:0:0:0:1 "GET /budget/division/tree?rootId=&projectId=3 HTTP/1.1" 200 (20 ms)
[15/Sep/2022:17:56:57 +0800] 0:0:0:0:0:0:0:1 "GET /project/tree?rootId=0 HTTP/1.1" 200 (29 ms)
[15/Sep/2022:17:56:57 +0800] 0:0:0:0:0:0:0:1 "GET /budget/division/tree?rootId=&projectId=3 HTTP/1.1" 200 (18 ms)
[15/Sep/2022:17:59:00 +0800] 0:0:0:0:0:0:0:1 "GET /project/tree?rootId=0 HTTP/1.1" 200 (28 ms)
[15/Sep/2022:17:59:00 +0800] 0:0:0:0:0:0:0:1 "GET /budget/division/tree?rootId=&projectId=3 HTTP/1.1" 200 (27 ms)
[15/Sep/2022:18:04:30 +0800] 0:0:0:0:0:0:0:1 "GET /project/tree?rootId=0 HTTP/1.1" 200 (27 ms)
[15/Sep/2022:18:04:30 +0800] 0:0:0:0:0:0:0:1 "GET /budget/division/tree?rootId=&projectId=3 HTTP/1.1" 200 (18 ms)
[15/Sep/2022:18:06:36 +0800] 0:0:0:0:0:0:0:1 "GET /project/tree?rootId=0 HTTP/1.1" 200 (39 ms)
[15/Sep/2022:18:06:37 +0800] 0:0:0:0:0:0:0:1 "GET /budget/division/tree?rootId=&projectId=3 HTTP/1.1" 200 (18 ms)
[15/Sep/2022:18:08:12 +0800] 0:0:0:0:0:0:0:1 "GET /project/tree?rootId=0 HTTP/1.1" 200 (27 ms)
[15/Sep/2022:18:08:12 +0800] 0:0:0:0:0:0:0:1 "GET /budget/division/tree?rootId=&projectId=3 HTTP/1.1" 200 (18 ms)
[15/Sep/2022:18:09:42 +0800] 0:0:0:0:0:0:0:1 "GET /project/tree?rootId=0 HTTP/1.1" 200 (24 ms)
[15/Sep/2022:18:09:42 +0800] 0:0:0:0:0:0:0:1 "GET /budget/division/tree?rootId=&projectId=3 HTTP/1.1" 200 (17 ms)
[15/Sep/2022:18:09:52 +0800] 0:0:0:0:0:0:0:1 "GET /project/tree?rootId=0 HTTP/1.1" 200 (18 ms)
[15/Sep/2022:18:09:52 +0800] 0:0:0:0:0:0:0:1 "GET /budget/division/tree?rootId=&projectId=3 HTTP/1.1" 200 (20 ms)
[15/Sep/2022:18:16:49 +0800] 0:0:0:0:0:0:0:1 "GET /project/tree?rootId=0 HTTP/1.1" 200 (26 ms)
[15/Sep/2022:18:16:49 +0800] 0:0:0:0:0:0:0:1 "GET /budget/division/tree?rootId=&projectId=3 HTTP/1.1" 200 (17 ms)
[15/Sep/2022:18:20:33 +0800] 0:0:0:0:0:0:0:1 "GET /project/tree?rootId=0 HTTP/1.1" 200 (29 ms)
[15/Sep/2022:18:20:33 +0800] 0:0:0:0:0:0:0:1 "GET /budget/division/tree?rootId=&projectId=3 HTTP/1.1" 200 (19 ms)
[15/Sep/2022:18:20:36 +0800] 0:0:0:0:0:0:0:1 "GET /project/tree?rootId=0 HTTP/1.1" 200 (21 ms)
[15/Sep/2022:18:20:36 +0800] 0:0:0:0:0:0:0:1 "GET /budget/division/tree?rootId=&projectId=3 HTTP/1.1" 200 (19 ms)
[15/Sep/2022:18:21:02 +0800] 0:0:0:0:0:0:0:1 "GET /project/tree?rootId=0 HTTP/1.1" 200 (20 ms)
[15/Sep/2022:18:21:02 +0800] 0:0:0:0:0:0:0:1 "GET /budget/division/tree?rootId=&projectId=3 HTTP/1.1" 200 (17 ms)
[15/Sep/2022:18:24:32 +0800] 0:0:0:0:0:0:0:1 "GET /project/tree?rootId=0 HTTP/1.1" 200 (27 ms)
[15/Sep/2022:18:24:32 +0800] 0:0:0:0:0:0:0:1 "GET /budget/division/tree?rootId=&projectId=3 HTTP/1.1" 200 (23 ms)
[15/Sep/2022:18:25:40 +0800] 0:0:0:0:0:0:0:1 "GET /project/tree?rootId=0 HTTP/1.1" 200 (26 ms)
[15/Sep/2022:18:25:40 +0800] 0:0:0:0:0:0:0:1 "GET /budget/division/tree?rootId=&projectId=3 HTTP/1.1" 200 (17 ms)
[15/Sep/2022:18:28:30 +0800] 0:0:0:0:0:0:0:1 "GET /project/tree?rootId=0 HTTP/1.1" 200 (35 ms)
[15/Sep/2022:18:28:30 +0800] 0:0:0:0:0:0:0:1 "GET /budget/division/tree?rootId=&projectId=3 HTTP/1.1" 200 (26 ms)
[15/Sep/2022:18:28:34 +0800] 0:0:0:0:0:0:0:1 "GET /project/tree?rootId=0 HTTP/1.1" 200 (22 ms)
[15/Sep/2022:18:28:34 +0800] 0:0:0:0:0:0:0:1 "GET /budget/division/tree?rootId=&projectId=3 HTTP/1.1" 200 (19 ms)
[15/Sep/2022:18:32:58 +0800] 0:0:0:0:0:0:0:1 "GET /project/tree?rootId=0 HTTP/1.1" 200 (44 ms)
[15/Sep/2022:18:33:01 +0800] 0:0:0:0:0:0:0:1 "GET /project/tree?rootId=0 HTTP/1.1" 200 (36 ms)
[15/Sep/2022:18:33:01 +0800] 0:0:0:0:0:0:0:1 "GET /budget/division/tree?rootId=&projectId=3 HTTP/1.1" 200 (21 ms)
[15/Sep/2022:18:35:02 +0800] 0:0:0:0:0:0:0:1 "GET /project/tree?rootId=0 HTTP/1.1" 200 (30 ms)
[15/Sep/2022:18:35:02 +0800] 0:0:0:0:0:0:0:1 "GET /budget/division/tree?rootId=&projectId=3 HTTP/1.1" 200 (17 ms)
[15/Sep/2022:18:36:46 +0800] 0:0:0:0:0:0:0:1 "GET /project/tree?rootId=0 HTTP/1.1" 200 (42 ms)
[15/Sep/2022:18:36:46 +0800] 0:0:0:0:0:0:0:1 "GET /budget/division/tree?rootId=&projectId=3 HTTP/1.1" 200 (19 ms)
[15/Sep/2022:18:47:02 +0800] 0:0:0:0:0:0:0:1 "GET /project/tree?rootId=0 HTTP/1.1" 200 (37 ms)
[15/Sep/2022:18:47:02 +0800] 0:0:0:0:0:0:0:1 "GET /budget/division/tree?rootId=&projectId=3 HTTP/1.1" 200 (22 ms)
[15/Sep/2022:18:48:04 +0800] 0:0:0:0:0:0:0:1 "GET /project/tree?rootId=0 HTTP/1.1" 200 (45 ms)
[15/Sep/2022:18:48:04 +0800] 0:0:0:0:0:0:0:1 "GET /budget/division/tree?rootId=&projectId=3 HTTP/1.1" 200 (24 ms)
[15/Sep/2022:18:49:18 +0800] 0:0:0:0:0:0:0:1 "GET /project/tree?rootId=0 HTTP/1.1" 200 (28 ms)
[15/Sep/2022:18:49:18 +0800] 0:0:0:0:0:0:0:1 "GET /budget/division/tree?rootId=&projectId=3 HTTP/1.1" 200 (16 ms)
[15/Sep/2022:18:49:43 +0800] 0:0:0:0:0:0:0:1 "GET /project/tree?rootId=0 HTTP/1.1" 200 (21 ms)
[15/Sep/2022:18:49:43 +0800] 0:0:0:0:0:0:0:1 "GET /budget/division/tree?rootId=&projectId=3 HTTP/1.1" 200 (21 ms)
[15/Sep/2022:19:49:26 +0800] 0:0:0:0:0:0:0:1 "POST /system/token HTTP/1.1" 200 (166 ms)
[15/Sep/2022:19:49:27 +0800] 0:0:0:0:0:0:0:1 "GET /system/menu HTTP/1.1" 200 (159 ms)
[15/Sep/2022:19:49:29 +0800] 0:0:0:0:0:0:0:1 "GET /project/fetch?ownId=0 HTTP/1.1" 200 (1838 ms)
[15/Sep/2022:19:49:32 +0800] 0:0:0:0:0:0:0:1 "GET /project/tree?rootId=0 HTTP/1.1" 200 (54 ms)
[15/Sep/2022:19:49:33 +0800] 0:0:0:0:0:0:0:1 "GET /budget/division/tree?rootId=&projectId=3 HTTP/1.1" 200 (169 ms)
[15/Sep/2022:19:49:45 +0800] 0:0:0:0:0:0:0:1 "OPTIONS /budget/division/push HTTP/1.1" 200 (7 ms)
[15/Sep/2022:19:49:45 +0800] 0:0:0:0:0:0:0:1 "POST /budget/division/push HTTP/1.1" 500 (113 ms)
[15/Sep/2022:19:50:08 +0800] 0:0:0:0:0:0:0:1 "GET /project/tree?rootId=0 HTTP/1.1" 200 (51 ms)
[15/Sep/2022:19:50:08 +0800] 0:0:0:0:0:0:0:1 "GET /budget/division/tree?rootId=&projectId=3 HTTP/1.1" 200 (54 ms)
[15/Sep/2022:19:51:45 +0800] 0:0:0:0:0:0:0:1 "POST /budget/division/push HTTP/1.1" 500 (7 ms)
[15/Sep/2022:19:58:38 +0800] 0:0:0:0:0:0:0:1 "GET /project/tree?rootId=0 HTTP/1.1" 200 (993 ms)
[15/Sep/2022:19:58:38 +0800] 0:0:0:0:0:0:0:1 "GET /budget/division/tree?rootId=&projectId=3 HTTP/1.1" 200 (53 ms)
[15/Sep/2022:19:58:44 +0800] 0:0:0:0:0:0:0:1 "POST /budget/division/push HTTP/1.1" 200 (69 ms)
[15/Sep/2022:19:59:03 +0800] 0:0:0:0:0:0:0:1 "GET /project/tree?rootId=0 HTTP/1.1" 200 (44 ms)
[15/Sep/2022:19:59:03 +0800] 0:0:0:0:0:0:0:1 "GET /budget/division/tree?rootId=&projectId=3 HTTP/1.1" 200 (47 ms)
[15/Sep/2022:20:00:20 +0800] 0:0:0:0:0:0:0:1 "GET /project/tree?rootId=0 HTTP/1.1" 200 (54 ms)
[15/Sep/2022:20:00:20 +0800] 0:0:0:0:0:0:0:1 "GET /budget/division/tree?rootId=&projectId=3 HTTP/1.1" 200 (31 ms)
[15/Sep/2022:20:00:31 +0800] 0:0:0:0:0:0:0:1 "GET /project/tree?rootId=0 HTTP/1.1" 200 (25 ms)
[15/Sep/2022:20:00:31 +0800] 0:0:0:0:0:0:0:1 "GET /budget/division/tree?rootId=&projectId=3 HTTP/1.1" 200 (19 ms)
[15/Sep/2022:20:00:59 +0800] 0:0:0:0:0:0:0:1 "GET /project/tree?rootId=0 HTTP/1.1" 200 (25 ms)
[15/Sep/2022:20:01:00 +0800] 0:0:0:0:0:0:0:1 "GET /budget/division/tree?rootId=&projectId=3 HTTP/1.1" 200 (35 ms)
[15/Sep/2022:20:04:17 +0800] 0:0:0:0:0:0:0:1 "GET /project/tree?rootId=0 HTTP/1.1" 200 (45 ms)
[15/Sep/2022:20:04:17 +0800] 0:0:0:0:0:0:0:1 "GET /budget/division/tree?rootId=&projectId=3 HTTP/1.1" 200 (25 ms)
[15/Sep/2022:20:04:59 +0800] 0:0:0:0:0:0:0:1 "GET /project/tree?rootId=0 HTTP/1.1" 200 (35 ms)
[15/Sep/2022:20:04:59 +0800] 0:0:0:0:0:0:0:1 "GET /budget/division/tree?rootId=&projectId=3 HTTP/1.1" 200 (37 ms)
[15/Sep/2022:20:05:08 +0800] 0:0:0:0:0:0:0:1 "POST /budget/division/push HTTP/1.1" 200 (17 ms)
[15/Sep/2022:20:08:07 +0800] 0:0:0:0:0:0:0:1 "GET /project/tree?rootId=0 HTTP/1.1" 200 (23 ms)
[15/Sep/2022:20:08:07 +0800] 0:0:0:0:0:0:0:1 "GET /budget/division/tree?rootId=&projectId=3 HTTP/1.1" 200 (20 ms)
[15/Sep/2022:20:09:26 +0800] 0:0:0:0:0:0:0:1 "GET /project/tree?rootId=0 HTTP/1.1" 200 (38 ms)
[15/Sep/2022:20:09:26 +0800] 0:0:0:0:0:0:0:1 "GET /budget/division/tree?rootId=&projectId=3 HTTP/1.1" 200 (28 ms)
[15/Sep/2022:20:09:33 +0800] 0:0:0:0:0:0:0:1 "POST /budget/division/push HTTP/1.1" 200 (129 ms)
[15/Sep/2022:20:09:52 +0800] 0:0:0:0:0:0:0:1 "GET /project/tree?rootId=0 HTTP/1.1" 200 (32 ms)
[15/Sep/2022:20:09:52 +0800] 0:0:0:0:0:0:0:1 "GET /budget/division/tree?rootId=&projectId=3 HTTP/1.1" 200 (30 ms)
[15/Sep/2022:20:11:07 +0800] 0:0:0:0:0:0:0:1 "POST /budget/division/push HTTP/1.1" 200 (173 ms)
[15/Sep/2022:20:13:09 +0800] 0:0:0:0:0:0:0:1 "GET /project/tree?rootId=0 HTTP/1.1" 200 (44 ms)
[15/Sep/2022:20:13:09 +0800] 0:0:0:0:0:0:0:1 "GET /budget/division/tree?rootId=&projectId=3 HTTP/1.1" 200 (17 ms)
[15/Sep/2022:20:13:14 +0800] 0:0:0:0:0:0:0:1 "GET /project/tree?rootId=0 HTTP/1.1" 200 (29 ms)
[15/Sep/2022:20:13:14 +0800] 0:0:0:0:0:0:0:1 "GET /budget/division/tree?rootId=&projectId=3 HTTP/1.1" 200 (31 ms)
[15/Sep/2022:20:13:22 +0800] 0:0:0:0:0:0:0:1 "POST /budget/division/push HTTP/1.1" 200 (24 ms)
[15/Sep/2022:20:14:49 +0800] 0:0:0:0:0:0:0:1 "GET /project/tree?rootId=0 HTTP/1.1" 200 (33 ms)
[15/Sep/2022:20:14:49 +0800] 0:0:0:0:0:0:0:1 "GET /budget/division/tree?rootId=&projectId=3 HTTP/1.1" 200 (17 ms)
[15/Sep/2022:20:14:55 +0800] 0:0:0:0:0:0:0:1 "GET /project/tree?rootId=0 HTTP/1.1" 200 (31 ms)
[15/Sep/2022:20:14:55 +0800] 0:0:0:0:0:0:0:1 "GET /budget/division/tree?rootId=&projectId=3 HTTP/1.1" 200 (24 ms)
[15/Sep/2022:20:15:02 +0800] 0:0:0:0:0:0:0:1 "POST /budget/division/push HTTP/1.1" 200 (113 ms)
[15/Sep/2022:20:15:15 +0800] 0:0:0:0:0:0:0:1 "POST /budget/division/push HTTP/1.1" 500 (56 ms)
[15/Sep/2022:20:23:28 +0800] 0:0:0:0:0:0:0:1 "GET /project/tree?rootId=0 HTTP/1.1" 200 (39 ms)
[15/Sep/2022:20:23:28 +0800] 0:0:0:0:0:0:0:1 "GET /project/tree?rootId=0 HTTP/1.1" 200 (23 ms)
[15/Sep/2022:20:23:28 +0800] 0:0:0:0:0:0:0:1 "GET /budget/division/tree?rootId=&projectId=3 HTTP/1.1" 200 (16 ms)
[15/Sep/2022:20:24:39 +0800] 0:0:0:0:0:0:0:1 "GET /project/tree?rootId=0 HTTP/1.1" 200 (30 ms)
[15/Sep/2022:20:24:39 +0800] 0:0:0:0:0:0:0:1 "GET /budget/division/tree?rootId=&projectId=3 HTTP/1.1" 200 (29 ms)
[15/Sep/2022:20:24:43 +0800] 0:0:0:0:0:0:0:1 "GET /project/tree?rootId=0 HTTP/1.1" 200 (29 ms)
[15/Sep/2022:20:24:43 +0800] 0:0:0:0:0:0:0:1 "GET /budget/division/tree?rootId=&projectId=3 HTTP/1.1" 200 (18 ms)
[15/Sep/2022:20:24:57 +0800] 0:0:0:0:0:0:0:1 "GET /project/tree?rootId=0 HTTP/1.1" 200 (21 ms)
[15/Sep/2022:20:24:57 +0800] 0:0:0:0:0:0:0:1 "GET /budget/division/tree?rootId=&projectId=3 HTTP/1.1" 200 (17 ms)
[15/Sep/2022:20:25:12 +0800] 0:0:0:0:0:0:0:1 "GET /project/tree?rootId=0 HTTP/1.1" 200 (23 ms)
[15/Sep/2022:20:25:12 +0800] 0:0:0:0:0:0:0:1 "GET /budget/division/tree?rootId=&projectId=3 HTTP/1.1" 200 (18 ms)
[15/Sep/2022:20:25:18 +0800] 0:0:0:0:0:0:0:1 "GET /project/tree?rootId=0 HTTP/1.1" 200 (33 ms)
[15/Sep/2022:20:25:19 +0800] 0:0:0:0:0:0:0:1 "GET /budget/division/tree?rootId=&projectId=3 HTTP/1.1" 200 (44 ms)
[15/Sep/2022:20:25:27 +0800] 0:0:0:0:0:0:0:1 "OPTIONS /budget/division/push HTTP/1.1" 200 (4 ms)
[15/Sep/2022:20:25:28 +0800] 0:0:0:0:0:0:0:1 "POST /budget/division/push HTTP/1.1" 200 (479 ms)
[15/Sep/2022:20:29:03 +0800] 0:0:0:0:0:0:0:1 "GET /project/tree?rootId=0 HTTP/1.1" 200 (35 ms)
[15/Sep/2022:20:29:03 +0800] 0:0:0:0:0:0:0:1 "GET /budget/division/tree?rootId=&projectId=3 HTTP/1.1" 200 (21 ms)
[15/Sep/2022:20:29:06 +0800] 0:0:0:0:0:0:0:1 "GET /project/tree?rootId=0 HTTP/1.1" 200 (40 ms)
[15/Sep/2022:20:29:06 +0800] 0:0:0:0:0:0:0:1 "GET /budget/division/tree?rootId=&projectId=3 HTTP/1.1" 200 (42 ms)
[15/Sep/2022:20:29:16 +0800] 0:0:0:0:0:0:0:1 "POST /budget/division/push HTTP/1.1" 200 (320 ms)
[15/Sep/2022:20:30:07 +0800] 0:0:0:0:0:0:0:1 "GET /project/tree?rootId=0 HTTP/1.1" 200 (19 ms)
[15/Sep/2022:20:30:07 +0800] 0:0:0:0:0:0:0:1 "GET /budget/division/tree?rootId=&projectId=3 HTTP/1.1" 200 (16 ms)
[15/Sep/2022:20:30:16 +0800] 0:0:0:0:0:0:0:1 "GET /project/tree?rootId=0 HTTP/1.1" 200 (18 ms)
[15/Sep/2022:20:30:16 +0800] 0:0:0:0:0:0:0:1 "GET /budget/division/tree?rootId=&projectId=3 HTTP/1.1" 200 (28 ms)
[15/Sep/2022:20:30:20 +0800] 0:0:0:0:0:0:0:1 "GET /project/tree?rootId=0 HTTP/1.1" 200 (31 ms)
[15/Sep/2022:20:30:20 +0800] 0:0:0:0:0:0:0:1 "GET /budget/division/tree?rootId=&projectId=3 HTTP/1.1" 200 (27 ms)
[15/Sep/2022:20:30:27 +0800] 0:0:0:0:0:0:0:1 "POST /budget/division/push HTTP/1.1" 200 (356 ms)
[15/Sep/2022:20:32:06 +0800] 0:0:0:0:0:0:0:1 "GET /project/tree?rootId=0 HTTP/1.1" 200 (26 ms)
[15/Sep/2022:20:32:06 +0800] 0:0:0:0:0:0:0:1 "GET /budget/division/tree?rootId=&projectId=3 HTTP/1.1" 200 (17 ms)
[15/Sep/2022:20:32:48 +0800] 0:0:0:0:0:0:0:1 "GET /project/tree?rootId=0 HTTP/1.1" 200 (34 ms)
[15/Sep/2022:20:32:48 +0800] 0:0:0:0:0:0:0:1 "GET /budget/division/tree?rootId=&projectId=3 HTTP/1.1" 200 (22 ms)
[15/Sep/2022:20:32:48 +0800] 0:0:0:0:0:0:0:1 "GET /project/tree?rootId=0 HTTP/1.1" 200 (15 ms)
[15/Sep/2022:20:32:48 +0800] 0:0:0:0:0:0:0:1 "GET /budget/division/tree?rootId=&projectId=3 HTTP/1.1" 200 (22 ms)
[15/Sep/2022:20:32:59 +0800] 0:0:0:0:0:0:0:1 "GET /project/tree?rootId=0 HTTP/1.1" 200 (24 ms)
[15/Sep/2022:20:32:59 +0800] 0:0:0:0:0:0:0:1 "GET /budget/division/tree?rootId=&projectId=3 HTTP/1.1" 200 (17 ms)
[15/Sep/2022:20:33:08 +0800] 0:0:0:0:0:0:0:1 "GET /project/tree?rootId=0 HTTP/1.1" 200 (28 ms)
[15/Sep/2022:20:33:08 +0800] 0:0:0:0:0:0:0:1 "GET /budget/division/tree?rootId=&projectId=3 HTTP/1.1" 200 (28 ms)
[15/Sep/2022:20:33:11 +0800] 0:0:0:0:0:0:0:1 "POST /budget/division/push HTTP/1.1" 200 (328 ms)
[15/Sep/2022:20:33:31 +0800] 0:0:0:0:0:0:0:1 "POST /budget/division/push HTTP/1.1" 200 (121 ms)
[15/Sep/2022:20:33:40 +0800] 0:0:0:0:0:0:0:1 "GET /project/tree?rootId=0 HTTP/1.1" 200 (32 ms)
[15/Sep/2022:20:33:40 +0800] 0:0:0:0:0:0:0:1 "GET /budget/division/tree?rootId=&projectId=3 HTTP/1.1" 200 (22 ms)
[15/Sep/2022:20:34:01 +0800] 0:0:0:0:0:0:0:1 "GET /project/tree?rootId=0 HTTP/1.1" 200 (22 ms)
[15/Sep/2022:20:34:02 +0800] 0:0:0:0:0:0:0:1 "GET /budget/division/tree?rootId=&projectId=3 HTTP/1.1" 200 (18 ms)
[15/Sep/2022:20:34:22 +0800] 0:0:0:0:0:0:0:1 "GET /project/tree?rootId=0 HTTP/1.1" 200 (29 ms)
[15/Sep/2022:20:34:22 +0800] 0:0:0:0:0:0:0:1 "GET /budget/division/tree?rootId=&projectId=3 HTTP/1.1" 200 (24 ms)
[15/Sep/2022:20:34:26 +0800] 0:0:0:0:0:0:0:1 "POST /budget/division/push HTTP/1.1" 200 (361 ms)
[15/Sep/2022:20:34:45 +0800] 0:0:0:0:0:0:0:1 "GET /project/tree?rootId=0 HTTP/1.1" 200 (18 ms)
[15/Sep/2022:20:34:45 +0800] 0:0:0:0:0:0:0:1 "GET /budget/division/tree?rootId=&projectId=3 HTTP/1.1" 200 (18 ms)
[15/Sep/2022:20:34:52 +0800] 0:0:0:0:0:0:0:1 "GET /project/tree?rootId=0 HTTP/1.1" 200 (33 ms)
[15/Sep/2022:20:34:52 +0800] 0:0:0:0:0:0:0:1 "GET /budget/division/tree?rootId=&projectId=3 HTTP/1.1" 200 (32 ms)
[15/Sep/2022:20:34:57 +0800] 0:0:0:0:0:0:0:1 "GET /project/tree?rootId=0 HTTP/1.1" 200 (28 ms)
[15/Sep/2022:20:34:57 +0800] 0:0:0:0:0:0:0:1 "GET /budget/division/tree?rootId=&projectId=3 HTTP/1.1" 200 (34 ms)
[15/Sep/2022:20:35:02 +0800] 0:0:0:0:0:0:0:1 "POST /budget/division/push HTTP/1.1" 200 (443 ms)
[15/Sep/2022:20:35:11 +0800] 0:0:0:0:0:0:0:1 "GET /project/tree?rootId=0 HTTP/1.1" 200 (17 ms)
[15/Sep/2022:20:35:11 +0800] 0:0:0:0:0:0:0:1 "GET /budget/division/tree?rootId=&projectId=3 HTTP/1.1" 200 (20 ms)
[15/Sep/2022:20:50:25 +0800] 0:0:0:0:0:0:0:1 "GET /project/tree?rootId=0 HTTP/1.1" 200 (45 ms)
[15/Sep/2022:20:50:25 +0800] 0:0:0:0:0:0:0:1 "GET /project/tree?rootId=0 HTTP/1.1" 200 (31 ms)
[15/Sep/2022:20:50:25 +0800] 0:0:0:0:0:0:0:1 "GET /budget/division/tree?rootId=&projectId=3 HTTP/1.1" 200 (23 ms)
[15/Sep/2022:20:52:00 +0800] 0:0:0:0:0:0:0:1 "GET /project/tree?rootId=0 HTTP/1.1" 200 (33 ms)
[15/Sep/2022:20:52:00 +0800] 0:0:0:0:0:0:0:1 "GET /project/tree?rootId=0 HTTP/1.1" 200 (18 ms)
[15/Sep/2022:20:52:00 +0800] 0:0:0:0:0:0:0:1 "GET /budget/division/tree?rootId=&projectId=3 HTTP/1.1" 200 (17 ms)
[15/Sep/2022:20:52:07 +0800] 0:0:0:0:0:0:0:1 "GET /project/tree?rootId=0 HTTP/1.1" 200 (18 ms)
[15/Sep/2022:20:52:07 +0800] 0:0:0:0:0:0:0:1 "GET /budget/division/tree?rootId=&projectId=3 HTTP/1.1" 200 (17 ms)
[15/Sep/2022:20:57:13 +0800] 0:0:0:0:0:0:0:1 "GET /project/tree?rootId=0 HTTP/1.1" 200 (38 ms)
[15/Sep/2022:20:57:13 +0800] 0:0:0:0:0:0:0:1 "GET /project/tree?rootId=0 HTTP/1.1" 200 (92 ms)
[15/Sep/2022:20:57:13 +0800] 0:0:0:0:0:0:0:1 "GET /budget/division/tree?rootId=&projectId=3 HTTP/1.1" 200 (20 ms)
[15/Sep/2022:20:57:40 +0800] 0:0:0:0:0:0:0:1 "GET /project/tree?rootId=0 HTTP/1.1" 200 (26 ms)
[15/Sep/2022:20:57:40 +0800] 0:0:0:0:0:0:0:1 "GET /budget/division/tree?rootId=&projectId=3 HTTP/1.1" 200 (30 ms)
[15/Sep/2022:21:00:38 +0800] 0:0:0:0:0:0:0:1 "GET /project/tree?rootId=0 HTTP/1.1" 200 (46 ms)
[15/Sep/2022:21:00:38 +0800] 0:0:0:0:0:0:0:1 "GET /budget/division/tree?rootId=&projectId=3 HTTP/1.1" 200 (22 ms)
[15/Sep/2022:21:00:47 +0800] 0:0:0:0:0:0:0:1 "GET /project/tree?rootId=0 HTTP/1.1" 200 (35 ms)
[15/Sep/2022:21:00:47 +0800] 0:0:0:0:0:0:0:1 "GET /budget/division/tree?rootId=&projectId=3 HTTP/1.1" 200 (21 ms)
[15/Sep/2022:21:00:59 +0800] 0:0:0:0:0:0:0:1 "GET /project/tree?rootId=0 HTTP/1.1" 200 (19 ms)
[15/Sep/2022:21:00:59 +0800] 0:0:0:0:0:0:0:1 "GET /budget/division/tree?rootId=&projectId=3 HTTP/1.1" 200 (18 ms)
[15/Sep/2022:21:01:29 +0800] 0:0:0:0:0:0:0:1 "GET /project/tree?rootId=0 HTTP/1.1" 200 (18 ms)
[15/Sep/2022:21:01:29 +0800] 0:0:0:0:0:0:0:1 "GET /budget/division/tree?rootId=&projectId=3 HTTP/1.1" 200 (19 ms)
[15/Sep/2022:21:01:36 +0800] 0:0:0:0:0:0:0:1 "GET /project/tree?rootId=0 HTTP/1.1" 200 (21 ms)
[15/Sep/2022:21:01:36 +0800] 0:0:0:0:0:0:0:1 "GET /budget/division/tree?rootId=&projectId=3 HTTP/1.1" 200 (23 ms)
[15/Sep/2022:21:19:30 +0800] 0:0:0:0:0:0:0:1 "GET /project/tree?rootId=0 HTTP/1.1" 200 (62 ms)
[15/Sep/2022:21:19:31 +0800] 0:0:0:0:0:0:0:1 "GET /budget/division/tree?rootId=&projectId=3 HTTP/1.1" 200 (41 ms)
[15/Sep/2022:21:19:37 +0800] 0:0:0:0:0:0:0:1 "OPTIONS /budget/division/push HTTP/1.1" 200 (2 ms)
[15/Sep/2022:21:19:37 +0800] 0:0:0:0:0:0:0:1 "POST /budget/division/push HTTP/1.1" 200 (363 ms)
[15/Sep/2022:21:22:52 +0800] 0:0:0:0:0:0:0:1 "GET /project/tree?rootId=0 HTTP/1.1" 200 (25 ms)
[15/Sep/2022:21:22:52 +0800] 0:0:0:0:0:0:0:1 "GET /budget/division/tree?rootId=&projectId=3 HTTP/1.1" 200 (16 ms)
[15/Sep/2022:21:23:16 +0800] 0:0:0:0:0:0:0:1 "GET /project/tree?rootId=0 HTTP/1.1" 200 (36 ms)
[15/Sep/2022:21:23:16 +0800] 0:0:0:0:0:0:0:1 "GET /budget/division/tree?rootId=&projectId=3 HTTP/1.1" 200 (30 ms)
[15/Sep/2022:21:23:20 +0800] 0:0:0:0:0:0:0:1 "POST /budget/division/push HTTP/1.1" 200 (438 ms)
[15/Sep/2022:21:23:31 +0800] 0:0:0:0:0:0:0:1 "GET /project/tree?rootId=0 HTTP/1.1" 200 (33 ms)
[15/Sep/2022:21:23:32 +0800] 0:0:0:0:0:0:0:1 "GET /budget/division/tree?rootId=&projectId=3 HTTP/1.1" 200 (30 ms)
[15/Sep/2022:21:26:20 +0800] 0:0:0:0:0:0:0:1 "GET /project/tree?rootId=0 HTTP/1.1" 200 (24 ms)
[15/Sep/2022:21:26:20 +0800] 0:0:0:0:0:0:0:1 "GET /budget/division/tree?rootId=&projectId=3 HTTP/1.1" 200 (17 ms)
[15/Sep/2022:21:27:16 +0800] 0:0:0:0:0:0:0:1 "GET /project/tree?rootId=0 HTTP/1.1" 200 (32 ms)
[15/Sep/2022:21:27:16 +0800] 0:0:0:0:0:0:0:1 "GET /budget/division/tree?rootId=&projectId=3 HTTP/1.1" 200 (24 ms)
[15/Sep/2022:21:28:17 +0800] 0:0:0:0:0:0:0:1 "GET /project/tree?rootId=0 HTTP/1.1" 200 (29 ms)
[15/Sep/2022:21:28:17 +0800] 0:0:0:0:0:0:0:1 "GET /budget/division/tree?rootId=&projectId=3 HTTP/1.1" 200 (21 ms)
[15/Sep/2022:21:28:43 +0800] 0:0:0:0:0:0:0:1 "GET /project/tree?rootId=0 HTTP/1.1" 200 (31 ms)
[15/Sep/2022:21:28:43 +0800] 0:0:0:0:0:0:0:1 "GET /budget/division/tree?rootId=&projectId=3 HTTP/1.1" 200 (41 ms)
[15/Sep/2022:21:28:46 +0800] 0:0:0:0:0:0:0:1 "GET /project/tree?rootId=0 HTTP/1.1" 200 (36 ms)
[15/Sep/2022:21:28:47 +0800] 0:0:0:0:0:0:0:1 "GET /budget/division/tree?rootId=&projectId=3 HTTP/1.1" 200 (44 ms)
[15/Sep/2022:21:28:53 +0800] 0:0:0:0:0:0:0:1 "POST /budget/division/push HTTP/1.1" 200 (457 ms)
[15/Sep/2022:21:31:00 +0800] 0:0:0:0:0:0:0:1 "POST /budget/division/push HTTP/1.1" 200 (23 ms)
[15/Sep/2022:21:31:07 +0800] 0:0:0:0:0:0:0:1 "GET /project/tree?rootId=0 HTTP/1.1" 200 (30 ms)
[15/Sep/2022:21:31:07 +0800] 0:0:0:0:0:0:0:1 "GET /budget/division/tree?rootId=&projectId=3 HTTP/1.1" 200 (30 ms)
[15/Sep/2022:21:54:05 +0800] 0:0:0:0:0:0:0:1 "GET /project/tree?rootId=0 HTTP/1.1" 200 (27 ms)
[15/Sep/2022:21:54:06 +0800] 0:0:0:0:0:0:0:1 "GET /budget/division/tree?rootId=&projectId=3 HTTP/1.1" 200 (17 ms)
[15/Sep/2022:21:54:23 +0800] 0:0:0:0:0:0:0:1 "GET /project/tree?rootId=0 HTTP/1.1" 200 (31 ms)
[15/Sep/2022:21:54:23 +0800] 0:0:0:0:0:0:0:1 "GET /budget/division/tree?rootId=&projectId=3 HTTP/1.1" 200 (17 ms)
[15/Sep/2022:21:54:29 +0800] 0:0:0:0:0:0:0:1 "GET /project/tree?rootId=0 HTTP/1.1" 200 (25 ms)
[15/Sep/2022:21:54:29 +0800] 0:0:0:0:0:0:0:1 "GET /budget/division/tree?rootId=&projectId=3 HTTP/1.1" 200 (17 ms)
[15/Sep/2022:21:55:21 +0800] 0:0:0:0:0:0:0:1 "GET /project/tree?rootId=0 HTTP/1.1" 200 (19 ms)
[15/Sep/2022:21:55:21 +0800] 0:0:0:0:0:0:0:1 "GET /budget/division/tree?rootId=&projectId=3 HTTP/1.1" 200 (18 ms)
[15/Sep/2022:21:55:53 +0800] 0:0:0:0:0:0:0:1 "GET /project/tree?rootId=0 HTTP/1.1" 200 (19 ms)
[15/Sep/2022:21:55:53 +0800] 0:0:0:0:0:0:0:1 "GET /budget/division/tree?rootId=&projectId=3 HTTP/1.1" 200 (20 ms)
[15/Sep/2022:21:56:20 +0800] 0:0:0:0:0:0:0:1 "GET /project/tree?rootId=0 HTTP/1.1" 200 (27 ms)
[15/Sep/2022:21:56:20 +0800] 0:0:0:0:0:0:0:1 "GET /budget/division/tree?rootId=&projectId=3 HTTP/1.1" 200 (20 ms)
[15/Sep/2022:21:56:36 +0800] 0:0:0:0:0:0:0:1 "GET /project/tree?rootId=0 HTTP/1.1" 200 (26 ms)
[15/Sep/2022:21:56:36 +0800] 0:0:0:0:0:0:0:1 "GET /budget/division/tree?rootId=&projectId=3 HTTP/1.1" 200 (17 ms)
[15/Sep/2022:21:57:45 +0800] 0:0:0:0:0:0:0:1 "GET /project/tree?rootId=0 HTTP/1.1" 200 (33 ms)
[15/Sep/2022:21:57:46 +0800] 0:0:0:0:0:0:0:1 "GET /budget/division/tree?rootId=&projectId=3 HTTP/1.1" 200 (16 ms)
[15/Sep/2022:21:58:09 +0800] 0:0:0:0:0:0:0:1 "GET /project/tree?rootId=0 HTTP/1.1" 200 (25 ms)
[15/Sep/2022:21:58:09 +0800] 0:0:0:0:0:0:0:1 "GET /budget/division/tree?rootId=&projectId=3 HTTP/1.1" 200 (18 ms)
[15/Sep/2022:21:58:17 +0800] 0:0:0:0:0:0:0:1 "GET /project/tree?rootId=0 HTTP/1.1" 200 (19 ms)
[15/Sep/2022:21:58:17 +0800] 0:0:0:0:0:0:0:1 "GET /budget/division/tree?rootId=&projectId=3 HTTP/1.1" 200 (16 ms)
[15/Sep/2022:22:00:43 +0800] 0:0:0:0:0:0:0:1 "GET /project/tree?rootId=0 HTTP/1.1" 200 (1061 ms)
[15/Sep/2022:22:00:43 +0800] 0:0:0:0:0:0:0:1 "GET /budget/division/tree?rootId=&projectId=3 HTTP/1.1" 200 (44 ms)
[15/Sep/2022:22:00:47 +0800] 0:0:0:0:0:0:0:1 "OPTIONS /budget/division/push HTTP/1.1" 200 (5 ms)
[15/Sep/2022:22:00:48 +0800] 0:0:0:0:0:0:0:1 "POST /budget/division/push HTTP/1.1" 200 (410 ms)
[15/Sep/2022:22:02:59 +0800] 0:0:0:0:0:0:0:1 "GET /project/tree?rootId=0 HTTP/1.1" 200 (86 ms)
[15/Sep/2022:22:03:02 +0800] 0:0:0:0:0:0:0:1 "GET /project/tree?rootId=0 HTTP/1.1" 200 (36 ms)
[15/Sep/2022:22:03:02 +0800] 0:0:0:0:0:0:0:1 "GET /budget/division/tree?rootId=&projectId=3 HTTP/1.1" 200 (68 ms)
[15/Sep/2022:22:03:06 +0800] 0:0:0:0:0:0:0:1 "POST /budget/division/push HTTP/1.1" 200 (327 ms)
[15/Sep/2022:22:03:24 +0800] 0:0:0:0:0:0:0:1 "GET /project/tree?rootId=0 HTTP/1.1" 200 (41 ms)
[15/Sep/2022:22:03:24 +0800] 0:0:0:0:0:0:0:1 "GET /budget/division/tree?rootId=&projectId=3 HTTP/1.1" 200 (49 ms)
[15/Sep/2022:22:03:28 +0800] 0:0:0:0:0:0:0:1 "POST /budget/division/push HTTP/1.1" 200 (7 ms)
[15/Sep/2022:22:03:51 +0800] 0:0:0:0:0:0:0:1 "GET /project/tree?rootId=0 HTTP/1.1" 200 (39 ms)
[15/Sep/2022:22:03:51 +0800] 0:0:0:0:0:0:0:1 "GET /budget/division/tree?rootId=&projectId=3 HTTP/1.1" 200 (48 ms)
[15/Sep/2022:22:03:56 +0800] 0:0:0:0:0:0:0:1 "GET /project/tree?rootId=0 HTTP/1.1" 200 (34 ms)
[15/Sep/2022:22:03:56 +0800] 0:0:0:0:0:0:0:1 "GET /budget/division/tree?rootId=&projectId=3 HTTP/1.1" 200 (35 ms)
[15/Sep/2022:22:04:01 +0800] 0:0:0:0:0:0:0:1 "POST /budget/division/push HTTP/1.1" 200 (5 ms)
[15/Sep/2022:22:04:13 +0800] 0:0:0:0:0:0:0:1 "GET /project/tree?rootId=0 HTTP/1.1" 200 (27 ms)
[15/Sep/2022:22:04:13 +0800] 0:0:0:0:0:0:0:1 "GET /budget/division/tree?rootId=&projectId=3 HTTP/1.1" 200 (20 ms)
[15/Sep/2022:22:04:18 +0800] 0:0:0:0:0:0:0:1 "POST /budget/division/push HTTP/1.1" 200 (7 ms)
[15/Sep/2022:22:04:26 +0800] 0:0:0:0:0:0:0:1 "GET /project/tree?rootId=0 HTTP/1.1" 200 (35 ms)
[15/Sep/2022:22:04:26 +0800] 0:0:0:0:0:0:0:1 "GET /budget/division/tree?rootId=&projectId=3 HTTP/1.1" 200 (30 ms)
[15/Sep/2022:22:04:29 +0800] 0:0:0:0:0:0:0:1 "POST /budget/division/push HTTP/1.1" 200 (8 ms)
[15/Sep/2022:22:04:48 +0800] 0:0:0:0:0:0:0:1 "POST /budget/division/push HTTP/1.1" 200 (6 ms)
