[03/Oct/2022:09:16:47 +0800] 0:0:0:0:0:0:0:1 "OPTIONS /system/users/token HTTP/1.1" 200 (72 ms)
[03/Oct/2022:09:18:27 +0800] 0:0:0:0:0:0:0:1 "POST /system/users/token HTTP/1.1" 200 (1143 ms)
[03/Oct/2022:09:18:27 +0800] 0:0:0:0:0:0:0:1 "OPTIONS /system/index/getmenu HTTP/1.1" 200 (6 ms)
[03/Oct/2022:09:18:27 +0800] 0:0:0:0:0:0:0:1 "GET /system/index/getmenu HTTP/1.1" 200 (87 ms)
[03/Oct/2022:09:18:28 +0800] 0:0:0:0:0:0:0:1 "OPTIONS /home/project/fetch/?ownId=0 HTTP/1.1" 200 (4 ms)
[03/Oct/2022:09:18:28 +0800] 0:0:0:0:0:0:0:1 "GET /home/project/fetch/?ownId=0 HTTP/1.1" 200 (133 ms)
[03/Oct/2022:09:18:53 +0800] 0:0:0:0:0:0:0:1 "OPTIONS /dict/materials/fetch?rootId=0 HTTP/1.1" 200 (2 ms)
[03/Oct/2022:09:18:53 +0800] 0:0:0:0:0:0:0:1 "GET /dict/materials/fetch?rootId=0 HTTP/1.1" 200 (36 ms)
[03/Oct/2022:09:19:00 +0800] 0:0:0:0:0:0:0:1 "OPTIONS /dict/subpackage/fetch?rootId=0 HTTP/1.1" 200 (2 ms)
[03/Oct/2022:09:19:00 +0800] 0:0:0:0:0:0:0:1 "GET /dict/subpackage/fetch?rootId=0 HTTP/1.1" 200 (54 ms)
[03/Oct/2022:09:19:01 +0800] 0:0:0:0:0:0:0:1 "OPTIONS /home/project/fetch/?subPackageId=4973770171355136 HTTP/1.1" 200 (2 ms)
[03/Oct/2022:09:19:01 +0800] 0:0:0:0:0:0:0:1 "GET /home/project/fetch/?subPackageId=4973770171355136 HTTP/1.1" 200 (71 ms)
[03/Oct/2022:09:19:01 +0800] 0:0:0:0:0:0:0:1 "OPTIONS /report/subpackage/tree2?subPackageId=4973770171355136&projectId=2543997172191232 HTTP/1.1" 200 (2 ms)
[03/Oct/2022:09:19:01 +0800] 0:0:0:0:0:0:0:1 "GET /report/subpackage/tree2?subPackageId=4973770171355136&projectId=2543997172191232 HTTP/1.1" 200 (162 ms)
[03/Oct/2022:09:19:26 +0800] 0:0:0:0:0:0:0:1 "GET /dict/materials/fetch?rootId=0 HTTP/1.1" 200 (24 ms)
[03/Oct/2022:09:19:58 +0800] 0:0:0:0:0:0:0:1 "GET /home/project/fetch/?ownId=0 HTTP/1.1" 200 (26 ms)
[03/Oct/2022:09:26:41 +0800] 0:0:0:0:0:0:0:1 "GET /home/project/fetch/?ownId=0 HTTP/1.1" 200 (65 ms)
[03/Oct/2022:09:43:09 +0800] 0:0:0:0:0:0:0:1 "POST /system/users/token HTTP/1.1" 200 (342 ms)
[03/Oct/2022:09:43:09 +0800] 0:0:0:0:0:0:0:1 "GET /system/index/getmenu HTTP/1.1" 200 (12 ms)
[03/Oct/2022:09:43:09 +0800] 0:0:0:0:0:0:0:1 "GET /home/project/fetch/?ownId=0 HTTP/1.1" 200 (33 ms)
[03/Oct/2022:09:43:20 +0800] 0:0:0:0:0:0:0:1 "GET /home/project/fetch/?ownId=0 HTTP/1.1" 200 (24 ms)
[03/Oct/2022:09:43:20 +0800] 0:0:0:0:0:0:0:1 "OPTIONS /home/project/tree?ownId=2543997172191232&rootId=2543997172191232 HTTP/1.1" 200 (1 ms)
[03/Oct/2022:09:43:20 +0800] 0:0:0:0:0:0:0:1 "GET /home/project/tree?ownId=2543997172191232&rootId=2543997172191232 HTTP/1.1" 200 (20 ms)
[03/Oct/2022:09:43:22 +0800] 0:0:0:0:0:0:0:1 "OPTIONS /home/project/tree?ownId=3&rootId=3 HTTP/1.1" 200 (1 ms)
[03/Oct/2022:09:43:22 +0800] 0:0:0:0:0:0:0:1 "GET /home/project/tree?ownId=3&rootId=3 HTTP/1.1" 200 (21 ms)
[03/Oct/2022:09:43:22 +0800] 0:0:0:0:0:0:0:1 "OPTIONS /home/project/tree?ownId=5342111822123008&rootId=5342111822123008 HTTP/1.1" 200 (1 ms)
[03/Oct/2022:09:43:22 +0800] 0:0:0:0:0:0:0:1 "GET /home/project/tree?ownId=5342111822123008&rootId=5342111822123008 HTTP/1.1" 200 (19 ms)
[03/Oct/2022:09:43:23 +0800] 0:0:0:0:0:0:0:1 "OPTIONS /home/project/tree?ownId=2&rootId=2 HTTP/1.1" 200 (1 ms)
[03/Oct/2022:09:43:23 +0800] 0:0:0:0:0:0:0:1 "GET /home/project/tree?ownId=2&rootId=2 HTTP/1.1" 200 (19 ms)
[03/Oct/2022:09:44:21 +0800] 0:0:0:0:0:0:0:1 "GET /home/project/fetch/?ownId=0 HTTP/1.1" 200 (22 ms)
[03/Oct/2022:09:45:26 +0800] 0:0:0:0:0:0:0:1 "GET /home/project/fetch/?ownId=0 HTTP/1.1" 200 (52 ms)
[03/Oct/2022:09:45:26 +0800] 0:0:0:0:0:0:0:1 "GET /home/project/tree?ownId=2543997172191232&rootId=2543997172191232 HTTP/1.1" 200 (19 ms)
[03/Oct/2022:09:45:29 +0800] 0:0:0:0:0:0:0:1 "GET /home/project/tree?ownId=2&rootId=2 HTTP/1.1" 200 (19 ms)
[03/Oct/2022:09:46:43 +0800] 0:0:0:0:0:0:0:1 "GET /home/project/fetch/?ownId=0 HTTP/1.1" 200 (32 ms)
[03/Oct/2022:09:47:00 +0800] 0:0:0:0:0:0:0:1 "GET /home/project/fetch/?ownId=0 HTTP/1.1" 200 (25 ms)
[03/Oct/2022:09:47:00 +0800] 0:0:0:0:0:0:0:1 "GET /home/project/tree?ownId=2543997172191232&rootId=2543997172191232 HTTP/1.1" 200 (17 ms)
[03/Oct/2022:09:47:07 +0800] 0:0:0:0:0:0:0:1 "GET /home/project/tree?ownId=2&rootId=2 HTTP/1.1" 200 (19 ms)
[03/Oct/2022:09:47:21 +0800] 0:0:0:0:0:0:0:1 "OPTIONS /home/project/push HTTP/1.1" 200 (2 ms)
[03/Oct/2022:09:47:21 +0800] 0:0:0:0:0:0:0:1 "POST /home/project/push HTTP/1.1" 200 (345 ms)
[03/Oct/2022:09:47:21 +0800] 0:0:0:0:0:0:0:1 "GET /home/project/tree?ownId=2&rootId=2 HTTP/1.1" 200 (25 ms)
[03/Oct/2022:09:48:40 +0800] 0:0:0:0:0:0:0:1 "OPTIONS /system/users/token HTTP/1.1" 200 (1 ms)
[03/Oct/2022:09:48:40 +0800] 0:0:0:0:0:0:0:1 "POST /system/users/token HTTP/1.1" 200 (333 ms)
[03/Oct/2022:09:48:40 +0800] 0:0:0:0:0:0:0:1 "OPTIONS /system/index/getmenu HTTP/1.1" 200 (1 ms)
[03/Oct/2022:09:48:40 +0800] 0:0:0:0:0:0:0:1 "GET /system/index/getmenu HTTP/1.1" 200 (9 ms)
[03/Oct/2022:09:48:41 +0800] 0:0:0:0:0:0:0:1 "OPTIONS /home/project/fetch/?ownId=0 HTTP/1.1" 200 (2 ms)
[03/Oct/2022:09:48:41 +0800] 0:0:0:0:0:0:0:1 "GET /home/project/fetch/?ownId=0 HTTP/1.1" 200 (28 ms)
[03/Oct/2022:09:48:44 +0800] 0:0:0:0:0:0:0:1 "GET /home/project/fetch/?ownId=0 HTTP/1.1" 200 (18 ms)
[03/Oct/2022:09:48:44 +0800] 0:0:0:0:0:0:0:1 "GET /home/project/tree?ownId=2543997172191232&rootId=2543997172191232 HTTP/1.1" 200 (18 ms)
[03/Oct/2022:09:48:45 +0800] 0:0:0:0:0:0:0:1 "GET /home/project/tree?ownId=2&rootId=2 HTTP/1.1" 200 (18 ms)
[03/Oct/2022:09:53:53 +0800] 0:0:0:0:0:0:0:1 "OPTIONS /dict/materials/fetch?rootId=0 HTTP/1.1" 200 (2 ms)
[03/Oct/2022:09:53:53 +0800] 0:0:0:0:0:0:0:1 "GET /dict/materials/fetch?rootId=0 HTTP/1.1" 200 (32 ms)
[03/Oct/2022:09:53:57 +0800] 0:0:0:0:0:0:0:1 "OPTIONS /dict/supplyunit/fetch?rootId=0 HTTP/1.1" 200 (2 ms)
[03/Oct/2022:09:53:57 +0800] 0:0:0:0:0:0:0:1 "GET /dict/supplyunit/fetch?rootId=0 HTTP/1.1" 200 (21 ms)
[03/Oct/2022:09:53:58 +0800] 0:0:0:0:0:0:0:1 "OPTIONS /home/project/fetch/?supplyUnitId=7554866209755136 HTTP/1.1" 200 (1 ms)
[03/Oct/2022:09:53:58 +0800] 0:0:0:0:0:0:0:1 "GET /home/project/fetch/?supplyUnitId=7554866209755136 HTTP/1.1" 200 (38 ms)
[03/Oct/2022:09:53:58 +0800] 0:0:0:0:0:0:0:1 "OPTIONS /report/supplyunit/tree2?supplyUnitId=7554866209755136&projectId=2543997172191232 HTTP/1.1" 200 (2 ms)
[03/Oct/2022:09:53:58 +0800] 0:0:0:0:0:0:0:1 "GET /report/supplyunit/tree2?supplyUnitId=7554866209755136&projectId=2543997172191232 HTTP/1.1" 200 (108 ms)
[03/Oct/2022:09:54:02 +0800] 0:0:0:0:0:0:0:1 "GET /dict/materials/fetch?rootId=0 HTTP/1.1" 200 (20 ms)
[03/Oct/2022:09:54:08 +0800] 0:0:0:0:0:0:0:1 "GET /home/project/fetch/?ownId=0 HTTP/1.1" 200 (28 ms)
[03/Oct/2022:09:54:18 +0800] 0:0:0:0:0:0:0:1 "OPTIONS /home/project/tree?rootId=0 HTTP/1.1" 200 (2 ms)
[03/Oct/2022:09:54:18 +0800] 0:0:0:0:0:0:0:1 "GET /home/project/tree?rootId=0 HTTP/1.1" 200 (54 ms)
[03/Oct/2022:09:54:18 +0800] 0:0:0:0:0:0:0:1 "OPTIONS /plan/division/tree2?ownId=0&projectId=2543997172191232 HTTP/1.1" 200 (1 ms)
[03/Oct/2022:09:54:18 +0800] 0:0:0:0:0:0:0:1 "GET /plan/division/tree2?ownId=0&projectId=2543997172191232 HTTP/1.1" 200 (51 ms)
[03/Oct/2022:09:54:18 +0800] 0:0:0:0:0:0:0:1 "OPTIONS /plan/division/machine/tree?ownId=2543997172191232&divisionId=2543997172191232&rootId=2543997172191232 HTTP/1.1" 200 (1 ms)
[03/Oct/2022:09:54:18 +0800] 0:0:0:0:0:0:0:1 "GET /plan/division/machine/tree?ownId=2543997172191232&divisionId=2543997172191232&rootId=2543997172191232 HTTP/1.1" 200 (31 ms)
[03/Oct/2022:09:54:21 +0800] 0:0:0:0:0:0:0:1 "OPTIONS /plan/division/machine/tree?ownId=6046564049096704&divisionId=6046564049096704&rootId=6046564049096704 HTTP/1.1" 200 (2 ms)
[03/Oct/2022:09:54:21 +0800] 0:0:0:0:0:0:0:1 "GET /plan/division/machine/tree?ownId=6046564049096704&divisionId=6046564049096704&rootId=6046564049096704 HTTP/1.1" 200 (24 ms)
[03/Oct/2022:09:54:23 +0800] 0:0:0:0:0:0:0:1 "OPTIONS /plan/division/machine/tree?ownId=6046564107816960&divisionId=6046564107816960&rootId=6046564107816960 HTTP/1.1" 200 (1 ms)
[03/Oct/2022:09:54:23 +0800] 0:0:0:0:0:0:0:1 "GET /plan/division/machine/tree?ownId=6046564107816960&divisionId=6046564107816960&rootId=6046564107816960 HTTP/1.1" 200 (21 ms)
[03/Oct/2022:10:35:02 +0800] 0:0:0:0:0:0:0:1 "OPTIONS /home/project/tree?rootId=0 HTTP/1.1" 200 (8 ms)
[03/Oct/2022:10:35:02 +0800] 0:0:0:0:0:0:0:1 "GET /home/project/tree?rootId=0 HTTP/1.1" 200 (143 ms)
[03/Oct/2022:10:35:02 +0800] 0:0:0:0:0:0:0:1 "OPTIONS /plan/division/tree2?ownId=0&projectId=2543997172191232 HTTP/1.1" 200 (1 ms)
[03/Oct/2022:10:35:02 +0800] 0:0:0:0:0:0:0:1 "GET /plan/division/tree2?ownId=0&projectId=2543997172191232 HTTP/1.1" 200 (71 ms)
[03/Oct/2022:10:35:02 +0800] 0:0:0:0:0:0:0:1 "OPTIONS /plan/division/machine/tree?ownId=2543997172191232&divisionId=2543997172191232&rootId=2543997172191232 HTTP/1.1" 200 (2 ms)
[03/Oct/2022:10:35:02 +0800] 0:0:0:0:0:0:0:1 "GET /plan/division/machine/tree?ownId=2543997172191232&divisionId=2543997172191232&rootId=2543997172191232 HTTP/1.1" 200 (36 ms)
[03/Oct/2022:10:35:12 +0800] 0:0:0:0:0:0:0:1 "OPTIONS /plan/division/machine/tree?ownId=6046563268956160&divisionId=6046563268956160&rootId=6046563268956160 HTTP/1.1" 200 (2 ms)
[03/Oct/2022:10:35:12 +0800] 0:0:0:0:0:0:0:1 "GET /plan/division/machine/tree?ownId=6046563268956160&divisionId=6046563268956160&rootId=6046563268956160 HTTP/1.1" 200 (34 ms)
[03/Oct/2022:10:35:13 +0800] 0:0:0:0:0:0:0:1 "GET /plan/division/machine/tree?ownId=6046563268956160&divisionId=6046563268956160&rootId=6046563268956160 HTTP/1.1" 200 (24 ms)
[03/Oct/2022:10:35:13 +0800] 0:0:0:0:0:0:0:1 "GET /plan/division/machine/tree?ownId=6046563268956160&divisionId=6046563268956160&rootId=6046563268956160 HTTP/1.1" 200 (28 ms)
[03/Oct/2022:10:44:41 +0800] 0:0:0:0:0:0:0:1 "GET /home/project/tree?rootId=0 HTTP/1.1" 200 (57 ms)
[03/Oct/2022:10:44:41 +0800] 0:0:0:0:0:0:0:1 "GET /plan/division/tree2?ownId=0&projectId=2543997172191232 HTTP/1.1" 200 (40 ms)
[03/Oct/2022:10:44:42 +0800] 0:0:0:0:0:0:0:1 "GET /plan/division/machine/tree?ownId=2543997172191232&divisionId=2543997172191232&rootId=2543997172191232 HTTP/1.1" 200 (25 ms)
[03/Oct/2022:10:44:54 +0800] 0:0:0:0:0:0:0:1 "GET /home/project/tree?rootId=0 HTTP/1.1" 200 (38 ms)
[03/Oct/2022:10:44:54 +0800] 0:0:0:0:0:0:0:1 "GET /plan/division/tree2?ownId=0&projectId=2543997172191232 HTTP/1.1" 200 (50 ms)
[03/Oct/2022:10:44:55 +0800] 0:0:0:0:0:0:0:1 "GET /plan/division/machine/tree?ownId=2543997172191232&divisionId=2543997172191232&rootId=2543997172191232 HTTP/1.1" 200 (36 ms)
[03/Oct/2022:10:45:36 +0800] 0:0:0:0:0:0:0:1 "GET /home/project/tree?rootId=0 HTTP/1.1" 200 (41 ms)
[03/Oct/2022:10:45:36 +0800] 0:0:0:0:0:0:0:1 "GET /plan/division/tree2?ownId=0&projectId=2543997172191232 HTTP/1.1" 200 (101 ms)
[03/Oct/2022:10:45:36 +0800] 0:0:0:0:0:0:0:1 "GET /plan/division/machine/tree?ownId=2543997172191232&divisionId=2543997172191232&rootId=2543997172191232 HTTP/1.1" 200 (36 ms)
[03/Oct/2022:10:45:39 +0800] 0:0:0:0:0:0:0:1 "OPTIONS /plan/division/machine/tree?ownId=6046563206041600&divisionId=6046563206041600&rootId=6046563206041600 HTTP/1.1" 200 (2 ms)
[03/Oct/2022:10:45:39 +0800] 0:0:0:0:0:0:0:1 "GET /plan/division/machine/tree?ownId=6046563206041600&divisionId=6046563206041600&rootId=6046563206041600 HTTP/1.1" 200 (25 ms)
[03/Oct/2022:10:45:39 +0800] 0:0:0:0:0:0:0:1 "GET /plan/division/machine/tree?ownId=6046563206041600&divisionId=6046563206041600&rootId=6046563206041600 HTTP/1.1" 200 (27 ms)
[03/Oct/2022:10:48:14 +0800] 0:0:0:0:0:0:0:1 "GET /home/project/tree?rootId=0 HTTP/1.1" 200 (55 ms)
[03/Oct/2022:10:48:14 +0800] 0:0:0:0:0:0:0:1 "GET /plan/division/tree2?ownId=0&projectId=2543997172191232 HTTP/1.1" 200 (88 ms)
[03/Oct/2022:10:48:14 +0800] 0:0:0:0:0:0:0:1 "GET /plan/division/machine/tree?ownId=2543997172191232&divisionId=2543997172191232&rootId=2543997172191232 HTTP/1.1" 200 (32 ms)
[03/Oct/2022:10:48:16 +0800] 0:0:0:0:0:0:0:1 "GET /plan/division/machine/tree?ownId=6046563268956160&divisionId=6046563268956160&rootId=6046563268956160 HTTP/1.1" 200 (28 ms)
[03/Oct/2022:10:48:17 +0800] 0:0:0:0:0:0:0:1 "GET /plan/division/machine/tree?ownId=6046563268956160&divisionId=6046563268956160&rootId=6046563268956160 HTTP/1.1" 200 (25 ms)
[03/Oct/2022:10:49:10 +0800] 0:0:0:0:0:0:0:1 "GET /home/project/tree?rootId=0 HTTP/1.1" 200 (47 ms)
[03/Oct/2022:10:49:10 +0800] 0:0:0:0:0:0:0:1 "GET /plan/division/tree2?ownId=0&projectId=2543997172191232 HTTP/1.1" 200 (74 ms)
[03/Oct/2022:10:49:11 +0800] 0:0:0:0:0:0:0:1 "GET /plan/division/machine/tree?ownId=2543997172191232&divisionId=2543997172191232&rootId=2543997172191232 HTTP/1.1" 200 (26 ms)
[03/Oct/2022:10:49:17 +0800] 0:0:0:0:0:0:0:1 "GET /plan/division/machine/tree?ownId=6046563206041600&divisionId=6046563206041600&rootId=6046563206041600 HTTP/1.1" 200 (38 ms)
[03/Oct/2022:10:49:17 +0800] 0:0:0:0:0:0:0:1 "GET /plan/division/machine/tree?ownId=6046563206041600&divisionId=6046563206041600&rootId=6046563206041600 HTTP/1.1" 200 (40 ms)
[03/Oct/2022:11:40:53 +0800] 0:0:0:0:0:0:0:1 "OPTIONS /home/project/tree?rootId=0 HTTP/1.1" 200 (9 ms)
[03/Oct/2022:11:40:53 +0800] 0:0:0:0:0:0:0:1 "GET /home/project/tree?rootId=0 HTTP/1.1" 200 (139 ms)
[03/Oct/2022:11:40:53 +0800] 0:0:0:0:0:0:0:1 "OPTIONS /plan/division/tree2?ownId=0&projectId=2543997172191232 HTTP/1.1" 200 (1 ms)
[03/Oct/2022:11:40:53 +0800] 0:0:0:0:0:0:0:1 "GET /plan/division/tree2?ownId=0&projectId=2543997172191232 HTTP/1.1" 200 (64 ms)
[03/Oct/2022:11:40:54 +0800] 0:0:0:0:0:0:0:1 "OPTIONS /plan/division/machine/tree?ownId=2543997172191232&divisionId=2543997172191232&rootId=2543997172191232 HTTP/1.1" 200 (1 ms)
[03/Oct/2022:11:40:54 +0800] 0:0:0:0:0:0:0:1 "GET /plan/division/machine/tree?ownId=2543997172191232&divisionId=2543997172191232&rootId=2543997172191232 HTTP/1.1" 200 (34 ms)
[03/Oct/2022:11:40:55 +0800] 0:0:0:0:0:0:0:1 "OPTIONS /plan/division/machine/tree?ownId=6046563206041600&divisionId=6046563206041600&rootId=6046563206041600 HTTP/1.1" 200 (1 ms)
[03/Oct/2022:11:40:55 +0800] 0:0:0:0:0:0:0:1 "GET /plan/division/machine/tree?ownId=6046563206041600&divisionId=6046563206041600&rootId=6046563206041600 HTTP/1.1" 200 (29 ms)
[03/Oct/2022:11:40:56 +0800] 0:0:0:0:0:0:0:1 "GET /plan/division/machine/tree?ownId=6046563206041600&divisionId=6046563206041600&rootId=6046563206041600 HTTP/1.1" 200 (30 ms)
[03/Oct/2022:11:41:15 +0800] 0:0:0:0:0:0:0:1 "GET /home/project/tree?rootId=0 HTTP/1.1" 200 (38 ms)
[03/Oct/2022:11:41:15 +0800] 0:0:0:0:0:0:0:1 "GET /plan/division/tree2?ownId=0&projectId=2543997172191232 HTTP/1.1" 200 (52 ms)
[03/Oct/2022:11:41:15 +0800] 0:0:0:0:0:0:0:1 "GET /plan/division/machine/tree?ownId=2543997172191232&divisionId=2543997172191232&rootId=2543997172191232 HTTP/1.1" 200 (31 ms)
[03/Oct/2022:11:41:18 +0800] 0:0:0:0:0:0:0:1 "GET /plan/division/machine/tree?ownId=6046563206041600&divisionId=6046563206041600&rootId=6046563206041600 HTTP/1.1" 200 (41 ms)
[03/Oct/2022:11:41:19 +0800] 0:0:0:0:0:0:0:1 "GET /plan/division/machine/tree?ownId=6046563206041600&divisionId=6046563206041600&rootId=6046563206041600 HTTP/1.1" 200 (35 ms)
[03/Oct/2022:11:43:16 +0800] 0:0:0:0:0:0:0:1 "GET /home/project/tree?rootId=0 HTTP/1.1" 200 (53 ms)
[03/Oct/2022:11:43:16 +0800] 0:0:0:0:0:0:0:1 "GET /plan/division/tree2?ownId=0&projectId=2543997172191232 HTTP/1.1" 200 (49 ms)
[03/Oct/2022:11:43:16 +0800] 0:0:0:0:0:0:0:1 "GET /plan/division/machine/tree?ownId=2543997172191232&divisionId=2543997172191232&rootId=2543997172191232 HTTP/1.1" 200 (31 ms)
[03/Oct/2022:11:43:19 +0800] 0:0:0:0:0:0:0:1 "GET /plan/division/machine/tree?ownId=6046563206041600&divisionId=6046563206041600&rootId=6046563206041600 HTTP/1.1" 200 (30 ms)
[03/Oct/2022:11:43:19 +0800] 0:0:0:0:0:0:0:1 "GET /plan/division/machine/tree?ownId=6046563206041600&divisionId=6046563206041600&rootId=6046563206041600 HTTP/1.1" 200 (24 ms)
[03/Oct/2022:11:46:31 +0800] 0:0:0:0:0:0:0:1 "GET /home/project/tree?rootId=0 HTTP/1.1" 200 (63 ms)
[03/Oct/2022:11:46:31 +0800] 0:0:0:0:0:0:0:1 "GET /plan/division/tree2?ownId=0&projectId=2543997172191232 HTTP/1.1" 200 (55 ms)
[03/Oct/2022:11:46:31 +0800] 0:0:0:0:0:0:0:1 "GET /plan/division/machine/tree?ownId=2543997172191232&divisionId=2543997172191232&rootId=2543997172191232 HTTP/1.1" 200 (33 ms)
[03/Oct/2022:11:46:36 +0800] 0:0:0:0:0:0:0:1 "GET /plan/division/machine/tree?ownId=6046563206041600&divisionId=6046563206041600&rootId=6046563206041600 HTTP/1.1" 200 (29 ms)
[03/Oct/2022:11:46:36 +0800] 0:0:0:0:0:0:0:1 "GET /plan/division/machine/tree?ownId=6046563206041600&divisionId=6046563206041600&rootId=6046563206041600 HTTP/1.1" 200 (24 ms)
[03/Oct/2022:11:47:44 +0800] 0:0:0:0:0:0:0:1 "GET /home/project/tree?rootId=0 HTTP/1.1" 200 (43 ms)
[03/Oct/2022:11:47:44 +0800] 0:0:0:0:0:0:0:1 "GET /plan/division/tree2?ownId=0&projectId=2543997172191232 HTTP/1.1" 200 (53 ms)
[03/Oct/2022:11:47:44 +0800] 0:0:0:0:0:0:0:1 "GET /plan/division/machine/tree?ownId=2543997172191232&divisionId=2543997172191232&rootId=2543997172191232 HTTP/1.1" 200 (37 ms)
[03/Oct/2022:11:47:47 +0800] 0:0:0:0:0:0:0:1 "GET /plan/division/machine/tree?ownId=6046563206041600&divisionId=6046563206041600&rootId=6046563206041600 HTTP/1.1" 200 (33 ms)
[03/Oct/2022:11:47:47 +0800] 0:0:0:0:0:0:0:1 "GET /plan/division/machine/tree?ownId=6046563206041600&divisionId=6046563206041600&rootId=6046563206041600 HTTP/1.1" 200 (25 ms)
[03/Oct/2022:11:47:48 +0800] 0:0:0:0:0:0:0:1 "GET /plan/division/machine/tree?ownId=6046563206041600&divisionId=6046563206041600&rootId=6046563206041600 HTTP/1.1" 200 (25 ms)
[03/Oct/2022:11:48:49 +0800] 0:0:0:0:0:0:0:1 "GET /home/project/tree?rootId=0 HTTP/1.1" 200 (42 ms)
[03/Oct/2022:11:48:49 +0800] 0:0:0:0:0:0:0:1 "GET /plan/division/tree2?ownId=0&projectId=2543997172191232 HTTP/1.1" 200 (59 ms)
[03/Oct/2022:11:48:49 +0800] 0:0:0:0:0:0:0:1 "GET /plan/division/machine/tree?ownId=2543997172191232&divisionId=2543997172191232&rootId=2543997172191232 HTTP/1.1" 200 (39 ms)
[03/Oct/2022:11:48:53 +0800] 0:0:0:0:0:0:0:1 "GET /plan/division/machine/tree?ownId=6046563206041600&divisionId=6046563206041600&rootId=6046563206041600 HTTP/1.1" 200 (44 ms)
[03/Oct/2022:11:48:53 +0800] 0:0:0:0:0:0:0:1 "GET /plan/division/machine/tree?ownId=6046563206041600&divisionId=6046563206041600&rootId=6046563206041600 HTTP/1.1" 200 (29 ms)
[03/Oct/2022:12:00:58 +0800] 0:0:0:0:0:0:0:1 "GET /home/project/tree?rootId=0 HTTP/1.1" 200 (62 ms)
[03/Oct/2022:12:00:59 +0800] 0:0:0:0:0:0:0:1 "OPTIONS /budget/division/tree2?ownId=0&projectId=2543997172191232 HTTP/1.1" 200 (1 ms)
[03/Oct/2022:12:00:59 +0800] 0:0:0:0:0:0:0:1 "GET /budget/division/tree2?ownId=0&projectId=2543997172191232 HTTP/1.1" 200 (78 ms)
[03/Oct/2022:12:00:59 +0800] 0:0:0:0:0:0:0:1 "OPTIONS /budget/division/machine/tree?ownId=2543997172191232&divisionId=2543997172191232&rootId=2543997172191232 HTTP/1.1" 200 (2 ms)
[03/Oct/2022:12:00:59 +0800] 0:0:0:0:0:0:0:1 "GET /budget/division/machine/tree?ownId=2543997172191232&divisionId=2543997172191232&rootId=2543997172191232 HTTP/1.1" 200 (33 ms)
[03/Oct/2022:12:01:06 +0800] 0:0:0:0:0:0:0:1 "OPTIONS /budget/division/machine/tree?ownId=6046564174925824&divisionId=6046564174925824&rootId=6046564174925824 HTTP/1.1" 200 (2 ms)
[03/Oct/2022:12:01:06 +0800] 0:0:0:0:0:0:0:1 "GET /budget/division/machine/tree?ownId=6046564174925824&divisionId=6046564174925824&rootId=6046564174925824 HTTP/1.1" 200 (17 ms)
[03/Oct/2022:12:01:06 +0800] 0:0:0:0:0:0:0:1 "GET /budget/division/machine/tree?ownId=6046564174925824&divisionId=6046564174925824&rootId=6046564174925824 HTTP/1.1" 200 (17 ms)
[03/Oct/2022:12:01:09 +0800] 0:0:0:0:0:0:0:1 "OPTIONS /budget/division/machine/tree?ownId=6046562497204224&divisionId=6046562497204224&rootId=6046562497204224 HTTP/1.1" 200 (2 ms)
[03/Oct/2022:12:01:09 +0800] 0:0:0:0:0:0:0:1 "GET /budget/division/machine/tree?ownId=6046562497204224&divisionId=6046562497204224&rootId=6046562497204224 HTTP/1.1" 200 (18 ms)
[03/Oct/2022:12:01:09 +0800] 0:0:0:0:0:0:0:1 "OPTIONS /budget/division/push HTTP/1.1" 200 (1 ms)
[03/Oct/2022:12:01:09 +0800] 0:0:0:0:0:0:0:1 "GET /budget/division/machine/tree?ownId=6046562497204224&divisionId=6046562497204224&rootId=6046562497204224 HTTP/1.1" 200 (23 ms)
[03/Oct/2022:12:01:09 +0800] 0:0:0:0:0:0:0:1 "POST /budget/division/push HTTP/1.1" 400 (66 ms)
[03/Oct/2022:12:01:11 +0800] 0:0:0:0:0:0:0:1 "GET /budget/division/machine/tree?ownId=6046564174925824&divisionId=6046564174925824&rootId=6046564174925824 HTTP/1.1" 200 (16 ms)
[03/Oct/2022:12:01:11 +0800] 0:0:0:0:0:0:0:1 "GET /budget/division/machine/tree?ownId=6046564174925824&divisionId=6046564174925824&rootId=6046564174925824 HTTP/1.1" 200 (19 ms)
[03/Oct/2022:12:01:14 +0800] 0:0:0:0:0:0:0:1 "GET /budget/division/machine/tree?ownId=6046562497204224&divisionId=6046562497204224&rootId=6046562497204224 HTTP/1.1" 200 (17 ms)
[03/Oct/2022:12:01:14 +0800] 0:0:0:0:0:0:0:1 "POST /budget/division/push HTTP/1.1" 200 (49 ms)
[03/Oct/2022:12:01:15 +0800] 0:0:0:0:0:0:0:1 "GET /budget/division/machine/tree?ownId=6046564174925824&divisionId=6046564174925824&rootId=6046564174925824 HTTP/1.1" 200 (20 ms)
[03/Oct/2022:12:01:28 +0800] 0:0:0:0:0:0:0:1 "GET /budget/division/machine/tree?ownId=6046564174925824&divisionId=6046564174925824&rootId=6046564174925824 HTTP/1.1" 200 (14 ms)
[03/Oct/2022:12:01:28 +0800] 0:0:0:0:0:0:0:1 "GET /budget/division/machine/tree?ownId=6046564174925824&divisionId=6046564174925824&rootId=6046564174925824 HTTP/1.1" 200 (16 ms)
[03/Oct/2022:12:01:30 +0800] 0:0:0:0:0:0:0:1 "GET /budget/division/machine/tree?ownId=6046562497204224&divisionId=6046562497204224&rootId=6046562497204224 HTTP/1.1" 200 (19 ms)
[03/Oct/2022:12:01:30 +0800] 0:0:0:0:0:0:0:1 "POST /budget/division/push HTTP/1.1" 400 (8 ms)
[03/Oct/2022:12:01:40 +0800] 0:0:0:0:0:0:0:1 "GET /home/project/tree?rootId=0 HTTP/1.1" 200 (31 ms)
[03/Oct/2022:12:01:40 +0800] 0:0:0:0:0:0:0:1 "OPTIONS /plan/measure/tree2?ownId=0&projectId=2543997172191232 HTTP/1.1" 200 (3 ms)
[03/Oct/2022:12:01:40 +0800] 0:0:0:0:0:0:0:1 "GET /plan/measure/tree2?ownId=0&projectId=2543997172191232 HTTP/1.1" 200 (63 ms)
[03/Oct/2022:12:01:40 +0800] 0:0:0:0:0:0:0:1 "OPTIONS /plan/measure/machine/tree?ownId=2543997172191232&measureId=2543997172191232&rootId=2543997172191232 HTTP/1.1" 200 (1 ms)
[03/Oct/2022:12:01:40 +0800] 0:0:0:0:0:0:0:1 "GET /plan/measure/machine/tree?ownId=2543997172191232&measureId=2543997172191232&rootId=2543997172191232 HTTP/1.1" 200 (48 ms)
[03/Oct/2022:12:06:43 +0800] 0:0:0:0:0:0:0:1 "GET /home/project/tree?rootId=0 HTTP/1.1" 200 (42 ms)
[03/Oct/2022:12:06:43 +0800] 0:0:0:0:0:0:0:1 "GET /plan/measure/tree2?ownId=0&projectId=2543997172191232 HTTP/1.1" 200 (52 ms)
[03/Oct/2022:12:06:44 +0800] 0:0:0:0:0:0:0:1 "GET /plan/measure/machine/tree?ownId=2543997172191232&measureId=2543997172191232&rootId=2543997172191232 HTTP/1.1" 200 (22 ms)
[03/Oct/2022:12:07:00 +0800] 0:0:0:0:0:0:0:1 "GET /home/project/tree?rootId=0 HTTP/1.1" 200 (34 ms)
[03/Oct/2022:12:07:00 +0800] 0:0:0:0:0:0:0:1 "GET /plan/measure/tree2?ownId=0&projectId=2543997172191232 HTTP/1.1" 200 (60 ms)
[03/Oct/2022:12:07:00 +0800] 0:0:0:0:0:0:0:1 "GET /plan/measure/machine/tree?ownId=2543997172191232&measureId=2543997172191232&rootId=2543997172191232 HTTP/1.1" 200 (27 ms)
[03/Oct/2022:12:07:05 +0800] 0:0:0:0:0:0:0:1 "OPTIONS /plan/measure/machine/tree?ownId=6046564414001152&measureId=6046564414001152&rootId=6046564414001152 HTTP/1.1" 200 (3 ms)
[03/Oct/2022:12:07:05 +0800] 0:0:0:0:0:0:0:1 "GET /plan/measure/machine/tree?ownId=6046564414001152&measureId=6046564414001152&rootId=6046564414001152 HTTP/1.1" 200 (21 ms)
[03/Oct/2022:12:07:09 +0800] 0:0:0:0:0:0:0:1 "OPTIONS /plan/measure/machine/tree?ownId=6046564485304320&measureId=6046564485304320&rootId=6046564485304320 HTTP/1.1" 200 (1 ms)
[03/Oct/2022:12:07:09 +0800] 0:0:0:0:0:0:0:1 "GET /plan/measure/machine/tree?ownId=6046564485304320&measureId=6046564485304320&rootId=6046564485304320 HTTP/1.1" 200 (21 ms)
[03/Oct/2022:12:07:10 +0800] 0:0:0:0:0:0:0:1 "GET /plan/measure/machine/tree?ownId=6046564485304320&measureId=6046564485304320&rootId=6046564485304320 HTTP/1.1" 200 (15 ms)
[03/Oct/2022:12:10:42 +0800] 0:0:0:0:0:0:0:1 "GET /home/project/tree?rootId=0 HTTP/1.1" 200 (47 ms)
[03/Oct/2022:12:10:42 +0800] 0:0:0:0:0:0:0:1 "GET /plan/measure/tree2?ownId=0&projectId=2543997172191232 HTTP/1.1" 200 (54 ms)
[03/Oct/2022:12:10:42 +0800] 0:0:0:0:0:0:0:1 "GET /plan/measure/machine/tree?ownId=2543997172191232&measureId=2543997172191232&rootId=2543997172191232 HTTP/1.1" 200 (23 ms)
[03/Oct/2022:12:10:45 +0800] 0:0:0:0:0:0:0:1 "OPTIONS /plan/measure/machine/tree?ownId=6046564292366336&measureId=6046564292366336&rootId=6046564292366336 HTTP/1.1" 200 (1 ms)
[03/Oct/2022:12:10:45 +0800] 0:0:0:0:0:0:0:1 "GET /plan/measure/machine/tree?ownId=6046564292366336&measureId=6046564292366336&rootId=6046564292366336 HTTP/1.1" 200 (21 ms)
[03/Oct/2022:12:10:46 +0800] 0:0:0:0:0:0:0:1 "GET /plan/measure/machine/tree?ownId=6046564414001152&measureId=6046564414001152&rootId=6046564414001152 HTTP/1.1" 200 (16 ms)
[03/Oct/2022:12:10:47 +0800] 0:0:0:0:0:0:0:1 "GET /plan/measure/machine/tree?ownId=6046564414001152&measureId=6046564414001152&rootId=6046564414001152 HTTP/1.1" 200 (15 ms)
[03/Oct/2022:12:10:47 +0800] 0:0:0:0:0:0:0:1 "GET /plan/measure/machine/tree?ownId=6046564414001152&measureId=6046564414001152&rootId=6046564414001152 HTTP/1.1" 200 (14 ms)
[03/Oct/2022:12:10:49 +0800] 0:0:0:0:0:0:0:1 "GET /plan/measure/machine/tree?ownId=6046564485304320&measureId=6046564485304320&rootId=6046564485304320 HTTP/1.1" 200 (20 ms)
[03/Oct/2022:12:10:49 +0800] 0:0:0:0:0:0:0:1 "GET /plan/measure/machine/tree?ownId=6046564485304320&measureId=6046564485304320&rootId=6046564485304320 HTTP/1.1" 200 (15 ms)
[03/Oct/2022:12:10:50 +0800] 0:0:0:0:0:0:0:1 "GET /plan/measure/machine/tree?ownId=6046564485304320&measureId=6046564485304320&rootId=6046564485304320 HTTP/1.1" 200 (18 ms)
[03/Oct/2022:12:10:50 +0800] 0:0:0:0:0:0:0:1 "GET /plan/measure/machine/tree?ownId=6046564485304320&measureId=6046564485304320&rootId=6046564485304320 HTTP/1.1" 200 (16 ms)
[03/Oct/2022:12:10:51 +0800] 0:0:0:0:0:0:0:1 "GET /plan/measure/machine/tree?ownId=6046564485304320&measureId=6046564485304320&rootId=6046564485304320 HTTP/1.1" 200 (18 ms)
[03/Oct/2022:12:10:51 +0800] 0:0:0:0:0:0:0:1 "GET /plan/measure/machine/tree?ownId=6046564485304320&measureId=6046564485304320&rootId=6046564485304320 HTTP/1.1" 200 (18 ms)
[03/Oct/2022:12:10:52 +0800] 0:0:0:0:0:0:0:1 "GET /plan/measure/machine/tree?ownId=6046564485304320&measureId=6046564485304320&rootId=6046564485304320 HTTP/1.1" 200 (17 ms)
[03/Oct/2022:12:10:52 +0800] 0:0:0:0:0:0:0:1 "GET /plan/measure/machine/tree?ownId=6046564485304320&measureId=6046564485304320&rootId=6046564485304320 HTTP/1.1" 200 (17 ms)
[03/Oct/2022:12:10:55 +0800] 0:0:0:0:0:0:0:1 "GET /plan/measure/machine/tree?ownId=6046564414001152&measureId=6046564414001152&rootId=6046564414001152 HTTP/1.1" 200 (20 ms)
[03/Oct/2022:12:10:55 +0800] 0:0:0:0:0:0:0:1 "GET /plan/measure/machine/tree?ownId=6046564414001152&measureId=6046564414001152&rootId=6046564414001152 HTTP/1.1" 200 (13 ms)
[03/Oct/2022:12:10:55 +0800] 0:0:0:0:0:0:0:1 "OPTIONS /plan/measure/machine/tree?ownId=6046564560801792&measureId=6046564560801792&rootId=6046564560801792 HTTP/1.1" 200 (1 ms)
[03/Oct/2022:12:10:55 +0800] 0:0:0:0:0:0:0:1 "GET /plan/measure/machine/tree?ownId=6046564560801792&measureId=6046564560801792&rootId=6046564560801792 HTTP/1.1" 200 (20 ms)
[03/Oct/2022:12:10:55 +0800] 0:0:0:0:0:0:0:1 "GET /plan/measure/machine/tree?ownId=6046564560801792&measureId=6046564560801792&rootId=6046564560801792 HTTP/1.1" 200 (17 ms)
[03/Oct/2022:12:10:57 +0800] 0:0:0:0:0:0:0:1 "GET /plan/measure/machine/tree?ownId=6046564485304320&measureId=6046564485304320&rootId=6046564485304320 HTTP/1.1" 200 (24 ms)
[03/Oct/2022:12:10:57 +0800] 0:0:0:0:0:0:0:1 "GET /plan/measure/machine/tree?ownId=6046564485304320&measureId=6046564485304320&rootId=6046564485304320 HTTP/1.1" 200 (23 ms)
[03/Oct/2022:12:10:58 +0800] 0:0:0:0:0:0:0:1 "GET /plan/measure/machine/tree?ownId=6046564485304320&measureId=6046564485304320&rootId=6046564485304320 HTTP/1.1" 200 (16 ms)
[03/Oct/2022:12:10:58 +0800] 0:0:0:0:0:0:0:1 "GET /plan/measure/machine/tree?ownId=6046564485304320&measureId=6046564485304320&rootId=6046564485304320 HTTP/1.1" 200 (21 ms)
[03/Oct/2022:12:10:58 +0800] 0:0:0:0:0:0:0:1 "GET /plan/measure/machine/tree?ownId=6046564485304320&measureId=6046564485304320&rootId=6046564485304320 HTTP/1.1" 200 (21 ms)
[03/Oct/2022:12:10:58 +0800] 0:0:0:0:0:0:0:1 "GET /plan/measure/machine/tree?ownId=6046564485304320&measureId=6046564485304320&rootId=6046564485304320 HTTP/1.1" 200 (18 ms)
[03/Oct/2022:12:10:59 +0800] 0:0:0:0:0:0:0:1 "OPTIONS /plan/measure/machine/tree?ownId=6046564619522048&measureId=6046564619522048&rootId=6046564619522048 HTTP/1.1" 200 (1 ms)
[03/Oct/2022:12:10:59 +0800] 0:0:0:0:0:0:0:1 "GET /plan/measure/machine/tree?ownId=6046564619522048&measureId=6046564619522048&rootId=6046564619522048 HTTP/1.1" 200 (17 ms)
[03/Oct/2022:12:11:04 +0800] 0:0:0:0:0:0:0:1 "GET /plan/measure/machine/tree?ownId=6046564619522048&measureId=6046564619522048&rootId=6046564619522048 HTTP/1.1" 200 (14 ms)
[03/Oct/2022:12:11:04 +0800] 0:0:0:0:0:0:0:1 "GET /plan/measure/machine/tree?ownId=6046564619522048&measureId=6046564619522048&rootId=6046564619522048 HTTP/1.1" 200 (15 ms)
[03/Oct/2022:14:13:07 +0800] 0:0:0:0:0:0:0:1 "OPTIONS /home/project/tree?rootId=0 HTTP/1.1" 200 (2 ms)
[03/Oct/2022:14:13:07 +0800] 0:0:0:0:0:0:0:1 "GET /home/project/tree?rootId=0 HTTP/1.1" 200 (66 ms)
[03/Oct/2022:14:13:07 +0800] 0:0:0:0:0:0:0:1 "OPTIONS /plan/division/tree2?ownId=0&projectId=2543997172191232 HTTP/1.1" 200 (1 ms)
[03/Oct/2022:14:13:07 +0800] 0:0:0:0:0:0:0:1 "GET /plan/division/tree2?ownId=0&projectId=2543997172191232 HTTP/1.1" 200 (73 ms)
[03/Oct/2022:14:13:08 +0800] 0:0:0:0:0:0:0:1 "OPTIONS /plan/division/machine/tree?ownId=2543997172191232&divisionId=2543997172191232&rootId=2543997172191232 HTTP/1.1" 200 (1 ms)
[03/Oct/2022:14:13:08 +0800] 0:0:0:0:0:0:0:1 "GET /plan/division/machine/tree?ownId=2543997172191232&divisionId=2543997172191232&rootId=2543997172191232 HTTP/1.1" 200 (21 ms)
[03/Oct/2022:14:13:11 +0800] 0:0:0:0:0:0:0:1 "GET /home/project/tree?rootId=0 HTTP/1.1" 200 (22 ms)
[03/Oct/2022:14:13:11 +0800] 0:0:0:0:0:0:0:1 "OPTIONS /report/project/tree2?ownId=0&projectId=2543997172191232 HTTP/1.1" 200 (2 ms)
[03/Oct/2022:14:13:11 +0800] 0:0:0:0:0:0:0:1 "GET /report/project/tree2?ownId=0&projectId=2543997172191232 HTTP/1.1" 200 (92 ms)
[03/Oct/2022:14:14:06 +0800] 0:0:0:0:0:0:0:1 "GET /home/project/tree?rootId=0 HTTP/1.1" 200 (21 ms)
[03/Oct/2022:14:14:06 +0800] 0:0:0:0:0:0:0:1 "OPTIONS /budget/division/tree2?ownId=0&projectId=2543997172191232 HTTP/1.1" 200 (1 ms)
[03/Oct/2022:14:14:06 +0800] 0:0:0:0:0:0:0:1 "GET /budget/division/tree2?ownId=0&projectId=2543997172191232 HTTP/1.1" 200 (80 ms)
[03/Oct/2022:14:14:06 +0800] 0:0:0:0:0:0:0:1 "OPTIONS /budget/division/machine/tree?ownId=2543997172191232&divisionId=2543997172191232&rootId=2543997172191232 HTTP/1.1" 200 (1 ms)
[03/Oct/2022:14:14:06 +0800] 0:0:0:0:0:0:0:1 "GET /budget/division/machine/tree?ownId=2543997172191232&divisionId=2543997172191232&rootId=2543997172191232 HTTP/1.1" 200 (20 ms)
[03/Oct/2022:14:14:11 +0800] 0:0:0:0:0:0:0:1 "OPTIONS /budget/division/machine/tree?ownId=6046563126349824&divisionId=6046563126349824&rootId=6046563126349824 HTTP/1.1" 200 (2 ms)
[03/Oct/2022:14:14:11 +0800] 0:0:0:0:0:0:0:1 "GET /budget/division/machine/tree?ownId=6046563126349824&divisionId=6046563126349824&rootId=6046563126349824 HTTP/1.1" 200 (20 ms)
[03/Oct/2022:14:14:19 +0800] 0:0:0:0:0:0:0:1 "GET /budget/division/machine/tree?ownId=6046563126349824&divisionId=6046563126349824&rootId=6046563126349824 HTTP/1.1" 200 (17 ms)
[03/Oct/2022:14:14:20 +0800] 0:0:0:0:0:0:0:1 "OPTIONS /budget/division/machine/tree?ownId=6046563206041600&divisionId=6046563206041600&rootId=6046563206041600 HTTP/1.1" 200 (1 ms)
[03/Oct/2022:14:14:20 +0800] 0:0:0:0:0:0:0:1 "GET /budget/division/machine/tree?ownId=6046563206041600&divisionId=6046563206041600&rootId=6046563206041600 HTTP/1.1" 200 (18 ms)
[03/Oct/2022:14:15:56 +0800] 0:0:0:0:0:0:0:1 "GET /home/project/tree?rootId=0 HTTP/1.1" 200 (32 ms)
[03/Oct/2022:14:15:56 +0800] 0:0:0:0:0:0:0:1 "GET /budget/division/tree2?ownId=0&projectId=2543997172191232 HTTP/1.1" 200 (40 ms)
[03/Oct/2022:14:15:57 +0800] 0:0:0:0:0:0:0:1 "GET /budget/division/machine/tree?ownId=2543997172191232&divisionId=2543997172191232&rootId=2543997172191232 HTTP/1.1" 200 (24 ms)
[03/Oct/2022:14:16:00 +0800] 0:0:0:0:0:0:0:1 "GET /home/project/tree?rootId=0 HTTP/1.1" 200 (27 ms)
[03/Oct/2022:14:16:00 +0800] 0:0:0:0:0:0:0:1 "GET /budget/division/tree2?ownId=0&projectId=2543997172191232 HTTP/1.1" 200 (72 ms)
[03/Oct/2022:14:16:00 +0800] 0:0:0:0:0:0:0:1 "GET /budget/division/machine/tree?ownId=2543997172191232&divisionId=2543997172191232&rootId=2543997172191232 HTTP/1.1" 200 (23 ms)
[03/Oct/2022:14:16:02 +0800] 0:0:0:0:0:0:0:1 "OPTIONS /budget/division/machine/tree?ownId=6046564174925824&divisionId=6046564174925824&rootId=6046564174925824 HTTP/1.1" 200 (1 ms)
[03/Oct/2022:14:16:02 +0800] 0:0:0:0:0:0:0:1 "GET /budget/division/machine/tree?ownId=6046564174925824&divisionId=6046564174925824&rootId=6046564174925824 HTTP/1.1" 200 (17 ms)
[03/Oct/2022:14:16:02 +0800] 0:0:0:0:0:0:0:1 "GET /budget/division/machine/tree?ownId=6046564174925824&divisionId=6046564174925824&rootId=6046564174925824 HTTP/1.1" 200 (15 ms)
[03/Oct/2022:14:16:04 +0800] 0:0:0:0:0:0:0:1 "OPTIONS /budget/division/machine/tree?ownId=6046564107816960&divisionId=6046564107816960&rootId=6046564107816960 HTTP/1.1" 200 (1 ms)
[03/Oct/2022:14:16:04 +0800] 0:0:0:0:0:0:0:1 "GET /budget/division/machine/tree?ownId=6046564107816960&divisionId=6046564107816960&rootId=6046564107816960 HTTP/1.1" 200 (18 ms)
[03/Oct/2022:14:16:05 +0800] 0:0:0:0:0:0:0:1 "GET /budget/division/machine/tree?ownId=6046564107816960&divisionId=6046564107816960&rootId=6046564107816960 HTTP/1.1" 200 (14 ms)
[03/Oct/2022:14:16:17 +0800] 0:0:0:0:0:0:0:1 "GET /budget/division/machine/tree?ownId=6046564107816960&divisionId=6046564107816960&rootId=6046564107816960 HTTP/1.1" 200 (19 ms)
[03/Oct/2022:14:16:18 +0800] 0:0:0:0:0:0:0:1 "GET /budget/division/machine/tree?ownId=6046564174925824&divisionId=6046564174925824&rootId=6046564174925824 HTTP/1.1" 200 (14 ms)
[03/Oct/2022:14:16:19 +0800] 0:0:0:0:0:0:0:1 "GET /budget/division/machine/tree?ownId=6046564174925824&divisionId=6046564174925824&rootId=6046564174925824 HTTP/1.1" 200 (18 ms)
[03/Oct/2022:14:16:20 +0800] 0:0:0:0:0:0:0:1 "GET /budget/division/machine/tree?ownId=6046564174925824&divisionId=6046564174925824&rootId=6046564174925824 HTTP/1.1" 200 (15 ms)
[03/Oct/2022:14:37:25 +0800] 0:0:0:0:0:0:0:1 "GET /home/project/tree?rootId=0 HTTP/1.1" 200 (49 ms)
[03/Oct/2022:14:37:25 +0800] 0:0:0:0:0:0:0:1 "GET /budget/division/tree2?ownId=0&projectId=2543997172191232 HTTP/1.1" 200 (85 ms)
[03/Oct/2022:14:37:25 +0800] 0:0:0:0:0:0:0:1 "GET /budget/division/machine/tree?ownId=2543997172191232&divisionId=2543997172191232&rootId=2543997172191232 HTTP/1.1" 200 (30 ms)
[03/Oct/2022:14:37:30 +0800] 0:0:0:0:0:0:0:1 "GET /budget/division/machine/tree?ownId=6046564174925824&divisionId=6046564174925824&rootId=6046564174925824 HTTP/1.1" 200 (18 ms)
[03/Oct/2022:14:37:30 +0800] 0:0:0:0:0:0:0:1 "GET /budget/division/machine/tree?ownId=6046564174925824&divisionId=6046564174925824&rootId=6046564174925824 HTTP/1.1" 200 (20 ms)
[03/Oct/2022:14:37:31 +0800] 0:0:0:0:0:0:0:1 "GET /budget/division/machine/tree?ownId=6046564174925824&divisionId=6046564174925824&rootId=6046564174925824 HTTP/1.1" 200 (15 ms)
[03/Oct/2022:14:38:24 +0800] 0:0:0:0:0:0:0:1 "GET /home/project/tree?rootId=0 HTTP/1.1" 200 (37 ms)
[03/Oct/2022:14:38:24 +0800] 0:0:0:0:0:0:0:1 "GET /budget/division/tree2?ownId=0&projectId=2543997172191232 HTTP/1.1" 200 (53 ms)
[03/Oct/2022:14:38:24 +0800] 0:0:0:0:0:0:0:1 "GET /budget/division/machine/tree?ownId=2543997172191232&divisionId=2543997172191232&rootId=2543997172191232 HTTP/1.1" 200 (25 ms)
[03/Oct/2022:14:38:30 +0800] 0:0:0:0:0:0:0:1 "GET /home/project/tree?rootId=0 HTTP/1.1" 200 (33 ms)
[03/Oct/2022:14:38:33 +0800] 0:0:0:0:0:0:0:1 "GET /home/project/tree?rootId=0 HTTP/1.1" 200 (34 ms)
[03/Oct/2022:14:38:33 +0800] 0:0:0:0:0:0:0:1 "GET /budget/division/tree2?ownId=0&projectId=2543997172191232 HTTP/1.1" 200 (58 ms)
[03/Oct/2022:14:38:33 +0800] 0:0:0:0:0:0:0:1 "GET /budget/division/machine/tree?ownId=2543997172191232&divisionId=2543997172191232&rootId=2543997172191232 HTTP/1.1" 200 (24 ms)
[03/Oct/2022:14:41:12 +0800] 0:0:0:0:0:0:0:1 "GET /home/project/tree?rootId=0 HTTP/1.1" 200 (72 ms)
[03/Oct/2022:14:41:12 +0800] 0:0:0:0:0:0:0:1 "GET /budget/division/tree2?ownId=0&projectId=2543997172191232 HTTP/1.1" 200 (67 ms)
[03/Oct/2022:14:41:21 +0800] 0:0:0:0:0:0:0:1 "GET /home/project/tree?rootId=0 HTTP/1.1" 200 (29 ms)
[03/Oct/2022:14:41:21 +0800] 0:0:0:0:0:0:0:1 "GET /budget/division/tree2?ownId=0&projectId=2543997172191232 HTTP/1.1" 200 (54 ms)
[03/Oct/2022:14:41:34 +0800] 0:0:0:0:0:0:0:1 "GET /home/project/tree?rootId=0 HTTP/1.1" 200 (29 ms)
[03/Oct/2022:14:41:35 +0800] 0:0:0:0:0:0:0:1 "GET /budget/division/tree2?ownId=0&projectId=2543997172191232 HTTP/1.1" 200 (75 ms)
[03/Oct/2022:14:42:39 +0800] 0:0:0:0:0:0:0:1 "GET /home/project/tree?rootId=0 HTTP/1.1" 200 (43 ms)
[03/Oct/2022:14:42:39 +0800] 0:0:0:0:0:0:0:1 "GET /budget/division/tree2?ownId=0&projectId=2543997172191232 HTTP/1.1" 200 (66 ms)
[03/Oct/2022:14:42:40 +0800] 0:0:0:0:0:0:0:1 "GET /budget/division/machine/tree?ownId=2543997172191232&divisionId=2543997172191232&rootId=2543997172191232 HTTP/1.1" 200 (26 ms)
[03/Oct/2022:14:42:57 +0800] 0:0:0:0:0:0:0:1 "GET /budget/division/machine/tree?ownId=6046564107816960&divisionId=6046564107816960&rootId=6046564107816960 HTTP/1.1" 200 (17 ms)
[03/Oct/2022:14:42:58 +0800] 0:0:0:0:0:0:0:1 "GET /budget/division/machine/tree?ownId=6046564107816960&divisionId=6046564107816960&rootId=6046564107816960 HTTP/1.1" 200 (14 ms)
[03/Oct/2022:14:49:53 +0800] 0:0:0:0:0:0:0:1 "OPTIONS /home/project/tree?rootId=0 HTTP/1.1" 200 (2 ms)
[03/Oct/2022:14:49:53 +0800] 0:0:0:0:0:0:0:1 "GET /home/project/tree?rootId=0 HTTP/1.1" 200 (49 ms)
[03/Oct/2022:14:49:53 +0800] 0:0:0:0:0:0:0:1 "OPTIONS /budget/division/tree2?ownId=0&projectId=2543997172191232 HTTP/1.1" 200 (1 ms)
[03/Oct/2022:14:49:53 +0800] 0:0:0:0:0:0:0:1 "GET /budget/division/tree2?ownId=0&projectId=2543997172191232 HTTP/1.1" 200 (79 ms)
[03/Oct/2022:14:49:54 +0800] 0:0:0:0:0:0:0:1 "OPTIONS /budget/division/machine/tree?ownId=2543997172191232&divisionId=2543997172191232&rootId=2543997172191232 HTTP/1.1" 200 (1 ms)
[03/Oct/2022:14:49:54 +0800] 0:0:0:0:0:0:0:1 "GET /budget/division/machine/tree?ownId=2543997172191232&divisionId=2543997172191232&rootId=2543997172191232 HTTP/1.1" 200 (29 ms)
[03/Oct/2022:14:49:59 +0800] 0:0:0:0:0:0:0:1 "OPTIONS /budget/division/machine/tree?ownId=6046564107816960&divisionId=6046564107816960&rootId=6046564107816960 HTTP/1.1" 200 (1 ms)
[03/Oct/2022:14:49:59 +0800] 0:0:0:0:0:0:0:1 "GET /budget/division/machine/tree?ownId=6046564107816960&divisionId=6046564107816960&rootId=6046564107816960 HTTP/1.1" 200 (18 ms)
[03/Oct/2022:14:49:59 +0800] 0:0:0:0:0:0:0:1 "GET /budget/division/machine/tree?ownId=6046564107816960&divisionId=6046564107816960&rootId=6046564107816960 HTTP/1.1" 200 (17 ms)
[03/Oct/2022:14:50:04 +0800] 0:0:0:0:0:0:0:1 "GET /budget/division/machine/tree?ownId=6046564107816960&divisionId=6046564107816960&rootId=6046564107816960 HTTP/1.1" 200 (17 ms)
[03/Oct/2022:14:50:05 +0800] 0:0:0:0:0:0:0:1 "GET /budget/division/machine/tree?ownId=6046564107816960&divisionId=6046564107816960&rootId=6046564107816960 HTTP/1.1" 200 (24 ms)
[03/Oct/2022:14:50:06 +0800] 0:0:0:0:0:0:0:1 "OPTIONS /budget/division/tree2?ownId=0&projectId=5342111822123008 HTTP/1.1" 200 (0 ms)
[03/Oct/2022:14:50:06 +0800] 0:0:0:0:0:0:0:1 "GET /budget/division/tree2?ownId=0&projectId=5342111822123008 HTTP/1.1" 200 (33 ms)
[03/Oct/2022:14:50:06 +0800] 0:0:0:0:0:0:0:1 "OPTIONS /budget/division/machine/tree?ownId=5342111822123008&divisionId=5342111822123008&rootId=5342111822123008 HTTP/1.1" 200 (1 ms)
[03/Oct/2022:14:50:06 +0800] 0:0:0:0:0:0:0:1 "GET /budget/division/machine/tree?ownId=5342111822123008&divisionId=5342111822123008&rootId=5342111822123008 HTTP/1.1" 200 (19 ms)
[03/Oct/2022:14:50:15 +0800] 0:0:0:0:0:0:0:1 "OPTIONS /budget/division/tree2?ownId=5342111822123008&projectId=5342224720203776 HTTP/1.1" 200 (1 ms)
[03/Oct/2022:14:50:15 +0800] 0:0:0:0:0:0:0:1 "GET /budget/division/tree2?ownId=5342111822123008&projectId=5342224720203776 HTTP/1.1" 200 (34 ms)
[03/Oct/2022:14:50:15 +0800] 0:0:0:0:0:0:0:1 "OPTIONS /budget/division/machine/tree?ownId=5342224720203776&divisionId=5342224720203776&rootId=5342224720203776 HTTP/1.1" 200 (1 ms)
[03/Oct/2022:14:50:15 +0800] 0:0:0:0:0:0:0:1 "GET /budget/division/machine/tree?ownId=5342224720203776&divisionId=5342224720203776&rootId=5342224720203776 HTTP/1.1" 200 (21 ms)
[03/Oct/2022:14:50:42 +0800] 0:0:0:0:0:0:0:1 "GET /home/project/tree?rootId=0 HTTP/1.1" 200 (29 ms)
[03/Oct/2022:14:50:42 +0800] 0:0:0:0:0:0:0:1 "GET /budget/division/tree2?ownId=0&projectId=2543997172191232 HTTP/1.1" 200 (75 ms)
[03/Oct/2022:14:50:42 +0800] 0:0:0:0:0:0:0:1 "GET /budget/division/machine/tree?ownId=2543997172191232&divisionId=2543997172191232&rootId=2543997172191232 HTTP/1.1" 200 (26 ms)
[03/Oct/2022:14:50:44 +0800] 0:0:0:0:0:0:0:1 "GET /budget/division/machine/tree?ownId=6046564107816960&divisionId=6046564107816960&rootId=6046564107816960 HTTP/1.1" 200 (18 ms)
[03/Oct/2022:14:50:45 +0800] 0:0:0:0:0:0:0:1 "GET /budget/division/machine/tree?ownId=6046564107816960&divisionId=6046564107816960&rootId=6046564107816960 HTTP/1.1" 200 (17 ms)
[03/Oct/2022:14:50:49 +0800] 0:0:0:0:0:0:0:1 "OPTIONS /budget/division/push HTTP/1.1" 200 (1 ms)
[03/Oct/2022:14:50:49 +0800] 0:0:0:0:0:0:0:1 "POST /budget/division/push HTTP/1.1" 200 (546 ms)
[03/Oct/2022:14:50:49 +0800] 0:0:0:0:0:0:0:1 "OPTIONS /budget/division/machine/tree?ownId=6046564174925824&divisionId=6046564174925824&rootId=6046564174925824 HTTP/1.1" 200 (2 ms)
[03/Oct/2022:14:50:49 +0800] 0:0:0:0:0:0:0:1 "GET /budget/division/machine/tree?ownId=6046564174925824&divisionId=6046564174925824&rootId=6046564174925824 HTTP/1.1" 200 (14 ms)
[03/Oct/2022:14:50:50 +0800] 0:0:0:0:0:0:0:1 "GET /budget/division/machine/tree?ownId=6046564107816960&divisionId=6046564107816960&rootId=6046564107816960 HTTP/1.1" 200 (18 ms)
[03/Oct/2022:15:07:50 +0800] 0:0:0:0:0:0:0:1 "GET /budget/division/machine/tree?ownId=6046564107816960&divisionId=6046564107816960&rootId=6046564107816960 HTTP/1.1" 200 (33 ms)
[03/Oct/2022:15:07:50 +0800] 0:0:0:0:0:0:0:1 "GET /budget/division/machine/tree?ownId=6046564107816960&divisionId=6046564107816960&rootId=6046564107816960 HTTP/1.1" 200 (15 ms)
[03/Oct/2022:15:07:52 +0800] 0:0:0:0:0:0:0:1 "GET /budget/division/machine/tree?ownId=6046564107816960&divisionId=6046564107816960&rootId=6046564107816960 HTTP/1.1" 200 (15 ms)
[03/Oct/2022:15:08:37 +0800] 0:0:0:0:0:0:0:1 "POST /budget/division/push HTTP/1.1" 200 (312 ms)
[03/Oct/2022:15:08:38 +0800] 0:0:0:0:0:0:0:1 "GET /budget/division/machine/tree?ownId=6046564107816960&divisionId=6046564107816960&rootId=6046564107816960 HTTP/1.1" 200 (16 ms)
[03/Oct/2022:15:08:39 +0800] 0:0:0:0:0:0:0:1 "GET /budget/division/machine/tree?ownId=6046564107816960&divisionId=6046564107816960&rootId=6046564107816960 HTTP/1.1" 200 (19 ms)
[03/Oct/2022:15:08:47 +0800] 0:0:0:0:0:0:0:1 "GET /budget/division/machine/tree?ownId=6046564107816960&divisionId=6046564107816960&rootId=6046564107816960 HTTP/1.1" 200 (19 ms)
[03/Oct/2022:15:08:48 +0800] 0:0:0:0:0:0:0:1 "GET /budget/division/machine/tree?ownId=6046564107816960&divisionId=6046564107816960&rootId=6046564107816960 HTTP/1.1" 200 (16 ms)
[03/Oct/2022:15:20:11 +0800] 0:0:0:0:0:0:0:1 "OPTIONS /home/project/tree?rootId=0 HTTP/1.1" 200 (2 ms)
[03/Oct/2022:15:20:11 +0800] 0:0:0:0:0:0:0:1 "GET /home/project/tree?rootId=0 HTTP/1.1" 200 (50 ms)
[03/Oct/2022:15:20:11 +0800] 0:0:0:0:0:0:0:1 "OPTIONS /budget/division/tree2?ownId=0&projectId=2543997172191232 HTTP/1.1" 200 (3 ms)
[03/Oct/2022:15:20:11 +0800] 0:0:0:0:0:0:0:1 "GET /budget/division/tree2?ownId=0&projectId=2543997172191232 HTTP/1.1" 200 (66 ms)
[03/Oct/2022:15:20:11 +0800] 0:0:0:0:0:0:0:1 "OPTIONS /budget/division/machine/tree?ownId=2543997172191232&divisionId=2543997172191232&rootId=2543997172191232 HTTP/1.1" 200 (2 ms)
[03/Oct/2022:15:20:11 +0800] 0:0:0:0:0:0:0:1 "GET /budget/division/machine/tree?ownId=2543997172191232&divisionId=2543997172191232&rootId=2543997172191232 HTTP/1.1" 200 (22 ms)
[03/Oct/2022:15:20:23 +0800] 0:0:0:0:0:0:0:1 "OPTIONS /budget/division/machine/tree?ownId=6046563206041600&divisionId=6046563206041600&rootId=6046563206041600 HTTP/1.1" 200 (0 ms)
[03/Oct/2022:15:20:23 +0800] 0:0:0:0:0:0:0:1 "GET /budget/division/machine/tree?ownId=6046563206041600&divisionId=6046563206041600&rootId=6046563206041600 HTTP/1.1" 200 (20 ms)
[03/Oct/2022:15:20:24 +0800] 0:0:0:0:0:0:0:1 "OPTIONS /budget/division/machine/tree?ownId=6046563126349824&divisionId=6046563126349824&rootId=6046563126349824 HTTP/1.1" 200 (1 ms)
[03/Oct/2022:15:20:24 +0800] 0:0:0:0:0:0:0:1 "GET /budget/division/machine/tree?ownId=6046563126349824&divisionId=6046563126349824&rootId=6046563126349824 HTTP/1.1" 200 (15 ms)
[03/Oct/2022:15:20:26 +0800] 0:0:0:0:0:0:0:1 "GET /budget/division/machine/tree?ownId=6046563126349824&divisionId=6046563126349824&rootId=6046563126349824 HTTP/1.1" 200 (14 ms)
[03/Oct/2022:15:20:30 +0800] 0:0:0:0:0:0:0:1 "GET /budget/division/machine/tree?ownId=6046563126349824&divisionId=6046563126349824&rootId=6046563126349824 HTTP/1.1" 200 (25 ms)
[03/Oct/2022:15:20:37 +0800] 0:0:0:0:0:0:0:1 "GET /budget/division/machine/tree?ownId=6046563126349824&divisionId=6046563126349824&rootId=6046563126349824 HTTP/1.1" 200 (18 ms)
[03/Oct/2022:15:20:37 +0800] 0:0:0:0:0:0:0:1 "GET /budget/division/machine/tree?ownId=6046563126349824&divisionId=6046563126349824&rootId=6046563126349824 HTTP/1.1" 200 (18 ms)
[03/Oct/2022:15:20:42 +0800] 0:0:0:0:0:0:0:1 "GET /budget/division/machine/tree?ownId=6046563126349824&divisionId=6046563126349824&rootId=6046563126349824 HTTP/1.1" 200 (17 ms)
[03/Oct/2022:15:20:44 +0800] 0:0:0:0:0:0:0:1 "OPTIONS /budget/division/machine/tree?ownId=6046563352842240&divisionId=6046563352842240&rootId=6046563352842240 HTTP/1.1" 200 (2 ms)
[03/Oct/2022:15:20:44 +0800] 0:0:0:0:0:0:0:1 "GET /budget/division/machine/tree?ownId=6046563352842240&divisionId=6046563352842240&rootId=6046563352842240 HTTP/1.1" 200 (23 ms)
[03/Oct/2022:15:21:54 +0800] 0:0:0:0:0:0:0:1 "OPTIONS /budget/division/machine/tree?ownId=6046563268956160&divisionId=6046563268956160&rootId=6046563268956160 HTTP/1.1" 200 (1 ms)
[03/Oct/2022:15:21:54 +0800] 0:0:0:0:0:0:0:1 "GET /budget/division/machine/tree?ownId=6046563268956160&divisionId=6046563268956160&rootId=6046563268956160 HTTP/1.1" 200 (33 ms)
[03/Oct/2022:15:21:54 +0800] 0:0:0:0:0:0:0:1 "GET /budget/division/machine/tree?ownId=6046563352842240&divisionId=6046563352842240&rootId=6046563352842240 HTTP/1.1" 200 (15 ms)
[03/Oct/2022:15:21:55 +0800] 0:0:0:0:0:0:0:1 "OPTIONS /budget/division/machine/tree?ownId=6046563549974528&divisionId=6046563549974528&rootId=6046563549974528 HTTP/1.1" 200 (1 ms)
[03/Oct/2022:15:21:55 +0800] 0:0:0:0:0:0:0:1 "GET /budget/division/machine/tree?ownId=6046563549974528&divisionId=6046563549974528&rootId=6046563549974528 HTTP/1.1" 200 (13 ms)
[03/Oct/2022:15:21:57 +0800] 0:0:0:0:0:0:0:1 "OPTIONS /budget/division/machine/tree?ownId=6046563654832128&divisionId=6046563654832128&rootId=6046563654832128 HTTP/1.1" 200 (2 ms)
[03/Oct/2022:15:21:57 +0800] 0:0:0:0:0:0:0:1 "GET /budget/division/machine/tree?ownId=6046563654832128&divisionId=6046563654832128&rootId=6046563654832128 HTTP/1.1" 200 (15 ms)
[03/Oct/2022:15:21:57 +0800] 0:0:0:0:0:0:0:1 "GET /budget/division/machine/tree?ownId=6046563549974528&divisionId=6046563549974528&rootId=6046563549974528 HTTP/1.1" 200 (15 ms)
[03/Oct/2022:15:22:06 +0800] 0:0:0:0:0:0:0:1 "OPTIONS /budget/division/machine/tree?ownId=6046563738718208&divisionId=6046563738718208&rootId=6046563738718208 HTTP/1.1" 200 (1 ms)
[03/Oct/2022:15:22:06 +0800] 0:0:0:0:0:0:0:1 "GET /budget/division/machine/tree?ownId=6046563738718208&divisionId=6046563738718208&rootId=6046563738718208 HTTP/1.1" 200 (13 ms)
[03/Oct/2022:15:22:12 +0800] 0:0:0:0:0:0:0:1 "GET /budget/division/machine/tree?ownId=6046563549974528&divisionId=6046563549974528&rootId=6046563549974528 HTTP/1.1" 200 (21 ms)
[03/Oct/2022:15:22:43 +0800] 0:0:0:0:0:0:0:1 "GET /home/project/tree?rootId=0 HTTP/1.1" 200 (24 ms)
[03/Oct/2022:15:22:43 +0800] 0:0:0:0:0:0:0:1 "OPTIONS /actual/division/tree2?ownId=0&projectId=2543997172191232 HTTP/1.1" 200 (2 ms)
[03/Oct/2022:15:22:43 +0800] 0:0:0:0:0:0:0:1 "GET /actual/division/tree2?ownId=0&projectId=2543997172191232 HTTP/1.1" 200 (54 ms)
[03/Oct/2022:15:22:43 +0800] 0:0:0:0:0:0:0:1 "OPTIONS /actual/division/machine/tree?ownId=2543997172191232&divisionId=2543997172191232&rootId=2543997172191232 HTTP/1.1" 200 (1 ms)
[03/Oct/2022:15:22:43 +0800] 0:0:0:0:0:0:0:1 "GET /actual/division/machine/tree?ownId=2543997172191232&divisionId=2543997172191232&rootId=2543997172191232 HTTP/1.1" 200 (29 ms)
[03/Oct/2022:15:23:11 +0800] 0:0:0:0:0:0:0:1 "GET /home/project/tree?rootId=0 HTTP/1.1" 200 (22 ms)
[03/Oct/2022:15:23:11 +0800] 0:0:0:0:0:0:0:1 "GET /budget/division/tree2?ownId=0&projectId=2543997172191232 HTTP/1.1" 200 (39 ms)
[03/Oct/2022:15:23:11 +0800] 0:0:0:0:0:0:0:1 "GET /budget/division/machine/tree?ownId=2543997172191232&divisionId=2543997172191232&rootId=2543997172191232 HTTP/1.1" 200 (21 ms)
[03/Oct/2022:15:23:13 +0800] 0:0:0:0:0:0:0:1 "OPTIONS /budget/division/machine/tree?ownId=6046564174925824&divisionId=6046564174925824&rootId=6046564174925824 HTTP/1.1" 200 (1 ms)
[03/Oct/2022:15:23:13 +0800] 0:0:0:0:0:0:0:1 "GET /budget/division/machine/tree?ownId=6046564174925824&divisionId=6046564174925824&rootId=6046564174925824 HTTP/1.1" 200 (24 ms)
[03/Oct/2022:15:23:20 +0800] 0:0:0:0:0:0:0:1 "GET /budget/division/machine/tree?ownId=6046563549974528&divisionId=6046563549974528&rootId=6046563549974528 HTTP/1.1" 200 (19 ms)
[03/Oct/2022:15:23:21 +0800] 0:0:0:0:0:0:0:1 "OPTIONS /budget/division/machine/tree?ownId=6046563981987840&divisionId=6046563981987840&rootId=6046563981987840 HTTP/1.1" 200 (1 ms)
[03/Oct/2022:15:23:21 +0800] 0:0:0:0:0:0:0:1 "GET /budget/division/machine/tree?ownId=6046563981987840&divisionId=6046563981987840&rootId=6046563981987840 HTTP/1.1" 200 (17 ms)
[03/Oct/2022:15:23:22 +0800] 0:0:0:0:0:0:0:1 "GET /budget/division/machine/tree?ownId=6046563981987840&divisionId=6046563981987840&rootId=6046563981987840 HTTP/1.1" 200 (20 ms)
[03/Oct/2022:15:23:22 +0800] 0:0:0:0:0:0:0:1 "GET /budget/division/machine/tree?ownId=6046563981987840&divisionId=6046563981987840&rootId=6046563981987840 HTTP/1.1" 200 (17 ms)
[03/Oct/2022:15:23:22 +0800] 0:0:0:0:0:0:0:1 "OPTIONS /budget/division/machine/tree?ownId=6046563906490368&divisionId=6046563906490368&rootId=6046563906490368 HTTP/1.1" 200 (1 ms)
[03/Oct/2022:15:23:22 +0800] 0:0:0:0:0:0:0:1 "GET /budget/division/machine/tree?ownId=6046563906490368&divisionId=6046563906490368&rootId=6046563906490368 HTTP/1.1" 200 (14 ms)
[03/Oct/2022:15:23:50 +0800] 0:0:0:0:0:0:0:1 "GET /budget/division/machine/tree?ownId=6046563126349824&divisionId=6046563126349824&rootId=6046563126349824 HTTP/1.1" 200 (24 ms)
[03/Oct/2022:15:23:51 +0800] 0:0:0:0:0:0:0:1 "GET /budget/division/machine/tree?ownId=6046563126349824&divisionId=6046563126349824&rootId=6046563126349824 HTTP/1.1" 200 (34 ms)
[03/Oct/2022:15:23:51 +0800] 0:0:0:0:0:0:0:1 "GET /budget/division/machine/tree?ownId=6046563126349824&divisionId=6046563126349824&rootId=6046563126349824 HTTP/1.1" 200 (15 ms)
[03/Oct/2022:15:23:54 +0800] 0:0:0:0:0:0:0:1 "GET /budget/division/machine/tree?ownId=6046563126349824&divisionId=6046563126349824&rootId=6046563126349824 HTTP/1.1" 200 (18 ms)
[03/Oct/2022:15:24:02 +0800] 0:0:0:0:0:0:0:1 "GET /home/project/tree?rootId=0 HTTP/1.1" 200 (21 ms)
[03/Oct/2022:15:24:02 +0800] 0:0:0:0:0:0:0:1 "OPTIONS /plan/division/tree2?ownId=0&projectId=2543997172191232 HTTP/1.1" 200 (0 ms)
[03/Oct/2022:15:24:02 +0800] 0:0:0:0:0:0:0:1 "GET /plan/division/tree2?ownId=0&projectId=2543997172191232 HTTP/1.1" 200 (42 ms)
[03/Oct/2022:15:24:02 +0800] 0:0:0:0:0:0:0:1 "OPTIONS /plan/division/machine/tree?ownId=2543997172191232&divisionId=2543997172191232&rootId=2543997172191232 HTTP/1.1" 200 (1 ms)
[03/Oct/2022:15:24:02 +0800] 0:0:0:0:0:0:0:1 "GET /plan/division/machine/tree?ownId=2543997172191232&divisionId=2543997172191232&rootId=2543997172191232 HTTP/1.1" 200 (55 ms)
[03/Oct/2022:15:24:22 +0800] 0:0:0:0:0:0:0:1 "OPTIONS /dict/subpackage/fetch HTTP/1.1" 200 (1 ms)
[03/Oct/2022:15:24:22 +0800] 0:0:0:0:0:0:0:1 "GET /dict/subpackage/fetch HTTP/1.1" 200 (10 ms)
[03/Oct/2022:15:25:43 +0800] 0:0:0:0:0:0:0:1 "OPTIONS /plan/division/machine/tree?ownId=6046563126349824&divisionId=6046563126349824&rootId=6046563126349824 HTTP/1.1" 200 (2 ms)
[03/Oct/2022:15:25:43 +0800] 0:0:0:0:0:0:0:1 "GET /plan/division/machine/tree?ownId=6046563126349824&divisionId=6046563126349824&rootId=6046563126349824 HTTP/1.1" 200 (29 ms)
[03/Oct/2022:15:25:43 +0800] 0:0:0:0:0:0:0:1 "GET /plan/division/machine/tree?ownId=6046563126349824&divisionId=6046563126349824&rootId=6046563126349824 HTTP/1.1" 200 (28 ms)
[03/Oct/2022:15:25:58 +0800] 0:0:0:0:0:0:0:1 "GET /home/project/tree?rootId=0 HTTP/1.1" 200 (21 ms)
[03/Oct/2022:15:25:58 +0800] 0:0:0:0:0:0:0:1 "OPTIONS /plan/measure/tree2?ownId=0&projectId=2543997172191232 HTTP/1.1" 200 (1 ms)
[03/Oct/2022:15:25:58 +0800] 0:0:0:0:0:0:0:1 "GET /plan/measure/tree2?ownId=0&projectId=2543997172191232 HTTP/1.1" 200 (42 ms)
[03/Oct/2022:15:25:58 +0800] 0:0:0:0:0:0:0:1 "OPTIONS /plan/measure/machine/tree?ownId=2543997172191232&measureId=2543997172191232&rootId=2543997172191232 HTTP/1.1" 200 (0 ms)
[03/Oct/2022:15:25:58 +0800] 0:0:0:0:0:0:0:1 "GET /plan/measure/machine/tree?ownId=2543997172191232&measureId=2543997172191232&rootId=2543997172191232 HTTP/1.1" 200 (25 ms)
[03/Oct/2022:15:25:59 +0800] 0:0:0:0:0:0:0:1 "OPTIONS /plan/measure/machine/tree?ownId=6046564414001152&measureId=6046564414001152&rootId=6046564414001152 HTTP/1.1" 200 (2 ms)
[03/Oct/2022:15:25:59 +0800] 0:0:0:0:0:0:0:1 "GET /plan/measure/machine/tree?ownId=6046564414001152&measureId=6046564414001152&rootId=6046564414001152 HTTP/1.1" 200 (16 ms)
[03/Oct/2022:15:25:59 +0800] 0:0:0:0:0:0:0:1 "GET /plan/measure/machine/tree?ownId=6046564414001152&measureId=6046564414001152&rootId=6046564414001152 HTTP/1.1" 200 (15 ms)
[03/Oct/2022:15:26:56 +0800] 0:0:0:0:0:0:0:1 "GET /home/project/tree?rootId=0 HTTP/1.1" 200 (26 ms)
[03/Oct/2022:15:26:56 +0800] 0:0:0:0:0:0:0:1 "GET /budget/division/tree2?ownId=0&projectId=2543997172191232 HTTP/1.1" 200 (43 ms)
[03/Oct/2022:15:26:56 +0800] 0:0:0:0:0:0:0:1 "GET /budget/division/machine/tree?ownId=2543997172191232&divisionId=2543997172191232&rootId=2543997172191232 HTTP/1.1" 200 (22 ms)
[03/Oct/2022:15:27:03 +0800] 0:0:0:0:0:0:0:1 "GET /budget/division/machine/tree?ownId=6046564174925824&divisionId=6046564174925824&rootId=6046564174925824 HTTP/1.1" 200 (16 ms)
[03/Oct/2022:15:27:14 +0800] 0:0:0:0:0:0:0:1 "GET /home/project/tree?rootId=0 HTTP/1.1" 200 (57 ms)
[03/Oct/2022:15:27:14 +0800] 0:0:0:0:0:0:0:1 "GET /plan/measure/tree2?ownId=0&projectId=2543997172191232 HTTP/1.1" 200 (43 ms)
[03/Oct/2022:15:27:14 +0800] 0:0:0:0:0:0:0:1 "GET /plan/measure/machine/tree?ownId=2543997172191232&measureId=2543997172191232&rootId=2543997172191232 HTTP/1.1" 200 (20 ms)
[03/Oct/2022:15:27:18 +0800] 0:0:0:0:0:0:0:1 "GET /home/project/tree?rootId=0 HTTP/1.1" 200 (22 ms)
[03/Oct/2022:15:27:18 +0800] 0:0:0:0:0:0:0:1 "GET /actual/division/tree2?ownId=0&projectId=2543997172191232 HTTP/1.1" 200 (37 ms)
[03/Oct/2022:15:27:18 +0800] 0:0:0:0:0:0:0:1 "GET /actual/division/machine/tree?ownId=2543997172191232&divisionId=2543997172191232&rootId=2543997172191232 HTTP/1.1" 200 (29 ms)
[03/Oct/2022:15:27:23 +0800] 0:0:0:0:0:0:0:1 "OPTIONS /dict/supplyunit/fetch HTTP/1.1" 200 (1 ms)
[03/Oct/2022:15:27:23 +0800] 0:0:0:0:0:0:0:1 "GET /dict/supplyunit/fetch HTTP/1.1" 200 (10 ms)
[03/Oct/2022:15:27:42 +0800] 0:0:0:0:0:0:0:1 "GET /home/project/tree?rootId=0 HTTP/1.1" 200 (25 ms)
[03/Oct/2022:15:27:42 +0800] 0:0:0:0:0:0:0:1 "GET /plan/division/tree2?ownId=0&projectId=2543997172191232 HTTP/1.1" 200 (67 ms)
[03/Oct/2022:15:27:43 +0800] 0:0:0:0:0:0:0:1 "GET /plan/division/machine/tree?ownId=2543997172191232&divisionId=2543997172191232&rootId=2543997172191232 HTTP/1.1" 200 (33 ms)
[03/Oct/2022:15:27:44 +0800] 0:0:0:0:0:0:0:1 "GET /dict/subpackage/fetch HTTP/1.1" 200 (11 ms)
[03/Oct/2022:15:27:57 +0800] 0:0:0:0:0:0:0:1 "GET /dict/supplyunit/fetch HTTP/1.1" 200 (12 ms)
[03/Oct/2022:15:29:34 +0800] 0:0:0:0:0:0:0:1 "GET /home/project/tree?rootId=0 HTTP/1.1" 200 (49 ms)
[03/Oct/2022:15:29:34 +0800] 0:0:0:0:0:0:0:1 "GET /plan/division/tree2?ownId=0&projectId=2543997172191232 HTTP/1.1" 200 (61 ms)
[03/Oct/2022:15:29:34 +0800] 0:0:0:0:0:0:0:1 "GET /plan/division/machine/tree?ownId=2543997172191232&divisionId=2543997172191232&rootId=2543997172191232 HTTP/1.1" 200 (23 ms)
[03/Oct/2022:15:29:36 +0800] 0:0:0:0:0:0:0:1 "GET /home/project/tree?rootId=0 HTTP/1.1" 200 (28 ms)
[03/Oct/2022:15:29:36 +0800] 0:0:0:0:0:0:0:1 "GET /plan/division/tree2?ownId=0&projectId=2543997172191232 HTTP/1.1" 200 (59 ms)
[03/Oct/2022:15:29:36 +0800] 0:0:0:0:0:0:0:1 "GET /plan/division/machine/tree?ownId=2543997172191232&divisionId=2543997172191232&rootId=2543997172191232 HTTP/1.1" 200 (28 ms)
[03/Oct/2022:15:29:43 +0800] 0:0:0:0:0:0:0:1 "GET /dict/subpackage/fetch HTTP/1.1" 200 (14 ms)
[03/Oct/2022:15:29:46 +0800] 0:0:0:0:0:0:0:1 "GET /home/project/tree?rootId=0 HTTP/1.1" 200 (19 ms)
[03/Oct/2022:15:29:46 +0800] 0:0:0:0:0:0:0:1 "GET /actual/division/tree2?ownId=0&projectId=2543997172191232 HTTP/1.1" 200 (42 ms)
[03/Oct/2022:15:29:47 +0800] 0:0:0:0:0:0:0:1 "GET /actual/division/machine/tree?ownId=2543997172191232&divisionId=2543997172191232&rootId=2543997172191232 HTTP/1.1" 200 (30 ms)
[03/Oct/2022:15:29:48 +0800] 0:0:0:0:0:0:0:1 "GET /dict/subpackage/fetch HTTP/1.1" 200 (10 ms)
[03/Oct/2022:15:29:54 +0800] 0:0:0:0:0:0:0:1 "GET /dict/supplyunit/fetch HTTP/1.1" 200 (13 ms)
[03/Oct/2022:15:29:57 +0800] 0:0:0:0:0:0:0:1 "GET /home/project/tree?rootId=0 HTTP/1.1" 200 (24 ms)
[03/Oct/2022:15:29:57 +0800] 0:0:0:0:0:0:0:1 "GET /plan/division/tree2?ownId=0&projectId=2543997172191232 HTTP/1.1" 200 (41 ms)
[03/Oct/2022:15:29:58 +0800] 0:0:0:0:0:0:0:1 "GET /plan/division/machine/tree?ownId=2543997172191232&divisionId=2543997172191232&rootId=2543997172191232 HTTP/1.1" 200 (31 ms)
[03/Oct/2022:15:29:59 +0800] 0:0:0:0:0:0:0:1 "GET /dict/supplyunit/fetch HTTP/1.1" 200 (10 ms)
[03/Oct/2022:15:30:11 +0800] 0:0:0:0:0:0:0:1 "GET /plan/division/machine/tree?ownId=6046563126349824&divisionId=6046563126349824&rootId=6046563126349824 HTTP/1.1" 200 (29 ms)
[03/Oct/2022:15:40:38 +0800] 0:0:0:0:0:0:0:1 "GET /home/project/tree?rootId=0 HTTP/1.1" 200 (35 ms)
[03/Oct/2022:15:40:38 +0800] 0:0:0:0:0:0:0:1 "GET /plan/division/tree2?ownId=0&projectId=2543997172191232 HTTP/1.1" 200 (68 ms)
[03/Oct/2022:15:40:38 +0800] 0:0:0:0:0:0:0:1 "GET /plan/division/machine/tree?ownId=2543997172191232&divisionId=2543997172191232&rootId=2543997172191232 HTTP/1.1" 200 (22 ms)
[03/Oct/2022:15:40:40 +0800] 0:0:0:0:0:0:0:1 "GET /plan/division/machine/tree?ownId=6046563126349824&divisionId=6046563126349824&rootId=6046563126349824 HTTP/1.1" 200 (26 ms)
[03/Oct/2022:15:40:41 +0800] 0:0:0:0:0:0:0:1 "GET /plan/division/machine/tree?ownId=6046563126349824&divisionId=6046563126349824&rootId=6046563126349824 HTTP/1.1" 200 (25 ms)
[03/Oct/2022:15:40:45 +0800] 0:0:0:0:0:0:0:1 "GET /home/project/tree?rootId=0 HTTP/1.1" 200 (20 ms)
[03/Oct/2022:15:40:45 +0800] 0:0:0:0:0:0:0:1 "GET /budget/division/tree2?ownId=0&projectId=2543997172191232 HTTP/1.1" 200 (36 ms)
[03/Oct/2022:15:40:45 +0800] 0:0:0:0:0:0:0:1 "GET /budget/division/machine/tree?ownId=2543997172191232&divisionId=2543997172191232&rootId=2543997172191232 HTTP/1.1" 200 (25 ms)
[03/Oct/2022:15:40:46 +0800] 0:0:0:0:0:0:0:1 "GET /budget/division/machine/tree?ownId=6046564174925824&divisionId=6046564174925824&rootId=6046564174925824 HTTP/1.1" 200 (19 ms)
[03/Oct/2022:15:40:47 +0800] 0:0:0:0:0:0:0:1 "GET /budget/division/machine/tree?ownId=6046564174925824&divisionId=6046564174925824&rootId=6046564174925824 HTTP/1.1" 200 (17 ms)
[03/Oct/2022:15:40:48 +0800] 0:0:0:0:0:0:0:1 "OPTIONS /budget/division/machine/tree?ownId=6046564107816960&divisionId=6046564107816960&rootId=6046564107816960 HTTP/1.1" 200 (1 ms)
[03/Oct/2022:15:40:48 +0800] 0:0:0:0:0:0:0:1 "GET /budget/division/machine/tree?ownId=6046564107816960&divisionId=6046564107816960&rootId=6046564107816960 HTTP/1.1" 200 (19 ms)
[03/Oct/2022:15:40:48 +0800] 0:0:0:0:0:0:0:1 "GET /budget/division/machine/tree?ownId=6046564107816960&divisionId=6046564107816960&rootId=6046564107816960 HTTP/1.1" 200 (14 ms)
[03/Oct/2022:15:41:35 +0800] 0:0:0:0:0:0:0:1 "GET /budget/division/machine/tree?ownId=6046564107816960&divisionId=6046564107816960&rootId=6046564107816960 HTTP/1.1" 200 (19 ms)
[03/Oct/2022:15:41:36 +0800] 0:0:0:0:0:0:0:1 "GET /budget/division/machine/tree?ownId=6046564107816960&divisionId=6046564107816960&rootId=6046564107816960 HTTP/1.1" 200 (16 ms)
[03/Oct/2022:15:41:42 +0800] 0:0:0:0:0:0:0:1 "GET /budget/division/machine/tree?ownId=6046564107816960&divisionId=6046564107816960&rootId=6046564107816960 HTTP/1.1" 200 (14 ms)
[03/Oct/2022:15:41:42 +0800] 0:0:0:0:0:0:0:1 "GET /budget/division/machine/tree?ownId=6046564107816960&divisionId=6046564107816960&rootId=6046564107816960 HTTP/1.1" 200 (15 ms)
[03/Oct/2022:15:41:46 +0800] 0:0:0:0:0:0:0:1 "GET /budget/division/machine/tree?ownId=6046564174925824&divisionId=6046564174925824&rootId=6046564174925824 HTTP/1.1" 200 (23 ms)
[03/Oct/2022:15:41:46 +0800] 0:0:0:0:0:0:0:1 "GET /budget/division/machine/tree?ownId=6046564174925824&divisionId=6046564174925824&rootId=6046564174925824 HTTP/1.1" 200 (14 ms)
[03/Oct/2022:15:43:57 +0800] 0:0:0:0:0:0:0:1 "GET /home/project/tree?rootId=0 HTTP/1.1" 200 (42 ms)
[03/Oct/2022:15:43:57 +0800] 0:0:0:0:0:0:0:1 "GET /budget/division/tree2?ownId=0&projectId=2543997172191232 HTTP/1.1" 200 (68 ms)
[03/Oct/2022:15:43:58 +0800] 0:0:0:0:0:0:0:1 "GET /budget/division/machine/tree?ownId=2543997172191232&divisionId=2543997172191232&rootId=2543997172191232 HTTP/1.1" 200 (17 ms)
[03/Oct/2022:15:44:00 +0800] 0:0:0:0:0:0:0:1 "GET /budget/division/machine/tree?ownId=6046564174925824&divisionId=6046564174925824&rootId=6046564174925824 HTTP/1.1" 200 (25 ms)
[03/Oct/2022:15:44:00 +0800] 0:0:0:0:0:0:0:1 "GET /budget/division/machine/tree?ownId=6046564174925824&divisionId=6046564174925824&rootId=6046564174925824 HTTP/1.1" 200 (17 ms)
[03/Oct/2022:15:45:52 +0800] 0:0:0:0:0:0:0:1 "GET /home/project/tree?rootId=0 HTTP/1.1" 200 (54 ms)
[03/Oct/2022:15:45:52 +0800] 0:0:0:0:0:0:0:1 "GET /budget/division/tree2?ownId=0&projectId=2543997172191232 HTTP/1.1" 200 (53 ms)
[03/Oct/2022:15:45:52 +0800] 0:0:0:0:0:0:0:1 "GET /budget/division/machine/tree?ownId=2543997172191232&divisionId=2543997172191232&rootId=2543997172191232 HTTP/1.1" 200 (21 ms)
[03/Oct/2022:15:46:00 +0800] 0:0:0:0:0:0:0:1 "GET /budget/division/machine/tree?ownId=6046563126349824&divisionId=6046563126349824&rootId=6046563126349824 HTTP/1.1" 200 (29 ms)
[03/Oct/2022:15:46:00 +0800] 0:0:0:0:0:0:0:1 "GET /budget/division/machine/tree?ownId=6046563126349824&divisionId=6046563126349824&rootId=6046563126349824 HTTP/1.1" 200 (14 ms)
[03/Oct/2022:15:48:26 +0800] 0:0:0:0:0:0:0:1 "GET /home/project/tree?rootId=0 HTTP/1.1" 200 (64 ms)
[03/Oct/2022:15:48:26 +0800] 0:0:0:0:0:0:0:1 "GET /budget/division/tree2?ownId=0&projectId=2543997172191232 HTTP/1.1" 200 (54 ms)
[03/Oct/2022:15:48:26 +0800] 0:0:0:0:0:0:0:1 "GET /budget/division/machine/tree?ownId=2543997172191232&divisionId=2543997172191232&rootId=2543997172191232 HTTP/1.1" 200 (23 ms)
[03/Oct/2022:15:48:32 +0800] 0:0:0:0:0:0:0:1 "GET /budget/division/machine/tree?ownId=6046564107816960&divisionId=6046564107816960&rootId=6046564107816960 HTTP/1.1" 200 (25 ms)
[03/Oct/2022:15:48:32 +0800] 0:0:0:0:0:0:0:1 "GET /budget/division/machine/tree?ownId=6046564107816960&divisionId=6046564107816960&rootId=6046564107816960 HTTP/1.1" 200 (14 ms)
[03/Oct/2022:15:48:35 +0800] 0:0:0:0:0:0:0:1 "GET /budget/division/machine/tree?ownId=6046564107816960&divisionId=6046564107816960&rootId=6046564107816960 HTTP/1.1" 200 (22 ms)
[03/Oct/2022:15:48:35 +0800] 0:0:0:0:0:0:0:1 "GET /budget/division/machine/tree?ownId=6046564107816960&divisionId=6046564107816960&rootId=6046564107816960 HTTP/1.1" 200 (16 ms)
[03/Oct/2022:15:55:51 +0800] 0:0:0:0:0:0:0:1 "OPTIONS /home/project/tree?rootId=0 HTTP/1.1" 200 (1 ms)
[03/Oct/2022:15:55:51 +0800] 0:0:0:0:0:0:0:1 "GET /home/project/tree?rootId=0 HTTP/1.1" 200 (58 ms)
[03/Oct/2022:15:55:51 +0800] 0:0:0:0:0:0:0:1 "OPTIONS /budget/division/tree2?ownId=0&projectId=2543997172191232 HTTP/1.1" 200 (1 ms)
[03/Oct/2022:15:55:51 +0800] 0:0:0:0:0:0:0:1 "GET /budget/division/tree2?ownId=0&projectId=2543997172191232 HTTP/1.1" 200 (55 ms)
[03/Oct/2022:15:55:51 +0800] 0:0:0:0:0:0:0:1 "OPTIONS /budget/division/machine/tree?ownId=2543997172191232&divisionId=2543997172191232&rootId=2543997172191232 HTTP/1.1" 200 (1 ms)
[03/Oct/2022:15:55:51 +0800] 0:0:0:0:0:0:0:1 "GET /budget/division/machine/tree?ownId=2543997172191232&divisionId=2543997172191232&rootId=2543997172191232 HTTP/1.1" 200 (27 ms)
[03/Oct/2022:15:56:27 +0800] 0:0:0:0:0:0:0:1 "GET /home/project/tree?rootId=0 HTTP/1.1" 200 (38 ms)
[03/Oct/2022:15:56:27 +0800] 0:0:0:0:0:0:0:1 "GET /budget/division/tree2?ownId=0&projectId=2543997172191232 HTTP/1.1" 200 (52 ms)
[03/Oct/2022:15:56:27 +0800] 0:0:0:0:0:0:0:1 "GET /budget/division/machine/tree?ownId=2543997172191232&divisionId=2543997172191232&rootId=2543997172191232 HTTP/1.1" 200 (25 ms)
[03/Oct/2022:15:57:00 +0800] 0:0:0:0:0:0:0:1 "GET /home/project/tree?rootId=0 HTTP/1.1" 200 (34 ms)
[03/Oct/2022:15:57:00 +0800] 0:0:0:0:0:0:0:1 "GET /budget/division/tree2?ownId=0&projectId=2543997172191232 HTTP/1.1" 200 (55 ms)
[03/Oct/2022:15:57:01 +0800] 0:0:0:0:0:0:0:1 "GET /budget/division/machine/tree?ownId=2543997172191232&divisionId=2543997172191232&rootId=2543997172191232 HTTP/1.1" 200 (28 ms)
[03/Oct/2022:15:57:02 +0800] 0:0:0:0:0:0:0:1 "OPTIONS /budget/division/machine/tree?ownId=6046564174925824&divisionId=6046564174925824&rootId=6046564174925824 HTTP/1.1" 200 (1 ms)
[03/Oct/2022:15:57:02 +0800] 0:0:0:0:0:0:0:1 "GET /budget/division/machine/tree?ownId=6046564174925824&divisionId=6046564174925824&rootId=6046564174925824 HTTP/1.1" 200 (27 ms)
[03/Oct/2022:15:57:02 +0800] 0:0:0:0:0:0:0:1 "GET /budget/division/machine/tree?ownId=6046564174925824&divisionId=6046564174925824&rootId=6046564174925824 HTTP/1.1" 200 (16 ms)
[03/Oct/2022:15:58:48 +0800] 0:0:0:0:0:0:0:1 "GET /home/project/tree?rootId=0 HTTP/1.1" 200 (53 ms)
[03/Oct/2022:15:58:48 +0800] 0:0:0:0:0:0:0:1 "GET /budget/division/tree2?ownId=0&projectId=2543997172191232 HTTP/1.1" 200 (47 ms)
[03/Oct/2022:15:58:48 +0800] 0:0:0:0:0:0:0:1 "GET /budget/division/machine/tree?ownId=2543997172191232&divisionId=2543997172191232&rootId=2543997172191232 HTTP/1.1" 200 (18 ms)
[03/Oct/2022:15:58:51 +0800] 0:0:0:0:0:0:0:1 "GET /budget/division/machine/tree?ownId=2543997172191232&divisionId=2543997172191232&rootId=2543997172191232 HTTP/1.1" 200 (27 ms)
[03/Oct/2022:15:58:51 +0800] 0:0:0:0:0:0:0:1 "GET /budget/division/machine/tree?ownId=2543997172191232&divisionId=2543997172191232&rootId=2543997172191232 HTTP/1.1" 200 (17 ms)
[03/Oct/2022:15:58:52 +0800] 0:0:0:0:0:0:0:1 "OPTIONS /budget/division/machine/tree?ownId=6046564049096704&divisionId=6046564049096704&rootId=6046564049096704 HTTP/1.1" 200 (1 ms)
[03/Oct/2022:15:58:52 +0800] 0:0:0:0:0:0:0:1 "GET /budget/division/machine/tree?ownId=6046564049096704&divisionId=6046564049096704&rootId=6046564049096704 HTTP/1.1" 200 (22 ms)
[03/Oct/2022:15:58:52 +0800] 0:0:0:0:0:0:0:1 "GET /budget/division/machine/tree?ownId=6046564049096704&divisionId=6046564049096704&rootId=6046564049096704 HTTP/1.1" 200 (15 ms)
[03/Oct/2022:15:58:53 +0800] 0:0:0:0:0:0:0:1 "GET /budget/division/machine/tree?ownId=6046564107816960&divisionId=6046564107816960&rootId=6046564107816960 HTTP/1.1" 200 (20 ms)
[03/Oct/2022:15:58:53 +0800] 0:0:0:0:0:0:0:1 "GET /budget/division/machine/tree?ownId=6046564107816960&divisionId=6046564107816960&rootId=6046564107816960 HTTP/1.1" 200 (13 ms)
[03/Oct/2022:15:58:54 +0800] 0:0:0:0:0:0:0:1 "GET /budget/division/machine/tree?ownId=6046564174925824&divisionId=6046564174925824&rootId=6046564174925824 HTTP/1.1" 200 (21 ms)
[03/Oct/2022:15:58:54 +0800] 0:0:0:0:0:0:0:1 "GET /budget/division/machine/tree?ownId=6046564174925824&divisionId=6046564174925824&rootId=6046564174925824 HTTP/1.1" 200 (14 ms)
[03/Oct/2022:15:59:30 +0800] 0:0:0:0:0:0:0:1 "GET /home/project/tree?rootId=0 HTTP/1.1" 200 (30 ms)
[03/Oct/2022:15:59:30 +0800] 0:0:0:0:0:0:0:1 "GET /budget/division/tree2?ownId=0&projectId=2543997172191232 HTTP/1.1" 200 (55 ms)
[03/Oct/2022:15:59:30 +0800] 0:0:0:0:0:0:0:1 "GET /budget/division/machine/tree?ownId=2543997172191232&divisionId=2543997172191232&rootId=2543997172191232 HTTP/1.1" 200 (24 ms)
[03/Oct/2022:16:00:58 +0800] 0:0:0:0:0:0:0:1 "GET /home/project/tree?rootId=0 HTTP/1.1" 200 (48 ms)
[03/Oct/2022:16:00:58 +0800] 0:0:0:0:0:0:0:1 "OPTIONS /plan/division/tree2?ownId=0&projectId=2543997172191232 HTTP/1.1" 200 (3 ms)
[03/Oct/2022:16:00:58 +0800] 0:0:0:0:0:0:0:1 "GET /plan/division/tree2?ownId=0&projectId=2543997172191232 HTTP/1.1" 200 (70 ms)
[03/Oct/2022:16:00:58 +0800] 0:0:0:0:0:0:0:1 "OPTIONS /plan/division/machine/tree?ownId=2543997172191232&divisionId=2543997172191232&rootId=2543997172191232 HTTP/1.1" 200 (1 ms)
[03/Oct/2022:16:00:58 +0800] 0:0:0:0:0:0:0:1 "GET /plan/division/machine/tree?ownId=2543997172191232&divisionId=2543997172191232&rootId=2543997172191232 HTTP/1.1" 200 (33 ms)
[03/Oct/2022:16:01:07 +0800] 0:0:0:0:0:0:0:1 "OPTIONS /plan/division/machine/tree?ownId=6046562497204224&divisionId=6046562497204224&rootId=6046562497204224 HTTP/1.1" 200 (1 ms)
[03/Oct/2022:16:01:07 +0800] 0:0:0:0:0:0:0:1 "GET /plan/division/machine/tree?ownId=6046562497204224&divisionId=6046562497204224&rootId=6046562497204224 HTTP/1.1" 200 (22 ms)
[03/Oct/2022:16:01:07 +0800] 0:0:0:0:0:0:0:1 "GET /plan/division/machine/tree?ownId=6046562497204224&divisionId=6046562497204224&rootId=6046562497204224 HTTP/1.1" 200 (17 ms)
[03/Oct/2022:16:01:08 +0800] 0:0:0:0:0:0:0:1 "OPTIONS /plan/division/machine/tree?ownId=6046563126349824&divisionId=6046563126349824&rootId=6046563126349824 HTTP/1.1" 200 (1 ms)
[03/Oct/2022:16:01:08 +0800] 0:0:0:0:0:0:0:1 "GET /plan/division/machine/tree?ownId=6046563126349824&divisionId=6046563126349824&rootId=6046563126349824 HTTP/1.1" 200 (28 ms)
[03/Oct/2022:16:01:08 +0800] 0:0:0:0:0:0:0:1 "GET /plan/division/machine/tree?ownId=6046563126349824&divisionId=6046563126349824&rootId=6046563126349824 HTTP/1.1" 200 (25 ms)
[03/Oct/2022:16:01:14 +0800] 0:0:0:0:0:0:0:1 "OPTIONS /dict/subpackage/fetch HTTP/1.1" 200 (1 ms)
[03/Oct/2022:16:01:14 +0800] 0:0:0:0:0:0:0:1 "GET /dict/subpackage/fetch HTTP/1.1" 200 (11 ms)
[03/Oct/2022:16:01:25 +0800] 0:0:0:0:0:0:0:1 "GET /home/project/tree?rootId=0 HTTP/1.1" 200 (31 ms)
[03/Oct/2022:16:01:25 +0800] 0:0:0:0:0:0:0:1 "GET /budget/division/tree2?ownId=0&projectId=2543997172191232 HTTP/1.1" 200 (49 ms)
[03/Oct/2022:16:01:25 +0800] 0:0:0:0:0:0:0:1 "GET /budget/division/machine/tree?ownId=2543997172191232&divisionId=2543997172191232&rootId=2543997172191232 HTTP/1.1" 200 (21 ms)
[03/Oct/2022:16:01:28 +0800] 0:0:0:0:0:0:0:1 "GET /budget/division/machine/tree?ownId=6046564174925824&divisionId=6046564174925824&rootId=6046564174925824 HTTP/1.1" 200 (25 ms)
[03/Oct/2022:16:01:28 +0800] 0:0:0:0:0:0:0:1 "GET /budget/division/machine/tree?ownId=6046564174925824&divisionId=6046564174925824&rootId=6046564174925824 HTTP/1.1" 200 (21 ms)
[03/Oct/2022:16:06:15 +0800] 0:0:0:0:0:0:0:1 "GET /home/project/tree?rootId=0 HTTP/1.1" 200 (44 ms)
[03/Oct/2022:16:06:15 +0800] 0:0:0:0:0:0:0:1 "GET /budget/division/tree2?ownId=0&projectId=2543997172191232 HTTP/1.1" 200 (65 ms)
[03/Oct/2022:16:06:15 +0800] 0:0:0:0:0:0:0:1 "GET /budget/division/machine/tree?ownId=2543997172191232&divisionId=2543997172191232&rootId=2543997172191232 HTTP/1.1" 200 (19 ms)
[03/Oct/2022:16:06:21 +0800] 0:0:0:0:0:0:0:1 "GET /budget/division/machine/tree?ownId=6046564107816960&divisionId=6046564107816960&rootId=6046564107816960 HTTP/1.1" 200 (19 ms)
[03/Oct/2022:16:06:21 +0800] 0:0:0:0:0:0:0:1 "GET /budget/division/machine/tree?ownId=6046564107816960&divisionId=6046564107816960&rootId=6046564107816960 HTTP/1.1" 200 (15 ms)
[03/Oct/2022:16:07:13 +0800] 0:0:0:0:0:0:0:1 "GET /home/project/tree?rootId=0 HTTP/1.1" 200 (26 ms)
[03/Oct/2022:16:07:13 +0800] 0:0:0:0:0:0:0:1 "GET /budget/division/tree2?ownId=0&projectId=2543997172191232 HTTP/1.1" 200 (55 ms)
[03/Oct/2022:16:07:14 +0800] 0:0:0:0:0:0:0:1 "GET /budget/division/machine/tree?ownId=2543997172191232&divisionId=2543997172191232&rootId=2543997172191232 HTTP/1.1" 200 (25 ms)
[03/Oct/2022:16:07:16 +0800] 0:0:0:0:0:0:0:1 "GET /budget/division/machine/tree?ownId=6046564107816960&divisionId=6046564107816960&rootId=6046564107816960 HTTP/1.1" 200 (23 ms)
[03/Oct/2022:16:07:16 +0800] 0:0:0:0:0:0:0:1 "GET /budget/division/machine/tree?ownId=6046564107816960&divisionId=6046564107816960&rootId=6046564107816960 HTTP/1.1" 200 (16 ms)
[03/Oct/2022:16:08:51 +0800] 0:0:0:0:0:0:0:1 "GET /home/project/tree?rootId=0 HTTP/1.1" 200 (82 ms)
[03/Oct/2022:16:08:51 +0800] 0:0:0:0:0:0:0:1 "GET /budget/division/tree2?ownId=0&projectId=2543997172191232 HTTP/1.1" 200 (48 ms)
[03/Oct/2022:16:08:52 +0800] 0:0:0:0:0:0:0:1 "GET /budget/division/machine/tree?ownId=2543997172191232&divisionId=2543997172191232&rootId=2543997172191232 HTTP/1.1" 200 (23 ms)
[03/Oct/2022:16:08:54 +0800] 0:0:0:0:0:0:0:1 "GET /budget/division/machine/tree?ownId=6046564174925824&divisionId=6046564174925824&rootId=6046564174925824 HTTP/1.1" 200 (20 ms)
[03/Oct/2022:16:08:54 +0800] 0:0:0:0:0:0:0:1 "GET /budget/division/machine/tree?ownId=6046564174925824&divisionId=6046564174925824&rootId=6046564174925824 HTTP/1.1" 200 (14 ms)
[03/Oct/2022:16:08:54 +0800] 0:0:0:0:0:0:0:1 "OPTIONS /dict/materials/fetch HTTP/1.1" 200 (2 ms)
[03/Oct/2022:16:08:54 +0800] 0:0:0:0:0:0:0:1 "GET /dict/materials/fetch HTTP/1.1" 200 (21 ms)
[03/Oct/2022:16:09:09 +0800] 0:0:0:0:0:0:0:1 "OPTIONS /budget/division/machine/tree?ownId=6046563126349824&divisionId=6046563126349824&rootId=6046563126349824 HTTP/1.1" 200 (1 ms)
[03/Oct/2022:16:09:09 +0800] 0:0:0:0:0:0:0:1 "GET /budget/division/machine/tree?ownId=6046563126349824&divisionId=6046563126349824&rootId=6046563126349824 HTTP/1.1" 200 (17 ms)
[03/Oct/2022:16:09:10 +0800] 0:0:0:0:0:0:0:1 "GET /budget/division/machine/tree?ownId=6046563126349824&divisionId=6046563126349824&rootId=6046563126349824 HTTP/1.1" 200 (15 ms)
[03/Oct/2022:16:09:10 +0800] 0:0:0:0:0:0:0:1 "GET /dict/materials/fetch HTTP/1.1" 200 (28 ms)
[03/Oct/2022:16:09:14 +0800] 0:0:0:0:0:0:0:1 "OPTIONS /budget/division/push HTTP/1.1" 200 (2 ms)
[03/Oct/2022:16:09:14 +0800] 0:0:0:0:0:0:0:1 "OPTIONS /budget/division/push HTTP/1.1" 200 (2 ms)
[03/Oct/2022:16:09:14 +0800] 0:0:0:0:0:0:0:1 "POST /budget/division/push HTTP/1.1" 200 (161 ms)
[03/Oct/2022:16:09:14 +0800] 0:0:0:0:0:0:0:1 "POST /budget/division/push HTTP/1.1" 200 (159 ms)
[03/Oct/2022:16:09:16 +0800] 0:0:0:0:0:0:0:1 "GET /budget/division/machine/tree?ownId=6046563126349824&divisionId=6046563126349824&rootId=6046563126349824 HTTP/1.1" 200 (16 ms)
[03/Oct/2022:16:09:21 +0800] 0:0:0:0:0:0:0:1 "OPTIONS /budget/division/machine/tree?ownId=6046563206041600&divisionId=6046563206041600&rootId=6046563206041600 HTTP/1.1" 200 (3 ms)
[03/Oct/2022:16:09:21 +0800] 0:0:0:0:0:0:0:1 "GET /budget/division/machine/tree?ownId=6046563206041600&divisionId=6046563206041600&rootId=6046563206041600 HTTP/1.1" 200 (20 ms)
[03/Oct/2022:16:09:22 +0800] 0:0:0:0:0:0:0:1 "GET /budget/division/machine/tree?ownId=6046563126349824&divisionId=6046563126349824&rootId=6046563126349824 HTTP/1.1" 200 (13 ms)
[03/Oct/2022:16:09:25 +0800] 0:0:0:0:0:0:0:1 "GET /budget/division/machine/tree?ownId=6046563126349824&divisionId=6046563126349824&rootId=6046563126349824 HTTP/1.1" 200 (15 ms)
[03/Oct/2022:16:09:25 +0800] 0:0:0:0:0:0:0:1 "GET /budget/division/machine/tree?ownId=6046563126349824&divisionId=6046563126349824&rootId=6046563126349824 HTTP/1.1" 200 (14 ms)
[03/Oct/2022:16:09:25 +0800] 0:0:0:0:0:0:0:1 "GET /dict/materials/fetch HTTP/1.1" 200 (22 ms)
[03/Oct/2022:16:09:29 +0800] 0:0:0:0:0:0:0:1 "GET /budget/division/machine/tree?ownId=6046563126349824&divisionId=6046563126349824&rootId=6046563126349824 HTTP/1.1" 200 (13 ms)
[03/Oct/2022:16:09:29 +0800] 0:0:0:0:0:0:0:1 "GET /budget/division/machine/tree?ownId=6046563126349824&divisionId=6046563126349824&rootId=6046563126349824 HTTP/1.1" 200 (14 ms)
[03/Oct/2022:16:09:29 +0800] 0:0:0:0:0:0:0:1 "GET /dict/materials/fetch HTTP/1.1" 200 (67 ms)
[03/Oct/2022:16:09:40 +0800] 0:0:0:0:0:0:0:1 "GET /budget/division/machine/tree?ownId=6046563126349824&divisionId=6046563126349824&rootId=6046563126349824 HTTP/1.1" 200 (16 ms)
[03/Oct/2022:16:09:40 +0800] 0:0:0:0:0:0:0:1 "GET /budget/division/machine/tree?ownId=6046563126349824&divisionId=6046563126349824&rootId=6046563126349824 HTTP/1.1" 200 (16 ms)
[03/Oct/2022:16:09:43 +0800] 0:0:0:0:0:0:0:1 "GET /budget/division/machine/tree?ownId=6046563126349824&divisionId=6046563126349824&rootId=6046563126349824 HTTP/1.1" 200 (31 ms)
[03/Oct/2022:16:09:45 +0800] 0:0:0:0:0:0:0:1 "GET /budget/division/machine/tree?ownId=6046563126349824&divisionId=6046563126349824&rootId=6046563126349824 HTTP/1.1" 200 (15 ms)
[03/Oct/2022:16:09:45 +0800] 0:0:0:0:0:0:0:1 "GET /budget/division/machine/tree?ownId=6046563126349824&divisionId=6046563126349824&rootId=6046563126349824 HTTP/1.1" 200 (23 ms)
[03/Oct/2022:16:09:45 +0800] 0:0:0:0:0:0:0:1 "GET /budget/division/machine/tree?ownId=6046563126349824&divisionId=6046563126349824&rootId=6046563126349824 HTTP/1.1" 200 (17 ms)
[03/Oct/2022:16:09:46 +0800] 0:0:0:0:0:0:0:1 "GET /budget/division/machine/tree?ownId=6046563126349824&divisionId=6046563126349824&rootId=6046563126349824 HTTP/1.1" 200 (15 ms)
[03/Oct/2022:16:09:46 +0800] 0:0:0:0:0:0:0:1 "GET /budget/division/machine/tree?ownId=6046563126349824&divisionId=6046563126349824&rootId=6046563126349824 HTTP/1.1" 200 (13 ms)
[03/Oct/2022:16:09:47 +0800] 0:0:0:0:0:0:0:1 "GET /budget/division/machine/tree?ownId=6046563126349824&divisionId=6046563126349824&rootId=6046563126349824 HTTP/1.1" 200 (13 ms)
[03/Oct/2022:16:09:47 +0800] 0:0:0:0:0:0:0:1 "GET /budget/division/machine/tree?ownId=6046563126349824&divisionId=6046563126349824&rootId=6046563126349824 HTTP/1.1" 200 (21 ms)
[03/Oct/2022:16:09:47 +0800] 0:0:0:0:0:0:0:1 "GET /budget/division/machine/tree?ownId=6046563126349824&divisionId=6046563126349824&rootId=6046563126349824 HTTP/1.1" 200 (14 ms)
[03/Oct/2022:16:09:47 +0800] 0:0:0:0:0:0:0:1 "GET /budget/division/machine/tree?ownId=6046563126349824&divisionId=6046563126349824&rootId=6046563126349824 HTTP/1.1" 200 (14 ms)
[03/Oct/2022:16:09:47 +0800] 0:0:0:0:0:0:0:1 "GET /budget/division/machine/tree?ownId=6046563126349824&divisionId=6046563126349824&rootId=6046563126349824 HTTP/1.1" 200 (14 ms)
[03/Oct/2022:16:09:47 +0800] 0:0:0:0:0:0:0:1 "GET /budget/division/machine/tree?ownId=6046563126349824&divisionId=6046563126349824&rootId=6046563126349824 HTTP/1.1" 200 (17 ms)
[03/Oct/2022:16:09:47 +0800] 0:0:0:0:0:0:0:1 "GET /budget/division/machine/tree?ownId=6046563126349824&divisionId=6046563126349824&rootId=6046563126349824 HTTP/1.1" 200 (14 ms)
[03/Oct/2022:16:09:47 +0800] 0:0:0:0:0:0:0:1 "GET /budget/division/machine/tree?ownId=6046563126349824&divisionId=6046563126349824&rootId=6046563126349824 HTTP/1.1" 200 (17 ms)
[03/Oct/2022:16:09:47 +0800] 0:0:0:0:0:0:0:1 "GET /budget/division/machine/tree?ownId=6046563126349824&divisionId=6046563126349824&rootId=6046563126349824 HTTP/1.1" 200 (21 ms)
[03/Oct/2022:16:09:47 +0800] 0:0:0:0:0:0:0:1 "GET /budget/division/machine/tree?ownId=6046563126349824&divisionId=6046563126349824&rootId=6046563126349824 HTTP/1.1" 200 (14 ms)
[03/Oct/2022:16:09:47 +0800] 0:0:0:0:0:0:0:1 "GET /budget/division/machine/tree?ownId=6046563126349824&divisionId=6046563126349824&rootId=6046563126349824 HTTP/1.1" 200 (13 ms)
[03/Oct/2022:16:09:47 +0800] 0:0:0:0:0:0:0:1 "GET /budget/division/machine/tree?ownId=6046563126349824&divisionId=6046563126349824&rootId=6046563126349824 HTTP/1.1" 200 (14 ms)
[03/Oct/2022:16:09:48 +0800] 0:0:0:0:0:0:0:1 "GET /budget/division/machine/tree?ownId=6046563126349824&divisionId=6046563126349824&rootId=6046563126349824 HTTP/1.1" 200 (13 ms)
[03/Oct/2022:16:09:52 +0800] 0:0:0:0:0:0:0:1 "GET /budget/division/machine/tree?ownId=6046563206041600&divisionId=6046563206041600&rootId=6046563206041600 HTTP/1.1" 200 (18 ms)
[03/Oct/2022:16:09:52 +0800] 0:0:0:0:0:0:0:1 "POST /budget/division/push HTTP/1.1" 200 (317 ms)
[03/Oct/2022:16:09:53 +0800] 0:0:0:0:0:0:0:1 "GET /budget/division/machine/tree?ownId=6046563126349824&divisionId=6046563126349824&rootId=6046563126349824 HTTP/1.1" 200 (14 ms)
[03/Oct/2022:16:10:13 +0800] 0:0:0:0:0:0:0:1 "OPTIONS /dict/materials/fetch?rootId=0 HTTP/1.1" 200 (1 ms)
[03/Oct/2022:16:10:13 +0800] 0:0:0:0:0:0:0:1 "GET /dict/materials/fetch?rootId=0 HTTP/1.1" 200 (25 ms)
[03/Oct/2022:16:10:17 +0800] 0:0:0:0:0:0:0:1 "OPTIONS /dict/materials/push HTTP/1.1" 200 (1 ms)
[03/Oct/2022:16:10:17 +0800] 0:0:0:0:0:0:0:1 "POST /dict/materials/push HTTP/1.1" 200 (345 ms)
[03/Oct/2022:16:10:19 +0800] 0:0:0:0:0:0:0:1 "POST /dict/materials/push HTTP/1.1" 200 (13 ms)
[03/Oct/2022:16:10:23 +0800] 0:0:0:0:0:0:0:1 "GET /home/project/tree?rootId=0 HTTP/1.1" 200 (45 ms)
[03/Oct/2022:16:10:23 +0800] 0:0:0:0:0:0:0:1 "GET /budget/division/tree2?ownId=0&projectId=2543997172191232 HTTP/1.1" 200 (42 ms)
[03/Oct/2022:16:10:23 +0800] 0:0:0:0:0:0:0:1 "GET /budget/division/machine/tree?ownId=2543997172191232&divisionId=2543997172191232&rootId=2543997172191232 HTTP/1.1" 200 (23 ms)
[03/Oct/2022:16:10:26 +0800] 0:0:0:0:0:0:0:1 "GET /budget/division/machine/tree?ownId=6046563126349824&divisionId=6046563126349824&rootId=6046563126349824 HTTP/1.1" 200 (18 ms)
[03/Oct/2022:16:10:26 +0800] 0:0:0:0:0:0:0:1 "GET /budget/division/machine/tree?ownId=6046563126349824&divisionId=6046563126349824&rootId=6046563126349824 HTTP/1.1" 200 (14 ms)
[03/Oct/2022:16:10:26 +0800] 0:0:0:0:0:0:0:1 "GET /dict/materials/fetch HTTP/1.1" 200 (19 ms)
[03/Oct/2022:16:10:49 +0800] 0:0:0:0:0:0:0:1 "GET /budget/division/machine/tree?ownId=6046563206041600&divisionId=6046563206041600&rootId=6046563206041600 HTTP/1.1" 200 (15 ms)
[03/Oct/2022:16:10:59 +0800] 0:0:0:0:0:0:0:1 "GET /budget/division/machine/tree?ownId=6046563126349824&divisionId=6046563126349824&rootId=6046563126349824 HTTP/1.1" 200 (23 ms)
[03/Oct/2022:16:10:59 +0800] 0:0:0:0:0:0:0:1 "GET /budget/division/machine/tree?ownId=6046563126349824&divisionId=6046563126349824&rootId=6046563126349824 HTTP/1.1" 200 (20 ms)
[03/Oct/2022:16:10:59 +0800] 0:0:0:0:0:0:0:1 "GET /dict/materials/fetch HTTP/1.1" 200 (22 ms)
[03/Oct/2022:16:11:57 +0800] 0:0:0:0:0:0:0:1 "GET /home/project/tree?rootId=0 HTTP/1.1" 200 (35 ms)
[03/Oct/2022:16:11:58 +0800] 0:0:0:0:0:0:0:1 "GET /budget/division/tree2?ownId=0&projectId=2543997172191232 HTTP/1.1" 200 (47 ms)
[03/Oct/2022:16:11:58 +0800] 0:0:0:0:0:0:0:1 "GET /budget/division/machine/tree?ownId=2543997172191232&divisionId=2543997172191232&rootId=2543997172191232 HTTP/1.1" 200 (29 ms)
[03/Oct/2022:16:12:00 +0800] 0:0:0:0:0:0:0:1 "GET /budget/division/machine/tree?ownId=6046563126349824&divisionId=6046563126349824&rootId=6046563126349824 HTTP/1.1" 200 (20 ms)
[03/Oct/2022:16:12:00 +0800] 0:0:0:0:0:0:0:1 "GET /budget/division/machine/tree?ownId=6046563126349824&divisionId=6046563126349824&rootId=6046563126349824 HTTP/1.1" 200 (18 ms)
[03/Oct/2022:16:12:00 +0800] 0:0:0:0:0:0:0:1 "GET /dict/materials/fetch HTTP/1.1" 200 (21 ms)
[03/Oct/2022:16:12:02 +0800] 0:0:0:0:0:0:0:1 "POST /budget/division/push HTTP/1.1" 200 (117 ms)
[03/Oct/2022:16:12:02 +0800] 0:0:0:0:0:0:0:1 "POST /budget/division/push HTTP/1.1" 200 (119 ms)
[03/Oct/2022:16:12:05 +0800] 0:0:0:0:0:0:0:1 "GET /budget/division/machine/tree?ownId=6046563126349824&divisionId=6046563126349824&rootId=6046563126349824 HTTP/1.1" 200 (20 ms)
[03/Oct/2022:16:12:05 +0800] 0:0:0:0:0:0:0:1 "GET /budget/division/machine/tree?ownId=6046563206041600&divisionId=6046563206041600&rootId=6046563206041600 HTTP/1.1" 200 (18 ms)
[03/Oct/2022:16:12:06 +0800] 0:0:0:0:0:0:0:1 "GET /budget/division/machine/tree?ownId=6046563126349824&divisionId=6046563126349824&rootId=6046563126349824 HTTP/1.1" 200 (21 ms)
[03/Oct/2022:16:12:11 +0800] 0:0:0:0:0:0:0:1 "GET /budget/division/machine/tree?ownId=6046563206041600&divisionId=6046563206041600&rootId=6046563206041600 HTTP/1.1" 200 (14 ms)
[03/Oct/2022:16:12:19 +0800] 0:0:0:0:0:0:0:1 "GET /budget/division/machine/tree?ownId=6046563126349824&divisionId=6046563126349824&rootId=6046563126349824 HTTP/1.1" 200 (16 ms)
[03/Oct/2022:16:12:30 +0800] 0:0:0:0:0:0:0:1 "GET /dict/materials/fetch?rootId=0 HTTP/1.1" 200 (15 ms)
