[30/Sep/2022:06:54:41 +0800] 0:0:0:0:0:0:0:1 "POST /system/token HTTP/1.1" 200 (143 ms)
[30/Sep/2022:06:54:41 +0800] 0:0:0:0:0:0:0:1 "GET /system/menu HTTP/1.1" 200 (89 ms)
[30/Sep/2022:06:54:42 +0800] 0:0:0:0:0:0:0:1 "GET /project/fetch?ownId=0 HTTP/1.1" 200 (1208 ms)
[30/Sep/2022:06:55:12 +0800] 0:0:0:0:0:0:0:1 "GET /system/users/fetch?ownId=0 HTTP/1.1" 200 (134 ms)
[30/Sep/2022:06:55:28 +0800] 0:0:0:0:0:0:0:1 "GET /system/role/fetch?ownId=0 HTTP/1.1" 200 (24 ms)
[30/Sep/2022:06:55:32 +0800] 0:0:0:0:0:0:0:1 "GET /system/users/fetch?ownId=0 HTTP/1.1" 200 (25 ms)
[30/Sep/2022:06:59:23 +0800] 0:0:0:0:0:0:0:1 "GET /system/users/fetch?ownId=0 HTTP/1.1" 200 (16508 ms)
[30/Sep/2022:06:59:34 +0800] 0:0:0:0:0:0:0:1 "GET /system/users/fetch?ownId=0 HTTP/1.1" 200 (5437 ms)
[30/Sep/2022:07:10:36 +0800] 0:0:0:0:0:0:0:1 "GET /system/users/fetch?ownId=0 HTTP/1.1" 200 (816 ms)
[30/Sep/2022:07:10:36 +0800] 0:0:0:0:0:0:0:1 "GET /favicon.ico HTTP/1.1" 404 (29 ms)
[30/Sep/2022:07:11:41 +0800] 0:0:0:0:0:0:0:1 "GET /system/users/fetch?ownId=0 HTTP/1.1" 200 (39 ms)
[30/Sep/2022:07:11:58 +0800] 0:0:0:0:0:0:0:1 "GET /system/users/fetch?ownId=0 HTTP/1.1" 200 (27 ms)
[30/Sep/2022:07:12:14 +0800] 0:0:0:0:0:0:0:1 "GET /system/users/fetch?ownId=0 HTTP/1.1" 200 (27 ms)
[30/Sep/2022:07:12:40 +0800] 0:0:0:0:0:0:0:1 "GET /system/role/fetch?rootId=0 HTTP/1.1" 200 (18 ms)
[30/Sep/2022:07:12:40 +0800] 0:0:0:0:0:0:0:1 "GET /system/setting/menu?roleId=6191496747421696 HTTP/1.1" 200 (131 ms)
[30/Sep/2022:07:46:04 +0800] 0:0:0:0:0:0:0:1 "GET /system/users/fetch?ownId=0 HTTP/1.1" 200 (69 ms)
[30/Sep/2022:07:46:09 +0800] 0:0:0:0:0:0:0:1 "GET /system/users/fetch?ownId=0 HTTP/1.1" 200 (24 ms)
[30/Sep/2022:07:47:02 +0800] 0:0:0:0:0:0:0:1 "GET /system/users/fetch?ownId=0 HTTP/1.1" 200 (28 ms)
[30/Sep/2022:07:47:44 +0800] 0:0:0:0:0:0:0:1 "GET /system/users/fetch?ownId=0 HTTP/1.1" 200 (28 ms)
[30/Sep/2022:07:47:55 +0800] 0:0:0:0:0:0:0:1 "GET /system/users/fetch?ownId=0 HTTP/1.1" 200 (21 ms)
[30/Sep/2022:07:48:40 +0800] 0:0:0:0:0:0:0:1 "GET /system/users/fetch?ownId=0 HTTP/1.1" 200 (35 ms)
[30/Sep/2022:07:51:17 +0800] 0:0:0:0:0:0:0:1 "GET /system/users/fetch?ownId=0 HTTP/1.1" 200 (31 ms)
[30/Sep/2022:07:54:02 +0800] 0:0:0:0:0:0:0:1 "GET /system/users/fetch?ownId=0 HTTP/1.1" 200 (28 ms)
[30/Sep/2022:07:56:07 +0800] 0:0:0:0:0:0:0:1 "GET /system/users/fetch?ownId=0 HTTP/1.1" 200 (38 ms)
[30/Sep/2022:07:56:41 +0800] 0:0:0:0:0:0:0:1 "GET /system/users/fetch?ownId=0 HTTP/1.1" 200 (47 ms)
[30/Sep/2022:07:56:53 +0800] 0:0:0:0:0:0:0:1 "GET /system/users/fetch?ownId=0 HTTP/1.1" 200 (28 ms)
[30/Sep/2022:07:57:33 +0800] 0:0:0:0:0:0:0:1 "GET /system/users/fetch?ownId=0 HTTP/1.1" 200 (30 ms)
[30/Sep/2022:07:58:17 +0800] 0:0:0:0:0:0:0:1 "GET /system/users/fetch?ownId=0 HTTP/1.1" 200 (27 ms)
[30/Sep/2022:07:58:24 +0800] 0:0:0:0:0:0:0:1 "GET /system/users/fetch?ownId=0 HTTP/1.1" 200 (24 ms)
[30/Sep/2022:07:58:55 +0800] 0:0:0:0:0:0:0:1 "GET /system/users/fetch?ownId=0 HTTP/1.1" 200 (29 ms)
[30/Sep/2022:08:00:52 +0800] 0:0:0:0:0:0:0:1 "GET /system/users/fetch?ownId=0 HTTP/1.1" 200 (25 ms)
[30/Sep/2022:08:00:55 +0800] 0:0:0:0:0:0:0:1 "GET /system/users/fetch?ownId=0 HTTP/1.1" 200 (23 ms)
[30/Sep/2022:08:01:19 +0800] 0:0:0:0:0:0:0:1 "GET /system/users/fetch?ownId=0 HTTP/1.1" 200 (24 ms)
[30/Sep/2022:08:26:05 +0800] 0:0:0:0:0:0:0:1 "GET /system/role/fetch?ownId=0 HTTP/1.1" 200 (23 ms)
[30/Sep/2022:08:26:12 +0800] 0:0:0:0:0:0:0:1 "GET /system/role/fetch?rootId=0 HTTP/1.1" 200 (17 ms)
[30/Sep/2022:08:26:12 +0800] 0:0:0:0:0:0:0:1 "GET /system/setting/menu?roleId=6191496747421696 HTTP/1.1" 200 (19 ms)
[30/Sep/2022:08:27:51 +0800] 0:0:0:0:0:0:0:1 "GET /system/role/fetch?ownId=0 HTTP/1.1" 200 (27 ms)
[30/Sep/2022:08:29:10 +0800] 0:0:0:0:0:0:0:1 "GET /system/role/fetch?ownId=0 HTTP/1.1" 200 (26 ms)
[30/Sep/2022:08:29:18 +0800] 0:0:0:0:0:0:0:1 "OPTIONS /system/role/push HTTP/1.1" 200 (6 ms)
[30/Sep/2022:08:29:19 +0800] 0:0:0:0:0:0:0:1 "POST /system/role/push HTTP/1.1" 200 (411 ms)
[30/Sep/2022:08:29:19 +0800] 0:0:0:0:0:0:0:1 "GET /system/role/fetch?ownId=0 HTTP/1.1" 200 (14 ms)
[30/Sep/2022:08:30:33 +0800] 0:0:0:0:0:0:0:1 "GET /system/users/fetch?ownId=0 HTTP/1.1" 200 (29 ms)
[30/Sep/2022:08:32:28 +0800] 0:0:0:0:0:0:0:1 "GET /system/role/fetch?rootId=0 HTTP/1.1" 200 (19 ms)
[30/Sep/2022:08:32:28 +0800] 0:0:0:0:0:0:0:1 "GET /system/setting/menu?roleId=6191496747421696 HTTP/1.1" 200 (13 ms)
[30/Sep/2022:08:32:39 +0800] 0:0:0:0:0:0:0:1 "GET /system/role/fetch?ownId=0 HTTP/1.1" 200 (15 ms)
[30/Sep/2022:08:32:41 +0800] 0:0:0:0:0:0:0:1 "GET /system/users/fetch?ownId=0 HTTP/1.1" 200 (18 ms)
[30/Sep/2022:08:33:34 +0800] 0:0:0:0:0:0:0:1 "GET /system/role/fetch?ownId=0 HTTP/1.1" 200 (14 ms)
[30/Sep/2022:08:33:38 +0800] 0:0:0:0:0:0:0:1 "GET /system/role/fetch?rootId=0 HTTP/1.1" 200 (13 ms)
[30/Sep/2022:08:33:38 +0800] 0:0:0:0:0:0:0:1 "GET /system/setting/menu?roleId=6191496747421696 HTTP/1.1" 200 (13 ms)
[30/Sep/2022:08:34:03 +0800] 0:0:0:0:0:0:0:1 "OPTIONS /system/role/pushauthor?roleId=6191496747421696 HTTP/1.1" 200 (1 ms)
[30/Sep/2022:08:34:03 +0800] 0:0:0:0:0:0:0:1 "POST /system/role/pushauthor?roleId=6191496747421696 HTTP/1.1" 200 (370 ms)
[30/Sep/2022:08:34:08 +0800] 0:0:0:0:0:0:0:1 "GET /system/role/fetch?ownId=0 HTTP/1.1" 200 (14 ms)
[30/Sep/2022:08:34:09 +0800] 0:0:0:0:0:0:0:1 "GET /system/role/fetch?rootId=0 HTTP/1.1" 200 (11 ms)
[30/Sep/2022:08:34:09 +0800] 0:0:0:0:0:0:0:1 "GET /system/setting/menu?roleId=6191496747421696 HTTP/1.1" 200 (16 ms)
[30/Sep/2022:08:40:44 +0800] 0:0:0:0:0:0:0:1 "GET /system/menu HTTP/1.1" 500 (802 ms)
[30/Sep/2022:08:41:40 +0800] 0:0:0:0:0:0:0:1 "GET /system/menu HTTP/1.1" 500 (9194 ms)
[30/Sep/2022:08:42:13 +0800] 0:0:0:0:0:0:0:1 "GET /system/menu HTTP/1.1" 200 (843 ms)
[30/Sep/2022:08:42:51 +0800] 0:0:0:0:0:0:0:1 "POST /system/token HTTP/1.1" 200 (17 ms)
[30/Sep/2022:08:42:51 +0800] 0:0:0:0:0:0:0:1 "GET /system/menu HTTP/1.1" 200 (11 ms)
[30/Sep/2022:08:42:51 +0800] 0:0:0:0:0:0:0:1 "GET /project/fetch?ownId=0 HTTP/1.1" 200 (127 ms)
[30/Sep/2022:08:47:59 +0800] 0:0:0:0:0:0:0:1 "GET /system/role/fetch?rootId=0 HTTP/1.1" 200 (41 ms)
[30/Sep/2022:08:47:59 +0800] 0:0:0:0:0:0:0:1 "GET /system/setting/menu?roleId=6191496747421696 HTTP/1.1" 200 (22 ms)
[30/Sep/2022:08:48:18 +0800] 0:0:0:0:0:0:0:1 "POST /system/role/pushauthor?roleId=6191496747421696 HTTP/1.1" 200 (433 ms)
[30/Sep/2022:08:48:18 +0800] 0:0:0:0:0:0:0:1 "POST /system/role/pushauthor?roleId=6191496747421696 HTTP/1.1" 200 (19 ms)
[30/Sep/2022:08:48:20 +0800] 0:0:0:0:0:0:0:1 "POST /system/role/pushauthor?roleId=6191496747421696 HTTP/1.1" 200 (21 ms)
[30/Sep/2022:08:48:20 +0800] 0:0:0:0:0:0:0:1 "POST /system/role/pushauthor?roleId=6191496747421696 HTTP/1.1" 200 (17 ms)
[30/Sep/2022:08:48:22 +0800] 0:0:0:0:0:0:0:1 "POST /system/role/pushauthor?roleId=6191496747421696 HTTP/1.1" 200 (20 ms)
[30/Sep/2022:08:48:23 +0800] 0:0:0:0:0:0:0:1 "POST /system/role/pushauthor?roleId=6191496747421696 HTTP/1.1" 200 (19 ms)
[30/Sep/2022:08:48:24 +0800] 0:0:0:0:0:0:0:1 "POST /system/role/pushauthor?roleId=6191496747421696 HTTP/1.1" 200 (16 ms)
[30/Sep/2022:08:48:25 +0800] 0:0:0:0:0:0:0:1 "POST /system/role/pushauthor?roleId=6191496747421696 HTTP/1.1" 200 (19 ms)
[30/Sep/2022:08:48:27 +0800] 0:0:0:0:0:0:0:1 "POST /system/role/pushauthor?roleId=6191496747421696 HTTP/1.1" 200 (19 ms)
[30/Sep/2022:08:48:28 +0800] 0:0:0:0:0:0:0:1 "POST /system/role/pushauthor?roleId=6191496747421696 HTTP/1.1" 200 (18 ms)
[30/Sep/2022:08:48:29 +0800] 0:0:0:0:0:0:0:1 "POST /system/role/pushauthor?roleId=6191496747421696 HTTP/1.1" 200 (16 ms)
[30/Sep/2022:08:48:31 +0800] 0:0:0:0:0:0:0:1 "POST /system/role/pushauthor?roleId=6191496747421696 HTTP/1.1" 200 (19 ms)
[30/Sep/2022:08:48:32 +0800] 0:0:0:0:0:0:0:1 "POST /system/role/pushauthor?roleId=6191496747421696 HTTP/1.1" 200 (18 ms)
[30/Sep/2022:08:48:33 +0800] 0:0:0:0:0:0:0:1 "POST /system/role/pushauthor?roleId=6191496747421696 HTTP/1.1" 200 (19 ms)
[30/Sep/2022:08:48:33 +0800] 0:0:0:0:0:0:0:1 "POST /system/role/pushauthor?roleId=6191496747421696 HTTP/1.1" 200 (20 ms)
[30/Sep/2022:08:48:36 +0800] 0:0:0:0:0:0:0:1 "POST /system/role/pushauthor?roleId=6191496747421696 HTTP/1.1" 200 (31 ms)
[30/Sep/2022:08:48:37 +0800] 0:0:0:0:0:0:0:1 "POST /system/role/pushauthor?roleId=6191496747421696 HTTP/1.1" 200 (14 ms)
[30/Sep/2022:08:48:38 +0800] 0:0:0:0:0:0:0:1 "POST /system/role/pushauthor?roleId=6191496747421696 HTTP/1.1" 200 (17 ms)
[30/Sep/2022:08:48:39 +0800] 0:0:0:0:0:0:0:1 "POST /system/role/pushauthor?roleId=6191496747421696 HTTP/1.1" 200 (16 ms)
[30/Sep/2022:08:48:40 +0800] 0:0:0:0:0:0:0:1 "POST /system/role/pushauthor?roleId=6191496747421696 HTTP/1.1" 200 (16 ms)
[30/Sep/2022:08:48:40 +0800] 0:0:0:0:0:0:0:1 "POST /system/role/pushauthor?roleId=6191496747421696 HTTP/1.1" 200 (15 ms)
[30/Sep/2022:08:48:42 +0800] 0:0:0:0:0:0:0:1 "POST /system/role/pushauthor?roleId=6191496747421696 HTTP/1.1" 200 (15 ms)
[30/Sep/2022:08:48:43 +0800] 0:0:0:0:0:0:0:1 "POST /system/role/pushauthor?roleId=6191496747421696 HTTP/1.1" 200 (15 ms)
[30/Sep/2022:08:48:44 +0800] 0:0:0:0:0:0:0:1 "POST /system/role/pushauthor?roleId=6191496747421696 HTTP/1.1" 200 (36 ms)
[30/Sep/2022:08:48:45 +0800] 0:0:0:0:0:0:0:1 "POST /system/role/pushauthor?roleId=6191496747421696 HTTP/1.1" 200 (21 ms)
[30/Sep/2022:08:48:45 +0800] 0:0:0:0:0:0:0:1 "POST /system/role/pushauthor?roleId=6191496747421696 HTTP/1.1" 200 (15 ms)
[30/Sep/2022:08:48:46 +0800] 0:0:0:0:0:0:0:1 "POST /system/role/pushauthor?roleId=6191496747421696 HTTP/1.1" 200 (17 ms)
[30/Sep/2022:08:48:48 +0800] 0:0:0:0:0:0:0:1 "POST /system/role/pushauthor?roleId=6191496747421696 HTTP/1.1" 200 (17 ms)
[30/Sep/2022:08:48:48 +0800] 0:0:0:0:0:0:0:1 "POST /system/role/pushauthor?roleId=6191496747421696 HTTP/1.1" 200 (15 ms)
[30/Sep/2022:08:48:49 +0800] 0:0:0:0:0:0:0:1 "POST /system/role/pushauthor?roleId=6191496747421696 HTTP/1.1" 200 (14 ms)
[30/Sep/2022:08:48:50 +0800] 0:0:0:0:0:0:0:1 "POST /system/role/pushauthor?roleId=6191496747421696 HTTP/1.1" 200 (15 ms)
[30/Sep/2022:08:48:51 +0800] 0:0:0:0:0:0:0:1 "POST /system/role/pushauthor?roleId=6191496747421696 HTTP/1.1" 200 (18 ms)
[30/Sep/2022:08:48:52 +0800] 0:0:0:0:0:0:0:1 "POST /system/role/pushauthor?roleId=6191496747421696 HTTP/1.1" 200 (15 ms)
[30/Sep/2022:08:48:53 +0800] 0:0:0:0:0:0:0:1 "POST /system/role/pushauthor?roleId=6191496747421696 HTTP/1.1" 200 (21 ms)
[30/Sep/2022:08:48:54 +0800] 0:0:0:0:0:0:0:1 "POST /system/role/pushauthor?roleId=6191496747421696 HTTP/1.1" 200 (15 ms)
[30/Sep/2022:08:48:55 +0800] 0:0:0:0:0:0:0:1 "POST /system/role/pushauthor?roleId=6191496747421696 HTTP/1.1" 200 (16 ms)
[30/Sep/2022:08:48:56 +0800] 0:0:0:0:0:0:0:1 "POST /system/role/pushauthor?roleId=6191496747421696 HTTP/1.1" 200 (14 ms)
[30/Sep/2022:08:48:57 +0800] 0:0:0:0:0:0:0:1 "POST /system/role/pushauthor?roleId=6191496747421696 HTTP/1.1" 200 (17 ms)
[30/Sep/2022:08:48:58 +0800] 0:0:0:0:0:0:0:1 "POST /system/role/pushauthor?roleId=6191496747421696 HTTP/1.1" 200 (115 ms)
[30/Sep/2022:08:48:59 +0800] 0:0:0:0:0:0:0:1 "POST /system/role/pushauthor?roleId=6191496747421696 HTTP/1.1" 200 (15 ms)
[30/Sep/2022:08:49:00 +0800] 0:0:0:0:0:0:0:1 "POST /system/role/pushauthor?roleId=6191496747421696 HTTP/1.1" 200 (16 ms)
[30/Sep/2022:08:49:01 +0800] 0:0:0:0:0:0:0:1 "POST /system/role/pushauthor?roleId=6191496747421696 HTTP/1.1" 200 (14 ms)
[30/Sep/2022:08:49:02 +0800] 0:0:0:0:0:0:0:1 "POST /system/role/pushauthor?roleId=6191496747421696 HTTP/1.1" 200 (15 ms)
[30/Sep/2022:08:49:03 +0800] 0:0:0:0:0:0:0:1 "POST /system/role/pushauthor?roleId=6191496747421696 HTTP/1.1" 200 (17 ms)
[30/Sep/2022:08:49:04 +0800] 0:0:0:0:0:0:0:1 "POST /system/role/pushauthor?roleId=6191496747421696 HTTP/1.1" 200 (14 ms)
[30/Sep/2022:08:49:05 +0800] 0:0:0:0:0:0:0:1 "POST /system/role/pushauthor?roleId=6191496747421696 HTTP/1.1" 200 (15 ms)
[30/Sep/2022:08:49:06 +0800] 0:0:0:0:0:0:0:1 "POST /system/role/pushauthor?roleId=6191496747421696 HTTP/1.1" 200 (14 ms)
[30/Sep/2022:08:49:07 +0800] 0:0:0:0:0:0:0:1 "POST /system/role/pushauthor?roleId=6191496747421696 HTTP/1.1" 200 (18 ms)
[30/Sep/2022:08:49:09 +0800] 0:0:0:0:0:0:0:1 "POST /system/role/pushauthor?roleId=6191496747421696 HTTP/1.1" 200 (10 ms)
[30/Sep/2022:08:49:10 +0800] 0:0:0:0:0:0:0:1 "POST /system/role/pushauthor?roleId=6191496747421696 HTTP/1.1" 200 (12 ms)
[30/Sep/2022:08:49:10 +0800] 0:0:0:0:0:0:0:1 "POST /system/role/pushauthor?roleId=6191496747421696 HTTP/1.1" 200 (14 ms)
[30/Sep/2022:08:49:12 +0800] 0:0:0:0:0:0:0:1 "POST /system/role/pushauthor?roleId=6191496747421696 HTTP/1.1" 200 (15 ms)
[30/Sep/2022:08:49:13 +0800] 0:0:0:0:0:0:0:1 "POST /system/role/pushauthor?roleId=6191496747421696 HTTP/1.1" 200 (16 ms)
[30/Sep/2022:08:50:15 +0800] 0:0:0:0:0:0:0:1 "GET /system/role/fetch?rootId=0 HTTP/1.1" 200 (18 ms)
[30/Sep/2022:08:50:15 +0800] 0:0:0:0:0:0:0:1 "GET /system/setting/menu?roleId=6191496747421696 HTTP/1.1" 200 (13 ms)
[30/Sep/2022:08:55:38 +0800] 0:0:0:0:0:0:0:1 "POST /system/role/pushauthor?roleId=6191496747421696 HTTP/1.1" 200 (373 ms)
[30/Sep/2022:09:26:23 +0800] 0:0:0:0:0:0:0:1 "GET /system/role/fetch?rootId=0 HTTP/1.1" 200 (1176 ms)
[30/Sep/2022:09:26:23 +0800] 0:0:0:0:0:0:0:1 "GET /system/setting/menu?roleId=6191496747421696 HTTP/1.1" 200 (94 ms)
[30/Sep/2022:09:40:28 +0800] 0:0:0:0:0:0:0:1 "GET /system/role/fetch?rootId=0 HTTP/1.1" 200 (986 ms)
[30/Sep/2022:09:40:28 +0800] 0:0:0:0:0:0:0:1 "GET /system/setting/menu?roleId=6191496747421696 HTTP/1.1" 200 (97 ms)
[30/Sep/2022:09:40:37 +0800] 0:0:0:0:0:0:0:1 "OPTIONS /system/role/pushauthor?roleId=6191496747421696 HTTP/1.1" 200 (6 ms)
[30/Sep/2022:09:40:37 +0800] 0:0:0:0:0:0:0:1 "POST /system/role/pushauthor?roleId=6191496747421696 HTTP/1.1" 200 (58 ms)
[30/Sep/2022:09:40:43 +0800] 0:0:0:0:0:0:0:1 "GET /system/role/fetch?rootId=0 HTTP/1.1" 200 (18 ms)
[30/Sep/2022:09:40:43 +0800] 0:0:0:0:0:0:0:1 "GET /system/setting/menu?roleId=6191496747421696 HTTP/1.1" 200 (22 ms)
[30/Sep/2022:09:40:59 +0800] 0:0:0:0:0:0:0:1 "POST /system/role/pushauthor?roleId=6191496747421696 HTTP/1.1" 200 (13 ms)
[30/Sep/2022:09:41:35 +0800] 0:0:0:0:0:0:0:1 "GET /system/role/fetch?rootId=0 HTTP/1.1" 200 (19 ms)
[30/Sep/2022:09:41:35 +0800] 0:0:0:0:0:0:0:1 "GET /system/setting/menu?roleId=6191496747421696 HTTP/1.1" 200 (26 ms)
[30/Sep/2022:09:41:43 +0800] 0:0:0:0:0:0:0:1 "POST /system/role/pushauthor?roleId=6191496747421696 HTTP/1.1" 200 (366 ms)
[30/Sep/2022:09:41:43 +0800] 0:0:0:0:0:0:0:1 "POST /system/role/pushauthor?roleId=6191496747421696 HTTP/1.1" 200 (30 ms)
[30/Sep/2022:09:41:44 +0800] 0:0:0:0:0:0:0:1 "POST /system/role/pushauthor?roleId=6191496747421696 HTTP/1.1" 200 (22 ms)
[30/Sep/2022:09:41:45 +0800] 0:0:0:0:0:0:0:1 "POST /system/role/pushauthor?roleId=6191496747421696 HTTP/1.1" 200 (18 ms)
[30/Sep/2022:09:41:46 +0800] 0:0:0:0:0:0:0:1 "POST /system/role/pushauthor?roleId=6191496747421696 HTTP/1.1" 200 (20 ms)
[30/Sep/2022:09:41:47 +0800] 0:0:0:0:0:0:0:1 "POST /system/role/pushauthor?roleId=6191496747421696 HTTP/1.1" 200 (19 ms)
[30/Sep/2022:09:41:47 +0800] 0:0:0:0:0:0:0:1 "POST /system/role/pushauthor?roleId=6191496747421696 HTTP/1.1" 200 (13 ms)
[30/Sep/2022:09:41:48 +0800] 0:0:0:0:0:0:0:1 "POST /system/role/pushauthor?roleId=6191496747421696 HTTP/1.1" 200 (14 ms)
[30/Sep/2022:09:41:49 +0800] 0:0:0:0:0:0:0:1 "POST /system/role/pushauthor?roleId=6191496747421696 HTTP/1.1" 200 (20 ms)
[30/Sep/2022:09:41:50 +0800] 0:0:0:0:0:0:0:1 "POST /system/role/pushauthor?roleId=6191496747421696 HTTP/1.1" 200 (44 ms)
[30/Sep/2022:09:41:50 +0800] 0:0:0:0:0:0:0:1 "POST /system/role/pushauthor?roleId=6191496747421696 HTTP/1.1" 200 (39 ms)
[30/Sep/2022:09:41:52 +0800] 0:0:0:0:0:0:0:1 "POST /system/role/pushauthor?roleId=6191496747421696 HTTP/1.1" 200 (28 ms)
[30/Sep/2022:09:41:53 +0800] 0:0:0:0:0:0:0:1 "POST /system/role/pushauthor?roleId=6191496747421696 HTTP/1.1" 200 (17 ms)
[30/Sep/2022:09:41:53 +0800] 0:0:0:0:0:0:0:1 "POST /system/role/pushauthor?roleId=6191496747421696 HTTP/1.1" 200 (17 ms)
[30/Sep/2022:09:41:55 +0800] 0:0:0:0:0:0:0:1 "POST /system/role/pushauthor?roleId=6191496747421696 HTTP/1.1" 200 (19 ms)
[30/Sep/2022:09:41:55 +0800] 0:0:0:0:0:0:0:1 "POST /system/role/pushauthor?roleId=6191496747421696 HTTP/1.1" 200 (22 ms)
[30/Sep/2022:09:41:56 +0800] 0:0:0:0:0:0:0:1 "POST /system/role/pushauthor?roleId=6191496747421696 HTTP/1.1" 200 (18 ms)
[30/Sep/2022:09:41:56 +0800] 0:0:0:0:0:0:0:1 "POST /system/role/pushauthor?roleId=6191496747421696 HTTP/1.1" 200 (16 ms)
[30/Sep/2022:09:41:58 +0800] 0:0:0:0:0:0:0:1 "POST /system/role/pushauthor?roleId=6191496747421696 HTTP/1.1" 200 (17 ms)
[30/Sep/2022:09:41:58 +0800] 0:0:0:0:0:0:0:1 "POST /system/role/pushauthor?roleId=6191496747421696 HTTP/1.1" 200 (14 ms)
[30/Sep/2022:09:41:59 +0800] 0:0:0:0:0:0:0:1 "POST /system/role/pushauthor?roleId=6191496747421696 HTTP/1.1" 200 (142 ms)
[30/Sep/2022:09:42:00 +0800] 0:0:0:0:0:0:0:1 "POST /system/role/pushauthor?roleId=6191496747421696 HTTP/1.1" 200 (14 ms)
[30/Sep/2022:09:42:01 +0800] 0:0:0:0:0:0:0:1 "POST /system/role/pushauthor?roleId=6191496747421696 HTTP/1.1" 200 (14 ms)
[30/Sep/2022:09:42:02 +0800] 0:0:0:0:0:0:0:1 "POST /system/role/pushauthor?roleId=6191496747421696 HTTP/1.1" 200 (20 ms)
[30/Sep/2022:09:42:02 +0800] 0:0:0:0:0:0:0:1 "POST /system/role/pushauthor?roleId=6191496747421696 HTTP/1.1" 200 (16 ms)
[30/Sep/2022:09:42:04 +0800] 0:0:0:0:0:0:0:1 "POST /system/role/pushauthor?roleId=6191496747421696 HTTP/1.1" 200 (16 ms)
[30/Sep/2022:09:42:05 +0800] 0:0:0:0:0:0:0:1 "POST /system/role/pushauthor?roleId=6191496747421696 HTTP/1.1" 200 (15 ms)
[30/Sep/2022:09:42:05 +0800] 0:0:0:0:0:0:0:1 "POST /system/role/pushauthor?roleId=6191496747421696 HTTP/1.1" 200 (14 ms)
[30/Sep/2022:09:42:07 +0800] 0:0:0:0:0:0:0:1 "POST /system/role/pushauthor?roleId=6191496747421696 HTTP/1.1" 200 (17 ms)
[30/Sep/2022:09:42:07 +0800] 0:0:0:0:0:0:0:1 "POST /system/role/pushauthor?roleId=6191496747421696 HTTP/1.1" 200 (15 ms)
[30/Sep/2022:09:42:08 +0800] 0:0:0:0:0:0:0:1 "POST /system/role/pushauthor?roleId=6191496747421696 HTTP/1.1" 200 (122 ms)
[30/Sep/2022:09:42:08 +0800] 0:0:0:0:0:0:0:1 "POST /system/role/pushauthor?roleId=6191496747421696 HTTP/1.1" 200 (15 ms)
[30/Sep/2022:09:42:10 +0800] 0:0:0:0:0:0:0:1 "POST /system/role/pushauthor?roleId=6191496747421696 HTTP/1.1" 200 (17 ms)
[30/Sep/2022:09:42:17 +0800] 0:0:0:0:0:0:0:1 "GET /system/role/fetch?rootId=0 HTTP/1.1" 200 (14 ms)
[30/Sep/2022:09:42:17 +0800] 0:0:0:0:0:0:0:1 "GET /system/setting/menu?roleId=6191496747421696 HTTP/1.1" 200 (13 ms)
[30/Sep/2022:09:42:26 +0800] 0:0:0:0:0:0:0:1 "POST /system/role/pushauthor?roleId=6191496747421696 HTTP/1.1" 200 (7 ms)
[30/Sep/2022:09:42:42 +0800] 0:0:0:0:0:0:0:1 "GET /system/role/pushauthor?roleId=6191496747421696 HTTP/1.1" 405 (43 ms)
[30/Sep/2022:09:44:28 +0800] 0:0:0:0:0:0:0:1 "GET /system/role/pushauthor?roleId=6191496747421696 HTTP/1.1" 405 (7 ms)
[30/Sep/2022:09:44:49 +0800] 0:0:0:0:0:0:0:1 "POST /system/role/pushauthor?roleId=6191496747421696 HTTP/1.1" 200 (22 ms)
[30/Sep/2022:09:48:01 +0800] 0:0:0:0:0:0:0:1 "POST /system/role/pushauthor?roleId=6191496747421696 HTTP/1.1" 200 (36207 ms)
[30/Sep/2022:09:48:47 +0800] 0:0:0:0:0:0:0:1 "POST /system/role/pushauthor?roleId=6191496747421696 HTTP/1.1" 200 (845 ms)
[30/Sep/2022:09:48:56 +0800] 0:0:0:0:0:0:0:1 "GET /system/role/fetch?rootId=0 HTTP/1.1" 200 (124 ms)
[30/Sep/2022:09:48:56 +0800] 0:0:0:0:0:0:0:1 "GET /system/setting/menu?roleId=6191496747421696 HTTP/1.1" 200 (49 ms)
[30/Sep/2022:09:48:59 +0800] 0:0:0:0:0:0:0:1 "POST /system/role/pushauthor?roleId=6191496747421696 HTTP/1.1" 200 (22 ms)
[30/Sep/2022:09:49:05 +0800] 0:0:0:0:0:0:0:1 "GET /system/role/fetch?rootId=0 HTTP/1.1" 200 (20 ms)
[30/Sep/2022:09:49:05 +0800] 0:0:0:0:0:0:0:1 "GET /system/setting/menu?roleId=6191496747421696 HTTP/1.1" 200 (27 ms)
[30/Sep/2022:09:50:44 +0800] 0:0:0:0:0:0:0:1 "POST /system/role/pushauthor?roleId=6191496747421696 HTTP/1.1" 200 (977 ms)
[30/Sep/2022:09:53:26 +0800] 0:0:0:0:0:0:0:1 "POST /system/role/pushauthor?roleId=6191496747421696 HTTP/1.1" 200 (38 ms)
[30/Sep/2022:09:53:28 +0800] 0:0:0:0:0:0:0:1 "POST /system/role/pushauthor?roleId=6191496747421696 HTTP/1.1" 200 (23 ms)
[30/Sep/2022:09:53:57 +0800] 0:0:0:0:0:0:0:1 "POST /system/role/pushauthor?roleId=6191496747421696 HTTP/1.1" 200 (24 ms)
[30/Sep/2022:09:53:58 +0800] 0:0:0:0:0:0:0:1 "POST /system/role/pushauthor?roleId=6191496747421696 HTTP/1.1" 200 (17 ms)
[30/Sep/2022:09:54:17 +0800] 0:0:0:0:0:0:0:1 "POST /system/role/pushauthor?roleId=6191496747421696 HTTP/1.1" 200 (8442 ms)
[30/Sep/2022:09:56:36 +0800] 0:0:0:0:0:0:0:1 "GET /system/role/fetch?rootId=0 HTTP/1.1" 200 (1106 ms)
[30/Sep/2022:09:56:36 +0800] 0:0:0:0:0:0:0:1 "GET /system/setting/menu?roleId=6191496747421696 HTTP/1.1" 200 (95 ms)
[30/Sep/2022:09:57:16 +0800] 0:0:0:0:0:0:0:1 "POST /system/role/pushauthor?roleId=6191496747421696 HTTP/1.1" 200 (349 ms)
[30/Sep/2022:09:57:23 +0800] 0:0:0:0:0:0:0:1 "GET /system/role/fetch?rootId=0 HTTP/1.1" 200 (23 ms)
[30/Sep/2022:09:57:23 +0800] 0:0:0:0:0:0:0:1 "GET /system/setting/menu?roleId=6191496747421696 HTTP/1.1" 200 (24 ms)
[30/Sep/2022:09:57:36 +0800] 0:0:0:0:0:0:0:1 "POST /system/role/pushauthor?roleId=6191496747421696 HTTP/1.1" 200 (25 ms)
[30/Sep/2022:09:57:47 +0800] 0:0:0:0:0:0:0:1 "POST /system/role/pushauthor?roleId=6191496747421696 HTTP/1.1" 200 (25 ms)
[30/Sep/2022:09:57:51 +0800] 0:0:0:0:0:0:0:1 "GET /system/role/fetch?rootId=0 HTTP/1.1" 200 (24 ms)
[30/Sep/2022:09:57:51 +0800] 0:0:0:0:0:0:0:1 "GET /system/setting/menu?roleId=6191496747421696 HTTP/1.1" 200 (17 ms)
[30/Sep/2022:09:58:43 +0800] 0:0:0:0:0:0:0:1 "POST /system/role/pushauthor?roleId=6191496747421696 HTTP/1.1" 200 (360 ms)
[30/Sep/2022:09:58:47 +0800] 0:0:0:0:0:0:0:1 "GET /system/role/fetch?rootId=0 HTTP/1.1" 200 (17 ms)
[30/Sep/2022:09:58:47 +0800] 0:0:0:0:0:0:0:1 "GET /system/setting/menu?roleId=6191496747421696 HTTP/1.1" 200 (19 ms)
[30/Sep/2022:10:16:37 +0800] 0:0:0:0:0:0:0:1 "GET /system/role/fetch?rootId=0 HTTP/1.1" 200 (1164 ms)
[30/Sep/2022:10:16:37 +0800] 0:0:0:0:0:0:0:1 "GET /system/setting/menu?roleId=6191496747421696 HTTP/1.1" 200 (100 ms)
[30/Sep/2022:10:17:00 +0800] 0:0:0:0:0:0:0:1 "OPTIONS /system/role/pushauthor?roleId=6191496747421696 HTTP/1.1" 200 (6 ms)
[30/Sep/2022:10:17:01 +0800] 0:0:0:0:0:0:0:1 "POST /system/role/pushauthor?roleId=6191496747421696 HTTP/1.1" 200 (357 ms)
[30/Sep/2022:10:17:06 +0800] 0:0:0:0:0:0:0:1 "GET /system/role/fetch?rootId=0 HTTP/1.1" 200 (19 ms)
[30/Sep/2022:10:17:06 +0800] 0:0:0:0:0:0:0:1 "GET /system/setting/menu?roleId=6191496747421696 HTTP/1.1" 200 (26 ms)
[30/Sep/2022:10:25:37 +0800] 0:0:0:0:0:0:0:1 "GET /system/role/fetch?rootId=0 HTTP/1.1" 200 (29 ms)
[30/Sep/2022:10:26:25 +0800] 0:0:0:0:0:0:0:1 "GET /system/role/fetch?rootId=0 HTTP/1.1" 200 (893 ms)
[30/Sep/2022:10:27:38 +0800] 0:0:0:0:0:0:0:1 "GET /system/users/fetch?ownId=0 HTTP/1.1" 200 (81 ms)
[30/Sep/2022:10:27:40 +0800] 0:0:0:0:0:0:0:1 "GET /system/role/fetch?ownId=0 HTTP/1.1" 200 (20 ms)
[30/Sep/2022:10:27:46 +0800] 0:0:0:0:0:0:0:1 "GET /system/role/fetch?rootId=0 HTTP/1.1" 200 (17 ms)
[30/Sep/2022:10:27:47 +0800] 0:0:0:0:0:0:0:1 "GET /system/setting/menu?roleId=6191496747421696 HTTP/1.1" 200 (87 ms)
[30/Sep/2022:10:28:06 +0800] 0:0:0:0:0:0:0:1 "GET /system/setting/menu?roleId=6191496747421696 HTTP/1.1" 200 (18 ms)
[30/Sep/2022:10:33:17 +0800] 0:0:0:0:0:0:0:1 "GET /system/role/fetch?rootId=0 HTTP/1.1" 200 (25 ms)
[30/Sep/2022:10:33:17 +0800] 0:0:0:0:0:0:0:1 "GET /system/setting/menu?roleId=6191496747421696 HTTP/1.1" 200 (16 ms)
[30/Sep/2022:10:34:02 +0800] 0:0:0:0:0:0:0:1 "GET /system/role/fetch?rootId=0 HTTP/1.1" 200 (22 ms)
[30/Sep/2022:10:34:02 +0800] 0:0:0:0:0:0:0:1 "GET /system/setting/menu?roleId=6191496747421696 HTTP/1.1" 200 (15 ms)
[30/Sep/2022:10:38:15 +0800] 0:0:0:0:0:0:0:1 "GET /system/role/fetch?rootId=0 HTTP/1.1" 200 (48 ms)
[30/Sep/2022:10:38:15 +0800] 0:0:0:0:0:0:0:1 "GET /system/setting/menu?roleId=6191496747421696 HTTP/1.1" 200 (23 ms)
[30/Sep/2022:10:38:19 +0800] 0:0:0:0:0:0:0:1 "GET /system/role/fetch?rootId=0 HTTP/1.1" 200 (22 ms)
[30/Sep/2022:10:38:19 +0800] 0:0:0:0:0:0:0:1 "GET /system/setting/menu?roleId=6191496747421696 HTTP/1.1" 200 (22 ms)
[30/Sep/2022:10:38:29 +0800] 0:0:0:0:0:0:0:1 "GET /system/role/fetch?rootId=0 HTTP/1.1" 200 (20 ms)
[30/Sep/2022:10:38:29 +0800] 0:0:0:0:0:0:0:1 "GET /system/setting/menu?roleId=6191496747421696 HTTP/1.1" 200 (27 ms)
[30/Sep/2022:10:39:45 +0800] 0:0:0:0:0:0:0:1 "GET /system/role/fetch?rootId=0 HTTP/1.1" 200 (29 ms)
[30/Sep/2022:10:39:45 +0800] 0:0:0:0:0:0:0:1 "GET /system/setting/menu?roleId=6191496747421696 HTTP/1.1" 200 (16 ms)
[30/Sep/2022:10:41:03 +0800] 0:0:0:0:0:0:0:1 "GET /system/role/fetch?rootId=0 HTTP/1.1" 200 (32 ms)
[30/Sep/2022:10:41:03 +0800] 0:0:0:0:0:0:0:1 "GET /system/setting/menu?roleId=6191496747421696 HTTP/1.1" 200 (16 ms)
[30/Sep/2022:10:43:01 +0800] 0:0:0:0:0:0:0:1 "GET /system/role/fetch?rootId=0 HTTP/1.1" 200 (26 ms)
[30/Sep/2022:10:43:01 +0800] 0:0:0:0:0:0:0:1 "GET /system/setting/menu?roleId=6191496747421696 HTTP/1.1" 200 (15 ms)
[30/Sep/2022:10:44:54 +0800] 0:0:0:0:0:0:0:1 "GET /system/role/fetch?rootId=0 HTTP/1.1" 200 (30 ms)
[30/Sep/2022:10:44:54 +0800] 0:0:0:0:0:0:0:1 "GET /system/setting/menu?roleId=6191496747421696 HTTP/1.1" 200 (14 ms)
[30/Sep/2022:10:45:29 +0800] 0:0:0:0:0:0:0:1 "GET /system/role/fetch?rootId=0 HTTP/1.1" 200 (18 ms)
[30/Sep/2022:10:45:29 +0800] 0:0:0:0:0:0:0:1 "GET /system/setting/menu?roleId=6191496747421696 HTTP/1.1" 200 (18 ms)
[30/Sep/2022:10:46:28 +0800] 0:0:0:0:0:0:0:1 "GET /system/role/fetch?rootId=0 HTTP/1.1" 200 (20 ms)
[30/Sep/2022:10:46:28 +0800] 0:0:0:0:0:0:0:1 "GET /system/setting/menu?roleId=6191496747421696 HTTP/1.1" 200 (17 ms)
[30/Sep/2022:10:48:08 +0800] 0:0:0:0:0:0:0:1 "OPTIONS /system/role/pushauthor?roleId=6191496747421696 HTTP/1.1" 200 (5 ms)
[30/Sep/2022:10:48:08 +0800] 0:0:0:0:0:0:0:1 "POST /system/role/pushauthor?roleId=6191496747421696 HTTP/1.1" 200 (50 ms)
[30/Sep/2022:10:48:09 +0800] 0:0:0:0:0:0:0:1 "POST /system/role/pushauthor?roleId=6191496747421696 HTTP/1.1" 200 (20 ms)
[30/Sep/2022:10:48:14 +0800] 0:0:0:0:0:0:0:1 "GET /system/role/fetch?rootId=0 HTTP/1.1" 200 (33 ms)
[30/Sep/2022:10:48:14 +0800] 0:0:0:0:0:0:0:1 "GET /system/setting/menu?roleId=6191496747421696 HTTP/1.1" 200 (16 ms)
[30/Sep/2022:10:49:14 +0800] 0:0:0:0:0:0:0:1 "GET /system/users/fetch?ownId=0 HTTP/1.1" 200 (16 ms)
[30/Sep/2022:10:49:50 +0800] 0:0:0:0:0:0:0:1 "GET /system/users/fetch?ownId=0 HTTP/1.1" 200 (21 ms)
[30/Sep/2022:10:49:54 +0800] 0:0:0:0:0:0:0:1 "GET /system/role/fetch?ownId=0 HTTP/1.1" 200 (12 ms)
[30/Sep/2022:10:50:10 +0800] 0:0:0:0:0:0:0:1 "GET /system/role/fetch?rootId=0 HTTP/1.1" 200 (13 ms)
[30/Sep/2022:10:50:10 +0800] 0:0:0:0:0:0:0:1 "GET /system/setting/menu?roleId=6191496747421696 HTTP/1.1" 200 (10 ms)
[30/Sep/2022:10:52:21 +0800] 0:0:0:0:0:0:0:1 "GET /system/role/fetch?rootId=0 HTTP/1.1" 200 (30 ms)
[30/Sep/2022:10:52:21 +0800] 0:0:0:0:0:0:0:1 "GET /system/setting/menu?roleId=6191496747421696 HTTP/1.1" 200 (15 ms)
[30/Sep/2022:10:53:12 +0800] 0:0:0:0:0:0:0:1 "GET /system/role/fetch?rootId=0 HTTP/1.1" 200 (18 ms)
[30/Sep/2022:10:53:12 +0800] 0:0:0:0:0:0:0:1 "GET /system/setting/menu?roleId=6191496747421696 HTTP/1.1" 200 (14 ms)
[30/Sep/2022:10:54:39 +0800] 0:0:0:0:0:0:0:1 "POST /system/role/pushauthor?roleId=6191496747421696 HTTP/1.1" 200 (418 ms)
[30/Sep/2022:10:54:45 +0800] 0:0:0:0:0:0:0:1 "GET /system/role/fetch?rootId=0 HTTP/1.1" 200 (16 ms)
[30/Sep/2022:10:54:45 +0800] 0:0:0:0:0:0:0:1 "GET /system/setting/menu?roleId=6191496747421696 HTTP/1.1" 200 (14 ms)
[30/Sep/2022:10:54:56 +0800] 0:0:0:0:0:0:0:1 "POST /system/role/pushauthor?roleId=6191496747421696 HTTP/1.1" 200 (310 ms)
[30/Sep/2022:10:54:59 +0800] 0:0:0:0:0:0:0:1 "GET /system/role/fetch?rootId=0 HTTP/1.1" 200 (13 ms)
[30/Sep/2022:10:54:59 +0800] 0:0:0:0:0:0:0:1 "GET /system/setting/menu?roleId=6191496747421696 HTTP/1.1" 200 (13 ms)
[30/Sep/2022:10:55:04 +0800] 0:0:0:0:0:0:0:1 "POST /system/role/pushauthor?roleId=6191496747421696 HTTP/1.1" 200 (14 ms)
[30/Sep/2022:10:55:08 +0800] 0:0:0:0:0:0:0:1 "GET /system/role/fetch?rootId=0 HTTP/1.1" 200 (26 ms)
[30/Sep/2022:10:55:08 +0800] 0:0:0:0:0:0:0:1 "GET /system/setting/menu?roleId=6191496747421696 HTTP/1.1" 200 (12 ms)
[30/Sep/2022:10:58:41 +0800] 0:0:0:0:0:0:0:1 "GET /system/menu HTTP/1.1" 200 (13 ms)
[30/Sep/2022:10:58:46 +0800] 0:0:0:0:0:0:0:1 "GET /project/fetch?ownId=0 HTTP/1.1" 200 (79 ms)
[30/Sep/2022:10:58:57 +0800] 0:0:0:0:0:0:0:1 "GET /system/role/fetch?rootId=0 HTTP/1.1" 200 (13 ms)
[30/Sep/2022:10:58:57 +0800] 0:0:0:0:0:0:0:1 "GET /system/setting/menu?roleId=6191496747421696 HTTP/1.1" 200 (12 ms)
[30/Sep/2022:10:59:08 +0800] 0:0:0:0:0:0:0:1 "POST /system/role/pushauthor?roleId=6191496747421696 HTTP/1.1" 200 (323 ms)
[30/Sep/2022:11:03:50 +0800] 0:0:0:0:0:0:0:1 "POST /system/role/pushauthor?roleId=6191496747421696 HTTP/1.1" 200 (361 ms)
[30/Sep/2022:11:03:54 +0800] 0:0:0:0:0:0:0:1 "GET /system/role/fetch?rootId=0 HTTP/1.1" 200 (18 ms)
[30/Sep/2022:11:03:54 +0800] 0:0:0:0:0:0:0:1 "GET /system/setting/menu?roleId=6191496747421696 HTTP/1.1" 200 (14 ms)
[30/Sep/2022:11:04:01 +0800] 0:0:0:0:0:0:0:1 "POST /system/role/pushauthor?roleId=6191496747421696 HTTP/1.1" 200 (350 ms)
[30/Sep/2022:11:04:05 +0800] 0:0:0:0:0:0:0:1 "GET /system/role/fetch?rootId=0 HTTP/1.1" 200 (23 ms)
[30/Sep/2022:11:04:05 +0800] 0:0:0:0:0:0:0:1 "GET /system/setting/menu?roleId=6191496747421696 HTTP/1.1" 200 (17 ms)
[30/Sep/2022:11:08:04 +0800] 0:0:0:0:0:0:0:1 "GET /system/role/fetch?rootId=0 HTTP/1.1" 200 (1169 ms)
[30/Sep/2022:11:08:05 +0800] 0:0:0:0:0:0:0:1 "GET /system/setting/menu?roleId=6191496747421696 HTTP/1.1" 200 (103 ms)
[30/Sep/2022:11:08:07 +0800] 0:0:0:0:0:0:0:1 "POST /system/role/pushauthor?roleId=6191496747421696 HTTP/1.1" 200 (391 ms)
[30/Sep/2022:11:08:37 +0800] 0:0:0:0:0:0:0:1 "GET /system/role/fetch?rootId=0 HTTP/1.1" 200 (20 ms)
[30/Sep/2022:11:08:37 +0800] 0:0:0:0:0:0:0:1 "GET /system/setting/menu?roleId=6191496747421696 HTTP/1.1" 200 (26 ms)
[30/Sep/2022:11:09:43 +0800] 0:0:0:0:0:0:0:1 "GET /system/role/fetch?rootId=0 HTTP/1.1" 200 (37 ms)
[30/Sep/2022:11:09:43 +0800] 0:0:0:0:0:0:0:1 "GET /system/setting/menu?roleId=6191496747421696 HTTP/1.1" 200 (22 ms)
[30/Sep/2022:11:09:46 +0800] 0:0:0:0:0:0:0:1 "POST /system/role/pushauthor?roleId=6191496747421696 HTTP/1.1" 200 (126 ms)
[30/Sep/2022:11:09:50 +0800] 0:0:0:0:0:0:0:1 "GET /system/role/fetch?rootId=0 HTTP/1.1" 200 (19 ms)
[30/Sep/2022:11:09:50 +0800] 0:0:0:0:0:0:0:1 "GET /system/setting/menu?roleId=6191496747421696 HTTP/1.1" 200 (32 ms)
[30/Sep/2022:11:12:09 +0800] 0:0:0:0:0:0:0:1 "GET /system/role/fetch?rootId=0 HTTP/1.1" 200 (1131 ms)
[30/Sep/2022:11:12:09 +0800] 0:0:0:0:0:0:0:1 "GET /system/setting/menu?roleId=6191496747421696 HTTP/1.1" 200 (98 ms)
[30/Sep/2022:11:12:44 +0800] 0:0:0:0:0:0:0:1 "GET /system/role/fetch?rootId=0 HTTP/1.1" 200 (19 ms)
[30/Sep/2022:11:12:44 +0800] 0:0:0:0:0:0:0:1 "GET /system/setting/menu?roleId=6191496747421696 HTTP/1.1" 200 (25 ms)
[30/Sep/2022:11:12:51 +0800] 0:0:0:0:0:0:0:1 "POST /system/role/pushauthor?roleId=6191496747421696 HTTP/1.1" 200 (70 ms)
[30/Sep/2022:11:14:23 +0800] 0:0:0:0:0:0:0:1 "GET /system/role/fetch?rootId=0 HTTP/1.1" 200 (49 ms)
[30/Sep/2022:11:14:24 +0800] 0:0:0:0:0:0:0:1 "POST /system/role/pushauthor?roleId=6191496747421696 HTTP/1.1" 200 (16422 ms)
[30/Sep/2022:11:14:38 +0800] 0:0:0:0:0:0:0:1 "GET /system/role/fetch?rootId=0 HTTP/1.1" 200 (23 ms)
[30/Sep/2022:11:14:38 +0800] 0:0:0:0:0:0:0:1 "GET /system/setting/menu?roleId=6191496747421696 HTTP/1.1" 200 (20 ms)
[30/Sep/2022:11:15:35 +0800] 0:0:0:0:0:0:0:1 "POST /system/role/pushauthor?roleId=6191496747421696 HTTP/1.1" 200 (45196 ms)
[30/Sep/2022:11:15:41 +0800] 0:0:0:0:0:0:0:1 "GET /system/role/fetch?rootId=0 HTTP/1.1" 200 (30 ms)
[30/Sep/2022:11:15:41 +0800] 0:0:0:0:0:0:0:1 "GET /system/setting/menu?roleId=6191496747421696 HTTP/1.1" 200 (16 ms)
[30/Sep/2022:11:15:46 +0800] 0:0:0:0:0:0:0:1 "POST /system/role/pushauthor?roleId=6191496747421696 HTTP/1.1" 200 (318 ms)
[30/Sep/2022:11:15:48 +0800] 0:0:0:0:0:0:0:1 "POST /system/role/pushauthor?roleId=6191496747421696 HTTP/1.1" 200 (21 ms)
[30/Sep/2022:11:15:51 +0800] 0:0:0:0:0:0:0:1 "GET /system/role/fetch?rootId=0 HTTP/1.1" 200 (18 ms)
[30/Sep/2022:11:15:51 +0800] 0:0:0:0:0:0:0:1 "GET /system/setting/menu?roleId=6191496747421696 HTTP/1.1" 200 (20 ms)
[30/Sep/2022:11:17:50 +0800] 0:0:0:0:0:0:0:1 "POST /system/role/pushauthor?roleId=6191496747421696 HTTP/1.1" 200 (98116 ms)
[30/Sep/2022:11:18:03 +0800] 0:0:0:0:0:0:0:1 "GET /system/role/fetch?rootId=0 HTTP/1.1" 200 (19 ms)
[30/Sep/2022:11:18:04 +0800] 0:0:0:0:0:0:0:1 "GET /system/setting/menu?roleId=6191496747421696 HTTP/1.1" 200 (15 ms)
[30/Sep/2022:11:18:27 +0800] 0:0:0:0:0:0:0:1 "GET /system/role/fetch?rootId=0 HTTP/1.1" 200 (17 ms)
[30/Sep/2022:11:18:27 +0800] 0:0:0:0:0:0:0:1 "POST /system/role/pushauthor?roleId=6191496747421696 HTTP/1.1" 200 (19638 ms)
[30/Sep/2022:11:19:24 +0800] 0:0:0:0:0:0:0:1 "GET /system/role/fetch?rootId=0 HTTP/1.1" 200 (17 ms)
[30/Sep/2022:11:19:24 +0800] 0:0:0:0:0:0:0:1 "GET /system/setting/menu?roleId=6191496747421696 HTTP/1.1" 200 (20 ms)
[30/Sep/2022:11:20:03 +0800] 0:0:0:0:0:0:0:1 "OPTIONS /system/role/pushauthor?roleId=6191496747421696 HTTP/1.1" 200 (5 ms)
[30/Sep/2022:11:26:19 +0800] 0:0:0:0:0:0:0:1 "POST /system/role/pushauthor?roleId=6191496747421696 HTTP/1.1" 200 (901 ms)
[30/Sep/2022:11:26:20 +0800] 0:0:0:0:0:0:0:1 "POST /system/role/pushauthor?roleId=6191496747421696 HTTP/1.1" 200 (32 ms)
[30/Sep/2022:11:26:21 +0800] 0:0:0:0:0:0:0:1 "POST /system/role/pushauthor?roleId=6191496747421696 HTTP/1.1" 200 (41 ms)
[30/Sep/2022:11:26:26 +0800] 0:0:0:0:0:0:0:1 "GET /system/role/fetch?rootId=0 HTTP/1.1" 200 (100 ms)
[30/Sep/2022:11:26:26 +0800] 0:0:0:0:0:0:0:1 "GET /system/setting/menu?roleId=6191496747421696 HTTP/1.1" 200 (27 ms)
[30/Sep/2022:11:26:46 +0800] 0:0:0:0:0:0:0:1 "POST /system/role/pushauthor?roleId=6191496747421696 HTTP/1.1" 200 (365 ms)
[30/Sep/2022:11:28:53 +0800] 0:0:0:0:0:0:0:1 "POST /system/role/pushauthor?roleId=6191496747421696 HTTP/1.1" 200 (455 ms)
[30/Sep/2022:11:28:54 +0800] 0:0:0:0:0:0:0:1 "POST /system/role/pushauthor?roleId=6191496747421696 HTTP/1.1" 200 (25 ms)
[30/Sep/2022:11:28:55 +0800] 0:0:0:0:0:0:0:1 "POST /system/role/pushauthor?roleId=6191496747421696 HTTP/1.1" 200 (23 ms)
[30/Sep/2022:11:29:02 +0800] 0:0:0:0:0:0:0:1 "POST /system/role/pushauthor?roleId=6191496747421696 HTTP/1.1" 200 (24 ms)
[30/Sep/2022:11:32:07 +0800] 0:0:0:0:0:0:0:1 "GET /system/role/fetch?rootId=0 HTTP/1.1" 200 (1186 ms)
[30/Sep/2022:11:32:07 +0800] 0:0:0:0:0:0:0:1 "GET /system/setting/menu?roleId=6191496747421696 HTTP/1.1" 200 (101 ms)
[30/Sep/2022:11:32:09 +0800] 0:0:0:0:0:0:0:1 "POST /system/role/pushauthor?roleId=6191496747421696 HTTP/1.1" 500 (76 ms)
[30/Sep/2022:11:32:56 +0800] 0:0:0:0:0:0:0:1 "GET /system/role/fetch?rootId=0 HTTP/1.1" 200 (1219 ms)
[30/Sep/2022:11:32:56 +0800] 0:0:0:0:0:0:0:1 "GET /system/setting/menu?roleId=6191496747421696 HTTP/1.1" 200 (106 ms)
[30/Sep/2022:11:32:57 +0800] 0:0:0:0:0:0:0:1 "POST /system/role/pushauthor?roleId=6191496747421696 HTTP/1.1" 500 (76 ms)
[30/Sep/2022:12:26:56 +0800] 0:0:0:0:0:0:0:1 "GET /system/role/fetch?rootId=0 HTTP/1.1" 200 (1210 ms)
[30/Sep/2022:12:26:57 +0800] 0:0:0:0:0:0:0:1 "GET /system/setting/menu?roleId=6191496747421696 HTTP/1.1" 200 (131 ms)
[30/Sep/2022:12:29:06 +0800] 0:0:0:0:0:0:0:1 "OPTIONS /system/role/pushauthor?roleId=6191496747421696 HTTP/1.1" 200 (6 ms)
[30/Sep/2022:12:29:06 +0800] 0:0:0:0:0:0:0:1 "POST /system/role/pushauthor?roleId=6191496747421696 HTTP/1.1" 200 (407 ms)
[30/Sep/2022:12:31:19 +0800] 0:0:0:0:0:0:0:1 "POST /system/role/pushauthor?roleId=6191496747421696 HTTP/1.1" 200 (64724 ms)
[30/Sep/2022:12:32:28 +0800] 0:0:0:0:0:0:0:1 "GET /system/role/fetch?rootId=0 HTTP/1.1" 200 (1222 ms)
[30/Sep/2022:12:32:28 +0800] 0:0:0:0:0:0:0:1 "GET /system/setting/menu?roleId=6191496747421696 HTTP/1.1" 200 (105 ms)
[30/Sep/2022:12:32:35 +0800] 0:0:0:0:0:0:0:1 "POST /system/role/pushauthor?roleId=6191496747421696 HTTP/1.1" 200 (4967 ms)
[30/Sep/2022:12:33:35 +0800] 0:0:0:0:0:0:0:1 "GET /system/role/fetch?rootId=0 HTTP/1.1" 200 (1120 ms)
[30/Sep/2022:12:33:35 +0800] 0:0:0:0:0:0:0:1 "GET /system/setting/menu?roleId=6191496747421696 HTTP/1.1" 200 (102 ms)
[30/Sep/2022:12:33:38 +0800] 0:0:0:0:0:0:0:1 "POST /system/role/pushauthor?roleId=6191496747421696 HTTP/1.1" 200 (469 ms)
[30/Sep/2022:12:33:41 +0800] 0:0:0:0:0:0:0:1 "GET /system/role/fetch?rootId=0 HTTP/1.1" 200 (22 ms)
[30/Sep/2022:12:33:41 +0800] 0:0:0:0:0:0:0:1 "GET /system/setting/menu?roleId=6191496747421696 HTTP/1.1" 200 (26 ms)
[30/Sep/2022:12:33:55 +0800] 0:0:0:0:0:0:0:1 "POST /system/role/pushauthor?roleId=6191496747421696 HTTP/1.1" 200 (360 ms)
[30/Sep/2022:12:33:59 +0800] 0:0:0:0:0:0:0:1 "GET /system/role/fetch?rootId=0 HTTP/1.1" 200 (22 ms)
[30/Sep/2022:12:33:59 +0800] 0:0:0:0:0:0:0:1 "GET /system/setting/menu?roleId=6191496747421696 HTTP/1.1" 200 (28 ms)
[30/Sep/2022:12:38:12 +0800] 0:0:0:0:0:0:0:1 "GET /system/role/fetch?rootId=0 HTTP/1.1" 200 (37 ms)
[30/Sep/2022:12:38:12 +0800] 0:0:0:0:0:0:0:1 "GET /system/setting/menu?roleId=6191496747421696 HTTP/1.1" 200 (23 ms)
[30/Sep/2022:12:38:50 +0800] 0:0:0:0:0:0:0:1 "GET /system/role/fetch?rootId=0 HTTP/1.1" 200 (20 ms)
[30/Sep/2022:12:38:50 +0800] 0:0:0:0:0:0:0:1 "GET /system/setting/menu?roleId=6191496747421696 HTTP/1.1" 200 (19 ms)
[30/Sep/2022:12:38:53 +0800] 0:0:0:0:0:0:0:1 "POST /system/role/pushauthor?roleId=6191496747421696 HTTP/1.1" 200 (318 ms)
[30/Sep/2022:12:38:56 +0800] 0:0:0:0:0:0:0:1 "POST /system/role/pushauthor?roleId=6191496747421696 HTTP/1.1" 200 (26 ms)
[30/Sep/2022:12:38:59 +0800] 0:0:0:0:0:0:0:1 "POST /system/role/pushauthor?roleId=6191496747421696 HTTP/1.1" 200 (21 ms)
[30/Sep/2022:12:38:59 +0800] 0:0:0:0:0:0:0:1 "POST /system/role/pushauthor?roleId=6191496747421696 HTTP/1.1" 200 (26 ms)
[30/Sep/2022:12:39:12 +0800] 0:0:0:0:0:0:0:1 "POST /system/role/pushauthor?roleId=6191496747421696 HTTP/1.1" 200 (535 ms)
[30/Sep/2022:12:39:13 +0800] 0:0:0:0:0:0:0:1 "POST /system/role/pushauthor?roleId=6191496747421696 HTTP/1.1" 200 (20 ms)
[30/Sep/2022:12:41:22 +0800] 0:0:0:0:0:0:0:1 "GET /system/role/fetch?ownId=0 HTTP/1.1" 200 (26 ms)
[30/Sep/2022:12:41:23 +0800] 0:0:0:0:0:0:0:1 "GET /system/users/fetch?ownId=0 HTTP/1.1" 200 (38 ms)
[30/Sep/2022:12:41:24 +0800] 0:0:0:0:0:0:0:1 "GET /system/role/fetch?ownId=0 HTTP/1.1" 200 (14 ms)
[30/Sep/2022:12:47:07 +0800] 0:0:0:0:0:0:0:1 "GET /system/role/fetch?ownId=0 HTTP/1.1" 200 (32 ms)
[30/Sep/2022:12:47:14 +0800] 0:0:0:0:0:0:0:1 "GET /system/role/fetch?ownId=0 HTTP/1.1" 200 (17 ms)
[30/Sep/2022:12:50:33 +0800] 0:0:0:0:0:0:0:1 "GET /system/role/fetch?ownId=0 HTTP/1.1" 200 (37 ms)
[30/Sep/2022:12:58:17 +0800] 0:0:0:0:0:0:0:1 "GET /system/role/fetch?ownId=0 HTTP/1.1" 200 (32 ms)
[30/Sep/2022:13:00:09 +0800] 0:0:0:0:0:0:0:1 "GET /system/role/fetch?ownId=0 HTTP/1.1" 200 (31 ms)
[30/Sep/2022:13:00:41 +0800] 0:0:0:0:0:0:0:1 "GET /system/role/fetch?ownId=0 HTTP/1.1" 200 (21 ms)
[30/Sep/2022:13:01:12 +0800] 0:0:0:0:0:0:0:1 "GET /system/role/fetch?ownId=0 HTTP/1.1" 200 (19 ms)
[30/Sep/2022:13:01:29 +0800] 0:0:0:0:0:0:0:1 "GET /system/role/fetch?ownId=0 HTTP/1.1" 200 (30 ms)
[30/Sep/2022:13:02:32 +0800] 0:0:0:0:0:0:0:1 "GET /system/role/fetch?ownId=0 HTTP/1.1" 200 (30 ms)
[30/Sep/2022:13:02:40 +0800] 0:0:0:0:0:0:0:1 "OPTIONS /system/role/push HTTP/1.1" 200 (6 ms)
[30/Sep/2022:13:02:40 +0800] 0:0:0:0:0:0:0:1 "POST /system/role/push HTTP/1.1" 200 (345 ms)
[30/Sep/2022:13:02:40 +0800] 0:0:0:0:0:0:0:1 "GET /system/role/fetch?ownId=0 HTTP/1.1" 200 (17 ms)
[30/Sep/2022:13:02:44 +0800] 0:0:0:0:0:0:0:1 "GET /system/role/fetch?rootId=0 HTTP/1.1" 200 (16 ms)
[30/Sep/2022:13:02:44 +0800] 0:0:0:0:0:0:0:1 "GET /system/setting/menu?roleId=6191496747421696 HTTP/1.1" 200 (11 ms)
[30/Sep/2022:13:09:06 +0800] 0:0:0:0:0:0:0:1 "GET /system/role/fetch?ownId=0 HTTP/1.1" 200 (23 ms)
[30/Sep/2022:13:12:18 +0800] 0:0:0:0:0:0:0:1 "GET /system/users/fetch?ownId=0 HTTP/1.1" 200 (27 ms)
[30/Sep/2022:13:13:25 +0800] 0:0:0:0:0:0:0:1 "GET /system/role/fetch?ownId=0 HTTP/1.1" 200 (25 ms)
[30/Sep/2022:14:00:21 +0800] 0:0:0:0:0:0:0:1 "POST /system/token HTTP/1.1" 200 (56 ms)
[30/Sep/2022:14:00:21 +0800] 0:0:0:0:0:0:0:1 "GET /system/menu HTTP/1.1" 200 (94 ms)
[30/Sep/2022:14:00:21 +0800] 0:0:0:0:0:0:0:1 "GET /project/fetch?ownId=0 HTTP/1.1" 200 (172 ms)
[30/Sep/2022:14:30:58 +0800] 0:0:0:0:0:0:0:1 "POST /system/token HTTP/1.1" 200 (3 ms)
[30/Sep/2022:14:30:58 +0800] 0:0:0:0:0:0:0:1 "GET /system/menu HTTP/1.1" 200 (59 ms)
[30/Sep/2022:14:30:59 +0800] 0:0:0:0:0:0:0:1 "GET /project/fetch?ownId=0 HTTP/1.1" 200 (41 ms)
[30/Sep/2022:18:43:19 +0800] 0:0:0:0:0:0:0:1 "GET /system/token HTTP/1.1" 200 (137 ms)
[30/Sep/2022:18:44:21 +0800] 0:0:0:0:0:0:0:1 "GET /system/user/token HTTP/1.1" 404 (97 ms)
[30/Sep/2022:18:44:27 +0800] 0:0:0:0:0:0:0:1 "GET /system/users/token HTTP/1.1" 200 (88 ms)
[30/Sep/2022:19:02:23 +0800] 0:0:0:0:0:0:0:1 "POST /system/token?username=admin&password=21232f297a57a5a743894a0e4a801fc3 HTTP/1.1" 404 (189 ms)
[30/Sep/2022:19:06:15 +0800] 0:0:0:0:0:0:0:1 "POST /system/token HTTP/1.1" 404 (12 ms)
[30/Sep/2022:19:10:49 +0800] 0:0:0:0:0:0:0:1 "POST /system/token HTTP/1.1" 404 (9 ms)
[30/Sep/2022:19:11:11 +0800] 0:0:0:0:0:0:0:1 "POST /system/users/token HTTP/1.1" 200 (45 ms)
[30/Sep/2022:19:11:12 +0800] 0:0:0:0:0:0:0:1 "GET /system/menu HTTP/1.1" 404 (6 ms)
[30/Sep/2022:19:11:59 +0800] 0:0:0:0:0:0:0:1 "POST /system/users/token HTTP/1.1" 200 (5 ms)
[30/Sep/2022:19:11:59 +0800] 0:0:0:0:0:0:0:1 "GET /system/menu HTTP/1.1" 404 (6 ms)
[30/Sep/2022:19:13:30 +0800] 0:0:0:0:0:0:0:1 "POST /system/users/token HTTP/1.1" 415 (142 ms)
[30/Sep/2022:19:14:35 +0800] 0:0:0:0:0:0:0:1 "POST /system/users/token HTTP/1.1" 415 (5 ms)
[30/Sep/2022:19:15:44 +0800] 0:0:0:0:0:0:0:1 "POST /system/users/token HTTP/1.1" 415 (5 ms)
[30/Sep/2022:19:16:00 +0800] 0:0:0:0:0:0:0:1 "GET /system/users/token HTTP/1.1" 400 (31 ms)
[30/Sep/2022:19:17:05 +0800] 0:0:0:0:0:0:0:1 "POST /system/users/token HTTP/1.1" 415 (5 ms)
[30/Sep/2022:19:28:29 +0800] 0:0:0:0:0:0:0:1 "OPTIONS /system/users/token HTTP/1.1" 200 (99 ms)
[30/Sep/2022:19:28:30 +0800] 0:0:0:0:0:0:0:1 "POST /system/users/token HTTP/1.1" 500 (1138 ms)
[30/Sep/2022:19:30:26 +0800] 0:0:0:0:0:0:0:1 "POST /system/users/token HTTP/1.1" 200 (818 ms)
[30/Sep/2022:19:32:15 +0800] 0:0:0:0:0:0:0:1 "POST /system/users/token HTTP/1.1" 200 (21 ms)
[30/Sep/2022:19:35:24 +0800] 0:0:0:0:0:0:0:1 "POST /system/users/token HTTP/1.1" 200 (26 ms)
[30/Sep/2022:19:35:45 +0800] 0:0:0:0:0:0:0:1 "POST /system/users/token HTTP/1.1" 200 (27 ms)
[30/Sep/2022:19:35:45 +0800] 0:0:0:0:0:0:0:1 "GET /system/menu HTTP/1.1" 404 (27 ms)
[30/Sep/2022:19:36:38 +0800] 0:0:0:0:0:0:0:1 "POST /system/users/token HTTP/1.1" 200 (18 ms)
[30/Sep/2022:19:36:38 +0800] 0:0:0:0:0:0:0:1 "GET /system/setting/menu HTTP/1.1" 500 (28 ms)
[30/Sep/2022:19:36:47 +0800] 0:0:0:0:0:0:0:1 "GET /system/setting/menu HTTP/1.1" 500 (42 ms)
[30/Sep/2022:19:38:42 +0800] 0:0:0:0:0:0:0:1 "POST /system/users/token HTTP/1.1" 200 (892 ms)
[30/Sep/2022:19:38:42 +0800] 0:0:0:0:0:0:0:1 "GET /system/setting/getmenu HTTP/1.1" 200 (70 ms)
[30/Sep/2022:19:38:42 +0800] 0:0:0:0:0:0:0:1 "GET /project/fetch?ownId=0 HTTP/1.1" 200 (117 ms)
[30/Sep/2022:19:55:33 +0800] 0:0:0:0:0:0:0:1 "GET /project/tree?rootId=0 HTTP/1.1" 200 (61 ms)
[30/Sep/2022:19:55:33 +0800] 0:0:0:0:0:0:0:1 "GET /budget/division/tree2?ownId=0&projectId=2543997172191232 HTTP/1.1" 200 (468 ms)
[30/Sep/2022:19:55:33 +0800] 0:0:0:0:0:0:0:1 "GET /budget/division/machine/tree?ownId=2543997172191232&divisionId=2543997172191232&rootId=2543997172191232 HTTP/1.1" 200 (38 ms)
[30/Sep/2022:19:55:44 +0800] 0:0:0:0:0:0:0:1 "GET /budget/division/machine/tree?ownId=6046563126349824&divisionId=6046563126349824&rootId=6046563126349824 HTTP/1.1" 200 (21 ms)
[30/Sep/2022:19:55:45 +0800] 0:0:0:0:0:0:0:1 "GET /budget/division/machine/tree?ownId=6046563206041600&divisionId=6046563206041600&rootId=6046563206041600 HTTP/1.1" 200 (16 ms)
[30/Sep/2022:19:55:48 +0800] 0:0:0:0:0:0:0:1 "GET /budget/division/machine/tree?ownId=6046563126349824&divisionId=6046563126349824&rootId=6046563126349824 HTTP/1.1" 200 (16 ms)
[30/Sep/2022:19:55:58 +0800] 0:0:0:0:0:0:0:1 "GET /project/fetch?ownId=0 HTTP/1.1" 200 (42 ms)
[30/Sep/2022:19:56:26 +0800] 0:0:0:0:0:0:0:1 "GET /system/role/fetch?rootId=0 HTTP/1.1" 200 (24 ms)
[30/Sep/2022:19:56:26 +0800] 0:0:0:0:0:0:0:1 "GET /system/setting/menu?roleId=6191496747421696 HTTP/1.1" 200 (19 ms)
[30/Sep/2022:19:56:31 +0800] 0:0:0:0:0:0:0:1 "OPTIONS /system/role/pushauthor?roleId=6191496747421696 HTTP/1.1" 200 (5 ms)
[30/Sep/2022:19:56:31 +0800] 0:0:0:0:0:0:0:1 "POST /system/role/pushauthor?roleId=6191496747421696 HTTP/1.1" 200 (378 ms)
[30/Sep/2022:19:56:34 +0800] 0:0:0:0:0:0:0:1 "POST /system/role/pushauthor?roleId=6191496747421696 HTTP/1.1" 200 (23 ms)
[30/Sep/2022:19:56:48 +0800] 0:0:0:0:0:0:0:1 "GET /system/users/fetch?ownId=0 HTTP/1.1" 200 (27 ms)
