[09/Sep/2022:06:15:01 +0800] 0:0:0:0:0:0:0:1 "POST /system/token HTTP/1.1" 200 (130 ms)
[09/Sep/2022:06:15:01 +0800] 0:0:0:0:0:0:0:1 "GET /system/menu HTTP/1.1" 200 (72 ms)
[09/Sep/2022:06:15:02 +0800] 0:0:0:0:0:0:0:1 "GET /project/fetch HTTP/1.1" 200 (9 ms)
[09/Sep/2022:06:15:10 +0800] 0:0:0:0:0:0:0:1 "GET /construction/fetch HTTP/1.1" 200 (3 ms)
[09/Sep/2022:06:50:16 +0800] 0:0:0:0:0:0:0:1 "GET /construction/fetch HTTP/1.1" 200 (242 ms)
[09/Sep/2022:06:50:19 +0800] 0:0:0:0:0:0:0:1 "GET /project/fetch HTTP/1.1" 200 (3 ms)
[09/Sep/2022:08:04:39 +0800] 0:0:0:0:0:0:0:1 "GET /project/fetch HTTP/1.1" 200 (234 ms)
[09/Sep/2022:08:04:43 +0800] 0:0:0:0:0:0:0:1 "GET /construction/fetch HTTP/1.1" 200 (3 ms)
[09/Sep/2022:08:04:45 +0800] 0:0:0:0:0:0:0:1 "GET /project/fetch HTTP/1.1" 200 (3 ms)
[09/Sep/2022:08:06:08 +0800] 0:0:0:0:0:0:0:1 "GET /project/fetch HTTP/1.1" 500 (325 ms)
[09/Sep/2022:08:08:49 +0800] 0:0:0:0:0:0:0:1 "GET /project/fetch HTTP/1.1" 200 (1240 ms)
[09/Sep/2022:08:08:56 +0800] 0:0:0:0:0:0:0:1 "GET /project/fetch HTTP/1.1" 200 (23 ms)
[09/Sep/2022:08:09:08 +0800] 0:0:0:0:0:0:0:1 "GET /projectindex/tree HTTP/1.1" 500 (28 ms)
[09/Sep/2022:08:09:10 +0800] 0:0:0:0:0:0:0:1 "GET /projectindex/tree HTTP/1.1" 500 (5 ms)
[09/Sep/2022:08:12:32 +0800] 0:0:0:0:0:0:0:1 "GET /projectindex/tree HTTP/1.1" 500 (5 ms)
[09/Sep/2022:08:12:34 +0800] 0:0:0:0:0:0:0:1 "GET /projectindex/tree HTTP/1.1" 500 (7 ms)
[09/Sep/2022:08:12:35 +0800] 0:0:0:0:0:0:0:1 "GET /projectindex/tree HTTP/1.1" 500 (4 ms)
[09/Sep/2022:08:13:16 +0800] 0:0:0:0:0:0:0:1 "GET /projectindex/tree HTTP/1.1" 500 (21434 ms)
[09/Sep/2022:08:15:51 +0800] 0:0:0:0:0:0:0:1 "GET /projectindex/tree HTTP/1.1" 200 (41879 ms)
[09/Sep/2022:08:18:04 +0800] 0:0:0:0:0:0:0:1 "GET /project/fetch HTTP/1.1" 200 (1054 ms)
[09/Sep/2022:08:18:08 +0800] 0:0:0:0:0:0:0:1 "GET /project/fetch HTTP/1.1" 200 (21 ms)
[09/Sep/2022:08:19:18 +0800] 0:0:0:0:0:0:0:1 "GET /projectindex/tree HTTP/1.1" 200 (58127 ms)
[09/Sep/2022:08:19:18 +0800] 0:0:0:0:0:0:0:1 "GET /project/fetch HTTP/1.1" 200 (37 ms)
[09/Sep/2022:08:19:18 +0800] 0:0:0:0:0:0:0:1 "GET /project/fetch HTTP/1.1" 200 (57 ms)
[09/Sep/2022:08:19:18 +0800] 0:0:0:0:0:0:0:1 "GET /project/fetch HTTP/1.1" 200 (62 ms)
[09/Sep/2022:08:19:22 +0800] 0:0:0:0:0:0:0:1 "GET /project/fetch HTTP/1.1" 200 (26 ms)
[09/Sep/2022:08:19:24 +0800] 0:0:0:0:0:0:0:1 "GET /projectindex/tree?projectId=2 HTTP/1.1" 200 (375 ms)
[09/Sep/2022:08:19:27 +0800] 0:0:0:0:0:0:0:1 "GET /projectindex/tree?projectId=3 HTTP/1.1" 200 (16 ms)
[09/Sep/2022:08:19:30 +0800] 0:0:0:0:0:0:0:1 "GET /projectindex/tree?projectId=2 HTTP/1.1" 200 (15 ms)
[09/Sep/2022:08:19:31 +0800] 0:0:0:0:0:0:0:1 "GET /projectindex/tree?projectId=3 HTTP/1.1" 200 (14 ms)
[09/Sep/2022:08:19:31 +0800] 0:0:0:0:0:0:0:1 "GET /projectindex/tree?projectId=4 HTTP/1.1" 200 (11 ms)
[09/Sep/2022:08:19:32 +0800] 0:0:0:0:0:0:0:1 "GET /projectindex/tree?projectId=3 HTTP/1.1" 200 (13 ms)
[09/Sep/2022:08:19:33 +0800] 0:0:0:0:0:0:0:1 "GET /projectindex/tree?projectId=2 HTTP/1.1" 200 (11 ms)
[09/Sep/2022:08:19:34 +0800] 0:0:0:0:0:0:0:1 "GET /projectindex/tree?projectId=3 HTTP/1.1" 200 (12 ms)
[09/Sep/2022:08:19:51 +0800] 0:0:0:0:0:0:0:1 "GET /projectindex/tree?projectId=2 HTTP/1.1" 200 (18 ms)
[09/Sep/2022:08:19:53 +0800] 0:0:0:0:0:0:0:1 "GET /projectindex/tree?projectId=3 HTTP/1.1" 200 (20 ms)
[09/Sep/2022:08:19:54 +0800] 0:0:0:0:0:0:0:1 "GET /projectindex/tree?projectId=2 HTTP/1.1" 200 (13 ms)
[09/Sep/2022:08:19:55 +0800] 0:0:0:0:0:0:0:1 "GET /projectindex/tree?projectId=3 HTTP/1.1" 200 (19 ms)
[09/Sep/2022:08:20:47 +0800] 0:0:0:0:0:0:0:1 "GET /projectindex/tree?projectId=2 HTTP/1.1" 200 (23 ms)
[09/Sep/2022:08:20:47 +0800] 0:0:0:0:0:0:0:1 "GET /favicon.ico HTTP/1.1" 404 (39 ms)
[09/Sep/2022:08:20:50 +0800] 0:0:0:0:0:0:0:1 "GET /projectindex/tree?projectId=3 HTTP/1.1" 200 (11 ms)
[09/Sep/2022:08:20:54 +0800] 0:0:0:0:0:0:0:1 "GET /projectindex/tree?projectId=3 HTTP/1.1" 200 (12 ms)
[09/Sep/2022:08:20:57 +0800] 0:0:0:0:0:0:0:1 "GET /projectindex/tree?projectId=3 HTTP/1.1" 200 (12 ms)
[09/Sep/2022:08:20:58 +0800] 0:0:0:0:0:0:0:1 "GET /projectindex/tree?projectId=3 HTTP/1.1" 200 (10 ms)
[09/Sep/2022:08:20:59 +0800] 0:0:0:0:0:0:0:1 "GET /projectindex/tree?projectId=3 HTTP/1.1" 200 (9 ms)
[09/Sep/2022:08:21:01 +0800] 0:0:0:0:0:0:0:1 "GET /projectindex/tree?projectId=3 HTTP/1.1" 200 (11 ms)
[09/Sep/2022:08:21:01 +0800] 0:0:0:0:0:0:0:1 "GET /projectindex/tree?projectId=3 HTTP/1.1" 200 (10 ms)
[09/Sep/2022:08:21:08 +0800] 0:0:0:0:0:0:0:1 "GET /projectindex/tree?projectId=2 HTTP/1.1" 200 (12 ms)
[09/Sep/2022:08:21:10 +0800] 0:0:0:0:0:0:0:1 "GET /projectindex/tree?projectId=2 HTTP/1.1" 200 (12 ms)
[09/Sep/2022:08:21:11 +0800] 0:0:0:0:0:0:0:1 "GET /projectindex/tree?projectId=2 HTTP/1.1" 200 (10 ms)
[09/Sep/2022:08:25:50 +0800] 0:0:0:0:0:0:0:1 "GET /projectindex/tree?projectId=2 HTTP/1.1" 200 (840 ms)
[09/Sep/2022:08:25:54 +0800] 0:0:0:0:0:0:0:1 "GET /projectindex/tree?projectId=3 HTTP/1.1" 200 (15 ms)
[09/Sep/2022:08:25:58 +0800] 0:0:0:0:0:0:0:1 "GET /project/fetch HTTP/1.1" 200 (225 ms)
[09/Sep/2022:08:25:59 +0800] 0:0:0:0:0:0:0:1 "GET /projectindex/tree?projectId=2 HTTP/1.1" 200 (13 ms)
[09/Sep/2022:08:26:00 +0800] 0:0:0:0:0:0:0:1 "GET /projectindex/tree?projectId=3 HTTP/1.1" 200 (14 ms)
[09/Sep/2022:08:26:02 +0800] 0:0:0:0:0:0:0:1 "GET /projectindex/tree?projectId=2 HTTP/1.1" 200 (13 ms)
[09/Sep/2022:08:26:16 +0800] 0:0:0:0:0:0:0:1 "GET /projectindex/tree?projectId=3 HTTP/1.1" 200 (15 ms)
[09/Sep/2022:08:26:19 +0800] 0:0:0:0:0:0:0:1 "OPTIONS /projectindex/push HTTP/1.1" 200 (5 ms)
[09/Sep/2022:08:26:19 +0800] 0:0:0:0:0:0:0:1 "POST /projectindex/push HTTP/1.1" 200 (55 ms)
[09/Sep/2022:08:26:19 +0800] 0:0:0:0:0:0:0:1 "GET /projectindex/tree?projectId=3 HTTP/1.1" 200 (18 ms)
[09/Sep/2022:08:26:23 +0800] 0:0:0:0:0:0:0:1 "GET /projectindex/tree?projectId=4 HTTP/1.1" 200 (9 ms)
[09/Sep/2022:08:26:24 +0800] 0:0:0:0:0:0:0:1 "GET /projectindex/tree?projectId=5 HTTP/1.1" 200 (11 ms)
[09/Sep/2022:08:26:24 +0800] 0:0:0:0:0:0:0:1 "GET /projectindex/tree?projectId=6 HTTP/1.1" 200 (11 ms)
[09/Sep/2022:08:26:28 +0800] 0:0:0:0:0:0:0:1 "GET /projectindex/tree?projectId=5 HTTP/1.1" 200 (10 ms)
[09/Sep/2022:08:26:28 +0800] 0:0:0:0:0:0:0:1 "GET /projectindex/tree?projectId=4 HTTP/1.1" 200 (9 ms)
[09/Sep/2022:08:26:29 +0800] 0:0:0:0:0:0:0:1 "GET /projectindex/tree?projectId=3 HTTP/1.1" 200 (12 ms)
[09/Sep/2022:08:26:29 +0800] 0:0:0:0:0:0:0:1 "GET /projectindex/tree?projectId=4 HTTP/1.1" 200 (10 ms)
[09/Sep/2022:08:26:30 +0800] 0:0:0:0:0:0:0:1 "GET /projectindex/tree?projectId=5 HTTP/1.1" 200 (26 ms)
[09/Sep/2022:08:26:54 +0800] 0:0:0:0:0:0:0:1 "GET /project/fetch HTTP/1.1" 200 (24 ms)
[09/Sep/2022:08:26:58 +0800] 0:0:0:0:0:0:0:1 "GET /projectindex/tree?projectId= HTTP/1.1" 500 (29 ms)
[09/Sep/2022:08:28:10 +0800] 0:0:0:0:0:0:0:1 "GET /project/fetch HTTP/1.1" 200 (32 ms)
[09/Sep/2022:08:28:10 +0800] 0:0:0:0:0:0:0:1 "GET /project/fetch HTTP/1.1" 200 (25 ms)
[09/Sep/2022:08:31:37 +0800] 0:0:0:0:0:0:0:1 "GET /projectindex/tree?projectId=2 HTTP/1.1" 200 (25 ms)
[09/Sep/2022:08:32:01 +0800] 0:0:0:0:0:0:0:1 "GET /projectindex/tree?projectId=3 HTTP/1.1" 200 (12 ms)
[09/Sep/2022:08:32:03 +0800] 0:0:0:0:0:0:0:1 "GET /projectindex/tree?projectId=2 HTTP/1.1" 200 (12 ms)
[09/Sep/2022:08:32:34 +0800] 0:0:0:0:0:0:0:1 "GET /projectindex/tree?projectId=3 HTTP/1.1" 200 (15 ms)
[09/Sep/2022:08:32:44 +0800] 0:0:0:0:0:0:0:1 "GET /projectindex/tree?projectId=2 HTTP/1.1" 200 (14 ms)
[09/Sep/2022:08:33:06 +0800] 0:0:0:0:0:0:0:1 "GET /projectindex/tree?projectId=4 HTTP/1.1" 200 (9 ms)
[09/Sep/2022:08:33:16 +0800] 0:0:0:0:0:0:0:1 "GET /projectindex/tree?projectId=5 HTTP/1.1" 200 (9 ms)
[09/Sep/2022:08:39:13 +0800] 0:0:0:0:0:0:0:1 "GET /project/fetch HTTP/1.1" 200 (35 ms)
[09/Sep/2022:08:39:13 +0800] 0:0:0:0:0:0:0:1 "GET /project/fetch HTTP/1.1" 200 (25 ms)
[09/Sep/2022:08:39:13 +0800] 0:0:0:0:0:0:0:1 "GET /project/fetch HTTP/1.1" 200 (23 ms)
[09/Sep/2022:08:39:13 +0800] 0:0:0:0:0:0:0:1 "GET /project/fetch HTTP/1.1" 200 (26 ms)
[09/Sep/2022:08:39:13 +0800] 0:0:0:0:0:0:0:1 "GET /project/fetch HTTP/1.1" 200 (19 ms)
[09/Sep/2022:08:39:13 +0800] 0:0:0:0:0:0:0:1 "GET /project/fetch HTTP/1.1" 200 (16 ms)
[09/Sep/2022:08:39:40 +0800] 0:0:0:0:0:0:0:1 "GET /project/fetch HTTP/1.1" 200 (27 ms)
[09/Sep/2022:08:39:40 +0800] 0:0:0:0:0:0:0:1 "GET /project/fetch HTTP/1.1" 200 (26 ms)
[09/Sep/2022:08:39:44 +0800] 0:0:0:0:0:0:0:1 "GET /project/fetch HTTP/1.1" 200 (25 ms)
[09/Sep/2022:08:39:44 +0800] 0:0:0:0:0:0:0:1 "GET /project/fetch HTTP/1.1" 200 (19 ms)
[09/Sep/2022:08:39:51 +0800] 0:0:0:0:0:0:0:1 "GET /project/fetch HTTP/1.1" 200 (18 ms)
[09/Sep/2022:08:40:08 +0800] 0:0:0:0:0:0:0:1 "GET /project/fetch HTTP/1.1" 200 (24 ms)
[09/Sep/2022:08:40:09 +0800] 0:0:0:0:0:0:0:1 "GET /project/fetch HTTP/1.1" 200 (44 ms)
[09/Sep/2022:08:40:09 +0800] 0:0:0:0:0:0:0:1 "GET /project/fetch HTTP/1.1" 200 (24 ms)
[09/Sep/2022:08:40:34 +0800] 0:0:0:0:0:0:0:1 "GET /project/fetch HTTP/1.1" 200 (25 ms)
[09/Sep/2022:08:40:34 +0800] 0:0:0:0:0:0:0:1 "GET /project/fetch HTTP/1.1" 200 (18 ms)
[09/Sep/2022:08:40:47 +0800] 0:0:0:0:0:0:0:1 "GET /project/fetch HTTP/1.1" 200 (24 ms)
[09/Sep/2022:08:40:59 +0800] 0:0:0:0:0:0:0:1 "GET /project/fetch HTTP/1.1" 200 (19 ms)
[09/Sep/2022:08:41:00 +0800] 0:0:0:0:0:0:0:1 "GET /project/fetch HTTP/1.1" 200 (28 ms)
[09/Sep/2022:08:42:13 +0800] 0:0:0:0:0:0:0:1 "GET /project/fetch HTTP/1.1" 200 (38 ms)
[09/Sep/2022:08:42:39 +0800] 0:0:0:0:0:0:0:1 "GET /project/fetch HTTP/1.1" 200 (24 ms)
[09/Sep/2022:08:42:39 +0800] 0:0:0:0:0:0:0:1 "GET /project/fetch HTTP/1.1" 200 (15 ms)
[09/Sep/2022:08:47:46 +0800] 0:0:0:0:0:0:0:1 "GET /project/fetch HTTP/1.1" 200 (30 ms)
[09/Sep/2022:08:47:46 +0800] 0:0:0:0:0:0:0:1 "GET /project/fetch HTTP/1.1" 200 (15 ms)
[09/Sep/2022:08:48:02 +0800] 0:0:0:0:0:0:0:1 "GET /project/fetch HTTP/1.1" 200 (20 ms)
[09/Sep/2022:08:55:59 +0800] 0:0:0:0:0:0:0:1 "GET /project/fetch HTTP/1.1" 200 (34 ms)
[09/Sep/2022:08:55:59 +0800] 0:0:0:0:0:0:0:1 "GET /project/fetch HTTP/1.1" 200 (18 ms)
[09/Sep/2022:08:56:07 +0800] 0:0:0:0:0:0:0:1 "GET /project/fetch HTTP/1.1" 200 (32 ms)
[09/Sep/2022:08:56:44 +0800] 0:0:0:0:0:0:0:1 "GET /projectindex/tree?projectId=3 HTTP/1.1" 200 (141 ms)
[09/Sep/2022:08:58:06 +0800] 0:0:0:0:0:0:0:1 "GET /project/fetch HTTP/1.1" 200 (38 ms)
[09/Sep/2022:08:58:06 +0800] 0:0:0:0:0:0:0:1 "GET /project/fetch HTTP/1.1" 200 (25 ms)
[09/Sep/2022:08:58:09 +0800] 0:0:0:0:0:0:0:1 "GET /project/fetch HTTP/1.1" 200 (25 ms)
[09/Sep/2022:08:58:53 +0800] 0:0:0:0:0:0:0:1 "GET /project/fetch HTTP/1.1" 200 (29 ms)
[09/Sep/2022:08:58:53 +0800] 0:0:0:0:0:0:0:1 "GET /project/fetch HTTP/1.1" 200 (26 ms)
[09/Sep/2022:08:58:54 +0800] 0:0:0:0:0:0:0:1 "GET /project/fetch HTTP/1.1" 200 (29 ms)
[09/Sep/2022:08:58:54 +0800] 0:0:0:0:0:0:0:1 "GET /project/fetch HTTP/1.1" 200 (28 ms)
[09/Sep/2022:08:58:59 +0800] 0:0:0:0:0:0:0:1 "GET /project/fetch HTTP/1.1" 200 (23 ms)
[09/Sep/2022:09:03:10 +0800] 0:0:0:0:0:0:0:1 "GET /project/fetch HTTP/1.1" 200 (31 ms)
[09/Sep/2022:09:03:10 +0800] 0:0:0:0:0:0:0:1 "GET /project/fetch HTTP/1.1" 200 (21 ms)
[09/Sep/2022:09:03:21 +0800] 0:0:0:0:0:0:0:1 "GET /project/fetch HTTP/1.1" 200 (37 ms)
[09/Sep/2022:09:03:46 +0800] 0:0:0:0:0:0:0:1 "GET /project/fetch HTTP/1.1" 200 (27 ms)
[09/Sep/2022:09:04:50 +0800] 0:0:0:0:0:0:0:1 "GET /project/fetch HTTP/1.1" 200 (49 ms)
[09/Sep/2022:09:04:56 +0800] 0:0:0:0:0:0:0:1 "GET /project/fetch HTTP/1.1" 200 (32 ms)
[09/Sep/2022:09:05:07 +0800] 0:0:0:0:0:0:0:1 "GET /project/fetch HTTP/1.1" 200 (24 ms)
[09/Sep/2022:09:05:25 +0800] 0:0:0:0:0:0:0:1 "GET /project/fetch HTTP/1.1" 200 (24 ms)
[09/Sep/2022:09:05:37 +0800] 0:0:0:0:0:0:0:1 "GET /project/fetch HTTP/1.1" 200 (20 ms)
[09/Sep/2022:09:05:44 +0800] 0:0:0:0:0:0:0:1 "GET /project/fetch HTTP/1.1" 200 (28 ms)
[09/Sep/2022:09:06:04 +0800] 0:0:0:0:0:0:0:1 "GET /project/fetch HTTP/1.1" 200 (28 ms)
[09/Sep/2022:09:06:07 +0800] 0:0:0:0:0:0:0:1 "GET /project/fetch HTTP/1.1" 200 (29 ms)
[09/Sep/2022:09:06:16 +0800] 0:0:0:0:0:0:0:1 "GET /project/fetch HTTP/1.1" 200 (28 ms)
[09/Sep/2022:09:06:19 +0800] 0:0:0:0:0:0:0:1 "GET /projectindex/tree?projectId=2 HTTP/1.1" 200 (16 ms)
[09/Sep/2022:09:08:27 +0800] 0:0:0:0:0:0:0:1 "GET /project/fetch HTTP/1.1" 200 (28 ms)
[09/Sep/2022:09:08:27 +0800] 0:0:0:0:0:0:0:1 "GET /projectindex/tree?projectId=2 HTTP/1.1" 200 (13 ms)
[09/Sep/2022:09:08:33 +0800] 0:0:0:0:0:0:0:1 "GET /project/fetch HTTP/1.1" 200 (19 ms)
[09/Sep/2022:09:08:33 +0800] 0:0:0:0:0:0:0:1 "GET /projectindex/tree?projectId=2 HTTP/1.1" 200 (21 ms)
[09/Sep/2022:09:08:42 +0800] 0:0:0:0:0:0:0:1 "GET /projectindex/tree?projectId=2 HTTP/1.1" 200 (13 ms)
[09/Sep/2022:09:12:03 +0800] 0:0:0:0:0:0:0:1 "GET /project/fetch HTTP/1.1" 200 (45 ms)
[09/Sep/2022:09:12:03 +0800] 0:0:0:0:0:0:0:1 "GET /project/fetch HTTP/1.1" 200 (26 ms)
[09/Sep/2022:09:12:03 +0800] 0:0:0:0:0:0:0:1 "GET /project/fetch HTTP/1.1" 200 (20 ms)
[09/Sep/2022:09:12:03 +0800] 0:0:0:0:0:0:0:1 "GET /projectindex/tree?projectId=2 HTTP/1.1" 200 (16 ms)
[09/Sep/2022:09:13:58 +0800] 0:0:0:0:0:0:0:1 "GET /project/fetch HTTP/1.1" 200 (27 ms)
[09/Sep/2022:09:13:58 +0800] 0:0:0:0:0:0:0:1 "GET /projectindex/tree?projectId=2 HTTP/1.1" 200 (12 ms)
[09/Sep/2022:09:15:36 +0800] 0:0:0:0:0:0:0:1 "GET /project/fetch HTTP/1.1" 200 (32 ms)
[09/Sep/2022:09:15:36 +0800] 0:0:0:0:0:0:0:1 "GET /projectindex/tree?projectId=2 HTTP/1.1" 200 (19 ms)
[09/Sep/2022:09:15:42 +0800] 0:0:0:0:0:0:0:1 "GET /project/fetch HTTP/1.1" 200 (20 ms)
[09/Sep/2022:09:15:42 +0800] 0:0:0:0:0:0:0:1 "GET /projectindex/tree?projectId=2 HTTP/1.1" 200 (17 ms)
[09/Sep/2022:09:16:08 +0800] 0:0:0:0:0:0:0:1 "GET /project/fetch HTTP/1.1" 200 (32 ms)
[09/Sep/2022:09:16:09 +0800] 0:0:0:0:0:0:0:1 "GET /projectindex/tree?projectId=2 HTTP/1.1" 200 (26 ms)
[09/Sep/2022:09:17:12 +0800] 0:0:0:0:0:0:0:1 "GET /project/fetch HTTP/1.1" 200 (43 ms)
[09/Sep/2022:09:17:12 +0800] 0:0:0:0:0:0:0:1 "GET /projectindex/tree?projectId=2 HTTP/1.1" 200 (23 ms)
[09/Sep/2022:09:17:52 +0800] 0:0:0:0:0:0:0:1 "GET /project/fetch HTTP/1.1" 200 (20 ms)
[09/Sep/2022:09:17:52 +0800] 0:0:0:0:0:0:0:1 "GET /projectindex/tree?projectId=2 HTTP/1.1" 200 (12 ms)
[09/Sep/2022:09:18:01 +0800] 0:0:0:0:0:0:0:1 "GET /project/fetch HTTP/1.1" 200 (43 ms)
[09/Sep/2022:09:18:01 +0800] 0:0:0:0:0:0:0:1 "GET /projectindex/tree?projectId=2 HTTP/1.1" 200 (17 ms)
[09/Sep/2022:09:18:52 +0800] 0:0:0:0:0:0:0:1 "GET /project/fetch HTTP/1.1" 200 (26 ms)
[09/Sep/2022:09:18:52 +0800] 0:0:0:0:0:0:0:1 "GET /projectindex/tree?projectId=2 HTTP/1.1" 200 (18 ms)
[09/Sep/2022:09:19:07 +0800] 0:0:0:0:0:0:0:1 "GET /project/fetch HTTP/1.1" 200 (27 ms)
[09/Sep/2022:09:19:07 +0800] 0:0:0:0:0:0:0:1 "GET /projectindex/tree?projectId=2 HTTP/1.1" 200 (15 ms)
[09/Sep/2022:09:19:14 +0800] 0:0:0:0:0:0:0:1 "GET /project/fetch HTTP/1.1" 200 (70 ms)
[09/Sep/2022:09:19:14 +0800] 0:0:0:0:0:0:0:1 "GET /projectindex/tree?projectId=2 HTTP/1.1" 200 (22 ms)
[09/Sep/2022:09:20:08 +0800] 0:0:0:0:0:0:0:1 "GET /project/fetch HTTP/1.1" 200 (17 ms)
[09/Sep/2022:09:20:08 +0800] 0:0:0:0:0:0:0:1 "GET /projectindex/tree?projectId=2 HTTP/1.1" 200 (13 ms)
[09/Sep/2022:09:20:14 +0800] 0:0:0:0:0:0:0:1 "GET /project/fetch HTTP/1.1" 200 (21 ms)
[09/Sep/2022:09:20:14 +0800] 0:0:0:0:0:0:0:1 "GET /projectindex/tree?projectId=3 HTTP/1.1" 200 (20 ms)
[09/Sep/2022:09:20:27 +0800] 0:0:0:0:0:0:0:1 "GET /project/fetch HTTP/1.1" 200 (22 ms)
[09/Sep/2022:09:20:27 +0800] 0:0:0:0:0:0:0:1 "GET /projectindex/tree?projectId=2 HTTP/1.1" 200 (14 ms)
[09/Sep/2022:09:20:32 +0800] 0:0:0:0:0:0:0:1 "GET /project/fetch HTTP/1.1" 200 (27 ms)
[09/Sep/2022:09:20:32 +0800] 0:0:0:0:0:0:0:1 "GET /projectindex/tree?projectId=2 HTTP/1.1" 200 (20 ms)
[09/Sep/2022:09:21:35 +0800] 0:0:0:0:0:0:0:1 "GET /sys/user/f?page=1&id= HTTP/1.1" 404 (73 ms)
[09/Sep/2022:09:21:35 +0800] 0:0:0:0:0:0:0:1 "GET /sys/organize/f?page=1&id= HTTP/1.1" 404 (77 ms)
[09/Sep/2022:09:37:57 +0800] 0:0:0:0:0:0:0:1 "GET /project/fetch HTTP/1.1" 200 (114 ms)
[09/Sep/2022:09:37:57 +0800] 0:0:0:0:0:0:0:1 "GET /projectindex/tree?projectId=2 HTTP/1.1" 200 (20 ms)
[09/Sep/2022:09:40:42 +0800] 0:0:0:0:0:0:0:1 "GET /project/fetch HTTP/1.1" 200 (38 ms)
[09/Sep/2022:09:41:17 +0800] 0:0:0:0:0:0:0:1 "GET /project/fetch HTTP/1.1" 200 (19 ms)
[09/Sep/2022:09:41:18 +0800] 0:0:0:0:0:0:0:1 "GET /project/fetch HTTP/1.1" 200 (19 ms)
[09/Sep/2022:09:42:28 +0800] 0:0:0:0:0:0:0:1 "GET /project/fetch HTTP/1.1" 200 (40 ms)
[09/Sep/2022:09:43:56 +0800] 0:0:0:0:0:0:0:1 "GET /project/fetch HTTP/1.1" 200 (36 ms)
[09/Sep/2022:09:44:01 +0800] 0:0:0:0:0:0:0:1 "GET /project/fetch HTTP/1.1" 200 (23 ms)
[09/Sep/2022:09:53:11 +0800] 0:0:0:0:0:0:0:1 "GET /project/fetch HTTP/1.1" 200 (38 ms)
[09/Sep/2022:09:53:11 +0800] 0:0:0:0:0:0:0:1 "GET /projectindex/tree?projectId=2 HTTP/1.1" 200 (32 ms)
[09/Sep/2022:09:57:11 +0800] 0:0:0:0:0:0:0:1 "GET /project/fetch HTTP/1.1" 200 (36 ms)
[09/Sep/2022:09:57:11 +0800] 0:0:0:0:0:0:0:1 "GET /projectindex/tree?projectId=2 HTTP/1.1" 200 (19 ms)
[09/Sep/2022:09:57:28 +0800] 0:0:0:0:0:0:0:1 "GET /project/fetch HTTP/1.1" 200 (35 ms)
[09/Sep/2022:09:57:28 +0800] 0:0:0:0:0:0:0:1 "GET /projectindex/tree?projectId=2 HTTP/1.1" 200 (18 ms)
[09/Sep/2022:10:01:51 +0800] 0:0:0:0:0:0:0:1 "GET /project/fetch HTTP/1.1" 200 (45 ms)
[09/Sep/2022:10:01:51 +0800] 0:0:0:0:0:0:0:1 "GET /projectindex/tree?projectId=2 HTTP/1.1" 200 (11 ms)
[09/Sep/2022:10:03:36 +0800] 0:0:0:0:0:0:0:1 "GET /project/fetch HTTP/1.1" 200 (35 ms)
[09/Sep/2022:10:04:07 +0800] 0:0:0:0:0:0:0:1 "GET /project/fetch HTTP/1.1" 200 (20 ms)
[09/Sep/2022:10:21:25 +0800] 0:0:0:0:0:0:0:1 "GET /project/fetch HTTP/1.1" 200 (52 ms)
[09/Sep/2022:10:21:40 +0800] 0:0:0:0:0:0:0:1 "GET /project/fetch HTTP/1.1" 200 (16 ms)
[09/Sep/2022:10:23:24 +0800] 0:0:0:0:0:0:0:1 "GET /project/fetch HTTP/1.1" 200 (29 ms)
[09/Sep/2022:10:23:58 +0800] 0:0:0:0:0:0:0:1 "GET /project/fetch HTTP/1.1" 200 (20 ms)
[09/Sep/2022:10:24:44 +0800] 0:0:0:0:0:0:0:1 "GET /project/fetch HTTP/1.1" 200 (24 ms)
[09/Sep/2022:10:25:26 +0800] 0:0:0:0:0:0:0:1 "GET /project/fetch HTTP/1.1" 200 (12 ms)
[09/Sep/2022:10:26:00 +0800] 0:0:0:0:0:0:0:1 "GET /project/fetch HTTP/1.1" 200 (25 ms)
[09/Sep/2022:10:26:42 +0800] 0:0:0:0:0:0:0:1 "GET /project/fetch HTTP/1.1" 200 (26 ms)
[09/Sep/2022:10:26:57 +0800] 0:0:0:0:0:0:0:1 "GET /project/fetch HTTP/1.1" 200 (65 ms)
[09/Sep/2022:10:56:49 +0800] 0:0:0:0:0:0:0:1 "GET /project/fetch HTTP/1.1" 200 (84 ms)
[09/Sep/2022:10:58:47 +0800] 0:0:0:0:0:0:0:1 "GET /project/fetch HTTP/1.1" 200 (35 ms)
[09/Sep/2022:10:59:15 +0800] 0:0:0:0:0:0:0:1 "GET /project/fetch HTTP/1.1" 200 (35 ms)
[09/Sep/2022:11:00:25 +0800] 0:0:0:0:0:0:0:1 "GET /project/fetch HTTP/1.1" 200 (35 ms)
[09/Sep/2022:11:00:28 +0800] 0:0:0:0:0:0:0:1 "GET /project/fetch HTTP/1.1" 200 (33 ms)
[09/Sep/2022:11:00:34 +0800] 0:0:0:0:0:0:0:1 "GET /project/fetch HTTP/1.1" 200 (34 ms)
[09/Sep/2022:11:01:51 +0800] 0:0:0:0:0:0:0:1 "GET /project/fetch HTTP/1.1" 200 (37 ms)
[09/Sep/2022:11:07:06 +0800] 0:0:0:0:0:0:0:1 "GET /project/fetch HTTP/1.1" 200 (45 ms)
[09/Sep/2022:11:32:19 +0800] 0:0:0:0:0:0:0:1 "GET /project/fetch HTTP/1.1" 200 (37 ms)
[09/Sep/2022:11:32:25 +0800] 0:0:0:0:0:0:0:1 "GET /project/fetch HTTP/1.1" 200 (22 ms)
[09/Sep/2022:11:32:29 +0800] 0:0:0:0:0:0:0:1 "GET /project/fetch HTTP/1.1" 200 (30 ms)
[09/Sep/2022:11:32:29 +0800] 0:0:0:0:0:0:0:1 "GET /projectindex/tree?projectId=2 HTTP/1.1" 200 (20 ms)
[09/Sep/2022:11:38:32 +0800] 0:0:0:0:0:0:0:1 "GET /project/fetch HTTP/1.1" 200 (28 ms)
[09/Sep/2022:11:38:35 +0800] 0:0:0:0:0:0:0:1 "GET /construction/fetch HTTP/1.1" 200 (511 ms)
[09/Sep/2022:11:38:36 +0800] 0:0:0:0:0:0:0:1 "GET /project/fetch HTTP/1.1" 200 (198 ms)
[09/Sep/2022:11:38:36 +0800] 0:0:0:0:0:0:0:1 "GET /projectindex/tree?projectId=2 HTTP/1.1" 200 (12 ms)
[09/Sep/2022:11:39:07 +0800] 0:0:0:0:0:0:0:1 "GET /project/fetch HTTP/1.1" 200 (23 ms)
[09/Sep/2022:11:57:05 +0800] 0:0:0:0:0:0:0:1 "GET /project/fetch HTTP/1.1" 200 (29 ms)
[09/Sep/2022:12:01:30 +0800] 0:0:0:0:0:0:0:1 "GET /project/fetch HTTP/1.1" 200 (36 ms)
[09/Sep/2022:12:01:57 +0800] 0:0:0:0:0:0:0:1 "GET /project/fetch HTTP/1.1" 200 (19 ms)
[09/Sep/2022:12:01:57 +0800] 0:0:0:0:0:0:0:1 "GET /projectindex/tree?projectId=2 HTTP/1.1" 200 (12 ms)
[09/Sep/2022:12:03:00 +0800] 0:0:0:0:0:0:0:1 "GET /project/fetch HTTP/1.1" 200 (30 ms)
[09/Sep/2022:12:03:00 +0800] 0:0:0:0:0:0:0:1 "GET /projectindex/tree?projectId=2 HTTP/1.1" 200 (17 ms)
[09/Sep/2022:12:06:22 +0800] 0:0:0:0:0:0:0:1 "GET /project/fetch HTTP/1.1" 200 (40 ms)
[09/Sep/2022:12:06:22 +0800] 0:0:0:0:0:0:0:1 "GET /projectindex/tree?projectId=2 HTTP/1.1" 200 (14 ms)
[09/Sep/2022:12:07:58 +0800] 0:0:0:0:0:0:0:1 "GET /project/fetch HTTP/1.1" 200 (46 ms)
[09/Sep/2022:12:07:58 +0800] 0:0:0:0:0:0:0:1 "GET /projectindex/tree?projectId=2 HTTP/1.1" 200 (16 ms)
[09/Sep/2022:12:08:14 +0800] 0:0:0:0:0:0:0:1 "GET /project/fetch HTTP/1.1" 200 (20 ms)
[09/Sep/2022:12:08:14 +0800] 0:0:0:0:0:0:0:1 "GET /projectindex/tree?projectId=2 HTTP/1.1" 200 (17 ms)
[09/Sep/2022:12:08:38 +0800] 0:0:0:0:0:0:0:1 "GET /project/fetch HTTP/1.1" 200 (23 ms)
[09/Sep/2022:12:08:38 +0800] 0:0:0:0:0:0:0:1 "GET /projectindex/tree?projectId=2 HTTP/1.1" 200 (20 ms)
[09/Sep/2022:12:21:38 +0800] 0:0:0:0:0:0:0:1 "GET /project/fetch HTTP/1.1" 200 (34 ms)
[09/Sep/2022:12:21:38 +0800] 0:0:0:0:0:0:0:1 "GET /projectindex/tree?projectId=2 HTTP/1.1" 200 (14 ms)
[09/Sep/2022:12:21:52 +0800] 0:0:0:0:0:0:0:1 "GET /project/fetch HTTP/1.1" 200 (21 ms)
[09/Sep/2022:12:21:52 +0800] 0:0:0:0:0:0:0:1 "GET /projectindex/tree?projectId=2 HTTP/1.1" 200 (11 ms)
[09/Sep/2022:12:23:00 +0800] 0:0:0:0:0:0:0:1 "GET /project/fetch HTTP/1.1" 200 (27 ms)
[09/Sep/2022:12:23:00 +0800] 0:0:0:0:0:0:0:1 "GET /projectindex/tree?projectId=2 HTTP/1.1" 200 (16 ms)
[09/Sep/2022:12:24:14 +0800] 0:0:0:0:0:0:0:1 "GET /project/fetch HTTP/1.1" 200 (26 ms)
[09/Sep/2022:12:24:14 +0800] 0:0:0:0:0:0:0:1 "GET /projectindex/tree?projectId=2 HTTP/1.1" 200 (12 ms)
[09/Sep/2022:12:24:58 +0800] 0:0:0:0:0:0:0:1 "GET /project/fetch HTTP/1.1" 200 (17 ms)
[09/Sep/2022:12:24:58 +0800] 0:0:0:0:0:0:0:1 "GET /projectindex/tree?projectId=2 HTTP/1.1" 200 (13 ms)
[09/Sep/2022:12:25:17 +0800] 0:0:0:0:0:0:0:1 "GET /project/fetch HTTP/1.1" 200 (17 ms)
[09/Sep/2022:12:25:17 +0800] 0:0:0:0:0:0:0:1 "GET /projectindex/tree?projectId=2 HTTP/1.1" 200 (12 ms)
[09/Sep/2022:12:25:56 +0800] 0:0:0:0:0:0:0:1 "GET /project/fetch HTTP/1.1" 200 (24 ms)
[09/Sep/2022:12:25:56 +0800] 0:0:0:0:0:0:0:1 "GET /projectindex/tree?projectId=2 HTTP/1.1" 200 (16 ms)
[09/Sep/2022:12:26:20 +0800] 0:0:0:0:0:0:0:1 "GET /project/fetch HTTP/1.1" 200 (25 ms)
[09/Sep/2022:12:26:20 +0800] 0:0:0:0:0:0:0:1 "GET /projectindex/tree?projectId=2 HTTP/1.1" 200 (16 ms)
[09/Sep/2022:12:26:31 +0800] 0:0:0:0:0:0:0:1 "GET /project/fetch HTTP/1.1" 200 (29 ms)
[09/Sep/2022:12:26:31 +0800] 0:0:0:0:0:0:0:1 "GET /projectindex/tree?projectId=2 HTTP/1.1" 200 (14 ms)
[09/Sep/2022:12:27:11 +0800] 0:0:0:0:0:0:0:1 "GET /project/fetch HTTP/1.1" 200 (16 ms)
[09/Sep/2022:12:27:11 +0800] 0:0:0:0:0:0:0:1 "GET /projectindex/tree?projectId=2 HTTP/1.1" 200 (11 ms)
[09/Sep/2022:12:27:54 +0800] 0:0:0:0:0:0:0:1 "GET /project/fetch HTTP/1.1" 200 (22 ms)
[09/Sep/2022:12:27:54 +0800] 0:0:0:0:0:0:0:1 "GET /projectindex/tree?projectId=2 HTTP/1.1" 200 (12 ms)
[09/Sep/2022:12:29:40 +0800] 0:0:0:0:0:0:0:1 "GET /project/fetch HTTP/1.1" 200 (40 ms)
[09/Sep/2022:12:29:40 +0800] 0:0:0:0:0:0:0:1 "GET /projectindex/tree?projectId=2 HTTP/1.1" 200 (17 ms)
[09/Sep/2022:12:30:23 +0800] 0:0:0:0:0:0:0:1 "GET /project/fetch HTTP/1.1" 200 (20 ms)
[09/Sep/2022:12:30:23 +0800] 0:0:0:0:0:0:0:1 "GET /projectindex/tree?projectId=2 HTTP/1.1" 200 (11 ms)
[09/Sep/2022:12:31:15 +0800] 0:0:0:0:0:0:0:1 "GET /project/fetch HTTP/1.1" 200 (26 ms)
[09/Sep/2022:12:31:15 +0800] 0:0:0:0:0:0:0:1 "GET /projectindex/tree?projectId=2 HTTP/1.1" 200 (14 ms)
[09/Sep/2022:12:32:16 +0800] 0:0:0:0:0:0:0:1 "GET /project/fetch HTTP/1.1" 200 (34 ms)
[09/Sep/2022:12:32:16 +0800] 0:0:0:0:0:0:0:1 "GET /projectindex/tree?projectId=2 HTTP/1.1" 200 (12 ms)
[09/Sep/2022:12:34:49 +0800] 0:0:0:0:0:0:0:1 "GET /project/fetch HTTP/1.1" 200 (40 ms)
[09/Sep/2022:12:34:49 +0800] 0:0:0:0:0:0:0:1 "GET /projectindex/tree?projectId=2 HTTP/1.1" 200 (13 ms)
[09/Sep/2022:12:34:56 +0800] 0:0:0:0:0:0:0:1 "GET /project/fetch HTTP/1.1" 200 (19 ms)
[09/Sep/2022:12:34:56 +0800] 0:0:0:0:0:0:0:1 "GET /projectindex/tree?projectId=2 HTTP/1.1" 200 (17 ms)
[09/Sep/2022:12:35:03 +0800] 0:0:0:0:0:0:0:1 "GET /projectindex/tree?projectId=2 HTTP/1.1" 200 (12 ms)
[09/Sep/2022:12:35:05 +0800] 0:0:0:0:0:0:0:1 "GET /projectindex/tree?projectId=2 HTTP/1.1" 200 (12 ms)
[09/Sep/2022:12:35:06 +0800] 0:0:0:0:0:0:0:1 "GET /projectindex/tree?projectId=2 HTTP/1.1" 200 (11 ms)
[09/Sep/2022:12:35:10 +0800] 0:0:0:0:0:0:0:1 "GET /projectindex/tree?projectId=2 HTTP/1.1" 200 (11 ms)
[09/Sep/2022:12:35:13 +0800] 0:0:0:0:0:0:0:1 "GET /projectindex/tree?projectId=2 HTTP/1.1" 200 (18 ms)
[09/Sep/2022:12:35:14 +0800] 0:0:0:0:0:0:0:1 "GET /projectindex/tree?projectId=2 HTTP/1.1" 200 (17 ms)
[09/Sep/2022:12:35:15 +0800] 0:0:0:0:0:0:0:1 "GET /projectindex/tree?projectId=2 HTTP/1.1" 200 (12 ms)
[09/Sep/2022:12:35:16 +0800] 0:0:0:0:0:0:0:1 "GET /projectindex/tree?projectId=2 HTTP/1.1" 200 (12 ms)
[09/Sep/2022:12:36:05 +0800] 0:0:0:0:0:0:0:1 "GET /project/fetch HTTP/1.1" 200 (25 ms)
[09/Sep/2022:12:36:05 +0800] 0:0:0:0:0:0:0:1 "GET /projectindex/tree?projectId=2 HTTP/1.1" 200 (17 ms)
[09/Sep/2022:12:36:07 +0800] 0:0:0:0:0:0:0:1 "GET /projectindex/tree?projectId=2 HTTP/1.1" 200 (16 ms)
[09/Sep/2022:12:36:15 +0800] 0:0:0:0:0:0:0:1 "GET /project/fetch HTTP/1.1" 200 (17 ms)
[09/Sep/2022:12:36:15 +0800] 0:0:0:0:0:0:0:1 "GET /projectindex/tree?projectId=2 HTTP/1.1" 200 (23 ms)
[09/Sep/2022:12:36:17 +0800] 0:0:0:0:0:0:0:1 "GET /projectindex/tree?projectId=2 HTTP/1.1" 200 (12 ms)
[09/Sep/2022:12:36:18 +0800] 0:0:0:0:0:0:0:1 "GET /projectindex/tree?projectId=2 HTTP/1.1" 200 (13 ms)
[09/Sep/2022:12:36:19 +0800] 0:0:0:0:0:0:0:1 "GET /projectindex/tree?projectId=2 HTTP/1.1" 200 (13 ms)
[09/Sep/2022:12:36:19 +0800] 0:0:0:0:0:0:0:1 "GET /projectindex/tree?projectId=2 HTTP/1.1" 200 (13 ms)
[09/Sep/2022:12:36:20 +0800] 0:0:0:0:0:0:0:1 "GET /projectindex/tree?projectId=2 HTTP/1.1" 200 (13 ms)
[09/Sep/2022:12:36:20 +0800] 0:0:0:0:0:0:0:1 "GET /projectindex/tree?projectId=2 HTTP/1.1" 200 (12 ms)
[09/Sep/2022:12:36:54 +0800] 0:0:0:0:0:0:0:1 "GET /project/fetch HTTP/1.1" 200 (26 ms)
[09/Sep/2022:12:36:55 +0800] 0:0:0:0:0:0:0:1 "GET /projectindex/tree?projectId=2 HTTP/1.1" 200 (17 ms)
[09/Sep/2022:12:36:58 +0800] 0:0:0:0:0:0:0:1 "GET /project/fetch HTTP/1.1" 200 (22 ms)
[09/Sep/2022:12:36:58 +0800] 0:0:0:0:0:0:0:1 "GET /projectindex/tree?projectId=2 HTTP/1.1" 200 (17 ms)
[09/Sep/2022:12:36:59 +0800] 0:0:0:0:0:0:0:1 "GET /projectindex/tree?projectId=2 HTTP/1.1" 200 (11 ms)
[09/Sep/2022:12:37:00 +0800] 0:0:0:0:0:0:0:1 "GET /projectindex/tree?projectId=2 HTTP/1.1" 200 (12 ms)
[09/Sep/2022:12:37:05 +0800] 0:0:0:0:0:0:0:1 "GET /projectindex/tree?projectId=2 HTTP/1.1" 200 (21 ms)
[09/Sep/2022:12:37:07 +0800] 0:0:0:0:0:0:0:1 "GET /projectindex/tree?projectId=2 HTTP/1.1" 200 (10 ms)
[09/Sep/2022:12:37:10 +0800] 0:0:0:0:0:0:0:1 "GET /project/fetch HTTP/1.1" 200 (22 ms)
[09/Sep/2022:12:37:10 +0800] 0:0:0:0:0:0:0:1 "GET /projectindex/tree?projectId=2 HTTP/1.1" 200 (21 ms)
[09/Sep/2022:12:37:11 +0800] 0:0:0:0:0:0:0:1 "GET /projectindex/tree?projectId=2 HTTP/1.1" 200 (13 ms)
[09/Sep/2022:12:37:21 +0800] 0:0:0:0:0:0:0:1 "GET /projectindex/tree?projectId=2 HTTP/1.1" 200 (17 ms)
[09/Sep/2022:12:37:23 +0800] 0:0:0:0:0:0:0:1 "GET /projectindex/tree?projectId=2 HTTP/1.1" 200 (16 ms)
[09/Sep/2022:12:39:36 +0800] 0:0:0:0:0:0:0:1 "GET /project/fetch HTTP/1.1" 200 (50 ms)
[09/Sep/2022:12:39:36 +0800] 0:0:0:0:0:0:0:1 "GET /projectindex/tree?projectId=2 HTTP/1.1" 200 (19 ms)
[09/Sep/2022:12:39:40 +0800] 0:0:0:0:0:0:0:1 "GET /project/fetch HTTP/1.1" 200 (25 ms)
[09/Sep/2022:12:39:40 +0800] 0:0:0:0:0:0:0:1 "GET /projectindex/tree?projectId=2 HTTP/1.1" 200 (26 ms)
[09/Sep/2022:12:39:43 +0800] 0:0:0:0:0:0:0:1 "GET /projectindex/tree?projectId=2 HTTP/1.1" 200 (14 ms)
[09/Sep/2022:12:40:46 +0800] 0:0:0:0:0:0:0:1 "GET /projectindex/tree?projectId=2 HTTP/1.1" 200 (37 ms)
[09/Sep/2022:12:41:39 +0800] 0:0:0:0:0:0:0:1 "GET /project/fetch HTTP/1.1" 200 (26 ms)
[09/Sep/2022:12:41:39 +0800] 0:0:0:0:0:0:0:1 "GET /projectindex/tree?projectId=2 HTTP/1.1" 200 (16 ms)
[09/Sep/2022:12:42:21 +0800] 0:0:0:0:0:0:0:1 "GET /project/fetch HTTP/1.1" 200 (23 ms)
[09/Sep/2022:12:42:21 +0800] 0:0:0:0:0:0:0:1 "GET /projectindex/tree?projectId=2 HTTP/1.1" 200 (21 ms)
[09/Sep/2022:12:42:22 +0800] 0:0:0:0:0:0:0:1 "GET /projectindex/tree?projectId=3 HTTP/1.1" 200 (14 ms)
[09/Sep/2022:12:42:37 +0800] 0:0:0:0:0:0:0:1 "GET /projectindex/tree?projectId=2 HTTP/1.1" 200 (13 ms)
[09/Sep/2022:12:42:40 +0800] 0:0:0:0:0:0:0:1 "GET /projectindex/tree?projectId=3 HTTP/1.1" 200 (14 ms)
[09/Sep/2022:12:44:46 +0800] 0:0:0:0:0:0:0:1 "GET /project/fetch HTTP/1.1" 200 (48 ms)
[09/Sep/2022:12:44:47 +0800] 0:0:0:0:0:0:0:1 "GET /projectindex/tree?projectId=2 HTTP/1.1" 200 (23 ms)
[09/Sep/2022:12:47:41 +0800] 0:0:0:0:0:0:0:1 "GET /project/fetch HTTP/1.1" 200 (42 ms)
[09/Sep/2022:12:47:41 +0800] 0:0:0:0:0:0:0:1 "GET /projectindex/tree?projectId=2 HTTP/1.1" 200 (19 ms)
[09/Sep/2022:12:47:42 +0800] 0:0:0:0:0:0:0:1 "GET /projectindex/tree?projectId=3 HTTP/1.1" 200 (16 ms)
[09/Sep/2022:12:48:52 +0800] 0:0:0:0:0:0:0:1 "GET /project/fetch HTTP/1.1" 200 (38 ms)
[09/Sep/2022:12:48:52 +0800] 0:0:0:0:0:0:0:1 "GET /projectindex/tree?projectId=2 HTTP/1.1" 200 (20 ms)
[09/Sep/2022:12:49:37 +0800] 0:0:0:0:0:0:0:1 "GET /project/fetch HTTP/1.1" 200 (23 ms)
[09/Sep/2022:12:49:37 +0800] 0:0:0:0:0:0:0:1 "GET /projectindex/tree?projectId=2 HTTP/1.1" 200 (20 ms)
[09/Sep/2022:12:51:06 +0800] 0:0:0:0:0:0:0:1 "GET /project/fetch HTTP/1.1" 200 (38 ms)
[09/Sep/2022:12:51:54 +0800] 0:0:0:0:0:0:0:1 "GET /project/fetch HTTP/1.1" 200 (37 ms)
[09/Sep/2022:13:15:20 +0800] 0:0:0:0:0:0:0:1 "GET /project/fetch HTTP/1.1" 200 (42 ms)
[09/Sep/2022:13:15:20 +0800] 0:0:0:0:0:0:0:1 "GET /projectindex/tree?projectId=2 HTTP/1.1" 200 (17 ms)
[09/Sep/2022:14:13:55 +0800] 0:0:0:0:0:0:0:1 "GET /project/fetch HTTP/1.1" 200 (192 ms)
[09/Sep/2022:14:13:55 +0800] 0:0:0:0:0:0:0:1 "GET /projectindex/tree?projectId=2 HTTP/1.1" 200 (20 ms)
[09/Sep/2022:14:14:58 +0800] 0:0:0:0:0:0:0:1 "GET /project/fetch HTTP/1.1" 200 (61 ms)
[09/Sep/2022:14:14:59 +0800] 0:0:0:0:0:0:0:1 "GET /projectindex/tree?projectId=2 HTTP/1.1" 200 (30 ms)
[09/Sep/2022:14:15:15 +0800] 0:0:0:0:0:0:0:1 "GET /project/fetch HTTP/1.1" 200 (25 ms)
[09/Sep/2022:14:15:15 +0800] 0:0:0:0:0:0:0:1 "GET /projectindex/tree?projectId=2 HTTP/1.1" 200 (15 ms)
[09/Sep/2022:14:15:25 +0800] 0:0:0:0:0:0:0:1 "GET /project/fetch HTTP/1.1" 200 (26 ms)
[09/Sep/2022:14:15:25 +0800] 0:0:0:0:0:0:0:1 "GET /projectindex/tree?projectId=2 HTTP/1.1" 200 (16 ms)
[09/Sep/2022:14:16:07 +0800] 0:0:0:0:0:0:0:1 "GET /project/fetch HTTP/1.1" 200 (16 ms)
[09/Sep/2022:14:16:07 +0800] 0:0:0:0:0:0:0:1 "GET /projectindex/tree?projectId=2 HTTP/1.1" 200 (13 ms)
[09/Sep/2022:14:16:57 +0800] 0:0:0:0:0:0:0:1 "GET /project/fetch HTTP/1.1" 200 (24 ms)
[09/Sep/2022:14:16:57 +0800] 0:0:0:0:0:0:0:1 "GET /projectindex/tree?projectId=2 HTTP/1.1" 200 (14 ms)
[09/Sep/2022:14:17:50 +0800] 0:0:0:0:0:0:0:1 "GET /project/fetch HTTP/1.1" 200 (19 ms)
[09/Sep/2022:14:17:50 +0800] 0:0:0:0:0:0:0:1 "GET /projectindex/tree?projectId=2 HTTP/1.1" 200 (11 ms)
[09/Sep/2022:14:18:21 +0800] 0:0:0:0:0:0:0:1 "GET /project/fetch HTTP/1.1" 200 (27 ms)
[09/Sep/2022:14:18:21 +0800] 0:0:0:0:0:0:0:1 "GET /projectindex/tree?projectId=2 HTTP/1.1" 200 (20 ms)
[09/Sep/2022:14:51:49 +0800] 0:0:0:0:0:0:0:1 "GET /project/fetch HTTP/1.1" 200 (144 ms)
[09/Sep/2022:14:51:49 +0800] 0:0:0:0:0:0:0:1 "GET /project/fetch HTTP/1.1" 200 (30 ms)
[09/Sep/2022:14:51:49 +0800] 0:0:0:0:0:0:0:1 "GET /project/fetch HTTP/1.1" 200 (26 ms)
[09/Sep/2022:14:51:49 +0800] 0:0:0:0:0:0:0:1 "GET /project/fetch HTTP/1.1" 200 (31 ms)
[09/Sep/2022:14:51:50 +0800] 0:0:0:0:0:0:0:1 "GET /projectindex/tree?projectId=2 HTTP/1.1" 200 (18 ms)
[09/Sep/2022:14:51:50 +0800] 0:0:0:0:0:0:0:1 "GET /project/fetch HTTP/1.1" 200 (31 ms)
[09/Sep/2022:14:51:50 +0800] 0:0:0:0:0:0:0:1 "GET /projectindex/tree?projectId=2 HTTP/1.1" 200 (20 ms)
[09/Sep/2022:14:52:48 +0800] 0:0:0:0:0:0:0:1 "GET /project/fetch HTTP/1.1" 200 (20 ms)
[09/Sep/2022:14:52:48 +0800] 0:0:0:0:0:0:0:1 "GET /projectindex/tree?projectId=2 HTTP/1.1" 200 (26 ms)
[09/Sep/2022:14:55:57 +0800] 0:0:0:0:0:0:0:1 "GET /project/fetch HTTP/1.1" 200 (40 ms)
[09/Sep/2022:14:55:57 +0800] 0:0:0:0:0:0:0:1 "GET /projectindex/tree?projectId=2 HTTP/1.1" 200 (14 ms)
[09/Sep/2022:14:56:18 +0800] 0:0:0:0:0:0:0:1 "GET /project/fetch HTTP/1.1" 200 (25 ms)
[09/Sep/2022:14:56:18 +0800] 0:0:0:0:0:0:0:1 "GET /projectindex/tree?projectId=2 HTTP/1.1" 200 (18 ms)
[09/Sep/2022:14:56:27 +0800] 0:0:0:0:0:0:0:1 "GET /project/fetch HTTP/1.1" 200 (20 ms)
[09/Sep/2022:14:56:27 +0800] 0:0:0:0:0:0:0:1 "GET /projectindex/tree?projectId=2 HTTP/1.1" 200 (18 ms)
[09/Sep/2022:14:56:29 +0800] 0:0:0:0:0:0:0:1 "GET /projectindex/tree?projectId=3 HTTP/1.1" 200 (12 ms)
[09/Sep/2022:14:56:30 +0800] 0:0:0:0:0:0:0:1 "GET /projectindex/tree?projectId=4 HTTP/1.1" 200 (9 ms)
[09/Sep/2022:14:56:31 +0800] 0:0:0:0:0:0:0:1 "GET /projectindex/tree?projectId=3 HTTP/1.1" 200 (11 ms)
[09/Sep/2022:14:56:31 +0800] 0:0:0:0:0:0:0:1 "GET /projectindex/tree?projectId=2 HTTP/1.1" 200 (12 ms)
[09/Sep/2022:14:56:32 +0800] 0:0:0:0:0:0:0:1 "GET /projectindex/tree?projectId=3 HTTP/1.1" 200 (12 ms)
[09/Sep/2022:14:56:33 +0800] 0:0:0:0:0:0:0:1 "GET /projectindex/tree?projectId=4 HTTP/1.1" 200 (9 ms)
[09/Sep/2022:14:58:55 +0800] 0:0:0:0:0:0:0:1 "GET /project/fetch HTTP/1.1" 200 (27 ms)
[09/Sep/2022:14:58:55 +0800] 0:0:0:0:0:0:0:1 "GET /projectindex/tree?projectId=2 HTTP/1.1" 200 (24 ms)
[09/Sep/2022:14:59:30 +0800] 0:0:0:0:0:0:0:1 "GET /project/fetch HTTP/1.1" 200 (18 ms)
[09/Sep/2022:14:59:30 +0800] 0:0:0:0:0:0:0:1 "GET /projectindex/tree?projectId=2 HTTP/1.1" 200 (16 ms)
[09/Sep/2022:14:59:36 +0800] 0:0:0:0:0:0:0:1 "GET /project/fetch HTTP/1.1" 200 (25 ms)
[09/Sep/2022:14:59:36 +0800] 0:0:0:0:0:0:0:1 "GET /projectindex/tree?projectId=2 HTTP/1.1" 200 (17 ms)
[09/Sep/2022:15:00:03 +0800] 0:0:0:0:0:0:0:1 "GET /projectindex/tree?projectId=3 HTTP/1.1" 200 (15 ms)
[09/Sep/2022:15:00:04 +0800] 0:0:0:0:0:0:0:1 "GET /projectindex/tree?projectId=2 HTTP/1.1" 200 (12 ms)
[09/Sep/2022:15:00:23 +0800] 0:0:0:0:0:0:0:1 "GET /project/fetch HTTP/1.1" 200 (22 ms)
[09/Sep/2022:15:00:23 +0800] 0:0:0:0:0:0:0:1 "GET /projectindex/tree?projectId=2 HTTP/1.1" 200 (22 ms)
[09/Sep/2022:15:11:03 +0800] 0:0:0:0:0:0:0:1 "GET /projectindex/tree?projectId=3 HTTP/1.1" 200 (32 ms)
[09/Sep/2022:15:11:07 +0800] 0:0:0:0:0:0:0:1 "GET /project/fetch HTTP/1.1" 200 (16 ms)
[09/Sep/2022:15:11:07 +0800] 0:0:0:0:0:0:0:1 "GET /projectindex/tree?projectId=2 HTTP/1.1" 200 (12 ms)
[09/Sep/2022:15:11:19 +0800] 0:0:0:0:0:0:0:1 "OPTIONS /projectindex/push HTTP/1.1" 200 (10 ms)
[09/Sep/2022:15:11:20 +0800] 0:0:0:0:0:0:0:1 "POST /projectindex/push HTTP/1.1" 200 (615 ms)
[09/Sep/2022:15:11:20 +0800] 0:0:0:0:0:0:0:1 "GET /projectindex/tree?projectId=2 HTTP/1.1" 200 (23 ms)
[09/Sep/2022:15:11:25 +0800] 0:0:0:0:0:0:0:1 "GET /project/fetch HTTP/1.1" 200 (18 ms)
[09/Sep/2022:15:11:25 +0800] 0:0:0:0:0:0:0:1 "GET /projectindex/tree?projectId=2 HTTP/1.1" 200 (41 ms)
[09/Sep/2022:15:13:48 +0800] 0:0:0:0:0:0:0:1 "POST /projectindex/push HTTP/1.1" 200 (414 ms)
[09/Sep/2022:15:13:48 +0800] 0:0:0:0:0:0:0:1 "GET /projectindex/tree?projectId=2 HTTP/1.1" 200 (19 ms)
[09/Sep/2022:15:17:29 +0800] 0:0:0:0:0:0:0:1 "GET /projectindex/tree?projectId=3 HTTP/1.1" 200 (32 ms)
[09/Sep/2022:15:17:30 +0800] 0:0:0:0:0:0:0:1 "GET /projectindex/tree?projectId=4 HTTP/1.1" 200 (10 ms)
[09/Sep/2022:15:17:31 +0800] 0:0:0:0:0:0:0:1 "GET /projectindex/tree?projectId=5 HTTP/1.1" 200 (14 ms)
[09/Sep/2022:15:19:02 +0800] 0:0:0:0:0:0:0:1 "GET /project/fetch HTTP/1.1" 200 (31 ms)
[09/Sep/2022:15:19:02 +0800] 0:0:0:0:0:0:0:1 "GET /projectindex/tree?projectId=2 HTTP/1.1" 200 (13 ms)
[09/Sep/2022:16:00:16 +0800] 0:0:0:0:0:0:0:1 "GET /project/fetch HTTP/1.1" 200 (122 ms)
[09/Sep/2022:16:00:16 +0800] 0:0:0:0:0:0:0:1 "GET /projectindex/tree?projectId=2 HTTP/1.1" 200 (15 ms)
[09/Sep/2022:16:00:50 +0800] 0:0:0:0:0:0:0:1 "GET /project/fetch HTTP/1.1" 200 (21 ms)
[09/Sep/2022:16:00:50 +0800] 0:0:0:0:0:0:0:1 "GET /projectindex/tree?projectId=2 HTTP/1.1" 200 (13 ms)
[09/Sep/2022:16:01:21 +0800] 0:0:0:0:0:0:0:1 "GET /project/fetch HTTP/1.1" 200 (19 ms)
[09/Sep/2022:16:01:21 +0800] 0:0:0:0:0:0:0:1 "GET /projectindex/tree?projectId=2 HTTP/1.1" 200 (12 ms)
[09/Sep/2022:16:02:45 +0800] 0:0:0:0:0:0:0:1 "GET /project/fetch HTTP/1.1" 200 (33 ms)
[09/Sep/2022:16:02:45 +0800] 0:0:0:0:0:0:0:1 "GET /projectindex/tree?projectId=2 HTTP/1.1" 200 (14 ms)
[09/Sep/2022:16:02:47 +0800] 0:0:0:0:0:0:0:1 "GET /project/fetch HTTP/1.1" 200 (16 ms)
[09/Sep/2022:16:02:47 +0800] 0:0:0:0:0:0:0:1 "GET /projectindex/tree?projectId=2 HTTP/1.1" 200 (10 ms)
[09/Sep/2022:16:03:01 +0800] 0:0:0:0:0:0:0:1 "GET /project/fetch HTTP/1.1" 200 (25 ms)
[09/Sep/2022:16:03:01 +0800] 0:0:0:0:0:0:0:1 "GET /projectindex/tree?projectId=2 HTTP/1.1" 200 (23 ms)
[09/Sep/2022:16:04:02 +0800] 0:0:0:0:0:0:0:1 "GET /project/fetch HTTP/1.1" 200 (30 ms)
[09/Sep/2022:16:04:02 +0800] 0:0:0:0:0:0:0:1 "GET /projectindex/tree?projectId=2 HTTP/1.1" 200 (11 ms)
[09/Sep/2022:16:05:10 +0800] 0:0:0:0:0:0:0:1 "GET /project/fetch HTTP/1.1" 200 (30 ms)
[09/Sep/2022:16:05:10 +0800] 0:0:0:0:0:0:0:1 "GET /projectindex/tree?projectId=2 HTTP/1.1" 200 (22 ms)
[09/Sep/2022:16:05:33 +0800] 0:0:0:0:0:0:0:1 "GET /project/fetch HTTP/1.1" 200 (18 ms)
[09/Sep/2022:16:05:33 +0800] 0:0:0:0:0:0:0:1 "GET /projectindex/tree?projectId=2 HTTP/1.1" 200 (11 ms)
[09/Sep/2022:16:05:39 +0800] 0:0:0:0:0:0:0:1 "GET /project/fetch HTTP/1.1" 200 (19 ms)
[09/Sep/2022:16:05:39 +0800] 0:0:0:0:0:0:0:1 "GET /projectindex/tree?projectId=2 HTTP/1.1" 200 (14 ms)
[09/Sep/2022:16:07:32 +0800] 0:0:0:0:0:0:0:1 "GET /project/fetch HTTP/1.1" 200 (51 ms)
[09/Sep/2022:16:07:32 +0800] 0:0:0:0:0:0:0:1 "GET /projectindex/tree?projectId=2 HTTP/1.1" 200 (27 ms)
[09/Sep/2022:16:07:40 +0800] 0:0:0:0:0:0:0:1 "GET /project/fetch HTTP/1.1" 200 (23 ms)
[09/Sep/2022:16:07:40 +0800] 0:0:0:0:0:0:0:1 "GET /projectindex/tree?projectId=2 HTTP/1.1" 200 (18 ms)
[09/Sep/2022:16:09:27 +0800] 0:0:0:0:0:0:0:1 "GET /project/fetch HTTP/1.1" 200 (30 ms)
[09/Sep/2022:16:09:27 +0800] 0:0:0:0:0:0:0:1 "GET /projectindex/tree?projectId=2 HTTP/1.1" 200 (17 ms)
[09/Sep/2022:16:09:33 +0800] 0:0:0:0:0:0:0:1 "GET /project/fetch HTTP/1.1" 200 (25 ms)
[09/Sep/2022:16:09:33 +0800] 0:0:0:0:0:0:0:1 "GET /projectindex/tree?projectId=2 HTTP/1.1" 200 (19 ms)
[09/Sep/2022:16:09:54 +0800] 0:0:0:0:0:0:0:1 "GET /project/fetch HTTP/1.1" 200 (28 ms)
[09/Sep/2022:16:09:54 +0800] 0:0:0:0:0:0:0:1 "GET /projectindex/tree?projectId=2 HTTP/1.1" 200 (17 ms)
[09/Sep/2022:16:12:15 +0800] 0:0:0:0:0:0:0:1 "GET /project/fetch HTTP/1.1" 200 (32 ms)
[09/Sep/2022:16:12:16 +0800] 0:0:0:0:0:0:0:1 "GET /projectindex/tree?projectId=2 HTTP/1.1" 200 (15 ms)
[09/Sep/2022:16:12:20 +0800] 0:0:0:0:0:0:0:1 "GET /project/fetch HTTP/1.1" 200 (40 ms)
[09/Sep/2022:16:12:21 +0800] 0:0:0:0:0:0:0:1 "GET /projectindex/tree?projectId=2 HTTP/1.1" 200 (16 ms)
[09/Sep/2022:16:12:34 +0800] 0:0:0:0:0:0:0:1 "OPTIONS /projectindex/push HTTP/1.1" 200 (2 ms)
[09/Sep/2022:16:12:34 +0800] 0:0:0:0:0:0:0:1 "POST /projectindex/push HTTP/1.1" 200 (427 ms)
[09/Sep/2022:16:12:34 +0800] 0:0:0:0:0:0:0:1 "GET /projectindex/tree?projectId=2 HTTP/1.1" 200 (11 ms)
[09/Sep/2022:16:15:45 +0800] 0:0:0:0:0:0:0:1 "GET /projectindex/tree?projectId=3 HTTP/1.1" 200 (18 ms)
[09/Sep/2022:16:15:46 +0800] 0:0:0:0:0:0:0:1 "GET /projectindex/tree?projectId=4 HTTP/1.1" 200 (8 ms)
[09/Sep/2022:16:15:47 +0800] 0:0:0:0:0:0:0:1 "GET /projectindex/tree?projectId=3 HTTP/1.1" 200 (9 ms)
[09/Sep/2022:16:15:47 +0800] 0:0:0:0:0:0:0:1 "GET /projectindex/tree?projectId=2 HTTP/1.1" 200 (10 ms)
[09/Sep/2022:16:16:47 +0800] 0:0:0:0:0:0:0:1 "POST /projectindex/push HTTP/1.1" 500 (284 ms)
[09/Sep/2022:16:26:22 +0800] 0:0:0:0:0:0:0:1 "GET /project/fetch HTTP/1.1" 200 (39 ms)
[09/Sep/2022:16:26:22 +0800] 0:0:0:0:0:0:0:1 "GET /projectindex/tree?projectId=2 HTTP/1.1" 200 (16 ms)
[09/Sep/2022:16:26:23 +0800] 0:0:0:0:0:0:0:1 "GET /project/fetch HTTP/1.1" 200 (16 ms)
[09/Sep/2022:16:26:23 +0800] 0:0:0:0:0:0:0:1 "GET /projectindex/tree?projectId=2 HTTP/1.1" 200 (11 ms)
[09/Sep/2022:16:34:04 +0800] 0:0:0:0:0:0:0:1 "GET /project/fetch HTTP/1.1" 200 (24 ms)
[09/Sep/2022:16:34:04 +0800] 0:0:0:0:0:0:0:1 "GET /projectindex/tree?projectId=2 HTTP/1.1" 200 (15 ms)
[09/Sep/2022:16:34:49 +0800] 0:0:0:0:0:0:0:1 "GET /project/fetch HTTP/1.1" 200 (17 ms)
[09/Sep/2022:16:34:49 +0800] 0:0:0:0:0:0:0:1 "GET /projectindex/tree?projectId=2 HTTP/1.1" 200 (14 ms)
[09/Sep/2022:16:35:07 +0800] 0:0:0:0:0:0:0:1 "GET /project/fetch HTTP/1.1" 200 (20 ms)
[09/Sep/2022:16:35:07 +0800] 0:0:0:0:0:0:0:1 "GET /projectindex/tree?projectId=2 HTTP/1.1" 200 (15 ms)
[09/Sep/2022:16:35:25 +0800] 0:0:0:0:0:0:0:1 "POST /projectindex/push HTTP/1.1" 200 (301 ms)
[09/Sep/2022:16:35:25 +0800] 0:0:0:0:0:0:0:1 "GET /projectindex/tree?projectId=2 HTTP/1.1" 200 (16 ms)
[09/Sep/2022:17:04:51 +0800] 0:0:0:0:0:0:0:1 "GET /projectindex/tree?projectId=3 HTTP/1.1" 200 (51 ms)
[09/Sep/2022:17:04:52 +0800] 0:0:0:0:0:0:0:1 "GET /projectindex/tree?projectId=4 HTTP/1.1" 200 (10 ms)
[09/Sep/2022:17:05:12 +0800] 0:0:0:0:0:0:0:1 "GET /projectindex/tree?projectId=3 HTTP/1.1" 200 (11 ms)
[09/Sep/2022:17:06:51 +0800] 0:0:0:0:0:0:0:1 "OPTIONS /projectindex/push HTTP/1.1" 200 (0 ms)
[09/Sep/2022:17:06:51 +0800] 0:0:0:0:0:0:0:1 "POST /projectindex/push HTTP/1.1" 200 (312 ms)
[09/Sep/2022:17:06:51 +0800] 0:0:0:0:0:0:0:1 "GET /projectindex/tree?projectId=3 HTTP/1.1" 200 (16 ms)
[09/Sep/2022:17:06:59 +0800] 0:0:0:0:0:0:0:1 "POST /projectindex/push HTTP/1.1" 200 (9 ms)
[09/Sep/2022:17:06:59 +0800] 0:0:0:0:0:0:0:1 "GET /projectindex/tree?projectId=3 HTTP/1.1" 200 (17 ms)
[09/Sep/2022:17:13:31 +0800] 0:0:0:0:0:0:0:1 "GET /project/fetch HTTP/1.1" 200 (44 ms)
[09/Sep/2022:17:13:31 +0800] 0:0:0:0:0:0:0:1 "GET /projectindex/tree?projectId=2 HTTP/1.1" 200 (18 ms)
[09/Sep/2022:17:16:23 +0800] 0:0:0:0:0:0:0:1 "GET /project/fetch HTTP/1.1" 200 (38 ms)
[09/Sep/2022:17:16:23 +0800] 0:0:0:0:0:0:0:1 "GET /projectindex/tree?projectId=2 HTTP/1.1" 200 (11 ms)
[09/Sep/2022:17:20:48 +0800] 0:0:0:0:0:0:0:1 "GET /project/fetch HTTP/1.1" 200 (44 ms)
[09/Sep/2022:17:20:48 +0800] 0:0:0:0:0:0:0:1 "GET /projectindex/tree?projectId=2 HTTP/1.1" 200 (19 ms)
[09/Sep/2022:17:21:02 +0800] 0:0:0:0:0:0:0:1 "GET /project/fetch HTTP/1.1" 200 (19 ms)
[09/Sep/2022:17:21:02 +0800] 0:0:0:0:0:0:0:1 "GET /projectindex/tree?projectId=2 HTTP/1.1" 200 (17 ms)
[09/Sep/2022:17:24:21 +0800] 0:0:0:0:0:0:0:1 "GET /project/fetch HTTP/1.1" 200 (36 ms)
[09/Sep/2022:17:24:21 +0800] 0:0:0:0:0:0:0:1 "GET /projectindex/tree?projectId=2 HTTP/1.1" 200 (13 ms)
[09/Sep/2022:17:32:08 +0800] 0:0:0:0:0:0:0:1 "GET /project/fetch HTTP/1.1" 200 (43 ms)
[09/Sep/2022:17:32:08 +0800] 0:0:0:0:0:0:0:1 "GET /projectindex/tree?projectId=2 HTTP/1.1" 200 (22 ms)
[09/Sep/2022:17:51:22 +0800] 0:0:0:0:0:0:0:1 "GET /project/fetch HTTP/1.1" 200 (141 ms)
[09/Sep/2022:17:51:22 +0800] 0:0:0:0:0:0:0:1 "GET /project/fetch HTTP/1.1" 200 (25 ms)
[09/Sep/2022:17:51:22 +0800] 0:0:0:0:0:0:0:1 "GET /project/fetch HTTP/1.1" 200 (27 ms)
[09/Sep/2022:17:51:22 +0800] 0:0:0:0:0:0:0:1 "GET /project/fetch HTTP/1.1" 200 (31 ms)
[09/Sep/2022:17:51:22 +0800] 0:0:0:0:0:0:0:1 "GET /project/fetch HTTP/1.1" 200 (24 ms)
[09/Sep/2022:17:51:22 +0800] 0:0:0:0:0:0:0:1 "GET /projectindex/tree?projectId=2 HTTP/1.1" 200 (17 ms)
[09/Sep/2022:17:52:23 +0800] 0:0:0:0:0:0:0:1 "GET /project/fetch HTTP/1.1" 200 (37 ms)
[09/Sep/2022:17:52:23 +0800] 0:0:0:0:0:0:0:1 "GET /projectindex/tree?projectId=2 HTTP/1.1" 200 (18 ms)
[09/Sep/2022:17:54:34 +0800] 0:0:0:0:0:0:0:1 "GET /project/fetch HTTP/1.1" 200 (28 ms)
[09/Sep/2022:17:54:34 +0800] 0:0:0:0:0:0:0:1 "GET /projectindex/tree?projectId=2 HTTP/1.1" 200 (15 ms)
[09/Sep/2022:17:58:24 +0800] 0:0:0:0:0:0:0:1 "GET /project/fetch HTTP/1.1" 200 (33 ms)
[09/Sep/2022:17:58:24 +0800] 0:0:0:0:0:0:0:1 "GET /projectindex/tree?projectId=2 HTTP/1.1" 200 (11 ms)
[09/Sep/2022:17:58:54 +0800] 0:0:0:0:0:0:0:1 "GET /project/fetch HTTP/1.1" 200 (32 ms)
[09/Sep/2022:17:58:54 +0800] 0:0:0:0:0:0:0:1 "GET /projectindex/tree?projectId=2 HTTP/1.1" 200 (18 ms)
[09/Sep/2022:18:03:54 +0800] 0:0:0:0:0:0:0:1 "GET /project/fetch HTTP/1.1" 200 (38 ms)
[09/Sep/2022:18:03:54 +0800] 0:0:0:0:0:0:0:1 "GET /projectindex/tree?projectId=2 HTTP/1.1" 200 (15 ms)
[09/Sep/2022:18:04:28 +0800] 0:0:0:0:0:0:0:1 "GET /project/fetch HTTP/1.1" 200 (18 ms)
[09/Sep/2022:18:04:28 +0800] 0:0:0:0:0:0:0:1 "GET /projectindex/tree?projectId=2 HTTP/1.1" 200 (12 ms)
[09/Sep/2022:18:04:41 +0800] 0:0:0:0:0:0:0:1 "GET /project/fetch HTTP/1.1" 200 (21 ms)
[09/Sep/2022:18:04:41 +0800] 0:0:0:0:0:0:0:1 "GET /projectindex/tree?projectId=2 HTTP/1.1" 200 (12 ms)
[09/Sep/2022:18:05:11 +0800] 0:0:0:0:0:0:0:1 "GET /project/fetch HTTP/1.1" 200 (16 ms)
[09/Sep/2022:18:05:11 +0800] 0:0:0:0:0:0:0:1 "GET /projectindex/tree?projectId=2 HTTP/1.1" 200 (11 ms)
[09/Sep/2022:18:07:18 +0800] 0:0:0:0:0:0:0:1 "GET /project/fetch HTTP/1.1" 200 (33 ms)
[09/Sep/2022:18:07:18 +0800] 0:0:0:0:0:0:0:1 "GET /project/fetch HTTP/1.1" 200 (18 ms)
[09/Sep/2022:18:07:18 +0800] 0:0:0:0:0:0:0:1 "GET /projectindex/tree?projectId=2 HTTP/1.1" 200 (12 ms)
[09/Sep/2022:18:07:39 +0800] 0:0:0:0:0:0:0:1 "GET /project/fetch HTTP/1.1" 200 (21 ms)
[09/Sep/2022:18:07:39 +0800] 0:0:0:0:0:0:0:1 "GET /projectindex/tree?projectId=2 HTTP/1.1" 200 (15 ms)
[09/Sep/2022:18:08:39 +0800] 0:0:0:0:0:0:0:1 "GET /project/fetch HTTP/1.1" 200 (32 ms)
[09/Sep/2022:18:08:39 +0800] 0:0:0:0:0:0:0:1 "GET /projectindex/tree?projectId=2 HTTP/1.1" 200 (17 ms)
[09/Sep/2022:18:09:00 +0800] 0:0:0:0:0:0:0:1 "GET /project/fetch HTTP/1.1" 200 (29 ms)
[09/Sep/2022:18:09:00 +0800] 0:0:0:0:0:0:0:1 "GET /projectindex/tree?projectId=2 HTTP/1.1" 200 (17 ms)
[09/Sep/2022:18:10:48 +0800] 0:0:0:0:0:0:0:1 "GET /project/fetch HTTP/1.1" 200 (31 ms)
[09/Sep/2022:18:10:48 +0800] 0:0:0:0:0:0:0:1 "GET /projectindex/tree?projectId=2 HTTP/1.1" 200 (10 ms)
[09/Sep/2022:18:11:21 +0800] 0:0:0:0:0:0:0:1 "GET /project/fetch HTTP/1.1" 200 (25 ms)
[09/Sep/2022:18:11:21 +0800] 0:0:0:0:0:0:0:1 "GET /projectindex/tree?projectId=2 HTTP/1.1" 200 (17 ms)
[09/Sep/2022:18:11:31 +0800] 0:0:0:0:0:0:0:1 "GET /project/fetch HTTP/1.1" 200 (24 ms)
[09/Sep/2022:18:11:31 +0800] 0:0:0:0:0:0:0:1 "GET /projectindex/tree?projectId=2 HTTP/1.1" 200 (20 ms)
[09/Sep/2022:19:27:48 +0800] 0:0:0:0:0:0:0:1 "GET /project/fetch HTTP/1.1" 200 (134 ms)
[09/Sep/2022:19:28:06 +0800] 0:0:0:0:0:0:0:1 "GET /project/fetch HTTP/1.1" 200 (18 ms)
[09/Sep/2022:19:28:06 +0800] 0:0:0:0:0:0:0:1 "GET /projectindex/tree?projectId=2 HTTP/1.1" 200 (14 ms)
[09/Sep/2022:19:28:14 +0800] 0:0:0:0:0:0:0:1 "GET /project/fetch HTTP/1.1" 200 (20 ms)
[09/Sep/2022:19:28:14 +0800] 0:0:0:0:0:0:0:1 "GET /projectindex/tree?projectId=2 HTTP/1.1" 200 (12 ms)
[09/Sep/2022:19:29:40 +0800] 0:0:0:0:0:0:0:1 "GET /project/fetch HTTP/1.1" 200 (34 ms)
[09/Sep/2022:19:31:01 +0800] 0:0:0:0:0:0:0:1 "GET /project/fetch HTTP/1.1" 200 (27 ms)
[09/Sep/2022:19:31:01 +0800] 0:0:0:0:0:0:0:1 "GET /projectindex/tree?projectId=2 HTTP/1.1" 200 (9 ms)
[09/Sep/2022:19:40:05 +0800] 0:0:0:0:0:0:0:1 "GET /project/fetch HTTP/1.1" 200 (28 ms)
[09/Sep/2022:19:40:06 +0800] 0:0:0:0:0:0:0:1 "GET /project/fetch HTTP/1.1" 200 (19 ms)
[09/Sep/2022:19:40:06 +0800] 0:0:0:0:0:0:0:1 "GET /projectindex/tree?projectId=2 HTTP/1.1" 200 (13 ms)
[09/Sep/2022:19:43:20 +0800] 0:0:0:0:0:0:0:1 "GET /project/fetch HTTP/1.1" 200 (37 ms)
[09/Sep/2022:19:43:20 +0800] 0:0:0:0:0:0:0:1 "GET /project/fetch HTTP/1.1" 200 (20 ms)
[09/Sep/2022:19:43:20 +0800] 0:0:0:0:0:0:0:1 "GET /projectindex/tree?projectId=2 HTTP/1.1" 200 (13 ms)
[09/Sep/2022:19:43:20 +0800] 0:0:0:0:0:0:0:1 "GET /projectindex/tree?projectId=2 HTTP/1.1" 200 (21 ms)
[09/Sep/2022:19:43:33 +0800] 0:0:0:0:0:0:0:1 "GET /projectindex/tree HTTP/1.1" 200 (3 ms)
[09/Sep/2022:19:43:36 +0800] 0:0:0:0:0:0:0:1 "GET /project/fetch HTTP/1.1" 200 (17 ms)
[09/Sep/2022:19:43:36 +0800] 0:0:0:0:0:0:0:1 "GET /projectindex/tree?projectId=2 HTTP/1.1" 200 (15 ms)
[09/Sep/2022:19:43:39 +0800] 0:0:0:0:0:0:0:1 "GET /project/fetch HTTP/1.1" 200 (20 ms)
[09/Sep/2022:19:43:39 +0800] 0:0:0:0:0:0:0:1 "GET /projectindex/tree?projectId=2 HTTP/1.1" 200 (15 ms)
[09/Sep/2022:19:43:56 +0800] 0:0:0:0:0:0:0:1 "GET /project/fetch HTTP/1.1" 200 (22 ms)
[09/Sep/2022:19:43:56 +0800] 0:0:0:0:0:0:0:1 "GET /projectindex/tree?projectId=2 HTTP/1.1" 200 (11 ms)
[09/Sep/2022:19:44:19 +0800] 0:0:0:0:0:0:0:1 "GET /projectindex/tree HTTP/1.1" 200 (1 ms)
[09/Sep/2022:19:44:26 +0800] 0:0:0:0:0:0:0:1 "GET /projectindex/tree HTTP/1.1" 200 (1 ms)
[09/Sep/2022:19:44:26 +0800] 0:0:0:0:0:0:0:1 "GET /project/fetch HTTP/1.1" 200 (24 ms)
[09/Sep/2022:19:44:26 +0800] 0:0:0:0:0:0:0:1 "GET /projectindex/tree?projectId=2 HTTP/1.1" 200 (10 ms)
[09/Sep/2022:19:44:52 +0800] 0:0:0:0:0:0:0:1 "GET /project/fetch HTTP/1.1" 200 (26 ms)
[09/Sep/2022:19:44:52 +0800] 0:0:0:0:0:0:0:1 "GET /projectindex/tree?projectId=2 HTTP/1.1" 200 (18 ms)
[09/Sep/2022:19:46:08 +0800] 0:0:0:0:0:0:0:1 "GET /projectindex/tree HTTP/1.1" 200 (4 ms)
[09/Sep/2022:19:46:08 +0800] 0:0:0:0:0:0:0:1 "GET /projectindex/tree HTTP/1.1" 200 (1 ms)
[09/Sep/2022:19:46:32 +0800] 0:0:0:0:0:0:0:1 "GET /projectindex/tree HTTP/1.1" 200 (2 ms)
[09/Sep/2022:19:46:32 +0800] 0:0:0:0:0:0:0:1 "GET /projectindex/tree HTTP/1.1" 200 (2 ms)
[09/Sep/2022:19:46:33 +0800] 0:0:0:0:0:0:0:1 "GET /projectindex/tree HTTP/1.1" 200 (1 ms)
[09/Sep/2022:19:47:03 +0800] 0:0:0:0:0:0:0:1 "GET /projectindex/tree HTTP/1.1" 200 (1 ms)
[09/Sep/2022:19:47:28 +0800] 0:0:0:0:0:0:0:1 "GET /projectindex/tree HTTP/1.1" 200 (7 ms)
[09/Sep/2022:19:51:22 +0800] 0:0:0:0:0:0:0:1 "GET /projectindex/tree HTTP/1.1" 200 (126 ms)
[09/Sep/2022:19:53:19 +0800] 0:0:0:0:0:0:0:1 "GET /project/fetch HTTP/1.1" 200 (1287 ms)
[09/Sep/2022:19:53:19 +0800] 0:0:0:0:0:0:0:1 "GET /projectindex/tree?projectId=2 HTTP/1.1" 200 (89 ms)
[09/Sep/2022:20:01:19 +0800] 0:0:0:0:0:0:0:1 "GET /project/fetch HTTP/1.1" 200 (36 ms)
[09/Sep/2022:20:01:27 +0800] 0:0:0:0:0:0:0:1 "GET /project/fetch HTTP/1.1" 200 (32 ms)
[09/Sep/2022:20:01:28 +0800] 0:0:0:0:0:0:0:1 "GET /projectindex/tree?projectId=2 HTTP/1.1" 200 (27 ms)
[09/Sep/2022:20:01:38 +0800] 0:0:0:0:0:0:0:1 "GET /project/fetch HTTP/1.1" 200 (45 ms)
[09/Sep/2022:20:01:54 +0800] 0:0:0:0:0:0:0:1 "GET /project/fetch HTTP/1.1" 200 (30 ms)
[09/Sep/2022:20:03:07 +0800] 0:0:0:0:0:0:0:1 "GET /project/fetch HTTP/1.1" 200 (36 ms)
[09/Sep/2022:20:06:12 +0800] 0:0:0:0:0:0:0:1 "GET /project/fetch HTTP/1.1" 200 (31 ms)
[09/Sep/2022:20:08:59 +0800] 0:0:0:0:0:0:0:1 "GET /project/fetch HTTP/1.1" 200 (28 ms)
[09/Sep/2022:20:10:00 +0800] 0:0:0:0:0:0:0:1 "GET /project/fetch HTTP/1.1" 200 (28 ms)
[09/Sep/2022:20:10:06 +0800] 0:0:0:0:0:0:0:1 "GET /project/fetch HTTP/1.1" 200 (19 ms)
[09/Sep/2022:20:10:52 +0800] 0:0:0:0:0:0:0:1 "GET /project/fetch HTTP/1.1" 200 (20 ms)
[09/Sep/2022:20:10:52 +0800] 0:0:0:0:0:0:0:1 "GET /projectindex/tree?projectId=2 HTTP/1.1" 200 (19 ms)
[09/Sep/2022:20:10:57 +0800] 0:0:0:0:0:0:0:1 "GET /project/fetch HTTP/1.1" 200 (21 ms)
[09/Sep/2022:20:10:57 +0800] 0:0:0:0:0:0:0:1 "GET /projectindex/tree?projectId=2 HTTP/1.1" 200 (17 ms)
[09/Sep/2022:20:11:00 +0800] 0:0:0:0:0:0:0:1 "GET /project/fetch HTTP/1.1" 200 (21 ms)
[09/Sep/2022:20:16:19 +0800] 0:0:0:0:0:0:0:1 "GET /project/fetch HTTP/1.1" 200 (22 ms)
[09/Sep/2022:20:20:52 +0800] 0:0:0:0:0:0:0:1 "GET /project/fetch HTTP/1.1" 200 (27 ms)
[09/Sep/2022:20:22:08 +0800] 0:0:0:0:0:0:0:1 "GET /project/fetch HTTP/1.1" 200 (27 ms)
[09/Sep/2022:20:22:18 +0800] 0:0:0:0:0:0:0:1 "GET /project/fetch HTTP/1.1" 200 (27 ms)
[09/Sep/2022:20:23:24 +0800] 0:0:0:0:0:0:0:1 "GET /project/fetch HTTP/1.1" 200 (30 ms)
[09/Sep/2022:20:24:20 +0800] 0:0:0:0:0:0:0:1 "GET /project/fetch HTTP/1.1" 200 (28 ms)
[09/Sep/2022:20:26:10 +0800] 0:0:0:0:0:0:0:1 "GET /project/fetch HTTP/1.1" 200 (41 ms)
[09/Sep/2022:20:26:52 +0800] 0:0:0:0:0:0:0:1 "GET /project/fetch HTTP/1.1" 200 (29 ms)
[09/Sep/2022:20:27:13 +0800] 0:0:0:0:0:0:0:1 "GET /project/fetch HTTP/1.1" 200 (31 ms)
[09/Sep/2022:20:28:01 +0800] 0:0:0:0:0:0:0:1 "GET /project/fetch HTTP/1.1" 200 (25 ms)
[09/Sep/2022:20:31:02 +0800] 0:0:0:0:0:0:0:1 "GET /project/fetch HTTP/1.1" 200 (36 ms)
[09/Sep/2022:20:31:04 +0800] 0:0:0:0:0:0:0:1 "GET /project/fetch HTTP/1.1" 200 (22 ms)
[09/Sep/2022:20:31:30 +0800] 0:0:0:0:0:0:0:1 "GET /project/fetch HTTP/1.1" 200 (26 ms)
[09/Sep/2022:20:31:35 +0800] 0:0:0:0:0:0:0:1 "GET /project/fetch HTTP/1.1" 200 (28 ms)
[09/Sep/2022:20:31:44 +0800] 0:0:0:0:0:0:0:1 "GET /project/fetch HTTP/1.1" 200 (31 ms)
[09/Sep/2022:20:31:47 +0800] 0:0:0:0:0:0:0:1 "GET /project/fetch HTTP/1.1" 200 (33 ms)
[09/Sep/2022:20:32:20 +0800] 0:0:0:0:0:0:0:1 "GET /project/fetch HTTP/1.1" 200 (27 ms)
[09/Sep/2022:20:38:05 +0800] 0:0:0:0:0:0:0:1 "GET /project/fetch HTTP/1.1" 200 (26 ms)
[09/Sep/2022:20:39:43 +0800] 0:0:0:0:0:0:0:1 "GET /project/fetch HTTP/1.1" 200 (44 ms)
[09/Sep/2022:20:42:15 +0800] 0:0:0:0:0:0:0:1 "GET /project/fetch HTTP/1.1" 200 (36 ms)
[09/Sep/2022:20:42:50 +0800] 0:0:0:0:0:0:0:1 "GET /project/fetch HTTP/1.1" 200 (26 ms)
[09/Sep/2022:20:42:59 +0800] 0:0:0:0:0:0:0:1 "GET /project/fetch HTTP/1.1" 200 (21 ms)
[09/Sep/2022:20:43:24 +0800] 0:0:0:0:0:0:0:1 "GET /project/fetch HTTP/1.1" 200 (16 ms)
[09/Sep/2022:20:43:39 +0800] 0:0:0:0:0:0:0:1 "GET /project/fetch HTTP/1.1" 200 (22 ms)
[09/Sep/2022:20:43:53 +0800] 0:0:0:0:0:0:0:1 "GET /project/fetch HTTP/1.1" 200 (23 ms)
[09/Sep/2022:20:47:41 +0800] 0:0:0:0:0:0:0:1 "GET /project/fetch HTTP/1.1" 200 (33 ms)
[09/Sep/2022:20:49:55 +0800] 0:0:0:0:0:0:0:1 "GET /project/fetch HTTP/1.1" 200 (23 ms)
[09/Sep/2022:20:50:46 +0800] 0:0:0:0:0:0:0:1 "GET /project/fetch HTTP/1.1" 200 (21 ms)
[09/Sep/2022:20:52:41 +0800] 0:0:0:0:0:0:0:1 "GET /project/fetch HTTP/1.1" 200 (26 ms)
[09/Sep/2022:20:54:15 +0800] 0:0:0:0:0:0:0:1 "GET /project/fetch HTTP/1.1" 200 (41 ms)
[09/Sep/2022:20:54:15 +0800] 0:0:0:0:0:0:0:1 "GET /project/fetch HTTP/1.1" 200 (28 ms)
[09/Sep/2022:20:55:38 +0800] 0:0:0:0:0:0:0:1 "GET /project/fetch HTTP/1.1" 200 (32 ms)
[09/Sep/2022:20:55:38 +0800] 0:0:0:0:0:0:0:1 "GET /project/fetch HTTP/1.1" 200 (27 ms)
[09/Sep/2022:20:55:59 +0800] 0:0:0:0:0:0:0:1 "GET /project/fetch HTTP/1.1" 200 (28 ms)
[09/Sep/2022:20:56:12 +0800] 0:0:0:0:0:0:0:1 "OPTIONS /project/push HTTP/1.1" 200 (36 ms)
[09/Sep/2022:20:56:13 +0800] 0:0:0:0:0:0:0:1 "POST /project/push HTTP/1.1" 200 (458 ms)
[09/Sep/2022:20:56:13 +0800] 0:0:0:0:0:0:0:1 "GET /project/fetch HTTP/1.1" 200 (22 ms)
[09/Sep/2022:20:56:38 +0800] 0:0:0:0:0:0:0:1 "POST /project/push HTTP/1.1" 500 (244 ms)
[09/Sep/2022:20:58:50 +0800] 0:0:0:0:0:0:0:1 "GET /project/fetch HTTP/1.1" 200 (32 ms)
[09/Sep/2022:20:59:58 +0800] 0:0:0:0:0:0:0:1 "GET /project/fetch HTTP/1.1" 200 (37 ms)
[09/Sep/2022:21:00:10 +0800] 0:0:0:0:0:0:0:1 "POST /project/push HTTP/1.1" 200 (333 ms)
[09/Sep/2022:21:00:10 +0800] 0:0:0:0:0:0:0:1 "GET /project/fetch HTTP/1.1" 200 (25 ms)
[09/Sep/2022:21:00:39 +0800] 0:0:0:0:0:0:0:1 "POST /project/push HTTP/1.1" 500 (22 ms)
[09/Sep/2022:21:01:27 +0800] 0:0:0:0:0:0:0:1 "GET /project/fetch HTTP/1.1" 200 (24 ms)
[09/Sep/2022:21:01:43 +0800] 0:0:0:0:0:0:0:1 "POST /project/push HTTP/1.1" 500 (16 ms)
[09/Sep/2022:21:01:59 +0800] 0:0:0:0:0:0:0:1 "GET /project/fetch HTTP/1.1" 200 (22 ms)
[09/Sep/2022:21:03:08 +0800] 0:0:0:0:0:0:0:1 "GET /project/fetch HTTP/1.1" 200 (40 ms)
[09/Sep/2022:21:03:20 +0800] 0:0:0:0:0:0:0:1 "GET /project/fetch HTTP/1.1" 200 (23 ms)
[09/Sep/2022:21:03:30 +0800] 0:0:0:0:0:0:0:1 "POST /project/push HTTP/1.1" 200 (365 ms)
[09/Sep/2022:21:03:30 +0800] 0:0:0:0:0:0:0:1 "GET /project/fetch HTTP/1.1" 200 (19 ms)
[09/Sep/2022:21:03:41 +0800] 0:0:0:0:0:0:0:1 "GET /project/fetch HTTP/1.1" 200 (22 ms)
[09/Sep/2022:21:03:41 +0800] 0:0:0:0:0:0:0:1 "GET /projectindex/tree?projectId=2 HTTP/1.1" 200 (19 ms)
[09/Sep/2022:21:03:45 +0800] 0:0:0:0:0:0:0:1 "GET /project/fetch HTTP/1.1" 200 (19 ms)
[09/Sep/2022:21:03:45 +0800] 0:0:0:0:0:0:0:1 "GET /projectindex/tree?projectId=2 HTTP/1.1" 200 (34 ms)
