[04/Sep/2022:11:37:22 +0800] 0:0:0:0:0:0:0:1 "GET /project/fetch HTTP/1.1" 200 (6318 ms)
[04/Sep/2022:11:37:22 +0800] 0:0:0:0:0:0:0:1 "GET /favicon.ico HTTP/1.1" 404 (36 ms)
[04/Sep/2022:11:37:31 +0800] 0:0:0:0:0:0:0:1 "GET /project/fetch HTTP/1.1" 200 (11 ms)
[04/Sep/2022:11:37:43 +0800] 0:0:0:0:0:0:0:1 "GET /construct/fetch HTTP/1.1" 200 (35 ms)
[04/Sep/2022:11:45:11 +0800] 0:0:0:0:0:0:0:1 "POST /system/token HTTP/1.1" 200 (27 ms)
[04/Sep/2022:11:45:11 +0800] 0:0:0:0:0:0:0:1 "GET /system/menu HTTP/1.1" 200 (75 ms)
[04/Sep/2022:11:45:11 +0800] 0:0:0:0:0:0:0:1 "GET /project/fetch HTTP/1.1" 200 (29 ms)
[04/Sep/2022:11:45:19 +0800] 0:0:0:0:0:0:0:1 "OPTIONS /project/push HTTP/1.1" 200 (6 ms)
[04/Sep/2022:11:45:19 +0800] 0:0:0:0:0:0:0:1 "POST /project/push HTTP/1.1" 500 (69 ms)
[04/Sep/2022:11:55:40 +0800] 0:0:0:0:0:0:0:1 "GET /project/fetch HTTP/1.1" 200 (927 ms)
[04/Sep/2022:11:55:48 +0800] 0:0:0:0:0:0:0:1 "POST /project/push HTTP/1.1" 200 (76 ms)
[04/Sep/2022:11:55:48 +0800] 0:0:0:0:0:0:0:1 "GET /project/fetch HTTP/1.1" 200 (12 ms)
[04/Sep/2022:11:55:53 +0800] 0:0:0:0:0:0:0:1 "GET /project/fetch HTTP/1.1" 200 (16 ms)
[04/Sep/2022:12:35:06 +0800] 0:0:0:0:0:0:0:1 "GET /project/fetch HTTP/1.1" 200 (1001 ms)
[04/Sep/2022:12:39:14 +0800] 0:0:0:0:0:0:0:1 "GET /project/fetch HTTP/1.1" 200 (1001 ms)
[04/Sep/2022:13:22:20 +0800] 0:0:0:0:0:0:0:1 "GET /project/fetch HTTP/1.1" 200 (963 ms)
[04/Sep/2022:14:30:25 +0800] 0:0:0:0:0:0:0:1 "GET /project/fetch HTTP/1.1" 200 (1136 ms)
[04/Sep/2022:15:37:55 +0800] 0:0:0:0:0:0:0:1 "GET /project/fetch HTTP/1.1" 200 (70 ms)
[04/Sep/2022:15:38:39 +0800] 0:0:0:0:0:0:0:1 "GET /project/fetch HTTP/1.1" 200 (37 ms)
[04/Sep/2022:15:38:47 +0800] 0:0:0:0:0:0:0:1 "GET /project/fetch HTTP/1.1" 200 (35 ms)
[04/Sep/2022:15:39:13 +0800] 0:0:0:0:0:0:0:1 "GET /project/fetch HTTP/1.1" 200 (26 ms)
[04/Sep/2022:15:39:47 +0800] 0:0:0:0:0:0:0:1 "GET /project/fetch HTTP/1.1" 200 (37 ms)
[04/Sep/2022:15:43:02 +0800] 0:0:0:0:0:0:0:1 "GET /project/fetch HTTP/1.1" 200 (1242 ms)
[04/Sep/2022:15:43:23 +0800] 0:0:0:0:0:0:0:1 "GET /project/fetch HTTP/1.1" 200 (37 ms)
[04/Sep/2022:15:43:33 +0800] 0:0:0:0:0:0:0:1 "GET /project/fetch HTTP/1.1" 200 (30 ms)
[04/Sep/2022:15:43:38 +0800] 0:0:0:0:0:0:0:1 "GET /project/fetch HTTP/1.1" 200 (30 ms)
[04/Sep/2022:15:43:40 +0800] 0:0:0:0:0:0:0:1 "GET /project/fetch HTTP/1.1" 200 (26 ms)
[04/Sep/2022:15:43:42 +0800] 0:0:0:0:0:0:0:1 "GET /project/fetch HTTP/1.1" 200 (38 ms)
[04/Sep/2022:15:43:45 +0800] 0:0:0:0:0:0:0:1 "GET /project/fetch?page=2 HTTP/1.1" 200 (22 ms)
[04/Sep/2022:15:43:48 +0800] 0:0:0:0:0:0:0:1 "GET /project/fetch?page=1 HTTP/1.1" 200 (21 ms)
[04/Sep/2022:15:43:49 +0800] 0:0:0:0:0:0:0:1 "GET /project/fetch?page=2 HTTP/1.1" 200 (23 ms)
[04/Sep/2022:15:47:34 +0800] 0:0:0:0:0:0:0:1 "GET /project/fetch HTTP/1.1" 200 (1020 ms)
[04/Sep/2022:15:47:38 +0800] 0:0:0:0:0:0:0:1 "GET /project/fetch?page=2 HTTP/1.1" 200 (19 ms)
[04/Sep/2022:15:47:39 +0800] 0:0:0:0:0:0:0:1 "GET /project/fetch?page=1 HTTP/1.1" 200 (18 ms)
[04/Sep/2022:15:47:40 +0800] 0:0:0:0:0:0:0:1 "GET /project/fetch?page=2 HTTP/1.1" 200 (17 ms)
[04/Sep/2022:15:47:44 +0800] 0:0:0:0:0:0:0:1 "GET /project/fetch?page=1 HTTP/1.1" 200 (16 ms)
[04/Sep/2022:15:47:46 +0800] 0:0:0:0:0:0:0:1 "GET /project/fetch?page=2 HTTP/1.1" 200 (16 ms)
[04/Sep/2022:15:48:47 +0800] 0:0:0:0:0:0:0:1 "GET /project/fetch HTTP/1.1" 200 (45 ms)
[04/Sep/2022:15:48:47 +0800] 0:0:0:0:0:0:0:1 "GET /project/fetch HTTP/1.1" 200 (35 ms)
[04/Sep/2022:15:48:51 +0800] 0:0:0:0:0:0:0:1 "GET /project/fetch HTTP/1.1" 200 (28 ms)
[04/Sep/2022:15:50:13 +0800] 0:0:0:0:0:0:0:1 "GET /project/fetch HTTP/1.1" 200 (35 ms)
[04/Sep/2022:15:50:13 +0800] 0:0:0:0:0:0:0:1 "GET /project/fetch HTTP/1.1" 200 (30 ms)
[04/Sep/2022:15:50:16 +0800] 0:0:0:0:0:0:0:1 "GET /project/fetch?page=2 HTTP/1.1" 200 (18 ms)
[04/Sep/2022:15:50:18 +0800] 0:0:0:0:0:0:0:1 "GET /project/fetch?page=1 HTTP/1.1" 200 (16 ms)
[04/Sep/2022:15:50:44 +0800] 0:0:0:0:0:0:0:1 "GET /project/fetch?page=2 HTTP/1.1" 200 (16 ms)
[04/Sep/2022:15:50:50 +0800] 0:0:0:0:0:0:0:1 "GET /project/fetch?page=1 HTTP/1.1" 200 (20 ms)
[04/Sep/2022:15:54:15 +0800] 0:0:0:0:0:0:0:1 "GET /project/fetch HTTP/1.1" 200 (1362 ms)
[04/Sep/2022:15:54:19 +0800] 0:0:0:0:0:0:0:1 "GET /project/fetch HTTP/1.1" 200 (34 ms)
[04/Sep/2022:15:57:01 +0800] 0:0:0:0:0:0:0:1 "GET /project/fetch HTTP/1.1" 200 (844 ms)
[04/Sep/2022:15:57:41 +0800] 0:0:0:0:0:0:0:1 "GET /project/fetch?page=1 HTTP/1.1" 200 (39 ms)
[04/Sep/2022:15:57:41 +0800] 0:0:0:0:0:0:0:1 "GET /project/fetch?page=1 HTTP/1.1" 200 (27 ms)
[04/Sep/2022:15:57:55 +0800] 0:0:0:0:0:0:0:1 "GET /project/fetch HTTP/1.1" 200 (31 ms)
[04/Sep/2022:15:58:04 +0800] 0:0:0:0:0:0:0:1 "GET /project/fetch HTTP/1.1" 200 (20 ms)
[04/Sep/2022:15:58:09 +0800] 0:0:0:0:0:0:0:1 "GET /project/fetch HTTP/1.1" 200 (20 ms)
[04/Sep/2022:15:58:12 +0800] 0:0:0:0:0:0:0:1 "GET /project/fetch HTTP/1.1" 200 (21 ms)
[04/Sep/2022:15:58:47 +0800] 0:0:0:0:0:0:0:1 "GET /project/fetch?page=1 HTTP/1.1" 200 (84 ms)
[04/Sep/2022:15:58:47 +0800] 0:0:0:0:0:0:0:1 "GET /project/fetch?page=1 HTTP/1.1" 200 (28 ms)
[04/Sep/2022:15:58:50 +0800] 0:0:0:0:0:0:0:1 "GET /project/fetch HTTP/1.1" 200 (20 ms)
[04/Sep/2022:15:58:52 +0800] 0:0:0:0:0:0:0:1 "GET /project/fetch HTTP/1.1" 200 (19 ms)
[04/Sep/2022:15:59:09 +0800] 0:0:0:0:0:0:0:1 "GET /project/fetch HTTP/1.1" 200 (17 ms)
[04/Sep/2022:15:59:41 +0800] 0:0:0:0:0:0:0:1 "GET /project/fetch HTTP/1.1" 200 (18 ms)
[04/Sep/2022:16:00:03 +0800] 0:0:0:0:0:0:0:1 "GET /project/fetch HTTP/1.1" 200 (32 ms)
[04/Sep/2022:16:00:03 +0800] 0:0:0:0:0:0:0:1 "GET /project/fetch HTTP/1.1" 200 (29 ms)
[04/Sep/2022:16:00:04 +0800] 0:0:0:0:0:0:0:1 "GET /project/fetch HTTP/1.1" 200 (24 ms)
[04/Sep/2022:16:00:34 +0800] 0:0:0:0:0:0:0:1 "GET /project/fetch HTTP/1.1" 200 (35 ms)
[04/Sep/2022:16:00:34 +0800] 0:0:0:0:0:0:0:1 "GET /project/fetch HTTP/1.1" 200 (23 ms)
[04/Sep/2022:16:00:48 +0800] 0:0:0:0:0:0:0:1 "GET /project/fetch HTTP/1.1" 200 (30 ms)
[04/Sep/2022:16:00:48 +0800] 0:0:0:0:0:0:0:1 "GET /project/fetch HTTP/1.1" 200 (24 ms)
[04/Sep/2022:16:03:32 +0800] 0:0:0:0:0:0:0:1 "GET /project/fetch HTTP/1.1" 200 (1035 ms)
[04/Sep/2022:16:08:14 +0800] 0:0:0:0:0:0:0:1 "GET /project/fetch HTTP/1.1" 200 (1526 ms)
[04/Sep/2022:16:09:15 +0800] 0:0:0:0:0:0:0:1 "GET /project/fetch HTTP/1.1" 200 (44 ms)
[04/Sep/2022:16:09:15 +0800] 0:0:0:0:0:0:0:1 "GET /project/fetch HTTP/1.1" 200 (24 ms)
[04/Sep/2022:16:10:30 +0800] 0:0:0:0:0:0:0:1 "GET /project/fetch HTTP/1.1" 200 (27 ms)
[04/Sep/2022:16:10:30 +0800] 0:0:0:0:0:0:0:1 "GET /project/fetch HTTP/1.1" 200 (28 ms)
[04/Sep/2022:16:10:39 +0800] 0:0:0:0:0:0:0:1 "GET /project/fetch HTTP/1.1" 200 (28 ms)
[04/Sep/2022:16:10:39 +0800] 0:0:0:0:0:0:0:1 "GET /project/fetch HTTP/1.1" 200 (30 ms)
[04/Sep/2022:16:10:45 +0800] 0:0:0:0:0:0:0:1 "GET /project/fetch HTTP/1.1" 200 (37 ms)
[04/Sep/2022:16:10:45 +0800] 0:0:0:0:0:0:0:1 "GET /project/fetch HTTP/1.1" 200 (22 ms)
[04/Sep/2022:16:11:17 +0800] 0:0:0:0:0:0:0:1 "GET /project/fetch HTTP/1.1" 200 (29 ms)
[04/Sep/2022:16:11:18 +0800] 0:0:0:0:0:0:0:1 "GET /project/fetch HTTP/1.1" 200 (25 ms)
[04/Sep/2022:16:12:02 +0800] 0:0:0:0:0:0:0:1 "GET /project/fetch HTTP/1.1" 200 (23 ms)
[04/Sep/2022:16:12:02 +0800] 0:0:0:0:0:0:0:1 "GET /project/fetch HTTP/1.1" 200 (25 ms)
[04/Sep/2022:16:12:09 +0800] 0:0:0:0:0:0:0:1 "GET /project/fetch HTTP/1.1" 200 (26 ms)
[04/Sep/2022:16:12:09 +0800] 0:0:0:0:0:0:0:1 "GET /project/fetch HTTP/1.1" 200 (27 ms)
[04/Sep/2022:16:12:18 +0800] 0:0:0:0:0:0:0:1 "GET /project/fetch HTTP/1.1" 200 (31 ms)
[04/Sep/2022:16:12:18 +0800] 0:0:0:0:0:0:0:1 "GET /project/fetch HTTP/1.1" 200 (34 ms)
[04/Sep/2022:16:14:56 +0800] 0:0:0:0:0:0:0:1 "GET /project/fetch HTTP/1.1" 200 (36 ms)
[04/Sep/2022:16:14:56 +0800] 0:0:0:0:0:0:0:1 "GET /project/fetch HTTP/1.1" 200 (18 ms)
[04/Sep/2022:16:22:53 +0800] 0:0:0:0:0:0:0:1 "GET /project/fetch HTTP/1.1" 200 (27 ms)
[04/Sep/2022:16:22:53 +0800] 0:0:0:0:0:0:0:1 "GET /project/fetch HTTP/1.1" 200 (19 ms)
[04/Sep/2022:16:27:22 +0800] 0:0:0:0:0:0:0:1 "GET /project/fetch HTTP/1.1" 200 (30 ms)
[04/Sep/2022:16:27:22 +0800] 0:0:0:0:0:0:0:1 "GET /project/fetch HTTP/1.1" 200 (17 ms)
[04/Sep/2022:16:28:28 +0800] 0:0:0:0:0:0:0:1 "GET /project/fetch HTTP/1.1" 200 (29 ms)
[04/Sep/2022:16:28:28 +0800] 0:0:0:0:0:0:0:1 "GET /project/fetch HTTP/1.1" 200 (18 ms)
[04/Sep/2022:16:29:38 +0800] 0:0:0:0:0:0:0:1 "GET /project/fetch HTTP/1.1" 200 (23 ms)
[04/Sep/2022:16:29:39 +0800] 0:0:0:0:0:0:0:1 "GET /construction/fetch HTTP/1.1" 404 (32 ms)
[04/Sep/2022:16:30:33 +0800] 0:0:0:0:0:0:0:1 "GET /construction/fetch HTTP/1.1" 200 (1224 ms)
[04/Sep/2022:16:30:44 +0800] 0:0:0:0:0:0:0:1 "OPTIONS /construction/push HTTP/1.1" 200 (5 ms)
[04/Sep/2022:16:30:44 +0800] 0:0:0:0:0:0:0:1 "POST /construction/push HTTP/1.1" 200 (218 ms)
[04/Sep/2022:16:30:45 +0800] 0:0:0:0:0:0:0:1 "GET /construction/fetch HTTP/1.1" 200 (14 ms)
[04/Sep/2022:16:50:23 +0800] 0:0:0:0:0:0:0:1 "POST /construction/push HTTP/1.1" 200 (517 ms)
[04/Sep/2022:16:50:23 +0800] 0:0:0:0:0:0:0:1 "GET /construction/fetch HTTP/1.1" 200 (10 ms)
[04/Sep/2022:16:50:27 +0800] 0:0:0:0:0:0:0:1 "GET /construction/fetch HTTP/1.1" 200 (15 ms)
[04/Sep/2022:19:01:31 +0800] 0:0:0:0:0:0:0:1 "GET /project/fetch HTTP/1.1" 200 (1929 ms)
[04/Sep/2022:19:01:58 +0800] 0:0:0:0:0:0:0:1 "POST /system/token HTTP/1.1" 200 (11 ms)
[04/Sep/2022:19:01:58 +0800] 0:0:0:0:0:0:0:1 "GET /system/menu HTTP/1.1" 200 (70 ms)
[04/Sep/2022:19:02:00 +0800] 0:0:0:0:0:0:0:1 "POST /system/token HTTP/1.1" 200 (3 ms)
[04/Sep/2022:19:02:00 +0800] 0:0:0:0:0:0:0:1 "GET /system/menu HTTP/1.1" 200 (4 ms)
[04/Sep/2022:19:02:34 +0800] 0:0:0:0:0:0:0:1 "POST /system/token HTTP/1.1" 200 (3 ms)
[04/Sep/2022:19:02:34 +0800] 0:0:0:0:0:0:0:1 "GET /system/menu HTTP/1.1" 200 (2 ms)
[04/Sep/2022:19:15:10 +0800] 0:0:0:0:0:0:0:1 "POST /system/token HTTP/1.1" 200 (5 ms)
[04/Sep/2022:19:15:10 +0800] 0:0:0:0:0:0:0:1 "GET /system/menu HTTP/1.1" 200 (4 ms)
[04/Sep/2022:19:16:26 +0800] 0:0:0:0:0:0:0:1 "POST /system/token HTTP/1.1" 200 (5 ms)
[04/Sep/2022:19:16:26 +0800] 0:0:0:0:0:0:0:1 "GET /system/menu HTTP/1.1" 200 (3 ms)
[04/Sep/2022:19:16:27 +0800] 0:0:0:0:0:0:0:1 "GET /project/fetch HTTP/1.1" 200 (28 ms)
[04/Sep/2022:19:17:29 +0800] 0:0:0:0:0:0:0:1 "POST /system/token HTTP/1.1" 200 (2 ms)
[04/Sep/2022:19:17:29 +0800] 0:0:0:0:0:0:0:1 "GET /system/menu HTTP/1.1" 200 (3 ms)
[04/Sep/2022:19:17:29 +0800] 0:0:0:0:0:0:0:1 "GET /project/fetch HTTP/1.1" 200 (29 ms)
