[25/Sep/2022:08:13:25 +0800] 0:0:0:0:0:0:0:1 "POST /system/token HTTP/1.1" 200 (135 ms)
[25/Sep/2022:08:13:25 +0800] 0:0:0:0:0:0:0:1 "GET /system/menu HTTP/1.1" 200 (79 ms)
[25/Sep/2022:08:13:27 +0800] 0:0:0:0:0:0:0:1 "GET /project/fetch?ownId=0 HTTP/1.1" 200 (1338 ms)
[25/Sep/2022:08:13:44 +0800] 0:0:0:0:0:0:0:1 "GET /project/tree?rootId=0 HTTP/1.1" 200 (34 ms)
[25/Sep/2022:08:13:44 +0800] 0:0:0:0:0:0:0:1 "GET /budget/division/tree2?ownId=0&selectId=2543997172191232 HTTP/1.1" 200 (180 ms)
[25/Sep/2022:08:13:44 +0800] 0:0:0:0:0:0:0:1 "GET /budget/division/machine/tree?ownId=2543997172191232&selectId=2543997172191232&rootId=2543997172191232 HTTP/1.1" 200 (73 ms)
[25/Sep/2022:08:13:47 +0800] 0:0:0:0:0:0:0:1 "GET /dict/subpackage/fetch HTTP/1.1" 200 (20 ms)
[25/Sep/2022:08:52:11 +0800] 0:0:0:0:0:0:0:1 "POST /system/token HTTP/1.1" 200 (126 ms)
[25/Sep/2022:08:52:11 +0800] 0:0:0:0:0:0:0:1 "GET /system/menu HTTP/1.1" 200 (71 ms)
[25/Sep/2022:08:52:12 +0800] 0:0:0:0:0:0:0:1 "GET /project/fetch?ownId=0 HTTP/1.1" 200 (863 ms)
[25/Sep/2022:08:54:44 +0800] 0:0:0:0:0:0:0:1 "GET /project/fetch?ownId=0 HTTP/1.1" 200 (35 ms)
[25/Sep/2022:10:06:27 +0800] 0:0:0:0:0:0:0:1 "GET /project/fetch?ownId=0 HTTP/1.1" 200 (92 ms)
[25/Sep/2022:10:17:31 +0800] 0:0:0:0:0:0:0:1 "GET /dict/subpackage/fetch?rootId=0 HTTP/1.1" 200 (103 ms)
[25/Sep/2022:10:18:38 +0800] 0:0:0:0:0:0:0:1 "OPTIONS /dict/subpackage/push HTTP/1.1" 200 (12 ms)
[25/Sep/2022:10:18:38 +0800] 0:0:0:0:0:0:0:1 "POST /dict/subpackage/push HTTP/1.1" 200 (448 ms)
[25/Sep/2022:10:21:14 +0800] 0:0:0:0:0:0:0:1 "GET /dict/subpackage/fetch?rootId=0 HTTP/1.1" 200 (35 ms)
[25/Sep/2022:10:22:17 +0800] 0:0:0:0:0:0:0:1 "POST /dict/subpackage/push HTTP/1.1" 200 (165 ms)
[25/Sep/2022:10:22:49 +0800] 0:0:0:0:0:0:0:1 "GET /dict/subpackage/fetch?rootId=0 HTTP/1.1" 200 (29 ms)
[25/Sep/2022:10:22:49 +0800] 0:0:0:0:0:0:0:1 "GET /favicon.ico HTTP/1.1" 404 (43 ms)
[25/Sep/2022:10:23:54 +0800] 0:0:0:0:0:0:0:1 "GET /dict/subpackage/fetch?rootId=0 HTTP/1.1" 200 (832 ms)
[25/Sep/2022:10:24:19 +0800] 0:0:0:0:0:0:0:1 "GET /dict/subpackage/fetch?rootId=0 HTTP/1.1" 200 (28 ms)
[25/Sep/2022:10:24:27 +0800] 0:0:0:0:0:0:0:1 "POST /dict/subpackage/push HTTP/1.1" 200 (165 ms)
[25/Sep/2022:10:24:58 +0800] 0:0:0:0:0:0:0:1 "GET /dict/subpackage/fetch?rootId=0 HTTP/1.1" 200 (28 ms)
[25/Sep/2022:10:25:19 +0800] 0:0:0:0:0:0:0:1 "GET /dict/subpackage/fetch?rootId=0 HTTP/1.1" 200 (14 ms)
[25/Sep/2022:10:25:59 +0800] 0:0:0:0:0:0:0:1 "GET /dict/subpackage/fetch?rootId=0 HTTP/1.1" 200 (23 ms)
[25/Sep/2022:10:27:26 +0800] 0:0:0:0:0:0:0:1 "GET /dict/subpackage/fetch?rootId=0 HTTP/1.1" 200 (32 ms)
[25/Sep/2022:10:27:26 +0800] 0:0:0:0:0:0:0:1 "GET /budget/division/machine/tree?ownId=2&selectId=2&rootId=2 HTTP/1.1" 200 (77 ms)
[25/Sep/2022:10:27:28 +0800] 0:0:0:0:0:0:0:1 "GET /budget/division/machine/tree?ownId=2&selectId=2&rootId=2 HTTP/1.1" 200 (21 ms)
[25/Sep/2022:10:27:29 +0800] 0:0:0:0:0:0:0:1 "GET /budget/division/machine/tree?ownId=4971518618636288&selectId=4971518618636288&rootId=4971518618636288 HTTP/1.1" 200 (17 ms)
[25/Sep/2022:10:27:34 +0800] 0:0:0:0:0:0:0:1 "GET /budget/division/machine/tree?ownId=2&selectId=2&rootId=2 HTTP/1.1" 200 (17 ms)
[25/Sep/2022:10:27:35 +0800] 0:0:0:0:0:0:0:1 "POST /dict/subpackage/push HTTP/1.1" 200 (361 ms)
[25/Sep/2022:10:27:41 +0800] 0:0:0:0:0:0:0:1 "GET /budget/division/machine/tree?ownId=4973770171355136&selectId=4973770171355136&rootId=4973770171355136 HTTP/1.1" 200 (21 ms)
[25/Sep/2022:10:27:41 +0800] 0:0:0:0:0:0:0:1 "GET /budget/division/machine/tree?ownId=4973770171355136&selectId=4973770171355136&rootId=4973770171355136 HTTP/1.1" 200 (16 ms)
[25/Sep/2022:10:27:43 +0800] 0:0:0:0:0:0:0:1 "POST /dict/subpackage/push HTTP/1.1" 200 (18 ms)
[25/Sep/2022:10:27:43 +0800] 0:0:0:0:0:0:0:1 "GET /budget/division/machine/tree?ownId=4973770171355136&selectId=4973770171355136&rootId=4973770171355136 HTTP/1.1" 200 (25 ms)
[25/Sep/2022:10:27:43 +0800] 0:0:0:0:0:0:0:1 "GET /budget/division/machine/tree?ownId=4973770171355136&selectId=4973770171355136&rootId=4973770171355136 HTTP/1.1" 200 (25 ms)
[25/Sep/2022:10:27:44 +0800] 0:0:0:0:0:0:0:1 "POST /dict/subpackage/push HTTP/1.1" 200 (13 ms)
[25/Sep/2022:10:27:44 +0800] 0:0:0:0:0:0:0:1 "GET /budget/division/machine/tree?ownId=2&selectId=2&rootId=2 HTTP/1.1" 200 (21 ms)
[25/Sep/2022:10:27:45 +0800] 0:0:0:0:0:0:0:1 "GET /budget/division/machine/tree?ownId=4971518618636288&selectId=4971518618636288&rootId=4971518618636288 HTTP/1.1" 200 (17 ms)
[25/Sep/2022:10:27:49 +0800] 0:0:0:0:0:0:0:1 "GET /dict/subpackage/fetch?rootId=0 HTTP/1.1" 200 (18 ms)
[25/Sep/2022:10:27:49 +0800] 0:0:0:0:0:0:0:1 "GET /budget/division/machine/tree?ownId=2&selectId=2&rootId=2 HTTP/1.1" 200 (29 ms)
[25/Sep/2022:10:27:56 +0800] 0:0:0:0:0:0:0:1 "GET /budget/division/machine/tree?ownId=4972981122109440&selectId=4972981122109440&rootId=4972981122109440 HTTP/1.1" 200 (21 ms)
[25/Sep/2022:10:27:58 +0800] 0:0:0:0:0:0:0:1 "POST /dict/subpackage/push HTTP/1.1" 500 (105 ms)
[25/Sep/2022:10:28:55 +0800] 0:0:0:0:0:0:0:1 "GET /dict/subpackage/fetch?rootId=0 HTTP/1.1" 200 (24 ms)
[25/Sep/2022:10:28:55 +0800] 0:0:0:0:0:0:0:1 "GET /budget/division/machine/tree?ownId=2&selectId=2&rootId=2 HTTP/1.1" 200 (27 ms)
[25/Sep/2022:10:28:57 +0800] 0:0:0:0:0:0:0:1 "GET /budget/division/machine/tree?ownId=4972981122109440&selectId=4972981122109440&rootId=4972981122109440 HTTP/1.1" 200 (21 ms)
[25/Sep/2022:10:29:00 +0800] 0:0:0:0:0:0:0:1 "POST /dict/subpackage/push HTTP/1.1" 200 (13 ms)
[25/Sep/2022:10:29:04 +0800] 0:0:0:0:0:0:0:1 "GET /dict/subpackage/fetch?rootId=0 HTTP/1.1" 200 (17 ms)
[25/Sep/2022:10:29:05 +0800] 0:0:0:0:0:0:0:1 "GET /budget/division/machine/tree?ownId=2&selectId=2&rootId=2 HTTP/1.1" 200 (33 ms)
[25/Sep/2022:10:29:06 +0800] 0:0:0:0:0:0:0:1 "GET /budget/division/machine/tree?ownId=2&selectId=2&rootId=2 HTTP/1.1" 200 (21 ms)
[25/Sep/2022:10:29:08 +0800] 0:0:0:0:0:0:0:1 "POST /dict/subpackage/push HTTP/1.1" 200 (15 ms)
[25/Sep/2022:10:29:09 +0800] 0:0:0:0:0:0:0:1 "GET /budget/division/machine/tree?ownId=4973770171355136&selectId=4973770171355136&rootId=4973770171355136 HTTP/1.1" 200 (17 ms)
[25/Sep/2022:10:29:10 +0800] 0:0:0:0:0:0:0:1 "GET /budget/division/machine/tree?ownId=4973770171355136&selectId=4973770171355136&rootId=4973770171355136 HTTP/1.1" 200 (16 ms)
[25/Sep/2022:10:29:12 +0800] 0:0:0:0:0:0:0:1 "POST /dict/subpackage/push HTTP/1.1" 200 (12 ms)
[25/Sep/2022:10:29:12 +0800] 0:0:0:0:0:0:0:1 "GET /budget/division/machine/tree?ownId=4971518618636288&selectId=4971518618636288&rootId=4971518618636288 HTTP/1.1" 200 (23 ms)
[25/Sep/2022:10:29:16 +0800] 0:0:0:0:0:0:0:1 "GET /dict/subpackage/fetch?rootId=0 HTTP/1.1" 200 (16 ms)
[25/Sep/2022:10:29:16 +0800] 0:0:0:0:0:0:0:1 "GET /budget/division/machine/tree?ownId=4973770171355136&selectId=4973770171355136&rootId=4973770171355136 HTTP/1.1" 200 (31 ms)
[25/Sep/2022:12:09:36 +0800] 0:0:0:0:0:0:0:1 "POST /system/token HTTP/1.1" 200 (137 ms)
[25/Sep/2022:12:09:36 +0800] 0:0:0:0:0:0:0:1 "GET /system/menu HTTP/1.1" 200 (89 ms)
[25/Sep/2022:12:09:38 +0800] 0:0:0:0:0:0:0:1 "GET /project/fetch?ownId=0 HTTP/1.1" 200 (1400 ms)
[25/Sep/2022:12:09:52 +0800] 0:0:0:0:0:0:0:1 "GET /dict/subpackage/fetch?rootId=0 HTTP/1.1" 200 (28 ms)
[25/Sep/2022:12:09:52 +0800] 0:0:0:0:0:0:0:1 "GET /budget/division/machine/tree?ownId=4973770171355136&selectId=4973770171355136&rootId=4973770171355136 HTTP/1.1" 200 (23 ms)
[25/Sep/2022:12:09:57 +0800] 0:0:0:0:0:0:0:1 "GET /budget/division/machine/tree?ownId=4973770171355136&selectId=4973770171355136&rootId=4973770171355136 HTTP/1.1" 200 (19 ms)
[25/Sep/2022:12:09:59 +0800] 0:0:0:0:0:0:0:1 "OPTIONS /dict/subpackage/push HTTP/1.1" 200 (4 ms)
[25/Sep/2022:12:09:59 +0800] 0:0:0:0:0:0:0:1 "POST /dict/subpackage/push HTTP/1.1" 200 (55 ms)
[25/Sep/2022:12:10:00 +0800] 0:0:0:0:0:0:0:1 "POST /dict/subpackage/push HTTP/1.1" 200 (5 ms)
[25/Sep/2022:12:11:38 +0800] 0:0:0:0:0:0:0:1 "GET /project/tree?rootId=0 HTTP/1.1" 200 (39 ms)
[25/Sep/2022:12:11:38 +0800] 0:0:0:0:0:0:0:1 "GET /budget/division/tree2?ownId=0&selectId=2543997172191232 HTTP/1.1" 200 (55 ms)
[25/Sep/2022:12:11:38 +0800] 0:0:0:0:0:0:0:1 "GET /budget/division/machine/tree?ownId=2543997172191232&selectId=2543997172191232&rootId=2543997172191232 HTTP/1.1" 200 (24 ms)
[25/Sep/2022:12:12:07 +0800] 0:0:0:0:0:0:0:1 "GET /project/tree?rootId=0 HTTP/1.1" 200 (35 ms)
[25/Sep/2022:12:12:07 +0800] 0:0:0:0:0:0:0:1 "GET /budget/measure/tree2?ownId=0&selectId=2543997172191232 HTTP/1.1" 200 (47 ms)
[25/Sep/2022:12:12:07 +0800] 0:0:0:0:0:0:0:1 "GET /budget/measure/machine/tree?ownId=2543997172191232&selectId=2543997172191232&rootId=2543997172191232 HTTP/1.1" 200 (33 ms)
[25/Sep/2022:12:12:10 +0800] 0:0:0:0:0:0:0:1 "GET /project/tree?rootId=0 HTTP/1.1" 200 (22 ms)
[25/Sep/2022:12:12:10 +0800] 0:0:0:0:0:0:0:1 "GET /budget/other/fetch?ownId=2543997172191232&selectId=2543997172191232 HTTP/1.1" 200 (18 ms)
[25/Sep/2022:12:12:13 +0800] 0:0:0:0:0:0:0:1 "GET /project/tree?rootId=0 HTTP/1.1" 200 (25 ms)
[25/Sep/2022:12:12:13 +0800] 0:0:0:0:0:0:0:1 "GET /plan/division/tree2?ownId=0&selectId=2543997172191232 HTTP/1.1" 200 (50 ms)
[25/Sep/2022:12:12:13 +0800] 0:0:0:0:0:0:0:1 "GET /plan/division/machine/tree?ownId=2543997172191232&selectId=2543997172191232&rootId=2543997172191232 HTTP/1.1" 200 (117 ms)
[25/Sep/2022:12:12:19 +0800] 0:0:0:0:0:0:0:1 "GET /project/tree?rootId=0 HTTP/1.1" 200 (25 ms)
[25/Sep/2022:12:12:19 +0800] 0:0:0:0:0:0:0:1 "GET /budget/division/tree2?ownId=0&selectId=2543997172191232 HTTP/1.1" 200 (35 ms)
[25/Sep/2022:12:12:19 +0800] 0:0:0:0:0:0:0:1 "GET /budget/division/machine/tree?ownId=2543997172191232&selectId=2543997172191232&rootId=2543997172191232 HTTP/1.1" 200 (22 ms)
[25/Sep/2022:12:13:26 +0800] 0:0:0:0:0:0:0:1 "GET /project/tree?rootId=0 HTTP/1.1" 200 (27 ms)
[25/Sep/2022:12:13:26 +0800] 0:0:0:0:0:0:0:1 "GET /budget/measure/tree2?ownId=0&selectId=2543997172191232 HTTP/1.1" 200 (36 ms)
[25/Sep/2022:12:13:27 +0800] 0:0:0:0:0:0:0:1 "GET /budget/measure/machine/tree?ownId=2543997172191232&selectId=2543997172191232&rootId=2543997172191232 HTTP/1.1" 200 (21 ms)
[25/Sep/2022:12:14:19 +0800] 0:0:0:0:0:0:0:1 "GET /project/tree?rootId=0 HTTP/1.1" 200 (21 ms)
[25/Sep/2022:12:14:19 +0800] 0:0:0:0:0:0:0:1 "GET /plan/measure/tree2?ownId=0&selectId=2543997172191232 HTTP/1.1" 200 (91 ms)
[25/Sep/2022:12:14:19 +0800] 0:0:0:0:0:0:0:1 "GET /plan/measure/machine/tree?ownId=2543997172191232&selectId=2543997172191232&rootId=2543997172191232 HTTP/1.1" 200 (29 ms)
[25/Sep/2022:12:14:23 +0800] 0:0:0:0:0:0:0:1 "GET /project/tree?rootId=0 HTTP/1.1" 200 (21 ms)
[25/Sep/2022:12:14:24 +0800] 0:0:0:0:0:0:0:1 "GET /budget/division/tree2?ownId=0&selectId=2543997172191232 HTTP/1.1" 200 (33 ms)
[25/Sep/2022:12:14:24 +0800] 0:0:0:0:0:0:0:1 "GET /budget/division/machine/tree?ownId=2543997172191232&selectId=2543997172191232&rootId=2543997172191232 HTTP/1.1" 200 (22 ms)
[25/Sep/2022:12:14:29 +0800] 0:0:0:0:0:0:0:1 "GET /project/tree?rootId=0 HTTP/1.1" 200 (30 ms)
[25/Sep/2022:12:14:29 +0800] 0:0:0:0:0:0:0:1 "GET /budget/measure/tree2?ownId=0&selectId=2543997172191232 HTTP/1.1" 200 (32 ms)
[25/Sep/2022:12:14:29 +0800] 0:0:0:0:0:0:0:1 "GET /budget/measure/machine/tree?ownId=2543997172191232&selectId=2543997172191232&rootId=2543997172191232 HTTP/1.1" 200 (17 ms)
[25/Sep/2022:12:14:41 +0800] 0:0:0:0:0:0:0:1 "GET /project/tree?rootId=0 HTTP/1.1" 200 (18 ms)
[25/Sep/2022:12:14:41 +0800] 0:0:0:0:0:0:0:1 "GET /budget/division/tree2?ownId=0&selectId=2543997172191232 HTTP/1.1" 200 (34 ms)
[25/Sep/2022:12:14:41 +0800] 0:0:0:0:0:0:0:1 "GET /budget/division/machine/tree?ownId=2543997172191232&selectId=2543997172191232&rootId=2543997172191232 HTTP/1.1" 200 (21 ms)
[25/Sep/2022:13:02:47 +0800] 0:0:0:0:0:0:0:1 "GET /project/tree?rootId=0 HTTP/1.1" 200 (1083 ms)
[25/Sep/2022:13:02:47 +0800] 0:0:0:0:0:0:0:1 "GET /budget/division/tree2?ownId=0&selectId=2543997172191232 HTTP/1.1" 200 (72 ms)
[25/Sep/2022:13:02:47 +0800] 0:0:0:0:0:0:0:1 "GET /budget/division/machine/tree?ownId=2543997172191232&selectId=2543997172191232&rootId=2543997172191232 HTTP/1.1" 200 (33 ms)
[25/Sep/2022:13:02:49 +0800] 0:0:0:0:0:0:0:1 "GET /budget/division/tree2?ownId=0&selectId=3 HTTP/1.1" 200 (35 ms)
[25/Sep/2022:13:02:49 +0800] 0:0:0:0:0:0:0:1 "GET /budget/division/machine/tree?ownId=3&selectId=3&rootId=3 HTTP/1.1" 200 (19 ms)
[25/Sep/2022:13:02:51 +0800] 0:0:0:0:0:0:0:1 "GET /budget/division/tree2?ownId=0&selectId=2 HTTP/1.1" 200 (43 ms)
[25/Sep/2022:13:02:51 +0800] 0:0:0:0:0:0:0:1 "GET /budget/division/machine/tree?ownId=2&selectId=2&rootId=2 HTTP/1.1" 200 (21 ms)
[25/Sep/2022:13:02:57 +0800] 0:0:0:0:0:0:0:1 "GET /budget/division/tree2?ownId=3&selectId=13 HTTP/1.1" 200 (46 ms)
[25/Sep/2022:13:02:57 +0800] 0:0:0:0:0:0:0:1 "GET /budget/division/machine/tree?ownId=13&selectId=13&rootId=13 HTTP/1.1" 200 (21 ms)
[25/Sep/2022:13:02:57 +0800] 0:0:0:0:0:0:0:1 "GET /budget/division/tree2?ownId=0&selectId=3 HTTP/1.1" 200 (37 ms)
[25/Sep/2022:13:02:57 +0800] 0:0:0:0:0:0:0:1 "GET /budget/division/machine/tree?ownId=3&selectId=3&rootId=3 HTTP/1.1" 200 (22 ms)
[25/Sep/2022:13:02:58 +0800] 0:0:0:0:0:0:0:1 "GET /budget/division/tree2?ownId=0&selectId=2543997172191232 HTTP/1.1" 200 (32 ms)
[25/Sep/2022:13:02:58 +0800] 0:0:0:0:0:0:0:1 "GET /budget/division/machine/tree?ownId=2543997172191232&selectId=2543997172191232&rootId=2543997172191232 HTTP/1.1" 200 (34 ms)
[25/Sep/2022:13:02:59 +0800] 0:0:0:0:0:0:0:1 "GET /budget/division/tree2?ownId=0&selectId=2 HTTP/1.1" 200 (36 ms)
[25/Sep/2022:13:02:59 +0800] 0:0:0:0:0:0:0:1 "GET /budget/division/machine/tree?ownId=2&selectId=2&rootId=2 HTTP/1.1" 200 (19 ms)
[25/Sep/2022:13:09:37 +0800] 0:0:0:0:0:0:0:1 "GET /project/tree?rootId=0 HTTP/1.1" 200 (44 ms)
[25/Sep/2022:13:09:37 +0800] 0:0:0:0:0:0:0:1 "GET /budget/division/tree2?ownId=0&selectId=2543997172191232 HTTP/1.1" 200 (64 ms)
[25/Sep/2022:13:09:37 +0800] 0:0:0:0:0:0:0:1 "GET /budget/division/machine/tree?ownId=2543997172191232&selectId=2543997172191232&rootId=2543997172191232 HTTP/1.1" 200 (29 ms)
[25/Sep/2022:13:09:39 +0800] 0:0:0:0:0:0:0:1 "GET /budget/division/tree2?ownId=0&selectId=3 HTTP/1.1" 200 (35 ms)
[25/Sep/2022:13:09:39 +0800] 0:0:0:0:0:0:0:1 "GET /budget/division/machine/tree?ownId=3&selectId=3&rootId=3 HTTP/1.1" 200 (19 ms)
[25/Sep/2022:13:09:41 +0800] 0:0:0:0:0:0:0:1 "GET /project/tree?rootId=0 HTTP/1.1" 200 (29 ms)
[25/Sep/2022:13:09:41 +0800] 0:0:0:0:0:0:0:1 "GET /plan/division/tree2?ownId=0&selectId=2543997172191232 HTTP/1.1" 200 (49 ms)
[25/Sep/2022:13:09:41 +0800] 0:0:0:0:0:0:0:1 "GET /plan/division/machine/tree?ownId=2543997172191232&selectId=2543997172191232&rootId=2543997172191232 HTTP/1.1" 200 (28 ms)
[25/Sep/2022:13:09:43 +0800] 0:0:0:0:0:0:0:1 "GET /plan/division/tree2?ownId=0&selectId=3 HTTP/1.1" 200 (36 ms)
[25/Sep/2022:13:09:43 +0800] 0:0:0:0:0:0:0:1 "GET /plan/division/machine/tree?ownId=3&selectId=3&rootId=3 HTTP/1.1" 200 (18 ms)
[25/Sep/2022:13:09:45 +0800] 0:0:0:0:0:0:0:1 "GET /plan/division/tree2?ownId=0&selectId=2 HTTP/1.1" 200 (48 ms)
[25/Sep/2022:13:09:45 +0800] 0:0:0:0:0:0:0:1 "GET /plan/division/machine/tree?ownId=2&selectId=2&rootId=2 HTTP/1.1" 200 (25 ms)
[25/Sep/2022:13:09:46 +0800] 0:0:0:0:0:0:0:1 "GET /project/tree?rootId=0 HTTP/1.1" 200 (50 ms)
[25/Sep/2022:13:09:46 +0800] 0:0:0:0:0:0:0:1 "GET /budget/division/tree2?ownId=0&selectId=2543997172191232 HTTP/1.1" 200 (32 ms)
[25/Sep/2022:13:09:47 +0800] 0:0:0:0:0:0:0:1 "GET /budget/division/machine/tree?ownId=2543997172191232&selectId=2543997172191232&rootId=2543997172191232 HTTP/1.1" 200 (24 ms)
[25/Sep/2022:13:09:54 +0800] 0:0:0:0:0:0:0:1 "OPTIONS /budget/import/ HTTP/1.1" 200 (4 ms)
[25/Sep/2022:13:09:55 +0800] 0:0:0:0:0:0:0:1 "POST /budget/import/ HTTP/1.1" 200 (808 ms)
[25/Sep/2022:13:09:55 +0800] 0:0:0:0:0:0:0:1 "GET /budget/division/tree2?ownId=0&selectId=2543997172191232 HTTP/1.1" 200 (35 ms)
[25/Sep/2022:13:09:55 +0800] 0:0:0:0:0:0:0:1 "GET /budget/division/machine/tree?ownId=2543997172191232&selectId=2543997172191232&rootId=2543997172191232 HTTP/1.1" 200 (21 ms)
[25/Sep/2022:13:10:10 +0800] 0:0:0:0:0:0:0:1 "GET /project/tree?rootId=0 HTTP/1.1" 200 (22 ms)
[25/Sep/2022:13:10:10 +0800] 0:0:0:0:0:0:0:1 "GET /plan/division/tree2?ownId=0&selectId=2543997172191232 HTTP/1.1" 200 (40 ms)
[25/Sep/2022:13:10:10 +0800] 0:0:0:0:0:0:0:1 "GET /plan/division/machine/tree?ownId=2543997172191232&selectId=2543997172191232&rootId=2543997172191232 HTTP/1.1" 200 (21 ms)
[25/Sep/2022:13:10:18 +0800] 0:0:0:0:0:0:0:1 "GET /plan/division/machine/tree?ownId=5014622373548032&selectId=5014622373548032&rootId=5014622373548032 HTTP/1.1" 200 (16 ms)
[25/Sep/2022:13:10:24 +0800] 0:0:0:0:0:0:0:1 "GET /project/tree?rootId=0 HTTP/1.1" 200 (26 ms)
[25/Sep/2022:13:10:24 +0800] 0:0:0:0:0:0:0:1 "GET /budget/division/tree2?ownId=0&selectId=2543997172191232 HTTP/1.1" 200 (42 ms)
[25/Sep/2022:13:10:24 +0800] 0:0:0:0:0:0:0:1 "GET /budget/division/machine/tree?ownId=2543997172191232&selectId=2543997172191232&rootId=2543997172191232 HTTP/1.1" 200 (22 ms)
[25/Sep/2022:13:12:20 +0800] 0:0:0:0:0:0:0:1 "GET /budget/division/tree2?ownId=0&selectId=2543997172191232 HTTP/1.1" 200 (39 ms)
[25/Sep/2022:13:12:21 +0800] 0:0:0:0:0:0:0:1 "GET /budget/division/machine/tree?ownId=2543997172191232&selectId=2543997172191232&rootId=2543997172191232 HTTP/1.1" 200 (26 ms)
[25/Sep/2022:13:12:33 +0800] 0:0:0:0:0:0:0:1 "GET /budget/division/tree2?ownId=0&selectId=2543997172191232 HTTP/1.1" 200 (45 ms)
[25/Sep/2022:13:12:33 +0800] 0:0:0:0:0:0:0:1 "GET /favicon.ico HTTP/1.1" 404 (66 ms)
[25/Sep/2022:13:51:19 +0800] 0:0:0:0:0:0:0:1 "GET /project/tree?rootId=0 HTTP/1.1" 200 (106 ms)
[25/Sep/2022:13:51:19 +0800] 0:0:0:0:0:0:0:1 "GET /budget/division/tree2?ownId=0&selectId=2543997172191232 HTTP/1.1" 200 (52 ms)
[25/Sep/2022:13:51:19 +0800] 0:0:0:0:0:0:0:1 "GET /budget/division/machine/tree?ownId=2543997172191232&selectId=2543997172191232&rootId=2543997172191232 HTTP/1.1" 200 (25 ms)
[25/Sep/2022:13:55:51 +0800] 0:0:0:0:0:0:0:1 "GET /project/tree?rootId=0 HTTP/1.1" 200 (54 ms)
[25/Sep/2022:13:55:51 +0800] 0:0:0:0:0:0:0:1 "GET /budget/division/tree2?ownId=0&selectId=2543997172191232 HTTP/1.1" 200 (56 ms)
[25/Sep/2022:13:55:51 +0800] 0:0:0:0:0:0:0:1 "GET /budget/division/machine/tree?ownId=2543997172191232&selectId=2543997172191232&rootId=2543997172191232 HTTP/1.1" 200 (29 ms)
[25/Sep/2022:13:56:07 +0800] 0:0:0:0:0:0:0:1 "GET /budget/division/tree2?ownId=0&selectId=2543997172191232 HTTP/1.1" 200 (40 ms)
[25/Sep/2022:13:56:35 +0800] 0:0:0:0:0:0:0:1 "GET /project/tree?rootId=0 HTTP/1.1" 200 (33 ms)
[25/Sep/2022:13:56:35 +0800] 0:0:0:0:0:0:0:1 "GET /budget/division/tree2?ownId=0&selectId=2543997172191232 HTTP/1.1" 200 (64 ms)
[25/Sep/2022:13:56:35 +0800] 0:0:0:0:0:0:0:1 "GET /budget/division/machine/tree?ownId=2543997172191232&selectId=2543997172191232&rootId=2543997172191232 HTTP/1.1" 200 (21 ms)
[25/Sep/2022:13:59:01 +0800] 0:0:0:0:0:0:0:1 "GET /project/tree?rootId=0 HTTP/1.1" 200 (31 ms)
[25/Sep/2022:13:59:01 +0800] 0:0:0:0:0:0:0:1 "GET /budget/division/tree2?ownId=0&selectId=2543997172191232 HTTP/1.1" 200 (65 ms)
[25/Sep/2022:13:59:01 +0800] 0:0:0:0:0:0:0:1 "GET /budget/division/machine/tree?ownId=2543997172191232&selectId=2543997172191232&rootId=2543997172191232 HTTP/1.1" 200 (24 ms)
[25/Sep/2022:13:59:12 +0800] 0:0:0:0:0:0:0:1 "GET /project/tree?rootId=0 HTTP/1.1" 200 (20 ms)
[25/Sep/2022:13:59:12 +0800] 0:0:0:0:0:0:0:1 "GET /plan/division/tree2?ownId=0&selectId=2543997172191232 HTTP/1.1" 200 (44 ms)
[25/Sep/2022:13:59:12 +0800] 0:0:0:0:0:0:0:1 "GET /plan/division/machine/tree?ownId=2543997172191232&selectId=2543997172191232&rootId=2543997172191232 HTTP/1.1" 200 (19 ms)
[25/Sep/2022:14:00:19 +0800] 0:0:0:0:0:0:0:1 "GET /project/tree?rootId=0 HTTP/1.1" 200 (34 ms)
[25/Sep/2022:14:00:19 +0800] 0:0:0:0:0:0:0:1 "GET /plan/division/tree2?ownId=0&selectId=2543997172191232 HTTP/1.1" 200 (67 ms)
[25/Sep/2022:14:00:19 +0800] 0:0:0:0:0:0:0:1 "GET /plan/division/machine/tree?ownId=2543997172191232&selectId=2543997172191232&rootId=2543997172191232 HTTP/1.1" 200 (21 ms)
[25/Sep/2022:14:01:53 +0800] 0:0:0:0:0:0:0:1 "GET /project/tree?rootId=0 HTTP/1.1" 200 (49 ms)
[25/Sep/2022:14:01:53 +0800] 0:0:0:0:0:0:0:1 "GET /actual/division/tree2?ownId=0&selectId=2543997172191232 HTTP/1.1" 500 (168 ms)
[25/Sep/2022:14:02:23 +0800] 0:0:0:0:0:0:0:1 "GET /project/tree?rootId=0 HTTP/1.1" 200 (27 ms)
[25/Sep/2022:14:02:23 +0800] 0:0:0:0:0:0:0:1 "GET /actual/division/tree2?ownId=0&selectId=2543997172191232 HTTP/1.1" 500 (66 ms)
[25/Sep/2022:14:07:11 +0800] 0:0:0:0:0:0:0:1 "GET /project/tree?rootId=0 HTTP/1.1" 200 (52 ms)
[25/Sep/2022:14:07:11 +0800] 0:0:0:0:0:0:0:1 "GET /budget/division/tree2?ownId=0&selectId=2543997172191232 HTTP/1.1" 200 (38 ms)
[25/Sep/2022:14:07:11 +0800] 0:0:0:0:0:0:0:1 "GET /budget/division/machine/tree?ownId=2543997172191232&selectId=2543997172191232&rootId=2543997172191232 HTTP/1.1" 200 (27 ms)
[25/Sep/2022:14:07:16 +0800] 0:0:0:0:0:0:0:1 "OPTIONS /budget/import/ HTTP/1.1" 200 (2 ms)
[25/Sep/2022:14:07:16 +0800] 0:0:0:0:0:0:0:1 "POST /budget/import/ HTTP/1.1" 200 (177 ms)
[25/Sep/2022:14:07:16 +0800] 0:0:0:0:0:0:0:1 "GET /budget/division/tree2?ownId=0&selectId=2543997172191232 HTTP/1.1" 200 (40 ms)
[25/Sep/2022:14:07:16 +0800] 0:0:0:0:0:0:0:1 "GET /budget/division/machine/tree?ownId=2543997172191232&selectId=2543997172191232&rootId=2543997172191232 HTTP/1.1" 200 (51 ms)
[25/Sep/2022:14:07:23 +0800] 0:0:0:0:0:0:0:1 "GET /project/tree?rootId=0 HTTP/1.1" 200 (22 ms)
[25/Sep/2022:14:07:23 +0800] 0:0:0:0:0:0:0:1 "GET /actual/division/tree2?ownId=0&selectId=2543997172191232 HTTP/1.1" 200 (41 ms)
[25/Sep/2022:14:07:23 +0800] 0:0:0:0:0:0:0:1 "GET /actual/division/machine/tree?ownId=2543997172191232&selectId=2543997172191232&rootId=2543997172191232 HTTP/1.1" 200 (28 ms)
[25/Sep/2022:14:09:10 +0800] 0:0:0:0:0:0:0:1 "GET /project/tree?rootId=0 HTTP/1.1" 200 (6014 ms)
[25/Sep/2022:14:09:10 +0800] 127.0.0.1 "GET /project/tree?rootId=0 HTTP/1.1" 200 (819 ms)
[25/Sep/2022:14:09:10 +0800] 127.0.0.1 "GET /actual/division/tree2?ownId=0&selectId=2543997172191232 HTTP/1.1" 200 (69 ms)
[25/Sep/2022:14:09:10 +0800] 127.0.0.1 "GET /actual/division/machine/tree?ownId=2543997172191232&selectId=2543997172191232&rootId=2543997172191232 HTTP/1.1" 200 (35 ms)
[25/Sep/2022:14:09:14 +0800] 127.0.0.1 "GET /actual/division/machine/tree?ownId=5029055099441152&selectId=5029055099441152&rootId=5029055099441152 HTTP/1.1" 200 (29 ms)
[25/Sep/2022:14:09:17 +0800] 127.0.0.1 "GET /actual/division/machine/tree?ownId=5029055057498112&selectId=5029055057498112&rootId=5029055057498112 HTTP/1.1" 200 (17 ms)
[25/Sep/2022:14:09:53 +0800] 127.0.0.1 "GET /project/tree?rootId=0 HTTP/1.1" 200 (38 ms)
[25/Sep/2022:14:09:54 +0800] 127.0.0.1 "GET /actual/division/tree2?ownId=0&selectId=2543997172191232 HTTP/1.1" 200 (120 ms)
[25/Sep/2022:14:09:54 +0800] 127.0.0.1 "GET /actual/division/machine/tree?ownId=2543997172191232&selectId=2543997172191232&rootId=2543997172191232 HTTP/1.1" 200 (21 ms)
[25/Sep/2022:14:25:41 +0800] 0:0:0:0:0:0:0:1 "GET /project/tree?rootId=0 HTTP/1.1" 200 (1004 ms)
[25/Sep/2022:14:25:41 +0800] 0:0:0:0:0:0:0:1 "GET /actual/division/tree2?ownId=0&selectId=2543997172191232 HTTP/1.1" 200 (71 ms)
[25/Sep/2022:14:25:41 +0800] 0:0:0:0:0:0:0:1 "GET /actual/division/machine/tree?ownId=2543997172191232&selectId=2543997172191232&rootId=2543997172191232 HTTP/1.1" 200 (34 ms)
[25/Sep/2022:14:26:26 +0800] 0:0:0:0:0:0:0:1 "GET /project/tree?rootId=0 HTTP/1.1" 200 (30 ms)
[25/Sep/2022:14:26:27 +0800] 0:0:0:0:0:0:0:1 "GET /budget/division/tree2?ownId=0&selectId=2543997172191232 HTTP/1.1" 200 (68 ms)
[25/Sep/2022:14:26:27 +0800] 0:0:0:0:0:0:0:1 "GET /budget/division/machine/tree?ownId=2543997172191232&selectId=2543997172191232&rootId=2543997172191232 HTTP/1.1" 200 (40 ms)
[25/Sep/2022:14:26:35 +0800] 0:0:0:0:0:0:0:1 "GET /project/tree?rootId=0 HTTP/1.1" 200 (56 ms)
[25/Sep/2022:14:26:35 +0800] 0:0:0:0:0:0:0:1 "GET /plan/division/tree2?ownId=0&selectId=2543997172191232 HTTP/1.1" 200 (56 ms)
[25/Sep/2022:14:26:35 +0800] 0:0:0:0:0:0:0:1 "GET /plan/division/machine/tree?ownId=2543997172191232&selectId=2543997172191232&rootId=2543997172191232 HTTP/1.1" 200 (32 ms)
[25/Sep/2022:14:31:45 +0800] 0:0:0:0:0:0:0:1 "GET /plan/division/machine/tree?ownId=5029055036526592&selectId=5029055036526592&rootId=5029055036526592 HTTP/1.1" 200 (29 ms)
[25/Sep/2022:14:31:45 +0800] 0:0:0:0:0:0:0:1 "GET /plan/division/machine/tree?ownId=5029055036526592&selectId=5029055036526592&rootId=5029055036526592 HTTP/1.1" 200 (26 ms)
[25/Sep/2022:14:31:49 +0800] 0:0:0:0:0:0:0:1 "GET /plan/division/machine/tree?ownId=5029055019749376&selectId=5029055019749376&rootId=5029055019749376 HTTP/1.1" 200 (15 ms)
[25/Sep/2022:14:31:49 +0800] 0:0:0:0:0:0:0:1 "OPTIONS /plan/division/push HTTP/1.1" 200 (4 ms)
[25/Sep/2022:14:31:49 +0800] 0:0:0:0:0:0:0:1 "GET /plan/division/machine/tree?ownId=5029055019749376&selectId=5029055019749376&rootId=5029055019749376 HTTP/1.1" 200 (45 ms)
[25/Sep/2022:14:31:49 +0800] 0:0:0:0:0:0:0:1 "POST /plan/division/push HTTP/1.1" 200 (187 ms)
[25/Sep/2022:14:31:51 +0800] 0:0:0:0:0:0:0:1 "GET /plan/division/machine/tree?ownId=5029054998777856&selectId=5029054998777856&rootId=5029054998777856 HTTP/1.1" 200 (17 ms)
[25/Sep/2022:14:31:51 +0800] 0:0:0:0:0:0:0:1 "POST /plan/division/push HTTP/1.1" 200 (17 ms)
[25/Sep/2022:14:31:52 +0800] 0:0:0:0:0:0:0:1 "GET /plan/division/machine/tree?ownId=5029054998777856&selectId=5029054998777856&rootId=5029054998777856 HTTP/1.1" 200 (15 ms)
[25/Sep/2022:14:31:52 +0800] 0:0:0:0:0:0:0:1 "GET /plan/division/machine/tree?ownId=5029054998777856&selectId=5029054998777856&rootId=5029054998777856 HTTP/1.1" 200 (17 ms)
[25/Sep/2022:14:31:54 +0800] 0:0:0:0:0:0:0:1 "GET /plan/division/machine/tree?ownId=5029054944251904&selectId=5029054944251904&rootId=5029054944251904 HTTP/1.1" 200 (16 ms)
[25/Sep/2022:14:31:54 +0800] 0:0:0:0:0:0:0:1 "POST /plan/division/push HTTP/1.1" 200 (31 ms)
[25/Sep/2022:14:31:54 +0800] 0:0:0:0:0:0:0:1 "GET /plan/division/machine/tree?ownId=5029054944251904&selectId=5029054944251904&rootId=5029054944251904 HTTP/1.1" 200 (23 ms)
[25/Sep/2022:14:31:56 +0800] 0:0:0:0:0:0:0:1 "GET /plan/division/machine/tree?ownId=5029054998777856&selectId=5029054998777856&rootId=5029054998777856 HTTP/1.1" 200 (16 ms)
[25/Sep/2022:14:31:57 +0800] 0:0:0:0:0:0:0:1 "GET /plan/division/tree2?ownId=0&selectId=3 HTTP/1.1" 200 (39 ms)
[25/Sep/2022:14:31:57 +0800] 0:0:0:0:0:0:0:1 "GET /plan/division/machine/tree?ownId=3&selectId=3&rootId=3 HTTP/1.1" 200 (31 ms)
[25/Sep/2022:14:31:57 +0800] 0:0:0:0:0:0:0:1 "GET /plan/division/machine/tree?ownId=13&selectId=13&rootId=13 HTTP/1.1" 200 (51 ms)
[25/Sep/2022:14:31:58 +0800] 0:0:0:0:0:0:0:1 "GET /plan/division/tree2?ownId=0&selectId=2543997172191232 HTTP/1.1" 200 (36 ms)
[25/Sep/2022:14:31:58 +0800] 0:0:0:0:0:0:0:1 "GET /plan/division/machine/tree?ownId=2543997172191232&selectId=2543997172191232&rootId=2543997172191232 HTTP/1.1" 200 (17 ms)
[25/Sep/2022:14:33:10 +0800] 0:0:0:0:0:0:0:1 "GET /project/tree?rootId=0 HTTP/1.1" 200 (29 ms)
[25/Sep/2022:14:33:10 +0800] 0:0:0:0:0:0:0:1 "GET /budget/division/tree2?ownId=0&selectId=2543997172191232 HTTP/1.1" 200 (50 ms)
[25/Sep/2022:14:33:11 +0800] 0:0:0:0:0:0:0:1 "GET /budget/division/machine/tree?ownId=2543997172191232&selectId=2543997172191232&rootId=2543997172191232 HTTP/1.1" 200 (21 ms)
[25/Sep/2022:14:33:18 +0800] 0:0:0:0:0:0:0:1 "GET /project/tree?rootId=0 HTTP/1.1" 200 (22 ms)
[25/Sep/2022:14:33:18 +0800] 0:0:0:0:0:0:0:1 "GET /actual/division/tree2?ownId=0&selectId=2543997172191232 HTTP/1.1" 200 (45 ms)
[25/Sep/2022:14:33:18 +0800] 0:0:0:0:0:0:0:1 "GET /actual/division/machine/tree?ownId=2543997172191232&selectId=2543997172191232&rootId=2543997172191232 HTTP/1.1" 200 (24 ms)
[25/Sep/2022:14:34:46 +0800] 0:0:0:0:0:0:0:1 "GET /project/tree?rootId=0 HTTP/1.1" 200 (49 ms)
[25/Sep/2022:14:34:46 +0800] 0:0:0:0:0:0:0:1 "GET /actual/division/tree2?ownId=0&selectId=2543997172191232 HTTP/1.1" 200 (64 ms)
[25/Sep/2022:14:34:46 +0800] 0:0:0:0:0:0:0:1 "GET /actual/division/machine/tree?ownId=2543997172191232&selectId=2543997172191232&rootId=2543997172191232 HTTP/1.1" 200 (21 ms)
[25/Sep/2022:14:34:53 +0800] 0:0:0:0:0:0:0:1 "GET /actual/division/machine/tree?ownId=5029055078469632&selectId=5029055078469632&rootId=5029055078469632 HTTP/1.1" 200 (18 ms)
[25/Sep/2022:14:35:36 +0800] 0:0:0:0:0:0:0:1 "GET /project/tree?rootId=0 HTTP/1.1" 200 (20 ms)
[25/Sep/2022:14:35:36 +0800] 0:0:0:0:0:0:0:1 "GET /budget/division/tree2?ownId=0&selectId=2543997172191232 HTTP/1.1" 200 (51 ms)
[25/Sep/2022:14:35:36 +0800] 0:0:0:0:0:0:0:1 "GET /budget/division/machine/tree?ownId=2543997172191232&selectId=2543997172191232&rootId=2543997172191232 HTTP/1.1" 200 (23 ms)
[25/Sep/2022:14:35:57 +0800] 0:0:0:0:0:0:0:1 "GET /project/tree?rootId=0 HTTP/1.1" 200 (21 ms)
[25/Sep/2022:14:35:57 +0800] 0:0:0:0:0:0:0:1 "GET /actual/division/tree2?ownId=0&selectId=2543997172191232 HTTP/1.1" 200 (40 ms)
[25/Sep/2022:14:35:57 +0800] 0:0:0:0:0:0:0:1 "GET /actual/division/machine/tree?ownId=2543997172191232&selectId=2543997172191232&rootId=2543997172191232 HTTP/1.1" 200 (19 ms)
[25/Sep/2022:14:36:07 +0800] 0:0:0:0:0:0:0:1 "GET /actual/division/machine/tree?ownId=5029054944251904&selectId=5029054944251904&rootId=5029054944251904 HTTP/1.1" 200 (21 ms)
[25/Sep/2022:14:36:08 +0800] 0:0:0:0:0:0:0:1 "GET /actual/division/machine/tree?ownId=5029054944251904&selectId=5029054944251904&rootId=5029054944251904 HTTP/1.1" 200 (16 ms)
[25/Sep/2022:14:36:09 +0800] 0:0:0:0:0:0:0:1 "GET /actual/division/machine/tree?ownId=5029055019749376&selectId=5029055019749376&rootId=5029055019749376 HTTP/1.1" 200 (15 ms)
[25/Sep/2022:14:36:10 +0800] 0:0:0:0:0:0:0:1 "GET /actual/division/machine/tree?ownId=5029054998777856&selectId=5029054998777856&rootId=5029054998777856 HTTP/1.1" 200 (14 ms)
[25/Sep/2022:14:36:10 +0800] 0:0:0:0:0:0:0:1 "GET /actual/division/machine/tree?ownId=5029054998777856&selectId=5029054998777856&rootId=5029054998777856 HTTP/1.1" 200 (16 ms)
[25/Sep/2022:14:36:12 +0800] 0:0:0:0:0:0:0:1 "GET /actual/division/machine/tree?ownId=5029055019749376&selectId=5029055019749376&rootId=5029055019749376 HTTP/1.1" 200 (16 ms)
[25/Sep/2022:14:36:12 +0800] 0:0:0:0:0:0:0:1 "OPTIONS /actual/division/push HTTP/1.1" 200 (2 ms)
[25/Sep/2022:14:36:13 +0800] 0:0:0:0:0:0:0:1 "POST /actual/division/push HTTP/1.1" 200 (315 ms)
[25/Sep/2022:14:36:14 +0800] 0:0:0:0:0:0:0:1 "GET /actual/division/tree2?ownId=0&selectId=3 HTTP/1.1" 200 (35 ms)
[25/Sep/2022:14:36:14 +0800] 0:0:0:0:0:0:0:1 "GET /actual/division/machine/tree?ownId=3&selectId=3&rootId=3 HTTP/1.1" 200 (19 ms)
[25/Sep/2022:14:36:14 +0800] 0:0:0:0:0:0:0:1 "GET /actual/division/machine/tree?ownId=13&selectId=13&rootId=13 HTTP/1.1" 200 (28 ms)
[25/Sep/2022:14:36:14 +0800] 0:0:0:0:0:0:0:1 "GET /actual/division/tree2?ownId=0&selectId=2543997172191232 HTTP/1.1" 200 (34 ms)
[25/Sep/2022:14:36:15 +0800] 0:0:0:0:0:0:0:1 "GET /actual/division/machine/tree?ownId=2543997172191232&selectId=2543997172191232&rootId=2543997172191232 HTTP/1.1" 200 (19 ms)
[25/Sep/2022:14:47:02 +0800] 0:0:0:0:0:0:0:1 "GET /project/tree?rootId=0 HTTP/1.1" 200 (55 ms)
[25/Sep/2022:14:47:02 +0800] 0:0:0:0:0:0:0:1 "GET /budget/measure/tree2?ownId=0&selectId=2543997172191232 HTTP/1.1" 200 (47 ms)
[25/Sep/2022:14:47:02 +0800] 0:0:0:0:0:0:0:1 "GET /budget/measure/machine/tree?ownId=2543997172191232&selectId=2543997172191232&rootId=2543997172191232 HTTP/1.1" 200 (30 ms)
[25/Sep/2022:14:47:11 +0800] 0:0:0:0:0:0:0:1 "GET /project/tree?rootId=0 HTTP/1.1" 200 (21 ms)
[25/Sep/2022:14:47:11 +0800] 0:0:0:0:0:0:0:1 "GET /plan/measure/tree2?ownId=0&selectId=2543997172191232 HTTP/1.1" 200 (37 ms)
[25/Sep/2022:14:47:12 +0800] 0:0:0:0:0:0:0:1 "GET /plan/measure/machine/tree?ownId=2543997172191232&selectId=2543997172191232&rootId=2543997172191232 HTTP/1.1" 200 (40 ms)
[25/Sep/2022:15:04:38 +0800] 0:0:0:0:0:0:0:1 "GET /project/tree?rootId=0 HTTP/1.1" 200 (1049 ms)
[25/Sep/2022:15:04:38 +0800] 0:0:0:0:0:0:0:1 "GET /plan/measure/tree2?ownId=0&selectId=2543997172191232 HTTP/1.1" 200 (57 ms)
[25/Sep/2022:15:04:38 +0800] 0:0:0:0:0:0:0:1 "GET /plan/measure/machine/tree?ownId=2543997172191232&selectId=2543997172191232&rootId=2543997172191232 HTTP/1.1" 200 (28 ms)
[25/Sep/2022:15:04:40 +0800] 0:0:0:0:0:0:0:1 "GET /plan/measure/tree2?ownId=0&selectId=2 HTTP/1.1" 200 (39 ms)
[25/Sep/2022:15:04:40 +0800] 0:0:0:0:0:0:0:1 "GET /plan/measure/machine/tree?ownId=2&selectId=2&rootId=2 HTTP/1.1" 200 (17 ms)
[25/Sep/2022:15:05:04 +0800] 0:0:0:0:0:0:0:1 "GET /project/tree?rootId=0 HTTP/1.1" 200 (39 ms)
[25/Sep/2022:15:05:04 +0800] 0:0:0:0:0:0:0:1 "GET /budget/division/tree2?ownId=0&selectId=2543997172191232 HTTP/1.1" 200 (56 ms)
[25/Sep/2022:15:05:04 +0800] 0:0:0:0:0:0:0:1 "GET /budget/division/machine/tree?ownId=2543997172191232&selectId=2543997172191232&rootId=2543997172191232 HTTP/1.1" 200 (36 ms)
[25/Sep/2022:15:07:12 +0800] 0:0:0:0:0:0:0:1 "GET /project/tree?rootId=0 HTTP/1.1" 200 (57 ms)
[25/Sep/2022:15:07:12 +0800] 0:0:0:0:0:0:0:1 "GET /budget/division/tree2?ownId=0&selectId=2543997172191232 HTTP/1.1" 200 (70 ms)
[25/Sep/2022:15:07:12 +0800] 0:0:0:0:0:0:0:1 "GET /budget/division/machine/tree?ownId=2543997172191232&selectId=2543997172191232&rootId=2543997172191232 HTTP/1.1" 200 (23 ms)
[25/Sep/2022:15:08:04 +0800] 0:0:0:0:0:0:0:1 "GET /budget/division/tree2?ownId=0&selectId=2543997172191232 HTTP/1.1" 200 (35 ms)
[25/Sep/2022:15:08:04 +0800] 0:0:0:0:0:0:0:1 "GET /budget/division/machine/tree?ownId=2543997172191232&selectId=2543997172191232&rootId=2543997172191232 HTTP/1.1" 200 (20 ms)
[25/Sep/2022:15:08:08 +0800] 0:0:0:0:0:0:0:1 "OPTIONS /budget/import/ HTTP/1.1" 200 (9 ms)
[25/Sep/2022:15:08:08 +0800] 0:0:0:0:0:0:0:1 "POST /budget/import/ HTTP/1.1" 200 (794 ms)
[25/Sep/2022:15:08:08 +0800] 0:0:0:0:0:0:0:1 "GET /budget/division/tree2?ownId=0&selectId=2543997172191232 HTTP/1.1" 200 (33 ms)
[25/Sep/2022:15:08:09 +0800] 0:0:0:0:0:0:0:1 "GET /budget/division/machine/tree?ownId=2543997172191232&selectId=2543997172191232&rootId=2543997172191232 HTTP/1.1" 200 (21 ms)
[25/Sep/2022:15:08:13 +0800] 0:0:0:0:0:0:0:1 "GET /project/tree?rootId=0 HTTP/1.1" 200 (22 ms)
[25/Sep/2022:15:08:13 +0800] 0:0:0:0:0:0:0:1 "GET /budget/measure/tree2?ownId=0&selectId=2543997172191232 HTTP/1.1" 200 (54 ms)
[25/Sep/2022:15:08:13 +0800] 0:0:0:0:0:0:0:1 "GET /budget/measure/machine/tree?ownId=2543997172191232&selectId=2543997172191232&rootId=2543997172191232 HTTP/1.1" 200 (32 ms)
[25/Sep/2022:15:08:22 +0800] 0:0:0:0:0:0:0:1 "GET /project/tree?rootId=0 HTTP/1.1" 200 (24 ms)
[25/Sep/2022:15:08:22 +0800] 0:0:0:0:0:0:0:1 "GET /plan/measure/tree2?ownId=0&selectId=2543997172191232 HTTP/1.1" 200 (40 ms)
[25/Sep/2022:15:08:23 +0800] 0:0:0:0:0:0:0:1 "GET /plan/measure/machine/tree?ownId=2543997172191232&selectId=2543997172191232&rootId=2543997172191232 HTTP/1.1" 200 (37 ms)
[25/Sep/2022:15:08:35 +0800] 0:0:0:0:0:0:0:1 "GET /project/tree?rootId=0 HTTP/1.1" 200 (26 ms)
[25/Sep/2022:15:08:35 +0800] 0:0:0:0:0:0:0:1 "GET /actual/measure/tree2?ownId=0&selectId=2543997172191232 HTTP/1.1" 200 (49 ms)
[25/Sep/2022:15:08:35 +0800] 0:0:0:0:0:0:0:1 "GET /actual/measure/machine/tree?ownId=2543997172191232&selectId=2543997172191232&rootId=2543997172191232 HTTP/1.1" 200 (28 ms)
[25/Sep/2022:15:09:08 +0800] 0:0:0:0:0:0:0:1 "GET /project/tree?rootId=0 HTTP/1.1" 200 (23 ms)
[25/Sep/2022:15:09:08 +0800] 0:0:0:0:0:0:0:1 "GET /actual/other/fetch?ownId=2543997172191232&selectId=2543997172191232 HTTP/1.1" 200 (45 ms)
[25/Sep/2022:15:09:17 +0800] 0:0:0:0:0:0:0:1 "GET /project/tree?rootId=0 HTTP/1.1" 200 (23 ms)
[25/Sep/2022:15:09:17 +0800] 0:0:0:0:0:0:0:1 "GET /report/project/tree2?ownId=0&selectId=2543997172191232 HTTP/1.1" 200 (95 ms)
[25/Sep/2022:17:06:48 +0800] 0:0:0:0:0:0:0:1 "GET /project/tree?rootId=0 HTTP/1.1" 200 (1339 ms)
[25/Sep/2022:17:06:48 +0800] 0:0:0:0:0:0:0:1 "GET /budget/division/tree2?ownId=0&selectId=2543997172191232 HTTP/1.1" 200 (71 ms)
[25/Sep/2022:17:06:48 +0800] 0:0:0:0:0:0:0:1 "GET /budget/division/machine/tree?ownId=2543997172191232&selectId=2543997172191232&rootId=2543997172191232 HTTP/1.1" 200 (45 ms)
[25/Sep/2022:17:06:50 +0800] 0:0:0:0:0:0:0:1 "GET /budget/division/tree2?ownId=0&selectId=2 HTTP/1.1" 200 (41 ms)
[25/Sep/2022:17:06:50 +0800] 0:0:0:0:0:0:0:1 "GET /budget/division/machine/tree?ownId=2&selectId=2&rootId=2 HTTP/1.1" 200 (21 ms)
[25/Sep/2022:17:06:51 +0800] 0:0:0:0:0:0:0:1 "GET /budget/division/tree2?ownId=0&selectId=2543997172191232 HTTP/1.1" 200 (43 ms)
[25/Sep/2022:17:06:51 +0800] 0:0:0:0:0:0:0:1 "GET /budget/division/machine/tree?ownId=2543997172191232&selectId=2543997172191232&rootId=2543997172191232 HTTP/1.1" 200 (26 ms)
[25/Sep/2022:17:06:59 +0800] 0:0:0:0:0:0:0:1 "GET /project/tree?rootId=0 HTTP/1.1" 200 (33 ms)
[25/Sep/2022:17:06:59 +0800] 0:0:0:0:0:0:0:1 "GET /report/project/tree2?ownId=0&selectId=2543997172191232 HTTP/1.1" 200 (67 ms)
[25/Sep/2022:17:10:09 +0800] 0:0:0:0:0:0:0:1 "GET /project/tree?rootId=0 HTTP/1.1" 200 (45 ms)
[25/Sep/2022:17:10:09 +0800] 0:0:0:0:0:0:0:1 "GET /report/project/tree2?ownId=0&selectId=2543997172191232 HTTP/1.1" 200 (103 ms)
[25/Sep/2022:17:11:25 +0800] 0:0:0:0:0:0:0:1 "GET /report/project/tree2?ownId=0&selectId=2543997172191232 HTTP/1.1" 200 (57 ms)
[25/Sep/2022:17:11:33 +0800] 0:0:0:0:0:0:0:1 "GET /report/project/tree2?ownId=0&selectId=2543997172191232 HTTP/1.1" 200 (62 ms)
[25/Sep/2022:17:23:24 +0800] 0:0:0:0:0:0:0:1 "GET /project/tree?rootId=0 HTTP/1.1" 200 (1459 ms)
[25/Sep/2022:17:23:24 +0800] 0:0:0:0:0:0:0:1 "GET /report/project/tree2?ownId=0&selectId=2543997172191232 HTTP/1.1" 200 (80 ms)
[25/Sep/2022:17:39:24 +0800] 0:0:0:0:0:0:0:1 "GET /project/tree?rootId=0 HTTP/1.1" 200 (1014 ms)
[25/Sep/2022:17:39:24 +0800] 0:0:0:0:0:0:0:1 "GET /report/project/tree2?ownId=0&selectId=2543997172191232 HTTP/1.1" 200 (82 ms)
[25/Sep/2022:17:41:55 +0800] 0:0:0:0:0:0:0:1 "GET /project/tree?rootId=0 HTTP/1.1" 200 (68 ms)
[25/Sep/2022:17:41:55 +0800] 0:0:0:0:0:0:0:1 "GET /report/project/tree2?ownId=0&selectId=2543997172191232 HTTP/1.1" 200 (74 ms)
[25/Sep/2022:17:42:00 +0800] 0:0:0:0:0:0:0:1 "GET /project/tree?rootId=0 HTTP/1.1" 200 (30 ms)
[25/Sep/2022:17:42:00 +0800] 0:0:0:0:0:0:0:1 "GET /report/project/tree2?ownId=0&selectId=2543997172191232 HTTP/1.1" 200 (93 ms)
[25/Sep/2022:17:46:24 +0800] 0:0:0:0:0:0:0:1 "GET /project/tree?rootId=0 HTTP/1.1" 200 (32 ms)
[25/Sep/2022:17:46:24 +0800] 0:0:0:0:0:0:0:1 "GET /report/project/tree2?ownId=0&selectId=2543997172191232 HTTP/1.1" 200 (90 ms)
[25/Sep/2022:17:47:43 +0800] 0:0:0:0:0:0:0:1 "GET /project/tree?rootId=0 HTTP/1.1" 200 (56 ms)
[25/Sep/2022:17:47:43 +0800] 0:0:0:0:0:0:0:1 "GET /plan/division/tree2?ownId=0&selectId=2543997172191232 HTTP/1.1" 200 (67 ms)
[25/Sep/2022:17:47:43 +0800] 0:0:0:0:0:0:0:1 "GET /plan/division/machine/tree?ownId=2543997172191232&selectId=2543997172191232&rootId=2543997172191232 HTTP/1.1" 200 (32 ms)
[25/Sep/2022:17:47:54 +0800] 0:0:0:0:0:0:0:1 "GET /plan/division/machine/tree?ownId=5044374836744192&selectId=5044374836744192&rootId=5044374836744192 HTTP/1.1" 200 (25 ms)
[25/Sep/2022:17:47:54 +0800] 0:0:0:0:0:0:0:1 "GET /plan/division/machine/tree?ownId=5044374836744192&selectId=5044374836744192&rootId=5044374836744192 HTTP/1.1" 200 (16 ms)
[25/Sep/2022:17:47:59 +0800] 0:0:0:0:0:0:0:1 "GET /plan/division/machine/tree?ownId=5044374836744192&selectId=5044374836744192&rootId=5044374836744192 HTTP/1.1" 200 (15 ms)
[25/Sep/2022:17:47:59 +0800] 0:0:0:0:0:0:0:1 "OPTIONS /plan/division/push HTTP/1.1" 200 (6 ms)
[25/Sep/2022:17:47:59 +0800] 0:0:0:0:0:0:0:1 "GET /plan/division/machine/tree?ownId=5044374836744192&selectId=5044374836744192&rootId=5044374836744192 HTTP/1.1" 200 (22 ms)
[25/Sep/2022:17:47:59 +0800] 0:0:0:0:0:0:0:1 "GET /plan/division/machine/tree?ownId=5044374836744192&selectId=5044374836744192&rootId=5044374836744192 HTTP/1.1" 200 (47 ms)
[25/Sep/2022:17:47:59 +0800] 0:0:0:0:0:0:0:1 "POST /plan/division/push HTTP/1.1" 200 (209 ms)
[25/Sep/2022:17:48:00 +0800] 0:0:0:0:0:0:0:1 "GET /plan/division/machine/tree?ownId=5044374836744192&selectId=5044374836744192&rootId=5044374836744192 HTTP/1.1" 200 (16 ms)
[25/Sep/2022:17:48:00 +0800] 0:0:0:0:0:0:0:1 "GET /plan/division/machine/tree?ownId=5044374836744192&selectId=5044374836744192&rootId=5044374836744192 HTTP/1.1" 200 (14 ms)
[25/Sep/2022:17:48:02 +0800] 0:0:0:0:0:0:0:1 "GET /plan/division/machine/tree?ownId=5044374836744192&selectId=5044374836744192&rootId=5044374836744192 HTTP/1.1" 200 (15 ms)
[25/Sep/2022:17:48:02 +0800] 0:0:0:0:0:0:0:1 "POST /plan/division/push HTTP/1.1" 200 (13 ms)
[25/Sep/2022:17:48:03 +0800] 0:0:0:0:0:0:0:1 "GET /plan/division/machine/tree?ownId=5044374836744192&selectId=5044374836744192&rootId=5044374836744192 HTTP/1.1" 200 (20 ms)
[25/Sep/2022:17:48:05 +0800] 0:0:0:0:0:0:0:1 "GET /plan/division/machine/tree?ownId=5044374861910016&selectId=5044374861910016&rootId=5044374861910016 HTTP/1.1" 200 (16 ms)
[25/Sep/2022:17:48:05 +0800] 0:0:0:0:0:0:0:1 "POST /plan/division/push HTTP/1.1" 200 (43 ms)
[25/Sep/2022:17:48:11 +0800] 0:0:0:0:0:0:0:1 "GET /project/tree?rootId=0 HTTP/1.1" 200 (22 ms)
[25/Sep/2022:17:48:11 +0800] 0:0:0:0:0:0:0:1 "GET /budget/division/tree2?ownId=0&selectId=2543997172191232 HTTP/1.1" 200 (47 ms)
[25/Sep/2022:17:48:11 +0800] 0:0:0:0:0:0:0:1 "GET /budget/division/machine/tree?ownId=2543997172191232&selectId=2543997172191232&rootId=2543997172191232 HTTP/1.1" 200 (51 ms)
[25/Sep/2022:17:48:22 +0800] 0:0:0:0:0:0:0:1 "GET /project/tree?rootId=0 HTTP/1.1" 200 (24 ms)
[25/Sep/2022:17:48:22 +0800] 0:0:0:0:0:0:0:1 "GET /actual/division/tree2?ownId=0&selectId=2543997172191232 HTTP/1.1" 200 (45 ms)
[25/Sep/2022:17:48:22 +0800] 0:0:0:0:0:0:0:1 "GET /actual/division/machine/tree?ownId=2543997172191232&selectId=2543997172191232&rootId=2543997172191232 HTTP/1.1" 200 (34 ms)
[25/Sep/2022:17:48:26 +0800] 0:0:0:0:0:0:0:1 "GET /actual/division/machine/tree?ownId=5044374778023936&selectId=5044374778023936&rootId=5044374778023936 HTTP/1.1" 200 (19 ms)
[25/Sep/2022:17:48:26 +0800] 0:0:0:0:0:0:0:1 "GET /actual/division/machine/tree?ownId=5044374778023936&selectId=5044374778023936&rootId=5044374778023936 HTTP/1.1" 200 (14 ms)
[25/Sep/2022:17:48:29 +0800] 0:0:0:0:0:0:0:1 "GET /actual/division/machine/tree?ownId=5044374778023936&selectId=5044374778023936&rootId=5044374778023936 HTTP/1.1" 200 (15 ms)
[25/Sep/2022:17:48:29 +0800] 0:0:0:0:0:0:0:1 "OPTIONS /actual/division/push HTTP/1.1" 200 (1 ms)
[25/Sep/2022:17:48:29 +0800] 0:0:0:0:0:0:0:1 "GET /actual/division/machine/tree?ownId=5044374778023936&selectId=5044374778023936&rootId=5044374778023936 HTTP/1.1" 200 (16 ms)
[25/Sep/2022:17:48:29 +0800] 0:0:0:0:0:0:0:1 "POST /actual/division/push HTTP/1.1" 200 (52 ms)
[25/Sep/2022:17:48:30 +0800] 0:0:0:0:0:0:0:1 "GET /actual/division/machine/tree?ownId=5044374778023936&selectId=5044374778023936&rootId=5044374778023936 HTTP/1.1" 200 (17 ms)
[25/Sep/2022:17:48:30 +0800] 0:0:0:0:0:0:0:1 "GET /actual/division/machine/tree?ownId=5044374778023936&selectId=5044374778023936&rootId=5044374778023936 HTTP/1.1" 200 (14 ms)
[25/Sep/2022:17:48:33 +0800] 0:0:0:0:0:0:0:1 "GET /actual/division/machine/tree?ownId=5044374778023936&selectId=5044374778023936&rootId=5044374778023936 HTTP/1.1" 200 (14 ms)
[25/Sep/2022:17:48:33 +0800] 0:0:0:0:0:0:0:1 "POST /actual/division/push HTTP/1.1" 200 (17 ms)
[25/Sep/2022:17:48:33 +0800] 0:0:0:0:0:0:0:1 "GET /actual/division/machine/tree?ownId=5044374778023936&selectId=5044374778023936&rootId=5044374778023936 HTTP/1.1" 200 (19 ms)
[25/Sep/2022:17:48:35 +0800] 0:0:0:0:0:0:0:1 "GET /actual/division/machine/tree?ownId=5044374836744192&selectId=5044374836744192&rootId=5044374836744192 HTTP/1.1" 200 (14 ms)
[25/Sep/2022:17:48:35 +0800] 0:0:0:0:0:0:0:1 "POST /actual/division/push HTTP/1.1" 200 (14 ms)
[25/Sep/2022:17:48:35 +0800] 0:0:0:0:0:0:0:1 "GET /actual/division/machine/tree?ownId=5044374778023936&selectId=5044374778023936&rootId=5044374778023936 HTTP/1.1" 200 (14 ms)
[25/Sep/2022:17:48:38 +0800] 0:0:0:0:0:0:0:1 "GET /project/tree?rootId=0 HTTP/1.1" 200 (23 ms)
[25/Sep/2022:17:48:38 +0800] 0:0:0:0:0:0:0:1 "GET /actual/measure/tree2?ownId=0&selectId=2543997172191232 HTTP/1.1" 200 (52 ms)
[25/Sep/2022:17:48:39 +0800] 0:0:0:0:0:0:0:1 "GET /actual/measure/machine/tree?ownId=2543997172191232&selectId=2543997172191232&rootId=2543997172191232 HTTP/1.1" 200 (53 ms)
[25/Sep/2022:17:48:39 +0800] 0:0:0:0:0:0:0:1 "GET /project/tree?rootId=0 HTTP/1.1" 200 (49 ms)
[25/Sep/2022:17:48:39 +0800] 0:0:0:0:0:0:0:1 "GET /actual/division/tree2?ownId=0&selectId=2543997172191232 HTTP/1.1" 200 (37 ms)
[25/Sep/2022:17:48:40 +0800] 0:0:0:0:0:0:0:1 "GET /actual/division/machine/tree?ownId=2543997172191232&selectId=2543997172191232&rootId=2543997172191232 HTTP/1.1" 200 (20 ms)
[25/Sep/2022:17:49:22 +0800] 0:0:0:0:0:0:0:1 "GET /actual/division/machine/tree?ownId=5044374836744192&selectId=5044374836744192&rootId=5044374836744192 HTTP/1.1" 200 (17 ms)
[25/Sep/2022:17:49:22 +0800] 0:0:0:0:0:0:0:1 "GET /actual/division/machine/tree?ownId=5044374836744192&selectId=5044374836744192&rootId=5044374836744192 HTTP/1.1" 200 (15 ms)
[25/Sep/2022:17:49:25 +0800] 0:0:0:0:0:0:0:1 "GET /actual/division/machine/tree?ownId=5044374778023936&selectId=5044374778023936&rootId=5044374778023936 HTTP/1.1" 200 (13 ms)
[25/Sep/2022:17:49:25 +0800] 0:0:0:0:0:0:0:1 "GET /actual/division/machine/tree?ownId=5044374778023936&selectId=5044374778023936&rootId=5044374778023936 HTTP/1.1" 200 (19 ms)
[25/Sep/2022:17:49:26 +0800] 0:0:0:0:0:0:0:1 "POST /actual/division/push HTTP/1.1" 200 (299 ms)
[25/Sep/2022:17:49:28 +0800] 0:0:0:0:0:0:0:1 "GET /actual/division/tree2?ownId=0&selectId=3 HTTP/1.1" 200 (34 ms)
[25/Sep/2022:17:49:28 +0800] 0:0:0:0:0:0:0:1 "GET /actual/division/machine/tree?ownId=3&selectId=3&rootId=3 HTTP/1.1" 200 (18 ms)
[25/Sep/2022:17:49:28 +0800] 0:0:0:0:0:0:0:1 "GET /actual/division/machine/tree?ownId=13&selectId=13&rootId=13 HTTP/1.1" 200 (18 ms)
[25/Sep/2022:17:49:29 +0800] 0:0:0:0:0:0:0:1 "GET /actual/division/tree2?ownId=0&selectId=2543997172191232 HTTP/1.1" 200 (32 ms)
[25/Sep/2022:17:49:29 +0800] 0:0:0:0:0:0:0:1 "GET /actual/division/machine/tree?ownId=2543997172191232&selectId=2543997172191232&rootId=2543997172191232 HTTP/1.1" 200 (17 ms)
[25/Sep/2022:17:49:35 +0800] 0:0:0:0:0:0:0:1 "GET /actual/division/machine/tree?ownId=5044375004516352&selectId=5044375004516352&rootId=5044375004516352 HTTP/1.1" 200 (18 ms)
[25/Sep/2022:17:49:35 +0800] 0:0:0:0:0:0:0:1 "GET /actual/division/machine/tree?ownId=5044375004516352&selectId=5044375004516352&rootId=5044375004516352 HTTP/1.1" 200 (13 ms)
[25/Sep/2022:17:49:37 +0800] 0:0:0:0:0:0:0:1 "GET /actual/division/machine/tree?ownId=5044374987739136&selectId=5044374987739136&rootId=5044374987739136 HTTP/1.1" 200 (14 ms)
[25/Sep/2022:17:49:38 +0800] 0:0:0:0:0:0:0:1 "POST /actual/division/push HTTP/1.1" 200 (313 ms)
[25/Sep/2022:17:49:40 +0800] 0:0:0:0:0:0:0:1 "GET /actual/division/tree2?ownId=3&selectId=13 HTTP/1.1" 200 (32 ms)
[25/Sep/2022:17:49:40 +0800] 0:0:0:0:0:0:0:1 "GET /actual/division/machine/tree?ownId=13&selectId=13&rootId=13 HTTP/1.1" 200 (14 ms)
[25/Sep/2022:17:49:40 +0800] 0:0:0:0:0:0:0:1 "GET /actual/division/machine/tree?ownId=13&selectId=13&rootId=13 HTTP/1.1" 200 (13 ms)
[25/Sep/2022:17:49:40 +0800] 0:0:0:0:0:0:0:1 "GET /actual/division/tree2?ownId=0&selectId=2543997172191232 HTTP/1.1" 200 (32 ms)
[25/Sep/2022:17:49:41 +0800] 0:0:0:0:0:0:0:1 "GET /actual/division/machine/tree?ownId=2543997172191232&selectId=2543997172191232&rootId=2543997172191232 HTTP/1.1" 200 (19 ms)
[25/Sep/2022:17:49:51 +0800] 0:0:0:0:0:0:0:1 "GET /project/tree?rootId=0 HTTP/1.1" 200 (20 ms)
[25/Sep/2022:17:49:51 +0800] 0:0:0:0:0:0:0:1 "GET /budget/division/tree2?ownId=0&selectId=2543997172191232 HTTP/1.1" 200 (39 ms)
[25/Sep/2022:17:49:52 +0800] 0:0:0:0:0:0:0:1 "GET /budget/division/machine/tree?ownId=2543997172191232&selectId=2543997172191232&rootId=2543997172191232 HTTP/1.1" 200 (23 ms)
[25/Sep/2022:17:54:20 +0800] 0:0:0:0:0:0:0:1 "GET /project/tree?rootId=0 HTTP/1.1" 200 (1048 ms)
[25/Sep/2022:17:54:20 +0800] 0:0:0:0:0:0:0:1 "GET /budget/division/tree2?ownId=0&selectId=2543997172191232 HTTP/1.1" 200 (66 ms)
[25/Sep/2022:17:54:20 +0800] 0:0:0:0:0:0:0:1 "GET /budget/division/machine/tree?ownId=2543997172191232&selectId=2543997172191232&rootId=2543997172191232 HTTP/1.1" 200 (44 ms)
[25/Sep/2022:17:55:01 +0800] 0:0:0:0:0:0:0:1 "GET /project/tree?rootId=0 HTTP/1.1" 200 (34 ms)
[25/Sep/2022:17:55:01 +0800] 0:0:0:0:0:0:0:1 "GET /plan/division/tree2?ownId=0&selectId=2543997172191232 HTTP/1.1" 200 (58 ms)
[25/Sep/2022:17:55:01 +0800] 0:0:0:0:0:0:0:1 "GET /plan/division/machine/tree?ownId=2543997172191232&selectId=2543997172191232&rootId=2543997172191232 HTTP/1.1" 200 (28 ms)
[25/Sep/2022:17:55:10 +0800] 0:0:0:0:0:0:0:1 "GET /project/tree?rootId=0 HTTP/1.1" 200 (34 ms)
[25/Sep/2022:17:55:10 +0800] 0:0:0:0:0:0:0:1 "GET /actual/division/tree2?ownId=0&selectId=2543997172191232 HTTP/1.1" 200 (55 ms)
[25/Sep/2022:17:55:10 +0800] 0:0:0:0:0:0:0:1 "GET /actual/division/machine/tree?ownId=2543997172191232&selectId=2543997172191232&rootId=2543997172191232 HTTP/1.1" 200 (38 ms)
[25/Sep/2022:17:56:43 +0800] 0:0:0:0:0:0:0:1 "GET /project/tree?rootId=0 HTTP/1.1" 200 (1002 ms)
[25/Sep/2022:17:56:43 +0800] 0:0:0:0:0:0:0:1 "GET /actual/division/tree2?ownId=0&selectId=2543997172191232 HTTP/1.1" 200 (65 ms)
[25/Sep/2022:17:56:44 +0800] 0:0:0:0:0:0:0:1 "GET /actual/division/machine/tree?ownId=2543997172191232&selectId=2543997172191232&rootId=2543997172191232 HTTP/1.1" 200 (31 ms)
[25/Sep/2022:18:01:37 +0800] 0:0:0:0:0:0:0:1 "GET /project/tree?rootId=0 HTTP/1.1" 200 (1055 ms)
[25/Sep/2022:18:01:37 +0800] 0:0:0:0:0:0:0:1 "GET /actual/division/tree2?ownId=0&selectId=2543997172191232 HTTP/1.1" 200 (71 ms)
[25/Sep/2022:18:01:37 +0800] 0:0:0:0:0:0:0:1 "GET /actual/division/machine/tree?ownId=2543997172191232&selectId=2543997172191232&rootId=2543997172191232 HTTP/1.1" 200 (32 ms)
[25/Sep/2022:18:01:59 +0800] 0:0:0:0:0:0:0:1 "GET /project/tree?rootId=0 HTTP/1.1" 200 (34 ms)
[25/Sep/2022:18:01:59 +0800] 0:0:0:0:0:0:0:1 "GET /report/project/tree2?ownId=0&selectId=2543997172191232 HTTP/1.1" 200 (68 ms)
[25/Sep/2022:18:04:01 +0800] 0:0:0:0:0:0:0:1 "GET /project/tree?rootId=0 HTTP/1.1" 200 (1891 ms)
[25/Sep/2022:18:04:01 +0800] 0:0:0:0:0:0:0:1 "GET /report/project/tree2?ownId=0&selectId=2543997172191232 HTTP/1.1" 200 (110 ms)
[25/Sep/2022:18:04:33 +0800] 0:0:0:0:0:0:0:1 "GET /project/tree?rootId=0 HTTP/1.1" 200 (38 ms)
[25/Sep/2022:18:04:33 +0800] 0:0:0:0:0:0:0:1 "GET /report/project/tree2?ownId=0&selectId=2543997172191232&cmd=sj HTTP/1.1" 200 (66 ms)
[25/Sep/2022:18:05:36 +0800] 0:0:0:0:0:0:0:1 "GET /report/project/tree2?ownId=0&selectId=2543997172191232&cmd=sj HTTP/1.1" 200 (58 ms)
[25/Sep/2022:18:15:01 +0800] 0:0:0:0:0:0:0:1 "GET /project/tree?rootId=0 HTTP/1.1" 200 (53 ms)
[25/Sep/2022:18:15:01 +0800] 0:0:0:0:0:0:0:1 "GET /report/project/tree2?ownId=0&selectId=2543997172191232&cmd=sj HTTP/1.1" 200 (87 ms)
[25/Sep/2022:18:15:19 +0800] 0:0:0:0:0:0:0:1 "GET /project/tree?rootId=0 HTTP/1.1" 200 (24 ms)
[25/Sep/2022:18:15:19 +0800] 0:0:0:0:0:0:0:1 "GET /report/project/tree2?ownId=0&selectId=2543997172191232&cmd=ys HTTP/1.1" 200 (48 ms)
[25/Sep/2022:18:17:28 +0800] 0:0:0:0:0:0:0:1 "GET /report/project/tree2?ownId=0&selectId=2543997172191232&cmd=ys HTTP/1.1" 200 (46 ms)
[25/Sep/2022:18:17:30 +0800] 0:0:0:0:0:0:0:1 "GET /project/tree?rootId=0 HTTP/1.1" 200 (23 ms)
[25/Sep/2022:18:17:31 +0800] 0:0:0:0:0:0:0:1 "GET /report/project/tree2?ownId=0&selectId=2543997172191232&cmd=ys HTTP/1.1" 200 (101 ms)
[25/Sep/2022:18:17:47 +0800] 0:0:0:0:0:0:0:1 "GET /dict/subpackage/fetch?rootId=0 HTTP/1.1" 200 (360 ms)
[25/Sep/2022:18:17:47 +0800] 0:0:0:0:0:0:0:1 "GET /budget/division/machine/tree?ownId=4973770171355136&selectId=4973770171355136&rootId=4973770171355136 HTTP/1.1" 200 (22 ms)
[25/Sep/2022:18:18:36 +0800] 0:0:0:0:0:0:0:1 "GET /project/tree?rootId=0 HTTP/1.1" 200 (30 ms)
[25/Sep/2022:18:18:36 +0800] 0:0:0:0:0:0:0:1 "GET /budget/division/tree2?ownId=0&selectId=2543997172191232 HTTP/1.1" 200 (48 ms)
[25/Sep/2022:18:18:36 +0800] 0:0:0:0:0:0:0:1 "GET /budget/division/machine/tree?ownId=2543997172191232&selectId=2543997172191232&rootId=2543997172191232 HTTP/1.1" 200 (29 ms)
[25/Sep/2022:18:18:41 +0800] 0:0:0:0:0:0:0:1 "GET /dict/subpackage/fetch HTTP/1.1" 200 (10 ms)
[25/Sep/2022:18:18:55 +0800] 0:0:0:0:0:0:0:1 "GET /budget/division/machine/tree?ownId=5044374916435968&selectId=5044374916435968&rootId=5044374916435968 HTTP/1.1" 200 (18 ms)
[25/Sep/2022:18:18:56 +0800] 0:0:0:0:0:0:0:1 "GET /budget/division/machine/tree?ownId=5044374887075840&selectId=5044374887075840&rootId=5044374887075840 HTTP/1.1" 200 (17 ms)
[25/Sep/2022:18:19:03 +0800] 0:0:0:0:0:0:0:1 "GET /project/tree?rootId=0 HTTP/1.1" 200 (49 ms)
[25/Sep/2022:18:19:03 +0800] 0:0:0:0:0:0:0:1 "GET /actual/division/tree2?ownId=0&selectId=2543997172191232 HTTP/1.1" 200 (62 ms)
[25/Sep/2022:18:19:03 +0800] 0:0:0:0:0:0:0:1 "GET /actual/division/machine/tree?ownId=2543997172191232&selectId=2543997172191232&rootId=2543997172191232 HTTP/1.1" 200 (27 ms)
[25/Sep/2022:18:19:11 +0800] 0:0:0:0:0:0:0:1 "GET /actual/division/machine/tree?ownId=2543997172191232&selectId=2543997172191232&rootId=2543997172191232 HTTP/1.1" 200 (25 ms)
[25/Sep/2022:18:19:14 +0800] 0:0:0:0:0:0:0:1 "GET /actual/division/machine/tree?ownId=5044374199209984&selectId=5044374199209984&rootId=5044374199209984 HTTP/1.1" 200 (14 ms)
[25/Sep/2022:18:19:17 +0800] 0:0:0:0:0:0:0:1 "GET /actual/division/machine/tree?ownId=5044374748663808&selectId=5044374748663808&rootId=5044374748663808 HTTP/1.1" 200 (15 ms)
[25/Sep/2022:18:19:31 +0800] 0:0:0:0:0:0:0:1 "GET /actual/division/machine/tree?ownId=5044374748663808&selectId=5044374748663808&rootId=5044374748663808 HTTP/1.1" 200 (18 ms)
[25/Sep/2022:18:19:40 +0800] 0:0:0:0:0:0:0:1 "OPTIONS /actual/division/machine/push HTTP/1.1" 200 (4 ms)
[25/Sep/2022:18:19:40 +0800] 0:0:0:0:0:0:0:1 "POST /actual/division/machine/push HTTP/1.1" 200 (456 ms)
[25/Sep/2022:18:19:44 +0800] 0:0:0:0:0:0:0:1 "POST /actual/division/machine/push HTTP/1.1" 200 (21 ms)
[25/Sep/2022:18:19:49 +0800] 0:0:0:0:0:0:0:1 "POST /actual/division/machine/push HTTP/1.1" 200 (12 ms)
[25/Sep/2022:18:19:54 +0800] 0:0:0:0:0:0:0:1 "GET /actual/division/machine/tree?ownId=5044374778023936&selectId=5044374778023936&rootId=5044374778023936 HTTP/1.1" 200 (19 ms)
[25/Sep/2022:18:19:58 +0800] 0:0:0:0:0:0:0:1 "GET /actual/division/machine/tree?ownId=5044374748663808&selectId=5044374748663808&rootId=5044374748663808 HTTP/1.1" 200 (20 ms)
[25/Sep/2022:18:20:23 +0800] 0:0:0:0:0:0:0:1 "GET /project/tree?rootId=0 HTTP/1.1" 200 (20 ms)
[25/Sep/2022:18:20:23 +0800] 0:0:0:0:0:0:0:1 "GET /budget/division/tree2?ownId=0&selectId=2543997172191232 HTTP/1.1" 200 (50 ms)
[25/Sep/2022:18:20:24 +0800] 0:0:0:0:0:0:0:1 "GET /budget/division/machine/tree?ownId=2543997172191232&selectId=2543997172191232&rootId=2543997172191232 HTTP/1.1" 200 (24 ms)
[25/Sep/2022:18:20:27 +0800] 0:0:0:0:0:0:0:1 "GET /budget/division/machine/tree?ownId=5044374748663808&selectId=5044374748663808&rootId=5044374748663808 HTTP/1.1" 200 (21 ms)
[25/Sep/2022:18:20:30 +0800] 0:0:0:0:0:0:0:1 "GET /budget/division/machine/tree?ownId=2543997172191232&selectId=2543997172191232&rootId=2543997172191232 HTTP/1.1" 200 (19 ms)
[25/Sep/2022:18:20:49 +0800] 0:0:0:0:0:0:0:1 "GET /dict/subpackage/fetch HTTP/1.1" 200 (10 ms)
[25/Sep/2022:18:20:56 +0800] 0:0:0:0:0:0:0:1 "OPTIONS /budget/division/machine/push HTTP/1.1" 200 (2 ms)
[25/Sep/2022:18:20:57 +0800] 0:0:0:0:0:0:0:1 "POST /budget/division/machine/push HTTP/1.1" 200 (455 ms)
[25/Sep/2022:18:21:07 +0800] 0:0:0:0:0:0:0:1 "GET /budget/division/machine/tree?ownId=5044374199209984&selectId=5044374199209984&rootId=5044374199209984 HTTP/1.1" 200 (18 ms)
[25/Sep/2022:18:21:08 +0800] 0:0:0:0:0:0:0:1 "GET /budget/division/machine/tree?ownId=2543997172191232&selectId=2543997172191232&rootId=2543997172191232 HTTP/1.1" 200 (18 ms)
[25/Sep/2022:18:52:40 +0800] 0:0:0:0:0:0:0:1 "GET /project/tree?rootId=0 HTTP/1.1" 200 (1075 ms)
[25/Sep/2022:18:52:40 +0800] 0:0:0:0:0:0:0:1 "GET /actual/division/tree2?ownId=0&selectId=2543997172191232 HTTP/1.1" 200 (67 ms)
[25/Sep/2022:18:52:41 +0800] 0:0:0:0:0:0:0:1 "GET /actual/division/machine/tree?ownId=2543997172191232&selectId=2543997172191232&rootId=2543997172191232 HTTP/1.1" 200 (31 ms)
[25/Sep/2022:18:52:59 +0800] 0:0:0:0:0:0:0:1 "GET /actual/division/machine/tree?ownId=5044374748663808&selectId=5044374748663808&rootId=5044374748663808 HTTP/1.1" 200 (27 ms)
[25/Sep/2022:18:53:01 +0800] 0:0:0:0:0:0:0:1 "GET /dict/subpackage/fetch HTTP/1.1" 200 (18 ms)
[25/Sep/2022:18:53:05 +0800] 0:0:0:0:0:0:0:1 "OPTIONS /actual/division/machine/push HTTP/1.1" 200 (7 ms)
[25/Sep/2022:18:53:05 +0800] 0:0:0:0:0:0:0:1 "POST /actual/division/machine/push HTTP/1.1" 200 (86 ms)
[25/Sep/2022:19:12:39 +0800] 0:0:0:0:0:0:0:1 "GET /actual/division/tree2?ownId=0&selectId=3 HTTP/1.1" 200 (55 ms)
[25/Sep/2022:19:12:39 +0800] 0:0:0:0:0:0:0:1 "GET /actual/division/machine/tree?ownId=13&selectId=13&rootId=13 HTTP/1.1" 200 (26 ms)
[25/Sep/2022:19:12:39 +0800] 0:0:0:0:0:0:0:1 "GET /actual/division/machine/tree?ownId=3&selectId=3&rootId=3 HTTP/1.1" 200 (28 ms)
[25/Sep/2022:19:12:40 +0800] 0:0:0:0:0:0:0:1 "GET /actual/division/tree2?ownId=0&selectId=2543997172191232 HTTP/1.1" 200 (48 ms)
[25/Sep/2022:19:12:40 +0800] 0:0:0:0:0:0:0:1 "GET /actual/division/machine/tree?ownId=2543997172191232&selectId=2543997172191232&rootId=2543997172191232 HTTP/1.1" 200 (19 ms)
[25/Sep/2022:19:12:43 +0800] 0:0:0:0:0:0:0:1 "GET /actual/division/machine/tree?ownId=5044374748663808&selectId=5044374748663808&rootId=5044374748663808 HTTP/1.1" 200 (21 ms)
[25/Sep/2022:19:12:47 +0800] 0:0:0:0:0:0:0:1 "GET /dict/subpackage/fetch HTTP/1.1" 200 (13 ms)
[25/Sep/2022:19:12:49 +0800] 0:0:0:0:0:0:0:1 "POST /actual/division/machine/push HTTP/1.1" 200 (10 ms)
[25/Sep/2022:19:13:16 +0800] 0:0:0:0:0:0:0:1 "GET /dict/subpackage/fetch HTTP/1.1" 200 (14 ms)
[25/Sep/2022:19:13:19 +0800] 0:0:0:0:0:0:0:1 "POST /actual/division/machine/push HTTP/1.1" 200 (9 ms)
[25/Sep/2022:19:13:22 +0800] 0:0:0:0:0:0:0:1 "GET /actual/division/machine/tree?ownId=5044375025487872&selectId=5044375025487872&rootId=5044375025487872 HTTP/1.1" 200 (24 ms)
[25/Sep/2022:19:13:24 +0800] 0:0:0:0:0:0:0:1 "GET /actual/division/machine/tree?ownId=5044374748663808&selectId=5044374748663808&rootId=5044374748663808 HTTP/1.1" 200 (19 ms)
[25/Sep/2022:19:13:45 +0800] 0:0:0:0:0:0:0:1 "GET /project/tree?rootId=0 HTTP/1.1" 200 (38 ms)
[25/Sep/2022:19:13:45 +0800] 0:0:0:0:0:0:0:1 "GET /actual/division/tree2?ownId=0&selectId=2543997172191232 HTTP/1.1" 200 (80 ms)
[25/Sep/2022:19:13:46 +0800] 0:0:0:0:0:0:0:1 "GET /actual/division/machine/tree?ownId=2543997172191232&selectId=2543997172191232&rootId=2543997172191232 HTTP/1.1" 200 (19 ms)
[25/Sep/2022:19:13:48 +0800] 0:0:0:0:0:0:0:1 "GET /actual/division/machine/tree?ownId=5044374748663808&selectId=5044374748663808&rootId=5044374748663808 HTTP/1.1" 200 (25 ms)
[25/Sep/2022:19:13:50 +0800] 0:0:0:0:0:0:0:1 "GET /dict/subpackage/fetch HTTP/1.1" 200 (11 ms)
[25/Sep/2022:19:13:51 +0800] 0:0:0:0:0:0:0:1 "POST /actual/division/machine/push HTTP/1.1" 200 (6 ms)
[25/Sep/2022:19:16:27 +0800] 0:0:0:0:0:0:0:1 "GET /project/tree?rootId=0 HTTP/1.1" 200 (1053 ms)
[25/Sep/2022:19:16:27 +0800] 0:0:0:0:0:0:0:1 "GET /actual/division/tree2?ownId=0&selectId=2543997172191232 HTTP/1.1" 200 (66 ms)
[25/Sep/2022:19:16:27 +0800] 0:0:0:0:0:0:0:1 "GET /actual/division/machine/tree?ownId=2543997172191232&selectId=2543997172191232&rootId=2543997172191232 HTTP/1.1" 200 (35 ms)
[25/Sep/2022:19:16:30 +0800] 0:0:0:0:0:0:0:1 "GET /actual/division/machine/tree?ownId=5044374748663808&selectId=5044374748663808&rootId=5044374748663808 HTTP/1.1" 200 (27 ms)
[25/Sep/2022:19:16:32 +0800] 0:0:0:0:0:0:0:1 "GET /dict/subpackage/fetch HTTP/1.1" 200 (21 ms)
[25/Sep/2022:19:16:34 +0800] 0:0:0:0:0:0:0:1 "POST /actual/division/machine/push HTTP/1.1" 200 (87 ms)
[25/Sep/2022:19:18:29 +0800] 0:0:0:0:0:0:0:1 "GET /actual/division/machine/tree?ownId=5044374778023936&selectId=5044374778023936&rootId=5044374778023936 HTTP/1.1" 200 (30 ms)
[25/Sep/2022:19:19:35 +0800] 0:0:0:0:0:0:0:1 "GET /actual/division/machine/tree?ownId=5044374748663808&selectId=5044374748663808&rootId=5044374748663808 HTTP/1.1" 200 (31 ms)
[25/Sep/2022:19:19:47 +0800] 0:0:0:0:0:0:0:1 "GET /dict/subpackage/fetch HTTP/1.1" 200 (49 ms)
[25/Sep/2022:19:23:18 +0800] 0:0:0:0:0:0:0:1 "GET /dict/subpackage/fetch?rootId=0 HTTP/1.1" 200 (20 ms)
[25/Sep/2022:19:23:18 +0800] 0:0:0:0:0:0:0:1 "GET /budget/division/machine/tree?ownId=4973770171355136&selectId=4973770171355136&rootId=4973770171355136 HTTP/1.1" 200 (25 ms)
[25/Sep/2022:19:47:06 +0800] 0:0:0:0:0:0:0:1 "GET /project/tree?rootId=0 HTTP/1.1" 200 (37 ms)
[25/Sep/2022:19:47:06 +0800] 0:0:0:0:0:0:0:1 "GET /actual/division/tree2?ownId=0&selectId=2543997172191232 HTTP/1.1" 200 (57 ms)
[25/Sep/2022:19:47:06 +0800] 0:0:0:0:0:0:0:1 "GET /actual/division/machine/tree?ownId=2543997172191232&selectId=2543997172191232&rootId=2543997172191232 HTTP/1.1" 200 (21 ms)
[25/Sep/2022:19:50:22 +0800] 0:0:0:0:0:0:0:1 "GET /actual/division/machine/tree?ownId=5044374748663808&selectId=5044374748663808&rootId=5044374748663808 HTTP/1.1" 200 (32 ms)
[25/Sep/2022:20:17:21 +0800] 0:0:0:0:0:0:0:1 "GET /actual/division/machine/tree?ownId=5044374778023936&selectId=5044374778023936&rootId=5044374778023936 HTTP/1.1" 200 (32 ms)
[25/Sep/2022:20:17:23 +0800] 0:0:0:0:0:0:0:1 "GET /actual/division/machine/tree?ownId=5044374748663808&selectId=5044374748663808&rootId=5044374748663808 HTTP/1.1" 200 (19 ms)
[25/Sep/2022:20:17:48 +0800] 0:0:0:0:0:0:0:1 "GET /dict/subpackage/fetch?rootId=0 HTTP/1.1" 200 (15 ms)
[25/Sep/2022:20:17:49 +0800] 0:0:0:0:0:0:0:1 "GET /budget/division/machine/tree?ownId=4973770171355136&selectId=4973770171355136&rootId=4973770171355136 HTTP/1.1" 200 (22 ms)
[25/Sep/2022:20:18:49 +0800] 0:0:0:0:0:0:0:1 "GET /project/tree?rootId=0 HTTP/1.1" 200 (38 ms)
[25/Sep/2022:20:18:49 +0800] 0:0:0:0:0:0:0:1 "GET /report/project/tree2?ownId=0&selectId=2543997172191232 HTTP/1.1" 200 (68 ms)
[25/Sep/2022:20:21:55 +0800] 0:0:0:0:0:0:0:1 "GET /project/tree?rootId=0 HTTP/1.1" 200 (53 ms)
[25/Sep/2022:20:21:55 +0800] 0:0:0:0:0:0:0:1 "GET /report/project/tree2?ownId=0&selectId=2543997172191232 HTTP/1.1" 200 (95 ms)
[25/Sep/2022:20:26:42 +0800] 0:0:0:0:0:0:0:1 "GET /project/tree?rootId=0 HTTP/1.1" 200 (51 ms)
[25/Sep/2022:20:26:43 +0800] 0:0:0:0:0:0:0:1 "GET /report/project/tree2?ownId=0&selectId=2543997172191232 HTTP/1.1" 200 (70 ms)
[25/Sep/2022:20:26:46 +0800] 0:0:0:0:0:0:0:1 "GET /project/tree?rootId=0 HTTP/1.1" 200 (24 ms)
[25/Sep/2022:20:26:46 +0800] 0:0:0:0:0:0:0:1 "GET /report/project/tree2?ownId=0&selectId=2543997172191232 HTTP/1.1" 200 (50 ms)
[25/Sep/2022:20:27:52 +0800] 0:0:0:0:0:0:0:1 "GET /dict/subpackage/fetch?rootId=0 HTTP/1.1" 200 (29 ms)
[25/Sep/2022:20:27:52 +0800] 0:0:0:0:0:0:0:1 "GET /report/project/tree2 HTTP/1.1" 500 (93 ms)
[25/Sep/2022:20:27:56 +0800] 0:0:0:0:0:0:0:1 "GET /report/project/tree2 HTTP/1.1" 500 (3 ms)
[25/Sep/2022:20:27:57 +0800] 0:0:0:0:0:0:0:1 "GET /report/project/tree2 HTTP/1.1" 500 (4 ms)
[25/Sep/2022:20:27:57 +0800] 0:0:0:0:0:0:0:1 "GET /report/project/tree2 HTTP/1.1" 500 (4 ms)
[25/Sep/2022:20:28:05 +0800] 0:0:0:0:0:0:0:1 "GET /dict/subpackage/fetch?rootId=0 HTTP/1.1" 200 (23 ms)
[25/Sep/2022:20:28:06 +0800] 0:0:0:0:0:0:0:1 "GET /budget/division/machine/tree?ownId=4973770171355136&selectId=4973770171355136&rootId=4973770171355136 HTTP/1.1" 200 (25 ms)
[25/Sep/2022:20:28:07 +0800] 0:0:0:0:0:0:0:1 "GET /budget/division/machine/tree?ownId=4973770171355136&selectId=4973770171355136&rootId=4973770171355136 HTTP/1.1" 200 (18 ms)
[25/Sep/2022:20:28:07 +0800] 0:0:0:0:0:0:0:1 "GET /budget/division/machine/tree?ownId=4973770171355136&selectId=4973770171355136&rootId=4973770171355136 HTTP/1.1" 200 (17 ms)
[25/Sep/2022:20:28:12 +0800] 0:0:0:0:0:0:0:1 "OPTIONS /dict/subpackage/push HTTP/1.1" 200 (9 ms)
[25/Sep/2022:20:28:12 +0800] 0:0:0:0:0:0:0:1 "GET /budget/division/machine/tree?ownId=4971518618636288&selectId=4971518618636288&rootId=4971518618636288 HTTP/1.1" 200 (18 ms)
[25/Sep/2022:20:28:12 +0800] 0:0:0:0:0:0:0:1 "GET /budget/division/machine/tree?ownId=4971518618636288&selectId=4971518618636288&rootId=4971518618636288 HTTP/1.1" 200 (66 ms)
[25/Sep/2022:20:28:12 +0800] 0:0:0:0:0:0:0:1 "POST /dict/subpackage/push HTTP/1.1" 200 (411 ms)
[25/Sep/2022:20:28:16 +0800] 0:0:0:0:0:0:0:1 "POST /dict/subpackage/push HTTP/1.1" 200 (11 ms)
[25/Sep/2022:20:28:16 +0800] 0:0:0:0:0:0:0:1 "GET /budget/division/machine/tree?ownId=4972435459936256&selectId=4972435459936256&rootId=4972435459936256 HTTP/1.1" 200 (18 ms)
[25/Sep/2022:20:28:16 +0800] 0:0:0:0:0:0:0:1 "GET /budget/division/machine/tree?ownId=4972435459936256&selectId=4972435459936256&rootId=4972435459936256 HTTP/1.1" 200 (15 ms)
[25/Sep/2022:20:28:21 +0800] 0:0:0:0:0:0:0:1 "GET /budget/division/machine/tree?ownId=4973770171355136&selectId=4973770171355136&rootId=4973770171355136 HTTP/1.1" 200 (34 ms)
[25/Sep/2022:20:28:21 +0800] 0:0:0:0:0:0:0:1 "POST /dict/subpackage/push HTTP/1.1" 200 (115 ms)
[25/Sep/2022:20:28:21 +0800] 0:0:0:0:0:0:0:1 "GET /budget/division/machine/tree?ownId=4973770171355136&selectId=4973770171355136&rootId=4973770171355136 HTTP/1.1" 200 (14 ms)
[25/Sep/2022:20:28:25 +0800] 0:0:0:0:0:0:0:1 "POST /dict/subpackage/push HTTP/1.1" 200 (12 ms)
[25/Sep/2022:20:28:25 +0800] 0:0:0:0:0:0:0:1 "GET /budget/division/machine/tree?ownId=4971518618636288&selectId=4971518618636288&rootId=4971518618636288 HTTP/1.1" 200 (19 ms)
[25/Sep/2022:20:28:25 +0800] 0:0:0:0:0:0:0:1 "GET /budget/division/machine/tree?ownId=4971518618636288&selectId=4971518618636288&rootId=4971518618636288 HTTP/1.1" 200 (15 ms)
[25/Sep/2022:20:28:29 +0800] 0:0:0:0:0:0:0:1 "POST /dict/subpackage/push HTTP/1.1" 200 (11 ms)
[25/Sep/2022:20:28:29 +0800] 0:0:0:0:0:0:0:1 "GET /budget/division/machine/tree?ownId=4972435459936256&selectId=4972435459936256&rootId=4972435459936256 HTTP/1.1" 200 (21 ms)
[25/Sep/2022:20:28:29 +0800] 0:0:0:0:0:0:0:1 "GET /budget/division/machine/tree?ownId=4972435459936256&selectId=4972435459936256&rootId=4972435459936256 HTTP/1.1" 200 (15 ms)
[25/Sep/2022:20:28:35 +0800] 0:0:0:0:0:0:0:1 "POST /dict/subpackage/push HTTP/1.1" 200 (11 ms)
[25/Sep/2022:20:28:35 +0800] 0:0:0:0:0:0:0:1 "GET /budget/division/machine/tree?ownId=4971518618636288&selectId=4971518618636288&rootId=4971518618636288 HTTP/1.1" 200 (18 ms)
[25/Sep/2022:20:28:36 +0800] 0:0:0:0:0:0:0:1 "GET /budget/division/machine/tree?ownId=4972435459936256&selectId=4972435459936256&rootId=4972435459936256 HTTP/1.1" 200 (15 ms)
[25/Sep/2022:20:28:40 +0800] 0:0:0:0:0:0:0:1 "GET /dict/subpackage/fetch?rootId=0 HTTP/1.1" 200 (11 ms)
[25/Sep/2022:20:28:40 +0800] 0:0:0:0:0:0:0:1 "GET /report/project/tree2 HTTP/1.1" 500 (4 ms)
[25/Sep/2022:20:30:23 +0800] 0:0:0:0:0:0:0:1 "GET /report/project/tree2 HTTP/1.1" 500 (4 ms)
[25/Sep/2022:20:30:35 +0800] 0:0:0:0:0:0:0:1 "GET /report/project/tree2 HTTP/1.1" 500 (48 ms)
[25/Sep/2022:20:33:57 +0800] 0:0:0:0:0:0:0:1 "GET /dict/subpackage/fetch?rootId=0 HTTP/1.1" 200 (36 ms)
[25/Sep/2022:20:33:57 +0800] 0:0:0:0:0:0:0:1 "GET /report/project/tree2 HTTP/1.1" 500 (6 ms)
[25/Sep/2022:20:34:37 +0800] 0:0:0:0:0:0:0:1 "GET /dict/subpackage/fetch?rootId=0 HTTP/1.1" 200 (13 ms)
[25/Sep/2022:20:34:37 +0800] 0:0:0:0:0:0:0:1 "GET /report/project/tree2 HTTP/1.1" 500 (5 ms)
[25/Sep/2022:21:24:10 +0800] 0:0:0:0:0:0:0:1 "GET /dict/subpackage/fetch?rootId=0 HTTP/1.1" 200 (1168 ms)
[25/Sep/2022:21:24:10 +0800] 0:0:0:0:0:0:0:1 "GET /report/subpackage/tree2 HTTP/1.1" 500 (31 ms)
[25/Sep/2022:21:26:13 +0800] 0:0:0:0:0:0:0:1 "GET /dict/subpackage/fetch?rootId=0 HTTP/1.1" 200 (978 ms)
[25/Sep/2022:21:26:13 +0800] 0:0:0:0:0:0:0:1 "GET /report/subpackage/tree2 HTTP/1.1" 500 (86 ms)
