[02/Sep/2022:10:17:52 +0800] 0:0:0:0:0:0:0:1 "GET /system/ver HTTP/1.1" 200 (138 ms)
[02/Sep/2022:10:21:54 +0800] 0:0:0:0:0:0:0:1 "GET /system/ver HTTP/1.1" 200 (195 ms)
[02/Sep/2022:10:21:59 +0800] 0:0:0:0:0:0:0:1 "POST /system/ver HTTP/1.1" 405 (38 ms)
[02/Sep/2022:10:26:08 +0800] 0:0:0:0:0:0:0:1 "POST /system/ver HTTP/1.1" 200 (140 ms)
[02/Sep/2022:10:26:12 +0800] 0:0:0:0:0:0:0:1 "GET /system/ver HTTP/1.1" 200 (5 ms)
[02/Sep/2022:10:30:29 +0800] 0:0:0:0:0:0:0:1 "GET /system/ver HTTP/1.1" 200 (165 ms)
[02/Sep/2022:13:22:56 +0800] 0:0:0:0:0:0:0:1 "GET /system/token HTTP/1.1" 500 (219 ms)
[02/Sep/2022:13:25:03 +0800] 0:0:0:0:0:0:0:1 "GET /system/token HTTP/1.1" 200 (162 ms)
[02/Sep/2022:13:44:53 +0800] 0:0:0:0:0:0:0:1 "GET /system/menu HTTP/1.1" 500 (306 ms)
[02/Sep/2022:13:46:29 +0800] 0:0:0:0:0:0:0:1 "GET /system/menu HTTP/1.1" 500 (325 ms)
[02/Sep/2022:13:50:27 +0800] 0:0:0:0:0:0:0:1 "GET /system/menu HTTP/1.1" 200 (225 ms)
[02/Sep/2022:13:52:39 +0800] 0:0:0:0:0:0:0:1 "GET /system/menu HTTP/1.1" 200 (231 ms)
[02/Sep/2022:14:14:00 +0800] 0:0:0:0:0:0:0:1 "GET /system/menu HTTP/1.1" 200 (233 ms)
[02/Sep/2022:14:14:08 +0800] 0:0:0:0:0:0:0:1 "GET /system/menu HTTP/1.1" 200 (5 ms)
[02/Sep/2022:14:14:11 +0800] 0:0:0:0:0:0:0:1 "GET /system/menu HTTP/1.1" 200 (4 ms)
[02/Sep/2022:14:14:11 +0800] 0:0:0:0:0:0:0:1 "GET /system/menu HTTP/1.1" 200 (4 ms)
[02/Sep/2022:14:26:37 +0800] 0:0:0:0:0:0:0:1 "POST /system/token HTTP/1.1" 200 (9 ms)
[02/Sep/2022:14:26:52 +0800] 0:0:0:0:0:0:0:1 "POST /system/token HTTP/1.1" 200 (3 ms)
[02/Sep/2022:14:27:06 +0800] 0:0:0:0:0:0:0:1 "GET /system/token HTTP/1.1" 200 (3 ms)
[02/Sep/2022:15:02:06 +0800] 0:0:0:0:0:0:0:1 "POST /system/token HTTP/1.1" 200 (188 ms)
[02/Sep/2022:15:02:07 +0800] 0:0:0:0:0:0:0:1 "GET /system/menu HTTP/1.1" 200 (112 ms)
[02/Sep/2022:17:30:03 +0800] 0:0:0:0:0:0:0:1 "POST /system/token HTTP/1.1" 200 (226 ms)
[02/Sep/2022:17:30:03 +0800] 0:0:0:0:0:0:0:1 "GET /system/menu HTTP/1.1" 200 (121 ms)
[02/Sep/2022:17:32:21 +0800] 0:0:0:0:0:0:0:1 "POST /system/token HTTP/1.1" 200 (7 ms)
[02/Sep/2022:17:32:21 +0800] 0:0:0:0:0:0:0:1 "GET /system/menu HTTP/1.1" 200 (6 ms)
[02/Sep/2022:17:42:05 +0800] 0:0:0:0:0:0:0:1 "POST /system/token HTTP/1.1" 200 (171 ms)
[02/Sep/2022:17:42:05 +0800] 0:0:0:0:0:0:0:1 "GET /system/menu HTTP/1.1" 200 (93 ms)
[02/Sep/2022:17:43:24 +0800] 0:0:0:0:0:0:0:1 "POST /system/token HTTP/1.1" 200 (3 ms)
[02/Sep/2022:17:43:24 +0800] 0:0:0:0:0:0:0:1 "GET /system/menu HTTP/1.1" 200 (5 ms)
[02/Sep/2022:17:49:18 +0800] 0:0:0:0:0:0:0:1 "POST /system/token HTTP/1.1" 200 (180 ms)
[02/Sep/2022:17:49:18 +0800] 0:0:0:0:0:0:0:1 "GET /system/menu HTTP/1.1" 200 (114 ms)
[02/Sep/2022:17:49:24 +0800] 0:0:0:0:0:0:0:1 "GET /project/fetch HTTP/1.1" 500 (1562 ms)
[02/Sep/2022:17:49:39 +0800] 0:0:0:0:0:0:0:1 "GET /project/fetch HTTP/1.1" 500 (62 ms)
[02/Sep/2022:17:51:28 +0800] 0:0:0:0:0:0:0:1 "GET /project/fetch HTTP/1.1" 500 (74 ms)
[02/Sep/2022:17:51:35 +0800] 0:0:0:0:0:0:0:1 "GET /project/fetch HTTP/1.1" 500 (72 ms)
[02/Sep/2022:17:51:59 +0800] 0:0:0:0:0:0:0:1 "GET /project/fetch HTTP/1.1" 500 (49 ms)
[02/Sep/2022:19:46:55 +0800] 0:0:0:0:0:0:0:1 "POST /system/token HTTP/1.1" 200 (179 ms)
[02/Sep/2022:19:46:56 +0800] 0:0:0:0:0:0:0:1 "GET /system/menu HTTP/1.1" 200 (101 ms)
[02/Sep/2022:19:46:57 +0800] 0:0:0:0:0:0:0:1 "GET /project/fetch HTTP/1.1" 500 (1599 ms)
[02/Sep/2022:19:47:18 +0800] 0:0:0:0:0:0:0:1 "GET /project/fetch HTTP/1.1" 500 (94 ms)
