[01/Oct/2022:01:12:10 +0800] 0:0:0:0:0:0:0:1 "OPTIONS /system/users/token HTTP/1.1" 200 (66 ms)
[01/Oct/2022:01:12:11 +0800] 0:0:0:0:0:0:0:1 "POST /system/users/token HTTP/1.1" 200 (1011 ms)
[01/Oct/2022:01:12:11 +0800] 0:0:0:0:0:0:0:1 "GET /system/setting/getmenu HTTP/1.1" 200 (63 ms)
[01/Oct/2022:01:12:12 +0800] 0:0:0:0:0:0:0:1 "GET /project/fetch?ownId=0 HTTP/1.1" 200 (238 ms)
[01/Oct/2022:01:27:15 +0800] 0:0:0:0:0:0:0:1 "GET /project/fetch?ownId=0 HTTP/1.1" 200 (42 ms)
[01/Oct/2022:01:27:25 +0800] 0:0:0:0:0:0:0:1 "GET /project/fetch?ownId=0 HTTP/1.1" 200 (41 ms)
[01/Oct/2022:02:19:48 +0800] 0:0:0:0:0:0:0:1 "OPTIONS /system/users/token HTTP/1.1" 200 (61 ms)
[01/Oct/2022:02:19:48 +0800] 0:0:0:0:0:0:0:1 "POST /system/users/token HTTP/1.1" 200 (764 ms)
[01/Oct/2022:02:19:48 +0800] 0:0:0:0:0:0:0:1 "GET /system/setting/getmenu HTTP/1.1" 200 (61 ms)
[01/Oct/2022:02:19:49 +0800] 0:0:0:0:0:0:0:1 "GET /project/fetch?ownId=0 HTTP/1.1" 200 (102 ms)
[01/Oct/2022:02:22:24 +0800] 0:0:0:0:0:0:0:1 "POST /system/users/token HTTP/1.1" 200 (831 ms)
[01/Oct/2022:02:22:24 +0800] 0:0:0:0:0:0:0:1 "GET /system/setting/getmenu HTTP/1.1" 200 (54 ms)
[01/Oct/2022:02:22:24 +0800] 0:0:0:0:0:0:0:1 "GET /project/fetch?ownId=0 HTTP/1.1" 200 (161 ms)
[01/Oct/2022:02:28:58 +0800] 0:0:0:0:0:0:0:1 "GET /project/fetch?ownId=0 HTTP/1.1" 200 (1204 ms)
[01/Oct/2022:02:29:29 +0800] 0:0:0:0:0:0:0:1 "POST /system/users/token HTTP/1.1" 200 (78 ms)
[01/Oct/2022:02:29:29 +0800] 0:0:0:0:0:0:0:1 "GET /system/setting/getmenu HTTP/1.1" 200 (54 ms)
[01/Oct/2022:02:29:30 +0800] 0:0:0:0:0:0:0:1 "GET /project/fetch?ownId=0 HTTP/1.1" 200 (36 ms)
[01/Oct/2022:02:30:50 +0800] 0:0:0:0:0:0:0:1 "POST /system/users/token HTTP/1.1" 200 (868 ms)
[01/Oct/2022:02:30:50 +0800] 0:0:0:0:0:0:0:1 "GET /system/setting/getmenu HTTP/1.1" 200 (64 ms)
[01/Oct/2022:02:30:51 +0800] 0:0:0:0:0:0:0:1 "GET /project/fetch?ownId=0 HTTP/1.1" 200 (111 ms)
[01/Oct/2022:03:15:39 +0800] 0:0:0:0:0:0:0:1 "GET /project/fetch?ownId=0 HTTP/1.1" 200 (206 ms)
[01/Oct/2022:03:17:20 +0800] 0:0:0:0:0:0:0:1 "GET /project/fetch?ownId=0 HTTP/1.1" 200 (68 ms)
[01/Oct/2022:03:18:23 +0800] 0:0:0:0:0:0:0:1 "GET /project/fetch?ownId=0 HTTP/1.1" 200 (62 ms)
[01/Oct/2022:03:18:28 +0800] 0:0:0:0:0:0:0:1 "GET /project/fetch?ownId=0 HTTP/1.1" 200 (38 ms)
[01/Oct/2022:03:18:44 +0800] 0:0:0:0:0:0:0:1 "GET /project/fetch?ownId=0 HTTP/1.1" 200 (33 ms)
[01/Oct/2022:03:33:35 +0800] 0:0:0:0:0:0:0:1 "OPTIONS /project/fetch?ownId=0 HTTP/1.1" 200 (96 ms)
[01/Oct/2022:03:33:35 +0800] 0:0:0:0:0:0:0:1 "GET /project/fetch?ownId=0 HTTP/1.1" 200 (62 ms)
[01/Oct/2022:03:35:52 +0800] 0:0:0:0:0:0:0:1 "GET /project/fetch?ownId=0 HTTP/1.1" 200 (36 ms)
[01/Oct/2022:03:36:02 +0800] 0:0:0:0:0:0:0:1 "GET /project/fetch?ownId=0 HTTP/1.1" 200 (39 ms)
[01/Oct/2022:03:37:08 +0800] 0:0:0:0:0:0:0:1 "OPTIONS /project/fetch?ownId=0 HTTP/1.1" 200 (2 ms)
[01/Oct/2022:03:37:08 +0800] 0:0:0:0:0:0:0:1 "GET /project/fetch?ownId=0 HTTP/1.1" 200 (45 ms)
[01/Oct/2022:03:37:14 +0800] 0:0:0:0:0:0:0:1 "GET /project/fetch?ownId=0 HTTP/1.1" 200 (79 ms)
[01/Oct/2022:03:38:00 +0800] 0:0:0:0:0:0:0:1 "OPTIONS /project/fetch?ownId=0 HTTP/1.1" 200 (4 ms)
[01/Oct/2022:03:38:00 +0800] 0:0:0:0:0:0:0:1 "GET /project/fetch?ownId=0 HTTP/1.1" 200 (30 ms)
[01/Oct/2022:04:10:33 +0800] 0:0:0:0:0:0:0:1 "OPTIONS /project/fetch?ownId=0 HTTP/1.1" 200 (134 ms)
[01/Oct/2022:04:10:34 +0800] 0:0:0:0:0:0:0:1 "GET /project/fetch?ownId=0 HTTP/1.1" 200 (1246 ms)
[01/Oct/2022:04:11:35 +0800] 0:0:0:0:0:0:0:1 "GET /project/fetch?ownId=0 HTTP/1.1" 200 (1162 ms)
[01/Oct/2022:04:12:26 +0800] 0:0:0:0:0:0:0:1 "GET /project/fetch?ownId=0 HTTP/1.1" 200 (922 ms)
[01/Oct/2022:04:12:26 +0800] 0:0:0:0:0:0:0:1 "GET /favicon.ico HTTP/1.1" 404 (44 ms)
[01/Oct/2022:04:14:32 +0800] 0:0:0:0:0:0:0:1 "GET /project/fetch?ownId=0 HTTP/1.1" 500 (33413 ms)
[01/Oct/2022:04:14:37 +0800] 0:0:0:0:0:0:0:1 "GET /project/fetch?ownId=0 HTTP/1.1" 500 (8 ms)
[01/Oct/2022:04:14:39 +0800] 0:0:0:0:0:0:0:1 "GET /project/fetch?ownId=0 HTTP/1.1" 500 (5 ms)
[01/Oct/2022:04:15:11 +0800] 0:0:0:0:0:0:0:1 "GET /project/fetch?ownId=0 HTTP/1.1" 500 (6001 ms)
[01/Oct/2022:04:17:52 +0800] 0:0:0:0:0:0:0:1 "GET /project/fetch?ownId=0 HTTP/1.1" 500 (114 ms)
[01/Oct/2022:04:17:53 +0800] 0:0:0:0:0:0:0:1 "GET /project/fetch?ownId=0 HTTP/1.1" 500 (7 ms)
[01/Oct/2022:04:17:54 +0800] 0:0:0:0:0:0:0:1 "GET /project/fetch?ownId=0 HTTP/1.1" 500 (3 ms)
[01/Oct/2022:04:17:54 +0800] 0:0:0:0:0:0:0:1 "GET /project/fetch?ownId=0 HTTP/1.1" 500 (8 ms)
[01/Oct/2022:04:17:54 +0800] 0:0:0:0:0:0:0:1 "GET /project/fetch?ownId=0 HTTP/1.1" 500 (5 ms)
[01/Oct/2022:04:17:54 +0800] 0:0:0:0:0:0:0:1 "GET /project/fetch?ownId=0 HTTP/1.1" 500 (5 ms)
[01/Oct/2022:04:18:49 +0800] 0:0:0:0:0:0:0:1 "GET /project/fetch?ownId=0 HTTP/1.1" 200 (64 ms)
[01/Oct/2022:04:19:05 +0800] 0:0:0:0:0:0:0:1 "OPTIONS /project/tree?rootId=0 HTTP/1.1" 200 (8 ms)
[01/Oct/2022:04:19:31 +0800] 0:0:0:0:0:0:0:1 "OPTIONS /project/tree?rootId=0 HTTP/1.1" 200 (3 ms)
[01/Oct/2022:04:19:58 +0800] 0:0:0:0:0:0:0:1 "OPTIONS /dict/subpackage/fetch?rootId=0 HTTP/1.1" 200 (22 ms)
[01/Oct/2022:04:19:59 +0800] 0:0:0:0:0:0:0:1 "GET /dict/subpackage/fetch?rootId=0 HTTP/1.1" 200 (1243 ms)
[01/Oct/2022:04:19:59 +0800] 0:0:0:0:0:0:0:1 "OPTIONS /project/fetch?subPackageId=4973770171355136 HTTP/1.1" 200 (2 ms)
[01/Oct/2022:04:20:15 +0800] 0:0:0:0:0:0:0:1 "GET /dict/subpackage/fetch?rootId=0 HTTP/1.1" 200 (16 ms)
[01/Oct/2022:04:20:56 +0800] 0:0:0:0:0:0:0:1 "GET /project/fetch?ownId=0 HTTP/1.1" 200 (65 ms)
[01/Oct/2022:04:20:57 +0800] 0:0:0:0:0:0:0:1 "GET /project/fetch?ownId=0 HTTP/1.1" 200 (2 ms)
[01/Oct/2022:04:21:07 +0800] 0:0:0:0:0:0:0:1 "OPTIONS /project/tree?rootId=0 HTTP/1.1" 200 (8 ms)
[01/Oct/2022:04:21:30 +0800] 0:0:0:0:0:0:0:1 "OPTIONS /project/tree?rootId=0 HTTP/1.1" 200 (3 ms)
[01/Oct/2022:04:21:38 +0800] 0:0:0:0:0:0:0:1 "OPTIONS /project/tree?rootId=0 HTTP/1.1" 200 (3 ms)
[01/Oct/2022:07:12:24 +0800] 0:0:0:0:0:0:0:1 "OPTIONS /system/users/token HTTP/1.1" 200 (60 ms)
[01/Oct/2022:07:13:54 +0800] 0:0:0:0:0:0:0:1 "POST /system/users/token HTTP/1.1" 200 (823 ms)
[01/Oct/2022:07:13:54 +0800] 0:0:0:0:0:0:0:1 "OPTIONS /system/setting/getmenu HTTP/1.1" 200 (4 ms)
[01/Oct/2022:07:13:54 +0800] 0:0:0:0:0:0:0:1 "GET /system/setting/getmenu HTTP/1.1" 200 (58 ms)
[01/Oct/2022:07:13:54 +0800] 0:0:0:0:0:0:0:1 "OPTIONS /project/fetch?ownId=0 HTTP/1.1" 200 (22 ms)
[01/Oct/2022:07:14:04 +0800] 0:0:0:0:0:0:0:1 "OPTIONS /project/fetch?ownId=0 HTTP/1.1" 200 (3 ms)
[01/Oct/2022:07:15:23 +0800] 0:0:0:0:0:0:0:1 "OPTIONS /project/fetch?ownId=0 HTTP/1.1" 200 (15516 ms)
[01/Oct/2022:07:15:45 +0800] 0:0:0:0:0:0:0:1 "OPTIONS /project/fetch?ownId=0 HTTP/1.1" 200 (4 ms)
[01/Oct/2022:07:16:44 +0800] 0:0:0:0:0:0:0:1 "OPTIONS /project/fetch?ownId=0 HTTP/1.1" 200 (15845 ms)
[01/Oct/2022:07:29:58 +0800] 0:0:0:0:0:0:0:1 "OPTIONS /project/fetch?ownId=0 HTTP/1.1" 302 (142 ms)
[01/Oct/2022:07:30:18 +0800] 0:0:0:0:0:0:0:1 "GET /project/fetch?ownId=0 HTTP/1.1" 302 (9 ms)
[01/Oct/2022:07:30:18 +0800] 0:0:0:0:0:0:0:1 "GET /project/ddddddddddddddddd HTTP/1.1" 302 (13 ms)
[01/Oct/2022:07:30:18 +0800] 0:0:0:0:0:0:0:1 "GET /project/ddddddddddddddddd HTTP/1.1" 302 (2 ms)
[01/Oct/2022:07:30:18 +0800] 0:0:0:0:0:0:0:1 "GET /project/ddddddddddddddddd HTTP/1.1" 302 (3 ms)
[01/Oct/2022:07:30:18 +0800] 0:0:0:0:0:0:0:1 "GET /project/ddddddddddddddddd HTTP/1.1" 302 (2 ms)
[01/Oct/2022:07:30:18 +0800] 0:0:0:0:0:0:0:1 "GET /project/ddddddddddddddddd HTTP/1.1" 302 (2 ms)
[01/Oct/2022:07:30:18 +0800] 0:0:0:0:0:0:0:1 "GET /project/ddddddddddddddddd HTTP/1.1" 302 (2 ms)
[01/Oct/2022:07:30:18 +0800] 0:0:0:0:0:0:0:1 "GET /project/ddddddddddddddddd HTTP/1.1" 302 (2 ms)
[01/Oct/2022:07:30:18 +0800] 0:0:0:0:0:0:0:1 "GET /project/ddddddddddddddddd HTTP/1.1" 302 (2 ms)
[01/Oct/2022:07:30:18 +0800] 0:0:0:0:0:0:0:1 "GET /project/ddddddddddddddddd HTTP/1.1" 302 (2 ms)
[01/Oct/2022:07:30:18 +0800] 0:0:0:0:0:0:0:1 "GET /project/ddddddddddddddddd HTTP/1.1" 302 (3 ms)
[01/Oct/2022:07:30:18 +0800] 0:0:0:0:0:0:0:1 "GET /project/ddddddddddddddddd HTTP/1.1" 302 (1 ms)
[01/Oct/2022:07:30:18 +0800] 0:0:0:0:0:0:0:1 "GET /project/ddddddddddddddddd HTTP/1.1" 302 (1 ms)
[01/Oct/2022:07:30:18 +0800] 0:0:0:0:0:0:0:1 "GET /project/ddddddddddddddddd HTTP/1.1" 302 (1 ms)
[01/Oct/2022:07:30:18 +0800] 0:0:0:0:0:0:0:1 "GET /project/ddddddddddddddddd HTTP/1.1" 302 (2 ms)
[01/Oct/2022:07:30:18 +0800] 0:0:0:0:0:0:0:1 "GET /project/ddddddddddddddddd HTTP/1.1" 302 (2 ms)
[01/Oct/2022:07:30:18 +0800] 0:0:0:0:0:0:0:1 "GET /project/ddddddddddddddddd HTTP/1.1" 302 (4 ms)
[01/Oct/2022:07:30:18 +0800] 0:0:0:0:0:0:0:1 "GET /project/ddddddddddddddddd HTTP/1.1" 302 (1 ms)
[01/Oct/2022:07:30:18 +0800] 0:0:0:0:0:0:0:1 "GET /project/ddddddddddddddddd HTTP/1.1" 302 (2 ms)
[01/Oct/2022:07:30:18 +0800] 0:0:0:0:0:0:0:1 "GET /project/ddddddddddddddddd HTTP/1.1" 302 (1 ms)
[01/Oct/2022:07:30:19 +0800] 0:0:0:0:0:0:0:1 "GET /project/ddddddddddddddddd HTTP/1.1" 302 (2 ms)
[01/Oct/2022:07:30:19 +0800] 0:0:0:0:0:0:0:1 "GET /project/ddddddddddddddddd HTTP/1.1" 302 (2 ms)
[01/Oct/2022:07:30:19 +0800] 0:0:0:0:0:0:0:1 "GET /project/ddddddddddddddddd HTTP/1.1" 302 (2 ms)
[01/Oct/2022:07:30:19 +0800] 0:0:0:0:0:0:0:1 "GET /project/ddddddddddddddddd HTTP/1.1" 302 (2 ms)
[01/Oct/2022:07:30:19 +0800] 0:0:0:0:0:0:0:1 "GET /project/ddddddddddddddddd HTTP/1.1" 302 (2 ms)
[01/Oct/2022:07:30:19 +0800] 0:0:0:0:0:0:0:1 "GET /project/ddddddddddddddddd HTTP/1.1" 302 (1 ms)
[01/Oct/2022:07:30:19 +0800] 0:0:0:0:0:0:0:1 "GET /project/ddddddddddddddddd HTTP/1.1" 302 (2 ms)
[01/Oct/2022:07:30:19 +0800] 0:0:0:0:0:0:0:1 "GET /project/ddddddddddddddddd HTTP/1.1" 302 (1 ms)
[01/Oct/2022:07:30:19 +0800] 0:0:0:0:0:0:0:1 "GET /project/ddddddddddddddddd HTTP/1.1" 302 (1 ms)
[01/Oct/2022:07:30:19 +0800] 0:0:0:0:0:0:0:1 "GET /project/ddddddddddddddddd HTTP/1.1" 302 (1 ms)
[01/Oct/2022:07:30:19 +0800] 0:0:0:0:0:0:0:1 "GET /project/ddddddddddddddddd HTTP/1.1" 302 (1 ms)
[01/Oct/2022:07:30:19 +0800] 0:0:0:0:0:0:0:1 "GET /project/ddddddddddddddddd HTTP/1.1" 302 (1 ms)
[01/Oct/2022:07:30:19 +0800] 0:0:0:0:0:0:0:1 "GET /project/ddddddddddddddddd HTTP/1.1" 302 (2 ms)
[01/Oct/2022:07:30:19 +0800] 0:0:0:0:0:0:0:1 "GET /project/ddddddddddddddddd HTTP/1.1" 302 (1 ms)
[01/Oct/2022:07:30:19 +0800] 0:0:0:0:0:0:0:1 "GET /project/ddddddddddddddddd HTTP/1.1" 302 (2 ms)
[01/Oct/2022:07:30:19 +0800] 0:0:0:0:0:0:0:1 "GET /project/ddddddddddddddddd HTTP/1.1" 302 (1 ms)
[01/Oct/2022:07:30:19 +0800] 0:0:0:0:0:0:0:1 "GET /project/ddddddddddddddddd HTTP/1.1" 302 (2 ms)
[01/Oct/2022:07:30:19 +0800] 0:0:0:0:0:0:0:1 "GET /project/ddddddddddddddddd HTTP/1.1" 302 (2 ms)
[01/Oct/2022:07:30:19 +0800] 0:0:0:0:0:0:0:1 "GET /project/ddddddddddddddddd HTTP/1.1" 302 (1 ms)
[01/Oct/2022:07:30:19 +0800] 0:0:0:0:0:0:0:1 "GET /project/ddddddddddddddddd HTTP/1.1" 302 (2 ms)
[01/Oct/2022:07:30:24 +0800] 0:0:0:0:0:0:0:1 "GET /project/ddddddddddddddddd HTTP/1.1" 302 (2 ms)
[01/Oct/2022:07:30:24 +0800] 0:0:0:0:0:0:0:1 "GET /project/ddddddddddddddddd HTTP/1.1" 302 (3 ms)
[01/Oct/2022:07:30:24 +0800] 0:0:0:0:0:0:0:1 "GET /project/ddddddddddddddddd HTTP/1.1" 302 (1 ms)
[01/Oct/2022:07:30:24 +0800] 0:0:0:0:0:0:0:1 "GET /project/ddddddddddddddddd HTTP/1.1" 302 (1 ms)
[01/Oct/2022:07:30:24 +0800] 0:0:0:0:0:0:0:1 "GET /project/ddddddddddddddddd HTTP/1.1" 302 (2 ms)
[01/Oct/2022:07:30:24 +0800] 0:0:0:0:0:0:0:1 "GET /project/ddddddddddddddddd HTTP/1.1" 302 (1 ms)
[01/Oct/2022:07:30:24 +0800] 0:0:0:0:0:0:0:1 "GET /project/ddddddddddddddddd HTTP/1.1" 302 (1 ms)
[01/Oct/2022:07:30:24 +0800] 0:0:0:0:0:0:0:1 "GET /project/ddddddddddddddddd HTTP/1.1" 302 (2 ms)
[01/Oct/2022:07:30:24 +0800] 0:0:0:0:0:0:0:1 "GET /project/ddddddddddddddddd HTTP/1.1" 302 (2 ms)
[01/Oct/2022:07:30:24 +0800] 0:0:0:0:0:0:0:1 "GET /project/ddddddddddddddddd HTTP/1.1" 302 (2 ms)
[01/Oct/2022:07:30:24 +0800] 0:0:0:0:0:0:0:1 "GET /project/ddddddddddddddddd HTTP/1.1" 302 (1 ms)
[01/Oct/2022:07:30:24 +0800] 0:0:0:0:0:0:0:1 "GET /project/ddddddddddddddddd HTTP/1.1" 302 (2 ms)
[01/Oct/2022:07:30:24 +0800] 0:0:0:0:0:0:0:1 "GET /project/ddddddddddddddddd HTTP/1.1" 302 (1 ms)
[01/Oct/2022:07:30:24 +0800] 0:0:0:0:0:0:0:1 "GET /project/ddddddddddddddddd HTTP/1.1" 302 (1 ms)
[01/Oct/2022:07:30:24 +0800] 0:0:0:0:0:0:0:1 "GET /project/ddddddddddddddddd HTTP/1.1" 302 (1 ms)
[01/Oct/2022:07:30:24 +0800] 0:0:0:0:0:0:0:1 "GET /project/ddddddddddddddddd HTTP/1.1" 302 (1 ms)
[01/Oct/2022:07:30:24 +0800] 0:0:0:0:0:0:0:1 "GET /project/ddddddddddddddddd HTTP/1.1" 302 (2 ms)
[01/Oct/2022:07:30:24 +0800] 0:0:0:0:0:0:0:1 "GET /project/ddddddddddddddddd HTTP/1.1" 302 (2 ms)
[01/Oct/2022:07:30:24 +0800] 0:0:0:0:0:0:0:1 "GET /project/ddddddddddddddddd HTTP/1.1" 302 (1 ms)
[01/Oct/2022:07:30:24 +0800] 0:0:0:0:0:0:0:1 "GET /project/ddddddddddddddddd HTTP/1.1" 302 (2 ms)
[01/Oct/2022:07:30:54 +0800] 0:0:0:0:0:0:0:1 "GET /project/ddddddddddddddddd HTTP/1.1" 302 (2 ms)
[01/Oct/2022:07:30:54 +0800] 0:0:0:0:0:0:0:1 "GET /project/ddddddddddddddddd HTTP/1.1" 302 (3 ms)
[01/Oct/2022:07:30:54 +0800] 0:0:0:0:0:0:0:1 "GET /project/ddddddddddddddddd HTTP/1.1" 302 (2 ms)
[01/Oct/2022:07:30:54 +0800] 0:0:0:0:0:0:0:1 "GET /project/ddddddddddddddddd HTTP/1.1" 302 (2 ms)
[01/Oct/2022:07:30:54 +0800] 0:0:0:0:0:0:0:1 "GET /project/ddddddddddddddddd HTTP/1.1" 302 (2 ms)
[01/Oct/2022:07:30:54 +0800] 0:0:0:0:0:0:0:1 "GET /project/ddddddddddddddddd HTTP/1.1" 302 (1 ms)
[01/Oct/2022:07:30:54 +0800] 0:0:0:0:0:0:0:1 "GET /project/ddddddddddddddddd HTTP/1.1" 302 (1 ms)
[01/Oct/2022:07:30:54 +0800] 0:0:0:0:0:0:0:1 "GET /project/ddddddddddddddddd HTTP/1.1" 302 (1 ms)
[01/Oct/2022:07:30:54 +0800] 0:0:0:0:0:0:0:1 "GET /project/ddddddddddddddddd HTTP/1.1" 302 (1 ms)
[01/Oct/2022:07:30:54 +0800] 0:0:0:0:0:0:0:1 "GET /project/ddddddddddddddddd HTTP/1.1" 302 (1 ms)
[01/Oct/2022:07:30:54 +0800] 0:0:0:0:0:0:0:1 "GET /project/ddddddddddddddddd HTTP/1.1" 302 (1 ms)
[01/Oct/2022:07:30:54 +0800] 0:0:0:0:0:0:0:1 "GET /project/ddddddddddddddddd HTTP/1.1" 302 (2 ms)
[01/Oct/2022:07:30:54 +0800] 0:0:0:0:0:0:0:1 "GET /project/ddddddddddddddddd HTTP/1.1" 302 (2 ms)
[01/Oct/2022:07:30:54 +0800] 0:0:0:0:0:0:0:1 "GET /project/ddddddddddddddddd HTTP/1.1" 302 (2 ms)
[01/Oct/2022:07:30:54 +0800] 0:0:0:0:0:0:0:1 "GET /project/ddddddddddddddddd HTTP/1.1" 302 (2 ms)
[01/Oct/2022:07:30:54 +0800] 0:0:0:0:0:0:0:1 "GET /project/ddddddddddddddddd HTTP/1.1" 302 (2 ms)
[01/Oct/2022:07:30:54 +0800] 0:0:0:0:0:0:0:1 "GET /project/ddddddddddddddddd HTTP/1.1" 302 (3 ms)
[01/Oct/2022:07:30:54 +0800] 0:0:0:0:0:0:0:1 "GET /project/ddddddddddddddddd HTTP/1.1" 302 (2 ms)
[01/Oct/2022:07:30:54 +0800] 0:0:0:0:0:0:0:1 "GET /project/ddddddddddddddddd HTTP/1.1" 302 (2 ms)
[01/Oct/2022:07:30:55 +0800] 0:0:0:0:0:0:0:1 "GET /project/ddddddddddddddddd HTTP/1.1" 302 (2 ms)
[01/Oct/2022:07:32:03 +0800] 0:0:0:0:0:0:0:1 "GET /project/fetch?ownId=0 HTTP/1.1" 200 (70 ms)
[01/Oct/2022:07:32:04 +0800] 0:0:0:0:0:0:0:1 "GET /favicon.ico HTTP/1.1" 404 (103 ms)
[01/Oct/2022:07:35:57 +0800] 0:0:0:0:0:0:0:1 "GET /project/fetch?ownId=0 HTTP/1.1" 200 (104 ms)
[01/Oct/2022:07:36:07 +0800] 0:0:0:0:0:0:0:1 "OPTIONS /project/fetch?ownId=0 HTTP/1.1" 200 (11 ms)
[01/Oct/2022:07:36:58 +0800] 0:0:0:0:0:0:0:1 "OPTIONS /project/fetch?ownId=0 HTTP/1.1" 200 (203 ms)
[01/Oct/2022:07:37:23 +0800] 0:0:0:0:0:0:0:1 "GET /project/fetch?ownId=0 HTTP/1.1" 200 (9 ms)
[01/Oct/2022:07:37:37 +0800] 0:0:0:0:0:0:0:1 "GET /project/fetch?ownId=0 HTTP/1.1" 200 (2 ms)
[01/Oct/2022:07:38:51 +0800] 0:0:0:0:0:0:0:1 "GET /project/fetch?ownId=0 HTTP/1.1" 200 (2 ms)
[01/Oct/2022:07:39:24 +0800] 0:0:0:0:0:0:0:1 "GET /project/fetch?ownId=0 HTTP/1.1" 200 (104 ms)
[01/Oct/2022:07:39:25 +0800] 0:0:0:0:0:0:0:1 "GET /project/fetch?ownId=0 HTTP/1.1" 200 (4 ms)
[01/Oct/2022:07:39:39 +0800] 0:0:0:0:0:0:0:1 "OPTIONS /project/fetch?ownId=0 HTTP/1.1" 200 (10 ms)
[01/Oct/2022:07:39:56 +0800] 0:0:0:0:0:0:0:1 "OPTIONS /project/fetch?ownId=0 HTTP/1.1" 200 (3 ms)
[01/Oct/2022:07:42:07 +0800] 0:0:0:0:0:0:0:1 "OPTIONS /project/fetch?ownId=0 HTTP/1.1" 200 (149 ms)
[01/Oct/2022:07:42:09 +0800] 0:0:0:0:0:0:0:1 "GET /project/fetch?ownId=0 HTTP/1.1" 200 (1571 ms)
[01/Oct/2022:07:49:02 +0800] 0:0:0:0:0:0:0:1 "GET /project/fetch?ownId=0 HTTP/1.1" 200 (1127 ms)
[01/Oct/2022:07:49:13 +0800] 0:0:0:0:0:0:0:1 "GET /project/fetch?ownId=0 HTTP/1.1" 200 (51 ms)
[01/Oct/2022:07:50:36 +0800] 0:0:0:0:0:0:0:1 "OPTIONS /project/fetch?ownId=0 HTTP/1.1" 200 (114 ms)
[01/Oct/2022:07:50:37 +0800] 0:0:0:0:0:0:0:1 "GET /project/fetch?ownId=0 HTTP/1.1" 200 (959 ms)
[01/Oct/2022:07:51:15 +0800] 0:0:0:0:0:0:0:1 "OPTIONS /project/fetch?ownId=0 HTTP/1.1" 200 (124 ms)
[01/Oct/2022:07:51:16 +0800] 0:0:0:0:0:0:0:1 "GET /project/fetch?ownId=0 HTTP/1.1" 200 (993 ms)
[01/Oct/2022:07:53:12 +0800] 0:0:0:0:0:0:0:1 "GET /project/fetch?ownId=0 HTTP/1.1" 200 (1113 ms)
[01/Oct/2022:07:55:05 +0800] 0:0:0:0:0:0:0:1 "GET /project/fetch?ownId=0 HTTP/1.1" 200 (1162 ms)
[01/Oct/2022:07:57:31 +0800] 0:0:0:0:0:0:0:1 "GET /project/fetch?ownId=0 HTTP/1.1" 200 (1093 ms)
[01/Oct/2022:08:43:59 +0800] 0:0:0:0:0:0:0:1 "OPTIONS /project/fetch?ownId=0 HTTP/1.1" 200 (89 ms)
[01/Oct/2022:08:44:00 +0800] 0:0:0:0:0:0:0:1 "GET /project/fetch?ownId=0 HTTP/1.1" 200 (1005 ms)
[01/Oct/2022:08:54:50 +0800] 0:0:0:0:0:0:0:1 "GET /project/fetch?ownId=0 HTTP/1.1" 200 (850 ms)
[01/Oct/2022:08:54:50 +0800] 0:0:0:0:0:0:0:1 "GET /favicon.ico HTTP/1.1" 404 (48 ms)
[01/Oct/2022:08:55:25 +0800] 0:0:0:0:0:0:0:1 "GET /project/fetch?ownId=0 HTTP/1.1" 200 (23 ms)
[01/Oct/2022:08:55:28 +0800] 0:0:0:0:0:0:0:1 "GET /project/fetch?ownId=0 HTTP/1.1" 200 (23 ms)
[01/Oct/2022:08:55:40 +0800] 0:0:0:0:0:0:0:1 "GET /project/fetch?ownId=0 HTTP/1.1" 200 (29 ms)
[01/Oct/2022:08:55:41 +0800] 0:0:0:0:0:0:0:1 "GET /project/fetch?ownId=0 HTTP/1.1" 200 (21 ms)
[01/Oct/2022:08:55:41 +0800] 0:0:0:0:0:0:0:1 "GET /project/fetch?ownId=0 HTTP/1.1" 200 (21 ms)
[01/Oct/2022:08:55:41 +0800] 0:0:0:0:0:0:0:1 "GET /project/fetch?ownId=0 HTTP/1.1" 200 (23 ms)
[01/Oct/2022:08:56:31 +0800] 0:0:0:0:0:0:0:1 "GET /project/fetch?ownId=0 HTTP/1.1" 500 (3855 ms)
[01/Oct/2022:08:56:39 +0800] 0:0:0:0:0:0:0:1 "GET /project/fetch?ownId=0 HTTP/1.1" 500 (5 ms)
[01/Oct/2022:08:56:39 +0800] 0:0:0:0:0:0:0:1 "GET /project/fetch?ownId=0 HTTP/1.1" 500 (4 ms)
[01/Oct/2022:08:56:40 +0800] 0:0:0:0:0:0:0:1 "GET /project/fetch?ownId=0 HTTP/1.1" 500 (4 ms)
[01/Oct/2022:08:56:41 +0800] 0:0:0:0:0:0:0:1 "GET /project/fetch?ownId=0 HTTP/1.1" 500 (5 ms)
[01/Oct/2022:08:56:41 +0800] 0:0:0:0:0:0:0:1 "GET /project/fetch?ownId=0 HTTP/1.1" 500 (4 ms)
[01/Oct/2022:08:56:41 +0800] 0:0:0:0:0:0:0:1 "GET /project/fetch?ownId=0 HTTP/1.1" 500 (5 ms)
[01/Oct/2022:08:56:41 +0800] 0:0:0:0:0:0:0:1 "GET /project/fetch?ownId=0 HTTP/1.1" 500 (5 ms)
[01/Oct/2022:08:56:42 +0800] 0:0:0:0:0:0:0:1 "GET /project/fetch?ownId=0 HTTP/1.1" 500 (5 ms)
[01/Oct/2022:08:56:53 +0800] 0:0:0:0:0:0:0:1 "GET /project/fetch?ownId=0 HTTP/1.1" 500 (564 ms)
[01/Oct/2022:08:57:34 +0800] 0:0:0:0:0:0:0:1 "GET /project/fetch?ownId=0 HTTP/1.1" 500 (20536 ms)
[01/Oct/2022:08:57:51 +0800] 0:0:0:0:0:0:0:1 "GET /project/fetch?ownId=0 HTTP/1.1" 500 (8 ms)
[01/Oct/2022:09:10:56 +0800] 0:0:0:0:0:0:0:1 "GET /project/fetch?ownId=0 HTTP/1.1" 500 (679 ms)
[01/Oct/2022:09:12:07 +0800] 0:0:0:0:0:0:0:1 "GET /project/fetch?ownId=0 HTTP/1.1" 500 (8941 ms)
[01/Oct/2022:09:15:04 +0800] 0:0:0:0:0:0:0:1 "OPTIONS /project/fetch?ownId=0 HTTP/1.1" 200 (117 ms)
[01/Oct/2022:09:15:05 +0800] 0:0:0:0:0:0:0:1 "GET /project/fetch?ownId=0 HTTP/1.1" 500 (538 ms)
[01/Oct/2022:09:16:02 +0800] 0:0:0:0:0:0:0:1 "GET /project/fetch?ownId=0 HTTP/1.1" 500 (634 ms)
[01/Oct/2022:09:18:11 +0800] 0:0:0:0:0:0:0:1 "GET /project/fetch?ownId=0 HTTP/1.1" 500 (666 ms)
[01/Oct/2022:09:21:26 +0800] 0:0:0:0:0:0:0:1 "GET /project/fetch?ownId=0 HTTP/1.1" 500 (6 ms)
[01/Oct/2022:09:21:54 +0800] 0:0:0:0:0:0:0:1 "GET /project/fetch?ownId=0 HTTP/1.1" 500 (638 ms)
[01/Oct/2022:09:23:43 +0800] 0:0:0:0:0:0:0:1 "GET /project/fetch?ownId=0 HTTP/1.1" 500 (8 ms)
[01/Oct/2022:09:28:08 +0800] 0:0:0:0:0:0:0:1 "GET /project/fetch?ownId=0 HTTP/1.1" 200 (1110 ms)
[01/Oct/2022:09:34:32 +0800] 0:0:0:0:0:0:0:1 "GET /project/fetch?ownId=0 HTTP/1.1" 500 (1083 ms)
[01/Oct/2022:09:35:11 +0800] 0:0:0:0:0:0:0:1 "GET /project/fetch?ownId=0 HTTP/1.1" 500 (15 ms)
[01/Oct/2022:09:41:09 +0800] 0:0:0:0:0:0:0:1 "GET /project/fetch?ownId=0 HTTP/1.1" 500 (28 ms)
[01/Oct/2022:09:45:47 +0800] 0:0:0:0:0:0:0:1 "OPTIONS /project/fetch?ownId=0 HTTP/1.1" 200 (129 ms)
[01/Oct/2022:09:48:03 +0800] 0:0:0:0:0:0:0:1 "OPTIONS /system/users/token HTTP/1.1" 200 (61 ms)
[01/Oct/2022:09:48:03 +0800] 0:0:0:0:0:0:0:1 "POST /system/users/token HTTP/1.1" 200 (802 ms)
[01/Oct/2022:09:48:03 +0800] 0:0:0:0:0:0:0:1 "OPTIONS /system/setting/getmenu HTTP/1.1" 200 (2 ms)
[01/Oct/2022:09:48:04 +0800] 0:0:0:0:0:0:0:1 "GET /system/setting/getmenu HTTP/1.1" 200 (62 ms)
[01/Oct/2022:09:49:04 +0800] 0:0:0:0:0:0:0:1 "GET /project/fetch?ownId=0 HTTP/1.1" 200 (60543 ms)
[01/Oct/2022:09:49:43 +0800] 0:0:0:0:0:0:0:1 "GET /project/fetch?ownId=0 HTTP/1.1" 200 (1030 ms)
[01/Oct/2022:09:56:35 +0800] 0:0:0:0:0:0:0:1 "GET /project/fetch?ownId=0 HTTP/1.1" 200 (1218 ms)
[01/Oct/2022:10:00:34 +0800] 0:0:0:0:0:0:0:1 "GET /project/fetch?ownId=0 HTTP/1.1" 200 (1147 ms)
[01/Oct/2022:10:03:22 +0800] 0:0:0:0:0:0:0:1 "GET /project/fetch?ownId=0 HTTP/1.1" 200 (46743 ms)
[01/Oct/2022:10:04:35 +0800] 0:0:0:0:0:0:0:1 "GET /project/fetch?ownId=0 HTTP/1.1" 200 (38985 ms)
[01/Oct/2022:10:05:51 +0800] 0:0:0:0:0:0:0:1 "GET /project/fetch?ownId=0 HTTP/1.1" 200 (70122 ms)
[01/Oct/2022:10:06:10 +0800] 0:0:0:0:0:0:0:1 "GET /project/fetch?ownId=0 HTTP/1.1" 200 (13531 ms)
[01/Oct/2022:10:06:22 +0800] 0:0:0:0:0:0:0:1 "GET /project/fetch?ownId=0 HTTP/1.1" 200 (10 ms)
[01/Oct/2022:10:37:14 +0800] 0:0:0:0:0:0:0:1 "OPTIONS /project/fetch?ownId=0 HTTP/1.1" 200 (119 ms)
[01/Oct/2022:10:38:24 +0800] 0:0:0:0:0:0:0:1 "GET /project/fetch?ownId=0 HTTP/1.1" 200 (6251 ms)
[01/Oct/2022:10:38:44 +0800] 0:0:0:0:0:0:0:1 "GET /project/fetch?ownId=0 HTTP/1.1" 200 (12 ms)
[01/Oct/2022:10:42:32 +0800] 0:0:0:0:0:0:0:1 "GET /project/fetch?ownId=0 HTTP/1.1" 500 (1080 ms)
[01/Oct/2022:10:43:19 +0800] 0:0:0:0:0:0:0:1 "GET /project/fetch?ownId=0 HTTP/1.1" 200 (1082 ms)
[01/Oct/2022:10:47:52 +0800] 0:0:0:0:0:0:0:1 "GET /project/fetch?ownId=0 HTTP/1.1" 200 (19854 ms)
[01/Oct/2022:10:50:00 +0800] 0:0:0:0:0:0:0:1 "GET /project/fetch?ownId=0 HTTP/1.1" 200 (1123 ms)
[01/Oct/2022:10:50:16 +0800] 0:0:0:0:0:0:0:1 "GET /project/fetch?ownId=0 HTTP/1.1" 200 (6406 ms)
[01/Oct/2022:10:53:31 +0800] 0:0:0:0:0:0:0:1 "GET /project/fetch?ownId=0 HTTP/1.1" 200 (13532 ms)
[01/Oct/2022:10:56:35 +0800] 0:0:0:0:0:0:0:1 "GET /project/fetch?ownId=0 HTTP/1.1" 200 (38495 ms)
[01/Oct/2022:10:57:31 +0800] 0:0:0:0:0:0:0:1 "GET /project/fetch?ownId=0 HTTP/1.1" 200 (1165 ms)
[01/Oct/2022:10:59:37 +0800] 0:0:0:0:0:0:0:1 "GET /project/fetch?ownId=0 HTTP/1.1" 200 (1234 ms)
[01/Oct/2022:11:00:34 +0800] 0:0:0:0:0:0:0:1 "GET /project/fetch?ownId=0 HTTP/1.1" 500 (1087 ms)
[01/Oct/2022:11:02:32 +0800] 0:0:0:0:0:0:0:1 "GET /project/fetch?ownId=0 HTTP/1.1" 200 (1065 ms)
[01/Oct/2022:11:02:56 +0800] 0:0:0:0:0:0:0:1 "OPTIONS /system/role/fetch?rootId=0 HTTP/1.1" 200 (11 ms)
[01/Oct/2022:11:02:56 +0800] 0:0:0:0:0:0:0:1 "GET /system/role/fetch?rootId=0 HTTP/1.1" 200 (12 ms)
[01/Oct/2022:11:04:31 +0800] 0:0:0:0:0:0:0:1 "GET /project/fetch?ownId=0 HTTP/1.1" 200 (22724 ms)
[01/Oct/2022:11:55:05 +0800] 0:0:0:0:0:0:0:1 "OPTIONS /project/fetch?ownId=0 HTTP/1.1" 200 (171 ms)
[01/Oct/2022:11:55:05 +0800] 0:0:0:0:0:0:0:1 "GET /project/fetch?ownId=0 HTTP/1.1" 404 (144 ms)
[01/Oct/2022:11:59:57 +0800] 0:0:0:0:0:0:0:1 "OPTIONS /home/project/fetch?ownId=0 HTTP/1.1" 200 (63 ms)
[01/Oct/2022:12:07:31 +0800] 0:0:0:0:0:0:0:1 "GET /home/project/fetch?ownId=0 HTTP/1.1" 200 (17306 ms)
[01/Oct/2022:12:07:48 +0800] 0:0:0:0:0:0:0:1 "GET /home/project/fetch?ownId=0 HTTP/1.1" 200 (2618 ms)
[01/Oct/2022:12:08:07 +0800] 0:0:0:0:0:0:0:1 "GET /home/project/fetch/?ownId=0 HTTP/1.1" 500 (68 ms)
[01/Oct/2022:12:08:26 +0800] 0:0:0:0:0:0:0:1 "GET /home/project/?ownId=0 HTTP/1.1" 404 (22 ms)
[01/Oct/2022:12:08:37 +0800] 0:0:0:0:0:0:0:1 "GET /home/project?ownId=0 HTTP/1.1" 404 (6 ms)
[01/Oct/2022:12:08:53 +0800] 0:0:0:0:0:0:0:1 "GET /home/project/fetch?ownId=0 HTTP/1.1" 500 (7 ms)
[01/Oct/2022:12:09:29 +0800] 0:0:0:0:0:0:0:1 "OPTIONS /home/project/fetch/?ownId=0 HTTP/1.1" 200 (8 ms)
[01/Oct/2022:12:11:17 +0800] 0:0:0:0:0:0:0:1 "GET /home/project/fetch/?ownId=0 HTTP/1.1" 200 (107622 ms)
[01/Oct/2022:12:11:17 +0800] 0:0:0:0:0:0:0:1 "GET /home/project/fetch/?ownId=0 HTTP/1.1" 200 (55225 ms)
[01/Oct/2022:12:12:39 +0800] 0:0:0:0:0:0:0:1 "GET /home/project/fetch/?ownId=0 HTTP/1.1" 200 (31470 ms)
[01/Oct/2022:12:14:00 +0800] 0:0:0:0:0:0:0:1 "GET /home/project/fetch/?ownId=0 HTTP/1.1" 200 (1054 ms)
[01/Oct/2022:12:24:17 +0800] 0:0:0:0:0:0:0:1 "GET /home/project/fetch/?ownId=0 HTTP/1.1" 200 (602598 ms)
[01/Oct/2022:12:24:29 +0800] 0:0:0:0:0:0:0:1 "GET /home/project/fetch/?ownId=0 HTTP/1.1" 200 (11484 ms)
[01/Oct/2022:12:24:36 +0800] 0:0:0:0:0:0:0:1 "GET /home/project/fetch/?ownId=0 HTTP/1.1" 200 (13 ms)
[01/Oct/2022:12:26:16 +0800] 0:0:0:0:0:0:0:1 "GET /home/project/fetch/?ownId=0 HTTP/1.1" 200 (73355 ms)
[01/Oct/2022:12:27:30 +0800] 0:0:0:0:0:0:0:1 "GET /home/project/fetch/?ownId=0 HTTP/1.1" 200 (1251 ms)
[01/Oct/2022:12:27:55 +0800] 0:0:0:0:0:0:0:1 "OPTIONS /system/role/fetch?rootId=0 HTTP/1.1" 200 (4 ms)
[01/Oct/2022:12:27:55 +0800] 0:0:0:0:0:0:0:1 "GET /system/role/fetch?rootId=0 HTTP/1.1" 200 (30 ms)
[01/Oct/2022:12:27:55 +0800] 0:0:0:0:0:0:0:1 "OPTIONS /system/setting/menu?roleId=6191496747421696 HTTP/1.1" 200 (3 ms)
[01/Oct/2022:12:27:56 +0800] 0:0:0:0:0:0:0:1 "GET /system/setting/menu?roleId=6191496747421696 HTTP/1.1" 200 (29 ms)
[01/Oct/2022:12:28:15 +0800] 0:0:0:0:0:0:0:1 "GET /system/setting/menu?roleId=6191496747421696 HTTP/1.1" 200 (13 ms)
[01/Oct/2022:12:28:25 +0800] 0:0:0:0:0:0:0:1 "OPTIONS /system/role/fetch?ownId=0 HTTP/1.1" 200 (2 ms)
[01/Oct/2022:12:28:25 +0800] 0:0:0:0:0:0:0:1 "GET /system/role/fetch?ownId=0 HTTP/1.1" 200 (31 ms)
[01/Oct/2022:12:28:39 +0800] 0:0:0:0:0:0:0:1 "GET /system/role/fetch?rootId=0 HTTP/1.1" 200 (30 ms)
[01/Oct/2022:12:28:39 +0800] 0:0:0:0:0:0:0:1 "GET /system/setting/menu?roleId=6191496747421696 HTTP/1.1" 200 (14 ms)
[01/Oct/2022:12:30:00 +0800] 0:0:0:0:0:0:0:1 "GET /system/setting/menu?roleId=6191496747421696 HTTP/1.1" 200 (23 ms)
[01/Oct/2022:12:35:41 +0800] 0:0:0:0:0:0:0:1 "GET /system/role/fetch?rootId=0 HTTP/1.1" 200 (81994 ms)
[01/Oct/2022:12:35:51 +0800] 0:0:0:0:0:0:0:1 "GET /system/role/fetch?rootId=0 HTTP/1.1" 200 (29 ms)
[01/Oct/2022:12:35:51 +0800] 0:0:0:0:0:0:0:1 "GET /system/setting/menu?roleId=6191496747421696 HTTP/1.1" 200 (20 ms)
[01/Oct/2022:12:41:04 +0800] 0:0:0:0:0:0:0:1 "OPTIONS /home/project/fetch/?ownId=0 HTTP/1.1" 200 (2 ms)
[01/Oct/2022:12:41:04 +0800] 0:0:0:0:0:0:0:1 "GET /home/project/fetch/?ownId=0 HTTP/1.1" 200 (42 ms)
[01/Oct/2022:12:41:15 +0800] 0:0:0:0:0:0:0:1 "OPTIONS /home/project/tree?rootId=0 HTTP/1.1" 200 (2 ms)
[01/Oct/2022:12:41:15 +0800] 0:0:0:0:0:0:0:1 "GET /home/project/tree?rootId=0 HTTP/1.1" 200 (51 ms)
[01/Oct/2022:12:41:15 +0800] 0:0:0:0:0:0:0:1 "OPTIONS /budget/division/tree2?ownId=0&projectId=2543997172191232 HTTP/1.1" 200 (1 ms)
[01/Oct/2022:12:41:16 +0800] 0:0:0:0:0:0:0:1 "GET /budget/division/tree2?ownId=0&projectId=2543997172191232 HTTP/1.1" 200 (424 ms)
[01/Oct/2022:12:41:16 +0800] 0:0:0:0:0:0:0:1 "OPTIONS /budget/division/machine/tree?ownId=2543997172191232&divisionId=2543997172191232&rootId=2543997172191232 HTTP/1.1" 200 (1 ms)
[01/Oct/2022:12:41:16 +0800] 0:0:0:0:0:0:0:1 "GET /budget/division/machine/tree?ownId=2543997172191232&divisionId=2543997172191232&rootId=2543997172191232 HTTP/1.1" 200 (20 ms)
[01/Oct/2022:12:44:55 +0800] 0:0:0:0:0:0:0:1 "GET /home/project/fetch/?ownId=0 HTTP/1.1" 200 (1054 ms)
[01/Oct/2022:12:45:07 +0800] 0:0:0:0:0:0:0:1 "GET /system/role/fetch?rootId=0 HTTP/1.1" 200 (31 ms)
[01/Oct/2022:12:45:07 +0800] 0:0:0:0:0:0:0:1 "GET /system/setting/menu?roleId=6191496747421696 HTTP/1.1" 200 (30 ms)
[01/Oct/2022:12:49:59 +0800] 0:0:0:0:0:0:0:1 "GET /system/role/fetch?rootId=0 HTTP/1.1" 200 (1122 ms)
[01/Oct/2022:12:49:59 +0800] 0:0:0:0:0:0:0:1 "GET /system/setting/menu?roleId=6191496747421696 HTTP/1.1" 200 (34 ms)
[01/Oct/2022:12:57:56 +0800] 0:0:0:0:0:0:0:1 "OPTIONS /system/users/token HTTP/1.1" 200 (4 ms)
[01/Oct/2022:12:57:57 +0800] 0:0:0:0:0:0:0:1 "POST /system/users/token HTTP/1.1" 200 (63 ms)
[01/Oct/2022:12:57:57 +0800] 0:0:0:0:0:0:0:1 "OPTIONS /system/setting/getmenu HTTP/1.1" 200 (2 ms)
[01/Oct/2022:12:57:57 +0800] 0:0:0:0:0:0:0:1 "GET /system/setting/getmenu HTTP/1.1" 200 (8 ms)
[01/Oct/2022:12:57:57 +0800] 0:0:0:0:0:0:0:1 "GET /home/project/fetch/?ownId=0 HTTP/1.1" 200 (54 ms)
[01/Oct/2022:12:58:05 +0800] 0:0:0:0:0:0:0:1 "OPTIONS /system/role/fetch?rootId=0 HTTP/1.1" 200 (2 ms)
[01/Oct/2022:12:58:05 +0800] 0:0:0:0:0:0:0:1 "GET /system/role/fetch?rootId=0 HTTP/1.1" 200 (23 ms)
[01/Oct/2022:12:58:05 +0800] 0:0:0:0:0:0:0:1 "OPTIONS /system/setting/menu?roleId=6191496747421696 HTTP/1.1" 200 (1 ms)
[01/Oct/2022:12:58:05 +0800] 0:0:0:0:0:0:0:1 "GET /system/setting/menu?roleId=6191496747421696 HTTP/1.1" 200 (14 ms)
[01/Oct/2022:12:58:17 +0800] 0:0:0:0:0:0:0:1 "GET /home/project/fetch/?ownId=0 HTTP/1.1" 200 (34 ms)
[01/Oct/2022:12:58:22 +0800] 0:0:0:0:0:0:0:1 "GET /system/role/fetch?rootId=0 HTTP/1.1" 200 (43 ms)
[01/Oct/2022:12:58:22 +0800] 0:0:0:0:0:0:0:1 "GET /system/setting/menu?roleId=6191496747421696 HTTP/1.1" 200 (19 ms)
[01/Oct/2022:12:58:29 +0800] 0:0:0:0:0:0:0:1 "GET /home/project/fetch/?ownId=0 HTTP/1.1" 200 (55 ms)
[01/Oct/2022:12:58:38 +0800] 0:0:0:0:0:0:0:1 "OPTIONS /home/project/push HTTP/1.1" 200 (2 ms)
[01/Oct/2022:12:58:38 +0800] 0:0:0:0:0:0:0:1 "POST /home/project/push HTTP/1.1" 200 (15 ms)
[01/Oct/2022:12:58:38 +0800] 0:0:0:0:0:0:0:1 "GET /home/project/fetch/?ownId=0 HTTP/1.1" 200 (42 ms)
[01/Oct/2022:14:14:15 +0800] 0:0:0:0:0:0:0:1 "OPTIONS /home/project/fetch/?ownId=0 HTTP/1.1" 200 (3 ms)
[01/Oct/2022:14:14:16 +0800] 0:0:0:0:0:0:0:1 "GET /home/project/fetch/?ownId=0 HTTP/1.1" 200 (88 ms)
[01/Oct/2022:14:14:23 +0800] 0:0:0:0:0:0:0:1 "OPTIONS /home/project/push HTTP/1.1" 200 (2 ms)
[01/Oct/2022:14:14:23 +0800] 0:0:0:0:0:0:0:1 "POST /home/project/push HTTP/1.1" 200 (5 ms)
[01/Oct/2022:14:14:23 +0800] 0:0:0:0:0:0:0:1 "GET /home/project/fetch/?ownId=0 HTTP/1.1" 200 (24 ms)
[01/Oct/2022:14:15:06 +0800] 0:0:0:0:0:0:0:1 "OPTIONS /system/role/fetch?rootId=0 HTTP/1.1" 200 (1 ms)
[01/Oct/2022:14:15:06 +0800] 0:0:0:0:0:0:0:1 "GET /system/role/fetch?rootId=0 HTTP/1.1" 200 (18 ms)
[01/Oct/2022:14:15:06 +0800] 0:0:0:0:0:0:0:1 "OPTIONS /system/setting/menu?roleId=6191496747421696 HTTP/1.1" 200 (2 ms)
[01/Oct/2022:14:15:06 +0800] 0:0:0:0:0:0:0:1 "GET /system/setting/menu?roleId=6191496747421696 HTTP/1.1" 200 (25 ms)
[01/Oct/2022:14:15:14 +0800] 0:0:0:0:0:0:0:1 "OPTIONS /system/role/pushauthor?roleId=6191496747421696 HTTP/1.1" 200 (1 ms)
[01/Oct/2022:14:15:14 +0800] 0:0:0:0:0:0:0:1 "POST /system/role/pushauthor?roleId=6191496747421696 HTTP/1.1" 200 (322 ms)
[01/Oct/2022:14:15:15 +0800] 0:0:0:0:0:0:0:1 "POST /system/role/pushauthor?roleId=6191496747421696 HTTP/1.1" 200 (19 ms)
[01/Oct/2022:14:15:24 +0800] 0:0:0:0:0:0:0:1 "OPTIONS /home/project/tree?rootId=0 HTTP/1.1" 200 (1 ms)
[01/Oct/2022:14:15:24 +0800] 0:0:0:0:0:0:0:1 "GET /home/project/tree?rootId=0 HTTP/1.1" 200 (34 ms)
[01/Oct/2022:14:15:24 +0800] 0:0:0:0:0:0:0:1 "OPTIONS /budget/division/tree2?ownId=0&projectId=2543997172191232 HTTP/1.1" 200 (1 ms)
[01/Oct/2022:14:15:24 +0800] 0:0:0:0:0:0:0:1 "GET /budget/division/tree2?ownId=0&projectId=2543997172191232 HTTP/1.1" 200 (62 ms)
[01/Oct/2022:14:15:24 +0800] 0:0:0:0:0:0:0:1 "OPTIONS /budget/division/machine/tree?ownId=2543997172191232&divisionId=2543997172191232&rootId=2543997172191232 HTTP/1.1" 200 (2 ms)
[01/Oct/2022:14:15:24 +0800] 0:0:0:0:0:0:0:1 "GET /budget/division/machine/tree?ownId=2543997172191232&divisionId=2543997172191232&rootId=2543997172191232 HTTP/1.1" 200 (5 ms)
[01/Oct/2022:14:15:46 +0800] 0:0:0:0:0:0:0:1 "GET /system/role/fetch?rootId=0 HTTP/1.1" 200 (17 ms)
[01/Oct/2022:14:15:46 +0800] 0:0:0:0:0:0:0:1 "GET /system/setting/menu?roleId=6191496747421696 HTTP/1.1" 200 (13 ms)
[01/Oct/2022:14:16:00 +0800] 0:0:0:0:0:0:0:1 "GET /home/project/fetch/?ownId=0 HTTP/1.1" 200 (31 ms)
[01/Oct/2022:14:16:12 +0800] 0:0:0:0:0:0:0:1 "POST /home/project/push HTTP/1.1" 200 (5 ms)
[01/Oct/2022:14:16:12 +0800] 0:0:0:0:0:0:0:1 "GET /home/project/fetch/?ownId=0 HTTP/1.1" 200 (31 ms)
[01/Oct/2022:14:16:15 +0800] 0:0:0:0:0:0:0:1 "GET /home/project/tree?rootId=0 HTTP/1.1" 200 (28 ms)
[01/Oct/2022:14:16:15 +0800] 0:0:0:0:0:0:0:1 "GET /budget/division/tree2?ownId=0&projectId=2543997172191232 HTTP/1.1" 200 (53 ms)
[01/Oct/2022:14:16:15 +0800] 0:0:0:0:0:0:0:1 "GET /budget/division/machine/tree?ownId=2543997172191232&divisionId=2543997172191232&rootId=2543997172191232 HTTP/1.1" 200 (6 ms)
[01/Oct/2022:14:16:15 +0800] 0:0:0:0:0:0:0:1 "GET /home/project/fetch/?ownId=0 HTTP/1.1" 200 (27 ms)
[01/Oct/2022:14:16:23 +0800] 0:0:0:0:0:0:0:1 "GET /home/project/tree?rootId=0 HTTP/1.1" 200 (28 ms)
[01/Oct/2022:14:16:23 +0800] 0:0:0:0:0:0:0:1 "GET /budget/division/tree2?ownId=0&projectId=2543997172191232 HTTP/1.1" 200 (58 ms)
[01/Oct/2022:14:16:24 +0800] 0:0:0:0:0:0:0:1 "GET /budget/division/machine/tree?ownId=2543997172191232&divisionId=2543997172191232&rootId=2543997172191232 HTTP/1.1" 200 (6 ms)
[01/Oct/2022:14:16:53 +0800] 0:0:0:0:0:0:0:1 "GET /system/role/fetch?rootId=0 HTTP/1.1" 200 (17 ms)
[01/Oct/2022:14:16:53 +0800] 0:0:0:0:0:0:0:1 "GET /system/setting/menu?roleId=6191496747421696 HTTP/1.1" 200 (7 ms)
[01/Oct/2022:14:16:59 +0800] 0:0:0:0:0:0:0:1 "GET /home/project/tree?rootId=0 HTTP/1.1" 200 (30 ms)
[01/Oct/2022:14:16:59 +0800] 0:0:0:0:0:0:0:1 "GET /budget/division/tree2?ownId=0&projectId=2543997172191232 HTTP/1.1" 200 (40 ms)
[01/Oct/2022:14:16:59 +0800] 0:0:0:0:0:0:0:1 "GET /budget/division/machine/tree?ownId=2543997172191232&divisionId=2543997172191232&rootId=2543997172191232 HTTP/1.1" 200 (6 ms)
[01/Oct/2022:14:17:12 +0800] 0:0:0:0:0:0:0:1 "GET /home/project/tree?rootId=0 HTTP/1.1" 200 (39 ms)
[01/Oct/2022:14:17:12 +0800] 0:0:0:0:0:0:0:1 "GET /budget/division/tree2?ownId=0&projectId=2543997172191232 HTTP/1.1" 200 (108 ms)
[01/Oct/2022:14:17:12 +0800] 0:0:0:0:0:0:0:1 "GET /budget/division/machine/tree?ownId=2543997172191232&divisionId=2543997172191232&rootId=2543997172191232 HTTP/1.1" 200 (9 ms)
[01/Oct/2022:14:23:14 +0800] 0:0:0:0:0:0:0:1 "GET /home/project/tree?rootId=0 HTTP/1.1" 200 (1214 ms)
[01/Oct/2022:14:23:14 +0800] 0:0:0:0:0:0:0:1 "GET /budget/division/tree2?ownId=0&projectId=2543997172191232 HTTP/1.1" 200 (66 ms)
[01/Oct/2022:14:23:15 +0800] 0:0:0:0:0:0:0:1 "GET /budget/division/machine/tree?ownId=2543997172191232&divisionId=2543997172191232&rootId=2543997172191232 HTTP/1.1" 200 (28 ms)
[01/Oct/2022:14:23:27 +0800] 0:0:0:0:0:0:0:1 "GET /home/project/tree?rootId=0 HTTP/1.1" 200 (62 ms)
[01/Oct/2022:14:23:27 +0800] 0:0:0:0:0:0:0:1 "OPTIONS /budget/measure/tree2?ownId=0&projectId=2543997172191232 HTTP/1.1" 200 (8 ms)
[01/Oct/2022:14:23:27 +0800] 0:0:0:0:0:0:0:1 "GET /budget/measure/tree2?ownId=0&projectId=2543997172191232 HTTP/1.1" 500 (258 ms)
[01/Oct/2022:14:23:29 +0800] 0:0:0:0:0:0:0:1 "OPTIONS /budget/measure/tree2?ownId=0&projectId=2 HTTP/1.1" 200 (2 ms)
[01/Oct/2022:14:23:29 +0800] 0:0:0:0:0:0:0:1 "GET /budget/measure/tree2?ownId=0&projectId=2 HTTP/1.1" 200 (47 ms)
[01/Oct/2022:14:23:30 +0800] 0:0:0:0:0:0:0:1 "OPTIONS /budget/measure/machine/tree?ownId=2&measureId=2&rootId=2 HTTP/1.1" 200 (1 ms)
[01/Oct/2022:14:23:30 +0800] 0:0:0:0:0:0:0:1 "GET /budget/measure/machine/tree?ownId=2&measureId=2&rootId=2 HTTP/1.1" 200 (9 ms)
[01/Oct/2022:14:23:33 +0800] 0:0:0:0:0:0:0:1 "OPTIONS /budget/measure/tree2?ownId=0&projectId=5342111822123008 HTTP/1.1" 200 (1 ms)
[01/Oct/2022:14:23:33 +0800] 0:0:0:0:0:0:0:1 "GET /budget/measure/tree2?ownId=0&projectId=5342111822123008 HTTP/1.1" 200 (41 ms)
[01/Oct/2022:14:23:33 +0800] 0:0:0:0:0:0:0:1 "OPTIONS /budget/measure/machine/tree?ownId=5342111822123008&measureId=5342111822123008&rootId=5342111822123008 HTTP/1.1" 200 (1 ms)
[01/Oct/2022:14:23:33 +0800] 0:0:0:0:0:0:0:1 "GET /budget/measure/machine/tree?ownId=5342111822123008&measureId=5342111822123008&rootId=5342111822123008 HTTP/1.1" 200 (9 ms)
[01/Oct/2022:14:23:36 +0800] 0:0:0:0:0:0:0:1 "GET /home/project/tree?rootId=0 HTTP/1.1" 200 (37 ms)
[01/Oct/2022:14:23:36 +0800] 0:0:0:0:0:0:0:1 "OPTIONS /plan/division/tree2?ownId=0&projectId=2543997172191232 HTTP/1.1" 200 (2 ms)
[01/Oct/2022:14:23:36 +0800] 0:0:0:0:0:0:0:1 "GET /plan/division/tree2?ownId=0&projectId=2543997172191232 HTTP/1.1" 200 (221 ms)
[01/Oct/2022:14:23:37 +0800] 0:0:0:0:0:0:0:1 "OPTIONS /plan/division/machine/tree?ownId=2543997172191232&divisionId=2543997172191232&rootId=2543997172191232 HTTP/1.1" 200 (1 ms)
[01/Oct/2022:14:23:37 +0800] 0:0:0:0:0:0:0:1 "GET /plan/division/machine/tree?ownId=2543997172191232&divisionId=2543997172191232&rootId=2543997172191232 HTTP/1.1" 200 (53 ms)
[01/Oct/2022:14:23:40 +0800] 0:0:0:0:0:0:0:1 "GET /home/project/tree?rootId=0 HTTP/1.1" 200 (27 ms)
[01/Oct/2022:14:23:40 +0800] 0:0:0:0:0:0:0:1 "OPTIONS /plan/measure/tree2?ownId=0&projectId=2543997172191232 HTTP/1.1" 200 (2 ms)
[01/Oct/2022:14:23:40 +0800] 0:0:0:0:0:0:0:1 "GET /plan/measure/tree2?ownId=0&projectId=2543997172191232 HTTP/1.1" 200 (50 ms)
[01/Oct/2022:14:23:40 +0800] 0:0:0:0:0:0:0:1 "OPTIONS /plan/measure/machine/tree?ownId=2543997172191232&measureId=2543997172191232&rootId=2543997172191232 HTTP/1.1" 200 (2 ms)
[01/Oct/2022:14:23:40 +0800] 0:0:0:0:0:0:0:1 "GET /plan/measure/machine/tree?ownId=2543997172191232&measureId=2543997172191232&rootId=2543997172191232 HTTP/1.1" 200 (11 ms)
[01/Oct/2022:14:25:27 +0800] 0:0:0:0:0:0:0:1 "GET /home/project/tree?rootId=0 HTTP/1.1" 200 (39 ms)
[01/Oct/2022:14:25:27 +0800] 0:0:0:0:0:0:0:1 "OPTIONS /report/project/tree2?ownId=0&projectId=2543997172191232 HTTP/1.1" 200 (2 ms)
[01/Oct/2022:14:25:27 +0800] 0:0:0:0:0:0:0:1 "GET /report/project/tree2?ownId=0&projectId=2543997172191232 HTTP/1.1" 200 (567 ms)
[01/Oct/2022:14:25:30 +0800] 0:0:0:0:0:0:0:1 "OPTIONS /dict/subpackage/fetch?rootId=0 HTTP/1.1" 200 (2 ms)
[01/Oct/2022:14:25:30 +0800] 0:0:0:0:0:0:0:1 "GET /dict/subpackage/fetch?rootId=0 HTTP/1.1" 200 (18 ms)
[01/Oct/2022:14:25:31 +0800] 0:0:0:0:0:0:0:1 "OPTIONS /home/project/fetch/?subPackageId=4973770171355136 HTTP/1.1" 200 (3 ms)
[01/Oct/2022:14:25:31 +0800] 0:0:0:0:0:0:0:1 "GET /home/project/fetch/?subPackageId=4973770171355136 HTTP/1.1" 200 (34 ms)
[01/Oct/2022:14:25:31 +0800] 0:0:0:0:0:0:0:1 "OPTIONS /report/subpackage/tree2?subPackageId=4973770171355136&projectId=2543997172191232 HTTP/1.1" 200 (1 ms)
[01/Oct/2022:14:25:31 +0800] 0:0:0:0:0:0:0:1 "GET /report/subpackage/tree2?subPackageId=4973770171355136&projectId=2543997172191232 HTTP/1.1" 200 (106 ms)
[01/Oct/2022:14:25:33 +0800] 0:0:0:0:0:0:0:1 "GET /home/project/tree?rootId=0 HTTP/1.1" 200 (59 ms)
[01/Oct/2022:14:25:33 +0800] 0:0:0:0:0:0:0:1 "OPTIONS /report/project/tree2?ownId=0&projectId=2543997172191232&cmd=sj HTTP/1.1" 200 (2 ms)
[01/Oct/2022:14:25:33 +0800] 0:0:0:0:0:0:0:1 "GET /report/project/tree2?ownId=0&projectId=2543997172191232&cmd=sj HTTP/1.1" 200 (62 ms)
[01/Oct/2022:14:25:46 +0800] 0:0:0:0:0:0:0:1 "GET /system/role/fetch?rootId=0 HTTP/1.1" 200 (19 ms)
[01/Oct/2022:14:25:46 +0800] 0:0:0:0:0:0:0:1 "GET /system/setting/menu?roleId=6191496747421696 HTTP/1.1" 200 (17 ms)
[01/Oct/2022:14:25:53 +0800] 0:0:0:0:0:0:0:1 "POST /system/role/pushauthor?roleId=6191496747421696 HTTP/1.1" 200 (6 ms)
[01/Oct/2022:14:25:59 +0800] 0:0:0:0:0:0:0:1 "POST /system/role/pushauthor?roleId=6191496747421696 HTTP/1.1" 200 (8 ms)
[01/Oct/2022:14:26:24 +0800] 0:0:0:0:0:0:0:1 "GET /system/role/fetch?rootId=0 HTTP/1.1" 200 (23 ms)
[01/Oct/2022:14:26:24 +0800] 0:0:0:0:0:0:0:1 "GET /system/setting/menu?roleId=6191496747421696 HTTP/1.1" 200 (15 ms)
[01/Oct/2022:14:26:34 +0800] 0:0:0:0:0:0:0:1 "POST /system/role/pushauthor?roleId=6191496747421696 HTTP/1.1" 200 (8 ms)
[01/Oct/2022:14:26:40 +0800] 0:0:0:0:0:0:0:1 "GET /system/role/pushauthor?roleId=6191496747421696 HTTP/1.1" 405 (30 ms)
[01/Oct/2022:14:30:27 +0800] 0:0:0:0:0:0:0:1 "POST /system/role/pushauthor?roleId=6191496747421696 HTTP/1.1" 200 (59234 ms)
[01/Oct/2022:14:34:27 +0800] 0:0:0:0:0:0:0:1 "POST /system/role/pushauthor?roleId=6191496747421696 HTTP/1.1" 200 (1255 ms)
[01/Oct/2022:14:34:32 +0800] 0:0:0:0:0:0:0:1 "POST /system/role/pushauthor?roleId=6191496747421696 HTTP/1.1" 200 (35 ms)
[01/Oct/2022:14:34:42 +0800] 0:0:0:0:0:0:0:1 "GET /home/project/tree?rootId=0 HTTP/1.1" 200 (96 ms)
[01/Oct/2022:14:34:42 +0800] 0:0:0:0:0:0:0:1 "GET /report/project/tree2?ownId=0&projectId=2543997172191232&cmd=sj HTTP/1.1" 200 (109 ms)
[01/Oct/2022:15:55:34 +0800] 0:0:0:0:0:0:0:1 "GET /report/project/tree2?ownId=0&projectId=2543997172191232&cmd=sj HTTP/1.1" 200 (4830945 ms)
[01/Oct/2022:18:49:13 +0800] 0:0:0:0:0:0:0:1 "OPTIONS /home/project/fetch/?ownId=0 HTTP/1.1" 200 (77 ms)
[01/Oct/2022:18:49:20 +0800] 0:0:0:0:0:0:0:1 "GET /home/project/fetch/?ownId=0 HTTP/1.1" 200 (7431 ms)
[01/Oct/2022:18:49:26 +0800] 0:0:0:0:0:0:0:1 "OPTIONS /home/project/tree?rootId=0 HTTP/1.1" 200 (2 ms)
[01/Oct/2022:18:49:27 +0800] 0:0:0:0:0:0:0:1 "GET /home/project/tree?rootId=0 HTTP/1.1" 200 (56 ms)
[01/Oct/2022:18:49:27 +0800] 0:0:0:0:0:0:0:1 "OPTIONS /budget/division/tree2?ownId=0&projectId=2543997172191232 HTTP/1.1" 200 (3 ms)
[01/Oct/2022:18:49:27 +0800] 0:0:0:0:0:0:0:1 "GET /budget/division/tree2?ownId=0&projectId=2543997172191232 HTTP/1.1" 200 (19 ms)
[01/Oct/2022:18:49:28 +0800] 0:0:0:0:0:0:0:1 "GET /home/project/fetch/?ownId=0 HTTP/1.1" 200 (32 ms)
[01/Oct/2022:18:49:51 +0800] 0:0:0:0:0:0:0:1 "GET /home/project/tree?rootId=0 HTTP/1.1" 200 (44 ms)
[01/Oct/2022:18:49:51 +0800] 0:0:0:0:0:0:0:1 "OPTIONS /plan/division/tree2?ownId=0&projectId=2543997172191232 HTTP/1.1" 200 (2 ms)
[01/Oct/2022:18:49:51 +0800] 0:0:0:0:0:0:0:1 "GET /plan/division/tree2?ownId=0&projectId=2543997172191232 HTTP/1.1" 200 (99 ms)
[01/Oct/2022:18:49:52 +0800] 0:0:0:0:0:0:0:1 "OPTIONS /plan/division/machine/tree?ownId=2543997172191232&divisionId=2543997172191232&rootId=2543997172191232 HTTP/1.1" 200 (3 ms)
[01/Oct/2022:18:49:52 +0800] 0:0:0:0:0:0:0:1 "GET /plan/division/machine/tree?ownId=2543997172191232&divisionId=2543997172191232&rootId=2543997172191232 HTTP/1.1" 200 (46 ms)
[01/Oct/2022:18:49:52 +0800] 0:0:0:0:0:0:0:1 "GET /home/project/fetch/?ownId=0 HTTP/1.1" 200 (34 ms)
[01/Oct/2022:18:52:35 +0800] 0:0:0:0:0:0:0:1 "GET /home/project/tree?rootId=0 HTTP/1.1" 200 (49 ms)
[01/Oct/2022:18:52:35 +0800] 0:0:0:0:0:0:0:1 "OPTIONS /budget/measure/tree2?ownId=0&projectId=2543997172191232 HTTP/1.1" 200 (2 ms)
[01/Oct/2022:18:52:35 +0800] 0:0:0:0:0:0:0:1 "GET /budget/measure/tree2?ownId=0&projectId=2543997172191232 HTTP/1.1" 500 (200 ms)
[01/Oct/2022:18:55:27 +0800] 0:0:0:0:0:0:0:1 "OPTIONS /system/users/fetch?ownId=0 HTTP/1.1" 200 (1 ms)
[01/Oct/2022:18:55:27 +0800] 0:0:0:0:0:0:0:1 "GET /system/users/fetch?ownId=0 HTTP/1.1" 200 (15 ms)
[01/Oct/2022:18:55:35 +0800] 0:0:0:0:0:0:0:1 "OPTIONS /system/role/fetch?rootId=0 HTTP/1.1" 200 (2 ms)
[01/Oct/2022:18:55:35 +0800] 0:0:0:0:0:0:0:1 "GET /system/role/fetch?rootId=0 HTTP/1.1" 200 (30 ms)
[01/Oct/2022:18:55:35 +0800] 0:0:0:0:0:0:0:1 "OPTIONS /system/setting/menu?roleId=6191496747421696 HTTP/1.1" 200 (2 ms)
[01/Oct/2022:18:55:35 +0800] 0:0:0:0:0:0:0:1 "GET /system/setting/menu?roleId=6191496747421696 HTTP/1.1" 200 (22 ms)
[01/Oct/2022:18:55:58 +0800] 0:0:0:0:0:0:0:1 "GET /system/setting/menu?roleId=6191496747421696 HTTP/1.1" 200 (10 ms)
[01/Oct/2022:18:58:54 +0800] 0:0:0:0:0:0:0:1 "GET /home/project/tree?rootId=0 HTTP/1.1" 200 (59 ms)
[01/Oct/2022:18:58:54 +0800] 0:0:0:0:0:0:0:1 "OPTIONS /actual/division/tree2?ownId=0&projectId=2543997172191232 HTTP/1.1" 200 (2 ms)
[01/Oct/2022:18:58:54 +0800] 0:0:0:0:0:0:0:1 "GET /actual/division/tree2?ownId=0&projectId=2543997172191232 HTTP/1.1" 200 (72 ms)
[01/Oct/2022:18:58:55 +0800] 0:0:0:0:0:0:0:1 "OPTIONS /actual/division/machine/tree?ownId=2543997172191232&divisionId=2543997172191232&rootId=2543997172191232 HTTP/1.1" 200 (2 ms)
[01/Oct/2022:18:58:55 +0800] 0:0:0:0:0:0:0:1 "GET /actual/division/machine/tree?ownId=2543997172191232&divisionId=2543997172191232&rootId=2543997172191232 HTTP/1.1" 200 (8 ms)
[01/Oct/2022:18:59:47 +0800] 0:0:0:0:0:0:0:1 "GET /home/project/tree?rootId=0 HTTP/1.1" 200 (36 ms)
[01/Oct/2022:18:59:47 +0800] 0:0:0:0:0:0:0:1 "OPTIONS /report/project/tree2?ownId=0&projectId=2543997172191232 HTTP/1.1" 200 (1 ms)
[01/Oct/2022:18:59:47 +0800] 0:0:0:0:0:0:0:1 "GET /report/project/tree2?ownId=0&projectId=2543997172191232 HTTP/1.1" 200 (117 ms)
[01/Oct/2022:19:00:18 +0800] 0:0:0:0:0:0:0:1 "OPTIONS /dict/subpackage/fetch?rootId=0 HTTP/1.1" 200 (2 ms)
[01/Oct/2022:19:00:18 +0800] 0:0:0:0:0:0:0:1 "GET /dict/subpackage/fetch?rootId=0 HTTP/1.1" 200 (24 ms)
[01/Oct/2022:19:00:18 +0800] 0:0:0:0:0:0:0:1 "OPTIONS /home/project/fetch/?subPackageId=4973770171355136 HTTP/1.1" 200 (2 ms)
[01/Oct/2022:19:00:18 +0800] 0:0:0:0:0:0:0:1 "GET /home/project/fetch/?subPackageId=4973770171355136 HTTP/1.1" 200 (40 ms)
[01/Oct/2022:19:00:18 +0800] 0:0:0:0:0:0:0:1 "OPTIONS /report/subpackage/tree2?subPackageId=4973770171355136&projectId=2543997172191232 HTTP/1.1" 200 (1 ms)
[01/Oct/2022:19:00:18 +0800] 0:0:0:0:0:0:0:1 "GET /report/subpackage/tree2?subPackageId=4973770171355136&projectId=2543997172191232 HTTP/1.1" 200 (111 ms)
[01/Oct/2022:19:00:26 +0800] 0:0:0:0:0:0:0:1 "GET /home/project/tree?rootId=0 HTTP/1.1" 200 (31 ms)
[01/Oct/2022:19:00:27 +0800] 0:0:0:0:0:0:0:1 "GET /report/project/tree2?ownId=0&projectId=2543997172191232 HTTP/1.1" 200 (101 ms)
[01/Oct/2022:19:00:30 +0800] 0:0:0:0:0:0:0:1 "GET /dict/subpackage/fetch?rootId=0 HTTP/1.1" 200 (16 ms)
[01/Oct/2022:19:00:30 +0800] 0:0:0:0:0:0:0:1 "GET /home/project/fetch/?subPackageId=4973770171355136 HTTP/1.1" 200 (26 ms)
[01/Oct/2022:19:00:30 +0800] 0:0:0:0:0:0:0:1 "GET /report/subpackage/tree2?subPackageId=4973770171355136&projectId=2543997172191232 HTTP/1.1" 200 (94 ms)
[01/Oct/2022:19:00:51 +0800] 0:0:0:0:0:0:0:1 "GET /home/project/tree?rootId=0 HTTP/1.1" 200 (32 ms)
[01/Oct/2022:19:00:51 +0800] 0:0:0:0:0:0:0:1 "OPTIONS /report/project/tree2?ownId=0&projectId=2543997172191232&cmd=sj HTTP/1.1" 200 (2 ms)
[01/Oct/2022:19:00:51 +0800] 0:0:0:0:0:0:0:1 "GET /report/project/tree2?ownId=0&projectId=2543997172191232&cmd=sj HTTP/1.1" 200 (66 ms)
[01/Oct/2022:19:01:03 +0800] 0:0:0:0:0:0:0:1 "GET /home/project/tree?rootId=0 HTTP/1.1" 200 (47 ms)
[01/Oct/2022:19:01:03 +0800] 0:0:0:0:0:0:0:1 "OPTIONS /report/project/tree2?ownId=0&projectId=2543997172191232&cmd=ys HTTP/1.1" 200 (2 ms)
[01/Oct/2022:19:01:03 +0800] 0:0:0:0:0:0:0:1 "GET /report/project/tree2?ownId=0&projectId=2543997172191232&cmd=ys HTTP/1.1" 200 (65 ms)
[01/Oct/2022:19:01:15 +0800] 0:0:0:0:0:0:0:1 "GET /home/project/tree?rootId=0 HTTP/1.1" 200 (26 ms)
[01/Oct/2022:19:01:15 +0800] 0:0:0:0:0:0:0:1 "GET /report/project/tree2?ownId=0&projectId=2543997172191232&cmd=sj HTTP/1.1" 200 (59 ms)
[01/Oct/2022:19:01:32 +0800] 0:0:0:0:0:0:0:1 "GET /dict/subpackage/fetch?rootId=0 HTTP/1.1" 200 (22 ms)
[01/Oct/2022:19:01:32 +0800] 0:0:0:0:0:0:0:1 "GET /home/project/fetch/?subPackageId=4973770171355136 HTTP/1.1" 200 (36 ms)
[01/Oct/2022:19:01:32 +0800] 0:0:0:0:0:0:0:1 "GET /report/subpackage/tree2?subPackageId=4973770171355136&projectId=2543997172191232 HTTP/1.1" 200 (99 ms)
[01/Oct/2022:19:01:58 +0800] 0:0:0:0:0:0:0:1 "GET /system/users/fetch?ownId=0 HTTP/1.1" 200 (6 ms)
[01/Oct/2022:19:02:05 +0800] 0:0:0:0:0:0:0:1 "OPTIONS /system/role/fetch?ownId=0 HTTP/1.1" 200 (3 ms)
[01/Oct/2022:19:02:05 +0800] 0:0:0:0:0:0:0:1 "GET /system/role/fetch?ownId=0 HTTP/1.1" 200 (18 ms)
[01/Oct/2022:19:02:34 +0800] 0:0:0:0:0:0:0:1 "GET /system/role/fetch?rootId=0 HTTP/1.1" 200 (15 ms)
[01/Oct/2022:19:02:34 +0800] 0:0:0:0:0:0:0:1 "GET /system/setting/menu?roleId=6191496747421696 HTTP/1.1" 200 (10 ms)
[01/Oct/2022:19:12:38 +0800] 0:0:0:0:0:0:0:1 "GET /system/role/fetch?rootId=0 HTTP/1.1" 200 (1200 ms)
[01/Oct/2022:19:12:38 +0800] 0:0:0:0:0:0:0:1 "OPTIONS /system/author/menu?roleId=6191496747421696 HTTP/1.1" 200 (10 ms)
[01/Oct/2022:19:12:38 +0800] 0:0:0:0:0:0:0:1 "GET /system/author/menu?roleId=6191496747421696 HTTP/1.1" 200 (55 ms)
[01/Oct/2022:19:12:57 +0800] 0:0:0:0:0:0:0:1 "GET /home/project/tree?rootId=0 HTTP/1.1" 200 (45 ms)
[01/Oct/2022:19:12:57 +0800] 0:0:0:0:0:0:0:1 "GET /report/project/tree2?ownId=0&projectId=2543997172191232&cmd=sj HTTP/1.1" 200 (103 ms)
[01/Oct/2022:19:14:12 +0800] 0:0:0:0:0:0:0:1 "GET /report/project/tree2?ownId=0&projectId=2543997172191232&cmd=sj HTTP/1.1" 200 (16258 ms)
[01/Oct/2022:19:14:32 +0800] 0:0:0:0:0:0:0:1 "GET /home/project/tree?rootId=0 HTTP/1.1" 200 (50 ms)
[01/Oct/2022:19:14:33 +0800] 0:0:0:0:0:0:0:1 "GET /report/project/tree2?ownId=0&projectId=2543997172191232&cmd=sj HTTP/1.1" 200 (109 ms)
[01/Oct/2022:19:14:36 +0800] 0:0:0:0:0:0:0:1 "GET /system/role/fetch?rootId=0 HTTP/1.1" 200 (22 ms)
[01/Oct/2022:19:14:36 +0800] 0:0:0:0:0:0:0:1 "GET /system/author/menu?roleId=6191496747421696 HTTP/1.1" 200 (13 ms)
[01/Oct/2022:19:14:43 +0800] 0:0:0:0:0:0:0:1 "OPTIONS /system/role/pushauthor?roleId=6191496747421696 HTTP/1.1" 200 (2 ms)
[01/Oct/2022:19:14:43 +0800] 0:0:0:0:0:0:0:1 "POST /system/role/pushauthor?roleId=6191496747421696 HTTP/1.1" 200 (347 ms)
[01/Oct/2022:19:14:55 +0800] 0:0:0:0:0:0:0:1 "GET /home/project/tree?rootId=0 HTTP/1.1" 200 (29 ms)
[01/Oct/2022:19:14:55 +0800] 0:0:0:0:0:0:0:1 "GET /budget/division/tree2?ownId=0&projectId=2543997172191232 HTTP/1.1" 200 (9 ms)
[01/Oct/2022:19:14:57 +0800] 0:0:0:0:0:0:0:1 "OPTIONS /budget/division/tree2?ownId=0&projectId=2 HTTP/1.1" 200 (1 ms)
[01/Oct/2022:19:14:57 +0800] 0:0:0:0:0:0:0:1 "GET /budget/division/tree2?ownId=0&projectId=2 HTTP/1.1" 200 (7 ms)
[01/Oct/2022:19:14:59 +0800] 0:0:0:0:0:0:0:1 "OPTIONS /budget/division/tree2?ownId=0&projectId=5342111822123008 HTTP/1.1" 200 (2 ms)
[01/Oct/2022:19:14:59 +0800] 0:0:0:0:0:0:0:1 "GET /budget/division/tree2?ownId=0&projectId=5342111822123008 HTTP/1.1" 200 (5 ms)
[01/Oct/2022:19:15:00 +0800] 0:0:0:0:0:0:0:1 "OPTIONS /budget/division/tree2?ownId=0&projectId=3 HTTP/1.1" 200 (1 ms)
[01/Oct/2022:19:15:00 +0800] 0:0:0:0:0:0:0:1 "GET /budget/division/tree2?ownId=0&projectId=3 HTTP/1.1" 200 (7 ms)
[01/Oct/2022:19:15:01 +0800] 0:0:0:0:0:0:0:1 "GET /budget/division/tree2?ownId=0&projectId=2543997172191232 HTTP/1.1" 200 (6 ms)
[01/Oct/2022:19:15:09 +0800] 0:0:0:0:0:0:0:1 "POST /system/role/pushauthor?roleId=6191496747421696 HTTP/1.1" 200 (356 ms)
[01/Oct/2022:19:15:13 +0800] 0:0:0:0:0:0:0:1 "GET /budget/division/tree2?ownId=0&projectId=3 HTTP/1.1" 200 (65 ms)
[01/Oct/2022:19:15:13 +0800] 0:0:0:0:0:0:0:1 "OPTIONS /budget/division/machine/tree?ownId=3&divisionId=3&rootId=3 HTTP/1.1" 200 (2 ms)
[01/Oct/2022:19:15:13 +0800] 0:0:0:0:0:0:0:1 "GET /budget/division/machine/tree?ownId=3&divisionId=3&rootId=3 HTTP/1.1" 200 (28 ms)
[01/Oct/2022:19:15:15 +0800] 0:0:0:0:0:0:0:1 "GET /budget/division/tree2?ownId=0&projectId=2 HTTP/1.1" 200 (60 ms)
[01/Oct/2022:19:15:15 +0800] 0:0:0:0:0:0:0:1 "OPTIONS /budget/division/machine/tree?ownId=2&divisionId=2&rootId=2 HTTP/1.1" 200 (1 ms)
[01/Oct/2022:19:15:15 +0800] 0:0:0:0:0:0:0:1 "GET /budget/division/machine/tree?ownId=2&divisionId=2&rootId=2 HTTP/1.1" 200 (23 ms)
[01/Oct/2022:19:15:16 +0800] 0:0:0:0:0:0:0:1 "GET /budget/division/tree2?ownId=0&projectId=2 HTTP/1.1" 200 (39 ms)
[01/Oct/2022:19:15:16 +0800] 0:0:0:0:0:0:0:1 "GET /budget/division/machine/tree?ownId=2&divisionId=2&rootId=2 HTTP/1.1" 200 (24 ms)
[01/Oct/2022:19:15:18 +0800] 0:0:0:0:0:0:0:1 "OPTIONS /budget/division/tree2?ownId=2&projectId=9 HTTP/1.1" 200 (1 ms)
[01/Oct/2022:19:15:18 +0800] 0:0:0:0:0:0:0:1 "GET /budget/division/tree2?ownId=2&projectId=9 HTTP/1.1" 200 (40 ms)
[01/Oct/2022:19:15:18 +0800] 0:0:0:0:0:0:0:1 "OPTIONS /budget/division/machine/tree?ownId=9&divisionId=9&rootId=9 HTTP/1.1" 200 (1 ms)
[01/Oct/2022:19:15:18 +0800] 0:0:0:0:0:0:0:1 "GET /budget/division/machine/tree?ownId=9&divisionId=9&rootId=9 HTTP/1.1" 200 (21 ms)
[01/Oct/2022:19:15:19 +0800] 0:0:0:0:0:0:0:1 "GET /budget/division/tree2?ownId=0&projectId=2 HTTP/1.1" 200 (38 ms)
[01/Oct/2022:19:15:19 +0800] 0:0:0:0:0:0:0:1 "GET /budget/division/machine/tree?ownId=2&divisionId=2&rootId=2 HTTP/1.1" 200 (30 ms)
[01/Oct/2022:19:15:27 +0800] 0:0:0:0:0:0:0:1 "GET /budget/division/tree2?ownId=0&projectId=2543997172191232 HTTP/1.1" 200 (35 ms)
[01/Oct/2022:19:15:28 +0800] 0:0:0:0:0:0:0:1 "OPTIONS /budget/division/machine/tree?ownId=2543997172191232&divisionId=2543997172191232&rootId=2543997172191232 HTTP/1.1" 200 (1 ms)
[01/Oct/2022:19:15:28 +0800] 0:0:0:0:0:0:0:1 "GET /budget/division/machine/tree?ownId=2543997172191232&divisionId=2543997172191232&rootId=2543997172191232 HTTP/1.1" 200 (23 ms)
[01/Oct/2022:19:15:33 +0800] 0:0:0:0:0:0:0:1 "OPTIONS /budget/division/machine/tree?ownId=6046563126349824&divisionId=6046563126349824&rootId=6046563126349824 HTTP/1.1" 200 (1 ms)
[01/Oct/2022:19:15:33 +0800] 0:0:0:0:0:0:0:1 "GET /budget/division/machine/tree?ownId=6046563126349824&divisionId=6046563126349824&rootId=6046563126349824 HTTP/1.1" 200 (17 ms)
[01/Oct/2022:19:15:35 +0800] 0:0:0:0:0:0:0:1 "OPTIONS /budget/division/push HTTP/1.1" 200 (2 ms)
[01/Oct/2022:19:15:35 +0800] 0:0:0:0:0:0:0:1 "POST /budget/division/push HTTP/1.1" 200 (5 ms)
[01/Oct/2022:19:15:38 +0800] 0:0:0:0:0:0:0:1 "OPTIONS /budget/division/machine/tree?ownId=&divisionId=&rootId= HTTP/1.1" 200 (3 ms)
[01/Oct/2022:19:15:38 +0800] 0:0:0:0:0:0:0:1 "GET /budget/division/machine/tree?ownId=&divisionId=&rootId= HTTP/1.1" 200 (20 ms)
[01/Oct/2022:20:11:53 +0800] 0:0:0:0:0:0:0:1 "OPTIONS /system/author/menu?roleId=6191496747421696 HTTP/1.1" 200 (63 ms)
[01/Oct/2022:20:11:54 +0800] 0:0:0:0:0:0:0:1 "GET /system/author/menu?roleId=6191496747421696 HTTP/1.1" 200 (855 ms)
[01/Oct/2022:20:11:57 +0800] 0:0:0:0:0:0:0:1 "OPTIONS /system/role/fetch?rootId=0 HTTP/1.1" 200 (2 ms)
[01/Oct/2022:20:11:57 +0800] 0:0:0:0:0:0:0:1 "GET /system/role/fetch?rootId=0 HTTP/1.1" 200 (117 ms)
[01/Oct/2022:20:11:57 +0800] 0:0:0:0:0:0:0:1 "GET /system/author/menu?roleId=6191496747421696 HTTP/1.1" 200 (28 ms)
[01/Oct/2022:20:12:09 +0800] 0:0:0:0:0:0:0:1 "OPTIONS /system/role/pushauthor?roleId=6191496747421696 HTTP/1.1" 200 (2 ms)
[01/Oct/2022:20:12:09 +0800] 0:0:0:0:0:0:0:1 "POST /system/role/pushauthor?roleId=6191496747421696 HTTP/1.1" 200 (366 ms)
[01/Oct/2022:20:12:14 +0800] 0:0:0:0:0:0:0:1 "POST /system/role/pushauthor?roleId=6191496747421696 HTTP/1.1" 200 (33 ms)
[01/Oct/2022:20:12:19 +0800] 0:0:0:0:0:0:0:1 "GET /system/author/menu?roleId=6191496747421696 HTTP/1.1" 200 (21 ms)
[01/Oct/2022:20:12:25 +0800] 0:0:0:0:0:0:0:1 "GET /system/role/fetch?rootId=0 HTTP/1.1" 200 (18 ms)
[01/Oct/2022:20:12:25 +0800] 0:0:0:0:0:0:0:1 "GET /system/author/menu?roleId=6191496747421696 HTTP/1.1" 200 (28 ms)
[01/Oct/2022:20:14:07 +0800] 0:0:0:0:0:0:0:1 "OPTIONS /system/users/token HTTP/1.1" 200 (3 ms)
[01/Oct/2022:20:14:07 +0800] 0:0:0:0:0:0:0:1 "POST /system/users/token HTTP/1.1" 200 (41 ms)
[01/Oct/2022:20:14:07 +0800] 0:0:0:0:0:0:0:1 "OPTIONS /system/index/getmenu HTTP/1.1" 200 (1 ms)
[01/Oct/2022:20:14:07 +0800] 0:0:0:0:0:0:0:1 "GET /system/index/getmenu HTTP/1.1" 500 (35 ms)
[01/Oct/2022:20:14:37 +0800] 0:0:0:0:0:0:0:1 "POST /system/users/token HTTP/1.1" 200 (15 ms)
[01/Oct/2022:20:15:51 +0800] 0:0:0:0:0:0:0:1 "GET /system/index/getmenu HTTP/1.1" 500 (73908 ms)
[01/Oct/2022:20:18:26 +0800] 0:0:0:0:0:0:0:1 "POST /system/users/token HTTP/1.1" 200 (985 ms)
[01/Oct/2022:20:18:27 +0800] 0:0:0:0:0:0:0:1 "GET /system/index/getmenu HTTP/1.1" 200 (91 ms)
[01/Oct/2022:20:18:27 +0800] 0:0:0:0:0:0:0:1 "OPTIONS /home/project/fetch/?ownId=0 HTTP/1.1" 200 (10 ms)
[01/Oct/2022:20:18:27 +0800] 0:0:0:0:0:0:0:1 "GET /home/project/fetch/?ownId=0 HTTP/1.1" 200 (106 ms)
[01/Oct/2022:20:19:29 +0800] 0:0:0:0:0:0:0:1 "OPTIONS /dict/subpackage/fetch?rootId=0 HTTP/1.1" 200 (2 ms)
[01/Oct/2022:20:19:29 +0800] 0:0:0:0:0:0:0:1 "GET /dict/subpackage/fetch?rootId=0 HTTP/1.1" 200 (26 ms)
[01/Oct/2022:20:21:55 +0800] 0:0:0:0:0:0:0:1 "POST /system/users/token HTTP/1.1" 200 (849 ms)
[01/Oct/2022:20:22:33 +0800] 0:0:0:0:0:0:0:1 "GET /system/index/getmenu HTTP/1.1" 200 (38551 ms)
[01/Oct/2022:20:22:48 +0800] 0:0:0:0:0:0:0:1 "POST /system/users/token HTTP/1.1" 200 (12 ms)
[01/Oct/2022:20:22:48 +0800] 0:0:0:0:0:0:0:1 "GET /system/index/getmenu HTTP/1.1" 200 (18 ms)
[01/Oct/2022:20:22:48 +0800] 0:0:0:0:0:0:0:1 "GET /home/project/fetch/?ownId=0 HTTP/1.1" 200 (109 ms)
[01/Oct/2022:20:22:56 +0800] 0:0:0:0:0:0:0:1 "GET /dict/subpackage/fetch?rootId=0 HTTP/1.1" 200 (19 ms)
[01/Oct/2022:20:23:02 +0800] 0:0:0:0:0:0:0:1 "OPTIONS /home/project/tree?rootId=0 HTTP/1.1" 200 (5 ms)
[01/Oct/2022:20:23:02 +0800] 0:0:0:0:0:0:0:1 "GET /home/project/tree?rootId=0 HTTP/1.1" 200 (51 ms)
[01/Oct/2022:20:23:02 +0800] 0:0:0:0:0:0:0:1 "OPTIONS /report/project/tree2?ownId=0&projectId=2543997172191232 HTTP/1.1" 200 (2 ms)
[01/Oct/2022:20:23:02 +0800] 0:0:0:0:0:0:0:1 "GET /report/project/tree2?ownId=0&projectId=2543997172191232 HTTP/1.1" 200 (110 ms)
[01/Oct/2022:20:23:05 +0800] 0:0:0:0:0:0:0:1 "GET /dict/subpackage/fetch?rootId=0 HTTP/1.1" 200 (7 ms)
[01/Oct/2022:20:31:12 +0800] 0:0:0:0:0:0:0:1 "POST /system/users/token HTTP/1.1" 200 (842 ms)
[01/Oct/2022:20:31:12 +0800] 0:0:0:0:0:0:0:1 "GET /system/index/getmenu HTTP/1.1" 200 (84 ms)
[01/Oct/2022:20:31:12 +0800] 0:0:0:0:0:0:0:1 "GET /home/project/fetch/?ownId=0 HTTP/1.1" 200 (110 ms)
[01/Oct/2022:20:39:36 +0800] 0:0:0:0:0:0:0:1 "POST /system/users/token HTTP/1.1" 200 (841 ms)
[01/Oct/2022:20:39:36 +0800] 0:0:0:0:0:0:0:1 "GET /system/index/getmenu HTTP/1.1" 200 (83 ms)
[01/Oct/2022:20:39:36 +0800] 0:0:0:0:0:0:0:1 "GET /home/project/fetch/?ownId=0 HTTP/1.1" 200 (109 ms)
[01/Oct/2022:21:10:55 +0800] 0:0:0:0:0:0:0:1 "OPTIONS /system/users/token HTTP/1.1" 200 (62 ms)
[01/Oct/2022:21:10:55 +0800] 0:0:0:0:0:0:0:1 "POST /system/users/token HTTP/1.1" 200 (790 ms)
[01/Oct/2022:21:10:55 +0800] 0:0:0:0:0:0:0:1 "OPTIONS /system/index/getmenu HTTP/1.1" 200 (1 ms)
[01/Oct/2022:21:10:56 +0800] 0:0:0:0:0:0:0:1 "GET /system/index/getmenu HTTP/1.1" 200 (85 ms)
[01/Oct/2022:21:10:56 +0800] 0:0:0:0:0:0:0:1 "OPTIONS /home/project/fetch/?ownId=0 HTTP/1.1" 200 (3 ms)
[01/Oct/2022:21:10:56 +0800] 0:0:0:0:0:0:0:1 "GET /home/project/fetch/?ownId=0 HTTP/1.1" 200 (104 ms)
[01/Oct/2022:21:11:25 +0800] 0:0:0:0:0:0:0:1 "POST /system/users/token HTTP/1.1" 200 (12 ms)
[01/Oct/2022:21:12:03 +0800] 0:0:0:0:0:0:0:1 "GET /system/index/getmenu HTTP/1.1" 200 (38352 ms)
[01/Oct/2022:21:12:50 +0800] 0:0:0:0:0:0:0:1 "POST /system/users/token HTTP/1.1" 200 (22 ms)
[01/Oct/2022:21:14:06 +0800] 0:0:0:0:0:0:0:1 "GET /system/index/getmenu HTTP/1.1" 200 (76118 ms)
[01/Oct/2022:21:15:38 +0800] 0:0:0:0:0:0:0:1 "POST /system/users/token HTTP/1.1" 200 (892 ms)
[01/Oct/2022:21:15:38 +0800] 0:0:0:0:0:0:0:1 "GET /system/index/getmenu HTTP/1.1" 200 (81 ms)
[01/Oct/2022:21:15:38 +0800] 0:0:0:0:0:0:0:1 "GET /home/project/fetch/?ownId=0 HTTP/1.1" 200 (134 ms)
[01/Oct/2022:21:20:37 +0800] 0:0:0:0:0:0:0:1 "POST /system/users/token HTTP/1.1" 200 (849 ms)
[01/Oct/2022:21:20:37 +0800] 0:0:0:0:0:0:0:1 "GET /system/index/getmenu HTTP/1.1" 200 (85 ms)
[01/Oct/2022:21:20:37 +0800] 0:0:0:0:0:0:0:1 "GET /home/project/fetch/?ownId=0 HTTP/1.1" 200 (102 ms)
[01/Oct/2022:21:23:22 +0800] 0:0:0:0:0:0:0:1 "POST /system/users/token HTTP/1.1" 200 (850 ms)
[01/Oct/2022:21:23:29 +0800] 0:0:0:0:0:0:0:1 "GET /system/index/getmenu HTTP/1.1" 200 (7331 ms)
[01/Oct/2022:21:23:38 +0800] 0:0:0:0:0:0:0:1 "POST /system/users/token HTTP/1.1" 200 (13 ms)
[01/Oct/2022:21:23:39 +0800] 0:0:0:0:0:0:0:1 "GET /system/index/getmenu HTTP/1.1" 200 (20 ms)
[01/Oct/2022:21:23:39 +0800] 0:0:0:0:0:0:0:1 "GET /home/project/fetch/?ownId=0 HTTP/1.1" 200 (127 ms)
[01/Oct/2022:21:27:52 +0800] 0:0:0:0:0:0:0:1 "POST /system/users/token HTTP/1.1" 200 (855 ms)
[01/Oct/2022:21:28:56 +0800] 0:0:0:0:0:0:0:1 "GET /system/index/getmenu HTTP/1.1" 200 (63041 ms)
[01/Oct/2022:21:29:33 +0800] 0:0:0:0:0:0:0:1 "POST /system/users/token HTTP/1.1" 200 (25 ms)
[01/Oct/2022:21:31:05 +0800] 0:0:0:0:0:0:0:1 "GET /system/index/getmenu HTTP/1.1" 200 (91678 ms)
[01/Oct/2022:21:32:41 +0800] 0:0:0:0:0:0:0:1 "POST /system/users/token HTTP/1.1" 200 (849 ms)
[01/Oct/2022:21:32:41 +0800] 0:0:0:0:0:0:0:1 "GET /system/index/getmenu HTTP/1.1" 200 (84 ms)
[01/Oct/2022:21:32:41 +0800] 0:0:0:0:0:0:0:1 "GET /home/project/fetch/?ownId=0 HTTP/1.1" 200 (114 ms)
[01/Oct/2022:21:57:08 +0800] 0:0:0:0:0:0:0:1 "OPTIONS /home/project/fetch/?ownId=0 HTTP/1.1" 200 (9 ms)
[01/Oct/2022:21:57:08 +0800] 0:0:0:0:0:0:0:1 "GET /home/project/fetch/?ownId=0 HTTP/1.1" 200 (57 ms)
[01/Oct/2022:21:57:12 +0800] 0:0:0:0:0:0:0:1 "GET /home/project/fetch/?ownId=0 HTTP/1.1" 200 (36 ms)
[01/Oct/2022:21:59:24 +0800] 0:0:0:0:0:0:0:1 "OPTIONS /system/users/token HTTP/1.1" 200 (2 ms)
[01/Oct/2022:21:59:24 +0800] 0:0:0:0:0:0:0:1 "POST /system/users/token HTTP/1.1" 200 (20 ms)
[01/Oct/2022:21:59:24 +0800] 0:0:0:0:0:0:0:1 "OPTIONS /system/index/getmenu HTTP/1.1" 200 (1 ms)
[01/Oct/2022:21:59:24 +0800] 0:0:0:0:0:0:0:1 "GET /system/index/getmenu HTTP/1.1" 200 (17 ms)
[01/Oct/2022:21:59:25 +0800] 0:0:0:0:0:0:0:1 "GET /home/project/fetch/?ownId=0 HTTP/1.1" 200 (46 ms)
[01/Oct/2022:21:59:29 +0800] 0:0:0:0:0:0:0:1 "OPTIONS /system/logs/fetch?ownId=0 HTTP/1.1" 200 (5 ms)
[01/Oct/2022:21:59:29 +0800] 0:0:0:0:0:0:0:1 "GET /system/logs/fetch?ownId=0 HTTP/1.1" 404 (19 ms)
[01/Oct/2022:21:59:47 +0800] 127.0.0.1 "OPTIONS /system/role/fetch?ownId=0 HTTP/1.1" 200 (76 ms)
[01/Oct/2022:21:59:48 +0800] 127.0.0.1 "GET /system/role/fetch?ownId=0 HTTP/1.1" 200 (1124 ms)
[01/Oct/2022:21:59:50 +0800] 127.0.0.1 "GET /system/logs/fetch?ownId=0 HTTP/1.1" 200 (31 ms)
[01/Oct/2022:22:03:52 +0800] 0:0:0:0:0:0:0:1 "GET /system/logs/fetch?ownId=0 HTTP/1.1" 200 (36 ms)
[01/Oct/2022:22:04:19 +0800] 0:0:0:0:0:0:0:1 "GET /system/logs/fetch?ownId=0 HTTP/1.1" 500 (248 ms)
[01/Oct/2022:22:06:51 +0800] 0:0:0:0:0:0:0:1 "GET /system/logs/fetch?ownId=0 HTTP/1.1" 500 (1128 ms)
[01/Oct/2022:22:11:03 +0800] 0:0:0:0:0:0:0:1 "GET /system/logs/fetch?ownId=0 HTTP/1.1" 500 (1112 ms)
[01/Oct/2022:22:14:00 +0800] 0:0:0:0:0:0:0:1 "GET /system/logs/fetch?ownId=0 HTTP/1.1" 500 (1147 ms)
[01/Oct/2022:22:16:21 +0800] 0:0:0:0:0:0:0:1 "GET /system/logs/fetch?ownId=0 HTTP/1.1" 200 (1066 ms)
[01/Oct/2022:22:20:21 +0800] 0:0:0:0:0:0:0:1 "POST /system/users/token HTTP/1.1" 200 (1355 ms)
[01/Oct/2022:22:20:31 +0800] 0:0:0:0:0:0:0:1 "POST /system/users/token HTTP/1.1" 200 (161 ms)
[01/Oct/2022:22:20:31 +0800] 0:0:0:0:0:0:0:1 "GET /system/index/getmenu HTTP/1.1" 200 (82 ms)
[01/Oct/2022:22:20:32 +0800] 0:0:0:0:0:0:0:1 "GET /home/project/fetch/?ownId=0 HTTP/1.1" 200 (107 ms)
[01/Oct/2022:22:20:35 +0800] 0:0:0:0:0:0:0:1 "GET /system/logs/fetch?ownId=0 HTTP/1.1" 200 (24 ms)
[01/Oct/2022:22:23:57 +0800] 0:0:0:0:0:0:0:1 "GET /system/logs/fetch?ownId=0 HTTP/1.1" 200 (1039 ms)
[01/Oct/2022:22:23:57 +0800] 0:0:0:0:0:0:0:1 "OPTIONS /system/role/fetch?rootId=0 HTTP/1.1" 200 (5 ms)
[01/Oct/2022:22:23:58 +0800] 0:0:0:0:0:0:0:1 "GET /system/role/fetch?rootId=0 HTTP/1.1" 200 (28 ms)
[01/Oct/2022:22:23:58 +0800] 0:0:0:0:0:0:0:1 "OPTIONS /system/author/menu?roleId=6191496747421696 HTTP/1.1" 200 (2 ms)
[01/Oct/2022:22:23:58 +0800] 0:0:0:0:0:0:0:1 "GET /system/author/menu?roleId=6191496747421696 HTTP/1.1" 200 (34 ms)
