[22/Sep/2022:08:48:58 +0800] 0:0:0:0:0:0:0:1 "POST /system/token HTTP/1.1" 200 (624 ms)
[22/Sep/2022:08:48:58 +0800] 0:0:0:0:0:0:0:1 "GET /system/menu HTTP/1.1" 200 (193 ms)
[22/Sep/2022:08:48:59 +0800] 0:0:0:0:0:0:0:1 "GET /project/fetch?ownId=0 HTTP/1.1" 200 (1345 ms)
[22/Sep/2022:08:49:01 +0800] 0:0:0:0:0:0:0:1 "GET /project/fetch?ownId=0 HTTP/1.1" 200 (26 ms)
[22/Sep/2022:08:49:01 +0800] 0:0:0:0:0:0:0:1 "GET /project/tree?ownId=2543997172191232&rootId=2543997172191232 HTTP/1.1" 200 (22 ms)
[22/Sep/2022:08:49:02 +0800] 0:0:0:0:0:0:0:1 "GET /project/tree?ownId=3&rootId=3 HTTP/1.1" 200 (25 ms)
[22/Sep/2022:08:49:03 +0800] 0:0:0:0:0:0:0:1 "GET /project/tree?ownId=2&rootId=2 HTTP/1.1" 200 (18 ms)
[22/Sep/2022:08:49:12 +0800] 0:0:0:0:0:0:0:1 "GET /project/tree?rootId=0 HTTP/1.1" 200 (57 ms)
[22/Sep/2022:08:49:12 +0800] 0:0:0:0:0:0:0:1 "GET /budget/division/tree2?ownId=0&selectId=2543997172191232 HTTP/1.1" 200 (157 ms)
[22/Sep/2022:08:49:12 +0800] 0:0:0:0:0:0:0:1 "GET /budget/division/machine/tree?ownId=2543997172191232&selectId=2543997172191232&rootId=2543997172191232 HTTP/1.1" 200 (51 ms)
[22/Sep/2022:08:49:24 +0800] 0:0:0:0:0:0:0:1 "GET /budget/division/tree2?ownId=2&selectId=9 HTTP/1.1" 200 (45 ms)
[22/Sep/2022:08:49:24 +0800] 0:0:0:0:0:0:0:1 "GET /budget/division/machine/tree?ownId=9&selectId=9&rootId=9 HTTP/1.1" 200 (35 ms)
[22/Sep/2022:09:01:14 +0800] 0:0:0:0:0:0:0:1 "GET /project/tree?rootId=0 HTTP/1.1" 200 (44 ms)
[22/Sep/2022:09:01:14 +0800] 0:0:0:0:0:0:0:1 "GET /actual/division/tree2?ownId=0&selectId=2543997172191232 HTTP/1.1" 200 (160 ms)
[22/Sep/2022:09:01:14 +0800] 0:0:0:0:0:0:0:1 "GET /actual/division/machine/tree?ownId=2543997172191232&selectId=2543997172191232&rootId=2543997172191232 HTTP/1.1" 200 (52 ms)
[22/Sep/2022:10:54:30 +0800] 0:0:0:0:0:0:0:1 "POST /system/token HTTP/1.1" 200 (131 ms)
[22/Sep/2022:10:54:30 +0800] 0:0:0:0:0:0:0:1 "GET /system/menu HTTP/1.1" 200 (75 ms)
[22/Sep/2022:10:54:31 +0800] 0:0:0:0:0:0:0:1 "GET /project/fetch?ownId=0 HTTP/1.1" 200 (944 ms)
[22/Sep/2022:11:43:03 +0800] 0:0:0:0:0:0:0:1 "GET /project/fetch?ownId=0 HTTP/1.1" 200 (154 ms)
[22/Sep/2022:11:54:34 +0800] 0:0:0:0:0:0:0:1 "GET /project/fetch?ownId=0 HTTP/1.1" 200 (90 ms)
[22/Sep/2022:11:54:43 +0800] 0:0:0:0:0:0:0:1 "GET /project/tree?rootId=0 HTTP/1.1" 200 (59 ms)
[22/Sep/2022:11:54:43 +0800] 0:0:0:0:0:0:0:1 "GET /report/project/tree3?ownId=0&selectId=2543997172191232 HTTP/1.1" 404 (58 ms)
[22/Sep/2022:11:56:45 +0800] 0:0:0:0:0:0:0:1 "GET /project/tree?rootId=0 HTTP/1.1" 200 (1256 ms)
[22/Sep/2022:11:56:45 +0800] 0:0:0:0:0:0:0:1 "GET /report/project/tree3?ownId=0&selectId=2543997172191232 HTTP/1.1" 200 (70 ms)
[22/Sep/2022:11:59:51 +0800] 0:0:0:0:0:0:0:1 "GET /project/fetch?ownId=0 HTTP/1.1" 200 (50 ms)
[22/Sep/2022:12:00:00 +0800] 0:0:0:0:0:0:0:1 "GET /project/tree?rootId=0 HTTP/1.1" 200 (69 ms)
[22/Sep/2022:12:00:00 +0800] 0:0:0:0:0:0:0:1 "GET /report/project/tree3?ownId=0&selectId=2543997172191232 HTTP/1.1" 200 (39 ms)
[22/Sep/2022:12:00:39 +0800] 0:0:0:0:0:0:0:1 "GET /project/fetch?ownId=0 HTTP/1.1" 200 (23 ms)
[22/Sep/2022:13:36:34 +0800] 0:0:0:0:0:0:0:1 "POST /system/token HTTP/1.1" 200 (143 ms)
[22/Sep/2022:13:36:34 +0800] 0:0:0:0:0:0:0:1 "GET /system/menu HTTP/1.1" 200 (87 ms)
[22/Sep/2022:13:36:36 +0800] 0:0:0:0:0:0:0:1 "GET /project/fetch?ownId=0 HTTP/1.1" 200 (1155 ms)
[22/Sep/2022:13:36:41 +0800] 0:0:0:0:0:0:0:1 "GET /project/tree?rootId=0 HTTP/1.1" 200 (40 ms)
[22/Sep/2022:13:36:41 +0800] 0:0:0:0:0:0:0:1 "GET /report/project/tree3?ownId=0&selectId=2543997172191232 HTTP/1.1" 200 (64 ms)
[22/Sep/2022:13:39:53 +0800] 0:0:0:0:0:0:0:1 "GET /report/project/tree3?ownId=0&selectId=3 HTTP/1.1" 200 (47 ms)
[22/Sep/2022:18:37:03 +0800] 0:0:0:0:0:0:0:1 "POST /system/token HTTP/1.1" 200 (126 ms)
[22/Sep/2022:18:37:03 +0800] 0:0:0:0:0:0:0:1 "GET /system/menu HTTP/1.1" 200 (67 ms)
[22/Sep/2022:18:38:13 +0800] 0:0:0:0:0:0:0:1 "GET /project/fetch?ownId=0 HTTP/1.1" 200 (1021 ms)
[22/Sep/2022:18:38:18 +0800] 0:0:0:0:0:0:0:1 "GET /project/tree?rootId=0 HTTP/1.1" 200 (38 ms)
[22/Sep/2022:18:38:18 +0800] 0:0:0:0:0:0:0:1 "GET /report/project/tree3?ownId=0&selectId=2543997172191232 HTTP/1.1" 200 (55 ms)
[22/Sep/2022:18:38:19 +0800] 0:0:0:0:0:0:0:1 "GET /report/project/tree3?ownId=0&selectId=2 HTTP/1.1" 200 (56 ms)
[22/Sep/2022:18:38:51 +0800] 0:0:0:0:0:0:0:1 "GET /project/tree?rootId=0 HTTP/1.1" 200 (33 ms)
[22/Sep/2022:18:38:51 +0800] 0:0:0:0:0:0:0:1 "GET /report/project/tree3?ownId=0&selectId=2543997172191232 HTTP/1.1" 200 (46 ms)
[22/Sep/2022:18:38:54 +0800] 0:0:0:0:0:0:0:1 "GET /project/tree?rootId=0 HTTP/1.1" 200 (28 ms)
[22/Sep/2022:18:38:54 +0800] 0:0:0:0:0:0:0:1 "GET /budget/division/tree2?ownId=0&selectId=2543997172191232 HTTP/1.1" 200 (51 ms)
[22/Sep/2022:18:38:55 +0800] 0:0:0:0:0:0:0:1 "GET /budget/division/machine/tree?ownId=2543997172191232&selectId=2543997172191232&rootId=2543997172191232 HTTP/1.1" 200 (375 ms)
[22/Sep/2022:18:38:56 +0800] 0:0:0:0:0:0:0:1 "GET /budget/division/tree2?ownId=0&selectId=2 HTTP/1.1" 200 (45 ms)
[22/Sep/2022:18:38:56 +0800] 0:0:0:0:0:0:0:1 "GET /budget/division/machine/tree?ownId=2&selectId=2&rootId=2 HTTP/1.1" 200 (24 ms)
[22/Sep/2022:18:39:10 +0800] 0:0:0:0:0:0:0:1 "GET /budget/division/machine/tree?ownId=3156659769839616&selectId=3156659769839616&rootId=3156659769839616 HTTP/1.1" 200 (18 ms)
[22/Sep/2022:19:25:08 +0800] 0:0:0:0:0:0:0:1 "GET /project/tree?rootId=0 HTTP/1.1" 200 (1068 ms)
[22/Sep/2022:19:25:08 +0800] 0:0:0:0:0:0:0:1 "GET /budget/division/tree2?ownId=0&selectId=2543997172191232 HTTP/1.1" 200 (53 ms)
[22/Sep/2022:19:25:08 +0800] 0:0:0:0:0:0:0:1 "GET /budget/division/machine/tree?ownId=2543997172191232&selectId=2543997172191232&rootId=2543997172191232 HTTP/1.1" 200 (32 ms)
[22/Sep/2022:19:25:11 +0800] 0:0:0:0:0:0:0:1 "GET /project/tree?rootId=0 HTTP/1.1" 200 (32 ms)
[22/Sep/2022:19:25:11 +0800] 0:0:0:0:0:0:0:1 "GET /report/project/tree3?ownId=0&selectId=2543997172191232 HTTP/1.1" 200 (38 ms)
[22/Sep/2022:19:25:12 +0800] 0:0:0:0:0:0:0:1 "GET /report/project/tree3?ownId=0&selectId=2 HTTP/1.1" 500 (72 ms)
[22/Sep/2022:19:26:30 +0800] 0:0:0:0:0:0:0:1 "GET /report/project/tree3?ownId=0&selectId=2 HTTP/1.1" 500 (38878 ms)
[22/Sep/2022:19:28:57 +0800] 0:0:0:0:0:0:0:1 "GET /project/tree?rootId=0 HTTP/1.1" 200 (1223 ms)
[22/Sep/2022:19:28:57 +0800] 0:0:0:0:0:0:0:1 "GET /report/project/tree3?ownId=0&selectId=2543997172191232 HTTP/1.1" 200 (52 ms)
[22/Sep/2022:19:28:59 +0800] 0:0:0:0:0:0:0:1 "GET /report/project/tree3?ownId=0&selectId=2 HTTP/1.1" 200 (50 ms)
[22/Sep/2022:20:20:54 +0800] 0:0:0:0:0:0:0:1 "GET /report/project/tree3?ownId=2&selectId=11 HTTP/1.1" 200 (85 ms)
[22/Sep/2022:20:21:03 +0800] 0:0:0:0:0:0:0:1 "GET /report/project/tree3?ownId=2&selectId=9 HTTP/1.1" 200 (45 ms)
[22/Sep/2022:20:36:05 +0800] 0:0:0:0:0:0:0:1 "GET /project/tree?rootId=0 HTTP/1.1" 200 (1070 ms)
[22/Sep/2022:20:36:05 +0800] 0:0:0:0:0:0:0:1 "GET /report/project/tree3?ownId=0&selectId=2543997172191232 HTTP/1.1" 200 (52 ms)
[22/Sep/2022:20:36:07 +0800] 0:0:0:0:0:0:0:1 "GET /report/project/tree3?ownId=0&selectId=2 HTTP/1.1" 200 (50 ms)
[22/Sep/2022:20:41:55 +0800] 0:0:0:0:0:0:0:1 "GET /project/tree?rootId=0 HTTP/1.1" 200 (996 ms)
[22/Sep/2022:20:41:55 +0800] 0:0:0:0:0:0:0:1 "GET /report/project/tree3?ownId=0&selectId=2543997172191232 HTTP/1.1" 200 (54 ms)
[22/Sep/2022:20:41:59 +0800] 0:0:0:0:0:0:0:1 "GET /report/project/tree3?ownId=0&selectId=2 HTTP/1.1" 200 (50 ms)
[22/Sep/2022:20:42:27 +0800] 0:0:0:0:0:0:0:1 "GET /report/project/tree3?ownId=2&selectId=9 HTTP/1.1" 200 (47 ms)
[22/Sep/2022:20:42:28 +0800] 0:0:0:0:0:0:0:1 "GET /report/project/tree3?ownId=0&selectId=2 HTTP/1.1" 200 (44 ms)
[22/Sep/2022:20:42:40 +0800] 0:0:0:0:0:0:0:1 "GET /report/project/tree3?ownId=0&selectId=3 HTTP/1.1" 200 (44 ms)
[22/Sep/2022:20:42:41 +0800] 0:0:0:0:0:0:0:1 "GET /report/project/tree3?ownId=0&selectId=2 HTTP/1.1" 200 (39 ms)
[22/Sep/2022:20:43:42 +0800] 0:0:0:0:0:0:0:1 "GET /report/project/tree3?ownId=2&selectId=9 HTTP/1.1" 200 (49 ms)
