[14/Sep/2022:08:31:01 +0800] 0:0:0:0:0:0:0:1 "POST /system/token HTTP/1.1" 200 (159 ms)
[14/Sep/2022:08:31:01 +0800] 0:0:0:0:0:0:0:1 "GET /system/menu HTTP/1.1" 200 (82 ms)
[14/Sep/2022:08:31:03 +0800] 0:0:0:0:0:0:0:1 "GET /project/fetch?ownId=0 HTTP/1.1" 200 (1063 ms)
[14/Sep/2022:08:31:57 +0800] 0:0:0:0:0:0:0:1 "GET /project/tree?rootId=0 HTTP/1.1" 200 (48 ms)
[14/Sep/2022:08:31:58 +0800] 0:0:0:0:0:0:0:1 "GET /budget/division/fetch?rootId=&projectId=3 HTTP/1.1" 200 (363 ms)
[14/Sep/2022:08:42:01 +0800] 0:0:0:0:0:0:0:1 "GET /project/tree?rootId=0 HTTP/1.1" 200 (66 ms)
[14/Sep/2022:08:42:01 +0800] 0:0:0:0:0:0:0:1 "GET /budget/division/fetch?rootId=&projectId=3 HTTP/1.1" 200 (53 ms)
[14/Sep/2022:08:42:22 +0800] 0:0:0:0:0:0:0:1 "GET /project/tree?rootId=0 HTTP/1.1" 200 (33 ms)
[14/Sep/2022:08:42:22 +0800] 0:0:0:0:0:0:0:1 "GET /budget/division/fetch?rootId=&projectId=3 HTTP/1.1" 200 (47 ms)
[14/Sep/2022:08:44:25 +0800] 0:0:0:0:0:0:0:1 "GET /project/tree?rootId=0 HTTP/1.1" 200 (33 ms)
[14/Sep/2022:08:44:25 +0800] 0:0:0:0:0:0:0:1 "GET /budget/division/fetch?rootId=&projectId=3 HTTP/1.1" 200 (18 ms)
[14/Sep/2022:08:44:30 +0800] 0:0:0:0:0:0:0:1 "GET /project/tree?rootId=0 HTTP/1.1" 200 (35 ms)
[14/Sep/2022:08:44:30 +0800] 0:0:0:0:0:0:0:1 "GET /budget/division/fetch?rootId=&projectId=3 HTTP/1.1" 200 (27 ms)
[14/Sep/2022:08:45:21 +0800] 0:0:0:0:0:0:0:1 "GET /project/tree?rootId=0 HTTP/1.1" 200 (34 ms)
[14/Sep/2022:08:45:21 +0800] 0:0:0:0:0:0:0:1 "GET /budget/division/fetch?rootId=&projectId=3 HTTP/1.1" 200 (18 ms)
[14/Sep/2022:08:45:25 +0800] 0:0:0:0:0:0:0:1 "GET /project/tree?rootId=0 HTTP/1.1" 200 (33 ms)
[14/Sep/2022:08:45:25 +0800] 0:0:0:0:0:0:0:1 "GET /budget/division/fetch?rootId=&projectId=3 HTTP/1.1" 200 (38 ms)
[14/Sep/2022:08:46:33 +0800] 0:0:0:0:0:0:0:1 "GET /project/tree?rootId=0 HTTP/1.1" 200 (40 ms)
[14/Sep/2022:08:46:33 +0800] 0:0:0:0:0:0:0:1 "GET /budget/division/fetch?rootId=&projectId=3 HTTP/1.1" 200 (27 ms)
[14/Sep/2022:08:48:42 +0800] 0:0:0:0:0:0:0:1 "GET /project/tree?rootId=0 HTTP/1.1" 200 (24 ms)
[14/Sep/2022:08:48:42 +0800] 0:0:0:0:0:0:0:1 "GET /budget/division/fetch?rootId=&projectId=3 HTTP/1.1" 200 (16 ms)
[14/Sep/2022:08:49:39 +0800] 0:0:0:0:0:0:0:1 "GET /project/tree?rootId=0 HTTP/1.1" 200 (23 ms)
[14/Sep/2022:08:49:39 +0800] 0:0:0:0:0:0:0:1 "GET /budget/division/fetch?rootId=&projectId=3 HTTP/1.1" 200 (23 ms)
[14/Sep/2022:08:49:44 +0800] 0:0:0:0:0:0:0:1 "GET /project/tree?rootId=0 HTTP/1.1" 200 (31 ms)
[14/Sep/2022:08:49:44 +0800] 0:0:0:0:0:0:0:1 "GET /budget/division/fetch?rootId=&projectId=3 HTTP/1.1" 200 (47 ms)
[14/Sep/2022:08:49:49 +0800] 0:0:0:0:0:0:0:1 "GET /project/tree?rootId=0 HTTP/1.1" 200 (24 ms)
[14/Sep/2022:08:49:49 +0800] 0:0:0:0:0:0:0:1 "GET /budget/division/fetch?rootId=&projectId=3 HTTP/1.1" 200 (26 ms)
[14/Sep/2022:08:50:18 +0800] 0:0:0:0:0:0:0:1 "GET /project/tree?rootId=0 HTTP/1.1" 200 (26 ms)
[14/Sep/2022:08:50:18 +0800] 0:0:0:0:0:0:0:1 "GET /budget/division/fetch?rootId=&projectId=3 HTTP/1.1" 200 (20 ms)
[14/Sep/2022:08:50:53 +0800] 0:0:0:0:0:0:0:1 "GET /project/tree?rootId=0 HTTP/1.1" 200 (21 ms)
[14/Sep/2022:08:50:53 +0800] 0:0:0:0:0:0:0:1 "GET /budget/division/fetch?rootId=&projectId=3 HTTP/1.1" 200 (18 ms)
[14/Sep/2022:08:51:22 +0800] 0:0:0:0:0:0:0:1 "GET /project/tree?rootId=0 HTTP/1.1" 200 (17 ms)
[14/Sep/2022:08:51:22 +0800] 0:0:0:0:0:0:0:1 "GET /budget/division/fetch?rootId=&projectId=3 HTTP/1.1" 200 (18 ms)
[14/Sep/2022:08:58:27 +0800] 0:0:0:0:0:0:0:1 "GET /project/tree?rootId=0 HTTP/1.1" 200 (34 ms)
[14/Sep/2022:08:58:27 +0800] 0:0:0:0:0:0:0:1 "GET /budget/division/fetch?rootId=&projectId=3 HTTP/1.1" 200 (18 ms)
[14/Sep/2022:08:58:31 +0800] 0:0:0:0:0:0:0:1 "GET /project/tree?rootId=0 HTTP/1.1" 200 (32 ms)
[14/Sep/2022:08:58:31 +0800] 0:0:0:0:0:0:0:1 "GET /budget/division/fetch?rootId=&projectId=3 HTTP/1.1" 200 (24 ms)
[14/Sep/2022:08:59:06 +0800] 0:0:0:0:0:0:0:1 "GET /project/tree?rootId=0 HTTP/1.1" 200 (27 ms)
[14/Sep/2022:08:59:06 +0800] 0:0:0:0:0:0:0:1 "GET /budget/division/fetch?rootId=&projectId=3 HTTP/1.1" 200 (19 ms)
[14/Sep/2022:08:59:11 +0800] 0:0:0:0:0:0:0:1 "GET /project/tree?rootId=0 HTTP/1.1" 200 (22 ms)
[14/Sep/2022:08:59:11 +0800] 0:0:0:0:0:0:0:1 "GET /budget/division/fetch?rootId=&projectId=3 HTTP/1.1" 200 (24 ms)
[14/Sep/2022:09:00:03 +0800] 0:0:0:0:0:0:0:1 "GET /budget/division/fetch?rootId=&projectId=6 HTTP/1.1" 200 (14 ms)
[14/Sep/2022:09:00:04 +0800] 0:0:0:0:0:0:0:1 "GET /budget/division/fetch?rootId=&projectId=6 HTTP/1.1" 200 (13 ms)
[14/Sep/2022:09:03:47 +0800] 0:0:0:0:0:0:0:1 "GET /project/tree?rootId=0 HTTP/1.1" 200 (27 ms)
[14/Sep/2022:09:03:47 +0800] 0:0:0:0:0:0:0:1 "GET /budget/division/fetch?rootId=&projectId=3 HTTP/1.1" 200 (16 ms)
[14/Sep/2022:09:04:00 +0800] 0:0:0:0:0:0:0:1 "GET /project/tree?rootId=0 HTTP/1.1" 200 (22 ms)
[14/Sep/2022:09:04:00 +0800] 0:0:0:0:0:0:0:1 "GET /budget/division/fetch?rootId=&projectId=3 HTTP/1.1" 200 (28 ms)
[14/Sep/2022:09:04:11 +0800] 0:0:0:0:0:0:0:1 "GET /project/tree?rootId=0 HTTP/1.1" 200 (32 ms)
[14/Sep/2022:09:04:12 +0800] 0:0:0:0:0:0:0:1 "GET /budget/division/fetch?rootId=&projectId=3 HTTP/1.1" 200 (32 ms)
[14/Sep/2022:09:05:34 +0800] 0:0:0:0:0:0:0:1 "GET /project/tree?rootId=0 HTTP/1.1" 200 (28 ms)
[14/Sep/2022:09:05:34 +0800] 0:0:0:0:0:0:0:1 "GET /budget/division/fetch?rootId=&projectId=3 HTTP/1.1" 200 (19 ms)
[14/Sep/2022:09:05:40 +0800] 0:0:0:0:0:0:0:1 "GET /project/tree?rootId=0 HTTP/1.1" 200 (29 ms)
[14/Sep/2022:09:05:40 +0800] 0:0:0:0:0:0:0:1 "GET /budget/division/fetch?rootId=&projectId=3 HTTP/1.1" 200 (21 ms)
[14/Sep/2022:09:09:51 +0800] 0:0:0:0:0:0:0:1 "GET /project/tree?rootId=0 HTTP/1.1" 200 (49 ms)
[14/Sep/2022:09:09:51 +0800] 0:0:0:0:0:0:0:1 "GET /budget/division/fetch?rootId=&projectId=3 HTTP/1.1" 200 (34 ms)
[14/Sep/2022:09:10:37 +0800] 0:0:0:0:0:0:0:1 "GET /project/tree?rootId=0 HTTP/1.1" 200 (37 ms)
[14/Sep/2022:09:10:37 +0800] 0:0:0:0:0:0:0:1 "GET /budget/division/fetch?rootId=&projectId=3 HTTP/1.1" 200 (38 ms)
[14/Sep/2022:09:11:53 +0800] 0:0:0:0:0:0:0:1 "GET /project/tree?rootId=0 HTTP/1.1" 200 (24 ms)
[14/Sep/2022:09:11:53 +0800] 0:0:0:0:0:0:0:1 "GET /budget/division/fetch?rootId=&projectId=3 HTTP/1.1" 200 (16 ms)
[14/Sep/2022:09:11:59 +0800] 0:0:0:0:0:0:0:1 "GET /project/tree?rootId=0 HTTP/1.1" 200 (28 ms)
[14/Sep/2022:09:11:59 +0800] 0:0:0:0:0:0:0:1 "GET /budget/division/fetch?rootId=&projectId=3 HTTP/1.1" 200 (29 ms)
[14/Sep/2022:09:12:10 +0800] 0:0:0:0:0:0:0:1 "GET /project/tree?rootId=0 HTTP/1.1" 200 (19 ms)
[14/Sep/2022:09:12:10 +0800] 0:0:0:0:0:0:0:1 "GET /budget/division/fetch?rootId=&projectId=3 HTTP/1.1" 200 (17 ms)
[14/Sep/2022:09:12:44 +0800] 0:0:0:0:0:0:0:1 "GET /project/tree?rootId=0 HTTP/1.1" 200 (26 ms)
[14/Sep/2022:09:12:44 +0800] 0:0:0:0:0:0:0:1 "GET /budget/division/fetch?rootId=&projectId=3 HTTP/1.1" 200 (17 ms)
[14/Sep/2022:09:12:49 +0800] 0:0:0:0:0:0:0:1 "GET /project/tree?rootId=0 HTTP/1.1" 200 (38 ms)
[14/Sep/2022:09:12:49 +0800] 0:0:0:0:0:0:0:1 "GET /budget/division/fetch?rootId=&projectId=3 HTTP/1.1" 200 (27 ms)
[14/Sep/2022:09:44:34 +0800] 0:0:0:0:0:0:0:1 "GET /project/tree?rootId=0 HTTP/1.1" 200 (51 ms)
[14/Sep/2022:09:44:34 +0800] 0:0:0:0:0:0:0:1 "GET /budget/division/fetch?rootId=&projectId=3 HTTP/1.1" 200 (17 ms)
[14/Sep/2022:09:45:40 +0800] 0:0:0:0:0:0:0:1 "GET /project/tree?rootId=0 HTTP/1.1" 200 (22 ms)
[14/Sep/2022:09:45:40 +0800] 0:0:0:0:0:0:0:1 "GET /budget/division/fetch?rootId=&projectId=3 HTTP/1.1" 200 (15 ms)
[14/Sep/2022:09:45:47 +0800] 0:0:0:0:0:0:0:1 "GET /project/tree?rootId=0 HTTP/1.1" 200 (31 ms)
[14/Sep/2022:09:45:47 +0800] 0:0:0:0:0:0:0:1 "GET /budget/division/fetch?rootId=&projectId=3 HTTP/1.1" 200 (27 ms)
[14/Sep/2022:09:45:58 +0800] 0:0:0:0:0:0:0:1 "GET /project/tree?rootId=0 HTTP/1.1" 200 (21 ms)
[14/Sep/2022:09:45:58 +0800] 0:0:0:0:0:0:0:1 "GET /budget/division/fetch?rootId=&projectId=3 HTTP/1.1" 200 (21 ms)
[14/Sep/2022:09:47:32 +0800] 0:0:0:0:0:0:0:1 "GET /project/tree?rootId=0 HTTP/1.1" 200 (47 ms)
[14/Sep/2022:09:47:32 +0800] 0:0:0:0:0:0:0:1 "GET /budget/division/fetch?rootId=&projectId=3 HTTP/1.1" 200 (17 ms)
[14/Sep/2022:09:47:36 +0800] 0:0:0:0:0:0:0:1 "GET /project/tree?rootId=0 HTTP/1.1" 200 (22 ms)
[14/Sep/2022:09:47:36 +0800] 0:0:0:0:0:0:0:1 "GET /budget/division/fetch?rootId=&projectId=3 HTTP/1.1" 200 (21 ms)
[14/Sep/2022:09:49:01 +0800] 0:0:0:0:0:0:0:1 "GET /project/tree?rootId=0 HTTP/1.1" 200 (34 ms)
[14/Sep/2022:09:49:01 +0800] 0:0:0:0:0:0:0:1 "GET /budget/division/fetch?rootId=&projectId=3 HTTP/1.1" 200 (42 ms)
[14/Sep/2022:09:50:53 +0800] 0:0:0:0:0:0:0:1 "GET /project/tree?rootId=0 HTTP/1.1" 200 (46 ms)
[14/Sep/2022:09:50:53 +0800] 0:0:0:0:0:0:0:1 "GET /budget/division/fetch?rootId=&projectId=3 HTTP/1.1" 200 (26 ms)
[14/Sep/2022:09:51:31 +0800] 0:0:0:0:0:0:0:1 "GET /project/tree?rootId=0 HTTP/1.1" 200 (28 ms)
[14/Sep/2022:09:51:31 +0800] 0:0:0:0:0:0:0:1 "GET /budget/division/fetch?rootId=&projectId=3 HTTP/1.1" 200 (28 ms)
[14/Sep/2022:10:01:28 +0800] 0:0:0:0:0:0:0:1 "GET /project/tree?rootId=0 HTTP/1.1" 200 (34 ms)
[14/Sep/2022:10:01:28 +0800] 0:0:0:0:0:0:0:1 "GET /budget/division/fetch?rootId=&projectId=3 HTTP/1.1" 200 (18 ms)
[14/Sep/2022:10:03:00 +0800] 0:0:0:0:0:0:0:1 "GET /project/tree?rootId=0 HTTP/1.1" 200 (31 ms)
[14/Sep/2022:10:03:00 +0800] 0:0:0:0:0:0:0:1 "GET /budget/division/fetch?rootId=&projectId=3 HTTP/1.1" 200 (22 ms)
[14/Sep/2022:10:03:46 +0800] 0:0:0:0:0:0:0:1 "GET /project/tree?rootId=0 HTTP/1.1" 200 (18 ms)
[14/Sep/2022:10:03:46 +0800] 0:0:0:0:0:0:0:1 "GET /budget/division/fetch?rootId=&projectId=3 HTTP/1.1" 200 (16 ms)
[14/Sep/2022:10:03:51 +0800] 0:0:0:0:0:0:0:1 "GET /project/tree?rootId=0 HTTP/1.1" 200 (30 ms)
[14/Sep/2022:10:03:51 +0800] 0:0:0:0:0:0:0:1 "GET /budget/division/fetch?rootId=&projectId=3 HTTP/1.1" 200 (38 ms)
[14/Sep/2022:10:04:26 +0800] 0:0:0:0:0:0:0:1 "GET /project/tree?rootId=0 HTTP/1.1" 200 (32 ms)
[14/Sep/2022:10:04:26 +0800] 0:0:0:0:0:0:0:1 "GET /budget/division/fetch?rootId=&projectId=3 HTTP/1.1" 200 (55 ms)
[14/Sep/2022:10:05:06 +0800] 0:0:0:0:0:0:0:1 "GET /project/tree?rootId=0 HTTP/1.1" 200 (30 ms)
[14/Sep/2022:10:05:07 +0800] 0:0:0:0:0:0:0:1 "GET /budget/division/fetch?rootId=&projectId=3 HTTP/1.1" 200 (32 ms)
[14/Sep/2022:10:05:17 +0800] 0:0:0:0:0:0:0:1 "GET /project/tree?rootId=0 HTTP/1.1" 200 (36 ms)
[14/Sep/2022:10:05:18 +0800] 0:0:0:0:0:0:0:1 "GET /budget/division/fetch?rootId=&projectId=3 HTTP/1.1" 200 (28 ms)
[14/Sep/2022:10:05:55 +0800] 0:0:0:0:0:0:0:1 "GET /project/tree?rootId=0 HTTP/1.1" 200 (28 ms)
[14/Sep/2022:10:05:55 +0800] 0:0:0:0:0:0:0:1 "GET /budget/division/fetch?rootId=&projectId=3 HTTP/1.1" 200 (28 ms)
[14/Sep/2022:10:06:56 +0800] 0:0:0:0:0:0:0:1 "GET /project/tree?rootId=0 HTTP/1.1" 200 (27 ms)
[14/Sep/2022:10:06:57 +0800] 0:0:0:0:0:0:0:1 "GET /budget/division/fetch?rootId=&projectId=3 HTTP/1.1" 200 (16 ms)
[14/Sep/2022:10:07:01 +0800] 0:0:0:0:0:0:0:1 "GET /project/tree?rootId=0 HTTP/1.1" 200 (30 ms)
[14/Sep/2022:10:07:01 +0800] 0:0:0:0:0:0:0:1 "GET /budget/division/fetch?rootId=&projectId=3 HTTP/1.1" 200 (19 ms)
[14/Sep/2022:10:07:11 +0800] 0:0:0:0:0:0:0:1 "GET /project/tree?rootId=0 HTTP/1.1" 200 (29 ms)
[14/Sep/2022:10:07:12 +0800] 0:0:0:0:0:0:0:1 "GET /budget/division/fetch?rootId=&projectId=3 HTTP/1.1" 200 (19 ms)
[14/Sep/2022:10:07:21 +0800] 0:0:0:0:0:0:0:1 "GET /project/tree?rootId=0 HTTP/1.1" 200 (35 ms)
[14/Sep/2022:10:07:21 +0800] 0:0:0:0:0:0:0:1 "GET /budget/division/fetch?rootId=&projectId=3 HTTP/1.1" 200 (26 ms)
[14/Sep/2022:10:08:03 +0800] 0:0:0:0:0:0:0:1 "GET /project/tree?rootId=0 HTTP/1.1" 200 (25 ms)
[14/Sep/2022:10:08:03 +0800] 0:0:0:0:0:0:0:1 "GET /budget/division/fetch?rootId=&projectId=3 HTTP/1.1" 200 (16 ms)
[14/Sep/2022:10:08:07 +0800] 0:0:0:0:0:0:0:1 "GET /project/tree?rootId=0 HTTP/1.1" 200 (29 ms)
[14/Sep/2022:10:08:07 +0800] 0:0:0:0:0:0:0:1 "GET /budget/division/fetch?rootId=&projectId=3 HTTP/1.1" 200 (29 ms)
[14/Sep/2022:10:31:24 +0800] 0:0:0:0:0:0:0:1 "GET /project/tree?rootId=0 HTTP/1.1" 200 (42 ms)
[14/Sep/2022:10:31:25 +0800] 0:0:0:0:0:0:0:1 "GET /budget/division/fetch?rootId=&projectId=3 HTTP/1.1" 200 (34 ms)
[14/Sep/2022:10:32:35 +0800] 0:0:0:0:0:0:0:1 "GET /project/tree?rootId=0 HTTP/1.1" 200 (42 ms)
[14/Sep/2022:10:32:35 +0800] 0:0:0:0:0:0:0:1 "GET /budget/division/fetch?rootId=&projectId=3 HTTP/1.1" 200 (19 ms)
[14/Sep/2022:10:33:13 +0800] 0:0:0:0:0:0:0:1 "GET /project/tree?rootId=0 HTTP/1.1" 200 (29 ms)
[14/Sep/2022:10:33:13 +0800] 0:0:0:0:0:0:0:1 "GET /budget/division/fetch?rootId=&projectId=3 HTTP/1.1" 200 (19 ms)
[14/Sep/2022:10:33:41 +0800] 0:0:0:0:0:0:0:1 "GET /project/tree?rootId=0 HTTP/1.1" 200 (29 ms)
[14/Sep/2022:10:33:41 +0800] 0:0:0:0:0:0:0:1 "GET /budget/division/fetch?rootId=&projectId=3 HTTP/1.1" 200 (21 ms)
[14/Sep/2022:10:41:58 +0800] 0:0:0:0:0:0:0:1 "GET /project/tree?rootId=0 HTTP/1.1" 200 (39 ms)
[14/Sep/2022:10:41:58 +0800] 0:0:0:0:0:0:0:1 "GET /budget/division/fetch?rootId=&projectId=3 HTTP/1.1" 200 (24 ms)
[14/Sep/2022:10:42:02 +0800] 0:0:0:0:0:0:0:1 "GET /project/tree?rootId=0 HTTP/1.1" 200 (31 ms)
[14/Sep/2022:10:42:02 +0800] 0:0:0:0:0:0:0:1 "GET /budget/division/fetch?rootId=&projectId=3 HTTP/1.1" 200 (30 ms)
[14/Sep/2022:10:42:19 +0800] 0:0:0:0:0:0:0:1 "GET /project/tree?rootId=0 HTTP/1.1" 200 (32 ms)
[14/Sep/2022:10:42:19 +0800] 0:0:0:0:0:0:0:1 "GET /budget/division/fetch?rootId=&projectId=3 HTTP/1.1" 200 (28 ms)
[14/Sep/2022:10:44:20 +0800] 0:0:0:0:0:0:0:1 "POST /system/token HTTP/1.1" 200 (4 ms)
[14/Sep/2022:10:44:20 +0800] 0:0:0:0:0:0:0:1 "GET /system/menu HTTP/1.1" 200 (4 ms)
[14/Sep/2022:10:44:20 +0800] 0:0:0:0:0:0:0:1 "GET /project/fetch?ownId=0 HTTP/1.1" 200 (30 ms)
[14/Sep/2022:10:44:38 +0800] 0:0:0:0:0:0:0:1 "GET /project/tree?rootId=0 HTTP/1.1" 200 (24 ms)
[14/Sep/2022:10:44:38 +0800] 0:0:0:0:0:0:0:1 "GET /budget/division/fetch?rootId=&projectId=3 HTTP/1.1" 200 (23 ms)
[14/Sep/2022:10:45:14 +0800] 0:0:0:0:0:0:0:1 "GET /project/tree?rootId=0 HTTP/1.1" 200 (32 ms)
[14/Sep/2022:10:45:14 +0800] 0:0:0:0:0:0:0:1 "GET /budget/division/fetch?rootId=&projectId=3 HTTP/1.1" 200 (19 ms)
[14/Sep/2022:10:54:55 +0800] 0:0:0:0:0:0:0:1 "GET /project/tree?rootId=0 HTTP/1.1" 200 (40 ms)
[14/Sep/2022:10:54:55 +0800] 0:0:0:0:0:0:0:1 "GET /budget/division/fetch?rootId=&projectId=3 HTTP/1.1" 200 (24 ms)
[14/Sep/2022:10:55:03 +0800] 0:0:0:0:0:0:0:1 "GET /project/tree?rootId=0 HTTP/1.1" 200 (28 ms)
[14/Sep/2022:10:55:03 +0800] 0:0:0:0:0:0:0:1 "GET /budget/division/fetch?rootId=&projectId=3 HTTP/1.1" 200 (49 ms)
[14/Sep/2022:10:55:22 +0800] 0:0:0:0:0:0:0:1 "GET /project/tree?rootId=0 HTTP/1.1" 200 (31 ms)
[14/Sep/2022:10:55:22 +0800] 0:0:0:0:0:0:0:1 "GET /budget/division/fetch?rootId=&projectId=3 HTTP/1.1" 200 (19 ms)
[14/Sep/2022:10:55:36 +0800] 0:0:0:0:0:0:0:1 "GET /project/tree?rootId=0 HTTP/1.1" 200 (35 ms)
[14/Sep/2022:10:55:36 +0800] 0:0:0:0:0:0:0:1 "GET /budget/division/fetch?rootId=&projectId=3 HTTP/1.1" 200 (55 ms)
[14/Sep/2022:10:55:48 +0800] 0:0:0:0:0:0:0:1 "GET /project/tree?rootId=0 HTTP/1.1" 200 (42 ms)
[14/Sep/2022:10:55:48 +0800] 0:0:0:0:0:0:0:1 "GET /budget/division/fetch?rootId=&projectId=3 HTTP/1.1" 200 (33 ms)
[14/Sep/2022:10:56:33 +0800] 0:0:0:0:0:0:0:1 "GET /project/tree?rootId=0 HTTP/1.1" 200 (44 ms)
[14/Sep/2022:10:56:33 +0800] 0:0:0:0:0:0:0:1 "GET /budget/division/fetch?rootId=&projectId=3 HTTP/1.1" 200 (73 ms)
[14/Sep/2022:10:57:09 +0800] 0:0:0:0:0:0:0:1 "GET /project/tree?rootId=0 HTTP/1.1" 200 (29 ms)
[14/Sep/2022:10:57:09 +0800] 0:0:0:0:0:0:0:1 "GET /budget/division/fetch?rootId=&projectId=3 HTTP/1.1" 200 (50 ms)
[14/Sep/2022:10:58:07 +0800] 0:0:0:0:0:0:0:1 "GET /project/fetch?ownId=0 HTTP/1.1" 200 (22 ms)
[14/Sep/2022:11:00:39 +0800] 0:0:0:0:0:0:0:1 "GET /project/tree?rootId=0 HTTP/1.1" 200 (42 ms)
[14/Sep/2022:11:00:40 +0800] 0:0:0:0:0:0:0:1 "GET /budget/division/fetch?rootId=&projectId=3 HTTP/1.1" 200 (17 ms)
[14/Sep/2022:11:00:46 +0800] 0:0:0:0:0:0:0:1 "GET /project/tree?rootId=0 HTTP/1.1" 200 (26 ms)
[14/Sep/2022:11:00:46 +0800] 0:0:0:0:0:0:0:1 "GET /budget/division/fetch?rootId=&projectId=3 HTTP/1.1" 200 (48 ms)
[14/Sep/2022:11:01:45 +0800] 0:0:0:0:0:0:0:1 "GET /project/tree?rootId=0 HTTP/1.1" 200 (29 ms)
[14/Sep/2022:11:01:45 +0800] 0:0:0:0:0:0:0:1 "GET /budget/division/fetch?rootId=&projectId=3 HTTP/1.1" 200 (29 ms)
[14/Sep/2022:11:03:07 +0800] 0:0:0:0:0:0:0:1 "GET /project/tree?rootId=0 HTTP/1.1" 200 (47 ms)
[14/Sep/2022:11:03:07 +0800] 0:0:0:0:0:0:0:1 "GET /budget/division/fetch?rootId=&projectId=3 HTTP/1.1" 200 (30 ms)
[14/Sep/2022:11:06:02 +0800] 0:0:0:0:0:0:0:1 "GET /project/tree?rootId=0 HTTP/1.1" 200 (45 ms)
[14/Sep/2022:11:06:02 +0800] 0:0:0:0:0:0:0:1 "GET /budget/division/fetch?rootId=&projectId=3 HTTP/1.1" 200 (39 ms)
[14/Sep/2022:11:06:23 +0800] 0:0:0:0:0:0:0:1 "GET /project/tree?rootId=0 HTTP/1.1" 200 (36 ms)
[14/Sep/2022:11:06:24 +0800] 0:0:0:0:0:0:0:1 "GET /budget/division/fetch?rootId=&projectId=3 HTTP/1.1" 200 (25 ms)
[14/Sep/2022:11:12:10 +0800] 0:0:0:0:0:0:0:1 "GET /project/tree?rootId=0 HTTP/1.1" 200 (46 ms)
[14/Sep/2022:11:12:10 +0800] 0:0:0:0:0:0:0:1 "GET /budget/division/fetch?rootId=&projectId=3 HTTP/1.1" 200 (27 ms)
[14/Sep/2022:11:13:05 +0800] 0:0:0:0:0:0:0:1 "GET /project/tree?rootId=0 HTTP/1.1" 200 (27 ms)
[14/Sep/2022:11:13:05 +0800] 0:0:0:0:0:0:0:1 "GET /budget/division/fetch?rootId=&projectId=3 HTTP/1.1" 200 (26 ms)
[14/Sep/2022:11:14:34 +0800] 0:0:0:0:0:0:0:1 "GET /project/tree?rootId=0 HTTP/1.1" 200 (49 ms)
[14/Sep/2022:11:14:34 +0800] 0:0:0:0:0:0:0:1 "GET /budget/division/fetch?rootId=&projectId=3 HTTP/1.1" 200 (24 ms)
[14/Sep/2022:11:14:49 +0800] 0:0:0:0:0:0:0:1 "GET /project/tree?rootId=0 HTTP/1.1" 200 (43 ms)
[14/Sep/2022:11:14:49 +0800] 0:0:0:0:0:0:0:1 "GET /budget/division/fetch?rootId=&projectId=3 HTTP/1.1" 200 (27 ms)
[14/Sep/2022:11:16:27 +0800] 0:0:0:0:0:0:0:1 "GET /project/tree?rootId=0 HTTP/1.1" 200 (52 ms)
[14/Sep/2022:11:16:27 +0800] 0:0:0:0:0:0:0:1 "GET /budget/division/fetch?rootId=&projectId=3 HTTP/1.1" 200 (22 ms)
[14/Sep/2022:11:17:46 +0800] 0:0:0:0:0:0:0:1 "GET /project/tree?rootId=0 HTTP/1.1" 200 (45 ms)
[14/Sep/2022:11:17:46 +0800] 0:0:0:0:0:0:0:1 "GET /budget/division/fetch?rootId=&projectId=3 HTTP/1.1" 200 (23 ms)
[14/Sep/2022:11:21:50 +0800] 0:0:0:0:0:0:0:1 "GET /project/tree?rootId=0 HTTP/1.1" 200 (43 ms)
[14/Sep/2022:11:21:50 +0800] 0:0:0:0:0:0:0:1 "GET /budget/division/fetch?rootId=&projectId=3 HTTP/1.1" 200 (21 ms)
[14/Sep/2022:11:21:58 +0800] 0:0:0:0:0:0:0:1 "GET /project/tree?rootId=0 HTTP/1.1" 200 (41 ms)
[14/Sep/2022:11:21:58 +0800] 0:0:0:0:0:0:0:1 "GET /budget/division/fetch?rootId=&projectId=3 HTTP/1.1" 200 (33 ms)
[14/Sep/2022:11:22:12 +0800] 0:0:0:0:0:0:0:1 "GET /project/tree?rootId=0 HTTP/1.1" 200 (20 ms)
[14/Sep/2022:11:22:12 +0800] 0:0:0:0:0:0:0:1 "GET /budget/division/fetch?rootId=&projectId=3 HTTP/1.1" 200 (23 ms)
[14/Sep/2022:11:22:39 +0800] 0:0:0:0:0:0:0:1 "GET /project/tree?rootId=0 HTTP/1.1" 200 (25 ms)
[14/Sep/2022:11:22:39 +0800] 0:0:0:0:0:0:0:1 "GET /budget/division/fetch?rootId=&projectId=3 HTTP/1.1" 200 (19 ms)
[14/Sep/2022:11:22:44 +0800] 0:0:0:0:0:0:0:1 "GET /project/tree?rootId=0 HTTP/1.1" 200 (26 ms)
[14/Sep/2022:11:22:44 +0800] 0:0:0:0:0:0:0:1 "GET /budget/division/fetch?rootId=&projectId=3 HTTP/1.1" 200 (24 ms)
[14/Sep/2022:11:23:01 +0800] 0:0:0:0:0:0:0:1 "GET /project/tree?rootId=0 HTTP/1.1" 200 (33 ms)
[14/Sep/2022:11:23:01 +0800] 0:0:0:0:0:0:0:1 "GET /budget/division/fetch?rootId=&projectId=3 HTTP/1.1" 200 (41 ms)
[14/Sep/2022:11:44:24 +0800] 0:0:0:0:0:0:0:1 "GET /project/tree?rootId=0 HTTP/1.1" 200 (47 ms)
[14/Sep/2022:11:44:24 +0800] 0:0:0:0:0:0:0:1 "GET /budget/division/fetch?rootId=&projectId=3 HTTP/1.1" 200 (41 ms)
[14/Sep/2022:12:00:15 +0800] 0:0:0:0:0:0:0:1 "GET /project/tree?rootId=0 HTTP/1.1" 200 (47 ms)
[14/Sep/2022:12:00:15 +0800] 0:0:0:0:0:0:0:1 "GET /budget/division/fetch?rootId=&projectId=3 HTTP/1.1" 200 (40 ms)
[14/Sep/2022:12:58:16 +0800] 0:0:0:0:0:0:0:1 "GET /project/tree?rootId=0 HTTP/1.1" 200 (93 ms)
[14/Sep/2022:12:58:16 +0800] 0:0:0:0:0:0:0:1 "GET /budget/division/fetch?rootId=&projectId=3 HTTP/1.1" 200 (19 ms)
[14/Sep/2022:13:00:32 +0800] 0:0:0:0:0:0:0:1 "GET /project/tree?rootId=0 HTTP/1.1" 200 (47 ms)
[14/Sep/2022:13:00:32 +0800] 0:0:0:0:0:0:0:1 "GET /budget/division/fetch?rootId=&projectId=3 HTTP/1.1" 200 (27 ms)
[14/Sep/2022:13:03:06 +0800] 0:0:0:0:0:0:0:1 "GET /project/tree?rootId=0 HTTP/1.1" 200 (42 ms)
[14/Sep/2022:13:03:06 +0800] 0:0:0:0:0:0:0:1 "GET /budget/division/fetch?rootId=&projectId=3 HTTP/1.1" 200 (19 ms)
[14/Sep/2022:13:05:09 +0800] 0:0:0:0:0:0:0:1 "GET /project/tree?rootId=0 HTTP/1.1" 200 (48 ms)
[14/Sep/2022:13:05:10 +0800] 0:0:0:0:0:0:0:1 "GET /project/tree?rootId=0 HTTP/1.1" 200 (35 ms)
[14/Sep/2022:13:05:10 +0800] 0:0:0:0:0:0:0:1 "GET /project/tree?rootId=0 HTTP/1.1" 200 (20 ms)
[14/Sep/2022:13:05:10 +0800] 0:0:0:0:0:0:0:1 "GET /budget/division/fetch?rootId=&projectId=3 HTTP/1.1" 200 (21 ms)
[14/Sep/2022:13:05:18 +0800] 0:0:0:0:0:0:0:1 "GET /project/tree?rootId=0 HTTP/1.1" 200 (34 ms)
[14/Sep/2022:13:05:18 +0800] 0:0:0:0:0:0:0:1 "GET /budget/division/fetch?rootId=&projectId=3 HTTP/1.1" 200 (32 ms)
[14/Sep/2022:13:05:27 +0800] 0:0:0:0:0:0:0:1 "GET /project/tree?rootId=0 HTTP/1.1" 200 (20 ms)
[14/Sep/2022:13:05:27 +0800] 0:0:0:0:0:0:0:1 "GET /budget/division/fetch?rootId=&projectId=3 HTTP/1.1" 200 (20 ms)
[14/Sep/2022:13:05:35 +0800] 0:0:0:0:0:0:0:1 "GET /project/tree?rootId=0 HTTP/1.1" 200 (36 ms)
[14/Sep/2022:13:05:35 +0800] 0:0:0:0:0:0:0:1 "GET /budget/division/fetch?rootId=&projectId=3 HTTP/1.1" 200 (45 ms)
[14/Sep/2022:13:07:37 +0800] 0:0:0:0:0:0:0:1 "GET /project/tree?rootId=0 HTTP/1.1" 200 (104 ms)
[14/Sep/2022:13:07:37 +0800] 0:0:0:0:0:0:0:1 "GET /budget/division/fetch?rootId=&projectId=3 HTTP/1.1" 200 (28 ms)
[14/Sep/2022:13:08:10 +0800] 0:0:0:0:0:0:0:1 "GET /project/tree?rootId=0 HTTP/1.1" 200 (21 ms)
[14/Sep/2022:13:08:10 +0800] 0:0:0:0:0:0:0:1 "GET /budget/division/fetch?rootId=&projectId=3 HTTP/1.1" 200 (19 ms)
[14/Sep/2022:13:08:15 +0800] 0:0:0:0:0:0:0:1 "GET /project/tree?rootId=0 HTTP/1.1" 200 (30 ms)
[14/Sep/2022:13:08:15 +0800] 0:0:0:0:0:0:0:1 "GET /budget/division/fetch?rootId=&projectId=3 HTTP/1.1" 200 (30 ms)
[14/Sep/2022:13:08:39 +0800] 0:0:0:0:0:0:0:1 "GET /project/tree?rootId=0 HTTP/1.1" 200 (29 ms)
[14/Sep/2022:13:08:39 +0800] 0:0:0:0:0:0:0:1 "GET /budget/division/fetch?rootId=&projectId=3 HTTP/1.1" 200 (24 ms)
[14/Sep/2022:13:09:56 +0800] 0:0:0:0:0:0:0:1 "GET /project/tree?rootId=0 HTTP/1.1" 200 (27 ms)
[14/Sep/2022:13:09:56 +0800] 0:0:0:0:0:0:0:1 "GET /budget/division/fetch?rootId=&projectId=3 HTTP/1.1" 200 (16 ms)
[14/Sep/2022:13:10:24 +0800] 0:0:0:0:0:0:0:1 "GET /project/tree?rootId=0 HTTP/1.1" 200 (28 ms)
[14/Sep/2022:13:10:24 +0800] 0:0:0:0:0:0:0:1 "GET /budget/division/fetch?rootId=&projectId=3 HTTP/1.1" 200 (26 ms)
[14/Sep/2022:13:10:31 +0800] 0:0:0:0:0:0:0:1 "GET /project/tree?rootId=0 HTTP/1.1" 200 (23 ms)
[14/Sep/2022:13:10:31 +0800] 0:0:0:0:0:0:0:1 "GET /budget/division/fetch?rootId=&projectId=3 HTTP/1.1" 200 (28 ms)
[14/Sep/2022:13:15:45 +0800] 0:0:0:0:0:0:0:1 "GET /project/tree?rootId=0 HTTP/1.1" 200 (32 ms)
[14/Sep/2022:13:15:45 +0800] 0:0:0:0:0:0:0:1 "GET /budget/division/fetch?rootId=&projectId=3 HTTP/1.1" 200 (20 ms)
[14/Sep/2022:13:16:12 +0800] 0:0:0:0:0:0:0:1 "GET /project/tree?rootId=0 HTTP/1.1" 200 (33 ms)
[14/Sep/2022:13:16:12 +0800] 0:0:0:0:0:0:0:1 "GET /budget/division/fetch?rootId=&projectId=3 HTTP/1.1" 200 (42 ms)
[14/Sep/2022:13:18:25 +0800] 0:0:0:0:0:0:0:1 "GET /project/tree?rootId=0 HTTP/1.1" 200 (38 ms)
[14/Sep/2022:13:18:25 +0800] 0:0:0:0:0:0:0:1 "GET /budget/division/fetch?rootId=&projectId=3 HTTP/1.1" 200 (24 ms)
[14/Sep/2022:13:20:38 +0800] 0:0:0:0:0:0:0:1 "GET /project/tree?rootId=0 HTTP/1.1" 200 (27 ms)
[14/Sep/2022:13:20:38 +0800] 0:0:0:0:0:0:0:1 "GET /budget/division/fetch?rootId=&projectId=3 HTTP/1.1" 200 (17 ms)
[14/Sep/2022:13:20:47 +0800] 0:0:0:0:0:0:0:1 "GET /project/tree?rootId=0 HTTP/1.1" 200 (30 ms)
[14/Sep/2022:13:20:47 +0800] 0:0:0:0:0:0:0:1 "GET /budget/division/fetch?rootId=&projectId=3 HTTP/1.1" 200 (23 ms)
[14/Sep/2022:13:21:25 +0800] 0:0:0:0:0:0:0:1 "GET /project/tree?rootId=0 HTTP/1.1" 200 (24 ms)
[14/Sep/2022:13:21:25 +0800] 0:0:0:0:0:0:0:1 "GET /budget/division/fetch?rootId=&projectId=3 HTTP/1.1" 200 (25 ms)
[14/Sep/2022:13:21:32 +0800] 0:0:0:0:0:0:0:1 "GET /project/tree?rootId=0 HTTP/1.1" 200 (31 ms)
[14/Sep/2022:13:21:32 +0800] 0:0:0:0:0:0:0:1 "GET /budget/division/fetch?rootId=&projectId=3 HTTP/1.1" 200 (32 ms)
[14/Sep/2022:13:22:06 +0800] 0:0:0:0:0:0:0:1 "GET /project/tree?rootId=0 HTTP/1.1" 200 (24 ms)
[14/Sep/2022:13:22:06 +0800] 0:0:0:0:0:0:0:1 "GET /budget/division/fetch?rootId=&projectId=3 HTTP/1.1" 200 (23 ms)
[14/Sep/2022:13:23:05 +0800] 0:0:0:0:0:0:0:1 "GET /project/tree?rootId=0 HTTP/1.1" 200 (28 ms)
[14/Sep/2022:13:23:05 +0800] 0:0:0:0:0:0:0:1 "GET /budget/division/fetch?rootId=&projectId=3 HTTP/1.1" 200 (26 ms)
[14/Sep/2022:13:23:09 +0800] 0:0:0:0:0:0:0:1 "GET /project/tree?rootId=0 HTTP/1.1" 200 (31 ms)
[14/Sep/2022:13:23:09 +0800] 0:0:0:0:0:0:0:1 "GET /budget/division/fetch?rootId=&projectId=3 HTTP/1.1" 200 (27 ms)
[14/Sep/2022:13:23:37 +0800] 0:0:0:0:0:0:0:1 "GET /project/tree?rootId=0 HTTP/1.1" 200 (24 ms)
[14/Sep/2022:13:23:37 +0800] 0:0:0:0:0:0:0:1 "GET /budget/division/fetch?rootId=&projectId=3 HTTP/1.1" 200 (20 ms)
[14/Sep/2022:13:23:42 +0800] 0:0:0:0:0:0:0:1 "GET /project/tree?rootId=0 HTTP/1.1" 200 (30 ms)
[14/Sep/2022:13:23:42 +0800] 0:0:0:0:0:0:0:1 "GET /budget/division/fetch?rootId=&projectId=3 HTTP/1.1" 200 (27 ms)
[14/Sep/2022:13:23:56 +0800] 0:0:0:0:0:0:0:1 "GET /project/tree?rootId=0 HTTP/1.1" 200 (23 ms)
[14/Sep/2022:13:23:56 +0800] 0:0:0:0:0:0:0:1 "GET /budget/division/fetch?rootId=&projectId=3 HTTP/1.1" 200 (21 ms)
[14/Sep/2022:13:24:20 +0800] 0:0:0:0:0:0:0:1 "GET /project/tree?rootId=0 HTTP/1.1" 200 (38 ms)
[14/Sep/2022:13:24:20 +0800] 0:0:0:0:0:0:0:1 "GET /budget/division/fetch?rootId=&projectId=3 HTTP/1.1" 200 (31 ms)
[14/Sep/2022:13:24:25 +0800] 0:0:0:0:0:0:0:1 "GET /project/tree?rootId=0 HTTP/1.1" 200 (31 ms)
[14/Sep/2022:13:24:25 +0800] 0:0:0:0:0:0:0:1 "GET /budget/division/fetch?rootId=&projectId=3 HTTP/1.1" 200 (23 ms)
[14/Sep/2022:13:24:37 +0800] 0:0:0:0:0:0:0:1 "GET /project/tree?rootId=0 HTTP/1.1" 200 (23 ms)
[14/Sep/2022:13:24:37 +0800] 0:0:0:0:0:0:0:1 "GET /budget/division/fetch?rootId=&projectId=3 HTTP/1.1" 200 (24 ms)
[14/Sep/2022:13:24:50 +0800] 0:0:0:0:0:0:0:1 "GET /project/tree?rootId=0 HTTP/1.1" 200 (18 ms)
[14/Sep/2022:13:24:51 +0800] 0:0:0:0:0:0:0:1 "GET /budget/division/fetch?rootId=&projectId=3 HTTP/1.1" 200 (17 ms)
[14/Sep/2022:13:25:00 +0800] 0:0:0:0:0:0:0:1 "GET /project/tree?rootId=0 HTTP/1.1" 200 (30 ms)
[14/Sep/2022:13:25:01 +0800] 0:0:0:0:0:0:0:1 "GET /budget/division/fetch?rootId=&projectId=3 HTTP/1.1" 200 (31 ms)
[14/Sep/2022:13:25:04 +0800] 0:0:0:0:0:0:0:1 "GET /project/tree?rootId=0 HTTP/1.1" 200 (24 ms)
[14/Sep/2022:13:25:04 +0800] 0:0:0:0:0:0:0:1 "GET /budget/division/fetch?rootId=&projectId=3 HTTP/1.1" 200 (25 ms)
[14/Sep/2022:13:25:29 +0800] 0:0:0:0:0:0:0:1 "GET /project/tree?rootId=0 HTTP/1.1" 200 (21 ms)
[14/Sep/2022:13:25:29 +0800] 0:0:0:0:0:0:0:1 "GET /budget/division/fetch?rootId=&projectId=3 HTTP/1.1" 200 (23 ms)
[14/Sep/2022:13:25:33 +0800] 0:0:0:0:0:0:0:1 "GET /project/tree?rootId=0 HTTP/1.1" 200 (22 ms)
[14/Sep/2022:13:25:33 +0800] 0:0:0:0:0:0:0:1 "GET /budget/division/fetch?rootId=&projectId=3 HTTP/1.1" 200 (30 ms)
[14/Sep/2022:13:25:45 +0800] 0:0:0:0:0:0:0:1 "GET /project/tree?rootId=0 HTTP/1.1" 200 (20 ms)
[14/Sep/2022:13:25:45 +0800] 0:0:0:0:0:0:0:1 "GET /budget/division/fetch?rootId=&projectId=3 HTTP/1.1" 200 (18 ms)
[14/Sep/2022:13:25:49 +0800] 0:0:0:0:0:0:0:1 "GET /project/tree?rootId=0 HTTP/1.1" 200 (27 ms)
[14/Sep/2022:13:25:49 +0800] 0:0:0:0:0:0:0:1 "GET /budget/division/fetch?rootId=&projectId=3 HTTP/1.1" 200 (25 ms)
[14/Sep/2022:13:25:58 +0800] 0:0:0:0:0:0:0:1 "GET /project/tree?rootId=0 HTTP/1.1" 200 (18 ms)
[14/Sep/2022:13:25:58 +0800] 0:0:0:0:0:0:0:1 "GET /budget/division/fetch?rootId=&projectId=3 HTTP/1.1" 200 (16 ms)
[14/Sep/2022:13:28:11 +0800] 0:0:0:0:0:0:0:1 "GET /project/tree?rootId=0 HTTP/1.1" 200 (30 ms)
[14/Sep/2022:13:28:11 +0800] 0:0:0:0:0:0:0:1 "GET /budget/division/fetch?rootId=&projectId=3 HTTP/1.1" 200 (22 ms)
[14/Sep/2022:13:28:36 +0800] 0:0:0:0:0:0:0:1 "GET /project/tree?rootId=0 HTTP/1.1" 200 (37 ms)
[14/Sep/2022:13:28:36 +0800] 0:0:0:0:0:0:0:1 "GET /budget/division/fetch?rootId=&projectId=3 HTTP/1.1" 200 (31 ms)
[14/Sep/2022:13:28:41 +0800] 0:0:0:0:0:0:0:1 "GET /project/tree?rootId=0 HTTP/1.1" 200 (31 ms)
[14/Sep/2022:13:28:41 +0800] 0:0:0:0:0:0:0:1 "GET /budget/division/fetch?rootId=&projectId=3 HTTP/1.1" 200 (37 ms)
[14/Sep/2022:13:29:56 +0800] 0:0:0:0:0:0:0:1 "GET /project/tree?rootId=0 HTTP/1.1" 200 (31 ms)
[14/Sep/2022:13:29:56 +0800] 0:0:0:0:0:0:0:1 "GET /budget/division/fetch?rootId=&projectId=3 HTTP/1.1" 200 (19 ms)
[14/Sep/2022:13:30:09 +0800] 0:0:0:0:0:0:0:1 "GET /project/tree?rootId=0 HTTP/1.1" 200 (34 ms)
[14/Sep/2022:13:30:09 +0800] 0:0:0:0:0:0:0:1 "GET /budget/division/fetch?rootId=&projectId=3 HTTP/1.1" 200 (39 ms)
[14/Sep/2022:13:30:33 +0800] 0:0:0:0:0:0:0:1 "GET /project/tree?rootId=0 HTTP/1.1" 200 (29 ms)
[14/Sep/2022:13:30:33 +0800] 0:0:0:0:0:0:0:1 "GET /budget/division/fetch?rootId=&projectId=3 HTTP/1.1" 200 (19 ms)
[14/Sep/2022:13:30:38 +0800] 0:0:0:0:0:0:0:1 "GET /project/tree?rootId=0 HTTP/1.1" 200 (36 ms)
[14/Sep/2022:13:30:38 +0800] 0:0:0:0:0:0:0:1 "GET /budget/division/fetch?rootId=&projectId=3 HTTP/1.1" 200 (29 ms)
[14/Sep/2022:13:30:48 +0800] 0:0:0:0:0:0:0:1 "GET /project/tree?rootId=0 HTTP/1.1" 200 (20 ms)
[14/Sep/2022:13:30:48 +0800] 0:0:0:0:0:0:0:1 "GET /budget/division/fetch?rootId=&projectId=3 HTTP/1.1" 200 (27 ms)
[14/Sep/2022:13:31:12 +0800] 0:0:0:0:0:0:0:1 "GET /project/tree?rootId=0 HTTP/1.1" 200 (18 ms)
[14/Sep/2022:13:31:12 +0800] 0:0:0:0:0:0:0:1 "GET /budget/division/fetch?rootId=&projectId=3 HTTP/1.1" 200 (19 ms)
[14/Sep/2022:13:31:40 +0800] 0:0:0:0:0:0:0:1 "GET /project/tree?rootId=0 HTTP/1.1" 200 (19 ms)
[14/Sep/2022:13:31:40 +0800] 0:0:0:0:0:0:0:1 "GET /budget/division/fetch?rootId=&projectId=3 HTTP/1.1" 200 (21 ms)
[14/Sep/2022:13:38:46 +0800] 0:0:0:0:0:0:0:1 "GET /project/tree?rootId=0 HTTP/1.1" 200 (30 ms)
[14/Sep/2022:13:38:46 +0800] 0:0:0:0:0:0:0:1 "GET /budget/division/fetch?rootId=&projectId=3 HTTP/1.1" 200 (16 ms)
[14/Sep/2022:13:41:55 +0800] 0:0:0:0:0:0:0:1 "GET /project/tree?rootId=0 HTTP/1.1" 200 (44 ms)
[14/Sep/2022:13:41:55 +0800] 0:0:0:0:0:0:0:1 "GET /budget/division/fetch?rootId=&projectId=3 HTTP/1.1" 200 (41 ms)
[14/Sep/2022:13:44:35 +0800] 0:0:0:0:0:0:0:1 "GET /project/tree?rootId=0 HTTP/1.1" 200 (37 ms)
[14/Sep/2022:13:44:36 +0800] 0:0:0:0:0:0:0:1 "GET /budget/division/fetch?rootId=&projectId=3 HTTP/1.1" 200 (18 ms)
[14/Sep/2022:13:50:45 +0800] 0:0:0:0:0:0:0:1 "GET /project/tree?rootId=0 HTTP/1.1" 200 (45 ms)
[14/Sep/2022:13:55:50 +0800] 0:0:0:0:0:0:0:1 "GET /project/tree?rootId=0 HTTP/1.1" 200 (37 ms)
[14/Sep/2022:13:55:50 +0800] 0:0:0:0:0:0:0:1 "GET /budget/division/fetch?rootId=&projectId=3 HTTP/1.1" 200 (36 ms)
[14/Sep/2022:13:56:46 +0800] 0:0:0:0:0:0:0:1 "GET /project/tree?rootId=0 HTTP/1.1" 200 (22 ms)
[14/Sep/2022:13:56:46 +0800] 0:0:0:0:0:0:0:1 "GET /budget/division/fetch?rootId=&projectId=3 HTTP/1.1" 200 (22 ms)
[14/Sep/2022:13:57:12 +0800] 0:0:0:0:0:0:0:1 "GET /project/tree?rootId=0 HTTP/1.1" 200 (43 ms)
[14/Sep/2022:13:57:12 +0800] 0:0:0:0:0:0:0:1 "GET /budget/division/fetch?rootId=&projectId=3 HTTP/1.1" 200 (27 ms)
[14/Sep/2022:13:58:12 +0800] 0:0:0:0:0:0:0:1 "GET /project/tree?rootId=0 HTTP/1.1" 200 (42 ms)
[14/Sep/2022:13:58:12 +0800] 0:0:0:0:0:0:0:1 "GET /budget/division/fetch?rootId=&projectId=3 HTTP/1.1" 200 (25 ms)
[14/Sep/2022:13:58:18 +0800] 0:0:0:0:0:0:0:1 "GET /project/tree?rootId=0 HTTP/1.1" 200 (27 ms)
[14/Sep/2022:13:58:18 +0800] 0:0:0:0:0:0:0:1 "GET /budget/division/fetch?rootId=&projectId=3 HTTP/1.1" 200 (19 ms)
[14/Sep/2022:13:58:24 +0800] 0:0:0:0:0:0:0:1 "GET /project/tree?rootId=0 HTTP/1.1" 200 (25 ms)
[14/Sep/2022:13:58:24 +0800] 0:0:0:0:0:0:0:1 "GET /budget/division/fetch?rootId=&projectId=3 HTTP/1.1" 200 (31 ms)
[14/Sep/2022:13:58:48 +0800] 0:0:0:0:0:0:0:1 "GET /project/fetch?ownId=0 HTTP/1.1" 200 (21 ms)
[14/Sep/2022:13:58:55 +0800] 0:0:0:0:0:0:0:1 "GET /project/fetch?ownId=0 HTTP/1.1" 200 (32 ms)
[14/Sep/2022:13:58:55 +0800] 0:0:0:0:0:0:0:1 "GET /project/tree?ownId=3&rootId=3 HTTP/1.1" 200 (26 ms)
[14/Sep/2022:13:58:56 +0800] 0:0:0:0:0:0:0:1 "GET /project/tree?ownId=4&rootId=4 HTTP/1.1" 200 (15 ms)
[14/Sep/2022:13:58:58 +0800] 0:0:0:0:0:0:0:1 "GET /project/tree?ownId=3&rootId=3 HTTP/1.1" 200 (19 ms)
[14/Sep/2022:13:59:00 +0800] 0:0:0:0:0:0:0:1 "GET /project/tree?ownId=2&rootId=2 HTTP/1.1" 200 (18 ms)
[14/Sep/2022:13:59:03 +0800] 0:0:0:0:0:0:0:1 "GET /project/tree?rootId=0 HTTP/1.1" 200 (26 ms)
[14/Sep/2022:13:59:03 +0800] 0:0:0:0:0:0:0:1 "GET /budget/division/fetch?rootId=&projectId=3 HTTP/1.1" 200 (22 ms)
[14/Sep/2022:14:01:05 +0800] 0:0:0:0:0:0:0:1 "GET /project/tree?rootId=0 HTTP/1.1" 200 (34 ms)
[14/Sep/2022:14:01:05 +0800] 0:0:0:0:0:0:0:1 "GET /budget/division/fetch?rootId=&projectId=3 HTTP/1.1" 200 (18 ms)
[14/Sep/2022:14:01:14 +0800] 0:0:0:0:0:0:0:1 "GET /project/tree?rootId=0 HTTP/1.1" 200 (26 ms)
[14/Sep/2022:14:01:14 +0800] 0:0:0:0:0:0:0:1 "GET /budget/division/fetch?rootId=&projectId=3 HTTP/1.1" 200 (24 ms)
[14/Sep/2022:14:04:38 +0800] 0:0:0:0:0:0:0:1 "GET /project/fetch?ownId=0 HTTP/1.1" 200 (41 ms)
[14/Sep/2022:14:04:49 +0800] 0:0:0:0:0:0:0:1 "OPTIONS /project/push HTTP/1.1" 200 (107 ms)
[14/Sep/2022:14:04:49 +0800] 0:0:0:0:0:0:0:1 "POST /project/push HTTP/1.1" 200 (583 ms)
[14/Sep/2022:14:04:49 +0800] 0:0:0:0:0:0:0:1 "GET /project/fetch?ownId=0 HTTP/1.1" 200 (23 ms)
[14/Sep/2022:14:05:00 +0800] 0:0:0:0:0:0:0:1 "POST /project/push HTTP/1.1" 200 (86 ms)
[14/Sep/2022:14:05:00 +0800] 0:0:0:0:0:0:0:1 "GET /project/fetch?ownId=0 HTTP/1.1" 200 (29 ms)
[14/Sep/2022:14:05:08 +0800] 0:0:0:0:0:0:0:1 "POST /project/push HTTP/1.1" 200 (128 ms)
[14/Sep/2022:14:05:08 +0800] 0:0:0:0:0:0:0:1 "GET /project/fetch?ownId=0 HTTP/1.1" 200 (27 ms)
[14/Sep/2022:14:05:16 +0800] 0:0:0:0:0:0:0:1 "POST /project/push HTTP/1.1" 200 (113 ms)
[14/Sep/2022:14:05:16 +0800] 0:0:0:0:0:0:0:1 "GET /project/fetch?ownId=0 HTTP/1.1" 200 (26 ms)
[14/Sep/2022:14:05:25 +0800] 0:0:0:0:0:0:0:1 "POST /project/push HTTP/1.1" 200 (117 ms)
[14/Sep/2022:14:05:25 +0800] 0:0:0:0:0:0:0:1 "GET /project/fetch?ownId=0 HTTP/1.1" 200 (31 ms)
[14/Sep/2022:14:05:28 +0800] 0:0:0:0:0:0:0:1 "GET /project/fetch?ownId=0 HTTP/1.1" 200 (52 ms)
[14/Sep/2022:14:05:28 +0800] 0:0:0:0:0:0:0:1 "GET /project/tree?ownId=3&rootId=3 HTTP/1.1" 200 (30 ms)
[14/Sep/2022:14:05:29 +0800] 0:0:0:0:0:0:0:1 "GET /project/tree?ownId=3&rootId=3 HTTP/1.1" 200 (18 ms)
[14/Sep/2022:14:05:41 +0800] 0:0:0:0:0:0:0:1 "POST /project/push HTTP/1.1" 200 (307 ms)
[14/Sep/2022:14:05:42 +0800] 0:0:0:0:0:0:0:1 "GET /project/tree?ownId=3&rootId=3 HTTP/1.1" 200 (22 ms)
[14/Sep/2022:14:05:43 +0800] 0:0:0:0:0:0:0:1 "GET /project/tree?ownId=4&rootId=4 HTTP/1.1" 200 (14 ms)
[14/Sep/2022:14:05:44 +0800] 0:0:0:0:0:0:0:1 "GET /project/tree?ownId=5&rootId=5 HTTP/1.1" 200 (16 ms)
[14/Sep/2022:14:05:44 +0800] 0:0:0:0:0:0:0:1 "GET /project/tree?ownId=6&rootId=6 HTTP/1.1" 200 (15 ms)
[14/Sep/2022:14:05:44 +0800] 0:0:0:0:0:0:0:1 "GET /project/tree?ownId=2&rootId=2 HTTP/1.1" 200 (19 ms)
[14/Sep/2022:14:05:56 +0800] 0:0:0:0:0:0:0:1 "POST /project/push HTTP/1.1" 200 (307 ms)
[14/Sep/2022:14:05:56 +0800] 0:0:0:0:0:0:0:1 "GET /project/tree?ownId=2&rootId=2 HTTP/1.1" 200 (20 ms)
[14/Sep/2022:14:06:05 +0800] 0:0:0:0:0:0:0:1 "POST /project/push HTTP/1.1" 200 (14 ms)
[14/Sep/2022:14:06:05 +0800] 0:0:0:0:0:0:0:1 "GET /project/tree?ownId=2&rootId=2 HTTP/1.1" 200 (36 ms)
[14/Sep/2022:14:06:17 +0800] 0:0:0:0:0:0:0:1 "POST /project/push HTTP/1.1" 200 (322 ms)
[14/Sep/2022:14:06:17 +0800] 0:0:0:0:0:0:0:1 "GET /project/tree?ownId=2&rootId=2 HTTP/1.1" 200 (24 ms)
[14/Sep/2022:14:06:43 +0800] 0:0:0:0:0:0:0:1 "POST /project/push HTTP/1.1" 200 (342 ms)
[14/Sep/2022:14:06:43 +0800] 0:0:0:0:0:0:0:1 "GET /project/tree?ownId=2&rootId=2 HTTP/1.1" 200 (20 ms)
[14/Sep/2022:14:06:48 +0800] 0:0:0:0:0:0:0:1 "GET /project/tree?rootId=0 HTTP/1.1" 200 (27 ms)
[14/Sep/2022:14:06:48 +0800] 0:0:0:0:0:0:0:1 "GET /budget/division/fetch?rootId=&projectId=3 HTTP/1.1" 200 (49 ms)
[14/Sep/2022:14:06:52 +0800] 0:0:0:0:0:0:0:1 "GET /budget/division/fetch?rootId=&projectId=13 HTTP/1.1" 200 (13 ms)
[14/Sep/2022:14:06:54 +0800] 0:0:0:0:0:0:0:1 "GET /budget/division/fetch?rootId=&projectId=3 HTTP/1.1" 200 (18 ms)
[14/Sep/2022:14:06:55 +0800] 0:0:0:0:0:0:0:1 "GET /budget/division/fetch?rootId=&projectId=2 HTTP/1.1" 200 (14 ms)
[14/Sep/2022:14:06:58 +0800] 0:0:0:0:0:0:0:1 "GET /budget/division/fetch?rootId=&projectId=9 HTTP/1.1" 200 (16 ms)
[14/Sep/2022:14:07:02 +0800] 0:0:0:0:0:0:0:1 "GET /budget/division/fetch?rootId=&projectId=7 HTTP/1.1" 200 (13 ms)
[14/Sep/2022:14:07:02 +0800] 0:0:0:0:0:0:0:1 "GET /budget/division/fetch?rootId=&projectId=11 HTTP/1.1" 200 (12 ms)
[14/Sep/2022:14:07:03 +0800] 0:0:0:0:0:0:0:1 "GET /budget/division/fetch?rootId=&projectId=8 HTTP/1.1" 200 (15 ms)
[14/Sep/2022:14:08:28 +0800] 0:0:0:0:0:0:0:1 "GET /budget/division/fetch?rootId=&projectId=11 HTTP/1.1" 200 (27 ms)
[14/Sep/2022:14:08:29 +0800] 0:0:0:0:0:0:0:1 "GET /budget/division/fetch?rootId=&projectId=7 HTTP/1.1" 200 (14 ms)
[14/Sep/2022:14:08:30 +0800] 0:0:0:0:0:0:0:1 "GET /budget/division/fetch?rootId=&projectId=13 HTTP/1.1" 200 (15 ms)
[14/Sep/2022:14:08:31 +0800] 0:0:0:0:0:0:0:1 "GET /budget/division/fetch?rootId=&projectId=3 HTTP/1.1" 200 (19 ms)
[14/Sep/2022:14:12:09 +0800] 0:0:0:0:0:0:0:1 "GET /project/tree?rootId=0 HTTP/1.1" 200 (52 ms)
[14/Sep/2022:14:12:09 +0800] 0:0:0:0:0:0:0:1 "GET /budget/division/fetch?rootId=&projectId=3 HTTP/1.1" 200 (31 ms)
[14/Sep/2022:15:03:54 +0800] 0:0:0:0:0:0:0:1 "GET /project/tree?rootId=0 HTTP/1.1" 200 (1162 ms)
[14/Sep/2022:15:05:17 +0800] 0:0:0:0:0:0:0:1 "GET /project/tree?rootId=0 HTTP/1.1" 200 (93 ms)
[14/Sep/2022:15:05:18 +0800] 0:0:0:0:0:0:0:1 "OPTIONS /budget/division/tree HTTP/1.1" 200 (9 ms)
[14/Sep/2022:15:05:18 +0800] 0:0:0:0:0:0:0:1 "POST /budget/division/tree HTTP/1.1" 405 (34 ms)
[14/Sep/2022:15:06:09 +0800] 0:0:0:0:0:0:0:1 "GET /project/tree?rootId=0 HTTP/1.1" 200 (26 ms)
[14/Sep/2022:15:06:09 +0800] 0:0:0:0:0:0:0:1 "POST /budget/division/tree HTTP/1.1" 405 (6 ms)
[14/Sep/2022:15:06:16 +0800] 0:0:0:0:0:0:0:1 "GET /project/tree?rootId=0 HTTP/1.1" 200 (46 ms)
[14/Sep/2022:15:06:16 +0800] 0:0:0:0:0:0:0:1 "POST /budget/division/tree HTTP/1.1" 405 (6 ms)
[14/Sep/2022:15:06:25 +0800] 0:0:0:0:0:0:0:1 "GET /budget/division/tree HTTP/1.1" 200 (57 ms)
[14/Sep/2022:15:06:25 +0800] 0:0:0:0:0:0:0:1 "GET /favicon.ico HTTP/1.1" 404 (45 ms)
[14/Sep/2022:15:06:29 +0800] 0:0:0:0:0:0:0:1 "GET /budget/division/tree HTTP/1.1" 200 (24 ms)
[14/Sep/2022:15:07:04 +0800] 0:0:0:0:0:0:0:1 "GET /project/tree?rootId=0 HTTP/1.1" 200 (48 ms)
[14/Sep/2022:15:07:04 +0800] 0:0:0:0:0:0:0:1 "GET /budget/division/tree HTTP/1.1" 200 (54 ms)
[14/Sep/2022:15:07:41 +0800] 0:0:0:0:0:0:0:1 "GET /budget/division/tree?projectId=3 HTTP/1.1" 200 (35 ms)
[14/Sep/2022:15:07:45 +0800] 0:0:0:0:0:0:0:1 "GET /budget/division/tree?projectId=3 HTTP/1.1" 200 (21 ms)
[14/Sep/2022:15:07:46 +0800] 0:0:0:0:0:0:0:1 "GET /budget/division/tree?projectId=3 HTTP/1.1" 200 (20 ms)
[14/Sep/2022:15:08:00 +0800] 0:0:0:0:0:0:0:1 "GET /budget/division/tree?projectId=3&rootId= HTTP/1.1" 200 (33 ms)
[14/Sep/2022:15:08:03 +0800] 0:0:0:0:0:0:0:1 "GET /budget/division/tree?projectId=3&rootId= HTTP/1.1" 200 (21 ms)
[14/Sep/2022:15:10:09 +0800] 0:0:0:0:0:0:0:1 "OPTIONS /budget/import/ HTTP/1.1" 200 (3 ms)
[14/Sep/2022:15:10:10 +0800] 0:0:0:0:0:0:0:1 "POST /budget/import/ HTTP/1.1" 200 (809 ms)
[14/Sep/2022:15:13:27 +0800] 0:0:0:0:0:0:0:1 "GET /project/tree?rootId=0 HTTP/1.1" 200 (52 ms)
[14/Sep/2022:15:13:27 +0800] 0:0:0:0:0:0:0:1 "GET /budget/division/tree HTTP/1.1" 200 (21 ms)
[14/Sep/2022:15:13:33 +0800] 0:0:0:0:0:0:0:1 "GET /project/tree?rootId=0 HTTP/1.1" 200 (41 ms)
[14/Sep/2022:15:13:33 +0800] 0:0:0:0:0:0:0:1 "GET /budget/division/tree HTTP/1.1" 200 (28 ms)
[14/Sep/2022:15:13:34 +0800] 0:0:0:0:0:0:0:1 "GET /budget/division/tree?projectId=3&rootId= HTTP/1.1" 200 (30 ms)
[14/Sep/2022:15:15:31 +0800] 0:0:0:0:0:0:0:1 "GET /project/tree?rootId=0 HTTP/1.1" 200 (48 ms)
[14/Sep/2022:15:15:31 +0800] 0:0:0:0:0:0:0:1 "GET /budget/division/tree HTTP/1.1" 200 (27 ms)
[14/Sep/2022:15:18:54 +0800] 0:0:0:0:0:0:0:1 "GET /budget/division/tree HTTP/1.1" 200 (30 ms)
[14/Sep/2022:15:18:59 +0800] 0:0:0:0:0:0:0:1 "GET /budget/division/tree HTTP/1.1" 200 (21 ms)
[14/Sep/2022:15:19:00 +0800] 0:0:0:0:0:0:0:1 "GET /budget/division/tree HTTP/1.1" 200 (24 ms)
[14/Sep/2022:15:19:01 +0800] 0:0:0:0:0:0:0:1 "GET /budget/division/tree HTTP/1.1" 200 (20 ms)
[14/Sep/2022:15:19:09 +0800] 0:0:0:0:0:0:0:1 "GET /project/tree?rootId=0 HTTP/1.1" 200 (45 ms)
[14/Sep/2022:15:19:09 +0800] 0:0:0:0:0:0:0:1 "GET /budget/division/tree HTTP/1.1" 200 (27 ms)
[14/Sep/2022:15:20:00 +0800] 0:0:0:0:0:0:0:1 "GET /project/tree?rootId=0 HTTP/1.1" 200 (30 ms)
[14/Sep/2022:15:21:36 +0800] 0:0:0:0:0:0:0:1 "GET /project/tree?rootId=0 HTTP/1.1" 200 (55 ms)
[14/Sep/2022:15:21:36 +0800] 0:0:0:0:0:0:0:1 "GET /budget/division/tree HTTP/1.1" 200 (31 ms)
[14/Sep/2022:15:22:06 +0800] 0:0:0:0:0:0:0:1 "GET /project/tree?rootId=0 HTTP/1.1" 200 (33 ms)
[14/Sep/2022:15:22:06 +0800] 0:0:0:0:0:0:0:1 "GET /budget/division/tree HTTP/1.1" 200 (31 ms)
[14/Sep/2022:15:22:31 +0800] 0:0:0:0:0:0:0:1 "GET /budget/division/tree HTTP/1.1" 200 (18 ms)
[14/Sep/2022:15:23:28 +0800] 0:0:0:0:0:0:0:1 "GET /project/tree?rootId=0 HTTP/1.1" 200 (33 ms)
[14/Sep/2022:15:23:28 +0800] 0:0:0:0:0:0:0:1 "GET /project/tree?rootId=0 HTTP/1.1" 200 (40 ms)
[14/Sep/2022:15:23:33 +0800] 0:0:0:0:0:0:0:1 "GET /project/tree?rootId=0 HTTP/1.1" 200 (31 ms)
[14/Sep/2022:15:23:51 +0800] 0:0:0:0:0:0:0:1 "GET /budget/division/tree HTTP/1.1" 200 (35 ms)
[14/Sep/2022:15:23:56 +0800] 0:0:0:0:0:0:0:1 "GET /project/tree?rootId=0 HTTP/1.1" 200 (36 ms)
[14/Sep/2022:15:24:22 +0800] 0:0:0:0:0:0:0:1 "GET /budget/division/tree HTTP/1.1" 200 (34 ms)
[14/Sep/2022:15:24:26 +0800] 0:0:0:0:0:0:0:1 "GET /project/tree?rootId=0 HTTP/1.1" 200 (38 ms)
[14/Sep/2022:15:24:43 +0800] 0:0:0:0:0:0:0:1 "GET /budget/division/tree HTTP/1.1" 200 (33 ms)
[14/Sep/2022:15:24:52 +0800] 0:0:0:0:0:0:0:1 "GET /project/tree?rootId=0 HTTP/1.1" 200 (28 ms)
[14/Sep/2022:15:24:52 +0800] 0:0:0:0:0:0:0:1 "GET /budget/division/tree HTTP/1.1" 200 (18 ms)
[14/Sep/2022:15:25:09 +0800] 0:0:0:0:0:0:0:1 "GET /project/tree?rootId=0 HTTP/1.1" 200 (24 ms)
[14/Sep/2022:15:25:45 +0800] 0:0:0:0:0:0:0:1 "GET /budget/division/tree HTTP/1.1" 200 (33 ms)
[14/Sep/2022:15:25:53 +0800] 0:0:0:0:0:0:0:1 "GET /project/tree?rootId=0 HTTP/1.1" 200 (25 ms)
[14/Sep/2022:15:25:53 +0800] 0:0:0:0:0:0:0:1 "GET /budget/division/tree HTTP/1.1" 200 (18 ms)
[14/Sep/2022:15:26:30 +0800] 0:0:0:0:0:0:0:1 "GET /project/tree?rootId=0 HTTP/1.1" 200 (19 ms)
[14/Sep/2022:15:26:31 +0800] 0:0:0:0:0:0:0:1 "GET /budget/division/tree?rootId=&projectId=3 HTTP/1.1" 200 (19 ms)
[14/Sep/2022:15:26:38 +0800] 0:0:0:0:0:0:0:1 "GET /project/tree?rootId=0 HTTP/1.1" 200 (38 ms)
[14/Sep/2022:15:26:38 +0800] 0:0:0:0:0:0:0:1 "GET /budget/division/tree?rootId=&projectId=3 HTTP/1.1" 200 (44 ms)
[14/Sep/2022:15:27:43 +0800] 0:0:0:0:0:0:0:1 "GET /project/tree?rootId=0 HTTP/1.1" 200 (45 ms)
[14/Sep/2022:15:27:43 +0800] 0:0:0:0:0:0:0:1 "GET /budget/division/tree?rootId=&projectId=3 HTTP/1.1" 200 (42 ms)
[14/Sep/2022:15:28:06 +0800] 0:0:0:0:0:0:0:1 "GET /budget/division/tree?projectId=3&rootId= HTTP/1.1" 200 (20 ms)
[14/Sep/2022:15:28:09 +0800] 0:0:0:0:0:0:0:1 "GET /budget/division/tree?rootId=&projectId=3 HTTP/1.1" 200 (24 ms)
[14/Sep/2022:18:45:23 +0800] 0:0:0:0:0:0:0:1 "POST /system/token HTTP/1.1" 200 (157 ms)
[14/Sep/2022:18:45:23 +0800] 0:0:0:0:0:0:0:1 "GET /system/menu HTTP/1.1" 200 (78 ms)
[14/Sep/2022:18:45:25 +0800] 0:0:0:0:0:0:0:1 "GET /project/fetch?ownId=0 HTTP/1.1" 200 (1460 ms)
[14/Sep/2022:18:45:33 +0800] 0:0:0:0:0:0:0:1 "GET /project/tree?rootId=0 HTTP/1.1" 200 (36 ms)
[14/Sep/2022:18:45:33 +0800] 0:0:0:0:0:0:0:1 "GET /budget/division/tree?rootId=&projectId=3 HTTP/1.1" 200 (40 ms)
[14/Sep/2022:19:04:34 +0800] 0:0:0:0:0:0:0:1 "GET /project/tree?rootId=0 HTTP/1.1" 200 (46 ms)
[14/Sep/2022:19:04:34 +0800] 0:0:0:0:0:0:0:1 "GET /budget/division/tree?rootId=&projectId=3 HTTP/1.1" 200 (28 ms)
[14/Sep/2022:19:05:33 +0800] 0:0:0:0:0:0:0:1 "GET /project/tree?rootId=0 HTTP/1.1" 200 (49 ms)
[14/Sep/2022:19:05:35 +0800] 0:0:0:0:0:0:0:1 "GET /project/tree?rootId=0 HTTP/1.1" 200 (30 ms)
[14/Sep/2022:19:05:35 +0800] 0:0:0:0:0:0:0:1 "GET /budget/division/tree?rootId=&projectId=3 HTTP/1.1" 200 (65 ms)
[14/Sep/2022:19:05:49 +0800] 0:0:0:0:0:0:0:1 "GET /project/tree?rootId=0 HTTP/1.1" 200 (20 ms)
[14/Sep/2022:19:05:49 +0800] 0:0:0:0:0:0:0:1 "GET /budget/division/tree?rootId=&projectId=3 HTTP/1.1" 200 (21 ms)
[14/Sep/2022:19:07:09 +0800] 0:0:0:0:0:0:0:1 "GET /project/tree?rootId=0 HTTP/1.1" 200 (42 ms)
[14/Sep/2022:19:07:09 +0800] 0:0:0:0:0:0:0:1 "GET /budget/division/tree?rootId=&projectId=3 HTTP/1.1" 200 (25 ms)
[14/Sep/2022:19:07:15 +0800] 0:0:0:0:0:0:0:1 "GET /project/tree?rootId=0 HTTP/1.1" 200 (35 ms)
[14/Sep/2022:19:07:15 +0800] 0:0:0:0:0:0:0:1 "GET /budget/division/tree?rootId=&projectId=3 HTTP/1.1" 200 (32 ms)
[14/Sep/2022:19:07:26 +0800] 0:0:0:0:0:0:0:1 "GET /project/tree?rootId=0 HTTP/1.1" 200 (28 ms)
[14/Sep/2022:19:07:26 +0800] 0:0:0:0:0:0:0:1 "GET /budget/division/tree?rootId=&projectId=3 HTTP/1.1" 200 (29 ms)
[14/Sep/2022:19:26:36 +0800] 0:0:0:0:0:0:0:1 "POST /system/token HTTP/1.1" 200 (158 ms)
[14/Sep/2022:19:26:36 +0800] 0:0:0:0:0:0:0:1 "GET /system/menu HTTP/1.1" 200 (82 ms)
[14/Sep/2022:19:26:38 +0800] 0:0:0:0:0:0:0:1 "GET /project/fetch?ownId=0 HTTP/1.1" 200 (1230 ms)
[14/Sep/2022:19:26:47 +0800] 0:0:0:0:0:0:0:1 "GET /project/tree?rootId=0 HTTP/1.1" 200 (41 ms)
[14/Sep/2022:19:26:47 +0800] 0:0:0:0:0:0:0:1 "GET /budget/division/tree?rootId=&projectId=3 HTTP/1.1" 200 (133 ms)
[14/Sep/2022:19:34:03 +0800] 0:0:0:0:0:0:0:1 "GET /project/tree?rootId=0 HTTP/1.1" 200 (42 ms)
[14/Sep/2022:19:34:03 +0800] 0:0:0:0:0:0:0:1 "GET /budget/division/tree?rootId=&projectId=3 HTTP/1.1" 200 (24 ms)
[14/Sep/2022:19:34:09 +0800] 0:0:0:0:0:0:0:1 "GET /project/tree?rootId=0 HTTP/1.1" 200 (32 ms)
[14/Sep/2022:19:34:09 +0800] 0:0:0:0:0:0:0:1 "GET /budget/division/tree?rootId=&projectId=3 HTTP/1.1" 200 (36 ms)
[14/Sep/2022:19:36:52 +0800] 0:0:0:0:0:0:0:1 "GET /project/tree?rootId=0 HTTP/1.1" 200 (32 ms)
[14/Sep/2022:19:36:52 +0800] 0:0:0:0:0:0:0:1 "GET /budget/division/tree?rootId=&projectId=3 HTTP/1.1" 200 (18 ms)
[14/Sep/2022:19:37:03 +0800] 0:0:0:0:0:0:0:1 "GET /project/tree?rootId=0 HTTP/1.1" 200 (25 ms)
[14/Sep/2022:19:37:03 +0800] 0:0:0:0:0:0:0:1 "GET /budget/division/tree?rootId=&projectId=3 HTTP/1.1" 200 (28 ms)
[14/Sep/2022:19:50:11 +0800] 0:0:0:0:0:0:0:1 "GET /project/tree?rootId=0 HTTP/1.1" 200 (32 ms)
[14/Sep/2022:19:50:11 +0800] 0:0:0:0:0:0:0:1 "GET /budget/division/tree?rootId=&projectId=3 HTTP/1.1" 200 (18 ms)
[14/Sep/2022:19:50:15 +0800] 0:0:0:0:0:0:0:1 "GET /project/tree?rootId=0 HTTP/1.1" 200 (24 ms)
[14/Sep/2022:19:50:15 +0800] 0:0:0:0:0:0:0:1 "GET /budget/division/tree?rootId=&projectId=3 HTTP/1.1" 200 (24 ms)
[14/Sep/2022:19:55:52 +0800] 0:0:0:0:0:0:0:1 "GET /project/tree?rootId=0 HTTP/1.1" 200 (34 ms)
[14/Sep/2022:19:55:52 +0800] 0:0:0:0:0:0:0:1 "GET /budget/division/tree?rootId=&projectId=3 HTTP/1.1" 200 (18 ms)
[14/Sep/2022:19:55:56 +0800] 0:0:0:0:0:0:0:1 "GET /project/tree?rootId=0 HTTP/1.1" 200 (29 ms)
[14/Sep/2022:19:55:56 +0800] 0:0:0:0:0:0:0:1 "GET /budget/division/tree?rootId=&projectId=3 HTTP/1.1" 200 (27 ms)
[14/Sep/2022:19:57:30 +0800] 0:0:0:0:0:0:0:1 "GET /project/tree?rootId=0 HTTP/1.1" 200 (26 ms)
[14/Sep/2022:19:57:30 +0800] 0:0:0:0:0:0:0:1 "GET /budget/division/tree?rootId=&projectId=3 HTTP/1.1" 200 (22 ms)
[14/Sep/2022:19:57:35 +0800] 0:0:0:0:0:0:0:1 "GET /project/tree?rootId=0 HTTP/1.1" 200 (33 ms)
[14/Sep/2022:19:57:35 +0800] 0:0:0:0:0:0:0:1 "GET /budget/division/tree?rootId=&projectId=3 HTTP/1.1" 200 (59 ms)
[14/Sep/2022:19:58:09 +0800] 0:0:0:0:0:0:0:1 "GET /project/tree?rootId=0 HTTP/1.1" 200 (40 ms)
[14/Sep/2022:19:58:09 +0800] 0:0:0:0:0:0:0:1 "GET /budget/division/tree?rootId=&projectId=3 HTTP/1.1" 200 (29 ms)
[14/Sep/2022:20:04:04 +0800] 0:0:0:0:0:0:0:1 "GET /project/tree?rootId=0 HTTP/1.1" 200 (30 ms)
[14/Sep/2022:20:04:04 +0800] 0:0:0:0:0:0:0:1 "GET /budget/division/tree?rootId=&projectId=3 HTTP/1.1" 200 (20 ms)
[14/Sep/2022:20:04:16 +0800] 0:0:0:0:0:0:0:1 "GET /project/tree?rootId=0 HTTP/1.1" 200 (37 ms)
[14/Sep/2022:20:04:16 +0800] 0:0:0:0:0:0:0:1 "GET /budget/division/tree?rootId=&projectId=3 HTTP/1.1" 200 (38 ms)
[14/Sep/2022:20:04:23 +0800] 0:0:0:0:0:0:0:1 "GET /project/tree?rootId=0 HTTP/1.1" 200 (31 ms)
[14/Sep/2022:20:04:23 +0800] 0:0:0:0:0:0:0:1 "GET /budget/division/tree?rootId=&projectId=3 HTTP/1.1" 200 (29 ms)
[14/Sep/2022:20:04:25 +0800] 0:0:0:0:0:0:0:1 "GET /project/tree?rootId=0 HTTP/1.1" 200 (42 ms)
[14/Sep/2022:20:04:25 +0800] 0:0:0:0:0:0:0:1 "GET /budget/division/tree?rootId=&projectId=3 HTTP/1.1" 200 (36 ms)
[14/Sep/2022:20:25:58 +0800] 0:0:0:0:0:0:0:1 "GET /project/tree?rootId=0 HTTP/1.1" 200 (27 ms)
[14/Sep/2022:20:25:58 +0800] 0:0:0:0:0:0:0:1 "GET /budget/division/tree?rootId=&projectId=3 HTTP/1.1" 200 (18 ms)
[14/Sep/2022:20:26:14 +0800] 0:0:0:0:0:0:0:1 "GET /project/tree?rootId=0 HTTP/1.1" 200 (33 ms)
[14/Sep/2022:20:26:14 +0800] 0:0:0:0:0:0:0:1 "GET /budget/division/tree?rootId=&projectId=3 HTTP/1.1" 200 (31 ms)
[14/Sep/2022:20:45:40 +0800] 0:0:0:0:0:0:0:1 "GET /project/tree?rootId=0 HTTP/1.1" 200 (30 ms)
[14/Sep/2022:20:45:40 +0800] 0:0:0:0:0:0:0:1 "GET /budget/division/tree?rootId=&projectId=3 HTTP/1.1" 200 (20 ms)
[14/Sep/2022:20:46:13 +0800] 0:0:0:0:0:0:0:1 "GET /project/tree?rootId=0 HTTP/1.1" 200 (25 ms)
[14/Sep/2022:20:46:13 +0800] 0:0:0:0:0:0:0:1 "GET /budget/division/tree?rootId=&projectId=3 HTTP/1.1" 200 (18 ms)
[14/Sep/2022:20:48:33 +0800] 0:0:0:0:0:0:0:1 "GET /project/tree?rootId=0 HTTP/1.1" 200 (30 ms)
[14/Sep/2022:20:48:33 +0800] 0:0:0:0:0:0:0:1 "GET /project/tree?rootId=0 HTTP/1.1" 200 (28 ms)
[14/Sep/2022:20:48:34 +0800] 0:0:0:0:0:0:0:1 "GET /project/tree?rootId=0 HTTP/1.1" 200 (35 ms)
[14/Sep/2022:20:48:34 +0800] 0:0:0:0:0:0:0:1 "GET /budget/division/tree?rootId=&projectId=3 HTTP/1.1" 200 (31 ms)
[14/Sep/2022:20:48:34 +0800] 0:0:0:0:0:0:0:1 "GET /project/tree?rootId=0 HTTP/1.1" 200 (41 ms)
[14/Sep/2022:20:48:34 +0800] 0:0:0:0:0:0:0:1 "GET /budget/division/tree?rootId=&projectId=3 HTTP/1.1" 200 (31 ms)
[14/Sep/2022:20:48:34 +0800] 0:0:0:0:0:0:0:1 "GET /project/tree?rootId=0 HTTP/1.1" 200 (32 ms)
[14/Sep/2022:20:48:34 +0800] 0:0:0:0:0:0:0:1 "GET /project/tree?rootId=0 HTTP/1.1" 200 (24 ms)
[14/Sep/2022:20:48:34 +0800] 0:0:0:0:0:0:0:1 "GET /budget/division/tree?rootId=&projectId=3 HTTP/1.1" 200 (30 ms)
[14/Sep/2022:20:48:42 +0800] 0:0:0:0:0:0:0:1 "GET /project/tree?rootId=0 HTTP/1.1" 200 (39 ms)
[14/Sep/2022:20:48:42 +0800] 0:0:0:0:0:0:0:1 "GET /budget/division/tree?rootId=&projectId=3 HTTP/1.1" 200 (40 ms)
[14/Sep/2022:20:49:10 +0800] 0:0:0:0:0:0:0:1 "GET /project/tree?rootId=0 HTTP/1.1" 200 (22 ms)
[14/Sep/2022:20:49:10 +0800] 0:0:0:0:0:0:0:1 "GET /budget/division/tree?rootId=&projectId=3 HTTP/1.1" 200 (22 ms)
[14/Sep/2022:20:51:10 +0800] 0:0:0:0:0:0:0:1 "GET /project/tree?rootId=0 HTTP/1.1" 200 (39 ms)
[14/Sep/2022:20:51:10 +0800] 0:0:0:0:0:0:0:1 "GET /budget/division/tree?rootId=&projectId=3 HTTP/1.1" 200 (38 ms)
[14/Sep/2022:20:59:50 +0800] 0:0:0:0:0:0:0:1 "GET /project/tree?rootId=0 HTTP/1.1" 200 (24 ms)
[14/Sep/2022:20:59:51 +0800] 0:0:0:0:0:0:0:1 "GET /budget/division/tree?rootId=&projectId=3 HTTP/1.1" 200 (18 ms)
[14/Sep/2022:21:01:23 +0800] 0:0:0:0:0:0:0:1 "GET /project/tree?rootId=0 HTTP/1.1" 200 (23 ms)
[14/Sep/2022:21:01:23 +0800] 0:0:0:0:0:0:0:1 "GET /budget/division/tree?rootId=&projectId=3 HTTP/1.1" 200 (17 ms)
[14/Sep/2022:21:01:44 +0800] 0:0:0:0:0:0:0:1 "GET /project/tree?rootId=0 HTTP/1.1" 200 (23 ms)
[14/Sep/2022:21:01:44 +0800] 0:0:0:0:0:0:0:1 "GET /budget/division/tree?rootId=&projectId=3 HTTP/1.1" 200 (21 ms)
[14/Sep/2022:21:01:56 +0800] 0:0:0:0:0:0:0:1 "GET /project/tree?rootId=0 HTTP/1.1" 200 (22 ms)
[14/Sep/2022:21:01:57 +0800] 0:0:0:0:0:0:0:1 "GET /budget/division/tree?rootId=&projectId=3 HTTP/1.1" 200 (21 ms)
[14/Sep/2022:21:02:13 +0800] 0:0:0:0:0:0:0:1 "GET /project/tree?rootId=0 HTTP/1.1" 200 (18 ms)
[14/Sep/2022:21:02:13 +0800] 0:0:0:0:0:0:0:1 "GET /budget/division/tree?rootId=&projectId=3 HTTP/1.1" 200 (18 ms)
[14/Sep/2022:21:02:35 +0800] 0:0:0:0:0:0:0:1 "GET /project/tree?rootId=0 HTTP/1.1" 200 (26 ms)
[14/Sep/2022:21:02:35 +0800] 0:0:0:0:0:0:0:1 "GET /budget/division/tree?rootId=&projectId=3 HTTP/1.1" 200 (20 ms)
[14/Sep/2022:21:03:29 +0800] 0:0:0:0:0:0:0:1 "GET /project/tree?rootId=0 HTTP/1.1" 200 (18 ms)
[14/Sep/2022:21:03:29 +0800] 0:0:0:0:0:0:0:1 "GET /budget/division/tree?rootId=&projectId=3 HTTP/1.1" 200 (16 ms)
[14/Sep/2022:21:06:44 +0800] 0:0:0:0:0:0:0:1 "GET /project/tree?rootId=0 HTTP/1.1" 200 (22 ms)
[14/Sep/2022:21:06:44 +0800] 0:0:0:0:0:0:0:1 "GET /budget/division/tree?rootId=&projectId=3 HTTP/1.1" 200 (18 ms)
[14/Sep/2022:21:06:52 +0800] 0:0:0:0:0:0:0:1 "GET /project/tree?rootId=0 HTTP/1.1" 200 (22 ms)
[14/Sep/2022:21:06:52 +0800] 0:0:0:0:0:0:0:1 "GET /budget/division/tree?rootId=&projectId=3 HTTP/1.1" 200 (22 ms)
[14/Sep/2022:21:08:23 +0800] 0:0:0:0:0:0:0:1 "GET /project/tree?rootId=0 HTTP/1.1" 200 (37 ms)
[14/Sep/2022:21:08:23 +0800] 0:0:0:0:0:0:0:1 "GET /budget/division/tree?rootId=&projectId=3 HTTP/1.1" 200 (28 ms)
[14/Sep/2022:21:08:42 +0800] 0:0:0:0:0:0:0:1 "GET /project/tree?rootId=0 HTTP/1.1" 200 (30 ms)
[14/Sep/2022:21:08:42 +0800] 0:0:0:0:0:0:0:1 "GET /budget/division/tree?rootId=&projectId=3 HTTP/1.1" 200 (46 ms)
[14/Sep/2022:21:08:43 +0800] 0:0:0:0:0:0:0:1 "GET /project/tree?rootId=0 HTTP/1.1" 200 (23 ms)
[14/Sep/2022:21:08:43 +0800] 0:0:0:0:0:0:0:1 "GET /budget/division/tree?rootId=&projectId=3 HTTP/1.1" 200 (23 ms)
[14/Sep/2022:21:09:13 +0800] 0:0:0:0:0:0:0:1 "GET /project/tree?rootId=0 HTTP/1.1" 200 (20 ms)
[14/Sep/2022:21:09:13 +0800] 0:0:0:0:0:0:0:1 "GET /budget/division/tree?rootId=&projectId=3 HTTP/1.1" 200 (22 ms)
[14/Sep/2022:21:09:35 +0800] 0:0:0:0:0:0:0:1 "GET /project/tree?rootId=0 HTTP/1.1" 200 (25 ms)
[14/Sep/2022:21:09:35 +0800] 0:0:0:0:0:0:0:1 "GET /budget/division/tree?rootId=&projectId=3 HTTP/1.1" 200 (22 ms)
[14/Sep/2022:21:09:38 +0800] 0:0:0:0:0:0:0:1 "GET /project/tree?rootId=0 HTTP/1.1" 200 (24 ms)
[14/Sep/2022:21:09:38 +0800] 0:0:0:0:0:0:0:1 "GET /budget/division/tree?rootId=&projectId=3 HTTP/1.1" 200 (22 ms)
[14/Sep/2022:21:12:02 +0800] 0:0:0:0:0:0:0:1 "GET /project/tree?rootId=0 HTTP/1.1" 200 (25 ms)
[14/Sep/2022:21:12:02 +0800] 0:0:0:0:0:0:0:1 "GET /budget/division/tree?rootId=&projectId=3 HTTP/1.1" 200 (15 ms)
[14/Sep/2022:21:12:10 +0800] 0:0:0:0:0:0:0:1 "GET /project/tree?rootId=0 HTTP/1.1" 200 (25 ms)
[14/Sep/2022:21:12:10 +0800] 0:0:0:0:0:0:0:1 "GET /budget/division/tree?rootId=&projectId=3 HTTP/1.1" 200 (21 ms)
[14/Sep/2022:21:13:40 +0800] 0:0:0:0:0:0:0:1 "GET /project/tree?rootId=0 HTTP/1.1" 200 (90 ms)
[14/Sep/2022:21:13:40 +0800] 0:0:0:0:0:0:0:1 "GET /budget/division/tree?rootId=&projectId=3 HTTP/1.1" 200 (17 ms)
[14/Sep/2022:21:13:46 +0800] 0:0:0:0:0:0:0:1 "GET /project/tree?rootId=0 HTTP/1.1" 200 (34 ms)
[14/Sep/2022:21:13:46 +0800] 0:0:0:0:0:0:0:1 "GET /budget/division/tree?rootId=&projectId=3 HTTP/1.1" 200 (29 ms)
[14/Sep/2022:21:14:01 +0800] 0:0:0:0:0:0:0:1 "GET /project/tree?rootId=0 HTTP/1.1" 200 (30 ms)
[14/Sep/2022:21:14:01 +0800] 0:0:0:0:0:0:0:1 "GET /budget/division/tree?rootId=&projectId=3 HTTP/1.1" 200 (24 ms)
[14/Sep/2022:21:14:06 +0800] 0:0:0:0:0:0:0:1 "GET /project/tree?rootId=0 HTTP/1.1" 200 (31 ms)
[14/Sep/2022:21:14:06 +0800] 0:0:0:0:0:0:0:1 "GET /budget/division/tree?rootId=&projectId=3 HTTP/1.1" 200 (41 ms)
[14/Sep/2022:21:14:29 +0800] 0:0:0:0:0:0:0:1 "GET /project/tree?rootId=0 HTTP/1.1" 200 (30 ms)
[14/Sep/2022:21:14:29 +0800] 0:0:0:0:0:0:0:1 "GET /budget/division/tree?rootId=&projectId=3 HTTP/1.1" 200 (16 ms)
[14/Sep/2022:21:14:36 +0800] 0:0:0:0:0:0:0:1 "GET /project/tree?rootId=0 HTTP/1.1" 200 (28 ms)
[14/Sep/2022:21:14:36 +0800] 0:0:0:0:0:0:0:1 "GET /budget/division/tree?rootId=&projectId=3 HTTP/1.1" 200 (24 ms)
[14/Sep/2022:21:15:49 +0800] 0:0:0:0:0:0:0:1 "GET /project/tree?rootId=0 HTTP/1.1" 200 (32 ms)
[14/Sep/2022:21:15:49 +0800] 0:0:0:0:0:0:0:1 "GET /budget/division/tree?rootId=&projectId=3 HTTP/1.1" 200 (19 ms)
[14/Sep/2022:21:15:49 +0800] 0:0:0:0:0:0:0:1 "GET /project/tree?rootId=0 HTTP/1.1" 200 (21 ms)
[14/Sep/2022:21:15:49 +0800] 0:0:0:0:0:0:0:1 "GET /project/tree?rootId=0 HTTP/1.1" 200 (34 ms)
[14/Sep/2022:21:15:49 +0800] 0:0:0:0:0:0:0:1 "GET /budget/division/tree?rootId=&projectId=3 HTTP/1.1" 200 (27 ms)
[14/Sep/2022:21:16:39 +0800] 0:0:0:0:0:0:0:1 "GET /project/tree?rootId=0 HTTP/1.1" 200 (18 ms)
[14/Sep/2022:21:16:39 +0800] 0:0:0:0:0:0:0:1 "GET /budget/division/tree?rootId=&projectId=3 HTTP/1.1" 200 (16 ms)
[14/Sep/2022:21:16:52 +0800] 0:0:0:0:0:0:0:1 "GET /project/tree?rootId=0 HTTP/1.1" 200 (31 ms)
[14/Sep/2022:21:16:52 +0800] 0:0:0:0:0:0:0:1 "GET /budget/division/tree?rootId=&projectId=3 HTTP/1.1" 200 (30 ms)
[14/Sep/2022:21:17:16 +0800] 0:0:0:0:0:0:0:1 "GET /project/tree?rootId=0 HTTP/1.1" 200 (31 ms)
[14/Sep/2022:21:17:16 +0800] 0:0:0:0:0:0:0:1 "GET /budget/division/tree?rootId=&projectId=3 HTTP/1.1" 200 (27 ms)
[14/Sep/2022:21:18:02 +0800] 0:0:0:0:0:0:0:1 "GET /project/tree?rootId=0 HTTP/1.1" 200 (18 ms)
[14/Sep/2022:21:18:02 +0800] 0:0:0:0:0:0:0:1 "GET /budget/division/tree?rootId=&projectId=3 HTTP/1.1" 200 (20 ms)
[14/Sep/2022:21:18:40 +0800] 0:0:0:0:0:0:0:1 "GET /project/tree?rootId=0 HTTP/1.1" 200 (44 ms)
[14/Sep/2022:21:18:40 +0800] 0:0:0:0:0:0:0:1 "GET /budget/division/tree?rootId=&projectId=3 HTTP/1.1" 200 (26 ms)
[14/Sep/2022:21:19:02 +0800] 0:0:0:0:0:0:0:1 "GET /project/tree?rootId=0 HTTP/1.1" 200 (19 ms)
[14/Sep/2022:21:19:02 +0800] 0:0:0:0:0:0:0:1 "GET /budget/division/tree?rootId=&projectId=3 HTTP/1.1" 200 (16 ms)
[14/Sep/2022:21:19:20 +0800] 0:0:0:0:0:0:0:1 "GET /project/tree?rootId=0 HTTP/1.1" 200 (27 ms)
[14/Sep/2022:21:19:20 +0800] 0:0:0:0:0:0:0:1 "GET /budget/division/tree?rootId=&projectId=3 HTTP/1.1" 200 (28 ms)
[14/Sep/2022:21:19:25 +0800] 0:0:0:0:0:0:0:1 "GET /project/tree?rootId=0 HTTP/1.1" 200 (23 ms)
[14/Sep/2022:21:19:25 +0800] 0:0:0:0:0:0:0:1 "GET /budget/division/tree?rootId=&projectId=3 HTTP/1.1" 200 (28 ms)
[14/Sep/2022:21:19:43 +0800] 0:0:0:0:0:0:0:1 "GET /project/tree?rootId=0 HTTP/1.1" 200 (18 ms)
[14/Sep/2022:21:19:43 +0800] 0:0:0:0:0:0:0:1 "GET /budget/division/tree?rootId=&projectId=3 HTTP/1.1" 200 (16 ms)
[14/Sep/2022:21:19:48 +0800] 0:0:0:0:0:0:0:1 "GET /project/tree?rootId=0 HTTP/1.1" 200 (25 ms)
[14/Sep/2022:21:19:48 +0800] 0:0:0:0:0:0:0:1 "GET /budget/division/tree?rootId=&projectId=3 HTTP/1.1" 200 (19 ms)
[14/Sep/2022:21:22:03 +0800] 0:0:0:0:0:0:0:1 "GET /project/tree?rootId=0 HTTP/1.1" 200 (40 ms)
[14/Sep/2022:21:22:03 +0800] 0:0:0:0:0:0:0:1 "GET /budget/division/tree?rootId=&projectId=3 HTTP/1.1" 200 (16 ms)
[14/Sep/2022:21:22:15 +0800] 0:0:0:0:0:0:0:1 "GET /project/tree?rootId=0 HTTP/1.1" 200 (22 ms)
[14/Sep/2022:21:22:15 +0800] 0:0:0:0:0:0:0:1 "GET /budget/division/tree?rootId=&projectId=3 HTTP/1.1" 200 (24 ms)
[14/Sep/2022:21:22:43 +0800] 0:0:0:0:0:0:0:1 "GET /project/tree?rootId=0 HTTP/1.1" 200 (31 ms)
[14/Sep/2022:21:22:43 +0800] 0:0:0:0:0:0:0:1 "GET /budget/division/tree?rootId=&projectId=3 HTTP/1.1" 200 (29 ms)
[14/Sep/2022:21:22:49 +0800] 0:0:0:0:0:0:0:1 "GET /project/tree?rootId=0 HTTP/1.1" 200 (26 ms)
[14/Sep/2022:21:22:49 +0800] 0:0:0:0:0:0:0:1 "GET /budget/division/tree?rootId=&projectId=3 HTTP/1.1" 200 (23 ms)
[14/Sep/2022:21:23:54 +0800] 0:0:0:0:0:0:0:1 "GET /project/tree?rootId=0 HTTP/1.1" 200 (36 ms)
[14/Sep/2022:21:23:54 +0800] 0:0:0:0:0:0:0:1 "GET /budget/division/tree?rootId=&projectId=3 HTTP/1.1" 200 (16 ms)
[14/Sep/2022:21:23:58 +0800] 0:0:0:0:0:0:0:1 "GET /project/tree?rootId=0 HTTP/1.1" 200 (18 ms)
[14/Sep/2022:21:23:58 +0800] 0:0:0:0:0:0:0:1 "GET /budget/division/tree?rootId=&projectId=3 HTTP/1.1" 200 (24 ms)
[14/Sep/2022:21:24:29 +0800] 0:0:0:0:0:0:0:1 "GET /project/tree?rootId=0 HTTP/1.1" 200 (38 ms)
[14/Sep/2022:21:24:29 +0800] 0:0:0:0:0:0:0:1 "GET /budget/division/tree?rootId=&projectId=3 HTTP/1.1" 200 (25 ms)
[14/Sep/2022:21:25:21 +0800] 0:0:0:0:0:0:0:1 "GET /project/tree?rootId=0 HTTP/1.1" 200 (32 ms)
[14/Sep/2022:21:25:21 +0800] 0:0:0:0:0:0:0:1 "GET /budget/division/tree?rootId=&projectId=3 HTTP/1.1" 200 (29 ms)
[14/Sep/2022:21:25:34 +0800] 0:0:0:0:0:0:0:1 "GET /budget/division/tree?rootId=&projectId=3 HTTP/1.1" 200 (37 ms)
[14/Sep/2022:21:25:34 +0800] 0:0:0:0:0:0:0:1 "GET /favicon.ico HTTP/1.1" 404 (47 ms)
[14/Sep/2022:21:26:15 +0800] 0:0:0:0:0:0:0:1 "GET /project/tree?rootId=0 HTTP/1.1" 200 (27 ms)
[14/Sep/2022:21:26:15 +0800] 0:0:0:0:0:0:0:1 "GET /budget/division/tree?rootId=&projectId=3 HTTP/1.1" 200 (19 ms)
[14/Sep/2022:21:26:24 +0800] 0:0:0:0:0:0:0:1 "GET /project/tree?rootId=0 HTTP/1.1" 200 (28 ms)
[14/Sep/2022:21:26:24 +0800] 0:0:0:0:0:0:0:1 "GET /budget/division/tree?rootId=&projectId=3 HTTP/1.1" 200 (30 ms)
[14/Sep/2022:21:26:44 +0800] 0:0:0:0:0:0:0:1 "GET /project/tree?rootId=0 HTTP/1.1" 200 (27 ms)
[14/Sep/2022:21:26:44 +0800] 0:0:0:0:0:0:0:1 "GET /budget/division/tree?rootId=&projectId=3 HTTP/1.1" 200 (16 ms)
[14/Sep/2022:21:27:08 +0800] 0:0:0:0:0:0:0:1 "GET /project/tree?rootId=0 HTTP/1.1" 200 (32 ms)
[14/Sep/2022:21:27:08 +0800] 0:0:0:0:0:0:0:1 "GET /budget/division/tree?rootId=&projectId=3 HTTP/1.1" 200 (28 ms)
[14/Sep/2022:21:28:18 +0800] 0:0:0:0:0:0:0:1 "GET /project/tree?rootId=0 HTTP/1.1" 200 (33 ms)
[14/Sep/2022:21:28:18 +0800] 0:0:0:0:0:0:0:1 "GET /budget/division/tree?rootId=&projectId=3 HTTP/1.1" 200 (17 ms)
[14/Sep/2022:21:28:24 +0800] 0:0:0:0:0:0:0:1 "GET /budget/division/tree?rootId=&projectId=3 HTTP/1.1" 200 (18 ms)
[14/Sep/2022:21:28:28 +0800] 0:0:0:0:0:0:0:1 "GET /budget/division/tree?rootId=&projectId=3 HTTP/1.1" 200 (18 ms)
[14/Sep/2022:21:28:35 +0800] 0:0:0:0:0:0:0:1 "GET /project/tree?rootId=0 HTTP/1.1" 200 (27 ms)
[14/Sep/2022:21:28:35 +0800] 0:0:0:0:0:0:0:1 "GET /budget/division/tree?rootId=&projectId=3 HTTP/1.1" 200 (31 ms)
