[28/Sep/2022:08:51:13 +0800] 0:0:0:0:0:0:0:1 "POST /system/token HTTP/1.1" 200 (143 ms)
[28/Sep/2022:08:51:13 +0800] 0:0:0:0:0:0:0:1 "GET /system/menu HTTP/1.1" 200 (101 ms)
[28/Sep/2022:08:51:22 +0800] 0:0:0:0:0:0:0:1 "GET /project/fetch?ownId=0 HTTP/1.1" 200 (8187 ms)
[28/Sep/2022:08:51:50 +0800] 0:0:0:0:0:0:0:1 "GET /project/fetch?ownId=0 HTTP/1.1" 200 (31 ms)
[28/Sep/2022:08:52:14 +0800] 0:0:0:0:0:0:0:1 "GET /dict/subpackage/fetch?rootId=0 HTTP/1.1" 200 (27 ms)
[28/Sep/2022:08:52:14 +0800] 0:0:0:0:0:0:0:1 "GET /project/fetch?subPackageId=4973770171355136 HTTP/1.1" 200 (46 ms)
[28/Sep/2022:08:52:14 +0800] 0:0:0:0:0:0:0:1 "GET /report/subpackage/tree2?subPackageId=4973770171355136&projectId=2543997172191232 HTTP/1.1" 200 (132 ms)
[28/Sep/2022:09:27:13 +0800] 0:0:0:0:0:0:0:1 "GET /project/tree?rootId=0 HTTP/1.1" 200 (960 ms)
[28/Sep/2022:09:27:13 +0800] 0:0:0:0:0:0:0:1 "GET /budget/division/tree2?ownId=0&projectId=2543997172191232 HTTP/1.1" 200 (56 ms)
[28/Sep/2022:09:27:13 +0800] 0:0:0:0:0:0:0:1 "GET /budget/division/machine/tree?ownId=2543997172191232&divisionId=2543997172191232&rootId=2543997172191232 HTTP/1.1" 200 (32 ms)
[28/Sep/2022:09:27:19 +0800] 0:0:0:0:0:0:0:1 "OPTIONS /budget/import/ HTTP/1.1" 200 (6 ms)
[28/Sep/2022:09:27:21 +0800] 0:0:0:0:0:0:0:1 "POST /budget/import/ HTTP/1.1" 200 (1354 ms)
[28/Sep/2022:09:27:21 +0800] 0:0:0:0:0:0:0:1 "GET /budget/division/tree2?ownId=0&projectId=2543997172191232 HTTP/1.1" 200 (30 ms)
[28/Sep/2022:09:27:21 +0800] 0:0:0:0:0:0:0:1 "GET /budget/division/machine/tree?ownId=2543997172191232&divisionId=2543997172191232&rootId=2543997172191232 HTTP/1.1" 200 (17 ms)
[28/Sep/2022:09:27:25 +0800] 0:0:0:0:0:0:0:1 "GET /project/tree?rootId=0 HTTP/1.1" 200 (41 ms)
[28/Sep/2022:09:27:25 +0800] 0:0:0:0:0:0:0:1 "GET /plan/division/tree2?ownId=0&projectId=2543997172191232 HTTP/1.1" 200 (45 ms)
[28/Sep/2022:09:27:26 +0800] 0:0:0:0:0:0:0:1 "GET /plan/division/machine/tree?ownId=2543997172191232&divisionId=2543997172191232&rootId=2543997172191232 HTTP/1.1" 200 (45 ms)
[28/Sep/2022:09:27:32 +0800] 0:0:0:0:0:0:0:1 "GET /project/tree?rootId=0 HTTP/1.1" 200 (35 ms)
[28/Sep/2022:09:27:32 +0800] 0:0:0:0:0:0:0:1 "GET /budget/division/tree2?ownId=0&projectId=2543997172191232 HTTP/1.1" 200 (33 ms)
[28/Sep/2022:09:27:32 +0800] 0:0:0:0:0:0:0:1 "GET /budget/division/machine/tree?ownId=2543997172191232&divisionId=2543997172191232&rootId=2543997172191232 HTTP/1.1" 200 (31 ms)
[28/Sep/2022:09:27:39 +0800] 0:0:0:0:0:0:0:1 "GET /budget/division/tree2?ownId=0&projectId=2543997172191232 HTTP/1.1" 200 (30 ms)
[28/Sep/2022:09:27:39 +0800] 0:0:0:0:0:0:0:1 "GET /budget/division/machine/tree?ownId=2543997172191232&divisionId=2543997172191232&rootId=2543997172191232 HTTP/1.1" 200 (18 ms)
[28/Sep/2022:09:28:04 +0800] 0:0:0:0:0:0:0:1 "GET /budget/division/tree2?ownId=0&projectId=2543997172191232 HTTP/1.1" 200 (30 ms)
[28/Sep/2022:09:28:04 +0800] 0:0:0:0:0:0:0:1 "GET /budget/division/machine/tree?ownId=2543997172191232&divisionId=2543997172191232&rootId=2543997172191232 HTTP/1.1" 200 (19 ms)
[28/Sep/2022:09:30:24 +0800] 0:0:0:0:0:0:0:1 "GET /project/tree?rootId=0 HTTP/1.1" 200 (1045 ms)
[28/Sep/2022:09:30:24 +0800] 0:0:0:0:0:0:0:1 "GET /budget/division/tree2?ownId=0&projectId=2543997172191232 HTTP/1.1" 200 (58 ms)
[28/Sep/2022:09:30:24 +0800] 0:0:0:0:0:0:0:1 "GET /budget/division/machine/tree?ownId=2543997172191232&divisionId=2543997172191232&rootId=2543997172191232 HTTP/1.1" 200 (28 ms)
[28/Sep/2022:09:30:29 +0800] 0:0:0:0:0:0:0:1 "POST /budget/import/ HTTP/1.1" 200 (1067 ms)
[28/Sep/2022:09:30:29 +0800] 0:0:0:0:0:0:0:1 "GET /budget/division/tree2?ownId=0&projectId=2543997172191232 HTTP/1.1" 200 (45 ms)
[28/Sep/2022:09:30:29 +0800] 0:0:0:0:0:0:0:1 "GET /budget/division/machine/tree?ownId=2543997172191232&divisionId=2543997172191232&rootId=2543997172191232 HTTP/1.1" 200 (16 ms)
[28/Sep/2022:09:30:32 +0800] 0:0:0:0:0:0:0:1 "GET /project/tree?rootId=0 HTTP/1.1" 200 (59 ms)
[28/Sep/2022:09:30:33 +0800] 0:0:0:0:0:0:0:1 "GET /plan/division/tree2?ownId=0&projectId=2543997172191232 HTTP/1.1" 200 (61 ms)
[28/Sep/2022:09:30:33 +0800] 0:0:0:0:0:0:0:1 "GET /plan/division/machine/tree?ownId=2543997172191232&divisionId=2543997172191232&rootId=2543997172191232 HTTP/1.1" 200 (25 ms)
[28/Sep/2022:09:30:42 +0800] 0:0:0:0:0:0:0:1 "GET /plan/division/machine/tree?ownId=6046563126349824&divisionId=6046563126349824&rootId=6046563126349824 HTTP/1.1" 200 (27 ms)
[28/Sep/2022:09:31:06 +0800] 0:0:0:0:0:0:0:1 "GET /project/tree?rootId=0 HTTP/1.1" 200 (25 ms)
[28/Sep/2022:09:31:06 +0800] 0:0:0:0:0:0:0:1 "GET /report/project/tree2?ownId=0&projectId=2543997172191232 HTTP/1.1" 200 (90 ms)
[28/Sep/2022:09:31:09 +0800] 0:0:0:0:0:0:0:1 "GET /dict/subpackage/fetch?rootId=0 HTTP/1.1" 200 (17 ms)
[28/Sep/2022:09:31:09 +0800] 0:0:0:0:0:0:0:1 "GET /project/fetch?subPackageId=4973770171355136 HTTP/1.1" 200 (21 ms)
[28/Sep/2022:09:31:09 +0800] 0:0:0:0:0:0:0:1 "GET /report/subpackage/tree2?subPackageId=4973770171355136&projectId=2543997172191232 HTTP/1.1" 200 (133 ms)
[28/Sep/2022:09:31:19 +0800] 0:0:0:0:0:0:0:1 "GET /project/fetch?subPackageId=4971518618636288 HTTP/1.1" 200 (21 ms)
[28/Sep/2022:09:31:19 +0800] 0:0:0:0:0:0:0:1 "GET /report/subpackage/tree2?subPackageId=4971518618636288&projectId=2543997172191232 HTTP/1.1" 200 (71 ms)
[28/Sep/2022:09:31:21 +0800] 0:0:0:0:0:0:0:1 "GET /project/fetch?subPackageId=4973770171355136 HTTP/1.1" 200 (20 ms)
[28/Sep/2022:09:31:21 +0800] 0:0:0:0:0:0:0:1 "GET /report/subpackage/tree2?subPackageId=4973770171355136&projectId=2543997172191232 HTTP/1.1" 200 (68 ms)
[28/Sep/2022:09:31:21 +0800] 0:0:0:0:0:0:0:1 "GET /project/fetch?subPackageId=4971518618636288 HTTP/1.1" 200 (20 ms)
[28/Sep/2022:09:31:21 +0800] 0:0:0:0:0:0:0:1 "GET /report/subpackage/tree2?subPackageId=4971518618636288&projectId=2543997172191232 HTTP/1.1" 200 (82 ms)
[28/Sep/2022:09:31:42 +0800] 0:0:0:0:0:0:0:1 "GET /report/subpackage/tree2?subPackageId=4971518618636288&projectId=11 HTTP/1.1" 200 (90 ms)
[28/Sep/2022:09:31:53 +0800] 0:0:0:0:0:0:0:1 "GET /project/fetch?subPackageId=4972435459936256 HTTP/1.1" 200 (18 ms)
[28/Sep/2022:09:31:53 +0800] 0:0:0:0:0:0:0:1 "GET /report/subpackage/tree2?subPackageId=4972435459936256&projectId=2543997172191232 HTTP/1.1" 200 (71 ms)
[28/Sep/2022:09:31:56 +0800] 0:0:0:0:0:0:0:1 "GET /report/subpackage/tree2?subPackageId=4972435459936256&projectId=11 HTTP/1.1" 200 (64 ms)
[28/Sep/2022:09:32:06 +0800] 0:0:0:0:0:0:0:1 "GET /project/fetch?subPackageId=4973770171355136 HTTP/1.1" 200 (19 ms)
[28/Sep/2022:09:32:06 +0800] 0:0:0:0:0:0:0:1 "GET /report/subpackage/tree2?subPackageId=4973770171355136&projectId=2543997172191232 HTTP/1.1" 200 (66 ms)
[28/Sep/2022:09:32:13 +0800] 0:0:0:0:0:0:0:1 "GET /project/tree?rootId=0 HTTP/1.1" 200 (20 ms)
[28/Sep/2022:09:32:13 +0800] 0:0:0:0:0:0:0:1 "GET /plan/division/tree2?ownId=0&projectId=2543997172191232 HTTP/1.1" 200 (36 ms)
[28/Sep/2022:09:32:14 +0800] 0:0:0:0:0:0:0:1 "GET /plan/division/machine/tree?ownId=2543997172191232&divisionId=2543997172191232&rootId=2543997172191232 HTTP/1.1" 200 (18 ms)
[28/Sep/2022:09:32:16 +0800] 0:0:0:0:0:0:0:1 "GET /plan/division/machine/tree?ownId=6046563126349824&divisionId=6046563126349824&rootId=6046563126349824 HTTP/1.1" 200 (18 ms)
[28/Sep/2022:09:36:11 +0800] 0:0:0:0:0:0:0:1 "GET /project/tree?rootId=0 HTTP/1.1" 200 (34 ms)
[28/Sep/2022:09:36:11 +0800] 0:0:0:0:0:0:0:1 "GET /plan/division/tree2?ownId=0&projectId=2543997172191232 HTTP/1.1" 200 (56 ms)
[28/Sep/2022:09:36:11 +0800] 0:0:0:0:0:0:0:1 "GET /plan/division/machine/tree?ownId=2543997172191232&divisionId=2543997172191232&rootId=2543997172191232 HTTP/1.1" 200 (20 ms)
[28/Sep/2022:09:36:15 +0800] 0:0:0:0:0:0:0:1 "GET /plan/division/machine/tree?ownId=6046563126349824&divisionId=6046563126349824&rootId=6046563126349824 HTTP/1.1" 200 (20 ms)
[28/Sep/2022:09:37:47 +0800] 0:0:0:0:0:0:0:1 "GET /project/tree?rootId=0 HTTP/1.1" 200 (42 ms)
[28/Sep/2022:09:37:47 +0800] 0:0:0:0:0:0:0:1 "GET /plan/division/tree2?ownId=0&projectId=2543997172191232 HTTP/1.1" 200 (40 ms)
[28/Sep/2022:09:37:47 +0800] 0:0:0:0:0:0:0:1 "GET /plan/division/machine/tree?ownId=2543997172191232&divisionId=2543997172191232&rootId=2543997172191232 HTTP/1.1" 200 (18 ms)
[28/Sep/2022:09:37:54 +0800] 0:0:0:0:0:0:0:1 "GET /project/tree?rootId=0 HTTP/1.1" 200 (24 ms)
[28/Sep/2022:09:37:54 +0800] 0:0:0:0:0:0:0:1 "GET /plan/division/tree2?ownId=0&projectId=2543997172191232 HTTP/1.1" 200 (66 ms)
[28/Sep/2022:09:37:55 +0800] 0:0:0:0:0:0:0:1 "GET /plan/division/machine/tree?ownId=2543997172191232&divisionId=2543997172191232&rootId=2543997172191232 HTTP/1.1" 200 (21 ms)
[28/Sep/2022:09:37:56 +0800] 0:0:0:0:0:0:0:1 "GET /plan/division/machine/tree?ownId=6046563126349824&divisionId=6046563126349824&rootId=6046563126349824 HTTP/1.1" 200 (22 ms)
[28/Sep/2022:09:38:01 +0800] 0:0:0:0:0:0:0:1 "GET /dict/subpackage/fetch HTTP/1.1" 200 (12 ms)
[28/Sep/2022:09:39:58 +0800] 0:0:0:0:0:0:0:1 "GET /project/tree?rootId=0 HTTP/1.1" 200 (28 ms)
[28/Sep/2022:09:39:58 +0800] 0:0:0:0:0:0:0:1 "GET /plan/division/tree2?ownId=0&projectId=2543997172191232 HTTP/1.1" 200 (62 ms)
[28/Sep/2022:09:39:58 +0800] 0:0:0:0:0:0:0:1 "GET /plan/division/machine/tree?ownId=2543997172191232&divisionId=2543997172191232&rootId=2543997172191232 HTTP/1.1" 200 (19 ms)
[28/Sep/2022:09:40:01 +0800] 0:0:0:0:0:0:0:1 "GET /dict/subpackage/fetch HTTP/1.1" 200 (10 ms)
[28/Sep/2022:09:40:06 +0800] 0:0:0:0:0:0:0:1 "GET /plan/division/machine/tree?ownId=6046563126349824&divisionId=6046563126349824&rootId=6046563126349824 HTTP/1.1" 200 (16 ms)
[28/Sep/2022:09:40:11 +0800] 0:0:0:0:0:0:0:1 "OPTIONS /plan/division/machine/push HTTP/1.1" 200 (4 ms)
[28/Sep/2022:09:40:12 +0800] 0:0:0:0:0:0:0:1 "POST /plan/division/machine/push HTTP/1.1" 200 (648 ms)
[28/Sep/2022:09:40:17 +0800] 0:0:0:0:0:0:0:1 "POST /plan/division/machine/push HTTP/1.1" 200 (19 ms)
[28/Sep/2022:09:40:22 +0800] 0:0:0:0:0:0:0:1 "POST /plan/division/machine/push HTTP/1.1" 200 (133 ms)
[28/Sep/2022:09:40:26 +0800] 0:0:0:0:0:0:0:1 "POST /plan/division/machine/push HTTP/1.1" 200 (12 ms)
[28/Sep/2022:09:40:26 +0800] 0:0:0:0:0:0:0:1 "GET /dict/subpackage/fetch HTTP/1.1" 200 (13 ms)
[28/Sep/2022:09:40:29 +0800] 0:0:0:0:0:0:0:1 "POST /plan/division/machine/push HTTP/1.1" 200 (7 ms)
[28/Sep/2022:09:40:46 +0800] 0:0:0:0:0:0:0:1 "POST /plan/division/machine/push HTTP/1.1" 200 (313 ms)
[28/Sep/2022:09:40:47 +0800] 0:0:0:0:0:0:0:1 "POST /plan/division/machine/push HTTP/1.1" 200 (11 ms)
[28/Sep/2022:09:40:50 +0800] 0:0:0:0:0:0:0:1 "POST /plan/division/machine/push HTTP/1.1" 200 (12 ms)
[28/Sep/2022:09:40:53 +0800] 0:0:0:0:0:0:0:1 "GET /plan/division/machine/tree?ownId=6046563206041600&divisionId=6046563206041600&rootId=6046563206041600 HTTP/1.1" 200 (17 ms)
[28/Sep/2022:09:40:54 +0800] 0:0:0:0:0:0:0:1 "GET /plan/division/machine/tree?ownId=6046563126349824&divisionId=6046563126349824&rootId=6046563126349824 HTTP/1.1" 200 (16 ms)
[28/Sep/2022:09:43:46 +0800] 0:0:0:0:0:0:0:1 "GET /project/tree?rootId=0 HTTP/1.1" 200 (32 ms)
[28/Sep/2022:09:43:46 +0800] 0:0:0:0:0:0:0:1 "GET /plan/division/tree2?ownId=0&projectId=2543997172191232 HTTP/1.1" 200 (68 ms)
[28/Sep/2022:09:43:46 +0800] 0:0:0:0:0:0:0:1 "GET /plan/division/machine/tree?ownId=2543997172191232&divisionId=2543997172191232&rootId=2543997172191232 HTTP/1.1" 200 (20 ms)
[28/Sep/2022:09:43:48 +0800] 0:0:0:0:0:0:0:1 "GET /plan/division/machine/tree?ownId=6046563126349824&divisionId=6046563126349824&rootId=6046563126349824 HTTP/1.1" 200 (22 ms)
[28/Sep/2022:09:43:50 +0800] 0:0:0:0:0:0:0:1 "GET /dict/subpackage/fetch HTTP/1.1" 200 (10 ms)
[28/Sep/2022:09:43:52 +0800] 0:0:0:0:0:0:0:1 "POST /plan/division/machine/push HTTP/1.1" 200 (347 ms)
[28/Sep/2022:09:49:36 +0800] 0:0:0:0:0:0:0:1 "GET /plan/division/machine/tree?ownId=6046563206041600&divisionId=6046563206041600&rootId=6046563206041600 HTTP/1.1" 200 (22 ms)
[28/Sep/2022:09:49:38 +0800] 0:0:0:0:0:0:0:1 "GET /plan/division/machine/tree?ownId=6046563126349824&divisionId=6046563126349824&rootId=6046563126349824 HTTP/1.1" 200 (16 ms)
[28/Sep/2022:09:49:46 +0800] 0:0:0:0:0:0:0:1 "GET /plan/division/machine/tree?ownId=6046563206041600&divisionId=6046563206041600&rootId=6046563206041600 HTTP/1.1" 200 (22 ms)
[28/Sep/2022:09:49:48 +0800] 0:0:0:0:0:0:0:1 "GET /plan/division/machine/tree?ownId=6046563126349824&divisionId=6046563126349824&rootId=6046563126349824 HTTP/1.1" 200 (19 ms)
[28/Sep/2022:09:57:02 +0800] 0:0:0:0:0:0:0:1 "GET /plan/division/tree2?ownId=0&projectId=2543997172191232 HTTP/1.1" 200 (868 ms)
[28/Sep/2022:09:57:02 +0800] 0:0:0:0:0:0:0:1 "GET /plan/division/machine/tree?ownId=2543997172191232&divisionId=2543997172191232&rootId=2543997172191232 HTTP/1.1" 200 (33 ms)
[28/Sep/2022:09:57:07 +0800] 0:0:0:0:0:0:0:1 "GET /project/tree?rootId=0 HTTP/1.1" 200 (52 ms)
[28/Sep/2022:09:57:07 +0800] 0:0:0:0:0:0:0:1 "GET /plan/division/tree2?ownId=0&projectId=2543997172191232 HTTP/1.1" 200 (95 ms)
[28/Sep/2022:09:57:07 +0800] 0:0:0:0:0:0:0:1 "GET /plan/division/machine/tree?ownId=2543997172191232&divisionId=2543997172191232&rootId=2543997172191232 HTTP/1.1" 200 (27 ms)
[28/Sep/2022:09:57:16 +0800] 0:0:0:0:0:0:0:1 "GET /plan/division/machine/tree?ownId=6046563126349824&divisionId=6046563126349824&rootId=6046563126349824 HTTP/1.1" 200 (30 ms)
[28/Sep/2022:09:57:18 +0800] 0:0:0:0:0:0:0:1 "GET /plan/division/machine/tree?ownId=6046563206041600&divisionId=6046563206041600&rootId=6046563206041600 HTTP/1.1" 200 (17 ms)
[28/Sep/2022:09:58:08 +0800] 0:0:0:0:0:0:0:1 "GET /plan/division/machine/tree?ownId=6046563268956160&divisionId=6046563268956160&rootId=6046563268956160 HTTP/1.1" 200 (3774 ms)
[28/Sep/2022:10:06:49 +0800] 0:0:0:0:0:0:0:1 "GET /plan/division/machine/tree?ownId=6046563352842240&divisionId=6046563352842240&rootId=6046563352842240 HTTP/1.1" 200 (842 ms)
[28/Sep/2022:10:06:49 +0800] 0:0:0:0:0:0:0:1 "GET /plan/division/machine/tree?ownId=6046563268956160&divisionId=6046563268956160&rootId=6046563268956160 HTTP/1.1" 200 (22 ms)
[28/Sep/2022:10:06:50 +0800] 0:0:0:0:0:0:0:1 "GET /plan/division/machine/tree?ownId=6046563206041600&divisionId=6046563206041600&rootId=6046563206041600 HTTP/1.1" 200 (16 ms)
[28/Sep/2022:10:06:51 +0800] 0:0:0:0:0:0:0:1 "GET /plan/division/machine/tree?ownId=6046563126349824&divisionId=6046563126349824&rootId=6046563126349824 HTTP/1.1" 200 (35 ms)
[28/Sep/2022:10:12:38 +0800] 0:0:0:0:0:0:0:1 "GET /plan/division/tree2?ownId=0&projectId=2543997172191232 HTTP/1.1" 200 (70 ms)
[28/Sep/2022:10:12:39 +0800] 0:0:0:0:0:0:0:1 "GET /plan/division/machine/tree3?ownId=2543997172191232&divisionId=2543997172191232&rootId=2543997172191232 HTTP/1.1" 404 (41 ms)
[28/Sep/2022:10:14:00 +0800] 0:0:0:0:0:0:0:1 "GET /plan/division/machine/tree3?ownId=6046563126349824&divisionId=6046563126349824&rootId=6046563126349824 HTTP/1.1" 404 (135 ms)
[28/Sep/2022:10:14:02 +0800] 0:0:0:0:0:0:0:1 "GET /plan/division/machine/tree3?ownId=6046563206041600&divisionId=6046563206041600&rootId=6046563206041600 HTTP/1.1" 404 (8 ms)
[28/Sep/2022:10:14:21 +0800] 0:0:0:0:0:0:0:1 "GET /project/tree?rootId=0 HTTP/1.1" 200 (995 ms)
[28/Sep/2022:10:14:21 +0800] 0:0:0:0:0:0:0:1 "GET /plan/division/tree2?ownId=0&projectId=2543997172191232 HTTP/1.1" 200 (71 ms)
[28/Sep/2022:10:14:22 +0800] 0:0:0:0:0:0:0:1 "GET /plan/division/machine/tree3?ownId=2543997172191232&divisionId=2543997172191232&rootId=2543997172191232 HTTP/1.1" 404 (8 ms)
[28/Sep/2022:10:14:57 +0800] 0:0:0:0:0:0:0:1 "GET /plan/division/tree2?ownId=0&projectId=2543997172191232 HTTP/1.1" 200 (56 ms)
[28/Sep/2022:10:15:07 +0800] 0:0:0:0:0:0:0:1 "GET /plan/division/machine/tree?ownId=2543997172191232&divisionId=2543997172191232&rootId=2543997172191232 HTTP/1.1" 200 (9953 ms)
[28/Sep/2022:10:43:02 +0800] 0:0:0:0:0:0:0:1 "GET /project/tree?rootId=0 HTTP/1.1" 200 (1092 ms)
[28/Sep/2022:10:43:02 +0800] 0:0:0:0:0:0:0:1 "GET /plan/division/tree2?ownId=0&projectId=2543997172191232 HTTP/1.1" 200 (69 ms)
[28/Sep/2022:10:43:03 +0800] 0:0:0:0:0:0:0:1 "GET /plan/division/machine/tree?ownId=2543997172191232&divisionId=2543997172191232&rootId=2543997172191232 HTTP/1.1" 200 (53 ms)
[28/Sep/2022:10:43:09 +0800] 0:0:0:0:0:0:0:1 "GET /plan/division/machine/tree?ownId=6046563126349824&divisionId=6046563126349824&rootId=6046563126349824 HTTP/1.1" 500 (55 ms)
[28/Sep/2022:10:43:14 +0800] 0:0:0:0:0:0:0:1 "GET /plan/division/machine/tree?ownId=6046563126349824&divisionId=6046563126349824&rootId=6046563126349824 HTTP/1.1" 500 (36 ms)
[28/Sep/2022:10:43:21 +0800] 0:0:0:0:0:0:0:1 "GET /plan/division/machine/tree?ownId=6046563126349824&divisionId=6046563126349824&rootId=6046563126349824 HTTP/1.1" 500 (53 ms)
[28/Sep/2022:10:43:21 +0800] 0:0:0:0:0:0:0:1 "GET /favicon.ico HTTP/1.1" 404 (21 ms)
[28/Sep/2022:10:47:16 +0800] 0:0:0:0:0:0:0:1 "GET /plan/division/machine/tree?ownId=6046563126349824&divisionId=6046563126349824&rootId=6046563126349824 HTTP/1.1" 200 (5913 ms)
[28/Sep/2022:10:47:23 +0800] 0:0:0:0:0:0:0:1 "GET /plan/division/machine/tree?ownId=6046563126349824&divisionId=6046563126349824&rootId=6046563126349824 HTTP/1.1" 200 (21 ms)
[28/Sep/2022:10:47:24 +0800] 0:0:0:0:0:0:0:1 "GET /plan/division/machine/tree?ownId=6046563126349824&divisionId=6046563126349824&rootId=6046563126349824 HTTP/1.1" 200 (20 ms)
[28/Sep/2022:10:48:53 +0800] 0:0:0:0:0:0:0:1 "GET /plan/division/machine/tree?ownId=6046563126349824&divisionId=6046563126349824&rootId=6046563126349824 HTTP/1.1" 200 (900 ms)
[28/Sep/2022:10:49:31 +0800] 0:0:0:0:0:0:0:1 "GET /plan/division/machine/tree?ownId=6046563126349824&divisionId=6046563126349824&rootId=6046563126349824 HTTP/1.1" 200 (888 ms)
[28/Sep/2022:10:50:57 +0800] 0:0:0:0:0:0:0:1 "GET /plan/division/machine/tree?ownId=6046563126349824&divisionId=6046563126349824&rootId=6046563126349824 HTTP/1.1" 200 (885 ms)
[28/Sep/2022:10:53:09 +0800] 0:0:0:0:0:0:0:1 "GET /plan/division/machine/tree?ownId=6046563126349824&divisionId=6046563126349824&rootId=6046563126349824 HTTP/1.1" 200 (899 ms)
[28/Sep/2022:11:04:23 +0800] 0:0:0:0:0:0:0:1 "GET /plan/division/machine/tree?ownId=6046563126349824&divisionId=6046563126349824&rootId=6046563126349824 HTTP/1.1" 200 (904 ms)
[28/Sep/2022:11:04:35 +0800] 0:0:0:0:0:0:0:1 "GET /project/tree?rootId=0 HTTP/1.1" 200 (89 ms)
[28/Sep/2022:11:04:35 +0800] 0:0:0:0:0:0:0:1 "GET /plan/division/tree2?ownId=0&projectId=2543997172191232 HTTP/1.1" 200 (98 ms)
[28/Sep/2022:11:04:36 +0800] 0:0:0:0:0:0:0:1 "GET /plan/division/machine/tree?ownId=2543997172191232&divisionId=2543997172191232&rootId=2543997172191232 HTTP/1.1" 200 (25 ms)
[28/Sep/2022:11:04:38 +0800] 0:0:0:0:0:0:0:1 "GET /plan/division/machine/tree?ownId=6046563126349824&divisionId=6046563126349824&rootId=6046563126349824 HTTP/1.1" 200 (35 ms)
[28/Sep/2022:11:04:46 +0800] 0:0:0:0:0:0:0:1 "GET /plan/division/machine/tree?ownId=6046563206041600&divisionId=6046563206041600&rootId=6046563206041600 HTTP/1.1" 200 (26 ms)
[28/Sep/2022:11:04:48 +0800] 0:0:0:0:0:0:0:1 "OPTIONS /plan/division/machine/push HTTP/1.1" 200 (4 ms)
[28/Sep/2022:11:04:48 +0800] 0:0:0:0:0:0:0:1 "POST /plan/division/machine/push HTTP/1.1" 200 (393 ms)
[28/Sep/2022:11:04:55 +0800] 0:0:0:0:0:0:0:1 "POST /plan/division/machine/push HTTP/1.1" 200 (20 ms)
[28/Sep/2022:11:04:56 +0800] 0:0:0:0:0:0:0:1 "POST /plan/division/machine/push HTTP/1.1" 200 (21 ms)
[28/Sep/2022:11:05:00 +0800] 0:0:0:0:0:0:0:1 "POST /plan/division/machine/push HTTP/1.1" 200 (19 ms)
[28/Sep/2022:11:05:00 +0800] 0:0:0:0:0:0:0:1 "GET /dict/subpackage/fetch HTTP/1.1" 200 (14 ms)
[28/Sep/2022:11:05:02 +0800] 0:0:0:0:0:0:0:1 "POST /plan/division/machine/push HTTP/1.1" 200 (14 ms)
[28/Sep/2022:11:05:04 +0800] 0:0:0:0:0:0:0:1 "GET /plan/division/machine/tree?ownId=6046563268956160&divisionId=6046563268956160&rootId=6046563268956160 HTTP/1.1" 200 (19 ms)
[28/Sep/2022:11:05:05 +0800] 0:0:0:0:0:0:0:1 "GET /plan/division/machine/tree?ownId=6046563206041600&divisionId=6046563206041600&rootId=6046563206041600 HTTP/1.1" 200 (21 ms)
[28/Sep/2022:11:05:20 +0800] 0:0:0:0:0:0:0:1 "POST /plan/division/machine/push HTTP/1.1" 200 (323 ms)
[28/Sep/2022:11:05:21 +0800] 0:0:0:0:0:0:0:1 "POST /plan/division/machine/push HTTP/1.1" 200 (13 ms)
[28/Sep/2022:11:05:23 +0800] 0:0:0:0:0:0:0:1 "POST /plan/division/machine/push HTTP/1.1" 200 (118 ms)
[28/Sep/2022:11:05:38 +0800] 0:0:0:0:0:0:0:1 "GET /dict/subpackage/fetch?rootId=0 HTTP/1.1" 200 (18 ms)
[28/Sep/2022:11:05:38 +0800] 0:0:0:0:0:0:0:1 "GET /project/fetch?subPackageId=4973770171355136 HTTP/1.1" 200 (39 ms)
[28/Sep/2022:11:05:38 +0800] 0:0:0:0:0:0:0:1 "GET /report/subpackage/tree2?subPackageId=4973770171355136&projectId=2543997172191232 HTTP/1.1" 500 (146 ms)
[28/Sep/2022:11:05:48 +0800] 0:0:0:0:0:0:0:1 "GET /dict/subpackage/fetch?rootId=0 HTTP/1.1" 200 (16 ms)
[28/Sep/2022:11:05:48 +0800] 0:0:0:0:0:0:0:1 "GET /project/fetch?subPackageId=4973770171355136 HTTP/1.1" 200 (35 ms)
[28/Sep/2022:11:05:49 +0800] 0:0:0:0:0:0:0:1 "GET /report/subpackage/tree2?subPackageId=4973770171355136&projectId=2543997172191232 HTTP/1.1" 500 (128 ms)
[28/Sep/2022:11:06:00 +0800] 0:0:0:0:0:0:0:1 "GET /report/subpackage/tree2?subPackageId=4973770171355136&projectId=2543997172191232 HTTP/1.1" 500 (110 ms)
[28/Sep/2022:11:09:37 +0800] 0:0:0:0:0:0:0:1 "GET /report/subpackage/tree2?subPackageId=4973770171355136&projectId=2543997172191232 HTTP/1.1" 200 (985 ms)
[28/Sep/2022:11:09:46 +0800] 0:0:0:0:0:0:0:1 "GET /dict/subpackage/fetch?rootId=0 HTTP/1.1" 200 (32 ms)
[28/Sep/2022:11:09:46 +0800] 0:0:0:0:0:0:0:1 "GET /project/fetch?subPackageId=4973770171355136 HTTP/1.1" 200 (57 ms)
[28/Sep/2022:11:09:46 +0800] 0:0:0:0:0:0:0:1 "GET /report/subpackage/tree2?subPackageId=4973770171355136&projectId=2543997172191232 HTTP/1.1" 200 (159 ms)
[28/Sep/2022:11:10:13 +0800] 0:0:0:0:0:0:0:1 "GET /project/tree?rootId=0 HTTP/1.1" 200 (62 ms)
[28/Sep/2022:11:10:13 +0800] 0:0:0:0:0:0:0:1 "GET /plan/division/tree2?ownId=0&projectId=2543997172191232 HTTP/1.1" 200 (46 ms)
[28/Sep/2022:11:10:14 +0800] 0:0:0:0:0:0:0:1 "GET /plan/division/machine/tree?ownId=2543997172191232&divisionId=2543997172191232&rootId=2543997172191232 HTTP/1.1" 200 (31 ms)
[28/Sep/2022:11:10:15 +0800] 0:0:0:0:0:0:0:1 "GET /plan/division/machine/tree?ownId=6046563126349824&divisionId=6046563126349824&rootId=6046563126349824 HTTP/1.1" 200 (30 ms)
[28/Sep/2022:11:10:17 +0800] 0:0:0:0:0:0:0:1 "GET /plan/division/machine/tree?ownId=6046563206041600&divisionId=6046563206041600&rootId=6046563206041600 HTTP/1.1" 200 (22 ms)
[28/Sep/2022:11:10:23 +0800] 0:0:0:0:0:0:0:1 "GET /plan/division/machine/tree?ownId=6046563268956160&divisionId=6046563268956160&rootId=6046563268956160 HTTP/1.1" 200 (23 ms)
[28/Sep/2022:11:10:27 +0800] 0:0:0:0:0:0:0:1 "POST /plan/division/machine/push HTTP/1.1" 200 (387 ms)
[28/Sep/2022:11:10:32 +0800] 0:0:0:0:0:0:0:1 "POST /plan/division/machine/push HTTP/1.1" 200 (19 ms)
[28/Sep/2022:11:10:33 +0800] 0:0:0:0:0:0:0:1 "POST /plan/division/machine/push HTTP/1.1" 200 (124 ms)
[28/Sep/2022:11:10:44 +0800] 0:0:0:0:0:0:0:1 "POST /plan/division/machine/push HTTP/1.1" 200 (117 ms)
[28/Sep/2022:11:10:45 +0800] 0:0:0:0:0:0:0:1 "GET /dict/subpackage/fetch HTTP/1.1" 200 (10 ms)
[28/Sep/2022:11:10:47 +0800] 0:0:0:0:0:0:0:1 "POST /plan/division/machine/push HTTP/1.1" 200 (14 ms)
[28/Sep/2022:11:10:53 +0800] 0:0:0:0:0:0:0:1 "GET /plan/division/machine/tree?ownId=6046563206041600&divisionId=6046563206041600&rootId=6046563206041600 HTTP/1.1" 200 (51 ms)
[28/Sep/2022:11:10:55 +0800] 0:0:0:0:0:0:0:1 "GET /plan/division/machine/tree?ownId=6046563268956160&divisionId=6046563268956160&rootId=6046563268956160 HTTP/1.1" 200 (25 ms)
[28/Sep/2022:11:10:56 +0800] 0:0:0:0:0:0:0:1 "GET /plan/division/machine/tree?ownId=6046563206041600&divisionId=6046563206041600&rootId=6046563206041600 HTTP/1.1" 200 (23 ms)
[28/Sep/2022:11:10:59 +0800] 0:0:0:0:0:0:0:1 "POST /plan/division/machine/push HTTP/1.1" 200 (306 ms)
[28/Sep/2022:11:11:03 +0800] 0:0:0:0:0:0:0:1 "POST /plan/division/machine/push HTTP/1.1" 200 (15 ms)
[28/Sep/2022:11:11:04 +0800] 0:0:0:0:0:0:0:1 "POST /plan/division/machine/push HTTP/1.1" 200 (12 ms)
[28/Sep/2022:11:11:08 +0800] 0:0:0:0:0:0:0:1 "POST /plan/division/machine/push HTTP/1.1" 200 (12 ms)
[28/Sep/2022:11:11:09 +0800] 0:0:0:0:0:0:0:1 "GET /dict/subpackage/fetch HTTP/1.1" 200 (11 ms)
[28/Sep/2022:11:11:12 +0800] 0:0:0:0:0:0:0:1 "POST /plan/division/machine/push HTTP/1.1" 200 (18 ms)
[28/Sep/2022:11:11:16 +0800] 0:0:0:0:0:0:0:1 "GET /plan/division/machine/tree?ownId=6046563352842240&divisionId=6046563352842240&rootId=6046563352842240 HTTP/1.1" 200 (21 ms)
[28/Sep/2022:11:11:18 +0800] 0:0:0:0:0:0:0:1 "GET /plan/division/machine/tree?ownId=6046563268956160&divisionId=6046563268956160&rootId=6046563268956160 HTTP/1.1" 200 (23 ms)
[28/Sep/2022:11:11:18 +0800] 0:0:0:0:0:0:0:1 "GET /plan/division/machine/tree?ownId=6046563206041600&divisionId=6046563206041600&rootId=6046563206041600 HTTP/1.1" 200 (22 ms)
[28/Sep/2022:11:11:36 +0800] 0:0:0:0:0:0:0:1 "POST /plan/division/machine/push HTTP/1.1" 200 (338 ms)
[28/Sep/2022:11:11:38 +0800] 0:0:0:0:0:0:0:1 "POST /plan/division/machine/push HTTP/1.1" 200 (9 ms)
[28/Sep/2022:11:11:41 +0800] 0:0:0:0:0:0:0:1 "POST /plan/division/machine/push HTTP/1.1" 200 (11 ms)
[28/Sep/2022:11:11:44 +0800] 0:0:0:0:0:0:0:1 "GET /plan/division/tree2?ownId=0&projectId=3 HTTP/1.1" 200 (39 ms)
[28/Sep/2022:11:11:44 +0800] 0:0:0:0:0:0:0:1 "GET /plan/division/machine/tree?ownId=3&divisionId=3&rootId=3 HTTP/1.1" 200 (25 ms)
[28/Sep/2022:11:11:44 +0800] 0:0:0:0:0:0:0:1 "GET /plan/division/machine/tree?ownId=13&divisionId=13&rootId=13 HTTP/1.1" 200 (27 ms)
[28/Sep/2022:11:11:44 +0800] 0:0:0:0:0:0:0:1 "GET /plan/division/tree2?ownId=0&projectId=2543997172191232 HTTP/1.1" 200 (35 ms)
[28/Sep/2022:11:11:45 +0800] 0:0:0:0:0:0:0:1 "GET /plan/division/machine/tree?ownId=2543997172191232&divisionId=2543997172191232&rootId=2543997172191232 HTTP/1.1" 200 (24 ms)
[28/Sep/2022:11:11:46 +0800] 0:0:0:0:0:0:0:1 "GET /project/tree?rootId=0 HTTP/1.1" 200 (24 ms)
[28/Sep/2022:11:11:46 +0800] 0:0:0:0:0:0:0:1 "GET /report/project/tree2?ownId=0&projectId=2543997172191232 HTTP/1.1" 200 (96 ms)
[28/Sep/2022:11:11:47 +0800] 0:0:0:0:0:0:0:1 "GET /dict/subpackage/fetch?rootId=0 HTTP/1.1" 200 (12 ms)
[28/Sep/2022:11:11:47 +0800] 0:0:0:0:0:0:0:1 "GET /project/fetch?subPackageId=4973770171355136 HTTP/1.1" 200 (21 ms)
[28/Sep/2022:11:11:47 +0800] 0:0:0:0:0:0:0:1 "GET /report/subpackage/tree2?subPackageId=4973770171355136&projectId=2543997172191232 HTTP/1.1" 200 (96 ms)
[28/Sep/2022:11:13:20 +0800] 0:0:0:0:0:0:0:1 "GET /report/subpackage/tree2?subPackageId=4973770171355136&projectId=2543997172191232 HTTP/1.1" 200 (86 ms)
[28/Sep/2022:11:17:51 +0800] 0:0:0:0:0:0:0:1 "GET /dict/subpackage/fetch?rootId=0 HTTP/1.1" 200 (20 ms)
[28/Sep/2022:11:17:51 +0800] 0:0:0:0:0:0:0:1 "GET /project/fetch?subPackageId=4973770171355136 HTTP/1.1" 200 (44 ms)
[28/Sep/2022:11:17:52 +0800] 0:0:0:0:0:0:0:1 "GET /report/subpackage/tree2?subPackageId=4973770171355136&projectId=2543997172191232 HTTP/1.1" 200 (109 ms)
[28/Sep/2022:11:18:16 +0800] 0:0:0:0:0:0:0:1 "GET /project/tree?rootId=0 HTTP/1.1" 200 (44 ms)
[28/Sep/2022:11:18:16 +0800] 0:0:0:0:0:0:0:1 "GET /actual/division/tree2?ownId=0&projectId=2543997172191232 HTTP/1.1" 200 (43 ms)
[28/Sep/2022:11:18:16 +0800] 0:0:0:0:0:0:0:1 "GET /actual/division/machine/tree?ownId=2543997172191232&divisionId=2543997172191232&rootId=2543997172191232 HTTP/1.1" 200 (21 ms)
[28/Sep/2022:11:18:18 +0800] 0:0:0:0:0:0:0:1 "GET /actual/division/machine/tree?ownId=6046563126349824&divisionId=6046563126349824&rootId=6046563126349824 HTTP/1.1" 200 (20 ms)
[28/Sep/2022:11:18:26 +0800] 0:0:0:0:0:0:0:1 "OPTIONS /actual/division/machine/push HTTP/1.1" 200 (4 ms)
[28/Sep/2022:11:18:27 +0800] 0:0:0:0:0:0:0:1 "POST /actual/division/machine/push HTTP/1.1" 200 (345 ms)
[28/Sep/2022:11:18:35 +0800] 0:0:0:0:0:0:0:1 "POST /actual/division/machine/push HTTP/1.1" 200 (12 ms)
[28/Sep/2022:11:18:37 +0800] 0:0:0:0:0:0:0:1 "POST /actual/division/machine/push HTTP/1.1" 200 (108 ms)
[28/Sep/2022:11:18:40 +0800] 0:0:0:0:0:0:0:1 "POST /actual/division/machine/push HTTP/1.1" 200 (11 ms)
[28/Sep/2022:11:18:41 +0800] 0:0:0:0:0:0:0:1 "GET /dict/subpackage/fetch HTTP/1.1" 200 (12 ms)
[28/Sep/2022:11:18:43 +0800] 0:0:0:0:0:0:0:1 "POST /actual/division/machine/push HTTP/1.1" 200 (114 ms)
[28/Sep/2022:11:19:20 +0800] 0:0:0:0:0:0:0:1 "POST /actual/division/machine/push HTTP/1.1" 200 (339 ms)
[28/Sep/2022:11:19:22 +0800] 0:0:0:0:0:0:0:1 "POST /actual/division/machine/push HTTP/1.1" 200 (11 ms)
[28/Sep/2022:11:19:24 +0800] 0:0:0:0:0:0:0:1 "POST /actual/division/machine/push HTTP/1.1" 200 (28 ms)
[28/Sep/2022:11:19:28 +0800] 0:0:0:0:0:0:0:1 "GET /actual/division/machine/tree?ownId=6046563206041600&divisionId=6046563206041600&rootId=6046563206041600 HTTP/1.1" 200 (27 ms)
[28/Sep/2022:11:19:29 +0800] 0:0:0:0:0:0:0:1 "GET /actual/division/machine/tree?ownId=6046563126349824&divisionId=6046563126349824&rootId=6046563126349824 HTTP/1.1" 200 (17 ms)
[28/Sep/2022:11:19:33 +0800] 0:0:0:0:0:0:0:1 "GET /dict/subpackage/fetch?rootId=0 HTTP/1.1" 200 (10 ms)
[28/Sep/2022:11:19:33 +0800] 0:0:0:0:0:0:0:1 "GET /project/fetch?subPackageId=4973770171355136 HTTP/1.1" 200 (21 ms)
[28/Sep/2022:11:19:33 +0800] 0:0:0:0:0:0:0:1 "GET /report/subpackage/tree2?subPackageId=4973770171355136&projectId=2543997172191232 HTTP/1.1" 200 (83 ms)
[28/Sep/2022:11:19:55 +0800] 0:0:0:0:0:0:0:1 "GET /project/tree?rootId=0 HTTP/1.1" 200 (19 ms)
[28/Sep/2022:11:19:55 +0800] 0:0:0:0:0:0:0:1 "GET /actual/division/tree2?ownId=0&projectId=2543997172191232 HTTP/1.1" 200 (35 ms)
[28/Sep/2022:11:19:55 +0800] 0:0:0:0:0:0:0:1 "GET /actual/division/machine/tree?ownId=2543997172191232&divisionId=2543997172191232&rootId=2543997172191232 HTTP/1.1" 200 (21 ms)
[28/Sep/2022:11:20:06 +0800] 0:0:0:0:0:0:0:1 "GET /actual/division/machine/tree?ownId=6046563126349824&divisionId=6046563126349824&rootId=6046563126349824 HTTP/1.1" 200 (21 ms)
[28/Sep/2022:11:20:57 +0800] 0:0:0:0:0:0:0:1 "GET /report/subpackage/tree2?subPackageId=4973770171355136&projectId=2543997172191232 HTTP/1.1" 200 (73 ms)
[28/Sep/2022:11:24:18 +0800] 0:0:0:0:0:0:0:1 "GET /project/tree?rootId=0 HTTP/1.1" 200 (31 ms)
[28/Sep/2022:11:24:18 +0800] 0:0:0:0:0:0:0:1 "GET /actual/division/tree2?ownId=0&projectId=2543997172191232 HTTP/1.1" 200 (73 ms)
[28/Sep/2022:11:24:18 +0800] 0:0:0:0:0:0:0:1 "GET /actual/division/machine/tree?ownId=2543997172191232&divisionId=2543997172191232&rootId=2543997172191232 HTTP/1.1" 200 (20 ms)
[28/Sep/2022:11:24:27 +0800] 0:0:0:0:0:0:0:1 "GET /dict/subpackage/fetch?rootId=0 HTTP/1.1" 200 (10 ms)
[28/Sep/2022:11:24:27 +0800] 0:0:0:0:0:0:0:1 "GET /project/fetch?subPackageId=4973770171355136 HTTP/1.1" 200 (20 ms)
[28/Sep/2022:11:24:27 +0800] 0:0:0:0:0:0:0:1 "GET /report/subpackage/tree2?subPackageId=4973770171355136&projectId=2543997172191232 HTTP/1.1" 200 (78 ms)
[28/Sep/2022:11:37:41 +0800] 0:0:0:0:0:0:0:1 "GET /dict/subpackage/fetch?rootId=0 HTTP/1.1" 200 (25 ms)
[28/Sep/2022:11:37:41 +0800] 0:0:0:0:0:0:0:1 "GET /project/fetch?subPackageId=4973770171355136 HTTP/1.1" 200 (54 ms)
[28/Sep/2022:11:37:41 +0800] 0:0:0:0:0:0:0:1 "GET /report/subpackage/tree2?subPackageId=4973770171355136&projectId=2543997172191232 HTTP/1.1" 200 (113 ms)
[28/Sep/2022:11:38:24 +0800] 0:0:0:0:0:0:0:1 "GET /dict/subpackage/fetch?rootId=0 HTTP/1.1" 200 (976 ms)
[28/Sep/2022:11:38:24 +0800] 0:0:0:0:0:0:0:1 "GET /project/fetch?subPackageId=4973770171355136 HTTP/1.1" 200 (38 ms)
[28/Sep/2022:11:38:24 +0800] 0:0:0:0:0:0:0:1 "GET /report/subpackage/tree2?subPackageId=4973770171355136&projectId=2543997172191232 HTTP/1.1" 200 (127 ms)
[28/Sep/2022:11:39:00 +0800] 0:0:0:0:0:0:0:1 "GET /dict/subpackage/fetch?rootId=0 HTTP/1.1" 200 (18 ms)
[28/Sep/2022:11:39:47 +0800] 0:0:0:0:0:0:0:1 "GET /dict/subpackage/fetch?rootId=0 HTTP/1.1" 200 (17 ms)
[28/Sep/2022:11:39:59 +0800] 0:0:0:0:0:0:0:1 "GET /dict/subpackage/fetch?rootId=0 HTTP/1.1" 200 (15 ms)
[28/Sep/2022:11:41:45 +0800] 0:0:0:0:0:0:0:1 "GET /dict/subpackage/fetch?rootId=0 HTTP/1.1" 200 (29 ms)
[28/Sep/2022:11:41:45 +0800] 0:0:0:0:0:0:0:1 "GET /budget/division/machine/tree?ownId=4973770171355136&selectId=4973770171355136&rootId=4973770171355136 HTTP/1.1" 200 (47 ms)
[28/Sep/2022:11:41:52 +0800] 0:0:0:0:0:0:0:1 "GET /budget/division/machine/tree?ownId=4973770171355136&selectId=4973770171355136&rootId=4973770171355136 HTTP/1.1" 200 (22 ms)
[28/Sep/2022:11:42:03 +0800] 0:0:0:0:0:0:0:1 "GET /budget/division/machine/tree?ownId=4973770171355136&selectId=4973770171355136&rootId=4973770171355136 HTTP/1.1" 200 (21 ms)
[28/Sep/2022:11:50:59 +0800] 0:0:0:0:0:0:0:1 "GET /budget/division/machine/tree?ownId=4971518618636288&selectId=4971518618636288&rootId=4971518618636288 HTTP/1.1" 200 (29 ms)
[28/Sep/2022:11:50:59 +0800] 0:0:0:0:0:0:0:1 "GET /budget/division/machine/tree?ownId=4971518618636288&selectId=4971518618636288&rootId=4971518618636288 HTTP/1.1" 200 (19 ms)
[28/Sep/2022:11:51:00 +0800] 0:0:0:0:0:0:0:1 "GET /budget/division/machine/tree?ownId=4973770171355136&selectId=4973770171355136&rootId=4973770171355136 HTTP/1.1" 200 (19 ms)
[28/Sep/2022:11:51:01 +0800] 0:0:0:0:0:0:0:1 "GET /budget/division/machine/tree?ownId=4971518618636288&selectId=4971518618636288&rootId=4971518618636288 HTTP/1.1" 200 (15 ms)
[28/Sep/2022:11:51:02 +0800] 0:0:0:0:0:0:0:1 "GET /budget/division/machine/tree?ownId=4971518618636288&selectId=4971518618636288&rootId=4971518618636288 HTTP/1.1" 200 (16 ms)
[28/Sep/2022:11:51:02 +0800] 0:0:0:0:0:0:0:1 "GET /budget/division/machine/tree?ownId=4973770171355136&selectId=4973770171355136&rootId=4973770171355136 HTTP/1.1" 200 (17 ms)
[28/Sep/2022:11:51:03 +0800] 0:0:0:0:0:0:0:1 "GET /budget/division/machine/tree?ownId=4973770171355136&selectId=4973770171355136&rootId=4973770171355136 HTTP/1.1" 200 (16 ms)
[28/Sep/2022:11:51:03 +0800] 0:0:0:0:0:0:0:1 "GET /budget/division/machine/tree?ownId=4971518618636288&selectId=4971518618636288&rootId=4971518618636288 HTTP/1.1" 200 (16 ms)
[28/Sep/2022:12:58:54 +0800] 0:0:0:0:0:0:0:1 "GET /project/fetch?ownId=0 HTTP/1.1" 200 (1030 ms)
[28/Sep/2022:12:59:03 +0800] 0:0:0:0:0:0:0:1 "GET /dict/subpackage/fetch?rootId=0 HTTP/1.1" 200 (30 ms)
[28/Sep/2022:12:59:03 +0800] 0:0:0:0:0:0:0:1 "GET /project/fetch?subPackageId=4973770171355136 HTTP/1.1" 200 (39 ms)
[28/Sep/2022:12:59:03 +0800] 0:0:0:0:0:0:0:1 "GET /report/subpackage/tree2?subPackageId=4973770171355136&projectId=2543997172191232 HTTP/1.1" 200 (152 ms)
[28/Sep/2022:12:59:15 +0800] 0:0:0:0:0:0:0:1 "GET /dict/subpackage/fetch?rootId=0 HTTP/1.1" 200 (13 ms)
[28/Sep/2022:12:59:15 +0800] 0:0:0:0:0:0:0:1 "GET /budget/division/machine/tree?ownId=4973770171355136&selectId=4973770171355136&rootId=4973770171355136 HTTP/1.1" 200 (27 ms)
[28/Sep/2022:12:59:23 +0800] 0:0:0:0:0:0:0:1 "GET /budget/division/machine/tree?ownId=4973770171355136&selectId=4973770171355136&rootId=4973770171355136 HTTP/1.1" 200 (23 ms)
[28/Sep/2022:13:01:41 +0800] 0:0:0:0:0:0:0:1 "GET /dict/subpackage/fetch?rootId=0 HTTP/1.1" 200 (141 ms)
[28/Sep/2022:13:01:41 +0800] 0:0:0:0:0:0:0:1 "GET /project/fetch?ownId=4973770171355136&selectId=4973770171355136&rootId=4973770171355136 HTTP/1.1" 200 (62 ms)
[28/Sep/2022:13:03:04 +0800] 0:0:0:0:0:0:0:1 "GET /dict/subpackage/fetch?rootId=0 HTTP/1.1" 200 (44 ms)
[28/Sep/2022:13:03:04 +0800] 0:0:0:0:0:0:0:1 "GET /project/fetch?subPackageId=4973770171355136 HTTP/1.1" 200 (64 ms)
[28/Sep/2022:13:03:04 +0800] 0:0:0:0:0:0:0:1 "GET /report/subpackage/tree2?subPackageId=4973770171355136&projectId=2543997172191232 HTTP/1.1" 200 (130 ms)
[28/Sep/2022:13:04:48 +0800] 0:0:0:0:0:0:0:1 "GET /project/fetch?subPackageId=4971518618636288 HTTP/1.1" 200 (39 ms)
[28/Sep/2022:13:04:49 +0800] 0:0:0:0:0:0:0:1 "GET /report/subpackage/tree2?subPackageId=4971518618636288&projectId=2543997172191232 HTTP/1.1" 200 (93 ms)
[28/Sep/2022:13:04:54 +0800] 0:0:0:0:0:0:0:1 "GET /project/fetch?subPackageId=4973770171355136 HTTP/1.1" 200 (41 ms)
[28/Sep/2022:13:04:54 +0800] 0:0:0:0:0:0:0:1 "GET /report/subpackage/tree2?subPackageId=4973770171355136&projectId=2543997172191232 HTTP/1.1" 200 (135 ms)
[28/Sep/2022:13:05:12 +0800] 0:0:0:0:0:0:0:1 "GET /project/fetch?subPackageId=4971518618636288 HTTP/1.1" 200 (27 ms)
[28/Sep/2022:13:05:12 +0800] 0:0:0:0:0:0:0:1 "GET /report/subpackage/tree2?subPackageId=4971518618636288&projectId=2543997172191232 HTTP/1.1" 200 (77 ms)
[28/Sep/2022:13:05:16 +0800] 0:0:0:0:0:0:0:1 "GET /project/fetch?subPackageId=4973770171355136 HTTP/1.1" 200 (39 ms)
[28/Sep/2022:13:05:16 +0800] 0:0:0:0:0:0:0:1 "GET /report/subpackage/tree2?subPackageId=4973770171355136&projectId=2543997172191232 HTTP/1.1" 200 (114 ms)
[28/Sep/2022:13:05:20 +0800] 0:0:0:0:0:0:0:1 "GET /project/fetch?subPackageId=4971518618636288 HTTP/1.1" 200 (31 ms)
[28/Sep/2022:13:05:20 +0800] 0:0:0:0:0:0:0:1 "GET /report/subpackage/tree2?subPackageId=4971518618636288&projectId=2543997172191232 HTTP/1.1" 200 (84 ms)
[28/Sep/2022:13:05:36 +0800] 0:0:0:0:0:0:0:1 "GET /report/subpackage/tree2?subPackageId=4971518618636288&projectId=2543997172191232 HTTP/1.1" 200 (100 ms)
[28/Sep/2022:13:05:46 +0800] 0:0:0:0:0:0:0:1 "GET /report/subpackage/tree2?subPackageId=4971518618636288&projectId=25439971721912356 HTTP/1.1" 500 (57 ms)
[28/Sep/2022:13:06:00 +0800] 0:0:0:0:0:0:0:1 "GET /project/fetch?subPackageId=4972435459936256 HTTP/1.1" 200 (28 ms)
[28/Sep/2022:13:06:00 +0800] 0:0:0:0:0:0:0:1 "GET /report/subpackage/tree2?subPackageId=4972435459936256&projectId=2543997172191232 HTTP/1.1" 200 (78 ms)
[28/Sep/2022:13:06:21 +0800] 0:0:0:0:0:0:0:1 "GET /report/subpackage/tree2?subPackageId=49715186186&projectId=2543997172191232 HTTP/1.1" 200 (85 ms)
[28/Sep/2022:13:06:36 +0800] 0:0:0:0:0:0:0:1 "GET /report/subpackage/tree2?subPackageId=49716&projectId=2543997172191232 HTTP/1.1" 200 (78 ms)
[28/Sep/2022:13:06:39 +0800] 0:0:0:0:0:0:0:1 "GET /report/subpackage/tree2?subPackageId=49716&projectId=2543997172191232 HTTP/1.1" 200 (74 ms)
[28/Sep/2022:13:11:48 +0800] 0:0:0:0:0:0:0:1 "GET /report/subpackage/tree2?subPackageId=49716&projectId=2543997172191232 HTTP/1.1" 200 (981 ms)
[28/Sep/2022:13:12:15 +0800] 0:0:0:0:0:0:0:1 "GET /dict/subpackage/fetch?rootId=0 HTTP/1.1" 200 (38 ms)
[28/Sep/2022:13:12:16 +0800] 0:0:0:0:0:0:0:1 "GET /project/fetch?subPackageId=4973770171355136 HTTP/1.1" 200 (45 ms)
[28/Sep/2022:13:12:16 +0800] 0:0:0:0:0:0:0:1 "GET /report/subpackage/tree2?subPackageId=4973770171355136&projectId=2543997172191232 HTTP/1.1" 200 (159 ms)
[28/Sep/2022:13:12:21 +0800] 0:0:0:0:0:0:0:1 "GET /dict/subpackage/fetch?rootId=0 HTTP/1.1" 200 (29 ms)
[28/Sep/2022:13:12:22 +0800] 0:0:0:0:0:0:0:1 "GET /project/fetch?subPackageId=4973770171355136 HTTP/1.1" 200 (63 ms)
[28/Sep/2022:13:12:22 +0800] 0:0:0:0:0:0:0:1 "GET /report/subpackage/tree2?subPackageId=4973770171355136&projectId=2543997172191232 HTTP/1.1" 200 (116 ms)
[28/Sep/2022:13:12:40 +0800] 0:0:0:0:0:0:0:1 "GET /dict/subpackage/fetch?rootId=0 HTTP/1.1" 200 (13 ms)
[28/Sep/2022:13:12:40 +0800] 0:0:0:0:0:0:0:1 "GET /project/fetch?subPackageId=4973770171355136 HTTP/1.1" 200 (43 ms)
[28/Sep/2022:13:12:40 +0800] 0:0:0:0:0:0:0:1 "GET /report/subpackage/tree2?subPackageId=4973770171355136&projectId=2543997172191232 HTTP/1.1" 200 (145 ms)
[28/Sep/2022:13:13:53 +0800] 0:0:0:0:0:0:0:1 "GET /dict/subpackage/fetch?rootId=0 HTTP/1.1" 200 (25 ms)
[28/Sep/2022:13:13:53 +0800] 0:0:0:0:0:0:0:1 "GET /project/fetch?subPackageId=4973770171355136 HTTP/1.1" 200 (25 ms)
[28/Sep/2022:13:13:53 +0800] 0:0:0:0:0:0:0:1 "GET /report/subpackage/tree2?subPackageId=4973770171355136&projectId=2543997172191232 HTTP/1.1" 200 (125 ms)
[28/Sep/2022:13:13:57 +0800] 0:0:0:0:0:0:0:1 "GET /dict/subpackage/fetch?rootId=0 HTTP/1.1" 200 (17 ms)
[28/Sep/2022:13:13:57 +0800] 0:0:0:0:0:0:0:1 "GET /project/fetch?subPackageId=4973770171355136 HTTP/1.1" 200 (59 ms)
[28/Sep/2022:13:13:57 +0800] 0:0:0:0:0:0:0:1 "GET /report/subpackage/tree2?subPackageId=4973770171355136&projectId=2543997172191232 HTTP/1.1" 200 (113 ms)
[28/Sep/2022:13:14:12 +0800] 0:0:0:0:0:0:0:1 "POST /system/token HTTP/1.1" 200 (8 ms)
[28/Sep/2022:13:14:12 +0800] 0:0:0:0:0:0:0:1 "GET /system/menu HTTP/1.1" 200 (70 ms)
[28/Sep/2022:13:14:12 +0800] 0:0:0:0:0:0:0:1 "GET /project/fetch?ownId=0 HTTP/1.1" 200 (19 ms)
[28/Sep/2022:13:14:31 +0800] 0:0:0:0:0:0:0:1 "GET /dict/subpackage/fetch?rootId=0 HTTP/1.1" 200 (16 ms)
[28/Sep/2022:13:14:31 +0800] 0:0:0:0:0:0:0:1 "GET /project/fetch?subPackageId=4973770171355136 HTTP/1.1" 200 (20 ms)
[28/Sep/2022:13:14:31 +0800] 0:0:0:0:0:0:0:1 "GET /report/subpackage/tree2?subPackageId=4973770171355136&projectId=2543997172191232 HTTP/1.1" 200 (85 ms)
[28/Sep/2022:13:14:40 +0800] 0:0:0:0:0:0:0:1 "GET /project/fetch?subPackageId=4971518618636288 HTTP/1.1" 200 (19 ms)
[28/Sep/2022:13:14:40 +0800] 0:0:0:0:0:0:0:1 "GET /report/subpackage/tree2?subPackageId=4971518618636288&projectId=2543997172191232 HTTP/1.1" 200 (73 ms)
[28/Sep/2022:13:14:47 +0800] 0:0:0:0:0:0:0:1 "GET /project/fetch?subPackageId=4972435459936256 HTTP/1.1" 200 (22 ms)
[28/Sep/2022:13:14:47 +0800] 0:0:0:0:0:0:0:1 "GET /report/subpackage/tree2?subPackageId=4972435459936256&projectId=2543997172191232 HTTP/1.1" 200 (75 ms)
[28/Sep/2022:13:15:05 +0800] 0:0:0:0:0:0:0:1 "GET /dict/subpackage/fetch?rootId=0 HTTP/1.1" 200 (13 ms)
[28/Sep/2022:13:15:05 +0800] 0:0:0:0:0:0:0:1 "GET /project/fetch?subPackageId=4973770171355136 HTTP/1.1" 200 (29 ms)
[28/Sep/2022:13:15:05 +0800] 0:0:0:0:0:0:0:1 "GET /report/subpackage/tree2?subPackageId=4973770171355136&projectId=2543997172191232 HTTP/1.1" 200 (94 ms)
[28/Sep/2022:13:15:10 +0800] 0:0:0:0:0:0:0:1 "OPTIONS /dict/subpackage/push HTTP/1.1" 200 (5 ms)
[28/Sep/2022:13:15:10 +0800] 0:0:0:0:0:0:0:1 "POST /dict/subpackage/push HTTP/1.1" 200 (445 ms)
[28/Sep/2022:13:15:11 +0800] 0:0:0:0:0:0:0:1 "GET /project/fetch?subPackageId=6103107096416256 HTTP/1.1" 200 (29 ms)
[28/Sep/2022:13:15:11 +0800] 0:0:0:0:0:0:0:1 "GET /report/subpackage/tree2?subPackageId=6103107096416256&projectId=2543997172191232 HTTP/1.1" 200 (71 ms)
[28/Sep/2022:13:15:11 +0800] 0:0:0:0:0:0:0:1 "GET /project/fetch?subPackageId=6103107096416256 HTTP/1.1" 200 (24 ms)
[28/Sep/2022:13:15:11 +0800] 0:0:0:0:0:0:0:1 "GET /report/subpackage/tree2?subPackageId=6103107096416256&projectId=2543997172191232 HTTP/1.1" 200 (98 ms)
[28/Sep/2022:13:15:17 +0800] 0:0:0:0:0:0:0:1 "POST /dict/subpackage/push HTTP/1.1" 200 (15 ms)
[28/Sep/2022:13:15:17 +0800] 0:0:0:0:0:0:0:1 "GET /project/fetch?subPackageId=6103107096416256 HTTP/1.1" 200 (48 ms)
[28/Sep/2022:13:15:17 +0800] 0:0:0:0:0:0:0:1 "GET /report/subpackage/tree2?subPackageId=6103107096416256&projectId=2543997172191232 HTTP/1.1" 200 (75 ms)
[28/Sep/2022:13:15:18 +0800] 0:0:0:0:0:0:0:1 "GET /project/fetch?subPackageId=6103107096416256 HTTP/1.1" 200 (19 ms)
[28/Sep/2022:13:15:18 +0800] 0:0:0:0:0:0:0:1 "GET /report/subpackage/tree2?subPackageId=6103107096416256&projectId=2543997172191232 HTTP/1.1" 200 (91 ms)
[28/Sep/2022:13:15:22 +0800] 0:0:0:0:0:0:0:1 "POST /dict/subpackage/push HTTP/1.1" 200 (13 ms)
[28/Sep/2022:13:15:22 +0800] 0:0:0:0:0:0:0:1 "GET /project/fetch?subPackageId=6103107096416256 HTTP/1.1" 200 (34 ms)
[28/Sep/2022:13:15:22 +0800] 0:0:0:0:0:0:0:1 "GET /report/subpackage/tree2?subPackageId=6103107096416256&projectId=2543997172191232 HTTP/1.1" 200 (91 ms)
[28/Sep/2022:13:15:22 +0800] 0:0:0:0:0:0:0:1 "GET /project/fetch?subPackageId=6103107096416256 HTTP/1.1" 200 (39 ms)
[28/Sep/2022:13:15:23 +0800] 0:0:0:0:0:0:0:1 "GET /report/subpackage/tree2?subPackageId=6103107096416256&projectId=2543997172191232 HTTP/1.1" 200 (109 ms)
[28/Sep/2022:13:15:24 +0800] 0:0:0:0:0:0:0:1 "POST /dict/subpackage/push HTTP/1.1" 200 (10 ms)
[28/Sep/2022:13:15:24 +0800] 0:0:0:0:0:0:0:1 "GET /project/fetch?subPackageId=4973770171355136 HTTP/1.1" 200 (27 ms)
[28/Sep/2022:13:15:24 +0800] 0:0:0:0:0:0:0:1 "GET /report/subpackage/tree2?subPackageId=4973770171355136&projectId=2543997172191232 HTTP/1.1" 200 (78 ms)
[28/Sep/2022:13:15:24 +0800] 0:0:0:0:0:0:0:1 "GET /project/fetch?subPackageId=4971518618636288 HTTP/1.1" 200 (24 ms)
[28/Sep/2022:13:15:24 +0800] 0:0:0:0:0:0:0:1 "GET /report/subpackage/tree2?subPackageId=4971518618636288&projectId=2543997172191232 HTTP/1.1" 200 (74 ms)
[28/Sep/2022:13:15:40 +0800] 0:0:0:0:0:0:0:1 "GET /dict/subpackage/fetch?rootId=0 HTTP/1.1" 200 (10 ms)
[28/Sep/2022:13:15:40 +0800] 0:0:0:0:0:0:0:1 "GET /project/fetch?subPackageId=4973770171355136 HTTP/1.1" 200 (37 ms)
[28/Sep/2022:13:15:41 +0800] 0:0:0:0:0:0:0:1 "GET /report/subpackage/tree2?subPackageId=4973770171355136&projectId=2543997172191232 HTTP/1.1" 200 (121 ms)
[28/Sep/2022:13:15:53 +0800] 0:0:0:0:0:0:0:1 "POST /system/token HTTP/1.1" 200 (1 ms)
[28/Sep/2022:13:15:53 +0800] 0:0:0:0:0:0:0:1 "GET /system/menu HTTP/1.1" 200 (2 ms)
[28/Sep/2022:13:15:54 +0800] 0:0:0:0:0:0:0:1 "GET /project/fetch?ownId=0 HTTP/1.1" 200 (19 ms)
[28/Sep/2022:13:15:59 +0800] 0:0:0:0:0:0:0:1 "GET /dict/subpackage/fetch?rootId=0 HTTP/1.1" 200 (31 ms)
[28/Sep/2022:13:15:59 +0800] 0:0:0:0:0:0:0:1 "GET /project/fetch?subPackageId=4973770171355136 HTTP/1.1" 200 (21 ms)
[28/Sep/2022:13:15:59 +0800] 0:0:0:0:0:0:0:1 "GET /report/subpackage/tree2?subPackageId=4973770171355136&projectId=2543997172191232 HTTP/1.1" 200 (85 ms)
[28/Sep/2022:13:16:00 +0800] 0:0:0:0:0:0:0:1 "GET /project/fetch?subPackageId=6103107096416256 HTTP/1.1" 200 (18 ms)
[28/Sep/2022:13:16:01 +0800] 0:0:0:0:0:0:0:1 "GET /report/subpackage/tree2?subPackageId=6103107096416256&projectId=2543997172191232 HTTP/1.1" 200 (67 ms)
[28/Sep/2022:13:16:11 +0800] 0:0:0:0:0:0:0:1 "GET /dict/subpackage/fetch?rootId=0 HTTP/1.1" 200 (13 ms)
[28/Sep/2022:13:16:11 +0800] 0:0:0:0:0:0:0:1 "GET /project/fetch?subPackageId=4973770171355136 HTTP/1.1" 200 (23 ms)
[28/Sep/2022:13:16:11 +0800] 0:0:0:0:0:0:0:1 "GET /report/subpackage/tree2?subPackageId=4973770171355136&projectId=2543997172191232 HTTP/1.1" 200 (78 ms)
[28/Sep/2022:13:16:12 +0800] 0:0:0:0:0:0:0:1 "GET /project/fetch?subPackageId=4973770171355136 HTTP/1.1" 200 (24 ms)
[28/Sep/2022:13:16:13 +0800] 0:0:0:0:0:0:0:1 "GET /report/subpackage/tree2?subPackageId=4973770171355136&projectId=2543997172191232 HTTP/1.1" 200 (80 ms)
[28/Sep/2022:13:16:15 +0800] 0:0:0:0:0:0:0:1 "GET /project/fetch?subPackageId=6103107096416256 HTTP/1.1" 200 (21 ms)
[28/Sep/2022:13:16:15 +0800] 0:0:0:0:0:0:0:1 "GET /report/subpackage/tree2?subPackageId=6103107096416256&projectId=2543997172191232 HTTP/1.1" 200 (65 ms)
[28/Sep/2022:13:16:21 +0800] 0:0:0:0:0:0:0:1 "GET /project/fetch?subPackageId=4973770171355136 HTTP/1.1" 200 (21 ms)
[28/Sep/2022:13:16:21 +0800] 0:0:0:0:0:0:0:1 "GET /report/subpackage/tree2?subPackageId=4973770171355136&projectId=2543997172191232 HTTP/1.1" 200 (72 ms)
[28/Sep/2022:13:16:58 +0800] 0:0:0:0:0:0:0:1 "GET /dict/subpackage/fetch?rootId=0 HTTP/1.1" 200 (9 ms)
[28/Sep/2022:13:16:58 +0800] 0:0:0:0:0:0:0:1 "GET /project/fetch?subPackageId=4973770171355136 HTTP/1.1" 200 (35 ms)
[28/Sep/2022:13:16:58 +0800] 0:0:0:0:0:0:0:1 "GET /report/subpackage/tree2?subPackageId=4973770171355136&projectId=2543997172191232 HTTP/1.1" 200 (122 ms)
[28/Sep/2022:13:17:31 +0800] 0:0:0:0:0:0:0:1 "GET /dict/subpackage/fetch?rootId=0 HTTP/1.1" 200 (11 ms)
[28/Sep/2022:13:17:35 +0800] 0:0:0:0:0:0:0:1 "GET /dict/subpackage/fetch?rootId=0 HTTP/1.1" 200 (11 ms)
[28/Sep/2022:13:17:51 +0800] 0:0:0:0:0:0:0:1 "GET /dict/subpackage/fetch?rootId=0 HTTP/1.1" 200 (10 ms)
[28/Sep/2022:13:17:51 +0800] 0:0:0:0:0:0:0:1 "GET /project/fetch?subPackageId=4973770171355136 HTTP/1.1" 200 (33 ms)
[28/Sep/2022:13:17:51 +0800] 0:0:0:0:0:0:0:1 "GET /report/subpackage/tree2?subPackageId=4973770171355136&projectId=2543997172191232 HTTP/1.1" 200 (117 ms)
[28/Sep/2022:13:19:21 +0800] 0:0:0:0:0:0:0:1 "GET /dict/subpackage/fetch?rootId=0 HTTP/1.1" 200 (23 ms)
[28/Sep/2022:13:19:21 +0800] 0:0:0:0:0:0:0:1 "GET /project/fetch?subPackageId=4973770171355136 HTTP/1.1" 200 (29 ms)
[28/Sep/2022:13:19:21 +0800] 0:0:0:0:0:0:0:1 "GET /report/subpackage/tree2?subPackageId=4973770171355136&projectId=2543997172191232 HTTP/1.1" 200 (122 ms)
[28/Sep/2022:13:28:56 +0800] 0:0:0:0:0:0:0:1 "GET /dict/subpackage/fetch?rootId=0 HTTP/1.1" 200 (15 ms)
[28/Sep/2022:13:28:56 +0800] 0:0:0:0:0:0:0:1 "GET /project/fetch?subPackageId=4973770171355136 HTTP/1.1" 200 (17 ms)
[28/Sep/2022:13:28:56 +0800] 0:0:0:0:0:0:0:1 "GET /report/subpackage/tree2?subPackageId=4973770171355136&projectId=2543997172191232 HTTP/1.1" 200 (74 ms)
[28/Sep/2022:13:30:24 +0800] 0:0:0:0:0:0:0:1 "GET /dict/subpackage/fetch?rootId=0 HTTP/1.1" 200 (16 ms)
[28/Sep/2022:13:30:24 +0800] 0:0:0:0:0:0:0:1 "GET /project/fetch?subPackageId=4973770171355136 HTTP/1.1" 200 (35 ms)
[28/Sep/2022:13:30:25 +0800] 0:0:0:0:0:0:0:1 "GET /report/subpackage/tree2?subPackageId=4973770171355136&projectId=2543997172191232 HTTP/1.1" 200 (105 ms)
[28/Sep/2022:13:30:28 +0800] 0:0:0:0:0:0:0:1 "GET /project/tree?rootId=0 HTTP/1.1" 200 (23 ms)
[28/Sep/2022:13:30:28 +0800] 0:0:0:0:0:0:0:1 "GET /report/project/tree2?ownId=0&projectId=2543997172191232&cmd=sj HTTP/1.1" 200 (54 ms)
[28/Sep/2022:13:30:39 +0800] 0:0:0:0:0:0:0:1 "GET /project/tree?rootId=0 HTTP/1.1" 200 (18 ms)
[28/Sep/2022:13:30:39 +0800] 0:0:0:0:0:0:0:1 "GET /actual/division/tree2?ownId=0&projectId=2543997172191232 HTTP/1.1" 200 (35 ms)
[28/Sep/2022:13:30:39 +0800] 0:0:0:0:0:0:0:1 "GET /actual/division/machine/tree?ownId=2543997172191232&divisionId=2543997172191232&rootId=2543997172191232 HTTP/1.1" 200 (19 ms)
[28/Sep/2022:13:32:39 +0800] 0:0:0:0:0:0:0:1 "GET /project/tree?rootId=0 HTTP/1.1" 200 (1121 ms)
[28/Sep/2022:13:32:39 +0800] 0:0:0:0:0:0:0:1 "GET /actual/division/tree2?ownId=0&projectId=2543997172191232 HTTP/1.1" 200 (77 ms)
[28/Sep/2022:13:32:40 +0800] 0:0:0:0:0:0:0:1 "GET /actual/division/machine/tree?ownId=2543997172191232&divisionId=2543997172191232&rootId=2543997172191232 HTTP/1.1" 200 (36 ms)
[28/Sep/2022:13:32:43 +0800] 0:0:0:0:0:0:0:1 "GET /actual/division/machine/tree?ownId=2543997172191232&divisionId=2543997172191232&rootId=2543997172191232 HTTP/1.1" 200 (21 ms)
[28/Sep/2022:13:32:44 +0800] 0:0:0:0:0:0:0:1 "GET /actual/division/machine/tree?ownId=2543997172191232&divisionId=2543997172191232&rootId=2543997172191232 HTTP/1.1" 200 (17 ms)
[28/Sep/2022:13:32:47 +0800] 0:0:0:0:0:0:0:1 "GET /actual/division/machine/tree?ownId=6046562497204224&divisionId=6046562497204224&rootId=6046562497204224 HTTP/1.1" 200 (17 ms)
[28/Sep/2022:13:32:47 +0800] 0:0:0:0:0:0:0:1 "OPTIONS /actual/division/push HTTP/1.1" 200 (5 ms)
[28/Sep/2022:13:32:47 +0800] 0:0:0:0:0:0:0:1 "GET /actual/division/machine/tree?ownId=6046562497204224&divisionId=6046562497204224&rootId=6046562497204224 HTTP/1.1" 200 (26 ms)
[28/Sep/2022:13:32:47 +0800] 0:0:0:0:0:0:0:1 "POST /actual/division/push HTTP/1.1" 200 (89 ms)
[28/Sep/2022:13:32:49 +0800] 0:0:0:0:0:0:0:1 "GET /actual/division/machine/tree?ownId=6046562497204224&divisionId=6046562497204224&rootId=6046562497204224 HTTP/1.1" 200 (24 ms)
[28/Sep/2022:13:32:50 +0800] 0:0:0:0:0:0:0:1 "GET /actual/division/machine/tree?ownId=6046562497204224&divisionId=6046562497204224&rootId=6046562497204224 HTTP/1.1" 200 (17 ms)
[28/Sep/2022:13:32:50 +0800] 0:0:0:0:0:0:0:1 "GET /actual/division/machine/tree?ownId=6046563126349824&divisionId=6046563126349824&rootId=6046563126349824 HTTP/1.1" 200 (34 ms)
[28/Sep/2022:13:32:51 +0800] 0:0:0:0:0:0:0:1 "GET /actual/division/tree2?ownId=0&projectId=3 HTTP/1.1" 200 (82 ms)
[28/Sep/2022:13:32:52 +0800] 0:0:0:0:0:0:0:1 "GET /actual/division/machine/tree?ownId=13&divisionId=13&rootId=13 HTTP/1.1" 200 (24 ms)
[28/Sep/2022:13:32:52 +0800] 0:0:0:0:0:0:0:1 "GET /actual/division/machine/tree?ownId=3&divisionId=3&rootId=3 HTTP/1.1" 200 (27 ms)
[28/Sep/2022:13:32:52 +0800] 0:0:0:0:0:0:0:1 "GET /actual/division/tree2?ownId=0&projectId=2543997172191232 HTTP/1.1" 200 (43 ms)
[28/Sep/2022:13:32:52 +0800] 0:0:0:0:0:0:0:1 "GET /actual/division/machine/tree?ownId=2543997172191232&divisionId=2543997172191232&rootId=2543997172191232 HTTP/1.1" 200 (25 ms)
[28/Sep/2022:13:33:03 +0800] 0:0:0:0:0:0:0:1 "GET /actual/division/machine/tree?ownId=6046563126349824&divisionId=6046563126349824&rootId=6046563126349824 HTTP/1.1" 200 (23 ms)
[28/Sep/2022:13:33:03 +0800] 0:0:0:0:0:0:0:1 "GET /actual/division/machine/tree?ownId=6046563126349824&divisionId=6046563126349824&rootId=6046563126349824 HTTP/1.1" 200 (31 ms)
[28/Sep/2022:13:33:07 +0800] 0:0:0:0:0:0:0:1 "GET /actual/division/machine/tree?ownId=6046563206041600&divisionId=6046563206041600&rootId=6046563206041600 HTTP/1.1" 200 (17 ms)
[28/Sep/2022:13:33:08 +0800] 0:0:0:0:0:0:0:1 "POST /actual/division/push HTTP/1.1" 200 (317 ms)
[28/Sep/2022:13:33:11 +0800] 0:0:0:0:0:0:0:1 "GET /actual/division/tree2?ownId=0&projectId=3 HTTP/1.1" 200 (35 ms)
[28/Sep/2022:13:33:11 +0800] 0:0:0:0:0:0:0:1 "GET /actual/division/machine/tree?ownId=13&divisionId=13&rootId=13 HTTP/1.1" 200 (23 ms)
[28/Sep/2022:13:33:11 +0800] 0:0:0:0:0:0:0:1 "GET /actual/division/machine/tree?ownId=3&divisionId=3&rootId=3 HTTP/1.1" 200 (23 ms)
[28/Sep/2022:13:33:11 +0800] 0:0:0:0:0:0:0:1 "GET /actual/division/tree2?ownId=0&projectId=2543997172191232 HTTP/1.1" 200 (35 ms)
[28/Sep/2022:13:33:12 +0800] 0:0:0:0:0:0:0:1 "GET /actual/division/machine/tree?ownId=2543997172191232&divisionId=2543997172191232&rootId=2543997172191232 HTTP/1.1" 200 (17 ms)
[28/Sep/2022:13:33:27 +0800] 0:0:0:0:0:0:0:1 "GET /project/tree?rootId=0 HTTP/1.1" 200 (27 ms)
[28/Sep/2022:13:33:27 +0800] 0:0:0:0:0:0:0:1 "GET /report/project/tree2?ownId=0&projectId=2543997172191232&cmd=sj HTTP/1.1" 200 (63 ms)
[28/Sep/2022:13:50:15 +0800] 0:0:0:0:0:0:0:1 "GET /project/fetch?ownId=0 HTTP/1.1" 200 (34 ms)
[28/Sep/2022:13:54:16 +0800] 0:0:0:0:0:0:0:1 "GET /sys/user/f?page=1&id= HTTP/1.1" 404 (35 ms)
[28/Sep/2022:13:54:16 +0800] 0:0:0:0:0:0:0:1 "GET /sys/organize/f?page=1&id= HTTP/1.1" 404 (35 ms)
[28/Sep/2022:13:54:31 +0800] 0:0:0:0:0:0:0:1 "GET /flow/f?page=1 HTTP/1.1" 404 (4 ms)
[28/Sep/2022:13:54:32 +0800] 0:0:0:0:0:0:0:1 "GET /sys/user/f?page=1&id= HTTP/1.1" 404 (6 ms)
[28/Sep/2022:13:54:32 +0800] 0:0:0:0:0:0:0:1 "GET /sys/organize/f?page=1&id= HTTP/1.1" 404 (7 ms)
[28/Sep/2022:13:59:56 +0800] 0:0:0:0:0:0:0:1 "GET /sys/organize/f?page=1&id= HTTP/1.1" 404 (7 ms)
[28/Sep/2022:13:59:56 +0800] 0:0:0:0:0:0:0:1 "GET /sys/user/f?page=1&id= HTTP/1.1" 404 (7 ms)
[28/Sep/2022:14:07:43 +0800] 0:0:0:0:0:0:0:1 "GET /sys/organize/f?page=1&id= HTTP/1.1" 404 (7 ms)
[28/Sep/2022:14:07:43 +0800] 0:0:0:0:0:0:0:1 "GET /sys/user/f?page=1&id= HTTP/1.1" 404 (6 ms)
[28/Sep/2022:18:18:57 +0800] 0:0:0:0:0:0:0:1 "GET /sys/organize/f?page=1&id= HTTP/1.1" 404 (503 ms)
[28/Sep/2022:18:18:57 +0800] 0:0:0:0:0:0:0:1 "GET /sys/user/f?page=1&id= HTTP/1.1" 404 (503 ms)
[28/Sep/2022:18:22:37 +0800] 0:0:0:0:0:0:0:1 "GET /sys/role/f?page=1 HTTP/1.1" 404 (9 ms)
[28/Sep/2022:18:22:48 +0800] 0:0:0:0:0:0:0:1 "GET /sys/role/f?page=1 HTTP/1.1" 404 (9 ms)
[28/Sep/2022:18:34:28 +0800] 0:0:0:0:0:0:0:1 "GET /system/users/fetch?ownId=0 HTTP/1.1" 200 (951 ms)
[28/Sep/2022:18:34:28 +0800] 0:0:0:0:0:0:0:1 "GET /favicon.ico HTTP/1.1" 404 (41 ms)
[28/Sep/2022:18:34:45 +0800] 0:0:0:0:0:0:0:1 "GET /system/users/fetch?ownId=0 HTTP/1.1" 200 (12 ms)
[28/Sep/2022:18:34:46 +0800] 0:0:0:0:0:0:0:1 "GET /system/users/fetch?ownId=0 HTTP/1.1" 200 (12 ms)
[28/Sep/2022:18:34:46 +0800] 0:0:0:0:0:0:0:1 "GET /system/users/fetch?ownId=0 HTTP/1.1" 200 (13 ms)
[28/Sep/2022:18:34:58 +0800] 0:0:0:0:0:0:0:1 "GET /system/users/fetch?ownId=0 HTTP/1.1" 200 (30 ms)
[28/Sep/2022:18:36:28 +0800] 0:0:0:0:0:0:0:1 "OPTIONS /system/users/push HTTP/1.1" 200 (6 ms)
[28/Sep/2022:18:36:29 +0800] 0:0:0:0:0:0:0:1 "POST /system/users/push HTTP/1.1" 200 (484 ms)
[28/Sep/2022:18:36:29 +0800] 0:0:0:0:0:0:0:1 "GET /system/users/fetch?ownId=0 HTTP/1.1" 200 (39 ms)
[28/Sep/2022:18:36:37 +0800] 0:0:0:0:0:0:0:1 "GET /sys/role/f?page=1 HTTP/1.1" 404 (6 ms)
[28/Sep/2022:18:36:38 +0800] 0:0:0:0:0:0:0:1 "GET /system/users/fetch?ownId=0 HTTP/1.1" 200 (20 ms)
[28/Sep/2022:18:36:49 +0800] 0:0:0:0:0:0:0:1 "POST /system/users/push HTTP/1.1" 200 (310 ms)
[28/Sep/2022:18:36:49 +0800] 0:0:0:0:0:0:0:1 "GET /system/users/fetch?ownId=0 HTTP/1.1" 200 (33 ms)
[28/Sep/2022:18:37:58 +0800] 0:0:0:0:0:0:0:1 "POST /system/users/push HTTP/1.1" 200 (30 ms)
[28/Sep/2022:18:37:58 +0800] 0:0:0:0:0:0:0:1 "GET /system/users/fetch?ownId=0 HTTP/1.1" 200 (13 ms)
[28/Sep/2022:18:38:13 +0800] 0:0:0:0:0:0:0:1 "POST /system/users/push HTTP/1.1" 200 (304 ms)
[28/Sep/2022:18:38:13 +0800] 0:0:0:0:0:0:0:1 "GET /system/users/fetch?ownId=0 HTTP/1.1" 200 (21 ms)
[28/Sep/2022:18:58:05 +0800] 0:0:0:0:0:0:0:1 "GET /system/users/fetch?ownId=0 HTTP/1.1" 200 (1407 ms)
[28/Sep/2022:19:02:13 +0800] 0:0:0:0:0:0:0:1 "GET /system/users/fetch?ownId=0 HTTP/1.1" 200 (33 ms)
[28/Sep/2022:19:02:32 +0800] 0:0:0:0:0:0:0:1 "GET /system/users/fetch?ownId=0 HTTP/1.1" 200 (19 ms)
[28/Sep/2022:19:02:48 +0800] 0:0:0:0:0:0:0:1 "GET /system/users/fetch?ownId=0 HTTP/1.1" 200 (22 ms)
[28/Sep/2022:19:02:58 +0800] 0:0:0:0:0:0:0:1 "GET /system/role/fetch?ownId=0 HTTP/1.1" 404 (28 ms)
[28/Sep/2022:19:03:06 +0800] 0:0:0:0:0:0:0:1 "GET /system/users/fetch?ownId=0 HTTP/1.1" 200 (26 ms)
[28/Sep/2022:19:03:07 +0800] 0:0:0:0:0:0:0:1 "GET /system/role/fetch?ownId=0 HTTP/1.1" 404 (6 ms)
[28/Sep/2022:19:03:49 +0800] 0:0:0:0:0:0:0:1 "GET /system/role/fetch?ownId=0 HTTP/1.1" 404 (34 ms)
[28/Sep/2022:19:06:03 +0800] 0:0:0:0:0:0:0:1 "GET /system/role/fetch?ownId=0 HTTP/1.1" 200 (839 ms)
[28/Sep/2022:19:06:08 +0800] 0:0:0:0:0:0:0:1 "GET /system/users/fetch?ownId=0 HTTP/1.1" 200 (53 ms)
[28/Sep/2022:19:06:09 +0800] 0:0:0:0:0:0:0:1 "GET /system/role/fetch?ownId=0 HTTP/1.1" 200 (19 ms)
[28/Sep/2022:19:06:23 +0800] 0:0:0:0:0:0:0:1 "OPTIONS /system/role/push HTTP/1.1" 200 (7 ms)
[28/Sep/2022:19:06:24 +0800] 0:0:0:0:0:0:0:1 "POST /system/role/push HTTP/1.1" 200 (364 ms)
[28/Sep/2022:19:06:24 +0800] 0:0:0:0:0:0:0:1 "GET /system/role/fetch?ownId=0 HTTP/1.1" 200 (21 ms)
[28/Sep/2022:20:05:18 +0800] 0:0:0:0:0:0:0:1 "GET /system/users/fetch?ownId=0 HTTP/1.1" 200 (924 ms)
[28/Sep/2022:20:05:24 +0800] 0:0:0:0:0:0:0:1 "GET /system/role/fetch?ownId=0 HTTP/1.1" 200 (33 ms)
[28/Sep/2022:20:05:24 +0800] 0:0:0:0:0:0:0:1 "GET /project/tree?rootId=0 HTTP/1.1" 200 (68 ms)
[28/Sep/2022:20:31:20 +0800] 0:0:0:0:0:0:0:1 "GET /system/role/fetch?rootId=0 HTTP/1.1" 200 (40 ms)
[28/Sep/2022:20:31:20 +0800] 0:0:0:0:0:0:0:1 "GET /system/role/fetch?ownId=0 HTTP/1.1" 200 (42 ms)
[28/Sep/2022:20:31:27 +0800] 0:0:0:0:0:0:0:1 "GET /system/role/fetch?ownId=0 HTTP/1.1" 200 (20 ms)
[28/Sep/2022:20:31:30 +0800] 0:0:0:0:0:0:0:1 "GET /system/role/fetch?ownId=0 HTTP/1.1" 200 (19 ms)
[28/Sep/2022:20:31:30 +0800] 0:0:0:0:0:0:0:1 "GET /system/role/fetch?rootId=0 HTTP/1.1" 200 (26 ms)
[28/Sep/2022:20:32:10 +0800] 0:0:0:0:0:0:0:1 "GET /system/role/fetch?rootId=0 HTTP/1.1" 200 (19 ms)
[28/Sep/2022:20:32:10 +0800] 0:0:0:0:0:0:0:1 "GET /system/role/fetch?ownId=0 HTTP/1.1" 200 (19 ms)
[28/Sep/2022:20:33:24 +0800] 0:0:0:0:0:0:0:1 "GET /system/role/fetch?ownId=0 HTTP/1.1" 200 (24 ms)
[28/Sep/2022:20:33:24 +0800] 0:0:0:0:0:0:0:1 "GET /system/role/fetch?rootId=0 HTTP/1.1" 200 (24 ms)
[28/Sep/2022:20:33:33 +0800] 0:0:0:0:0:0:0:1 "GET /system/role/fetch?ownId=0 HTTP/1.1" 200 (14 ms)
[28/Sep/2022:20:33:33 +0800] 0:0:0:0:0:0:0:1 "GET /system/role/fetch?rootId=0 HTTP/1.1" 200 (15 ms)
[28/Sep/2022:20:33:38 +0800] 0:0:0:0:0:0:0:1 "GET /system/role/fetch?ownId=0 HTTP/1.1" 200 (30 ms)
[28/Sep/2022:20:33:38 +0800] 0:0:0:0:0:0:0:1 "GET /system/role/fetch?rootId=0 HTTP/1.1" 200 (34 ms)
[28/Sep/2022:20:36:58 +0800] 0:0:0:0:0:0:0:1 "GET /system/setting/menu?ownId=0 HTTP/1.1" 404 (40 ms)
[28/Sep/2022:20:56:21 +0800] 0:0:0:0:0:0:0:1 "GET //system/setting/menu HTTP/1.1" 404 (100 ms)
[28/Sep/2022:20:56:28 +0800] 0:0:0:0:0:0:0:1 "GET /system/setting/menu HTTP/1.1" 200 (1039 ms)
[28/Sep/2022:21:05:03 +0800] 0:0:0:0:0:0:0:1 "GET /system/setting/menu?ownId=0 HTTP/1.1" 200 (41 ms)
[28/Sep/2022:21:05:03 +0800] 0:0:0:0:0:0:0:1 "GET /system/role/fetch?rootId=0 HTTP/1.1" 200 (183 ms)
