[17/Sep/2022:07:57:38 +0800] 0:0:0:0:0:0:0:1 "POST /system/token HTTP/1.1" 200 (144 ms)
[17/Sep/2022:07:57:38 +0800] 0:0:0:0:0:0:0:1 "GET /system/menu HTTP/1.1" 200 (78 ms)
[17/Sep/2022:07:57:40 +0800] 0:0:0:0:0:0:0:1 "GET /project/fetch?ownId=0 HTTP/1.1" 200 (1113 ms)
[17/Sep/2022:07:57:59 +0800] 0:0:0:0:0:0:0:1 "GET /project/tree?rootId=0 HTTP/1.1" 200 (37 ms)
[17/Sep/2022:07:57:59 +0800] 0:0:0:0:0:0:0:1 "GET /budget/division/tree?rootId=&projectId=3 HTTP/1.1" 200 (66 ms)
[17/Sep/2022:07:59:17 +0800] 0:0:0:0:0:0:0:1 "GET /project/fetch?ownId=0 HTTP/1.1" 200 (44 ms)
[17/Sep/2022:07:59:17 +0800] 0:0:0:0:0:0:0:1 "GET /project/tree?ownId=3&rootId=3 HTTP/1.1" 200 (22 ms)
[17/Sep/2022:08:00:01 +0800] 0:0:0:0:0:0:0:1 "GET /project/tree?ownId=2&rootId=2 HTTP/1.1" 200 (19 ms)
[17/Sep/2022:08:01:02 +0800] 0:0:0:0:0:0:0:1 "GET /project/tree?rootId=0 HTTP/1.1" 200 (39 ms)
[17/Sep/2022:08:01:02 +0800] 0:0:0:0:0:0:0:1 "GET /budget/division/tree?rootId=&projectId=3 HTTP/1.1" 200 (35 ms)
[17/Sep/2022:10:01:43 +0800] 0:0:0:0:0:0:0:1 "GET /budget/division/tree?rootId=&projectId=4 HTTP/1.1" 200 (62 ms)
[17/Sep/2022:10:01:45 +0800] 0:0:0:0:0:0:0:1 "GET /budget/division/tree?rootId=&projectId=3 HTTP/1.1" 200 (28 ms)
[17/Sep/2022:10:01:46 +0800] 0:0:0:0:0:0:0:1 "GET /budget/division/tree?rootId=&projectId=13 HTTP/1.1" 200 (15 ms)
[17/Sep/2022:10:01:47 +0800] 0:0:0:0:0:0:0:1 "GET /budget/division/tree?rootId=&projectId=3 HTTP/1.1" 200 (28 ms)
[17/Sep/2022:10:37:05 +0800] 0:0:0:0:0:0:0:1 "GET /budget/division/tree?rootId=&projectId=4 HTTP/1.1" 200 (47 ms)
[17/Sep/2022:10:37:15 +0800] 0:0:0:0:0:0:0:1 "GET /budget/division/tree?rootId=&projectId=5 HTTP/1.1" 200 (17 ms)
[17/Sep/2022:10:37:22 +0800] 0:0:0:0:0:0:0:1 "GET /budget/division/tree?rootId=&projectId=3 HTTP/1.1" 200 (25 ms)
[17/Sep/2022:10:53:19 +0800] 0:0:0:0:0:0:0:1 "GET /project/tree?rootId=0 HTTP/1.1" 200 (44 ms)
[17/Sep/2022:10:53:19 +0800] 0:0:0:0:0:0:0:1 "GET /budget/division/tree?rootId=&projectId=3 HTTP/1.1" 200 (22 ms)
[17/Sep/2022:10:53:24 +0800] 0:0:0:0:0:0:0:1 "GET /project/tree?rootId=0 HTTP/1.1" 200 (36 ms)
[17/Sep/2022:10:53:24 +0800] 0:0:0:0:0:0:0:1 "GET /budget/division/tree?rootId=&projectId=3 HTTP/1.1" 200 (84 ms)
[17/Sep/2022:10:53:41 +0800] 0:0:0:0:0:0:0:1 "GET /project/tree?rootId=0 HTTP/1.1" 200 (26 ms)
[17/Sep/2022:10:53:41 +0800] 0:0:0:0:0:0:0:1 "GET /budget/division/tree?rootId=&projectId=3 HTTP/1.1" 200 (33 ms)
[17/Sep/2022:10:53:48 +0800] 0:0:0:0:0:0:0:1 "GET /budget/division/tree?rootId=&projectId=4 HTTP/1.1" 200 (14 ms)
[17/Sep/2022:10:53:51 +0800] 0:0:0:0:0:0:0:1 "GET /budget/division/tree?rootId=&projectId=3 HTTP/1.1" 200 (21 ms)
[17/Sep/2022:10:57:50 +0800] 0:0:0:0:0:0:0:1 "GET /project/tree?rootId=0 HTTP/1.1" 200 (27 ms)
[17/Sep/2022:10:57:50 +0800] 0:0:0:0:0:0:0:1 "GET /budget/division/tree?rootId=&projectId=3 HTTP/1.1" 200 (18 ms)
[17/Sep/2022:10:58:09 +0800] 0:0:0:0:0:0:0:1 "GET /project/tree?rootId=0 HTTP/1.1" 200 (25 ms)
[17/Sep/2022:10:58:09 +0800] 0:0:0:0:0:0:0:1 "GET /budget/division/tree?rootId=&projectId=3 HTTP/1.1" 200 (25 ms)
[17/Sep/2022:10:58:14 +0800] 0:0:0:0:0:0:0:1 "GET /budget/division/tree?rootId=&projectId=4 HTTP/1.1" 200 (16 ms)
[17/Sep/2022:10:58:18 +0800] 0:0:0:0:0:0:0:1 "GET /budget/division/tree?rootId=&projectId=3 HTTP/1.1" 200 (19 ms)
[17/Sep/2022:10:58:37 +0800] 0:0:0:0:0:0:0:1 "GET /project/tree?rootId=0 HTTP/1.1" 200 (26 ms)
[17/Sep/2022:10:58:37 +0800] 0:0:0:0:0:0:0:1 "GET /budget/division/tree?rootId=&projectId=3 HTTP/1.1" 200 (44 ms)
[17/Sep/2022:10:59:09 +0800] 0:0:0:0:0:0:0:1 "GET /project/tree?rootId=0 HTTP/1.1" 200 (18 ms)
[17/Sep/2022:10:59:09 +0800] 0:0:0:0:0:0:0:1 "GET /budget/division/tree?rootId=&projectId=3 HTTP/1.1" 200 (23 ms)
[17/Sep/2022:10:59:42 +0800] 0:0:0:0:0:0:0:1 "GET /project/tree?rootId=0 HTTP/1.1" 200 (19 ms)
[17/Sep/2022:10:59:42 +0800] 0:0:0:0:0:0:0:1 "GET /budget/division/tree?rootId=&projectId=3 HTTP/1.1" 200 (19 ms)
[17/Sep/2022:10:59:47 +0800] 0:0:0:0:0:0:0:1 "GET /project/tree?rootId=0 HTTP/1.1" 200 (28 ms)
[17/Sep/2022:10:59:47 +0800] 0:0:0:0:0:0:0:1 "GET /budget/division/tree?rootId=&projectId=3 HTTP/1.1" 200 (35 ms)
[17/Sep/2022:11:00:10 +0800] 0:0:0:0:0:0:0:1 "GET /budget/division/tree?rootId=&projectId=4 HTTP/1.1" 200 (15 ms)
[17/Sep/2022:11:00:13 +0800] 0:0:0:0:0:0:0:1 "GET /budget/division/tree?rootId=&projectId=3 HTTP/1.1" 200 (20 ms)
[17/Sep/2022:11:00:17 +0800] 0:0:0:0:0:0:0:1 "GET /budget/division/tree?rootId=&projectId=13 HTTP/1.1" 200 (15 ms)
[17/Sep/2022:11:00:19 +0800] 0:0:0:0:0:0:0:1 "GET /budget/division/tree?rootId=&projectId=3 HTTP/1.1" 200 (21 ms)
[17/Sep/2022:11:00:34 +0800] 0:0:0:0:0:0:0:1 "GET /budget/division/tree?rootId=&projectId=4 HTTP/1.1" 200 (15 ms)
[17/Sep/2022:11:00:36 +0800] 0:0:0:0:0:0:0:1 "GET /budget/division/tree?rootId=&projectId=3 HTTP/1.1" 200 (22 ms)
[17/Sep/2022:11:02:22 +0800] 0:0:0:0:0:0:0:1 "GET /project/tree?rootId=0 HTTP/1.1" 200 (42 ms)
[17/Sep/2022:11:02:23 +0800] 0:0:0:0:0:0:0:1 "GET /budget/division/tree?rootId=&projectId=3 HTTP/1.1" 200 (38 ms)
[17/Sep/2022:11:02:28 +0800] 0:0:0:0:0:0:0:1 "GET /budget/division/tree?rootId=&projectId=4 HTTP/1.1" 200 (14 ms)
[17/Sep/2022:11:02:29 +0800] 0:0:0:0:0:0:0:1 "GET /budget/division/tree?rootId=&projectId=3 HTTP/1.1" 200 (22 ms)
[17/Sep/2022:11:03:40 +0800] 0:0:0:0:0:0:0:1 "GET /project/tree?rootId=0 HTTP/1.1" 200 (26 ms)
[17/Sep/2022:11:03:41 +0800] 0:0:0:0:0:0:0:1 "GET /budget/division/tree?rootId=&projectId=3 HTTP/1.1" 200 (20 ms)
[17/Sep/2022:11:04:00 +0800] 0:0:0:0:0:0:0:1 "GET /project/tree?rootId=0 HTTP/1.1" 200 (18 ms)
[17/Sep/2022:11:04:00 +0800] 0:0:0:0:0:0:0:1 "GET /budget/division/tree?rootId=&projectId=3 HTTP/1.1" 200 (25 ms)
[17/Sep/2022:11:04:04 +0800] 0:0:0:0:0:0:0:1 "GET /budget/division/tree?rootId=&projectId=4 HTTP/1.1" 200 (15 ms)
[17/Sep/2022:11:04:05 +0800] 0:0:0:0:0:0:0:1 "GET /budget/division/tree?rootId=&projectId=3 HTTP/1.1" 200 (19 ms)
[17/Sep/2022:11:04:47 +0800] 0:0:0:0:0:0:0:1 "GET /project/tree?rootId=0 HTTP/1.1" 200 (34 ms)
[17/Sep/2022:11:04:47 +0800] 0:0:0:0:0:0:0:1 "GET /budget/division/tree?rootId=&projectId=3 HTTP/1.1" 200 (24 ms)
[17/Sep/2022:11:04:49 +0800] 0:0:0:0:0:0:0:1 "GET /project/tree?rootId=0 HTTP/1.1" 200 (30 ms)
[17/Sep/2022:11:04:49 +0800] 0:0:0:0:0:0:0:1 "GET /budget/division/tree?rootId=&projectId=3 HTTP/1.1" 200 (32 ms)
[17/Sep/2022:11:04:53 +0800] 0:0:0:0:0:0:0:1 "GET /budget/division/tree?rootId=&projectId=4 HTTP/1.1" 200 (14 ms)
[17/Sep/2022:11:05:35 +0800] 0:0:0:0:0:0:0:1 "GET /project/tree?rootId=0 HTTP/1.1" 200 (21 ms)
[17/Sep/2022:11:05:35 +0800] 0:0:0:0:0:0:0:1 "GET /budget/division/tree?rootId=&projectId=3 HTTP/1.1" 200 (18 ms)
[17/Sep/2022:11:05:51 +0800] 0:0:0:0:0:0:0:1 "GET /project/tree?rootId=0 HTTP/1.1" 200 (29 ms)
[17/Sep/2022:11:05:51 +0800] 0:0:0:0:0:0:0:1 "GET /budget/division/tree?rootId=&projectId=3 HTTP/1.1" 200 (19 ms)
[17/Sep/2022:11:06:57 +0800] 0:0:0:0:0:0:0:1 "GET /project/tree?rootId=0 HTTP/1.1" 200 (23 ms)
[17/Sep/2022:11:06:57 +0800] 0:0:0:0:0:0:0:1 "GET /budget/division/tree?rootId=&projectId=3 HTTP/1.1" 200 (19 ms)
[17/Sep/2022:11:09:36 +0800] 0:0:0:0:0:0:0:1 "GET /project/tree?rootId=0 HTTP/1.1" 200 (32 ms)
[17/Sep/2022:11:09:36 +0800] 0:0:0:0:0:0:0:1 "GET /budget/division/tree?rootId=&projectId=3 HTTP/1.1" 200 (18 ms)
[17/Sep/2022:11:09:51 +0800] 0:0:0:0:0:0:0:1 "GET /project/tree?rootId=0 HTTP/1.1" 200 (21 ms)
[17/Sep/2022:11:09:51 +0800] 0:0:0:0:0:0:0:1 "GET /budget/division/tree?rootId=&projectId=3 HTTP/1.1" 200 (18 ms)
[17/Sep/2022:11:10:07 +0800] 0:0:0:0:0:0:0:1 "GET /project/tree?rootId=0 HTTP/1.1" 200 (25 ms)
[17/Sep/2022:11:10:07 +0800] 0:0:0:0:0:0:0:1 "GET /budget/division/tree?rootId=&projectId=3 HTTP/1.1" 200 (28 ms)
[17/Sep/2022:11:10:10 +0800] 0:0:0:0:0:0:0:1 "GET /project/tree?rootId=0 HTTP/1.1" 200 (27 ms)
[17/Sep/2022:11:10:10 +0800] 0:0:0:0:0:0:0:1 "GET /budget/division/tree?rootId=&projectId=3 HTTP/1.1" 200 (31 ms)
[17/Sep/2022:11:10:34 +0800] 0:0:0:0:0:0:0:1 "GET /project/tree?rootId=0 HTTP/1.1" 200 (27 ms)
[17/Sep/2022:11:10:34 +0800] 0:0:0:0:0:0:0:1 "GET /budget/division/tree?rootId=&projectId=3 HTTP/1.1" 200 (19 ms)
[17/Sep/2022:11:10:40 +0800] 0:0:0:0:0:0:0:1 "GET /project/tree?rootId=0 HTTP/1.1" 200 (35 ms)
[17/Sep/2022:11:10:40 +0800] 0:0:0:0:0:0:0:1 "GET /budget/division/tree?rootId=&projectId=3 HTTP/1.1" 200 (22 ms)
[17/Sep/2022:11:10:44 +0800] 0:0:0:0:0:0:0:1 "GET /project/tree?rootId=0 HTTP/1.1" 200 (26 ms)
[17/Sep/2022:11:10:44 +0800] 0:0:0:0:0:0:0:1 "GET /budget/division/tree?rootId=&projectId=3 HTTP/1.1" 200 (25 ms)
[17/Sep/2022:11:10:46 +0800] 0:0:0:0:0:0:0:1 "GET /budget/division/tree?rootId=&projectId=4 HTTP/1.1" 200 (14 ms)
[17/Sep/2022:11:11:07 +0800] 0:0:0:0:0:0:0:1 "GET /project/tree?rootId=0 HTTP/1.1" 200 (25 ms)
[17/Sep/2022:11:11:08 +0800] 0:0:0:0:0:0:0:1 "GET /budget/division/tree?rootId=&projectId=3 HTTP/1.1" 200 (23 ms)
[17/Sep/2022:11:11:12 +0800] 0:0:0:0:0:0:0:1 "GET /project/tree?rootId=0 HTTP/1.1" 200 (110 ms)
[17/Sep/2022:11:11:12 +0800] 0:0:0:0:0:0:0:1 "GET /budget/division/tree?rootId=&projectId=3 HTTP/1.1" 200 (31 ms)
[17/Sep/2022:11:11:14 +0800] 0:0:0:0:0:0:0:1 "GET /budget/division/tree?rootId=&projectId=4 HTTP/1.1" 200 (15 ms)
[17/Sep/2022:11:11:16 +0800] 0:0:0:0:0:0:0:1 "GET /budget/division/tree?rootId=&projectId=3 HTTP/1.1" 200 (20 ms)
[17/Sep/2022:11:11:18 +0800] 0:0:0:0:0:0:0:1 "GET /budget/division/tree?rootId=&projectId=4 HTTP/1.1" 200 (15 ms)
[17/Sep/2022:11:11:31 +0800] 0:0:0:0:0:0:0:1 "GET /project/tree?rootId=0 HTTP/1.1" 200 (19 ms)
[17/Sep/2022:11:11:31 +0800] 0:0:0:0:0:0:0:1 "GET /budget/division/tree?rootId=&projectId=3 HTTP/1.1" 200 (20 ms)
[17/Sep/2022:11:11:32 +0800] 0:0:0:0:0:0:0:1 "GET /budget/division/tree?rootId=&projectId=4 HTTP/1.1" 200 (14 ms)
[17/Sep/2022:11:11:33 +0800] 0:0:0:0:0:0:0:1 "GET /budget/division/tree?rootId=&projectId=3 HTTP/1.1" 200 (18 ms)
[17/Sep/2022:11:12:28 +0800] 0:0:0:0:0:0:0:1 "OPTIONS /budget/division/push HTTP/1.1" 200 (34 ms)
[17/Sep/2022:11:12:29 +0800] 0:0:0:0:0:0:0:1 "POST /budget/division/push HTTP/1.1" 200 (502 ms)
[17/Sep/2022:11:13:09 +0800] 0:0:0:0:0:0:0:1 "GET /budget/division/tree?rootId=&projectId=13 HTTP/1.1" 200 (14 ms)
[17/Sep/2022:11:13:10 +0800] 0:0:0:0:0:0:0:1 "GET /budget/division/tree?rootId=&projectId=3 HTTP/1.1" 200 (19 ms)
[17/Sep/2022:11:13:37 +0800] 0:0:0:0:0:0:0:1 "GET /project/fetch?ownId=0 HTTP/1.1" 200 (19 ms)
[17/Sep/2022:11:13:37 +0800] 0:0:0:0:0:0:0:1 "GET /project/tree?ownId=3&rootId=3 HTTP/1.1" 200 (22 ms)
[17/Sep/2022:11:13:48 +0800] 0:0:0:0:0:0:0:1 "GET /project/tree?ownId=2&rootId=2 HTTP/1.1" 200 (18 ms)
[17/Sep/2022:11:13:59 +0800] 0:0:0:0:0:0:0:1 "GET /project/tree?rootId=0 HTTP/1.1" 200 (21 ms)
[17/Sep/2022:11:13:59 +0800] 0:0:0:0:0:0:0:1 "GET /budget/division/tree?rootId=&projectId=3 HTTP/1.1" 200 (20 ms)
[17/Sep/2022:11:14:04 +0800] 0:0:0:0:0:0:0:1 "GET /budget/division/tree?rootId=&projectId=13 HTTP/1.1" 200 (14 ms)
[17/Sep/2022:11:16:21 +0800] 0:0:0:0:0:0:0:1 "GET /budget/division/tree?rootId=&projectId=4 HTTP/1.1" 200 (22 ms)
[17/Sep/2022:11:20:17 +0800] 0:0:0:0:0:0:0:1 "GET /budget/division/tree?rootId=&projectId=13 HTTP/1.1" 200 (20 ms)
[17/Sep/2022:11:20:19 +0800] 0:0:0:0:0:0:0:1 "GET /budget/division/tree?rootId=&projectId=13 HTTP/1.1" 200 (14 ms)
[17/Sep/2022:11:20:23 +0800] 0:0:0:0:0:0:0:1 "GET /budget/division/tree?rootId=&projectId=3 HTTP/1.1" 200 (18 ms)
[17/Sep/2022:11:29:22 +0800] 0:0:0:0:0:0:0:1 "GET /project/fetch?ownId=0 HTTP/1.1" 200 (42 ms)
[17/Sep/2022:13:56:25 +0800] 0:0:0:0:0:0:0:1 "GET /project/fetch?ownId=0 HTTP/1.1" 200 (1193 ms)
[17/Sep/2022:13:57:20 +0800] 0:0:0:0:0:0:0:1 "GET /project/fetch?ownId=0 HTTP/1.1" 200 (29 ms)
[17/Sep/2022:13:57:20 +0800] 0:0:0:0:0:0:0:1 "GET /project/tree?ownId=3&rootId=3 HTTP/1.1" 200 (25 ms)
[17/Sep/2022:13:57:22 +0800] 0:0:0:0:0:0:0:1 "GET /project/tree?ownId=2&rootId=2 HTTP/1.1" 200 (22 ms)
[17/Sep/2022:13:57:55 +0800] 0:0:0:0:0:0:0:1 "GET /project/tree?rootId=0 HTTP/1.1" 200 (38 ms)
[17/Sep/2022:13:57:55 +0800] 0:0:0:0:0:0:0:1 "GET /budget/division/tree?rootId=&projectId=3 HTTP/1.1" 200 (154 ms)
[17/Sep/2022:14:04:15 +0800] 0:0:0:0:0:0:0:1 "GET /project/tree?rootId=0 HTTP/1.1" 200 (45 ms)
[17/Sep/2022:14:04:15 +0800] 0:0:0:0:0:0:0:1 "GET /budget/division/tree?rootId=&projectId=3 HTTP/1.1" 200 (52 ms)
[17/Sep/2022:14:06:21 +0800] 0:0:0:0:0:0:0:1 "GET /project/tree?rootId=0 HTTP/1.1" 200 (29 ms)
[17/Sep/2022:14:06:21 +0800] 0:0:0:0:0:0:0:1 "GET /budget/division/tree?rootId=&projectId=3 HTTP/1.1" 200 (24 ms)
[17/Sep/2022:14:06:42 +0800] 0:0:0:0:0:0:0:1 "GET /project/tree?rootId=0 HTTP/1.1" 200 (24 ms)
[17/Sep/2022:14:06:42 +0800] 0:0:0:0:0:0:0:1 "GET /budget/division/tree?rootId=&projectId=3 HTTP/1.1" 200 (66 ms)
[17/Sep/2022:14:08:44 +0800] 0:0:0:0:0:0:0:1 "GET /project/tree?rootId=0 HTTP/1.1" 200 (32 ms)
[17/Sep/2022:14:08:44 +0800] 0:0:0:0:0:0:0:1 "GET /budget/division/tree?rootId=&projectId=3 HTTP/1.1" 200 (19 ms)
[17/Sep/2022:14:09:11 +0800] 0:0:0:0:0:0:0:1 "GET /project/tree?rootId=0 HTTP/1.1" 200 (33 ms)
[17/Sep/2022:14:09:11 +0800] 0:0:0:0:0:0:0:1 "GET /budget/division/tree?rootId=&projectId=3 HTTP/1.1" 200 (42 ms)
[17/Sep/2022:14:09:25 +0800] 0:0:0:0:0:0:0:1 "GET /project/tree?rootId=0 HTTP/1.1" 200 (22 ms)
[17/Sep/2022:14:09:25 +0800] 0:0:0:0:0:0:0:1 "GET /budget/division/tree?rootId=&projectId=3 HTTP/1.1" 200 (32 ms)
[17/Sep/2022:14:10:17 +0800] 0:0:0:0:0:0:0:1 "GET /project/tree?rootId=0 HTTP/1.1" 200 (24 ms)
[17/Sep/2022:14:10:17 +0800] 0:0:0:0:0:0:0:1 "GET /budget/division/tree?rootId=&projectId=3 HTTP/1.1" 200 (57 ms)
[17/Sep/2022:14:15:55 +0800] 0:0:0:0:0:0:0:1 "GET /project/tree?rootId=0 HTTP/1.1" 200 (46 ms)
[17/Sep/2022:14:15:55 +0800] 0:0:0:0:0:0:0:1 "GET /budget/division/tree?rootId=&projectId=3 HTTP/1.1" 200 (36 ms)
[17/Sep/2022:14:17:02 +0800] 0:0:0:0:0:0:0:1 "GET /project/tree?rootId=0 HTTP/1.1" 200 (39 ms)
[17/Sep/2022:14:17:02 +0800] 0:0:0:0:0:0:0:1 "GET /budget/division/tree?rootId=&projectId=3 HTTP/1.1" 200 (40 ms)
[17/Sep/2022:14:18:18 +0800] 0:0:0:0:0:0:0:1 "GET /project/tree?rootId=0 HTTP/1.1" 200 (39 ms)
[17/Sep/2022:14:18:18 +0800] 0:0:0:0:0:0:0:1 "GET /budget/division/tree?rootId=&projectId=3 HTTP/1.1" 200 (37 ms)
[17/Sep/2022:14:19:06 +0800] 0:0:0:0:0:0:0:1 "GET /project/tree?rootId=0 HTTP/1.1" 200 (36 ms)
[17/Sep/2022:14:19:06 +0800] 0:0:0:0:0:0:0:1 "GET /budget/division/tree?rootId=&projectId=3 HTTP/1.1" 200 (34 ms)
[17/Sep/2022:14:33:53 +0800] 0:0:0:0:0:0:0:1 "GET /project/tree?rootId=0 HTTP/1.1" 200 (58 ms)
[17/Sep/2022:14:33:54 +0800] 0:0:0:0:0:0:0:1 "GET /budget/division/tree?rootId=&projectId=3 HTTP/1.1" 200 (44 ms)
[17/Sep/2022:14:41:03 +0800] 0:0:0:0:0:0:0:1 "GET /project/tree?rootId=0 HTTP/1.1" 200 (40 ms)
[17/Sep/2022:14:41:10 +0800] 0:0:0:0:0:0:0:1 "GET /budget/division/tree?rootId=&projectId=3 HTTP/1.1" 200 (6971 ms)
[17/Sep/2022:14:41:40 +0800] 0:0:0:0:0:0:0:1 "GET /project/tree?rootId=0 HTTP/1.1" 200 (41 ms)
[17/Sep/2022:14:41:40 +0800] 0:0:0:0:0:0:0:1 "GET /budget/division/tree?rootId=&projectId=3 HTTP/1.1" 200 (44 ms)
[17/Sep/2022:14:44:21 +0800] 0:0:0:0:0:0:0:1 "GET /project/tree?rootId=0 HTTP/1.1" 200 (46 ms)
[17/Sep/2022:14:44:21 +0800] 0:0:0:0:0:0:0:1 "GET /budget/division/tree?rootId=&projectId=3 HTTP/1.1" 200 (42 ms)
[17/Sep/2022:14:44:59 +0800] 0:0:0:0:0:0:0:1 "GET /project/tree?rootId=0 HTTP/1.1" 200 (25 ms)
[17/Sep/2022:14:44:59 +0800] 0:0:0:0:0:0:0:1 "GET /budget/division/tree?rootId=&projectId=3 HTTP/1.1" 200 (28 ms)
[17/Sep/2022:14:47:01 +0800] 0:0:0:0:0:0:0:1 "GET /project/tree?rootId=0 HTTP/1.1" 200 (28 ms)
[17/Sep/2022:14:47:01 +0800] 0:0:0:0:0:0:0:1 "GET /budget/division/tree?rootId=&projectId=3 HTTP/1.1" 200 (48 ms)
[17/Sep/2022:14:50:16 +0800] 0:0:0:0:0:0:0:1 "GET /project/tree?rootId=0 HTTP/1.1" 200 (53 ms)
[17/Sep/2022:14:50:16 +0800] 0:0:0:0:0:0:0:1 "GET /budget/division/tree?rootId=&projectId=3 HTTP/1.1" 200 (37 ms)
[17/Sep/2022:15:02:56 +0800] 0:0:0:0:0:0:0:1 "GET /project/tree?rootId=0 HTTP/1.1" 200 (33 ms)
[17/Sep/2022:15:02:56 +0800] 0:0:0:0:0:0:0:1 "GET /budget/division/tree?rootId=&projectId=3 HTTP/1.1" 200 (21 ms)
[17/Sep/2022:15:04:55 +0800] 0:0:0:0:0:0:0:1 "GET /project/tree?rootId=0 HTTP/1.1" 200 (41 ms)
[17/Sep/2022:15:04:55 +0800] 0:0:0:0:0:0:0:1 "GET /budget/division/tree?rootId=&projectId=3 HTTP/1.1" 200 (34 ms)
[17/Sep/2022:15:06:23 +0800] 0:0:0:0:0:0:0:1 "GET /project/tree?rootId=0 HTTP/1.1" 200 (37 ms)
[17/Sep/2022:15:06:24 +0800] 0:0:0:0:0:0:0:1 "GET /budget/division/tree?rootId=&projectId=3 HTTP/1.1" 200 (35 ms)
[17/Sep/2022:15:06:43 +0800] 0:0:0:0:0:0:0:1 "GET /project/tree?rootId=0 HTTP/1.1" 200 (32 ms)
[17/Sep/2022:15:06:43 +0800] 0:0:0:0:0:0:0:1 "GET /budget/division/tree?rootId=&projectId=3 HTTP/1.1" 200 (33 ms)
[17/Sep/2022:15:07:45 +0800] 0:0:0:0:0:0:0:1 "GET /project/tree?rootId=0 HTTP/1.1" 200 (33 ms)
[17/Sep/2022:15:07:45 +0800] 0:0:0:0:0:0:0:1 "GET /budget/division/tree?rootId=&projectId=3 HTTP/1.1" 200 (27 ms)
[17/Sep/2022:15:08:06 +0800] 0:0:0:0:0:0:0:1 "GET /project/tree?rootId=0 HTTP/1.1" 200 (22 ms)
[17/Sep/2022:15:08:06 +0800] 0:0:0:0:0:0:0:1 "GET /budget/division/tree?rootId=&projectId=3 HTTP/1.1" 200 (45 ms)
[17/Sep/2022:15:15:29 +0800] 0:0:0:0:0:0:0:1 "GET /project/tree?rootId=0 HTTP/1.1" 200 (35 ms)
[17/Sep/2022:15:15:29 +0800] 0:0:0:0:0:0:0:1 "GET /budget/division/tree?rootId=&projectId=3 HTTP/1.1" 200 (31 ms)
[17/Sep/2022:15:18:46 +0800] 0:0:0:0:0:0:0:1 "GET /project/tree?rootId=0 HTTP/1.1" 200 (29 ms)
[17/Sep/2022:15:18:46 +0800] 0:0:0:0:0:0:0:1 "GET /budget/division/tree?rootId=&projectId=3 HTTP/1.1" 200 (25 ms)
[17/Sep/2022:15:19:09 +0800] 0:0:0:0:0:0:0:1 "OPTIONS /budget/division/push HTTP/1.1" 200 (10 ms)
[17/Sep/2022:15:19:10 +0800] 0:0:0:0:0:0:0:1 "POST /budget/division/push HTTP/1.1" 200 (410 ms)
[17/Sep/2022:15:23:37 +0800] 0:0:0:0:0:0:0:1 "GET /project/fetch?ownId=0 HTTP/1.1" 200 (89 ms)
[17/Sep/2022:15:23:37 +0800] 0:0:0:0:0:0:0:1 "GET /project/tree?ownId=3&rootId=3 HTTP/1.1" 200 (23 ms)
[17/Sep/2022:15:23:41 +0800] 0:0:0:0:0:0:0:1 "GET /project/tree?ownId=2&rootId=2 HTTP/1.1" 200 (19 ms)
[17/Sep/2022:15:25:37 +0800] 0:0:0:0:0:0:0:1 "GET /project/tree?rootId=0 HTTP/1.1" 200 (39 ms)
[17/Sep/2022:15:25:37 +0800] 0:0:0:0:0:0:0:1 "GET /budget/division/tree?rootId=&projectId=3 HTTP/1.1" 200 (23 ms)
[17/Sep/2022:15:26:31 +0800] 0:0:0:0:0:0:0:1 "GET /budget/division/tree?rootId=&projectId=2 HTTP/1.1" 200 (15 ms)
[17/Sep/2022:15:26:32 +0800] 0:0:0:0:0:0:0:1 "GET /budget/division/tree?rootId=&projectId=9 HTTP/1.1" 200 (16 ms)
[17/Sep/2022:15:27:37 +0800] 0:0:0:0:0:0:0:1 "GET /project/fetch?ownId=0 HTTP/1.1" 200 (34 ms)
[17/Sep/2022:15:27:37 +0800] 0:0:0:0:0:0:0:1 "GET /project/tree?ownId=3&rootId=3 HTTP/1.1" 200 (24 ms)
[17/Sep/2022:15:27:39 +0800] 0:0:0:0:0:0:0:1 "GET /construction/fetch HTTP/1.1" 200 (374 ms)
[17/Sep/2022:15:29:12 +0800] 0:0:0:0:0:0:0:1 "GET /project/tree?rootId=0 HTTP/1.1" 200 (48 ms)
[17/Sep/2022:15:29:12 +0800] 0:0:0:0:0:0:0:1 "GET /budget/division/tree?rootId=&projectId=3 HTTP/1.1" 200 (28 ms)
[17/Sep/2022:15:56:15 +0800] 0:0:0:0:0:0:0:1 "GET /project/fetch?ownId=0 HTTP/1.1" 200 (37 ms)
[17/Sep/2022:15:56:15 +0800] 0:0:0:0:0:0:0:1 "GET /project/tree?ownId=3&rootId=3 HTTP/1.1" 200 (22 ms)
[17/Sep/2022:15:56:18 +0800] 0:0:0:0:0:0:0:1 "GET /project/tree?ownId=2&rootId=2 HTTP/1.1" 200 (17 ms)
[17/Sep/2022:15:57:14 +0800] 0:0:0:0:0:0:0:1 "GET /project/tree?ownId=2&rootId=2 HTTP/1.1" 200 (19 ms)
[17/Sep/2022:15:57:14 +0800] 0:0:0:0:0:0:0:1 "GET /project/tree?ownId=6&rootId=6 HTTP/1.1" 200 (16 ms)
[17/Sep/2022:15:57:15 +0800] 0:0:0:0:0:0:0:1 "GET /project/tree?ownId=5&rootId=5 HTTP/1.1" 200 (15 ms)
[17/Sep/2022:15:57:16 +0800] 0:0:0:0:0:0:0:1 "GET /project/tree?ownId=4&rootId=4 HTTP/1.1" 200 (15 ms)
[17/Sep/2022:15:57:16 +0800] 0:0:0:0:0:0:0:1 "GET /project/tree?ownId=3&rootId=3 HTTP/1.1" 200 (18 ms)
[17/Sep/2022:15:57:18 +0800] 0:0:0:0:0:0:0:1 "GET /project/tree?ownId=2&rootId=2 HTTP/1.1" 200 (19 ms)
[17/Sep/2022:15:57:46 +0800] 0:0:0:0:0:0:0:1 "GET /project/tree?rootId=0 HTTP/1.1" 200 (28 ms)
[17/Sep/2022:15:57:46 +0800] 0:0:0:0:0:0:0:1 "GET /budget/division/tree?rootId=&projectId=3 HTTP/1.1" 200 (24 ms)
[17/Sep/2022:15:58:07 +0800] 0:0:0:0:0:0:0:1 "GET /budget/division/tree?rootId=&projectId=2 HTTP/1.1" 200 (14 ms)
[17/Sep/2022:15:58:09 +0800] 0:0:0:0:0:0:0:1 "GET /budget/division/tree?rootId=&projectId=9 HTTP/1.1" 200 (16 ms)
[17/Sep/2022:15:58:10 +0800] 0:0:0:0:0:0:0:1 "GET /budget/division/tree?rootId=&projectId=7 HTTP/1.1" 200 (14 ms)
[17/Sep/2022:15:58:11 +0800] 0:0:0:0:0:0:0:1 "GET /budget/division/tree?rootId=&projectId=11 HTTP/1.1" 200 (14 ms)
[17/Sep/2022:15:58:11 +0800] 0:0:0:0:0:0:0:1 "GET /budget/division/tree?rootId=&projectId=8 HTTP/1.1" 200 (15 ms)
[17/Sep/2022:15:58:12 +0800] 0:0:0:0:0:0:0:1 "GET /budget/division/tree?rootId=&projectId=9 HTTP/1.1" 200 (14 ms)
[17/Sep/2022:15:58:12 +0800] 0:0:0:0:0:0:0:1 "GET /budget/division/tree?rootId=&projectId=2 HTTP/1.1" 200 (14 ms)
[17/Sep/2022:15:58:13 +0800] 0:0:0:0:0:0:0:1 "GET /budget/division/tree?rootId=&projectId=6 HTTP/1.1" 200 (14 ms)
[17/Sep/2022:15:58:13 +0800] 0:0:0:0:0:0:0:1 "GET /budget/division/tree?rootId=&projectId=5 HTTP/1.1" 200 (14 ms)
[17/Sep/2022:15:58:14 +0800] 0:0:0:0:0:0:0:1 "GET /budget/division/tree?rootId=&projectId=4 HTTP/1.1" 200 (15 ms)
[17/Sep/2022:15:58:14 +0800] 0:0:0:0:0:0:0:1 "GET /budget/division/tree?rootId=&projectId=3 HTTP/1.1" 200 (21 ms)
[17/Sep/2022:16:07:36 +0800] 0:0:0:0:0:0:0:1 "GET /project/tree?rootId=0 HTTP/1.1" 200 (42 ms)
[17/Sep/2022:16:07:36 +0800] 0:0:0:0:0:0:0:1 "GET /budget/division/tree?rootId=&projectId=3 HTTP/1.1" 200 (33 ms)
[17/Sep/2022:16:07:47 +0800] 0:0:0:0:0:0:0:1 "GET /project/tree?rootId=0 HTTP/1.1" 200 (24 ms)
[17/Sep/2022:16:07:47 +0800] 0:0:0:0:0:0:0:1 "GET /budget/division/tree?rootId=&projectId=3 HTTP/1.1" 200 (46 ms)
[17/Sep/2022:16:28:56 +0800] 0:0:0:0:0:0:0:1 "GET /project/tree?rootId=0 HTTP/1.1" 200 (1010 ms)
[17/Sep/2022:16:28:56 +0800] 0:0:0:0:0:0:0:1 "GET /budget/division/tree?rootId=&projectId=3 HTTP/1.1" 200 (23 ms)
[17/Sep/2022:16:29:10 +0800] 0:0:0:0:0:0:0:1 "GET /project/fetch?ownId=0 HTTP/1.1" 200 (33 ms)
[17/Sep/2022:16:29:21 +0800] 0:0:0:0:0:0:0:1 "OPTIONS /project/push HTTP/1.1" 200 (6 ms)
[17/Sep/2022:16:29:21 +0800] 0:0:0:0:0:0:0:1 "POST /project/push HTTP/1.1" 200 (417 ms)
[17/Sep/2022:16:29:21 +0800] 0:0:0:0:0:0:0:1 "GET /project/fetch?ownId=0 HTTP/1.1" 200 (24 ms)
[17/Sep/2022:16:29:35 +0800] 0:0:0:0:0:0:0:1 "POST /project/push HTTP/1.1" 200 (324 ms)
[17/Sep/2022:16:29:35 +0800] 0:0:0:0:0:0:0:1 "GET /project/fetch?ownId=0 HTTP/1.1" 200 (34 ms)
[17/Sep/2022:16:29:39 +0800] 0:0:0:0:0:0:0:1 "GET /project/fetch?ownId=0 HTTP/1.1" 200 (37 ms)
[17/Sep/2022:16:29:39 +0800] 0:0:0:0:0:0:0:1 "GET /project/tree?ownId=3&rootId=3 HTTP/1.1" 200 (25 ms)
[17/Sep/2022:16:29:48 +0800] 0:0:0:0:0:0:0:1 "POST /project/push HTTP/1.1" 200 (333 ms)
[17/Sep/2022:16:29:48 +0800] 0:0:0:0:0:0:0:1 "GET /project/tree?ownId=3&rootId=3 HTTP/1.1" 200 (24 ms)
[17/Sep/2022:16:29:51 +0800] 0:0:0:0:0:0:0:1 "GET /project/tree?ownId=4&rootId=4 HTTP/1.1" 200 (19 ms)
[17/Sep/2022:16:29:53 +0800] 0:0:0:0:0:0:0:1 "GET /project/tree?ownId=2&rootId=2 HTTP/1.1" 200 (18 ms)
[17/Sep/2022:16:30:01 +0800] 0:0:0:0:0:0:0:1 "POST /project/push HTTP/1.1" 200 (127 ms)
[17/Sep/2022:16:30:01 +0800] 0:0:0:0:0:0:0:1 "GET /project/tree?ownId=2&rootId=2 HTTP/1.1" 200 (30 ms)
[17/Sep/2022:16:30:51 +0800] 0:0:0:0:0:0:0:1 "GET /project/tree?rootId=0 HTTP/1.1" 200 (34 ms)
[17/Sep/2022:16:30:51 +0800] 0:0:0:0:0:0:0:1 "GET /budget/division/tree?rootId=&projectId=3 HTTP/1.1" 200 (20 ms)
[17/Sep/2022:16:34:05 +0800] 0:0:0:0:0:0:0:1 "GET /project/tree?rootId=0 HTTP/1.1" 200 (31 ms)
[17/Sep/2022:16:34:06 +0800] 0:0:0:0:0:0:0:1 "GET /budget/division/tree?rootId=&projectId=3 HTTP/1.1" 200 (12 ms)
[17/Sep/2022:16:34:56 +0800] 0:0:0:0:0:0:0:1 "GET /project/tree?rootId=0 HTTP/1.1" 200 (20 ms)
[17/Sep/2022:16:34:56 +0800] 0:0:0:0:0:0:0:1 "GET /budget/division/tree?rootId=&ownId=3 HTTP/1.1" 200 (29 ms)
[17/Sep/2022:16:35:36 +0800] 0:0:0:0:0:0:0:1 "GET /project/tree?rootId=0 HTTP/1.1" 200 (19 ms)
[17/Sep/2022:16:35:36 +0800] 0:0:0:0:0:0:0:1 "GET /budget/division/tree?rootId=&ownId=3 HTTP/1.1" 200 (22 ms)
[17/Sep/2022:16:35:46 +0800] 0:0:0:0:0:0:0:1 "GET /project/tree?rootId=0 HTTP/1.1" 200 (21 ms)
[17/Sep/2022:16:35:46 +0800] 0:0:0:0:0:0:0:1 "GET /budget/division/tree?rootId=&ownId=3 HTTP/1.1" 200 (20 ms)
[17/Sep/2022:16:35:52 +0800] 0:0:0:0:0:0:0:1 "GET /project/tree?rootId=0 HTTP/1.1" 200 (22 ms)
[17/Sep/2022:16:35:52 +0800] 0:0:0:0:0:0:0:1 "GET /budget/division/tree?rootId=&ownId=3 HTTP/1.1" 200 (27 ms)
[17/Sep/2022:16:36:29 +0800] 0:0:0:0:0:0:0:1 "GET /project/tree?rootId=0 HTTP/1.1" 200 (32 ms)
[17/Sep/2022:16:36:29 +0800] 0:0:0:0:0:0:0:1 "GET /budget/division/tree?rootId=&ownId=3 HTTP/1.1" 200 (22 ms)
[17/Sep/2022:16:36:38 +0800] 0:0:0:0:0:0:0:1 "GET /project/tree?rootId=0 HTTP/1.1" 200 (34 ms)
[17/Sep/2022:16:36:38 +0800] 0:0:0:0:0:0:0:1 "GET /budget/division/tree?rootId=&ownId=3 HTTP/1.1" 200 (49 ms)
[17/Sep/2022:16:36:44 +0800] 0:0:0:0:0:0:0:1 "GET /budget/division/tree?rootId=&ownId=2 HTTP/1.1" 200 (15 ms)
[17/Sep/2022:16:36:45 +0800] 0:0:0:0:0:0:0:1 "GET /budget/division/tree?rootId=&ownId=3 HTTP/1.1" 200 (21 ms)
[17/Sep/2022:16:36:49 +0800] 0:0:0:0:0:0:0:1 "OPTIONS /budget/division/push HTTP/1.1" 200 (2 ms)
[17/Sep/2022:16:36:49 +0800] 0:0:0:0:0:0:0:1 "POST /budget/division/push HTTP/1.1" 200 (463 ms)
[17/Sep/2022:16:36:56 +0800] 0:0:0:0:0:0:0:1 "POST /budget/division/push HTTP/1.1" 200 (121 ms)
[17/Sep/2022:16:36:59 +0800] 0:0:0:0:0:0:0:1 "POST /budget/division/push HTTP/1.1" 200 (9 ms)
[17/Sep/2022:16:37:03 +0800] 0:0:0:0:0:0:0:1 "GET /project/tree?rootId=0 HTTP/1.1" 200 (35 ms)
[17/Sep/2022:16:37:03 +0800] 0:0:0:0:0:0:0:1 "GET /budget/division/tree?rootId=&ownId=3 HTTP/1.1" 200 (62 ms)
[17/Sep/2022:16:38:43 +0800] 0:0:0:0:0:0:0:1 "POST /budget/division/push HTTP/1.1" 200 (365 ms)
[17/Sep/2022:16:38:46 +0800] 0:0:0:0:0:0:0:1 "GET /project/tree?rootId=0 HTTP/1.1" 200 (23 ms)
[17/Sep/2022:16:38:46 +0800] 0:0:0:0:0:0:0:1 "GET /budget/division/tree?rootId=&ownId=3 HTTP/1.1" 200 (27 ms)
[17/Sep/2022:16:38:54 +0800] 0:0:0:0:0:0:0:1 "POST /budget/division/push HTTP/1.1" 200 (10 ms)
[17/Sep/2022:16:40:26 +0800] 0:0:0:0:0:0:0:1 "POST /budget/division/push HTTP/1.1" 200 (11 ms)
[17/Sep/2022:16:45:00 +0800] 0:0:0:0:0:0:0:1 "GET /project/tree?rootId=0 HTTP/1.1" 200 (24 ms)
[17/Sep/2022:16:45:00 +0800] 0:0:0:0:0:0:0:1 "GET /budget/division/tree?rootId=&ownId=3 HTTP/1.1" 200 (18 ms)
[17/Sep/2022:16:45:10 +0800] 0:0:0:0:0:0:0:1 "GET /project/tree?rootId=0 HTTP/1.1" 200 (23 ms)
[17/Sep/2022:16:45:11 +0800] 0:0:0:0:0:0:0:1 "GET /budget/division/tree?rootId=&ownId=3 HTTP/1.1" 200 (28 ms)
[17/Sep/2022:16:45:23 +0800] 0:0:0:0:0:0:0:1 "POST /budget/division/push HTTP/1.1" 200 (343 ms)
[17/Sep/2022:16:45:27 +0800] 0:0:0:0:0:0:0:1 "POST /budget/division/push HTTP/1.1" 200 (9 ms)
[17/Sep/2022:16:46:14 +0800] 0:0:0:0:0:0:0:1 "GET /project/tree?rootId=0 HTTP/1.1" 200 (32 ms)
[17/Sep/2022:16:46:14 +0800] 0:0:0:0:0:0:0:1 "GET /budget/division/tree?rootId=&ownId=3 HTTP/1.1" 200 (44 ms)
[17/Sep/2022:16:48:50 +0800] 0:0:0:0:0:0:0:1 "GET /project/tree?rootId=0 HTTP/1.1" 200 (25 ms)
[17/Sep/2022:16:48:50 +0800] 0:0:0:0:0:0:0:1 "GET /budget/division/tree?rootId=&ownId=3 HTTP/1.1" 200 (23 ms)
[17/Sep/2022:16:48:52 +0800] 0:0:0:0:0:0:0:1 "GET /project/tree?rootId=0 HTTP/1.1" 200 (30 ms)
[17/Sep/2022:16:48:52 +0800] 0:0:0:0:0:0:0:1 "GET /budget/division/tree?rootId=&ownId=3 HTTP/1.1" 200 (27 ms)
[17/Sep/2022:16:49:02 +0800] 0:0:0:0:0:0:0:1 "POST /budget/division/push HTTP/1.1" 200 (436 ms)
[17/Sep/2022:16:51:58 +0800] 0:0:0:0:0:0:0:1 "POST /budget/division/push HTTP/1.1" 200 (14 ms)
[17/Sep/2022:16:53:05 +0800] 0:0:0:0:0:0:0:1 "GET /project/tree?rootId=0 HTTP/1.1" 200 (23 ms)
[17/Sep/2022:16:53:05 +0800] 0:0:0:0:0:0:0:1 "GET /budget/division/tree?rootId=&ownId=3 HTTP/1.1" 200 (20 ms)
[17/Sep/2022:16:53:10 +0800] 0:0:0:0:0:0:0:1 "GET /project/tree?rootId=0 HTTP/1.1" 200 (25 ms)
[17/Sep/2022:16:53:10 +0800] 0:0:0:0:0:0:0:1 "GET /budget/division/tree?rootId=&ownId=3 HTTP/1.1" 200 (36 ms)
[17/Sep/2022:16:53:52 +0800] 0:0:0:0:0:0:0:1 "POST /budget/division/push HTTP/1.1" 200 (403 ms)
[17/Sep/2022:16:53:59 +0800] 0:0:0:0:0:0:0:1 "POST /budget/division/push HTTP/1.1" 200 (9 ms)
[17/Sep/2022:16:57:15 +0800] 0:0:0:0:0:0:0:1 "GET /project/tree?rootId=0 HTTP/1.1" 200 (36 ms)
[17/Sep/2022:16:57:15 +0800] 0:0:0:0:0:0:0:1 "GET /budget/division/tree?rootId=&ownId=3 HTTP/1.1" 200 (18 ms)
[17/Sep/2022:16:57:19 +0800] 0:0:0:0:0:0:0:1 "GET /project/tree?rootId=0 HTTP/1.1" 200 (33 ms)
[17/Sep/2022:16:57:19 +0800] 0:0:0:0:0:0:0:1 "GET /budget/division/tree?rootId=&ownId=3 HTTP/1.1" 200 (52 ms)
[17/Sep/2022:16:57:26 +0800] 0:0:0:0:0:0:0:1 "POST /budget/division/push HTTP/1.1" 200 (342 ms)
[17/Sep/2022:16:57:33 +0800] 0:0:0:0:0:0:0:1 "POST /budget/division/push HTTP/1.1" 200 (5 ms)
[17/Sep/2022:17:02:00 +0800] 0:0:0:0:0:0:0:1 "POST /budget/division/push HTTP/1.1" 200 (314 ms)
[17/Sep/2022:17:03:02 +0800] 0:0:0:0:0:0:0:1 "GET /project/tree?rootId=0 HTTP/1.1" 200 (64 ms)
[17/Sep/2022:17:03:02 +0800] 0:0:0:0:0:0:0:1 "GET /budget/division/tree?rootId=&ownId=3 HTTP/1.1" 200 (54 ms)
[17/Sep/2022:17:03:07 +0800] 0:0:0:0:0:0:0:1 "POST /budget/division/push HTTP/1.1" 200 (341 ms)
[17/Sep/2022:17:03:17 +0800] 0:0:0:0:0:0:0:1 "POST /budget/division/push HTTP/1.1" 200 (6 ms)
[17/Sep/2022:17:07:02 +0800] 0:0:0:0:0:0:0:1 "GET /project/tree?rootId=0 HTTP/1.1" 200 (40 ms)
[17/Sep/2022:17:07:02 +0800] 0:0:0:0:0:0:0:1 "GET /budget/division/tree?rootId=&ownId=3 HTTP/1.1" 200 (29 ms)
[17/Sep/2022:17:07:11 +0800] 0:0:0:0:0:0:0:1 "OPTIONS /budget/division/push HTTP/1.1" 200 (1 ms)
[17/Sep/2022:17:07:12 +0800] 0:0:0:0:0:0:0:1 "POST /budget/division/push HTTP/1.1" 200 (312 ms)
[17/Sep/2022:17:11:29 +0800] 0:0:0:0:0:0:0:1 "GET /project/tree?rootId=0 HTTP/1.1" 200 (24 ms)
[17/Sep/2022:17:11:29 +0800] 0:0:0:0:0:0:0:1 "GET /budget/division/tree?rootId=&ownId=3 HTTP/1.1" 200 (20 ms)
[17/Sep/2022:17:14:59 +0800] 0:0:0:0:0:0:0:1 "GET /project/tree?rootId=0 HTTP/1.1" 200 (38 ms)
[17/Sep/2022:17:14:59 +0800] 0:0:0:0:0:0:0:1 "GET /budget/division/tree?rootId=&ownId=3 HTTP/1.1" 200 (31 ms)
[17/Sep/2022:17:15:10 +0800] 0:0:0:0:0:0:0:1 "POST /budget/division/push HTTP/1.1" 200 (428 ms)
[17/Sep/2022:17:16:20 +0800] 0:0:0:0:0:0:0:1 "POST /budget/division/push HTTP/1.1" 200 (343 ms)
[17/Sep/2022:17:17:51 +0800] 0:0:0:0:0:0:0:1 "GET /project/tree?rootId=0 HTTP/1.1" 200 (48 ms)
[17/Sep/2022:17:17:51 +0800] 0:0:0:0:0:0:0:1 "GET /budget/division/tree?rootId=&ownId=3 HTTP/1.1" 200 (29 ms)
[17/Sep/2022:17:18:02 +0800] 0:0:0:0:0:0:0:1 "POST /budget/division/push HTTP/1.1" 200 (309 ms)
[17/Sep/2022:17:20:05 +0800] 0:0:0:0:0:0:0:1 "GET /project/tree?rootId=0 HTTP/1.1" 200 (41 ms)
[17/Sep/2022:17:20:05 +0800] 0:0:0:0:0:0:0:1 "GET /budget/division/tree?rootId=&ownId=3 HTTP/1.1" 200 (27 ms)
[17/Sep/2022:17:27:44 +0800] 0:0:0:0:0:0:0:1 "GET /budget/division/tree?rootId=&ownId=3 HTTP/1.1" 200 (882 ms)
[17/Sep/2022:17:27:44 +0800] 0:0:0:0:0:0:0:1 "GET /favicon.ico HTTP/1.1" 404 (45 ms)
[17/Sep/2022:17:28:17 +0800] 0:0:0:0:0:0:0:1 "POST /budget/division/push HTTP/1.1" 200 (428 ms)
[17/Sep/2022:17:29:40 +0800] 0:0:0:0:0:0:0:1 "GET /project/tree?rootId=0 HTTP/1.1" 200 (52 ms)
[17/Sep/2022:17:29:40 +0800] 0:0:0:0:0:0:0:1 "GET /budget/division/tree?rootId=&ownId=3 HTTP/1.1" 200 (43 ms)
[17/Sep/2022:17:29:44 +0800] 0:0:0:0:0:0:0:1 "GET /budget/division/tree?rootId=&ownId=13 HTTP/1.1" 200 (18 ms)
[17/Sep/2022:17:29:49 +0800] 0:0:0:0:0:0:0:1 "GET /budget/division/tree?rootId=&ownId=11 HTTP/1.1" 200 (15 ms)
[17/Sep/2022:17:29:56 +0800] 0:0:0:0:0:0:0:1 "OPTIONS /budget/import/ HTTP/1.1" 200 (5 ms)
[17/Sep/2022:17:29:57 +0800] 0:0:0:0:0:0:0:1 "POST /budget/import/ HTTP/1.1" 200 (868 ms)
[17/Sep/2022:17:29:59 +0800] 0:0:0:0:0:0:0:1 "GET /budget/division/tree?rootId=&ownId=8 HTTP/1.1" 200 (15 ms)
[17/Sep/2022:17:30:01 +0800] 0:0:0:0:0:0:0:1 "GET /budget/division/tree?rootId=&ownId=11 HTTP/1.1" 200 (20 ms)
[17/Sep/2022:17:34:32 +0800] 0:0:0:0:0:0:0:1 "GET /project/tree?rootId=0 HTTP/1.1" 200 (1071 ms)
[17/Sep/2022:17:34:32 +0800] 0:0:0:0:0:0:0:1 "GET /budget/division/tree?rootId=&ownId=3 HTTP/1.1" 200 (32 ms)
[17/Sep/2022:17:34:35 +0800] 0:0:0:0:0:0:0:1 "GET /budget/division/tree?rootId=&ownId=2 HTTP/1.1" 200 (16 ms)
[17/Sep/2022:17:34:37 +0800] 0:0:0:0:0:0:0:1 "GET /budget/division/tree?rootId=&ownId=11 HTTP/1.1" 200 (16 ms)
[17/Sep/2022:17:34:42 +0800] 0:0:0:0:0:0:0:1 "POST /budget/import/ HTTP/1.1" 200 (777 ms)
[17/Sep/2022:17:34:46 +0800] 0:0:0:0:0:0:0:1 "GET /budget/division/tree?rootId=&ownId=8 HTTP/1.1" 200 (15 ms)
[17/Sep/2022:17:34:47 +0800] 0:0:0:0:0:0:0:1 "GET /budget/division/tree?rootId=&ownId=11 HTTP/1.1" 200 (25 ms)
[17/Sep/2022:17:34:49 +0800] 0:0:0:0:0:0:0:1 "GET /budget/division/tree?rootId=&ownId=8 HTTP/1.1" 200 (15 ms)
[17/Sep/2022:17:34:49 +0800] 0:0:0:0:0:0:0:1 "GET /budget/division/tree?rootId=&ownId=11 HTTP/1.1" 200 (24 ms)
[17/Sep/2022:17:35:23 +0800] 0:0:0:0:0:0:0:1 "GET /budget/division/tree?rootId=&ownId=11 HTTP/1.1" 200 (22 ms)
[17/Sep/2022:17:37:05 +0800] 0:0:0:0:0:0:0:1 "GET /project/tree?rootId=0 HTTP/1.1" 200 (48 ms)
[17/Sep/2022:17:37:05 +0800] 0:0:0:0:0:0:0:1 "GET /budget/division/tree?rootId=0&ownId=3 HTTP/1.1" 200 (17 ms)
[17/Sep/2022:17:37:16 +0800] 0:0:0:0:0:0:0:1 "GET /project/tree?rootId=0 HTTP/1.1" 200 (49 ms)
[17/Sep/2022:17:37:16 +0800] 0:0:0:0:0:0:0:1 "GET /budget/division/tree?rootId=0&ownId=3 HTTP/1.1" 200 (45 ms)
[17/Sep/2022:17:37:21 +0800] 0:0:0:0:0:0:0:1 "GET /budget/division/tree?rootId=0&ownId=6 HTTP/1.1" 200 (17 ms)
[17/Sep/2022:17:37:44 +0800] 0:0:0:0:0:0:0:1 "GET /budget/division/tree?rootId=0&ownId=11 HTTP/1.1" 200 (23 ms)
[17/Sep/2022:17:38:19 +0800] 0:0:0:0:0:0:0:1 "GET /project/tree?rootId=0 HTTP/1.1" 200 (24 ms)
[17/Sep/2022:17:38:25 +0800] 0:0:0:0:0:0:0:1 "GET /project/tree?rootId=0 HTTP/1.1" 200 (27 ms)
[17/Sep/2022:17:38:25 +0800] 0:0:0:0:0:0:0:1 "GET /budget/division/tree?ownId=3 HTTP/1.1" 200 (25 ms)
[17/Sep/2022:17:38:32 +0800] 0:0:0:0:0:0:0:1 "GET /budget/division/tree?ownId=6 HTTP/1.1" 200 (17 ms)
[17/Sep/2022:17:39:13 +0800] 0:0:0:0:0:0:0:1 "GET /project/tree?rootId=0 HTTP/1.1" 200 (23 ms)
[17/Sep/2022:17:39:13 +0800] 0:0:0:0:0:0:0:1 "GET /budget/division/tree?ownId=3 HTTP/1.1" 200 (19 ms)
[17/Sep/2022:17:39:32 +0800] 0:0:0:0:0:0:0:1 "GET /project/fetch?ownId=0 HTTP/1.1" 200 (24 ms)
[17/Sep/2022:17:40:22 +0800] 0:0:0:0:0:0:0:1 "GET /project/fetch?ownId=0 HTTP/1.1" 200 (32 ms)
[17/Sep/2022:17:41:18 +0800] 0:0:0:0:0:0:0:1 "GET /project/fetch?ownId=0 HTTP/1.1" 200 (27 ms)
[17/Sep/2022:17:41:18 +0800] 0:0:0:0:0:0:0:1 "GET /project/tree?ownId=3&rootId=3 HTTP/1.1" 200 (19 ms)
[17/Sep/2022:17:41:25 +0800] 0:0:0:0:0:0:0:1 "GET /project/tree?ownId=2&rootId=2 HTTP/1.1" 200 (20 ms)
[17/Sep/2022:17:42:06 +0800] 0:0:0:0:0:0:0:1 "GET /project/tree?ownId=2&rootId=2 HTTP/1.1" 200 (24 ms)
[17/Sep/2022:17:42:43 +0800] 0:0:0:0:0:0:0:1 "GET /project/tree?ownId=2&rootId=2 HTTP/1.1" 200 (25 ms)
[17/Sep/2022:17:46:16 +0800] 0:0:0:0:0:0:0:1 "GET /project/fetch?ownId=0 HTTP/1.1" 200 (31 ms)
[17/Sep/2022:17:46:16 +0800] 0:0:0:0:0:0:0:1 "GET /project/tree?ownId=3&rootId=3 HTTP/1.1" 200 (37 ms)
[17/Sep/2022:17:46:19 +0800] 0:0:0:0:0:0:0:1 "GET /project/tree?ownId=4&rootId=4 HTTP/1.1" 200 (16 ms)
[17/Sep/2022:17:46:20 +0800] 0:0:0:0:0:0:0:1 "GET /project/tree?ownId=6&rootId=6 HTTP/1.1" 200 (16 ms)
[17/Sep/2022:17:46:21 +0800] 0:0:0:0:0:0:0:1 "GET /project/tree?ownId=2&rootId=2 HTTP/1.1" 200 (19 ms)
[17/Sep/2022:17:46:37 +0800] 0:0:0:0:0:0:0:1 "GET /project/tree?ownId=3&rootId=3 HTTP/1.1" 200 (18 ms)
[17/Sep/2022:17:46:37 +0800] 0:0:0:0:0:0:0:1 "GET /project/tree?ownId=4&rootId=4 HTTP/1.1" 200 (16 ms)
[17/Sep/2022:17:46:38 +0800] 0:0:0:0:0:0:0:1 "GET /project/tree?ownId=6&rootId=6 HTTP/1.1" 200 (16 ms)
[17/Sep/2022:17:46:38 +0800] 0:0:0:0:0:0:0:1 "GET /project/tree?ownId=2&rootId=2 HTTP/1.1" 200 (19 ms)
[17/Sep/2022:17:49:08 +0800] 0:0:0:0:0:0:0:1 "GET /project/fetch?ownId=0 HTTP/1.1" 200 (39 ms)
[17/Sep/2022:17:49:09 +0800] 0:0:0:0:0:0:0:1 "GET /project/tree?ownId=3&rootId=3 HTTP/1.1" 200 (28 ms)
[17/Sep/2022:17:49:12 +0800] 0:0:0:0:0:0:0:1 "GET /project/fetch?ownId=0 HTTP/1.1" 200 (23 ms)
[17/Sep/2022:17:49:32 +0800] 0:0:0:0:0:0:0:1 "GET /project/fetch?ownId=0 HTTP/1.1" 200 (20 ms)
[17/Sep/2022:17:49:32 +0800] 0:0:0:0:0:0:0:1 "GET /project/tree?ownId=3&rootId=3 HTTP/1.1" 200 (20 ms)
[17/Sep/2022:17:52:05 +0800] 0:0:0:0:0:0:0:1 "GET /project/tree?ownId=2&rootId=2 HTTP/1.1" 200 (24 ms)
[17/Sep/2022:17:52:37 +0800] 0:0:0:0:0:0:0:1 "GET /project/fetch?ownId=0 HTTP/1.1" 200 (26 ms)
[17/Sep/2022:17:52:53 +0800] 0:0:0:0:0:0:0:1 "GET /project/fetch?ownId=0 HTTP/1.1" 200 (21 ms)
[17/Sep/2022:17:52:53 +0800] 0:0:0:0:0:0:0:1 "GET /project/tree?ownId=3&rootId=3 HTTP/1.1" 200 (19 ms)
[17/Sep/2022:17:52:56 +0800] 0:0:0:0:0:0:0:1 "GET /project/tree?rootId=0 HTTP/1.1" 200 (25 ms)
[17/Sep/2022:17:52:56 +0800] 0:0:0:0:0:0:0:1 "GET /budget/division/tree?ownId=3 HTTP/1.1" 200 (15 ms)
[17/Sep/2022:17:53:18 +0800] 0:0:0:0:0:0:0:1 "GET /budget/division/tree?ownId=2 HTTP/1.1" 200 (15 ms)
[17/Sep/2022:17:53:19 +0800] 0:0:0:0:0:0:0:1 "GET /budget/division/tree?ownId=9 HTTP/1.1" 200 (14 ms)
[17/Sep/2022:17:53:20 +0800] 0:0:0:0:0:0:0:1 "GET /budget/division/tree?ownId=11 HTTP/1.1" 200 (18 ms)
[17/Sep/2022:17:53:30 +0800] 0:0:0:0:0:0:0:1 "GET /budget/division/tree?ownId=11 HTTP/1.1" 200 (18 ms)
[17/Sep/2022:17:53:37 +0800] 0:0:0:0:0:0:0:1 "GET /budget/division/tree?ownId=11 HTTP/1.1" 200 (20 ms)
[17/Sep/2022:18:01:00 +0800] 0:0:0:0:0:0:0:1 "GET /project/fetch?ownId=0 HTTP/1.1" 200 (34 ms)
[17/Sep/2022:18:01:00 +0800] 0:0:0:0:0:0:0:1 "GET /project/tree?ownId=3&rootId=3 HTTP/1.1" 200 (22 ms)
[17/Sep/2022:18:01:00 +0800] 0:0:0:0:0:0:0:1 "GET /project/tree?ownId=2&rootId=2 HTTP/1.1" 200 (17 ms)
[17/Sep/2022:18:01:07 +0800] 0:0:0:0:0:0:0:1 "GET /project/tree?rootId=0 HTTP/1.1" 200 (23 ms)
[17/Sep/2022:18:01:07 +0800] 0:0:0:0:0:0:0:1 "GET /budget/division/tree?ownId=3 HTTP/1.1" 200 (16 ms)
[17/Sep/2022:19:39:17 +0800] 0:0:0:0:0:0:0:1 "GET /budget/division/tree?ownId=4 HTTP/1.1" 200 (145 ms)
[17/Sep/2022:19:40:08 +0800] 0:0:0:0:0:0:0:1 "GET /project/tree?rootId=0 HTTP/1.1" 200 (30 ms)
[17/Sep/2022:19:40:08 +0800] 0:0:0:0:0:0:0:1 "GET /budget/division/tree?ownId=3 HTTP/1.1" 200 (22 ms)
[17/Sep/2022:19:40:49 +0800] 0:0:0:0:0:0:0:1 "GET /project/fetch?ownId=0 HTTP/1.1" 200 (23 ms)
[17/Sep/2022:19:40:49 +0800] 0:0:0:0:0:0:0:1 "GET /project/tree?ownId=3&rootId=3 HTTP/1.1" 200 (20 ms)
[17/Sep/2022:19:40:51 +0800] 0:0:0:0:0:0:0:1 "GET /project/tree?ownId=2&rootId=2 HTTP/1.1" 200 (19 ms)
[17/Sep/2022:19:41:57 +0800] 0:0:0:0:0:0:0:1 "GET /project/tree?ownId=2&rootId=2 HTTP/1.1" 200 (30 ms)
[17/Sep/2022:19:44:24 +0800] 0:0:0:0:0:0:0:1 "GET /project/tree?rootId=0 HTTP/1.1" 200 (41 ms)
[17/Sep/2022:19:44:24 +0800] 0:0:0:0:0:0:0:1 "GET /budget/division/tree?ownId=3 HTTP/1.1" 200 (22 ms)
[17/Sep/2022:19:44:28 +0800] 0:0:0:0:0:0:0:1 "GET /project/fetch?ownId=0 HTTP/1.1" 200 (25 ms)
[17/Sep/2022:19:44:28 +0800] 0:0:0:0:0:0:0:1 "GET /project/tree?ownId=3&rootId=3 HTTP/1.1" 200 (27 ms)
[17/Sep/2022:19:44:29 +0800] 0:0:0:0:0:0:0:1 "GET /project/tree?ownId=2&rootId=2 HTTP/1.1" 200 (19 ms)
[17/Sep/2022:20:45:32 +0800] 0:0:0:0:0:0:0:1 "GET /project/fetch?ownId=0 HTTP/1.1" 200 (1246 ms)
[17/Sep/2022:20:45:32 +0800] 0:0:0:0:0:0:0:1 "GET /project/tree?ownId=3&rootId=3 HTTP/1.1" 200 (71 ms)
[17/Sep/2022:20:45:38 +0800] 0:0:0:0:0:0:0:1 "GET /project/tree?rootId=0 HTTP/1.1" 200 (35 ms)
[17/Sep/2022:20:45:38 +0800] 0:0:0:0:0:0:0:1 "GET /budget/division/tree?ownId=3 HTTP/1.1" 200 (26 ms)
[17/Sep/2022:20:45:44 +0800] 0:0:0:0:0:0:0:1 "GET /budget/division/tree?ownId=11 HTTP/1.1" 200 (22 ms)
[17/Sep/2022:20:45:46 +0800] 0:0:0:0:0:0:0:1 "GET /budget/division/tree?ownId=8 HTTP/1.1" 200 (17 ms)
[17/Sep/2022:20:45:47 +0800] 0:0:0:0:0:0:0:1 "GET /budget/division/tree?ownId=11 HTTP/1.1" 200 (23 ms)
[17/Sep/2022:20:46:01 +0800] 0:0:0:0:0:0:0:1 "GET /budget/division/tree?ownId=11 HTTP/1.1" 200 (19 ms)
[17/Sep/2022:20:47:24 +0800] 0:0:0:0:0:0:0:1 "GET /project/tree?rootId=0 HTTP/1.1" 200 (43 ms)
[17/Sep/2022:20:47:24 +0800] 0:0:0:0:0:0:0:1 "GET /budget/division/tree?ownId=0&selectId=3 HTTP/1.1" 200 (15 ms)
[17/Sep/2022:20:48:40 +0800] 0:0:0:0:0:0:0:1 "GET /budget/division/tree?ownId=2&selectId=11 HTTP/1.1" 200 (19 ms)
[17/Sep/2022:20:48:47 +0800] 0:0:0:0:0:0:0:1 "GET /project/tree?rootId=0 HTTP/1.1" 200 (45 ms)
[17/Sep/2022:20:48:48 +0800] 0:0:0:0:0:0:0:1 "GET /budget/division/tree?ownId=0&selectId=3 HTTP/1.1" 200 (37 ms)
[17/Sep/2022:20:49:13 +0800] 0:0:0:0:0:0:0:1 "GET /budget/division/tree?ownId=0&selectId=2 HTTP/1.1" 200 (24 ms)
[17/Sep/2022:20:53:16 +0800] 0:0:0:0:0:0:0:1 "GET /project/tree?rootId=0 HTTP/1.1" 200 (42 ms)
[17/Sep/2022:20:53:33 +0800] 0:0:0:0:0:0:0:1 "GET /project/fetch?ownId=0 HTTP/1.1" 200 (26 ms)
[17/Sep/2022:20:54:10 +0800] 0:0:0:0:0:0:0:1 "GET /project/fetch?ownId= HTTP/1.1" 500 (52 ms)
[17/Sep/2022:20:54:34 +0800] 0:0:0:0:0:0:0:1 "GET /project/fetch?ownId= HTTP/1.1" 500 (8 ms)
[17/Sep/2022:20:56:12 +0800] 0:0:0:0:0:0:0:1 "GET /project/fetch?ownId= HTTP/1.1" 500 (55 ms)
[17/Sep/2022:21:00:37 +0800] 0:0:0:0:0:0:0:1 "GET /project/fetch?ownId= HTTP/1.1" 200 (1168 ms)
[17/Sep/2022:21:00:45 +0800] 0:0:0:0:0:0:0:1 "GET /project/fetch?ownId= HTTP/1.1" 200 (18 ms)
[17/Sep/2022:21:05:52 +0800] 0:0:0:0:0:0:0:1 "GET /project/fetch?ownId=0 HTTP/1.1" 200 (57 ms)
[17/Sep/2022:21:06:11 +0800] 0:0:0:0:0:0:0:1 "GET /project/fetch?ownId=0 HTTP/1.1" 200 (31 ms)
[17/Sep/2022:21:06:11 +0800] 0:0:0:0:0:0:0:1 "GET /project/tree?ownId=3&rootId=3 HTTP/1.1" 200 (29 ms)
[17/Sep/2022:21:06:12 +0800] 0:0:0:0:0:0:0:1 "GET /project/tree?ownId=2&rootId=2 HTTP/1.1" 200 (21 ms)
[17/Sep/2022:21:06:25 +0800] 0:0:0:0:0:0:0:1 "GET /project/tree?ownId=3&rootId=3 HTTP/1.1" 200 (19 ms)
[17/Sep/2022:21:06:26 +0800] 0:0:0:0:0:0:0:1 "GET /project/tree?ownId=2&rootId=2 HTTP/1.1" 200 (30 ms)
[17/Sep/2022:21:07:09 +0800] 0:0:0:0:0:0:0:1 "GET /project/tree?rootId=0 HTTP/1.1" 200 (19 ms)
[17/Sep/2022:21:07:55 +0800] 0:0:0:0:0:0:0:1 "GET /project/tree?rootId=0 HTTP/1.1" 200 (33 ms)
[17/Sep/2022:21:08:09 +0800] 0:0:0:0:0:0:0:1 "GET /project/tree?rootId=0 HTTP/1.1" 200 (26 ms)
[17/Sep/2022:21:10:07 +0800] 0:0:0:0:0:0:0:1 "GET /project/tree?rootId=0 HTTP/1.1" 200 (22 ms)
[17/Sep/2022:21:10:08 +0800] 0:0:0:0:0:0:0:1 "GET /project/tree?rootId=0 HTTP/1.1" 200 (16 ms)
[17/Sep/2022:21:10:08 +0800] 0:0:0:0:0:0:0:1 "GET /project/tree?rootId=0 HTTP/1.1" 200 (17 ms)
[17/Sep/2022:21:10:08 +0800] 0:0:0:0:0:0:0:1 "GET /project/tree?rootId=0 HTTP/1.1" 200 (16 ms)
[17/Sep/2022:21:10:35 +0800] 0:0:0:0:0:0:0:1 "GET /project/tree?rootId=0 HTTP/1.1" 200 (865 ms)
[17/Sep/2022:21:10:45 +0800] 0:0:0:0:0:0:0:1 "GET /project/tree?rootId=0 HTTP/1.1" 200 (55 ms)
[17/Sep/2022:21:10:45 +0800] 0:0:0:0:0:0:0:1 "GET /budget/division/tree?ownId=0&selectId=3 HTTP/1.1" 200 (64 ms)
[17/Sep/2022:21:10:49 +0800] 0:0:0:0:0:0:0:1 "GET /budget/division/tree?ownId=0&selectId=2 HTTP/1.1" 200 (17 ms)
[17/Sep/2022:21:10:51 +0800] 0:0:0:0:0:0:0:1 "GET /budget/division/tree?ownId=0&selectId=2 HTTP/1.1" 200 (15 ms)
[17/Sep/2022:21:11:01 +0800] 0:0:0:0:0:0:0:1 "GET /budget/division/tree?ownId=0&selectId=2 HTTP/1.1" 200 (23 ms)
[17/Sep/2022:21:14:59 +0800] 0:0:0:0:0:0:0:1 "GET /project/tree?rootId=0 HTTP/1.1" 200 (1267 ms)
[17/Sep/2022:21:14:59 +0800] 0:0:0:0:0:0:0:1 "GET /budget/division/tree?ownId=0&selectId=3 HTTP/1.1" 200 (31 ms)
[17/Sep/2022:21:15:06 +0800] 0:0:0:0:0:0:0:1 "GET /budget/division/tree?ownId=0&selectId=2 HTTP/1.1" 200 (18 ms)
[17/Sep/2022:21:15:37 +0800] 0:0:0:0:0:0:0:1 "GET /budget/division/tree?ownId=0&selectId=2 HTTP/1.1" 200 (19 ms)
[17/Sep/2022:21:15:45 +0800] 0:0:0:0:0:0:0:1 "GET /budget/division/tree?ownId=0&selectId=2 HTTP/1.1" 200 (19 ms)
[17/Sep/2022:21:16:03 +0800] 0:0:0:0:0:0:0:1 "GET /budget/division/tree2?ownId=0&selectId=2 HTTP/1.1" 404 (41 ms)
[17/Sep/2022:21:16:41 +0800] 0:0:0:0:0:0:0:1 "GET /budget/tree2?ownId=0&selectId=2 HTTP/1.1" 200 (3 ms)
[17/Sep/2022:21:19:23 +0800] 0:0:0:0:0:0:0:1 "GET /project/tree?rootId=0 HTTP/1.1" 200 (45 ms)
[17/Sep/2022:21:19:23 +0800] 0:0:0:0:0:0:0:1 "GET /budget/tree2?ownId=0&selectId=3 HTTP/1.1" 200 (2 ms)
[17/Sep/2022:21:24:49 +0800] 0:0:0:0:0:0:0:1 "GET /budget/tree2?ownId=0&selectId=2 HTTP/1.1" 200 (127 ms)
[17/Sep/2022:21:25:24 +0800] 0:0:0:0:0:0:0:1 "GET /budget/tree2?ownId=0&selectId=2 HTTP/1.1" 200 (4 ms)
[17/Sep/2022:21:26:36 +0800] 0:0:0:0:0:0:0:1 "GET /budget/tree2?ownId=0&selectId=2 HTTP/1.1" 200 (870 ms)
[17/Sep/2022:21:27:56 +0800] 0:0:0:0:0:0:0:1 "GET /project/fetch?ownId=0 HTTP/1.1" 200 (63 ms)
[17/Sep/2022:21:27:56 +0800] 0:0:0:0:0:0:0:1 "GET /project/tree?ownId=3&rootId=3 HTTP/1.1" 200 (24 ms)
[17/Sep/2022:21:27:58 +0800] 0:0:0:0:0:0:0:1 "GET /project/tree?ownId=3&rootId=3 HTTP/1.1" 200 (19 ms)
[17/Sep/2022:21:28:23 +0800] 0:0:0:0:0:0:0:1 "GET /project/tree?ownId=2&rootId=2 HTTP/1.1" 200 (21 ms)
[17/Sep/2022:21:28:30 +0800] 0:0:0:0:0:0:0:1 "GET /project/tree?ownId=3&rootId=3 HTTP/1.1" 200 (19 ms)
[17/Sep/2022:21:28:46 +0800] 0:0:0:0:0:0:0:1 "GET /project/tree?ownId=3&rootId=3 HTTP/1.1" 200 (18 ms)
[17/Sep/2022:21:28:53 +0800] 0:0:0:0:0:0:0:1 "GET /project/fetch?ownId=0 HTTP/1.1" 200 (40 ms)
[17/Sep/2022:21:28:53 +0800] 0:0:0:0:0:0:0:1 "GET /project/tree?ownId=3&rootId=3 HTTP/1.1" 200 (34 ms)
[17/Sep/2022:21:28:56 +0800] 0:0:0:0:0:0:0:1 "GET /project/tree?rootId=0 HTTP/1.1" 200 (28 ms)
[17/Sep/2022:21:28:56 +0800] 0:0:0:0:0:0:0:1 "GET /budget/tree2?ownId=0&selectId=3 HTTP/1.1" 200 (36 ms)
[17/Sep/2022:21:28:59 +0800] 0:0:0:0:0:0:0:1 "GET /budget/tree2?ownId=0&selectId=3 HTTP/1.1" 200 (23 ms)
[17/Sep/2022:21:29:04 +0800] 0:0:0:0:0:0:0:1 "GET /budget/tree2?ownId=0&selectId=3 HTTP/1.1" 200 (27 ms)
[17/Sep/2022:21:29:22 +0800] 0:0:0:0:0:0:0:1 "GET /budget/tree2?ownId=0&selectId=2 HTTP/1.1" 200 (28 ms)
[17/Sep/2022:21:31:19 +0800] 0:0:0:0:0:0:0:1 "GET /budget/tree2?ownId=0&selectId=2 HTTP/1.1" 200 (907 ms)
[17/Sep/2022:21:35:05 +0800] 0:0:0:0:0:0:0:1 "GET /budget/tree2?ownId=0&selectId=2 HTTP/1.1" 200 (869 ms)
[17/Sep/2022:21:37:12 +0800] 0:0:0:0:0:0:0:1 "GET /budget/tree2?ownId=0&selectId=2 HTTP/1.1" 200 (876 ms)
